16:40:15.341 - INFO - UTILS - version=1.9.1
16:40:15.341 - INFO - UTILS - developer: Oliver Schwengers, github.com/oschwengers
16:40:15.341 - INFO - UTILS - command: /n/home07/lmerk/.conda/envs/bakta/bin/bakta --force --db /n/eddy_lab/users/lmerk/databases/full/db -o ../data/bakta_output/MT835550 ../data/genomes/groupII_millard/MT835550/MT835550.fna
16:40:15.342 - INFO - UTILS - local time: 2024-03-13 16:40:15
16:40:15.347 - INFO - UTILS - machine: type=x86_64, cores=64
16:40:15.347 - INFO - UTILS - system: type=Linux, release=4.18.0-425.10.1.el8_7.x86_64
16:40:15.347 - INFO - UTILS - python: version=3.10.13, implementation=CPython
16:40:15.347 - INFO - CONFIG - threads=64
16:40:15.347 - INFO - CONFIG - verbose=False
16:40:15.348 - INFO - CONFIG - debug=False
16:40:15.352 - INFO - CONFIG - database: type=parameter, path=/net/holy-nfsisilon/ifs/rc_labs/eddy_lab/users/lmerk/databases/full/db
16:40:15.353 - INFO - CONFIG - tmp-path=/tmp/tmpqc1iarj6
16:40:15.360 - INFO - CONFIG - genome-path=/net/holy-nfsisilon/ifs/rc_labs/eddy_lab/users/lmerk/phage_groupII/data/genomes/groupII_millard/MT835550/MT835550.fna
16:40:15.360 - INFO - CONFIG - min_contig_length=1
16:40:15.361 - INFO - CONFIG - prefix=MT835550
16:40:15.361 - INFO - CONFIG - output-path=/net/holy-nfsisilon/ifs/rc_labs/eddy_lab/users/lmerk/phage_groupII/data/bakta_output/MT835550
16:40:15.361 - INFO - CONFIG - force=True
16:40:15.361 - INFO - CONFIG - genus=None
16:40:15.361 - INFO - CONFIG - species=None
16:40:15.361 - INFO - CONFIG - strain=None
16:40:15.361 - INFO - CONFIG - plasmid=None
16:40:15.361 - INFO - CONFIG - complete=False
16:40:15.361 - INFO - CONFIG - prodigal_tf=None
16:40:15.361 - INFO - CONFIG - translation_table=11
16:40:15.361 - INFO - CONFIG - gram=?
16:40:15.361 - INFO - CONFIG - compliant=False
16:40:15.362 - INFO - CONFIG - meta=False
16:40:15.362 - INFO - CONFIG - locus=None
16:40:15.362 - INFO - CONFIG - locus-tag=None
16:40:15.362 - INFO - CONFIG - keep_contig_headers=False
16:40:15.362 - INFO - CONFIG - replicon-table=None
16:40:15.362 - INFO - CONFIG - regions=None
16:40:15.362 - INFO - CONFIG - skip-tRNA=False
16:40:15.362 - INFO - CONFIG - skip-tmRNA=False
16:40:15.362 - INFO - CONFIG - skip-rRNA=False
16:40:15.362 - INFO - CONFIG - skip-ncRNA=False
16:40:15.362 - INFO - CONFIG - skip-ncRNA-region=False
16:40:15.362 - INFO - CONFIG - skip-CRISPR=False
16:40:15.362 - INFO - CONFIG - skip-CDS=False
16:40:15.362 - INFO - CONFIG - skip-pseudo=False
16:40:15.362 - INFO - CONFIG - skip-sORF=False
16:40:15.363 - INFO - CONFIG - skip-gap=False
16:40:15.363 - INFO - CONFIG - skip-ori=False
16:40:15.363 - INFO - CONFIG - skip-plot=False
16:40:15.365 - INFO - DB - detected: major=5, minor=0, type=full, date=2023-02-20
16:40:15.963 - INFO - UTILS - dependency: tool=tRNAscan-SE, version=v2.0.12, path=/n/home07/lmerk/.conda/envs/bakta/bin/tRNAscan-SE
16:40:15.970 - INFO - UTILS - dependency: tool=Aragorn, version=v1.2.41, path=/n/home07/lmerk/.conda/envs/bakta/bin/aragorn
16:40:15.981 - INFO - UTILS - dependency: tool=CMscan, version=v1.1.4, path=/n/home07/lmerk/goodies/bin/cmscan
16:40:15.997 - INFO - UTILS - dependency: tool=PilerCR, version=v1.6.0, path=/n/home07/lmerk/.conda/envs/bakta/bin/pilercr
16:40:17.172 - INFO - UTILS - dependency: tool=Pyrodigal, version=v3.2.1, path=/n/home07/lmerk/.conda/envs/bakta/bin/pyrodigal
16:40:17.188 - INFO - UTILS - dependency: tool=AMRFinderPlus, version=v3.11.26, path=/n/home07/lmerk/.conda/envs/bakta/bin/amrfinder
16:40:17.685 - INFO - UTILS - dependency: tool=Pyhmmer, version=v0.10.4, path=/n/home07/lmerk/.conda/envs/bakta/bin/python
16:40:17.705 - INFO - UTILS - dependency: tool=Diamond, version=v2.1.8, path=/n/home07/lmerk/.conda/envs/bakta/bin/diamond
16:40:18.063 - INFO - UTILS - dependency: tool=Blastn, version=v2.15.0, path=/n/home07/lmerk/.conda/envs/bakta/bin/blastn
16:40:20.246 - INFO - UTILS - dependency: tool=Circos, version=v0.69.8, path=/n/home07/lmerk/.conda/envs/bakta/bin/circos
16:40:20.363 - INFO - FASTA - imported: id=MT835550, length=34009, description=, genomic=True, dna=True
16:40:20.363 - INFO - MAIN - imported sequences=1
16:40:20.363 - INFO - UTILS - qc: revised sequence: id=contig_1, orig-id=MT835550, type=contig, complete=False, topology=linear, name=, description='[gcode=11] [topology=linear]', orig-description=''
16:40:20.363 - INFO - FASTA - write genome sequences: path=/tmp/tmpqc1iarj6/contigs.fna, description=False, wrap=False
16:40:21.430 - INFO - T_RNA - predicted=0
16:40:21.472 - INFO - TM_RNA - predicted=0
16:40:21.640 - INFO - R_RNA - predicted=0
16:40:22.624 - INFO - NC_RNA - predicted=0
16:40:22.904 - INFO - NC_RNA_REGION - predicted=0
16:40:22.942 - INFO - CRISPR - predicted=0
16:40:22.942 - INFO - CDS - create prodigal training info object: meta=False, closed=True
16:40:23.011 - INFO - CDS - contig=contig_1, start=31, stop=402, strand=+, frame=1, truncated=no, start-type=GTG, RBS-motif=GGAG/GAGG
16:40:23.011 - INFO - CDS - contig=contig_1, start=399, stop=1013, strand=+, frame=3, truncated=no, start-type=ATG, RBS-motif=GGAGG
16:40:23.012 - INFO - CDS - contig=contig_1, start=1452, stop=1712, strand=+, frame=3, truncated=no, start-type=ATG, RBS-motif=AGGA
16:40:23.012 - INFO - CDS - contig=contig_1, start=1772, stop=2410, strand=+, frame=2, truncated=no, start-type=ATG, RBS-motif=AGGA
16:40:23.012 - INFO - CDS - contig=contig_1, start=2416, stop=2877, strand=+, frame=1, truncated=no, start-type=ATG, RBS-motif=GGA/GAG/AGG
16:40:23.012 - INFO - CDS - contig=contig_1, start=3000, stop=3125, strand=-, frame=3, truncated=no, start-type=TTG, RBS-motif=GGA/GAG/AGG
16:40:23.012 - INFO - CDS - contig=contig_1, start=3180, stop=3500, strand=+, frame=3, truncated=no, start-type=GTG, RBS-motif=GGA/GAG/AGG
16:40:23.012 - INFO - CDS - contig=contig_1, start=3512, stop=4312, strand=+, frame=2, truncated=no, start-type=TTG, RBS-motif=GGAG/GAGG
16:40:23.012 - INFO - CDS - contig=contig_1, start=4343, stop=5083, strand=+, frame=2, truncated=no, start-type=ATG, RBS-motif=GGA/GAG/AGG
16:40:23.012 - INFO - CDS - contig=contig_1, start=5175, stop=5390, strand=-, frame=3, truncated=no, start-type=TTG, RBS-motif=GGA/GAG/AGG
16:40:23.013 - INFO - CDS - contig=contig_1, start=5387, stop=5869, strand=-, frame=1, truncated=no, start-type=GTG, RBS-motif=None
16:40:23.013 - INFO - CDS - contig=contig_1, start=5966, stop=6379, strand=-, frame=1, truncated=no, start-type=ATG, RBS-motif=AGGA
16:40:23.013 - INFO - CDS - contig=contig_1, start=6407, stop=6847, strand=+, frame=2, truncated=no, start-type=TTG, RBS-motif=GGA/GAG/AGG
16:40:23.013 - INFO - CDS - contig=contig_1, start=6836, stop=7213, strand=-, frame=1, truncated=no, start-type=GTG, RBS-motif=GGAG/GAGG
16:40:23.013 - INFO - CDS - contig=contig_1, start=7530, stop=8843, strand=+, frame=3, truncated=no, start-type=GTG, RBS-motif=GGA/GAG/AGG
16:40:23.013 - INFO - CDS - contig=contig_1, start=8812, stop=9081, strand=+, frame=1, truncated=no, start-type=ATG, RBS-motif=None
16:40:23.013 - INFO - CDS - contig=contig_1, start=9086, stop=9334, strand=-, frame=1, truncated=no, start-type=ATG, RBS-motif=GGAG/GAGG
16:40:23.013 - INFO - CDS - contig=contig_1, start=9673, stop=9771, strand=+, frame=1, truncated=no, start-type=GTG, RBS-motif=GGAG/GAGG
16:40:23.014 - INFO - CDS - contig=contig_1, start=9792, stop=10127, strand=+, frame=3, truncated=no, start-type=GTG, RBS-motif=AGGAG
16:40:23.014 - INFO - CDS - contig=contig_1, start=10145, stop=10909, strand=-, frame=1, truncated=no, start-type=TTG, RBS-motif=None
16:40:23.014 - INFO - CDS - contig=contig_1, start=11006, stop=11602, strand=+, frame=2, truncated=no, start-type=GTG, RBS-motif=AGGA/GGAG/GAGG
16:40:23.014 - INFO - CDS - contig=contig_1, start=11610, stop=11876, strand=+, frame=3, truncated=no, start-type=ATG, RBS-motif=AGGA
16:40:23.014 - INFO - CDS - contig=contig_1, start=12094, stop=12426, strand=+, frame=1, truncated=no, start-type=ATG, RBS-motif=None
16:40:23.014 - INFO - CDS - contig=contig_1, start=12837, stop=12929, strand=+, frame=3, truncated=no, start-type=ATG, RBS-motif=GGA/GAG/AGG
16:40:23.014 - INFO - CDS - contig=contig_1, start=12972, stop=13274, strand=+, frame=3, truncated=no, start-type=GTG, RBS-motif=None
16:40:23.014 - INFO - CDS - contig=contig_1, start=13271, stop=13612, strand=+, frame=2, truncated=no, start-type=ATG, RBS-motif=GGA/GAG/AGG
16:40:23.015 - INFO - CDS - contig=contig_1, start=13614, stop=13859, strand=+, frame=3, truncated=no, start-type=ATG, RBS-motif=AGGA
16:40:23.015 - INFO - CDS - contig=contig_1, start=13856, stop=14077, strand=+, frame=2, truncated=no, start-type=ATG, RBS-motif=GGAGG
16:40:23.015 - INFO - CDS - contig=contig_1, start=14074, stop=14490, strand=+, frame=1, truncated=no, start-type=ATG, RBS-motif=GGA/GAG/AGG
16:40:23.015 - INFO - CDS - contig=contig_1, start=14576, stop=14881, strand=-, frame=1, truncated=no, start-type=ATG, RBS-motif=4Base/6BMM
16:40:23.015 - INFO - CDS - contig=contig_1, start=14900, stop=15151, strand=-, frame=1, truncated=no, start-type=ATG, RBS-motif=None
16:40:23.015 - INFO - CDS - contig=contig_1, start=15209, stop=15643, strand=-, frame=1, truncated=no, start-type=ATG, RBS-motif=None
16:40:23.015 - INFO - CDS - contig=contig_1, start=15755, stop=16303, strand=-, frame=1, truncated=no, start-type=ATG, RBS-motif=GGAGG
16:40:23.015 - INFO - CDS - contig=contig_1, start=16613, stop=17143, strand=+, frame=2, truncated=no, start-type=GTG, RBS-motif=None
16:40:23.015 - INFO - CDS - contig=contig_1, start=17140, stop=17283, strand=+, frame=1, truncated=no, start-type=ATG, RBS-motif=None
16:40:23.016 - INFO - CDS - contig=contig_1, start=17246, stop=17524, strand=-, frame=1, truncated=no, start-type=ATG, RBS-motif=AGGAG
16:40:23.016 - INFO - CDS - contig=contig_1, start=17538, stop=17936, strand=-, frame=3, truncated=no, start-type=ATG, RBS-motif=AGGAG
16:40:23.016 - INFO - CDS - contig=contig_1, start=17965, stop=18405, strand=-, frame=2, truncated=no, start-type=ATG, RBS-motif=GGAG/GAGG
16:40:23.016 - INFO - CDS - contig=contig_1, start=18438, stop=19679, strand=-, frame=3, truncated=no, start-type=GTG, RBS-motif=None
16:40:23.016 - INFO - CDS - contig=contig_1, start=20022, stop=20381, strand=-, frame=3, truncated=no, start-type=ATG, RBS-motif=None
16:40:23.016 - INFO - CDS - contig=contig_1, start=20441, stop=20644, strand=-, frame=1, truncated=no, start-type=ATG, RBS-motif=GGA/GAG/AGG
16:40:23.016 - INFO - CDS - contig=contig_1, start=20695, stop=23265, strand=+, frame=1, truncated=no, start-type=ATG, RBS-motif=AGGAG
16:40:23.016 - INFO - CDS - contig=contig_1, start=23523, stop=23885, strand=-, frame=3, truncated=no, start-type=ATG, RBS-motif=GGAG/GAGG
16:40:23.017 - INFO - CDS - contig=contig_1, start=23918, stop=24316, strand=+, frame=2, truncated=no, start-type=ATG, RBS-motif=None
16:40:23.017 - INFO - CDS - contig=contig_1, start=24436, stop=24696, strand=-, frame=2, truncated=no, start-type=ATG, RBS-motif=None
16:40:23.017 - INFO - CDS - contig=contig_1, start=24693, stop=25310, strand=-, frame=3, truncated=no, start-type=ATG, RBS-motif=AGGAG
16:40:23.017 - INFO - CDS - contig=contig_1, start=25350, stop=25706, strand=-, frame=3, truncated=no, start-type=ATG, RBS-motif=GGAG/GAGG
16:40:23.017 - INFO - CDS - contig=contig_1, start=25749, stop=26669, strand=-, frame=3, truncated=no, start-type=ATG, RBS-motif=AGGA/GGAG/GAGG
16:40:23.017 - INFO - CDS - contig=contig_1, start=26880, stop=27140, strand=+, frame=3, truncated=no, start-type=ATG, RBS-motif=None
16:40:23.017 - INFO - CDS - contig=contig_1, start=27134, stop=27745, strand=-, frame=1, truncated=no, start-type=ATG, RBS-motif=GGAGG
16:40:23.017 - INFO - CDS - contig=contig_1, start=27742, stop=28320, strand=-, frame=2, truncated=no, start-type=ATG, RBS-motif=None
16:40:23.018 - INFO - CDS - contig=contig_1, start=28317, stop=29165, strand=-, frame=3, truncated=no, start-type=ATG, RBS-motif=None
16:40:23.018 - INFO - CDS - contig=contig_1, start=29187, stop=29687, strand=+, frame=3, truncated=no, start-type=TTG, RBS-motif=None
16:40:23.018 - INFO - CDS - contig=contig_1, start=29661, stop=30125, strand=-, frame=3, truncated=no, start-type=ATG, RBS-motif=GGAGG
16:40:23.018 - INFO - CDS - contig=contig_1, start=30128, stop=30952, strand=-, frame=1, truncated=no, start-type=ATG, RBS-motif=GGAG/GAGG
16:40:23.018 - INFO - CDS - contig=contig_1, start=30975, stop=31637, strand=-, frame=3, truncated=no, start-type=ATG, RBS-motif=AGGA
16:40:23.018 - INFO - CDS - contig=contig_1, start=31677, stop=32369, strand=-, frame=3, truncated=no, start-type=GTG, RBS-motif=None
16:40:23.018 - INFO - CDS - contig=contig_1, start=32354, stop=32521, strand=-, frame=1, truncated=no, start-type=TTG, RBS-motif=GGA/GAG/AGG
16:40:23.018 - INFO - CDS - contig=contig_1, start=32575, stop=32865, strand=+, frame=1, truncated=no, start-type=ATG, RBS-motif=AGGA
16:40:23.019 - INFO - CDS - contig=contig_1, start=32862, stop=33128, strand=-, frame=3, truncated=no, start-type=TTG, RBS-motif=GGAG/GAGG
16:40:23.019 - INFO - CDS - contig=contig_1, start=33122, stop=33910, strand=-, frame=1, truncated=no, start-type=ATG, RBS-motif=GGAG/GAGG
16:40:23.019 - INFO - CDS - contig=contig_1, start=31, stop=402, strand=+, nt=[GTGGTCAATG..CGGCCGATGA]
16:40:23.019 - INFO - CDS - contig=contig_1, start=399, stop=1013, strand=+, nt=[ATGACGGGTC..CTCGAACTGA]
16:40:23.019 - INFO - CDS - contig=contig_1, start=1452, stop=1712, strand=+, nt=[ATGCGTAATC..AGACCAATAG]
16:40:23.019 - INFO - CDS - contig=contig_1, start=1772, stop=2410, strand=+, nt=[ATGACATCAA..GAACAGGTGA]
16:40:23.019 - INFO - CDS - contig=contig_1, start=2416, stop=2877, strand=+, nt=[ATGAAGAAAA..GGGAGAATGA]
16:40:23.019 - INFO - CDS - contig=contig_1, start=3000, stop=3125, strand=-, nt=[TTGCTGTTCC..CTGGCACTGA]
16:40:23.019 - INFO - CDS - contig=contig_1, start=3180, stop=3500, strand=+, nt=[GTGACCTTCG..CTGGTTTTGA]
16:40:23.019 - INFO - CDS - contig=contig_1, start=3512, stop=4312, strand=+, nt=[TTGCATTCAC..CGGCCAATGA]
16:40:23.019 - INFO - CDS - contig=contig_1, start=4343, stop=5083, strand=+, nt=[ATGCCTGAAC..GATCGGCTGA]
16:40:23.020 - INFO - CDS - contig=contig_1, start=5175, stop=5390, strand=-, nt=[TTGAAATCAT..CCGTTTTTGA]
16:40:23.020 - INFO - CDS - contig=contig_1, start=5387, stop=5869, strand=-, nt=[GTGGTAGGCG..CCTGGTTTGA]
16:40:23.020 - INFO - CDS - contig=contig_1, start=5966, stop=6379, strand=-, nt=[ATGATCGATC..GGCTTCGTGA]
16:40:23.020 - INFO - CDS - contig=contig_1, start=6407, stop=6847, strand=+, nt=[TTGCTACAGA..ATTCTATTAG]
16:40:23.020 - INFO - CDS - contig=contig_1, start=6836, stop=7213, strand=-, nt=[GTGACGGCTC..AATAGAATAG]
16:40:23.020 - INFO - CDS - contig=contig_1, start=7530, stop=8843, strand=+, nt=[GTGGCGCTTA..CGCCGGGTGA]
16:40:23.020 - INFO - CDS - contig=contig_1, start=8812, stop=9081, strand=+, nt=[ATGTGGCGAA..CCGTAAGTAG]
16:40:23.020 - INFO - CDS - contig=contig_1, start=9086, stop=9334, strand=-, nt=[ATGCCCGACA..CAGGGCCTAA]
16:40:23.020 - INFO - CDS - contig=contig_1, start=9673, stop=9771, strand=+, nt=[GTGCGCAAGG..GCGCCGGTAG]
16:40:23.020 - INFO - CDS - contig=contig_1, start=9792, stop=10127, strand=+, nt=[GTGCAAGTCC..AATCCGGTGA]
16:40:23.020 - INFO - CDS - contig=contig_1, start=10145, stop=10909, strand=-, nt=[TTGTCCCGTT..CAGGATCTGA]
16:40:23.020 - INFO - CDS - contig=contig_1, start=11006, stop=11602, strand=+, nt=[GTGATTATCG..CCCAAGGTAG]
16:40:23.021 - INFO - CDS - contig=contig_1, start=11610, stop=11876, strand=+, nt=[ATGCGGGAAT..GCGCGGTTAA]
16:40:23.021 - INFO - CDS - contig=contig_1, start=12094, stop=12426, strand=+, nt=[ATGCAAAGTG..CAGGCTTTGA]
16:40:23.021 - INFO - CDS - contig=contig_1, start=12837, stop=12929, strand=+, nt=[ATGGCAGGAG..GACTGAGTGA]
16:40:23.021 - INFO - CDS - contig=contig_1, start=12972, stop=13274, strand=+, nt=[GTGGCGGAAG..TATGCAATGA]
16:40:23.021 - INFO - CDS - contig=contig_1, start=13271, stop=13612, strand=+, nt=[ATGATGGTCC..AGGACACTGA]
16:40:23.021 - INFO - CDS - contig=contig_1, start=13614, stop=13859, strand=+, nt=[ATGGGCTGTA..GGCGGAATGA]
16:40:23.021 - INFO - CDS - contig=contig_1, start=13856, stop=14077, strand=+, nt=[ATGATGATGA..AGAGCCATGA]
16:40:23.021 - INFO - CDS - contig=contig_1, start=14074, stop=14490, strand=+, nt=[ATGAACGGGG..AGGAACATGA]
16:40:23.021 - INFO - CDS - contig=contig_1, start=14576, stop=14881, strand=-, nt=[ATGGCGCCCA..CTGGGATTGA]
16:40:23.021 - INFO - CDS - contig=contig_1, start=14900, stop=15151, strand=-, nt=[ATGAGACCGA..TTGCGCCTGA]
16:40:23.021 - INFO - CDS - contig=contig_1, start=15209, stop=15643, strand=-, nt=[ATGCGCTTGG..GGCAGCCTGA]
16:40:23.021 - INFO - CDS - contig=contig_1, start=15755, stop=16303, strand=-, nt=[ATGAGCGTCG..TCTCGGCTAA]
16:40:23.021 - INFO - CDS - contig=contig_1, start=16613, stop=17143, strand=+, nt=[GTGAATGAGC..GTGGATATGA]
16:40:23.021 - INFO - CDS - contig=contig_1, start=17140, stop=17283, strand=+, nt=[ATGACCGTCG..CCGTCTTTAG]
16:40:23.022 - INFO - CDS - contig=contig_1, start=17246, stop=17524, strand=-, nt=[ATGCGTAAAT..AAAAGGCTGA]
16:40:23.022 - INFO - CDS - contig=contig_1, start=17538, stop=17936, strand=-, nt=[ATGACTTTAC..CAACCACTGA]
16:40:23.022 - INFO - CDS - contig=contig_1, start=17965, stop=18405, strand=-, nt=[ATGAAACTTA..TGTCGAATAA]
16:40:23.022 - INFO - CDS - contig=contig_1, start=18438, stop=19679, strand=-, nt=[GTGCCCGGTC..CATCGCTTGA]
16:40:23.022 - INFO - CDS - contig=contig_1, start=20022, stop=20381, strand=-, nt=[ATGAACAACT..TCTCGGCTGA]
16:40:23.022 - INFO - CDS - contig=contig_1, start=20441, stop=20644, strand=-, nt=[ATGGTAAGGT..AACGCTATAA]
16:40:23.022 - INFO - CDS - contig=contig_1, start=20695, stop=23265, strand=+, nt=[ATGGTCTCCC..GTTATCATGA]
16:40:23.022 - INFO - CDS - contig=contig_1, start=23523, stop=23885, strand=-, nt=[ATGGCGCGTC..GCACACTTAG]
16:40:23.022 - INFO - CDS - contig=contig_1, start=23918, stop=24316, strand=+, nt=[ATGATGGTTC..CGCCGGCTAA]
16:40:23.022 - INFO - CDS - contig=contig_1, start=24436, stop=24696, strand=-, nt=[ATGAGCGCCC..GCGAGCATAA]
16:40:23.022 - INFO - CDS - contig=contig_1, start=24693, stop=25310, strand=-, nt=[ATGATTTCAC..AAGCGAATGA]
16:40:23.022 - INFO - CDS - contig=contig_1, start=25350, stop=25706, strand=-, nt=[ATGACCTCTT..GGATGGCTGA]
16:40:23.022 - INFO - CDS - contig=contig_1, start=25749, stop=26669, strand=-, nt=[ATGGTAGCGG..GATCAACTGA]
16:40:23.022 - INFO - CDS - contig=contig_1, start=26880, stop=27140, strand=+, nt=[ATGCATAAGG..TCATTACTGA]
16:40:23.022 - INFO - CDS - contig=contig_1, start=27134, stop=27745, strand=-, nt=[ATGAAGCGCA..AAATCAGTAA]
16:40:23.023 - INFO - CDS - contig=contig_1, start=27742, stop=28320, strand=-, nt=[ATGACGGAAA..CCAGCGATGA]
16:40:23.023 - INFO - CDS - contig=contig_1, start=28317, stop=29165, strand=-, nt=[ATGGCGATCG..GGAACGATGA]
16:40:23.023 - INFO - CDS - contig=contig_1, start=29187, stop=29687, strand=+, nt=[TTGCGCCTGG..GCATTACTGA]
16:40:23.023 - INFO - CDS - contig=contig_1, start=29661, stop=30125, strand=-, nt=[ATGCGCCCGT..CGAAAGCTAA]
16:40:23.023 - INFO - CDS - contig=contig_1, start=30128, stop=30952, strand=-, nt=[ATGTTCAATA..GAGGGGCTAA]
16:40:23.023 - INFO - CDS - contig=contig_1, start=30975, stop=31637, strand=-, nt=[ATGGCGAAAC..CCAACTTTAG]
16:40:23.023 - INFO - CDS - contig=contig_1, start=31677, stop=32369, strand=-, nt=[GTGGTTGTCG..CGGGAAATAA]
16:40:23.023 - INFO - CDS - contig=contig_1, start=32354, stop=32521, strand=-, nt=[TTGATAGCCT..GTCGTGGTGA]
16:40:23.023 - INFO - CDS - contig=contig_1, start=32575, stop=32865, strand=+, nt=[ATGAAGAGAA..TGTGTCCTAG]
16:40:23.023 - INFO - CDS - contig=contig_1, start=32862, stop=33128, strand=-, nt=[TTGGTAGAGC..TTTCAACTAG]
16:40:23.023 - INFO - CDS - contig=contig_1, start=33122, stop=33910, strand=-, nt=[ATGCTCACAA..CCGTTGGTAG]
16:40:23.024 - INFO - CDS - predicted=61
16:40:23.251 - INFO - ORF - discarded=0
16:40:23.625 - INFO - UPS - looked-up=0
16:40:23.627 - INFO - IPS - looked-up=0
16:40:23.627 - INFO - ORF - write internal aa seqs: # seqs=61, path=/tmp/tmpqc1iarj6/cds.psc.faa
16:41:37.285 - INFO - PSC - found: PSC=7, PSCC=23
16:41:37.497 - INFO - PSC - looked-up=30
16:41:37.600 - INFO - PSCC - looked-up=28
16:41:37.600 - INFO - ORF - write internal aa seqs: # seqs=61, path=/tmp/tmpqc1iarj6/cds.expert.faa
16:41:38.859 - INFO - EXPERT-AMRFINDER - found=1
16:41:40.093 - INFO - EXPERT_AA_SEQ - found=0
16:41:40.094 - INFO - ANNOTATION - marked as hypothetical: contig=contig_1, start=31, stop=402, strand=+
16:41:40.094 - INFO - ANNOTATION - marked as hypothetical: contig=contig_1, start=3000, stop=3125, strand=-
16:41:40.095 - INFO - ANNOTATION - fix gene: extract symbol from protein name. symbol=dsbD
16:41:40.095 - INFO - ANNOTATION - marked as hypothetical: contig=contig_1, start=5175, stop=5390, strand=-
16:41:40.095 - INFO - ANNOTATION - marked as hypothetical: contig=contig_1, start=5387, stop=5869, strand=-
16:41:40.095 - INFO - ANNOTATION - fix gene: extract symbol from protein name. symbol=merT
16:41:40.095 - INFO - ANNOTATION - marked as hypothetical: contig=contig_1, start=6836, stop=7213, strand=-
16:41:40.096 - INFO - ANNOTATION - marked as hypothetical: contig=contig_1, start=8812, stop=9081, strand=+
16:41:40.096 - INFO - ANNOTATION - marked as hypothetical: contig=contig_1, start=9673, stop=9771, strand=+
16:41:40.096 - INFO - ANNOTATION - fix product: replace domain name underscores. new=ELFV-dehydrog domain-containing protein, old=ELFV_dehydrog domain-containing protein
16:41:40.096 - INFO - ANNOTATION - marked as hypothetical: contig=contig_1, start=10145, stop=10909, strand=-
16:41:40.096 - INFO - ANNOTATION - marked as hypothetical: contig=contig_1, start=11610, stop=11876, strand=+
16:41:40.096 - INFO - ANNOTATION - marked as hypothetical: contig=contig_1, start=12094, stop=12426, strand=+
16:41:40.096 - INFO - ANNOTATION - marked as hypothetical: contig=contig_1, start=12837, stop=12929, strand=+
16:41:40.097 - INFO - ANNOTATION - marked as hypothetical: contig=contig_1, start=12972, stop=13274, strand=+
16:41:40.097 - INFO - ANNOTATION - marked as hypothetical: contig=contig_1, start=13271, stop=13612, strand=+
16:41:40.097 - INFO - ANNOTATION - marked as hypothetical: contig=contig_1, start=13614, stop=13859, strand=+
16:41:40.097 - INFO - ANNOTATION - marked as hypothetical: contig=contig_1, start=13856, stop=14077, strand=+
16:41:40.097 - INFO - ANNOTATION - marked as hypothetical: contig=contig_1, start=14074, stop=14490, strand=+
16:41:40.097 - INFO - ANNOTATION - marked as hypothetical: contig=contig_1, start=14576, stop=14881, strand=-
16:41:40.097 - INFO - ANNOTATION - marked as hypothetical: contig=contig_1, start=14900, stop=15151, strand=-
16:41:40.097 - INFO - ANNOTATION - marked as hypothetical: contig=contig_1, start=15209, stop=15643, strand=-
16:41:40.097 - INFO - ANNOTATION - marked as hypothetical: contig=contig_1, start=16613, stop=17143, strand=+
16:41:40.097 - INFO - ANNOTATION - marked as hypothetical: contig=contig_1, start=17140, stop=17283, strand=+
16:41:40.098 - INFO - ANNOTATION - fix gene: extract symbol from protein name. symbol=copG
16:41:40.098 - INFO - ANNOTATION - marked as hypothetical: contig=contig_1, start=20441, stop=20644, strand=-
16:41:40.098 - INFO - ANNOTATION - marked as hypothetical: contig=contig_1, start=23523, stop=23885, strand=-
16:41:40.098 - INFO - ANNOTATION - marked as hypothetical: contig=contig_1, start=23918, stop=24316, strand=+
16:41:40.098 - INFO - ANNOTATION - marked as hypothetical: contig=contig_1, start=24436, stop=24696, strand=-
16:41:40.099 - INFO - ANNOTATION - marked as hypothetical: contig=contig_1, start=25350, stop=25706, strand=-
16:41:40.099 - INFO - ANNOTATION - marked as hypothetical: contig=contig_1, start=25749, stop=26669, strand=-
16:41:40.099 - INFO - ANNOTATION - marked as hypothetical: contig=contig_1, start=26880, stop=27140, strand=+
16:41:40.099 - INFO - ANNOTATION - marked as hypothetical: contig=contig_1, start=27742, stop=28320, strand=-
16:41:40.099 - INFO - ANNOTATION - marked as hypothetical: contig=contig_1, start=29187, stop=29687, strand=+
16:41:40.099 - INFO - ANNOTATION - fix gene: extract symbol from protein name. symbol=trbH
16:41:40.099 - INFO - ANNOTATION - fix gene: extract symbol from protein name. symbol=trbG
16:41:40.100 - INFO - ANNOTATION - fix gene: extract symbol from protein name. symbol=virB5
16:41:40.100 - INFO - ANNOTATION - marked as hypothetical: contig=contig_1, start=31677, stop=32369, strand=-
16:41:40.100 - INFO - ANNOTATION - marked as hypothetical: contig=contig_1, start=32354, stop=32521, strand=-
16:41:40.100 - INFO - ANNOTATION - marked as hypothetical: contig=contig_1, start=32575, stop=32865, strand=+
16:41:40.100 - INFO - ANNOTATION - fix gene: extract symbol from protein name. symbol=trbJ
16:41:40.100 - INFO - ORF - write internal aa seqs: # seqs=33, path=/tmp/tmpqc1iarj6/cds.pseudo.candidates.faa
16:42:56.223 - INFO - CDS - found: pseudogene-candidates=1
16:42:59.175 - INFO - CDS - found: pseudogenes=0
16:42:59.180 - INFO - PSC - looked-up=0
16:42:59.181 - INFO - PSCC - looked-up=0
16:42:59.473 - INFO - CDS - pfam detected: contig=contig_1, start=31, stop=402, strand=+, pfam-id=PF00578.24, length=97, aa-start=1, aa-stop=87, aa-cov=0.7, hmm-cov=1.0, evalue=2.3e-09, bitscore=28.4, name=AhpC-TSA
16:43:00.401 - INFO - CDS - pfam detected: contig=contig_1, start=23523, stop=23885, strand=-, pfam-id=PF13700.9, length=49, aa-start=6, aa-stop=53, aa-cov=0.4, hmm-cov=1.0, evalue=8.8e-14, bitscore=42.8, name=DUF4158
16:43:02.335 - INFO - CDS - pfam detected: contig=contig_1, start=31, stop=402, strand=+, pfam-id=PF08534.13, length=108, aa-start=1, aa-stop=95, aa-cov=0.8, hmm-cov=1.0, evalue=3.5e-12, bitscore=37.4, name=Redoxin
16:43:02.853 - INFO - CDS - pfam detected: contig=contig_1, start=31, stop=402, strand=+, pfam-id=PF00085.23, length=45, aa-start=2, aa-stop=44, aa-cov=0.3, hmm-cov=1.0, evalue=5.5e-08, bitscore=24.0, name=Thioredoxin
16:43:03.142 - INFO - CDS - predicted-pfams=4, CDS-w/-pfams=2
16:43:03.193 - INFO - S_ORF - predicted=338
16:43:03.563 - INFO - S_ORF - sORF filter: # valid=65, # discarded=273
16:43:03.733 - INFO - ORF - discarded=0
16:43:04.282 - INFO - UPS - looked-up=0
16:43:04.284 - INFO - IPS - looked-up=0
16:43:04.285 - INFO - ORF - write internal aa seqs: # seqs=65, path=/tmp/tmpqc1iarj6/sorf.faa
16:43:04.577 - INFO - S_ORF - found=0
16:43:04.578 - INFO - PSC - looked-up=0
16:43:04.579 - INFO - PSCC - looked-up=0
16:43:06.020 - INFO - ORI - predicted=0
16:43:06.424 - INFO - ORI - predicted=0
16:43:06.425 - INFO - UTILS - generated sequence tag prefix: prefix=HEKADGBOJD, length=10, MD5=1E4AD0B83DDA9FF79DE64B28A58080CB
16:43:06.426 - INFO - MAIN - selected features=61
16:43:06.426 - INFO - UTILS - generated sequence tag prefix: prefix=HEKADG, length=6, MD5=1E4AD0B83DDA9FF79DE64B28A58080CB
16:43:06.426 - INFO - MAIN - locus tag prefix=HEKADG
16:43:06.427 - INFO - UTILS - genome-size=34009
16:43:06.428 - INFO - UTILS - GC=0.600
16:43:06.428 - INFO - UTILS - N=0.000
16:43:06.429 - INFO - UTILS - N50=34009
16:43:06.429 - INFO - UTILS - coding-ratio=0.874
16:43:06.429 - INFO - TSV - write tsv: path=/net/holy-nfsisilon/ifs/rc_labs/eddy_lab/users/lmerk/phage_groupII/data/bakta_output/MT835550/MT835550.tsv
16:43:06.459 - INFO - GFF - write GFF3: path=/net/holy-nfsisilon/ifs/rc_labs/eddy_lab/users/lmerk/phage_groupII/data/bakta_output/MT835550/MT835550.gff3
16:43:06.474 - INFO - INSDC - write GenBank: path=/net/holy-nfsisilon/ifs/rc_labs/eddy_lab/users/lmerk/phage_groupII/data/bakta_output/MT835550/MT835550.gbff
16:43:06.493 - INFO - INSDC - write EMBL: path=/net/holy-nfsisilon/ifs/rc_labs/eddy_lab/users/lmerk/phage_groupII/data/bakta_output/MT835550/MT835550.embl
16:43:06.507 - INFO - FASTA - write genome sequences: path=/net/holy-nfsisilon/ifs/rc_labs/eddy_lab/users/lmerk/phage_groupII/data/bakta_output/MT835550/MT835550.fna, description=True, wrap=True
16:43:06.514 - INFO - FASTA - write feature nucleotide sequences: path=/net/holy-nfsisilon/ifs/rc_labs/eddy_lab/users/lmerk/phage_groupII/data/bakta_output/MT835550/MT835550.ffn
16:43:06.520 - INFO - FASTA - write translated CDS/sORF: path=/net/holy-nfsisilon/ifs/rc_labs/eddy_lab/users/lmerk/phage_groupII/data/bakta_output/MT835550/MT835550.faa
16:43:06.586 - INFO - PLOT - write circular genome plot: file-name=MT835550, output-dir=/net/holy-nfsisilon/ifs/rc_labs/eddy_lab/users/lmerk/phage_groupII/data/bakta_output/MT835550
16:43:19.534 - INFO - TSV - write hypothetical tsv: path=/net/holy-nfsisilon/ifs/rc_labs/eddy_lab/users/lmerk/phage_groupII/data/bakta_output/MT835550/MT835550.hypotheticals.tsv
16:43:19.540 - INFO - FASTA - write translated CDS/sORF: path=/net/holy-nfsisilon/ifs/rc_labs/eddy_lab/users/lmerk/phage_groupII/data/bakta_output/MT835550/MT835550.hypotheticals.faa
16:43:19.545 - INFO - JSON - write JSON: path=/net/holy-nfsisilon/ifs/rc_labs/eddy_lab/users/lmerk/phage_groupII/data/bakta_output/MT835550/MT835550.json
16:43:19.571 - INFO - MAIN - removed tmp dir: /tmp/tmpqc1iarj6
