16:42:40.754 - INFO - UTILS - version=1.9.1
16:42:40.755 - INFO - UTILS - developer: Oliver Schwengers, github.com/oschwengers
16:42:40.755 - INFO - UTILS - command: /n/home07/lmerk/.conda/envs/bakta/bin/bakta --force --db /n/eddy_lab/users/lmerk/databases/full/db -o ../data/bakta_output/ON107264 ../data/genomes/groupII_millard/ON107264/ON107264.fna
16:42:40.755 - INFO - UTILS - local time: 2024-03-13 16:42:40
16:42:40.760 - INFO - UTILS - machine: type=x86_64, cores=64
16:42:40.760 - INFO - UTILS - system: type=Linux, release=4.18.0-425.10.1.el8_7.x86_64
16:42:40.760 - INFO - UTILS - python: version=3.10.13, implementation=CPython
16:42:40.761 - INFO - CONFIG - threads=64
16:42:40.761 - INFO - CONFIG - verbose=False
16:42:40.761 - INFO - CONFIG - debug=False
16:42:40.762 - INFO - CONFIG - database: type=parameter, path=/net/holy-nfsisilon/ifs/rc_labs/eddy_lab/users/lmerk/databases/full/db
16:42:40.763 - INFO - CONFIG - tmp-path=/tmp/tmp4w3df31k
16:42:40.768 - INFO - CONFIG - genome-path=/net/holy-nfsisilon/ifs/rc_labs/eddy_lab/users/lmerk/phage_groupII/data/genomes/groupII_millard/ON107264/ON107264.fna
16:42:40.769 - INFO - CONFIG - min_contig_length=1
16:42:40.769 - INFO - CONFIG - prefix=ON107264
16:42:40.769 - INFO - CONFIG - output-path=/net/holy-nfsisilon/ifs/rc_labs/eddy_lab/users/lmerk/phage_groupII/data/bakta_output/ON107264
16:42:40.769 - INFO - CONFIG - force=True
16:42:40.769 - INFO - CONFIG - genus=None
16:42:40.769 - INFO - CONFIG - species=None
16:42:40.769 - INFO - CONFIG - strain=None
16:42:40.769 - INFO - CONFIG - plasmid=None
16:42:40.769 - INFO - CONFIG - complete=False
16:42:40.769 - INFO - CONFIG - prodigal_tf=None
16:42:40.769 - INFO - CONFIG - translation_table=11
16:42:40.769 - INFO - CONFIG - gram=?
16:42:40.770 - INFO - CONFIG - compliant=False
16:42:40.770 - INFO - CONFIG - meta=False
16:42:40.770 - INFO - CONFIG - locus=None
16:42:40.770 - INFO - CONFIG - locus-tag=None
16:42:40.770 - INFO - CONFIG - keep_contig_headers=False
16:42:40.770 - INFO - CONFIG - replicon-table=None
16:42:40.770 - INFO - CONFIG - regions=None
16:42:40.770 - INFO - CONFIG - skip-tRNA=False
16:42:40.770 - INFO - CONFIG - skip-tmRNA=False
16:42:40.770 - INFO - CONFIG - skip-rRNA=False
16:42:40.770 - INFO - CONFIG - skip-ncRNA=False
16:42:40.770 - INFO - CONFIG - skip-ncRNA-region=False
16:42:40.770 - INFO - CONFIG - skip-CRISPR=False
16:42:40.770 - INFO - CONFIG - skip-CDS=False
16:42:40.771 - INFO - CONFIG - skip-pseudo=False
16:42:40.771 - INFO - CONFIG - skip-sORF=False
16:42:40.771 - INFO - CONFIG - skip-gap=False
16:42:40.771 - INFO - CONFIG - skip-ori=False
16:42:40.771 - INFO - CONFIG - skip-plot=False
16:42:40.772 - INFO - DB - detected: major=5, minor=0, type=full, date=2023-02-20
16:42:41.210 - INFO - UTILS - dependency: tool=tRNAscan-SE, version=v2.0.12, path=/n/home07/lmerk/.conda/envs/bakta/bin/tRNAscan-SE
16:42:41.219 - INFO - UTILS - dependency: tool=Aragorn, version=v1.2.41, path=/n/home07/lmerk/.conda/envs/bakta/bin/aragorn
16:42:41.234 - INFO - UTILS - dependency: tool=CMscan, version=v1.1.4, path=/n/home07/lmerk/goodies/bin/cmscan
16:42:41.248 - INFO - UTILS - dependency: tool=PilerCR, version=v1.6.0, path=/n/home07/lmerk/.conda/envs/bakta/bin/pilercr
16:42:42.489 - INFO - UTILS - dependency: tool=Pyrodigal, version=v3.2.1, path=/n/home07/lmerk/.conda/envs/bakta/bin/pyrodigal
16:42:42.505 - INFO - UTILS - dependency: tool=AMRFinderPlus, version=v3.11.26, path=/n/home07/lmerk/.conda/envs/bakta/bin/amrfinder
16:42:43.029 - INFO - UTILS - dependency: tool=Pyhmmer, version=v0.10.4, path=/n/home07/lmerk/.conda/envs/bakta/bin/python
16:42:43.049 - INFO - UTILS - dependency: tool=Diamond, version=v2.1.8, path=/n/home07/lmerk/.conda/envs/bakta/bin/diamond
16:42:43.409 - INFO - UTILS - dependency: tool=Blastn, version=v2.15.0, path=/n/home07/lmerk/.conda/envs/bakta/bin/blastn
16:42:44.928 - INFO - UTILS - dependency: tool=Circos, version=v0.69.8, path=/n/home07/lmerk/.conda/envs/bakta/bin/circos
16:42:45.079 - INFO - FASTA - imported: id=ON107264, length=133818, description=, genomic=True, dna=True
16:42:45.079 - INFO - MAIN - imported sequences=1
16:42:45.079 - INFO - UTILS - qc: revised sequence: id=contig_1, orig-id=ON107264, type=contig, complete=False, topology=linear, name=, description='[gcode=11] [topology=linear]', orig-description=''
16:42:45.079 - INFO - FASTA - write genome sequences: path=/tmp/tmp4w3df31k/contigs.fna, description=False, wrap=False
16:42:46.271 - INFO - T_RNA - predicted=0
16:42:46.323 - INFO - TM_RNA - predicted=0
16:42:46.555 - INFO - R_RNA - predicted=0
16:42:48.304 - INFO - NC_RNA - contig=contig_1, start=82921, stop=83198, strand=-, gene=bsrG, product=BsrG, length=278, truncated=None, score=182.8, evalue=2.3e-24, nt=[TACATTAAGT..ATGACCAGTG]
16:42:48.305 - INFO - NC_RNA - contig=contig_1, start=759, stop=862, strand=-, gene=SR6_antitoxin, product=Bacillus SR6 antitoxin, length=104, truncated=None, score=128.2, evalue=6.1e-21, nt=[GAACTAAAGG..TTTTCTTTTT]
16:42:48.305 - INFO - NC_RNA - predicted=2
16:42:48.862 - INFO - NC_RNA_REGION - predicted=0
16:42:48.929 - INFO - CRISPR - predicted=0
16:42:48.930 - INFO - CDS - create prodigal training info object: meta=False, closed=True
16:42:49.023 - INFO - CDS - contig=contig_1, start=390, stop=539, strand=-, frame=2, truncated=no, start-type=ATG, RBS-motif=GGA/GAG/AGG
16:42:49.024 - INFO - CDS - contig=contig_1, start=1138, stop=1296, strand=+, frame=1, truncated=no, start-type=GTG, RBS-motif=GGAG/GAGG
16:42:49.024 - INFO - CDS - contig=contig_1, start=1384, stop=2601, strand=+, frame=1, truncated=no, start-type=ATG, RBS-motif=AGGAG
16:42:49.024 - INFO - CDS - contig=contig_1, start=2961, stop=3815, strand=+, frame=3, truncated=no, start-type=ATG, RBS-motif=AGGAG
16:42:49.024 - INFO - CDS - contig=contig_1, start=3821, stop=4738, strand=+, frame=2, truncated=no, start-type=ATG, RBS-motif=AGGA
16:42:49.024 - INFO - CDS - contig=contig_1, start=4740, stop=5342, strand=+, frame=3, truncated=no, start-type=ATG, RBS-motif=GGxGG
16:42:49.024 - INFO - CDS - contig=contig_1, start=5344, stop=7140, strand=+, frame=1, truncated=no, start-type=ATG, RBS-motif=AGxAGG/AGGxGG
16:42:49.024 - INFO - CDS - contig=contig_1, start=7186, stop=7455, strand=+, frame=1, truncated=no, start-type=ATG, RBS-motif=AGGAG
16:42:49.024 - INFO - CDS - contig=contig_1, start=7489, stop=7692, strand=+, frame=1, truncated=no, start-type=ATG, RBS-motif=AGxAGG/AGGxGG
16:42:49.024 - INFO - CDS - contig=contig_1, start=7727, stop=7966, strand=+, frame=2, truncated=no, start-type=ATG, RBS-motif=AGxAGG/AGGxGG
16:42:49.025 - INFO - CDS - contig=contig_1, start=7966, stop=8238, strand=+, frame=1, truncated=no, start-type=ATG, RBS-motif=AGGAG
16:42:49.025 - INFO - CDS - contig=contig_1, start=8271, stop=8597, strand=+, frame=3, truncated=no, start-type=TTG, RBS-motif=GGA/GAG/AGG
16:42:49.025 - INFO - CDS - contig=contig_1, start=8700, stop=8897, strand=+, frame=3, truncated=no, start-type=GTG, RBS-motif=AGGAG
16:42:49.025 - INFO - CDS - contig=contig_1, start=8967, stop=9299, strand=+, frame=3, truncated=no, start-type=ATG, RBS-motif=AGGA/GGAG/GAGG
16:42:49.025 - INFO - CDS - contig=contig_1, start=9667, stop=9900, strand=+, frame=1, truncated=no, start-type=ATG, RBS-motif=AGGA/GGAG/GAGG
16:42:49.025 - INFO - CDS - contig=contig_1, start=9947, stop=10222, strand=+, frame=2, truncated=no, start-type=ATG, RBS-motif=GGA/GAG/AGG
16:42:49.025 - INFO - CDS - contig=contig_1, start=10270, stop=10905, strand=+, frame=1, truncated=no, start-type=ATG, RBS-motif=GGAGG
16:42:49.025 - INFO - CDS - contig=contig_1, start=10934, stop=11164, strand=+, frame=2, truncated=no, start-type=ATG, RBS-motif=GGxGG
16:42:49.025 - INFO - CDS - contig=contig_1, start=11219, stop=11731, strand=+, frame=2, truncated=no, start-type=TTG, RBS-motif=AGGA/GGAG/GAGG
16:42:49.025 - INFO - CDS - contig=contig_1, start=11825, stop=12004, strand=-, frame=3, truncated=no, start-type=GTG, RBS-motif=GGA/GAG/AGG
16:42:49.026 - INFO - CDS - contig=contig_1, start=12074, stop=12325, strand=+, frame=2, truncated=no, start-type=ATG, RBS-motif=GGAGG
16:42:49.026 - INFO - CDS - contig=contig_1, start=12329, stop=12544, strand=+, frame=2, truncated=no, start-type=ATG, RBS-motif=GGAG/GAGG
16:42:49.026 - INFO - CDS - contig=contig_1, start=12555, stop=12686, strand=+, frame=3, truncated=no, start-type=GTG, RBS-motif=AGGAG
16:42:49.026 - INFO - CDS - contig=contig_1, start=13028, stop=13420, strand=+, frame=2, truncated=no, start-type=TTG, RBS-motif=GGA/GAG/AGG
16:42:49.026 - INFO - CDS - contig=contig_1, start=13691, stop=14842, strand=+, frame=2, truncated=no, start-type=TTG, RBS-motif=GGxGG
16:42:49.026 - INFO - CDS - contig=contig_1, start=14873, stop=15004, strand=+, frame=2, truncated=no, start-type=TTG, RBS-motif=AGGAG
16:42:49.026 - INFO - CDS - contig=contig_1, start=15136, stop=15291, strand=+, frame=1, truncated=no, start-type=ATG, RBS-motif=GGxGG
16:42:49.026 - INFO - CDS - contig=contig_1, start=15442, stop=15648, strand=+, frame=1, truncated=no, start-type=ATG, RBS-motif=GGAG/GAGG
16:42:49.026 - INFO - CDS - contig=contig_1, start=15665, stop=15910, strand=+, frame=2, truncated=no, start-type=ATG, RBS-motif=AGGA/GGAG/GAGG
16:42:49.026 - INFO - CDS - contig=contig_1, start=15907, stop=16104, strand=+, frame=1, truncated=no, start-type=TTG, RBS-motif=None
16:42:49.026 - INFO - CDS - contig=contig_1, start=16115, stop=17176, strand=+, frame=2, truncated=no, start-type=TTG, RBS-motif=GGxGG
16:42:49.027 - INFO - CDS - contig=contig_1, start=17261, stop=18607, strand=+, frame=2, truncated=no, start-type=GTG, RBS-motif=GGAG/GAGG
16:42:49.027 - INFO - CDS - contig=contig_1, start=18626, stop=19597, strand=+, frame=2, truncated=no, start-type=ATG, RBS-motif=AGGAG
16:42:49.027 - INFO - CDS - contig=contig_1, start=19828, stop=20049, strand=-, frame=1, truncated=no, start-type=ATG, RBS-motif=AGGAG
16:42:49.027 - INFO - CDS - contig=contig_1, start=20183, stop=20518, strand=+, frame=2, truncated=no, start-type=ATG, RBS-motif=GGA/GAG/AGG
16:42:49.027 - INFO - CDS - contig=contig_1, start=20591, stop=20830, strand=+, frame=2, truncated=no, start-type=ATG, RBS-motif=GGAG/GAGG
16:42:49.027 - INFO - CDS - contig=contig_1, start=20949, stop=21188, strand=+, frame=3, truncated=no, start-type=TTG, RBS-motif=AGGAG(G)/GGAGG
16:42:49.027 - INFO - CDS - contig=contig_1, start=21221, stop=21502, strand=+, frame=2, truncated=no, start-type=ATG, RBS-motif=AGGAG
16:42:49.027 - INFO - CDS - contig=contig_1, start=21499, stop=21879, strand=+, frame=1, truncated=no, start-type=ATG, RBS-motif=AGGA/GGAG/GAGG
16:42:49.027 - INFO - CDS - contig=contig_1, start=21879, stop=22226, strand=+, frame=3, truncated=no, start-type=ATG, RBS-motif=AGGAGG
16:42:49.027 - INFO - CDS - contig=contig_1, start=22223, stop=22654, strand=+, frame=2, truncated=no, start-type=GTG, RBS-motif=GGAGG
16:42:49.028 - INFO - CDS - contig=contig_1, start=22693, stop=23379, strand=+, frame=1, truncated=no, start-type=ATG, RBS-motif=AGGA
16:42:49.028 - INFO - CDS - contig=contig_1, start=23425, stop=24159, strand=+, frame=1, truncated=no, start-type=ATG, RBS-motif=GGAG/GAGG
16:42:49.028 - INFO - CDS - contig=contig_1, start=24159, stop=24506, strand=+, frame=3, truncated=no, start-type=ATG, RBS-motif=AGGA
16:42:49.028 - INFO - CDS - contig=contig_1, start=24551, stop=24730, strand=+, frame=2, truncated=no, start-type=ATG, RBS-motif=AGGAG(G)/GGAGG
16:42:49.028 - INFO - CDS - contig=contig_1, start=24764, stop=24958, strand=+, frame=2, truncated=no, start-type=GTG, RBS-motif=AGGAG
16:42:49.028 - INFO - CDS - contig=contig_1, start=25009, stop=25401, strand=+, frame=1, truncated=no, start-type=TTG, RBS-motif=AGxAG
16:42:49.028 - INFO - CDS - contig=contig_1, start=25426, stop=25662, strand=+, frame=1, truncated=no, start-type=GTG, RBS-motif=AGGAG
16:42:49.028 - INFO - CDS - contig=contig_1, start=25699, stop=26370, strand=+, frame=1, truncated=no, start-type=ATG, RBS-motif=AGGAG
16:42:49.028 - INFO - CDS - contig=contig_1, start=26389, stop=27006, strand=+, frame=1, truncated=no, start-type=ATG, RBS-motif=AGGAG
16:42:49.028 - INFO - CDS - contig=contig_1, start=27081, stop=27281, strand=+, frame=3, truncated=no, start-type=ATG, RBS-motif=GGA/GAG/AGG
16:42:49.028 - INFO - CDS - contig=contig_1, start=27301, stop=27483, strand=+, frame=1, truncated=no, start-type=ATG, RBS-motif=4Base/6BMM
16:42:49.029 - INFO - CDS - contig=contig_1, start=27470, stop=27685, strand=+, frame=2, truncated=no, start-type=ATG, RBS-motif=GGAGG
16:42:49.029 - INFO - CDS - contig=contig_1, start=27700, stop=28182, strand=+, frame=1, truncated=no, start-type=TTG, RBS-motif=GGxGG
16:42:49.029 - INFO - CDS - contig=contig_1, start=28175, stop=28531, strand=+, frame=2, truncated=no, start-type=ATG, RBS-motif=GGA/GAG/AGG
16:42:49.029 - INFO - CDS - contig=contig_1, start=28533, stop=28634, strand=+, frame=3, truncated=no, start-type=ATG, RBS-motif=GGAG/GAGG
16:42:49.029 - INFO - CDS - contig=contig_1, start=28964, stop=29113, strand=-, frame=3, truncated=no, start-type=ATG, RBS-motif=GGAGG
16:42:49.029 - INFO - CDS - contig=contig_1, start=29288, stop=29548, strand=+, frame=2, truncated=no, start-type=ATG, RBS-motif=AGGAG
16:42:49.029 - INFO - CDS - contig=contig_1, start=29667, stop=30479, strand=-, frame=2, truncated=no, start-type=TTG, RBS-motif=AGGAG
16:42:49.029 - INFO - CDS - contig=contig_1, start=30549, stop=31223, strand=-, frame=2, truncated=no, start-type=ATG, RBS-motif=AGGA
16:42:49.029 - INFO - CDS - contig=contig_1, start=31295, stop=31510, strand=+, frame=2, truncated=no, start-type=ATG, RBS-motif=AGGAG
16:42:49.029 - INFO - CDS - contig=contig_1, start=31573, stop=32775, strand=+, frame=1, truncated=no, start-type=ATG, RBS-motif=GGA/GAG/AGG
16:42:49.030 - INFO - CDS - contig=contig_1, start=32804, stop=33007, strand=+, frame=2, truncated=no, start-type=ATG, RBS-motif=GGAGG
16:42:49.030 - INFO - CDS - contig=contig_1, start=33251, stop=34138, strand=+, frame=2, truncated=no, start-type=ATG, RBS-motif=GGA/GAG/AGG
16:42:49.030 - INFO - CDS - contig=contig_1, start=34128, stop=34400, strand=+, frame=3, truncated=no, start-type=ATG, RBS-motif=AGGA/GGAG/GAGG
16:42:49.030 - INFO - CDS - contig=contig_1, start=34423, stop=34569, strand=+, frame=1, truncated=no, start-type=ATG, RBS-motif=GGAGG
16:42:49.030 - INFO - CDS - contig=contig_1, start=34575, stop=34724, strand=+, frame=3, truncated=no, start-type=ATG, RBS-motif=GGAGG
16:42:49.030 - INFO - CDS - contig=contig_1, start=34787, stop=35167, strand=+, frame=2, truncated=no, start-type=ATG, RBS-motif=GGA/GAG/AGG
16:42:49.030 - INFO - CDS - contig=contig_1, start=35448, stop=36074, strand=+, frame=3, truncated=no, start-type=ATG, RBS-motif=GGxGG
16:42:49.030 - INFO - CDS - contig=contig_1, start=36208, stop=36588, strand=+, frame=1, truncated=no, start-type=GTG, RBS-motif=AGGAG
16:42:49.030 - INFO - CDS - contig=contig_1, start=36607, stop=37521, strand=+, frame=1, truncated=no, start-type=ATG, RBS-motif=AGGA/GGAG/GAGG
16:42:49.031 - INFO - CDS - contig=contig_1, start=37605, stop=38576, strand=+, frame=3, truncated=no, start-type=ATG, RBS-motif=AGGAG
16:42:49.031 - INFO - CDS - contig=contig_1, start=38618, stop=39088, strand=+, frame=2, truncated=no, start-type=TTG, RBS-motif=GGA/GAG/AGG
16:42:49.031 - INFO - CDS - contig=contig_1, start=39103, stop=40620, strand=+, frame=1, truncated=no, start-type=TTG, RBS-motif=AGGAG
16:42:49.031 - INFO - CDS - contig=contig_1, start=40636, stop=41772, strand=+, frame=1, truncated=no, start-type=TTG, RBS-motif=4Base/6BMM
16:42:49.031 - INFO - CDS - contig=contig_1, start=41772, stop=43502, strand=+, frame=3, truncated=no, start-type=ATG, RBS-motif=GGxGG
16:42:49.031 - INFO - CDS - contig=contig_1, start=43515, stop=47432, strand=+, frame=3, truncated=no, start-type=TTG, RBS-motif=GGxGG
16:42:49.031 - INFO - CDS - contig=contig_1, start=47507, stop=48157, strand=+, frame=2, truncated=no, start-type=ATG, RBS-motif=None
16:42:49.032 - INFO - CDS - contig=contig_1, start=48169, stop=48384, strand=+, frame=1, truncated=no, start-type=TTG, RBS-motif=GGxGG
16:42:49.032 - INFO - CDS - contig=contig_1, start=48377, stop=48532, strand=+, frame=2, truncated=no, start-type=ATG, RBS-motif=GGAGG
16:42:49.032 - INFO - CDS - contig=contig_1, start=48532, stop=49029, strand=+, frame=1, truncated=no, start-type=ATG, RBS-motif=GGxGG
16:42:49.032 - INFO - CDS - contig=contig_1, start=49058, stop=49285, strand=+, frame=2, truncated=no, start-type=TTG, RBS-motif=GGxGG
16:42:49.032 - INFO - CDS - contig=contig_1, start=49338, stop=49760, strand=+, frame=3, truncated=no, start-type=GTG, RBS-motif=None
16:42:49.032 - INFO - CDS - contig=contig_1, start=49727, stop=49987, strand=+, frame=2, truncated=no, start-type=TTG, RBS-motif=None
16:42:49.032 - INFO - CDS - contig=contig_1, start=50025, stop=50234, strand=+, frame=3, truncated=no, start-type=ATG, RBS-motif=GGAG/GAGG
16:42:49.032 - INFO - CDS - contig=contig_1, start=50278, stop=50496, strand=+, frame=1, truncated=no, start-type=TTG, RBS-motif=AGGAG
16:42:49.032 - INFO - CDS - contig=contig_1, start=50499, stop=50864, strand=+, frame=3, truncated=no, start-type=ATG, RBS-motif=AGGAG
16:42:49.032 - INFO - CDS - contig=contig_1, start=50904, stop=51131, strand=+, frame=3, truncated=no, start-type=TTG, RBS-motif=GGA/GAG/AGG
16:42:49.033 - INFO - CDS - contig=contig_1, start=51403, stop=51594, strand=+, frame=1, truncated=no, start-type=ATG, RBS-motif=GGAG/GAGG
16:42:49.033 - INFO - CDS - contig=contig_1, start=51646, stop=51909, strand=+, frame=1, truncated=no, start-type=GTG, RBS-motif=GGAG/GAGG
16:42:49.033 - INFO - CDS - contig=contig_1, start=51934, stop=52482, strand=+, frame=1, truncated=no, start-type=ATG, RBS-motif=AGGAG
16:42:49.033 - INFO - CDS - contig=contig_1, start=52543, stop=52722, strand=+, frame=1, truncated=no, start-type=ATG, RBS-motif=GGAG/GAGG
16:42:49.033 - INFO - CDS - contig=contig_1, start=52765, stop=53172, strand=+, frame=1, truncated=no, start-type=GTG, RBS-motif=AGGAG
16:42:49.033 - INFO - CDS - contig=contig_1, start=53187, stop=53534, strand=+, frame=3, truncated=no, start-type=TTG, RBS-motif=AGGAG
16:42:49.033 - INFO - CDS - contig=contig_1, start=53548, stop=53673, strand=+, frame=1, truncated=no, start-type=ATG, RBS-motif=AGGAG
16:42:49.033 - INFO - CDS - contig=contig_1, start=53716, stop=54078, strand=+, frame=1, truncated=no, start-type=ATG, RBS-motif=AGGAG
16:42:49.033 - INFO - CDS - contig=contig_1, start=54534, stop=54881, strand=+, frame=3, truncated=no, start-type=ATG, RBS-motif=AGGAG
16:42:49.033 - INFO - CDS - contig=contig_1, start=54881, stop=55276, strand=+, frame=2, truncated=no, start-type=GTG, RBS-motif=AGGAG(G)/GGAGG
16:42:49.034 - INFO - CDS - contig=contig_1, start=55239, stop=55961, strand=+, frame=3, truncated=no, start-type=TTG, RBS-motif=AGGAG
16:42:49.034 - INFO - CDS - contig=contig_1, start=56385, stop=58745, strand=+, frame=3, truncated=no, start-type=ATG, RBS-motif=AGGA
16:42:49.034 - INFO - CDS - contig=contig_1, start=58715, stop=58897, strand=-, frame=3, truncated=no, start-type=ATG, RBS-motif=AGGA/GGAG/GAGG
16:42:49.034 - INFO - CDS - contig=contig_1, start=59008, stop=59595, strand=+, frame=1, truncated=no, start-type=TTG, RBS-motif=AGGAG
16:42:49.034 - INFO - CDS - contig=contig_1, start=59700, stop=60221, strand=+, frame=3, truncated=no, start-type=ATG, RBS-motif=AGGAG
16:42:49.034 - INFO - CDS - contig=contig_1, start=60434, stop=60805, strand=+, frame=2, truncated=no, start-type=TTG, RBS-motif=None
16:42:49.034 - INFO - CDS - contig=contig_1, start=60802, stop=61044, strand=+, frame=1, truncated=no, start-type=ATG, RBS-motif=AGGA
16:42:49.034 - INFO - CDS - contig=contig_1, start=61090, stop=61518, strand=+, frame=1, truncated=no, start-type=ATG, RBS-motif=AGGAG
16:42:49.034 - INFO - CDS - contig=contig_1, start=61613, stop=62062, strand=+, frame=2, truncated=no, start-type=ATG, RBS-motif=GGA/GAG/AGG
16:42:49.035 - INFO - CDS - contig=contig_1, start=62101, stop=62346, strand=-, frame=1, truncated=no, start-type=TTG, RBS-motif=AGGAG
16:42:49.035 - INFO - CDS - contig=contig_1, start=62523, stop=62651, strand=+, frame=3, truncated=no, start-type=TTG, RBS-motif=GGA/GAG/AGG
16:42:49.035 - INFO - CDS - contig=contig_1, start=62656, stop=62961, strand=+, frame=1, truncated=no, start-type=TTG, RBS-motif=GGxGG
16:42:49.035 - INFO - CDS - contig=contig_1, start=62945, stop=63160, strand=+, frame=2, truncated=no, start-type=ATG, RBS-motif=GGAG/GAGG
16:42:49.035 - INFO - CDS - contig=contig_1, start=63203, stop=63619, strand=+, frame=2, truncated=no, start-type=ATG, RBS-motif=None
16:42:49.035 - INFO - CDS - contig=contig_1, start=63676, stop=64515, strand=+, frame=1, truncated=no, start-type=ATG, RBS-motif=AGGA
16:42:49.035 - INFO - CDS - contig=contig_1, start=64899, stop=65918, strand=+, frame=3, truncated=no, start-type=ATG, RBS-motif=AGGAG
16:42:49.035 - INFO - CDS - contig=contig_1, start=65995, stop=66726, strand=+, frame=1, truncated=no, start-type=ATG, RBS-motif=GGAG/GAGG
16:42:49.035 - INFO - CDS - contig=contig_1, start=66899, stop=67189, strand=+, frame=2, truncated=no, start-type=TTG, RBS-motif=3Base/5BMM
16:42:49.036 - INFO - CDS - contig=contig_1, start=67539, stop=67892, strand=+, frame=3, truncated=no, start-type=TTG, RBS-motif=AGGAG
16:42:49.036 - INFO - CDS - contig=contig_1, start=68157, stop=68345, strand=+, frame=3, truncated=no, start-type=ATG, RBS-motif=GGxGG
16:42:49.036 - INFO - CDS - contig=contig_1, start=68426, stop=68638, strand=-, frame=3, truncated=no, start-type=ATG, RBS-motif=AGGAG
16:42:49.036 - INFO - CDS - contig=contig_1, start=68908, stop=69213, strand=+, frame=1, truncated=no, start-type=ATG, RBS-motif=AGGAG
16:42:49.036 - INFO - CDS - contig=contig_1, start=69358, stop=69774, strand=+, frame=1, truncated=no, start-type=ATG, RBS-motif=GGA/GAG/AGG
16:42:49.036 - INFO - CDS - contig=contig_1, start=69764, stop=70186, strand=+, frame=2, truncated=no, start-type=GTG, RBS-motif=AGGAG
16:42:49.036 - INFO - CDS - contig=contig_1, start=70167, stop=70550, strand=+, frame=3, truncated=no, start-type=ATG, RBS-motif=AGGAG
16:42:49.036 - INFO - CDS - contig=contig_1, start=70492, stop=70710, strand=+, frame=1, truncated=no, start-type=TTG, RBS-motif=GGA/GAG/AGG
16:42:49.036 - INFO - CDS - contig=contig_1, start=70711, stop=70875, strand=+, frame=1, truncated=no, start-type=ATG, RBS-motif=GGAG/GAGG
16:42:49.036 - INFO - CDS - contig=contig_1, start=70872, stop=71123, strand=+, frame=3, truncated=no, start-type=ATG, RBS-motif=GGAGG
16:42:49.036 - INFO - CDS - contig=contig_1, start=71187, stop=71471, strand=-, frame=2, truncated=no, start-type=ATG, RBS-motif=GGA/GAG/AGG
16:42:49.037 - INFO - CDS - contig=contig_1, start=71507, stop=72106, strand=+, frame=2, truncated=no, start-type=TTG, RBS-motif=AGGAG
16:42:49.037 - INFO - CDS - contig=contig_1, start=72103, stop=72249, strand=+, frame=1, truncated=no, start-type=ATG, RBS-motif=GGAG/GAGG
16:42:49.037 - INFO - CDS - contig=contig_1, start=72338, stop=74419, strand=+, frame=2, truncated=no, start-type=TTG, RBS-motif=GGAGG
16:42:49.037 - INFO - CDS - contig=contig_1, start=74744, stop=75583, strand=+, frame=2, truncated=no, start-type=ATG, RBS-motif=AGGAG
16:42:49.037 - INFO - CDS - contig=contig_1, start=75676, stop=76557, strand=+, frame=1, truncated=no, start-type=ATG, RBS-motif=GGAG/GAGG
16:42:49.037 - INFO - CDS - contig=contig_1, start=76634, stop=77524, strand=-, frame=3, truncated=no, start-type=TTG, RBS-motif=GGA/GAG/AGG
16:42:49.037 - INFO - CDS - contig=contig_1, start=77706, stop=77957, strand=+, frame=3, truncated=no, start-type=ATG, RBS-motif=GGA/GAG/AGG
16:42:49.037 - INFO - CDS - contig=contig_1, start=78049, stop=78582, strand=+, frame=1, truncated=no, start-type=ATG, RBS-motif=GGxGG
16:42:49.038 - INFO - CDS - contig=contig_1, start=78715, stop=80517, strand=+, frame=1, truncated=no, start-type=ATG, RBS-motif=AGGAG
16:42:49.038 - INFO - CDS - contig=contig_1, start=80527, stop=80985, strand=+, frame=1, truncated=no, start-type=ATG, RBS-motif=GGAG/GAGG
16:42:49.038 - INFO - CDS - contig=contig_1, start=81075, stop=81533, strand=+, frame=3, truncated=no, start-type=ATG, RBS-motif=GGA/GAG/AGG
16:42:49.038 - INFO - CDS - contig=contig_1, start=81589, stop=82167, strand=+, frame=1, truncated=no, start-type=ATG, RBS-motif=GGAGG
16:42:49.038 - INFO - CDS - contig=contig_1, start=82203, stop=82736, strand=+, frame=3, truncated=no, start-type=ATG, RBS-motif=GGAGG
16:42:49.038 - INFO - CDS - contig=contig_1, start=83399, stop=83758, strand=+, frame=2, truncated=no, start-type=GTG, RBS-motif=AGGA/GGAG/GAGG
16:42:49.038 - INFO - CDS - contig=contig_1, start=83802, stop=84113, strand=-, frame=2, truncated=no, start-type=TTG, RBS-motif=AGGA/GGAG/GAGG
16:42:49.038 - INFO - CDS - contig=contig_1, start=84311, stop=84643, strand=+, frame=2, truncated=no, start-type=ATG, RBS-motif=AGGAG
16:42:49.038 - INFO - CDS - contig=contig_1, start=84636, stop=85319, strand=+, frame=3, truncated=no, start-type=ATG, RBS-motif=AGGAG
16:42:49.039 - INFO - CDS - contig=contig_1, start=85897, stop=87708, strand=+, frame=1, truncated=no, start-type=GTG, RBS-motif=GGA/GAG/AGG
16:42:49.039 - INFO - CDS - contig=contig_1, start=87749, stop=88363, strand=+, frame=2, truncated=no, start-type=TTG, RBS-motif=AGGA/GGAG/GAGG
16:42:49.039 - INFO - CDS - contig=contig_1, start=88418, stop=88540, strand=-, frame=3, truncated=no, start-type=ATG, RBS-motif=GGxGG
16:42:49.039 - INFO - CDS - contig=contig_1, start=88537, stop=89652, strand=-, frame=1, truncated=no, start-type=ATG, RBS-motif=GGAG/GAGG
16:42:49.039 - INFO - CDS - contig=contig_1, start=89807, stop=90058, strand=-, frame=3, truncated=no, start-type=ATG, RBS-motif=AGGAG
16:42:49.039 - INFO - CDS - contig=contig_1, start=90080, stop=90472, strand=-, frame=3, truncated=no, start-type=ATG, RBS-motif=GGA/GAG/AGG
16:42:49.039 - INFO - CDS - contig=contig_1, start=90588, stop=91691, strand=-, frame=2, truncated=no, start-type=TTG, RBS-motif=AGGAG
16:42:49.039 - INFO - CDS - contig=contig_1, start=91865, stop=93799, strand=-, frame=3, truncated=no, start-type=ATG, RBS-motif=GGAGG
16:42:49.040 - INFO - CDS - contig=contig_1, start=93836, stop=94147, strand=-, frame=3, truncated=no, start-type=TTG, RBS-motif=GGxGG
16:42:49.040 - INFO - CDS - contig=contig_1, start=94128, stop=94793, strand=-, frame=2, truncated=no, start-type=GTG, RBS-motif=None
16:42:49.040 - INFO - CDS - contig=contig_1, start=94800, stop=97442, strand=-, frame=2, truncated=no, start-type=TTG, RBS-motif=GGAG/GAGG
16:42:49.040 - INFO - CDS - contig=contig_1, start=97455, stop=98216, strand=-, frame=2, truncated=no, start-type=TTG, RBS-motif=GGxGG
16:42:49.040 - INFO - CDS - contig=contig_1, start=98257, stop=105141, strand=-, frame=1, truncated=no, start-type=TTG, RBS-motif=AGGA/GGAG/GAGG
16:42:49.040 - INFO - CDS - contig=contig_1, start=105195, stop=105821, strand=-, frame=2, truncated=no, start-type=ATG, RBS-motif=GGxGG
16:42:49.040 - INFO - CDS - contig=contig_1, start=106028, stop=106438, strand=+, frame=2, truncated=no, start-type=ATG, RBS-motif=AGGAG
16:42:49.040 - INFO - CDS - contig=contig_1, start=106502, stop=106858, strand=-, frame=3, truncated=no, start-type=TTG, RBS-motif=AGGA/GGAG/GAGG
16:42:49.040 - INFO - CDS - contig=contig_1, start=106859, stop=107041, strand=-, frame=3, truncated=no, start-type=GTG, RBS-motif=GGxGG
16:42:49.041 - INFO - CDS - contig=contig_1, start=107252, stop=108256, strand=-, frame=3, truncated=no, start-type=ATG, RBS-motif=GGxGG
16:42:49.041 - INFO - CDS - contig=contig_1, start=108270, stop=108692, strand=-, frame=2, truncated=no, start-type=ATG, RBS-motif=3Base/5BMM
16:42:49.041 - INFO - CDS - contig=contig_1, start=108689, stop=109177, strand=-, frame=3, truncated=no, start-type=ATG, RBS-motif=AGGAG
16:42:49.041 - INFO - CDS - contig=contig_1, start=109229, stop=109420, strand=-, frame=3, truncated=no, start-type=ATG, RBS-motif=GGA/GAG/AGG
16:42:49.041 - INFO - CDS - contig=contig_1, start=109417, stop=109767, strand=-, frame=1, truncated=no, start-type=ATG, RBS-motif=AGGAG
16:42:49.041 - INFO - CDS - contig=contig_1, start=109778, stop=110995, strand=-, frame=3, truncated=no, start-type=ATG, RBS-motif=GGA/GAG/AGG
16:42:49.041 - INFO - CDS - contig=contig_1, start=110997, stop=111353, strand=-, frame=2, truncated=no, start-type=TTG, RBS-motif=AGGAG
16:42:49.041 - INFO - CDS - contig=contig_1, start=111417, stop=111644, strand=-, frame=2, truncated=no, start-type=ATG, RBS-motif=GGxGG
16:42:49.041 - INFO - CDS - contig=contig_1, start=111644, stop=112153, strand=-, frame=3, truncated=no, start-type=TTG, RBS-motif=None
16:42:49.041 - INFO - CDS - contig=contig_1, start=112273, stop=113070, strand=-, frame=1, truncated=no, start-type=TTG, RBS-motif=AGGAG
16:42:49.041 - INFO - CDS - contig=contig_1, start=113113, stop=113823, strand=-, frame=1, truncated=no, start-type=ATG, RBS-motif=GGAG/GAGG
16:42:49.041 - INFO - CDS - contig=contig_1, start=113820, stop=114326, strand=-, frame=2, truncated=no, start-type=ATG, RBS-motif=None
16:42:49.041 - INFO - CDS - contig=contig_1, start=114323, stop=114973, strand=-, frame=3, truncated=no, start-type=ATG, RBS-motif=None
16:42:49.041 - INFO - CDS - contig=contig_1, start=114957, stop=115211, strand=-, frame=2, truncated=no, start-type=ATG, RBS-motif=GGxGG
16:42:49.042 - INFO - CDS - contig=contig_1, start=115208, stop=115603, strand=-, frame=3, truncated=no, start-type=ATG, RBS-motif=AGGAG
16:42:49.042 - INFO - CDS - contig=contig_1, start=115618, stop=116088, strand=-, frame=1, truncated=no, start-type=TTG, RBS-motif=AGGAG
16:42:49.042 - INFO - CDS - contig=contig_1, start=116124, stop=117140, strand=-, frame=2, truncated=no, start-type=ATG, RBS-motif=AGGAG
16:42:49.042 - INFO - CDS - contig=contig_1, start=117179, stop=117715, strand=-, frame=3, truncated=no, start-type=ATG, RBS-motif=GGAGG
16:42:49.042 - INFO - CDS - contig=contig_1, start=117740, stop=119176, strand=-, frame=3, truncated=no, start-type=TTG, RBS-motif=GGAGG
16:42:49.042 - INFO - CDS - contig=contig_1, start=119207, stop=120727, strand=-, frame=3, truncated=no, start-type=ATG, RBS-motif=GGAG/GAGG
16:42:49.042 - INFO - CDS - contig=contig_1, start=120745, stop=122514, strand=-, frame=1, truncated=no, start-type=ATG, RBS-motif=GGAG/GAGG
16:42:49.042 - INFO - CDS - contig=contig_1, start=122501, stop=123421, strand=-, frame=3, truncated=no, start-type=ATG, RBS-motif=GGAGG
16:42:49.042 - INFO - CDS - contig=contig_1, start=123524, stop=124048, strand=-, frame=3, truncated=no, start-type=ATG, RBS-motif=AGGA/GGAG/GAGG
16:42:49.042 - INFO - CDS - contig=contig_1, start=124038, stop=124409, strand=-, frame=2, truncated=no, start-type=GTG, RBS-motif=GGAG/GAGG
16:42:49.042 - INFO - CDS - contig=contig_1, start=124446, stop=124901, strand=-, frame=2, truncated=no, start-type=TTG, RBS-motif=AGGAG
16:42:49.043 - INFO - CDS - contig=contig_1, start=124915, stop=126114, strand=-, frame=1, truncated=no, start-type=ATG, RBS-motif=AGxAGG/AGGxGG
16:42:49.043 - INFO - CDS - contig=contig_1, start=126126, stop=126335, strand=-, frame=2, truncated=no, start-type=TTG, RBS-motif=GGAGG
16:42:49.043 - INFO - CDS - contig=contig_1, start=128013, stop=128288, strand=-, frame=2, truncated=no, start-type=ATG, RBS-motif=AGGAG
16:42:49.043 - INFO - CDS - contig=contig_1, start=128541, stop=129236, strand=-, frame=2, truncated=no, start-type=ATG, RBS-motif=None
16:42:49.043 - INFO - CDS - contig=contig_1, start=129394, stop=130296, strand=-, frame=1, truncated=no, start-type=GTG, RBS-motif=GGxGG
16:42:49.043 - INFO - CDS - contig=contig_1, start=130479, stop=132356, strand=-, frame=2, truncated=no, start-type=TTG, RBS-motif=GGAG/GAGG
16:42:49.043 - INFO - CDS - contig=contig_1, start=132401, stop=132580, strand=-, frame=3, truncated=no, start-type=ATG, RBS-motif=GGAGG
16:42:49.043 - INFO - CDS - contig=contig_1, start=132955, stop=133074, strand=+, frame=1, truncated=no, start-type=ATG, RBS-motif=GGA/GAG/AGG
16:42:49.043 - INFO - CDS - contig=contig_1, start=133074, stop=133454, strand=+, frame=3, truncated=no, start-type=GTG, RBS-motif=None
16:42:49.043 - INFO - CDS - contig=contig_1, start=390, stop=539, strand=-, nt=[ATGGGTGTTT..TGTGTGGTGA]
16:42:49.043 - INFO - CDS - contig=contig_1, start=1138, stop=1296, strand=+, nt=[GTGGAGAATA..TGAACCTTGA]
16:42:49.043 - INFO - CDS - contig=contig_1, start=1384, stop=2601, strand=+, nt=[ATGAATAAGG..AAATGAATAG]
16:42:49.043 - INFO - CDS - contig=contig_1, start=2961, stop=3815, strand=+, nt=[ATGAAGAATA..AAGGATGTAA]
16:42:49.043 - INFO - CDS - contig=contig_1, start=3821, stop=4738, strand=+, nt=[ATGACAAATG..GGTGGTTTAA]
16:42:49.043 - INFO - CDS - contig=contig_1, start=4740, stop=5342, strand=+, nt=[ATGGCGATTA..AATTATTTAG]
16:42:49.044 - INFO - CDS - contig=contig_1, start=5344, stop=7140, strand=+, nt=[ATGACTGTAA..TGTTTGCTAA]
16:42:49.044 - INFO - CDS - contig=contig_1, start=7186, stop=7455, strand=+, nt=[ATGAAAGAGA..GGATGAATAA]
16:42:49.044 - INFO - CDS - contig=contig_1, start=7489, stop=7692, strand=+, nt=[ATGGGAAAAA..CTCTAAATAA]
16:42:49.044 - INFO - CDS - contig=contig_1, start=7727, stop=7966, strand=+, nt=[ATGAGTACGA..GAGAAATTAA]
16:42:49.044 - INFO - CDS - contig=contig_1, start=7966, stop=8238, strand=+, nt=[ATGAAGGAGG..TTCTAAATAA]
16:42:49.044 - INFO - CDS - contig=contig_1, start=8271, stop=8597, strand=+, nt=[TTGCTTACAT..GATCAGCTAG]
16:42:49.044 - INFO - CDS - contig=contig_1, start=8700, stop=8897, strand=+, nt=[GTGGCAAAGG..TCAAGTGTGA]
16:42:49.044 - INFO - CDS - contig=contig_1, start=8967, stop=9299, strand=+, nt=[ATGTTTAAAA..GAAAAAATAA]
16:42:49.044 - INFO - CDS - contig=contig_1, start=9667, stop=9900, strand=+, nt=[ATGCCAAAAA..TAATGAATAA]
16:42:49.044 - INFO - CDS - contig=contig_1, start=9947, stop=10222, strand=+, nt=[ATGCAACTAA..AAATGATTAA]
16:42:49.044 - INFO - CDS - contig=contig_1, start=10270, stop=10905, strand=+, nt=[ATGGGCATAC..AGACAAATAG]
16:42:49.044 - INFO - CDS - contig=contig_1, start=10934, stop=11164, strand=+, nt=[ATGGCAGCCA..TGAAAATTGA]
16:42:49.044 - INFO - CDS - contig=contig_1, start=11219, stop=11731, strand=+, nt=[TTGAGATCAT..TCCGTATTGA]
16:42:49.044 - INFO - CDS - contig=contig_1, start=11825, stop=12004, strand=-, nt=[GTGGAAGAGA..GAGCATTTAA]
16:42:49.044 - INFO - CDS - contig=contig_1, start=12074, stop=12325, strand=+, nt=[ATGATTGGAT..AAGAGGTTGA]
16:42:49.044 - INFO - CDS - contig=contig_1, start=12329, stop=12544, strand=+, nt=[ATGCCTTTGA..AAAGCGTTAG]
16:42:49.044 - INFO - CDS - contig=contig_1, start=12555, stop=12686, strand=+, nt=[GTGTATTGGA..GCGGCTTTGA]
16:42:49.044 - INFO - CDS - contig=contig_1, start=13028, stop=13420, strand=+, nt=[TTGAAAGTAA..GTTTTGCTAA]
16:42:49.044 - INFO - CDS - contig=contig_1, start=13691, stop=14842, strand=+, nt=[TTGAAATTAA..CACTATTTAG]
16:42:49.044 - INFO - CDS - contig=contig_1, start=14873, stop=15004, strand=+, nt=[TTGAAAAAAG..TGGTGCTTAA]
16:42:49.044 - INFO - CDS - contig=contig_1, start=15136, stop=15291, strand=+, nt=[ATGAAAAAAC..GGCTTCCTAA]
16:42:49.044 - INFO - CDS - contig=contig_1, start=15442, stop=15648, strand=+, nt=[ATGGAAGAAT..ATGCATATAA]
16:42:49.044 - INFO - CDS - contig=contig_1, start=15665, stop=15910, strand=+, nt=[ATGACTAACA..TGTTCATTGA]
16:42:49.045 - INFO - CDS - contig=contig_1, start=15907, stop=16104, strand=+, nt=[TTGAGCAAGT..AATTAAATGA]
16:42:49.045 - INFO - CDS - contig=contig_1, start=16115, stop=17176, strand=+, nt=[TTGGAAGTGA..ATTAAAATAA]
16:42:49.045 - INFO - CDS - contig=contig_1, start=17261, stop=18607, strand=+, nt=[GTGGTTCAGG..TGTTCGTTAG]
16:42:49.045 - INFO - CDS - contig=contig_1, start=18626, stop=19597, strand=+, nt=[ATGAGTGAAC..TGCTGATTAA]
16:42:49.045 - INFO - CDS - contig=contig_1, start=19828, stop=20049, strand=-, nt=[ATGCTAGAAG..CAAACATTGA]
16:42:49.045 - INFO - CDS - contig=contig_1, start=20183, stop=20518, strand=+, nt=[ATGTTTGGTC..AGCAAAGTGA]
16:42:49.045 - INFO - CDS - contig=contig_1, start=20591, stop=20830, strand=+, nt=[ATGAAACTGG..TACTATGTAA]
16:42:49.045 - INFO - CDS - contig=contig_1, start=20949, stop=21188, strand=+, nt=[TTGATTAATG..TAAAATGTAA]
16:42:49.045 - INFO - CDS - contig=contig_1, start=21221, stop=21502, strand=+, nt=[ATGGGTGCAT..GATATTATGA]
16:42:49.045 - INFO - CDS - contig=contig_1, start=21499, stop=21879, strand=+, nt=[ATGAACACAG..CGCGGAGTGA]
16:42:49.045 - INFO - CDS - contig=contig_1, start=21879, stop=22226, strand=+, nt=[ATGGACAAAA..CGCGGAGTGA]
16:42:49.045 - INFO - CDS - contig=contig_1, start=22223, stop=22654, strand=+, nt=[GTGAGTGAGA..AAAGAATTGA]
16:42:49.045 - INFO - CDS - contig=contig_1, start=22693, stop=23379, strand=+, nt=[ATGGGAATGT..AATTTTTTGA]
16:42:49.045 - INFO - CDS - contig=contig_1, start=23425, stop=24159, strand=+, nt=[ATGGAATTGT..GACGAAGTGA]
16:42:49.045 - INFO - CDS - contig=contig_1, start=24159, stop=24506, strand=+, nt=[ATGAAAAGAA..GTTTGGATAA]
16:42:49.045 - INFO - CDS - contig=contig_1, start=24551, stop=24730, strand=+, nt=[ATGGTTAAAC..AGGTGAATAG]
16:42:49.045 - INFO - CDS - contig=contig_1, start=24764, stop=24958, strand=+, nt=[GTGATTGCTG..CATAACCTAG]
16:42:49.045 - INFO - CDS - contig=contig_1, start=25009, stop=25401, strand=+, nt=[TTGAATCCCT..TTATGAATAA]
16:42:49.045 - INFO - CDS - contig=contig_1, start=25426, stop=25662, strand=+, nt=[GTGAAAGATA..CTTACACTGA]
16:42:49.045 - INFO - CDS - contig=contig_1, start=25699, stop=26370, strand=+, nt=[ATGGCAATTG..TCTCAATTAA]
16:42:49.045 - INFO - CDS - contig=contig_1, start=26389, stop=27006, strand=+, nt=[ATGAAAATTC..GCTATTTTGA]
16:42:49.045 - INFO - CDS - contig=contig_1, start=27081, stop=27281, strand=+, nt=[ATGAATCCAT..ATCACAATAA]
16:42:49.045 - INFO - CDS - contig=contig_1, start=27301, stop=27483, strand=+, nt=[ATGGAGGACA..TAAAGAGTAA]
16:42:49.046 - INFO - CDS - contig=contig_1, start=27470, stop=27685, strand=+, nt=[ATGATAAAGA..TCTTGCTTAA]
16:42:49.046 - INFO - CDS - contig=contig_1, start=27700, stop=28182, strand=+, nt=[TTGGACAGAA..CAATGAATAA]
16:42:49.046 - INFO - CDS - contig=contig_1, start=28175, stop=28531, strand=+, nt=[ATGAATAAAA..AGAGGAATGA]
16:42:49.046 - INFO - CDS - contig=contig_1, start=28533, stop=28634, strand=+, nt=[ATGTACAGGA..TTCACTATAA]
16:42:49.046 - INFO - CDS - contig=contig_1, start=28964, stop=29113, strand=-, nt=[ATGAGATTTC..TAGAAACTAA]
16:42:49.046 - INFO - CDS - contig=contig_1, start=29288, stop=29548, strand=+, nt=[ATGAGTGTAG..TACATGCTGA]
16:42:49.046 - INFO - CDS - contig=contig_1, start=29667, stop=30479, strand=-, nt=[TTGTTTGTAT..GAGAGTATAA]
16:42:49.046 - INFO - CDS - contig=contig_1, start=30549, stop=31223, strand=-, nt=[ATGTGTGGCA..ATCCCATTAA]
16:42:49.046 - INFO - CDS - contig=contig_1, start=31295, stop=31510, strand=+, nt=[ATGCAGCAGC..AAGTGCATGA]
16:42:49.046 - INFO - CDS - contig=contig_1, start=31573, stop=32775, strand=+, nt=[ATGAGTTATC..ATCTAAATAA]
16:42:49.046 - INFO - CDS - contig=contig_1, start=32804, stop=33007, strand=+, nt=[ATGAGGGAAA..GGCCGGGTAG]
16:42:49.046 - INFO - CDS - contig=contig_1, start=33251, stop=34138, strand=+, nt=[ATGAAGCTAA..TGAAAATTAA]
16:42:49.046 - INFO - CDS - contig=contig_1, start=34128, stop=34400, strand=+, nt=[ATGAAAATTA..ATCTAAATAA]
16:42:49.046 - INFO - CDS - contig=contig_1, start=34423, stop=34569, strand=+, nt=[ATGAGATACA..CGGGAGGTAA]
16:42:49.046 - INFO - CDS - contig=contig_1, start=34575, stop=34724, strand=+, nt=[ATGAGGAAAA..ATATTTATAA]
16:42:49.046 - INFO - CDS - contig=contig_1, start=34787, stop=35167, strand=+, nt=[ATGTCAAACA..AATTGTTTAA]
16:42:49.046 - INFO - CDS - contig=contig_1, start=35448, stop=36074, strand=+, nt=[ATGGATCATG..ATATGAATAG]
16:42:49.046 - INFO - CDS - contig=contig_1, start=36208, stop=36588, strand=+, nt=[GTGAAAAAGG..TAATAAATGA]
16:42:49.046 - INFO - CDS - contig=contig_1, start=36607, stop=37521, strand=+, nt=[ATGGCAGAAA..ACCTTTTTAA]
16:42:49.046 - INFO - CDS - contig=contig_1, start=37605, stop=38576, strand=+, nt=[ATGGCAATCG..ATCTGAATAA]
16:42:49.046 - INFO - CDS - contig=contig_1, start=38618, stop=39088, strand=+, nt=[TTGGGTAGAC..CAGCTTATAG]
16:42:49.046 - INFO - CDS - contig=contig_1, start=39103, stop=40620, strand=+, nt=[TTGTTACAAG..AGCAGGATGA]
16:42:49.046 - INFO - CDS - contig=contig_1, start=40636, stop=41772, strand=+, nt=[TTGAAGTATG..GGGAATTTAA]
16:42:49.047 - INFO - CDS - contig=contig_1, start=41772, stop=43502, strand=+, nt=[ATGGAGTATA..TGTGTTTTAA]
16:42:49.047 - INFO - CDS - contig=contig_1, start=43515, stop=47432, strand=+, nt=[TTGATTGGAT..AGAAATATAG]
16:42:49.047 - INFO - CDS - contig=contig_1, start=47507, stop=48157, strand=+, nt=[ATGATGATTT..TATTAATTAG]
16:42:49.047 - INFO - CDS - contig=contig_1, start=48169, stop=48384, strand=+, nt=[TTGCCTAAAT..TTATGTTTAG]
16:42:49.047 - INFO - CDS - contig=contig_1, start=48377, stop=48532, strand=+, nt=[ATGTTTAGAA..GGAGGATTAA]
16:42:49.047 - INFO - CDS - contig=contig_1, start=48532, stop=49029, strand=+, nt=[ATGACATTAA..GTTTGAGTAG]
16:42:49.047 - INFO - CDS - contig=contig_1, start=49058, stop=49285, strand=+, nt=[TTGAAAAGGA..AATAAACTAG]
16:42:49.047 - INFO - CDS - contig=contig_1, start=49338, stop=49760, strand=+, nt=[GTGAATAAAA..CATAGAATAA]
16:42:49.047 - INFO - CDS - contig=contig_1, start=49727, stop=49987, strand=+, nt=[TTGTGTGGAC..GGGTATCTAA]
16:42:49.047 - INFO - CDS - contig=contig_1, start=50025, stop=50234, strand=+, nt=[ATGGAAAGTA..TTCTGAATAA]
16:42:49.047 - INFO - CDS - contig=contig_1, start=50278, stop=50496, strand=+, nt=[TTGGAAAGTT..AGGAGAGTGA]
16:42:49.047 - INFO - CDS - contig=contig_1, start=50499, stop=50864, strand=+, nt=[ATGCTAACTG..GATTCATTAA]
16:42:49.047 - INFO - CDS - contig=contig_1, start=50904, stop=51131, strand=+, nt=[TTGAAAAAGT..ATTTTCATAA]
16:42:49.047 - INFO - CDS - contig=contig_1, start=51403, stop=51594, strand=+, nt=[ATGGGGTGCG..TTTAGAATAA]
16:42:49.047 - INFO - CDS - contig=contig_1, start=51646, stop=51909, strand=+, nt=[GTGAATCAAG..CCATGTGTAA]
16:42:49.047 - INFO - CDS - contig=contig_1, start=51934, stop=52482, strand=+, nt=[ATGACAAAGA..TTGGAAATAG]
16:42:49.047 - INFO - CDS - contig=contig_1, start=52543, stop=52722, strand=+, nt=[ATGGTGCAAT..TAATATCTAA]
16:42:49.047 - INFO - CDS - contig=contig_1, start=52765, stop=53172, strand=+, nt=[GTGGGACGAC..AAAAGACTAA]
16:42:49.047 - INFO - CDS - contig=contig_1, start=53187, stop=53534, strand=+, nt=[TTGAATAAGG..GTTTATCTAA]
16:42:49.047 - INFO - CDS - contig=contig_1, start=53548, stop=53673, strand=+, nt=[ATGAGTGATG..GTCTAAATAA]
16:42:49.047 - INFO - CDS - contig=contig_1, start=53716, stop=54078, strand=+, nt=[ATGATCTTAA..AAAAGGATGA]
16:42:49.047 - INFO - CDS - contig=contig_1, start=54534, stop=54881, strand=+, nt=[ATGGGGGCAG..TAACGATTAG]
16:42:49.047 - INFO - CDS - contig=contig_1, start=54881, stop=55276, strand=+, nt=[GTGATCATTA..AGCTCAATAA]
16:42:49.047 - INFO - CDS - contig=contig_1, start=55239, stop=55961, strand=+, nt=[TTGACAAACA..AATGGGTTGA]
16:42:49.047 - INFO - CDS - contig=contig_1, start=56385, stop=58745, strand=+, nt=[ATGTTCTATC..TGTTGTCTGA]
16:42:49.048 - INFO - CDS - contig=contig_1, start=58715, stop=58897, strand=-, nt=[ATGAATAAAA..TGAATCCTGA]
16:42:49.048 - INFO - CDS - contig=contig_1, start=59008, stop=59595, strand=+, nt=[TTGACAAAAA..GATTATTTAA]
16:42:49.048 - INFO - CDS - contig=contig_1, start=59700, stop=60221, strand=+, nt=[ATGATAAGGA..TATCGCATAG]
16:42:49.048 - INFO - CDS - contig=contig_1, start=60434, stop=60805, strand=+, nt=[TTGCTAGCTC..TATTCAATGA]
16:42:49.048 - INFO - CDS - contig=contig_1, start=60802, stop=61044, strand=+, nt=[ATGAGATTAA..ATTACGATAA]
16:42:49.048 - INFO - CDS - contig=contig_1, start=61090, stop=61518, strand=+, nt=[ATGCAAATTA..AACGAAGTAA]
16:42:49.048 - INFO - CDS - contig=contig_1, start=61613, stop=62062, strand=+, nt=[ATGAAAATAA..TATACAATAA]
16:42:49.048 - INFO - CDS - contig=contig_1, start=62101, stop=62346, strand=-, nt=[TTGCGTAAAA..GAGCATTTAA]
16:42:49.048 - INFO - CDS - contig=contig_1, start=62523, stop=62651, strand=+, nt=[TTGCAAGGAC..GGGTGGGTGA]
16:42:49.048 - INFO - CDS - contig=contig_1, start=62656, stop=62961, strand=+, nt=[TTGTTTAAGA..CAAATATTAA]
16:42:49.048 - INFO - CDS - contig=contig_1, start=62945, stop=63160, strand=+, nt=[ATGAAAGCAA..TATCACTTGA]
16:42:49.048 - INFO - CDS - contig=contig_1, start=63203, stop=63619, strand=+, nt=[ATGTTTATTA..ATTCTTATAA]
16:42:49.048 - INFO - CDS - contig=contig_1, start=63676, stop=64515, strand=+, nt=[ATGACTCAAT..AGCGGTTTAA]
16:42:49.048 - INFO - CDS - contig=contig_1, start=64899, stop=65918, strand=+, nt=[ATGAGTAAAA..AGAAATGTAA]
16:42:49.048 - INFO - CDS - contig=contig_1, start=65995, stop=66726, strand=+, nt=[ATGCTAAACA..AAACGCTTAA]
16:42:49.048 - INFO - CDS - contig=contig_1, start=66899, stop=67189, strand=+, nt=[TTGAAACATC..TAGATTTTAG]
16:42:49.048 - INFO - CDS - contig=contig_1, start=67539, stop=67892, strand=+, nt=[TTGGAGGTAG..TGAGATATGA]
16:42:49.048 - INFO - CDS - contig=contig_1, start=68157, stop=68345, strand=+, nt=[ATGAATCAAT..TGTTCACTAA]
16:42:49.048 - INFO - CDS - contig=contig_1, start=68426, stop=68638, strand=-, nt=[ATGGCTCAAC..ATTTCATTAA]
16:42:49.048 - INFO - CDS - contig=contig_1, start=68908, stop=69213, strand=+, nt=[ATGAACAGTT..TTATTATTGA]
16:42:49.048 - INFO - CDS - contig=contig_1, start=69358, stop=69774, strand=+, nt=[ATGAAGAACG..TGGAGAATAA]
16:42:49.048 - INFO - CDS - contig=contig_1, start=69764, stop=70186, strand=+, nt=[GTGGAGAATA..CAGAGTTTAA]
16:42:49.048 - INFO - CDS - contig=contig_1, start=70167, stop=70550, strand=+, nt=[ATGAAAAATT..ATGCCATTGA]
16:42:49.049 - INFO - CDS - contig=contig_1, start=70492, stop=70710, strand=+, nt=[TTGTTGAAGT..TTCTAAGTAG]
16:42:49.049 - INFO - CDS - contig=contig_1, start=70711, stop=70875, strand=+, nt=[ATGATTGTTA..GTTTCAATGA]
16:42:49.049 - INFO - CDS - contig=contig_1, start=70872, stop=71123, strand=+, nt=[ATGAAAAATG..TTTATTTTGA]
16:42:49.049 - INFO - CDS - contig=contig_1, start=71187, stop=71471, strand=-, nt=[ATGTATGTGT..CAATTCATAA]
16:42:49.049 - INFO - CDS - contig=contig_1, start=71507, stop=72106, strand=+, nt=[TTGGGAGCAA..GCATCAATGA]
16:42:49.049 - INFO - CDS - contig=contig_1, start=72103, stop=72249, strand=+, nt=[ATGAGCAAAA..AAAAGCATAA]
16:42:49.049 - INFO - CDS - contig=contig_1, start=72338, stop=74419, strand=+, nt=[TTGCTTATAT..TAAAAATTGA]
16:42:49.049 - INFO - CDS - contig=contig_1, start=74744, stop=75583, strand=+, nt=[ATGAGTGAGA..CTTTTTGTAA]
16:42:49.049 - INFO - CDS - contig=contig_1, start=75676, stop=76557, strand=+, nt=[ATGAAAAGCT..TTCTCTATAA]
16:42:49.049 - INFO - CDS - contig=contig_1, start=76634, stop=77524, strand=-, nt=[TTGAAGAAAG..TGAACGCTAA]
16:42:49.049 - INFO - CDS - contig=contig_1, start=77706, stop=77957, strand=+, nt=[ATGCTTGGAA..TGTTTCCTAA]
16:42:49.049 - INFO - CDS - contig=contig_1, start=78049, stop=78582, strand=+, nt=[ATGGAAGAAG..CATAAATTAA]
16:42:49.049 - INFO - CDS - contig=contig_1, start=78715, stop=80517, strand=+, nt=[ATGAAGGTTT..TGGAAATTGA]
16:42:49.049 - INFO - CDS - contig=contig_1, start=80527, stop=80985, strand=+, nt=[ATGATTTATT..GGACGATTAA]
16:42:49.049 - INFO - CDS - contig=contig_1, start=81075, stop=81533, strand=+, nt=[ATGTGGGTAA..AGACAATTAA]
16:42:49.049 - INFO - CDS - contig=contig_1, start=81589, stop=82167, strand=+, nt=[ATGAGCTTCA..AAGCAGTTAA]
16:42:49.049 - INFO - CDS - contig=contig_1, start=82203, stop=82736, strand=+, nt=[ATGGCAGTTA..TCATGGATAA]
16:42:49.049 - INFO - CDS - contig=contig_1, start=83399, stop=83758, strand=+, nt=[GTGGTAAATG..TTCAATTTGA]
16:42:49.049 - INFO - CDS - contig=contig_1, start=83802, stop=84113, strand=-, nt=[TTGATTTTAG..TAATAAATAA]
16:42:49.049 - INFO - CDS - contig=contig_1, start=84311, stop=84643, strand=+, nt=[ATGCTTAGGG..CAATGATTGA]
16:42:49.049 - INFO - CDS - contig=contig_1, start=84636, stop=85319, strand=+, nt=[ATGATTGATT..TTCGGAATAA]
16:42:49.049 - INFO - CDS - contig=contig_1, start=85897, stop=87708, strand=+, nt=[GTGAGAAGTC..ACTAAACTGA]
16:42:49.050 - INFO - CDS - contig=contig_1, start=87749, stop=88363, strand=+, nt=[TTGGGGGAGA..TAAATCATAA]
16:42:49.050 - INFO - CDS - contig=contig_1, start=88418, stop=88540, strand=-, nt=[ATGAAAAAAC..CGGAGGTTAA]
16:42:49.050 - INFO - CDS - contig=contig_1, start=88537, stop=89652, strand=-, nt=[ATGAGTAAGA..AATCTTATGA]
16:42:49.050 - INFO - CDS - contig=contig_1, start=89807, stop=90058, strand=-, nt=[ATGACTAAAA..ACCGAGATAA]
16:42:49.050 - INFO - CDS - contig=contig_1, start=90080, stop=90472, strand=-, nt=[ATGGATAACT..CCTTAAATAA]
16:42:49.050 - INFO - CDS - contig=contig_1, start=90588, stop=91691, strand=-, nt=[TTGTCAGCTT..TAAAATTTAA]
16:42:49.050 - INFO - CDS - contig=contig_1, start=91865, stop=93799, strand=-, nt=[ATGGCTGGTT..CTTGGATTAA]
16:42:49.050 - INFO - CDS - contig=contig_1, start=93836, stop=94147, strand=-, nt=[TTGACAAGAA..AACTGACTAA]
16:42:49.050 - INFO - CDS - contig=contig_1, start=94128, stop=94793, strand=-, nt=[GTGATTAATC..AAATTTATAA]
16:42:49.050 - INFO - CDS - contig=contig_1, start=94800, stop=97442, strand=-, nt=[TTGATAACTA..GCAAAATTAA]
16:42:49.050 - INFO - CDS - contig=contig_1, start=97455, stop=98216, strand=-, nt=[TTGATTAGAC..GTATCGATAA]
16:42:49.050 - INFO - CDS - contig=contig_1, start=98257, stop=105141, strand=-, nt=[TTGAGTCAAA..CATAACATGA]
16:42:49.050 - INFO - CDS - contig=contig_1, start=105195, stop=105821, strand=-, nt=[ATGGATCCAA..CGCTCAATAA]
16:42:49.050 - INFO - CDS - contig=contig_1, start=106028, stop=106438, strand=+, nt=[ATGGAAAACA..AGGAAGGTAA]
16:42:49.050 - INFO - CDS - contig=contig_1, start=106502, stop=106858, strand=-, nt=[TTGGACTATG..TGTTGCTTAA]
16:42:49.050 - INFO - CDS - contig=contig_1, start=106859, stop=107041, strand=-, nt=[GTGAATAGAA..TCGATTATAA]
16:42:49.050 - INFO - CDS - contig=contig_1, start=107252, stop=108256, strand=-, nt=[ATGACCAAAC..ATTTGTTTAG]
16:42:49.050 - INFO - CDS - contig=contig_1, start=108270, stop=108692, strand=-, nt=[ATGATGGCGA..AACAGACTAA]
16:42:49.050 - INFO - CDS - contig=contig_1, start=108689, stop=109177, strand=-, nt=[ATGGCATCAA..CTCACAATGA]
16:42:49.050 - INFO - CDS - contig=contig_1, start=109229, stop=109420, strand=-, nt=[ATGAACAATT..TACTGAATAA]
16:42:49.050 - INFO - CDS - contig=contig_1, start=109417, stop=109767, strand=-, nt=[ATGATACAAG..AACAGCATGA]
16:42:49.050 - INFO - CDS - contig=contig_1, start=109778, stop=110995, strand=-, nt=[ATGAGCAGCA..GTTGAATTAG]
16:42:49.050 - INFO - CDS - contig=contig_1, start=110997, stop=111353, strand=-, nt=[TTGACAGAAA..GGTGAGTTAA]
16:42:49.050 - INFO - CDS - contig=contig_1, start=111417, stop=111644, strand=-, nt=[ATGACATTTG..TTTTGAATAA]
16:42:49.050 - INFO - CDS - contig=contig_1, start=111644, stop=112153, strand=-, nt=[TTGGAGGTTG..GATGGAATAA]
16:42:49.051 - INFO - CDS - contig=contig_1, start=112273, stop=113070, strand=-, nt=[TTGGCAAAAC..AACTGAATAA]
16:42:49.051 - INFO - CDS - contig=contig_1, start=113113, stop=113823, strand=-, nt=[ATGAATGAGT..TGGAGGCTAA]
16:42:49.051 - INFO - CDS - contig=contig_1, start=113820, stop=114326, strand=-, nt=[ATGAGCATGA..AAGTAAATGA]
16:42:49.051 - INFO - CDS - contig=contig_1, start=114323, stop=114973, strand=-, nt=[ATGAAGGACT..AAAGACATGA]
16:42:49.051 - INFO - CDS - contig=contig_1, start=114957, stop=115211, strand=-, nt=[ATGAGTACAA..ACTACAGTAA]
16:42:49.051 - INFO - CDS - contig=contig_1, start=115208, stop=115603, strand=-, nt=[ATGACATCTT..TTATCTATGA]
16:42:49.051 - INFO - CDS - contig=contig_1, start=115618, stop=116088, strand=-, nt=[TTGACTGAAA..CTTTGACTAA]
16:42:49.051 - INFO - CDS - contig=contig_1, start=116124, stop=117140, strand=-, nt=[ATGAAATTAG..ATCTATCTAA]
16:42:49.051 - INFO - CDS - contig=contig_1, start=117179, stop=117715, strand=-, nt=[ATGGCTACAA..CGAGGCCTAA]
16:42:49.051 - INFO - CDS - contig=contig_1, start=117740, stop=119176, strand=-, nt=[TTGACAAAGA..TTCACAATAA]
16:42:49.051 - INFO - CDS - contig=contig_1, start=119207, stop=120727, strand=-, nt=[ATGGTAACCT..TCCTATTTAA]
16:42:49.051 - INFO - CDS - contig=contig_1, start=120745, stop=122514, strand=-, nt=[ATGACCTCAC..CTATTTTTAA]
16:42:49.051 - INFO - CDS - contig=contig_1, start=122501, stop=123421, strand=-, nt=[ATGTCTGCAG..CCTCACATAA]
16:42:49.051 - INFO - CDS - contig=contig_1, start=123524, stop=124048, strand=-, nt=[ATGACAAATG..TTTAGTTTAA]
16:42:49.051 - INFO - CDS - contig=contig_1, start=124038, stop=124409, strand=-, nt=[GTGGCTGATT..TGACAAATGA]
16:42:49.051 - INFO - CDS - contig=contig_1, start=124446, stop=124901, strand=-, nt=[TTGGATTTAG..TCACTATTGA]
16:42:49.051 - INFO - CDS - contig=contig_1, start=124915, stop=126114, strand=-, nt=[ATGACAGCTA..TGAAAACTAA]
16:42:49.051 - INFO - CDS - contig=contig_1, start=126126, stop=126335, strand=-, nt=[TTGGCTAAAG..CTCTGAGTAG]
16:42:49.051 - INFO - CDS - contig=contig_1, start=128013, stop=128288, strand=-, nt=[ATGAACAAAA..GAAAGCTTAA]
16:42:49.051 - INFO - CDS - contig=contig_1, start=128541, stop=129236, strand=-, nt=[ATGGTCTATT..AGAAAAATAG]
16:42:49.051 - INFO - CDS - contig=contig_1, start=129394, stop=130296, strand=-, nt=[GTGAAGTTTA..TGTGAAATGA]
16:42:49.051 - INFO - CDS - contig=contig_1, start=130479, stop=132356, strand=-, nt=[TTGAAAGGAA..TATCGATTAA]
16:42:49.051 - INFO - CDS - contig=contig_1, start=132401, stop=132580, strand=-, nt=[ATGAAAAAAC..TAGTTATTAA]
16:42:49.051 - INFO - CDS - contig=contig_1, start=132955, stop=133074, strand=+, nt=[ATGTTCTCAC..ATTGATTTAG]
16:42:49.051 - INFO - CDS - contig=contig_1, start=133074, stop=133454, strand=+, nt=[GTGGACTACA..GTGGGAATAG]
16:42:49.052 - INFO - CDS - predicted=195
16:42:49.297 - INFO - ORF - discarded=0
16:42:50.474 - INFO - UPS - looked-up=134
16:42:50.973 - INFO - IPS - looked-up=134
16:42:50.974 - INFO - ORF - write internal aa seqs: # seqs=61, path=/tmp/tmp4w3df31k/cds.psc.faa
16:44:03.489 - INFO - PSC - found: PSC=43, PSCC=5
16:44:04.033 - INFO - PSC - looked-up=182
16:44:04.397 - INFO - PSCC - looked-up=174
16:44:04.398 - INFO - ORF - write internal aa seqs: # seqs=195, path=/tmp/tmp4w3df31k/cds.expert.faa
16:44:06.167 - INFO - EXPERT-AMRFINDER - found=0
16:44:07.504 - INFO - EXPERT_AA_SEQ - found=6
16:44:07.504 - INFO - ANNOTATION - marked as hypothetical: contig=contig_1, start=390, stop=539, strand=-
16:44:07.505 - INFO - ANNOTATION - fix gene: extract symbol from protein name. symbol=yonU
16:44:07.505 - INFO - ANNOTATION - fix product: replace domain name underscores. new=Herpes-ori-bp domain-containing protein, old=Herpes_ori_bp domain-containing protein
16:44:07.505 - INFO - ANNOTATION - fix product: replace domain name underscores. new=HTH-7 domain-containing protein, old=HTH_7 domain-containing protein
16:44:07.505 - INFO - ANNOTATION - marked as hypothetical: contig=contig_1, start=7186, stop=7455, strand=+
16:44:07.506 - INFO - ANNOTATION - marked as hypothetical: contig=contig_1, start=7489, stop=7692, strand=+
16:44:07.506 - INFO - ANNOTATION - fix product: replace separator periods. new=Transferred entry: 5-6.2-1, old=Transferred entry: 5.6.2.1
16:44:07.506 - INFO - ANNOTATION - fix product: replace invalid characters. new=Transferred entry: 5-62-1, old=Transferred entry: 5-6.2-1
16:44:07.507 - INFO - ANNOTATION - fix gene: extract symbol from protein name. symbol=yoyH
16:44:07.507 - INFO - ANNOTATION - fix gene: extract symbol from protein name. symbol=yopF
16:44:07.507 - INFO - ANNOTATION - fix gene: extract symbol from protein name. symbol=yopG
16:44:07.507 - INFO - ANNOTATION - marked as hypothetical: contig=contig_1, start=13028, stop=13420, strand=+
16:44:07.508 - INFO - ANNOTATION - fix gene: extract symbol from protein name. symbol=aimR
16:44:07.508 - INFO - ANNOTATION - fix gene: extract symbol from protein name. symbol=aimP
16:44:07.508 - INFO - ANNOTATION - marked as hypothetical: contig=contig_1, start=15907, stop=16104, strand=+
16:44:07.509 - INFO - ANNOTATION - fix gene: extract symbol from protein name. symbol=ubiK
16:44:07.509 - INFO - ANNOTATION - fix gene: extract symbol from protein name. symbol=yopX
16:44:07.509 - INFO - ANNOTATION - fix gene: extract symbol from protein name. symbol=yoqA
16:44:07.510 - INFO - ANNOTATION - fix product: replace domain name underscores. new=OrfB-Zn-ribbon domain-containing protein, old=OrfB_Zn_ribbon domain-containing protein
16:44:07.510 - INFO - ANNOTATION - marked as hypothetical: contig=contig_1, start=24764, stop=24958, strand=+
16:44:07.510 - INFO - ANNOTATION - marked as hypothetical: contig=contig_1, start=25009, stop=25401, strand=+
16:44:07.510 - INFO - ANNOTATION - fix product: revise DUF. new=DUF1273 domain-containing protein, old=DUF1273 family protein
16:44:07.510 - INFO - ANNOTATION - marked as hypothetical: contig=contig_1, start=26389, stop=27006, strand=+
16:44:07.510 - INFO - ANNOTATION - marked as hypothetical: contig=contig_1, start=27081, stop=27281, strand=+
16:44:07.511 - INFO - ANNOTATION - fix gene: extract symbol from protein name. symbol=yoqN
16:44:07.511 - INFO - ANNOTATION - marked as hypothetical: contig=contig_1, start=27700, stop=28182, strand=+
16:44:07.511 - INFO - ANNOTATION - fix gene: extract symbol from protein name. symbol=yoqR
16:44:07.511 - INFO - ANNOTATION - marked as hypothetical: contig=contig_1, start=28533, stop=28634, strand=+
16:44:07.511 - INFO - ANNOTATION - marked as hypothetical: contig=contig_1, start=29288, stop=29548, strand=+
16:44:07.512 - INFO - ANNOTATION - fix gene: extract symbol from protein name. symbol=yoqW
16:44:07.512 - INFO - ANNOTATION - fix gene: extract symbol from protein name. symbol=abrB
16:44:07.512 - INFO - ANNOTATION - fix gene: extract symbol from protein name. symbol=yopX
16:44:07.512 - INFO - ANNOTATION - fix product: revise DUF. new=DUF600 domain-containing protein, old=DUF600 family protein
16:44:07.513 - INFO - ANNOTATION - fix gene: extract symbol from protein name. symbol=yorG
16:44:07.513 - INFO - ANNOTATION - marked as hypothetical: contig=contig_1, start=38618, stop=39088, strand=+
16:44:07.513 - INFO - ANNOTATION - fix gene: extract symbol from protein name. symbol=yorJ
16:44:07.514 - INFO - ANNOTATION - fix gene: extract symbol from protein name. symbol=recJ
16:44:07.514 - INFO - ANNOTATION - fix gene: extract symbol from protein name. symbol=yorP
16:44:07.514 - INFO - ANNOTATION - fix gene: extract symbol from protein name. symbol=yorQ
16:44:07.514 - INFO - ANNOTATION - fix product: replace domain name underscores. new=Molydop-binding domain-containing protein, old=Molydop_binding domain-containing protein
16:44:07.515 - INFO - ANNOTATION - marked as hypothetical: contig=contig_1, start=49338, stop=49760, strand=+
16:44:07.515 - INFO - ANNOTATION - marked as hypothetical: contig=contig_1, start=49727, stop=49987, strand=+
16:44:07.515 - INFO - ANNOTATION - fix gene: extract symbol from protein name. symbol=yorV
16:44:07.515 - INFO - ANNOTATION - fix gene: extract symbol from protein name. symbol=yorW
16:44:07.516 - INFO - ANNOTATION - fix gene: extract symbol from protein name. symbol=yosE
16:44:07.516 - INFO - ANNOTATION - fix gene: extract symbol from protein name. symbol=yosF
16:44:07.516 - INFO - ANNOTATION - fix gene: extract symbol from protein name. symbol=yosG
16:44:07.517 - INFO - ANNOTATION - fix gene: extract symbol from protein name. symbol=nrdI
16:44:07.517 - INFO - ANNOTATION - marked as hypothetical: contig=contig_1, start=58715, stop=58897, strand=-
16:44:07.517 - INFO - ANNOTATION - fix gene: extract symbol from protein name. symbol=yosQ
16:44:07.517 - INFO - ANNOTATION - fix gene: extract symbol from protein name. symbol=yosR
16:44:07.518 - INFO - ANNOTATION - fix gene: extract symbol from protein name. symbol=dutB
16:44:07.518 - INFO - ANNOTATION - fix gene: extract symbol from protein name. symbol=yosT
16:44:07.518 - INFO - ANNOTATION - marked as hypothetical: contig=contig_1, start=62523, stop=62651, strand=+
16:44:07.518 - INFO - ANNOTATION - fix gene: extract symbol from protein name. symbol=mobD
16:44:07.519 - INFO - ANNOTATION - marked as hypothetical: contig=contig_1, start=70167, stop=70550, strand=+
16:44:07.519 - INFO - ANNOTATION - marked as hypothetical: contig=contig_1, start=70492, stop=70710, strand=+
16:44:07.519 - INFO - ANNOTATION - fix product: replace domain name underscores. new=AP-endonuc-2 domain-containing protein, old=AP_endonuc_2 domain-containing protein
16:44:07.519 - INFO - ANNOTATION - marked as hypothetical: contig=contig_1, start=71187, stop=71471, strand=-
16:44:07.519 - INFO - ANNOTATION - fix gene: extract symbol from protein name. symbol=recU
16:44:07.519 - INFO - ANNOTATION - fix gene: extract symbol from protein name. symbol=copG
16:44:07.520 - INFO - ANNOTATION - fix gene: extract symbol from protein name. symbol=yokF
16:44:07.520 - INFO - ANNOTATION - fix gene: extract symbol from protein name. symbol=ynzG
16:44:07.520 - INFO - ANNOTATION - fix product: replace domain name underscores. new=SMI1-KNR4 domain-containing protein, old=SMI1_KNR4 domain-containing protein
16:44:07.520 - INFO - ANNOTATION - fix gene: extract symbol from protein name. symbol=yobL
16:44:07.520 - INFO - ANNOTATION - fix gene: extract symbol from protein name. symbol=yobK
16:44:07.520 - INFO - ANNOTATION - fix product: replace domain name underscores. new=SMI1-KNR4 domain-containing protein, old=SMI1_KNR4 domain-containing protein
16:44:07.520 - INFO - ANNOTATION - fix gene: extract symbol from protein name. symbol=yokK
16:44:07.521 - INFO - ANNOTATION - fix gene: extract symbol from protein name. symbol=yokL
16:44:07.521 - INFO - ANNOTATION - fix gene: extract symbol from protein name. symbol=yolD
16:44:07.521 - INFO - ANNOTATION - fix gene: extract symbol from protein name. symbol=uvrX
16:44:07.521 - INFO - ANNOTATION - fix gene: extract symbol from protein name. symbol=rapK
16:44:07.521 - INFO - ANNOTATION - fix gene: extract symbol from protein name. symbol=phrK
16:44:07.521 - INFO - ANNOTATION - fix gene: extract symbol from protein name. symbol=rapK
16:44:07.522 - INFO - ANNOTATION - fix gene: extract symbol from protein name. symbol=blyA
16:44:07.522 - INFO - ANNOTATION - fix gene: extract symbol from protein name. symbol=yomE
16:44:07.522 - INFO - ANNOTATION - marked as hypothetical: contig=contig_1, start=93836, stop=94147, strand=-
16:44:07.522 - INFO - ANNOTATION - fix gene: extract symbol from protein name. symbol=yomF
16:44:07.522 - INFO - ANNOTATION - fix gene: extract symbol from protein name. symbol=yomG
16:44:07.522 - INFO - ANNOTATION - fix gene: extract symbol from protein name. symbol=relE
16:44:07.523 - INFO - ANNOTATION - fix gene: extract symbol from protein name. symbol=yomM
16:44:07.523 - INFO - ANNOTATION - fix gene: extract symbol from protein name. symbol=yomN
16:44:07.523 - INFO - ANNOTATION - fix gene: extract symbol from protein name. symbol=xkdX
16:44:07.523 - INFO - ANNOTATION - fix gene: extract symbol from protein name. symbol=yomQ
16:44:07.523 - INFO - ANNOTATION - fix gene: extract symbol from protein name. symbol=yomR
16:44:07.523 - INFO - ANNOTATION - fix gene: extract symbol from protein name. symbol=yomS
16:44:07.524 - INFO - ANNOTATION - fix gene: extract symbol from protein name. symbol=yomT
16:44:07.524 - INFO - ANNOTATION - fix gene: extract symbol from protein name. symbol=youA
16:44:07.524 - INFO - ANNOTATION - fix gene: extract symbol from protein name. symbol=yomU
16:44:07.524 - INFO - ANNOTATION - fix gene: extract symbol from protein name. symbol=yomV
16:44:07.524 - INFO - ANNOTATION - fix gene: extract symbol from protein name. symbol=yomW
16:44:07.524 - INFO - ANNOTATION - fix gene: extract symbol from protein name. symbol=yomX
16:44:07.524 - INFO - ANNOTATION - fix gene: extract symbol from protein name. symbol=yomY
16:44:07.525 - INFO - ANNOTATION - fix gene: extract symbol from protein name. symbol=yomZ
16:44:07.525 - INFO - ANNOTATION - fix gene: extract symbol from protein name. symbol=yonA
16:44:07.525 - INFO - ANNOTATION - fix gene: extract symbol from protein name. symbol=yonB
16:44:07.525 - INFO - ANNOTATION - fix gene: extract symbol from protein name. symbol=yonC
16:44:07.525 - INFO - ANNOTATION - fix gene: extract symbol from protein name. symbol=yonD
16:44:07.525 - INFO - ANNOTATION - fix gene: extract symbol from protein name. symbol=yonE
16:44:07.525 - INFO - ANNOTATION - fix gene: extract symbol from protein name. symbol=yonF
16:44:07.525 - INFO - ANNOTATION - fix gene: extract symbol from protein name. symbol=yonG
16:44:07.526 - INFO - ANNOTATION - fix gene: extract symbol from protein name. symbol=yonK
16:44:07.526 - INFO - ANNOTATION - fix product: replace domain name underscores. new=YozE-SAM-like domain-containing protein, old=YozE_SAM_like domain-containing protein
16:44:07.526 - INFO - ORF - write internal aa seqs: # seqs=21, path=/tmp/tmp4w3df31k/cds.pseudo.candidates.faa
16:45:23.967 - INFO - CDS - found: pseudogene-candidates=6
16:45:26.819 - INFO - CDS - pseudogene observation: contig=contig_1, start=24764, stop=24958, strand=+, cause=deletion, position=24926
16:45:26.819 - INFO - CDS - pseudogene: contig=contig_1, start=24764, stop=24958, strand=+, insertions=[], deletions=[24926], mutations=[], effect=
16:45:26.819 - INFO - CDS - pseudogene observation: contig=contig_1, start=49338, stop=49760, strand=+, cause=deletion, position=49731
16:45:26.820 - INFO - CDS - pseudogene: contig=contig_1, start=49338, stop=49760, strand=+, insertions=[], deletions=[49731], mutations=[], effect=
16:45:26.820 - INFO - CDS - pseudogene observation: contig=contig_1, start=70167, stop=70550, strand=+, cause=insertion, position=70539
16:45:26.820 - INFO - CDS - pseudogene: contig=contig_1, start=70167, stop=70550, strand=+, insertions=[70539], deletions=[], mutations=[], effect=
16:45:26.820 - INFO - CDS - found: pseudogenes=3
16:45:26.844 - INFO - PSC - looked-up=3
16:45:26.850 - INFO - PSCC - looked-up=2
16:45:26.850 - INFO - ANNOTATION - marked as hypothetical: contig=contig_1, start=24764, stop=24958, strand=+
16:45:30.748 - INFO - CDS - predicted-pfams=0, CDS-w/-pfams=0
16:45:30.898 - INFO - S_ORF - predicted=2250
16:45:31.334 - INFO - S_ORF - sORF filter: # valid=399, # discarded=1851
16:45:31.503 - INFO - ORF - discarded=0
16:45:34.082 - INFO - UPS - looked-up=0
16:45:34.084 - INFO - IPS - looked-up=0
16:45:34.085 - INFO - ORF - write internal aa seqs: # seqs=399, path=/tmp/tmp4w3df31k/sorf.faa
16:45:34.398 - INFO - S_ORF - found=0
16:45:34.400 - INFO - PSC - looked-up=0
16:45:34.401 - INFO - PSCC - looked-up=0
16:45:35.895 - INFO - ORI - predicted=0
16:45:36.337 - INFO - ORI - predicted=0
16:45:36.338 - INFO - UTILS - generated sequence tag prefix: prefix=IKAEJKJGFE, length=10, MD5=24AE3430FEF61166280B1FA1CCBD1879
16:45:36.339 - INFO - MAIN - selected features=197
16:45:36.340 - INFO - UTILS - generated sequence tag prefix: prefix=IKAEJK, length=6, MD5=24AE3430FEF61166280B1FA1CCBD1879
16:45:36.340 - INFO - MAIN - locus tag prefix=IKAEJK
16:45:36.342 - INFO - ANNOTATION - gene neighborhood symbol selection: contig=contig_1, start=61090, stop=61518, new-gene=yosS, old-gene=dutB, genes=dutB,yosS, product=dUTP diphosphatase DutB
16:45:36.342 - INFO - UTILS - genome-size=133818
16:45:36.345 - INFO - UTILS - GC=0.349
16:45:36.346 - INFO - UTILS - N=0.000
16:45:36.346 - INFO - UTILS - N50=133818
16:45:36.346 - INFO - UTILS - coding-ratio=0.870
16:45:36.347 - INFO - TSV - write tsv: path=/net/holy-nfsisilon/ifs/rc_labs/eddy_lab/users/lmerk/phage_groupII/data/bakta_output/ON107264/ON107264.tsv
16:45:36.358 - INFO - GFF - write GFF3: path=/net/holy-nfsisilon/ifs/rc_labs/eddy_lab/users/lmerk/phage_groupII/data/bakta_output/ON107264/ON107264.gff3
16:45:36.383 - INFO - INSDC - write GenBank: path=/net/holy-nfsisilon/ifs/rc_labs/eddy_lab/users/lmerk/phage_groupII/data/bakta_output/ON107264/ON107264.gbff
16:45:36.420 - INFO - INSDC - write EMBL: path=/net/holy-nfsisilon/ifs/rc_labs/eddy_lab/users/lmerk/phage_groupII/data/bakta_output/ON107264/ON107264.embl
16:45:36.450 - INFO - FASTA - write genome sequences: path=/net/holy-nfsisilon/ifs/rc_labs/eddy_lab/users/lmerk/phage_groupII/data/bakta_output/ON107264/ON107264.fna, description=True, wrap=True
16:45:36.456 - INFO - FASTA - write feature nucleotide sequences: path=/net/holy-nfsisilon/ifs/rc_labs/eddy_lab/users/lmerk/phage_groupII/data/bakta_output/ON107264/ON107264.ffn
16:45:36.463 - INFO - FASTA - write translated CDS/sORF: path=/net/holy-nfsisilon/ifs/rc_labs/eddy_lab/users/lmerk/phage_groupII/data/bakta_output/ON107264/ON107264.faa
16:45:36.517 - INFO - PLOT - write circular genome plot: file-name=ON107264, output-dir=/net/holy-nfsisilon/ifs/rc_labs/eddy_lab/users/lmerk/phage_groupII/data/bakta_output/ON107264
16:45:46.358 - INFO - TSV - write hypothetical tsv: path=/net/holy-nfsisilon/ifs/rc_labs/eddy_lab/users/lmerk/phage_groupII/data/bakta_output/ON107264/ON107264.hypotheticals.tsv
16:45:46.364 - INFO - FASTA - write translated CDS/sORF: path=/net/holy-nfsisilon/ifs/rc_labs/eddy_lab/users/lmerk/phage_groupII/data/bakta_output/ON107264/ON107264.hypotheticals.faa
16:45:46.369 - INFO - JSON - write JSON: path=/net/holy-nfsisilon/ifs/rc_labs/eddy_lab/users/lmerk/phage_groupII/data/bakta_output/ON107264/ON107264.json
16:45:46.419 - INFO - MAIN - removed tmp dir: /tmp/tmp4w3df31k
