16:42:42.943 - INFO - UTILS - version=1.9.1
16:42:42.943 - INFO - UTILS - developer: Oliver Schwengers, github.com/oschwengers
16:42:42.944 - INFO - UTILS - command: /n/home07/lmerk/.conda/envs/bakta/bin/bakta --force --db /n/eddy_lab/users/lmerk/databases/full/db -o ../data/bakta_output/ON470622 ../data/genomes/groupII_millard/ON470622/ON470622.fna
16:42:42.944 - INFO - UTILS - local time: 2024-03-13 16:42:42
16:42:42.949 - INFO - UTILS - machine: type=x86_64, cores=64
16:42:42.949 - INFO - UTILS - system: type=Linux, release=4.18.0-425.10.1.el8_7.x86_64
16:42:42.949 - INFO - UTILS - python: version=3.10.13, implementation=CPython
16:42:42.949 - INFO - CONFIG - threads=64
16:42:42.950 - INFO - CONFIG - verbose=False
16:42:42.950 - INFO - CONFIG - debug=False
16:42:42.951 - INFO - CONFIG - database: type=parameter, path=/net/holy-nfsisilon/ifs/rc_labs/eddy_lab/users/lmerk/databases/full/db
16:42:42.952 - INFO - CONFIG - tmp-path=/tmp/tmpvb6qc09p
16:42:42.957 - INFO - CONFIG - genome-path=/net/holy-nfsisilon/ifs/rc_labs/eddy_lab/users/lmerk/phage_groupII/data/genomes/groupII_millard/ON470622/ON470622.fna
16:42:42.957 - INFO - CONFIG - min_contig_length=1
16:42:42.957 - INFO - CONFIG - prefix=ON470622
16:42:42.958 - INFO - CONFIG - output-path=/net/holy-nfsisilon/ifs/rc_labs/eddy_lab/users/lmerk/phage_groupII/data/bakta_output/ON470622
16:42:42.958 - INFO - CONFIG - force=True
16:42:42.958 - INFO - CONFIG - genus=None
16:42:42.958 - INFO - CONFIG - species=None
16:42:42.958 - INFO - CONFIG - strain=None
16:42:42.958 - INFO - CONFIG - plasmid=None
16:42:42.958 - INFO - CONFIG - complete=False
16:42:42.958 - INFO - CONFIG - prodigal_tf=None
16:42:42.958 - INFO - CONFIG - translation_table=11
16:42:42.958 - INFO - CONFIG - gram=?
16:42:42.958 - INFO - CONFIG - compliant=False
16:42:42.958 - INFO - CONFIG - meta=False
16:42:42.958 - INFO - CONFIG - locus=None
16:42:42.959 - INFO - CONFIG - locus-tag=None
16:42:42.959 - INFO - CONFIG - keep_contig_headers=False
16:42:42.959 - INFO - CONFIG - replicon-table=None
16:42:42.959 - INFO - CONFIG - regions=None
16:42:42.959 - INFO - CONFIG - skip-tRNA=False
16:42:42.959 - INFO - CONFIG - skip-tmRNA=False
16:42:42.959 - INFO - CONFIG - skip-rRNA=False
16:42:42.959 - INFO - CONFIG - skip-ncRNA=False
16:42:42.959 - INFO - CONFIG - skip-ncRNA-region=False
16:42:42.959 - INFO - CONFIG - skip-CRISPR=False
16:42:42.959 - INFO - CONFIG - skip-CDS=False
16:42:42.959 - INFO - CONFIG - skip-pseudo=False
16:42:42.959 - INFO - CONFIG - skip-sORF=False
16:42:42.959 - INFO - CONFIG - skip-gap=False
16:42:42.959 - INFO - CONFIG - skip-ori=False
16:42:42.959 - INFO - CONFIG - skip-plot=False
16:42:42.961 - INFO - DB - detected: major=5, minor=0, type=full, date=2023-02-20
16:42:43.404 - INFO - UTILS - dependency: tool=tRNAscan-SE, version=v2.0.12, path=/n/home07/lmerk/.conda/envs/bakta/bin/tRNAscan-SE
16:42:43.412 - INFO - UTILS - dependency: tool=Aragorn, version=v1.2.41, path=/n/home07/lmerk/.conda/envs/bakta/bin/aragorn
16:42:43.427 - INFO - UTILS - dependency: tool=CMscan, version=v1.1.4, path=/n/home07/lmerk/goodies/bin/cmscan
16:42:43.442 - INFO - UTILS - dependency: tool=PilerCR, version=v1.6.0, path=/n/home07/lmerk/.conda/envs/bakta/bin/pilercr
16:42:44.667 - INFO - UTILS - dependency: tool=Pyrodigal, version=v3.2.1, path=/n/home07/lmerk/.conda/envs/bakta/bin/pyrodigal
16:42:44.684 - INFO - UTILS - dependency: tool=AMRFinderPlus, version=v3.11.26, path=/n/home07/lmerk/.conda/envs/bakta/bin/amrfinder
16:42:45.208 - INFO - UTILS - dependency: tool=Pyhmmer, version=v0.10.4, path=/n/home07/lmerk/.conda/envs/bakta/bin/python
16:42:45.229 - INFO - UTILS - dependency: tool=Diamond, version=v2.1.8, path=/n/home07/lmerk/.conda/envs/bakta/bin/diamond
16:42:45.585 - INFO - UTILS - dependency: tool=Blastn, version=v2.15.0, path=/n/home07/lmerk/.conda/envs/bakta/bin/blastn
16:42:47.077 - INFO - UTILS - dependency: tool=Circos, version=v0.69.8, path=/n/home07/lmerk/.conda/envs/bakta/bin/circos
16:42:47.204 - INFO - FASTA - imported: id=ON470622, length=46650, description=, genomic=True, dna=True
16:42:47.204 - INFO - MAIN - imported sequences=1
16:42:47.204 - INFO - UTILS - qc: revised sequence: id=contig_1, orig-id=ON470622, type=contig, complete=False, topology=linear, name=, description='[gcode=11] [topology=linear]', orig-description=''
16:42:47.204 - INFO - FASTA - write genome sequences: path=/tmp/tmpvb6qc09p/contigs.fna, description=False, wrap=False
16:42:50.004 - INFO - T_RNA - contig=contig_1, start=4325, stop=4399, strand=-, gene=trnR, product=tRNA-Arg(cct), score=66.8, nt=[GTCCCCTTAG..GGGGACACCA]
16:42:50.005 - INFO - T_RNA - predicted=1
16:42:50.047 - INFO - TM_RNA - predicted=0
16:42:50.195 - INFO - R_RNA - predicted=0
16:42:51.169 - INFO - NC_RNA - predicted=0
16:42:51.519 - INFO - NC_RNA_REGION - predicted=0
16:42:51.563 - INFO - CRISPR - predicted=0
16:42:51.564 - INFO - CDS - create prodigal training info object: meta=False, closed=True
16:42:51.625 - INFO - CDS - contig=contig_1, start=1, stop=1434, strand=-, frame=1, truncated=no, start-type=ATG, RBS-motif=AGGA
16:42:51.625 - INFO - CDS - contig=contig_1, start=1650, stop=2564, strand=+, frame=3, truncated=no, start-type=ATG, RBS-motif=GGA/GAG/AGG
16:42:51.625 - INFO - CDS - contig=contig_1, start=2636, stop=3883, strand=+, frame=2, truncated=no, start-type=ATG, RBS-motif=GGA/GAG/AGG
16:42:51.626 - INFO - CDS - contig=contig_1, start=4168, stop=4299, strand=+, frame=1, truncated=no, start-type=ATG, RBS-motif=AGGA
16:42:51.626 - INFO - CDS - contig=contig_1, start=4439, stop=5764, strand=+, frame=2, truncated=no, start-type=ATG, RBS-motif=None
16:42:51.626 - INFO - CDS - contig=contig_1, start=5795, stop=6655, strand=+, frame=2, truncated=no, start-type=ATG, RBS-motif=GGAG/GAGG
16:42:51.626 - INFO - CDS - contig=contig_1, start=6753, stop=6938, strand=-, frame=2, truncated=no, start-type=ATG, RBS-motif=GGAG/GAGG
16:42:51.626 - INFO - CDS - contig=contig_1, start=6946, stop=7503, strand=-, frame=1, truncated=no, start-type=ATG, RBS-motif=GGAG/GAGG
16:42:51.626 - INFO - CDS - contig=contig_1, start=7496, stop=7840, strand=-, frame=3, truncated=no, start-type=ATG, RBS-motif=None
16:42:51.626 - INFO - CDS - contig=contig_1, start=7837, stop=7971, strand=-, frame=1, truncated=no, start-type=ATG, RBS-motif=GGAG/GAGG
16:42:51.626 - INFO - CDS - contig=contig_1, start=7968, stop=8753, strand=-, frame=2, truncated=no, start-type=ATG, RBS-motif=GGAG/GAGG
16:42:51.626 - INFO - CDS - contig=contig_1, start=8753, stop=9052, strand=-, frame=3, truncated=no, start-type=ATG, RBS-motif=GGAG/GAGG
16:42:51.626 - INFO - CDS - contig=contig_1, start=9599, stop=10246, strand=-, frame=3, truncated=no, start-type=ATG, RBS-motif=None
16:42:51.626 - INFO - CDS - contig=contig_1, start=10351, stop=10548, strand=+, frame=1, truncated=no, start-type=ATG, RBS-motif=AGGAG
16:42:51.627 - INFO - CDS - contig=contig_1, start=10574, stop=11035, strand=+, frame=2, truncated=no, start-type=ATG, RBS-motif=AGGA
16:42:51.627 - INFO - CDS - contig=contig_1, start=11231, stop=11578, strand=-, frame=3, truncated=no, start-type=ATG, RBS-motif=None
16:42:51.627 - INFO - CDS - contig=contig_1, start=11738, stop=12079, strand=-, frame=3, truncated=no, start-type=ATG, RBS-motif=None
16:42:51.627 - INFO - CDS - contig=contig_1, start=12422, stop=13231, strand=+, frame=2, truncated=no, start-type=ATG, RBS-motif=None
16:42:51.627 - INFO - CDS - contig=contig_1, start=13430, stop=13618, strand=+, frame=2, truncated=no, start-type=GTG, RBS-motif=GGAG/GAGG
16:42:51.627 - INFO - CDS - contig=contig_1, start=13631, stop=14611, strand=+, frame=2, truncated=no, start-type=ATG, RBS-motif=GGAG/GAGG
16:42:51.627 - INFO - CDS - contig=contig_1, start=14626, stop=14988, strand=+, frame=1, truncated=no, start-type=ATG, RBS-motif=GGAG/GAGG
16:42:51.627 - INFO - CDS - contig=contig_1, start=15011, stop=15379, strand=-, frame=3, truncated=no, start-type=ATG, RBS-motif=None
16:42:51.627 - INFO - CDS - contig=contig_1, start=15458, stop=16399, strand=-, frame=3, truncated=no, start-type=ATG, RBS-motif=AGGA
16:42:51.627 - INFO - CDS - contig=contig_1, start=16710, stop=17021, strand=+, frame=3, truncated=no, start-type=ATG, RBS-motif=GGAG/GAGG
16:42:51.627 - INFO - CDS - contig=contig_1, start=17018, stop=17557, strand=+, frame=2, truncated=no, start-type=ATG, RBS-motif=GGAG/GAGG
16:42:51.627 - INFO - CDS - contig=contig_1, start=17554, stop=17988, strand=+, frame=1, truncated=no, start-type=GTG, RBS-motif=AGGAG
16:42:51.628 - INFO - CDS - contig=contig_1, start=17970, stop=18317, strand=+, frame=3, truncated=no, start-type=ATG, RBS-motif=None
16:42:51.628 - INFO - CDS - contig=contig_1, start=18314, stop=18607, strand=+, frame=2, truncated=no, start-type=ATG, RBS-motif=GGA/GAG/AGG
16:42:51.628 - INFO - CDS - contig=contig_1, start=18942, stop=19187, strand=+, frame=3, truncated=no, start-type=ATG, RBS-motif=GGAG/GAGG
16:42:51.628 - INFO - CDS - contig=contig_1, start=19252, stop=19482, strand=+, frame=1, truncated=no, start-type=ATG, RBS-motif=None
16:42:51.628 - INFO - CDS - contig=contig_1, start=19537, stop=19770, strand=+, frame=1, truncated=no, start-type=ATG, RBS-motif=GGAG/GAGG
16:42:51.628 - INFO - CDS - contig=contig_1, start=19758, stop=20108, strand=+, frame=3, truncated=no, start-type=ATG, RBS-motif=AGGA
16:42:51.628 - INFO - CDS - contig=contig_1, start=20265, stop=20762, strand=+, frame=3, truncated=no, start-type=ATG, RBS-motif=AGGAG
16:42:51.628 - INFO - CDS - contig=contig_1, start=20766, stop=22517, strand=+, frame=3, truncated=no, start-type=ATG, RBS-motif=None
16:42:51.628 - INFO - CDS - contig=contig_1, start=22514, stop=22675, strand=+, frame=2, truncated=no, start-type=ATG, RBS-motif=None
16:42:51.628 - INFO - CDS - contig=contig_1, start=22665, stop=23891, strand=+, frame=3, truncated=no, start-type=ATG, RBS-motif=GGAG/GAGG
16:42:51.628 - INFO - CDS - contig=contig_1, start=23884, stop=24483, strand=+, frame=1, truncated=no, start-type=ATG, RBS-motif=GGAG/GAGG
16:42:51.628 - INFO - CDS - contig=contig_1, start=24493, stop=25731, strand=+, frame=1, truncated=no, start-type=ATG, RBS-motif=AGGA
16:42:51.629 - INFO - CDS - contig=contig_1, start=25809, stop=26126, strand=+, frame=3, truncated=no, start-type=ATG, RBS-motif=GGA/GAG/AGG
16:42:51.629 - INFO - CDS - contig=contig_1, start=26720, stop=27259, strand=+, frame=2, truncated=no, start-type=ATG, RBS-motif=GGAG/GAGG
16:42:51.629 - INFO - CDS - contig=contig_1, start=27679, stop=28170, strand=+, frame=1, truncated=no, start-type=ATG, RBS-motif=GGAG/GAGG
16:42:51.629 - INFO - CDS - contig=contig_1, start=28214, stop=28597, strand=+, frame=2, truncated=no, start-type=ATG, RBS-motif=AGGAG
16:42:51.629 - INFO - CDS - contig=contig_1, start=28645, stop=28863, strand=+, frame=1, truncated=no, start-type=ATG, RBS-motif=AGGAG/GGAGG
16:42:51.629 - INFO - CDS - contig=contig_1, start=29348, stop=31882, strand=+, frame=2, truncated=no, start-type=ATG, RBS-motif=GGAG/GAGG
16:42:51.629 - INFO - CDS - contig=contig_1, start=31882, stop=32361, strand=+, frame=1, truncated=no, start-type=ATG, RBS-motif=AGGAG/GGAGG
16:42:51.629 - INFO - CDS - contig=contig_1, start=32348, stop=32830, strand=+, frame=2, truncated=no, start-type=ATG, RBS-motif=AGGAG
16:42:51.629 - INFO - CDS - contig=contig_1, start=32840, stop=33220, strand=+, frame=2, truncated=no, start-type=ATG, RBS-motif=AGGA
16:42:51.629 - INFO - CDS - contig=contig_1, start=33217, stop=36285, strand=+, frame=1, truncated=no, start-type=ATG, RBS-motif=GGAG/GAGG
16:42:51.629 - INFO - CDS - contig=contig_1, start=36361, stop=40398, strand=+, frame=1, truncated=no, start-type=ATG, RBS-motif=GGAG/GAGG
16:42:51.630 - INFO - CDS - contig=contig_1, start=40834, stop=42318, strand=+, frame=1, truncated=no, start-type=ATG, RBS-motif=AGGAG/GGAGG
16:42:51.630 - INFO - CDS - contig=contig_1, start=42315, stop=42575, strand=+, frame=3, truncated=no, start-type=GTG, RBS-motif=AGGAG
16:42:51.630 - INFO - CDS - contig=contig_1, start=42912, stop=43328, strand=+, frame=3, truncated=no, start-type=GTG, RBS-motif=None
16:42:51.630 - INFO - CDS - contig=contig_1, start=43696, stop=43980, strand=+, frame=1, truncated=no, start-type=ATG, RBS-motif=None
16:42:51.630 - INFO - CDS - contig=contig_1, start=43983, stop=44309, strand=+, frame=3, truncated=no, start-type=GTG, RBS-motif=GGAG/GAGG
16:42:51.630 - INFO - CDS - contig=contig_1, start=44518, stop=44790, strand=+, frame=1, truncated=no, start-type=ATG, RBS-motif=None
16:42:51.630 - INFO - CDS - contig=contig_1, start=45008, stop=45304, strand=-, frame=3, truncated=no, start-type=ATG, RBS-motif=None
16:42:51.630 - INFO - CDS - contig=contig_1, start=45718, stop=46650, strand=-, frame=1, truncated=no, start-type=ATG, RBS-motif=None
16:42:51.630 - INFO - CDS - contig=contig_1, start=1, stop=1434, strand=-, nt=[ATGACGCAAT..ACTGGGTTAA]
16:42:51.630 - INFO - CDS - contig=contig_1, start=1650, stop=2564, strand=+, nt=[ATGTCAGCCA..ACTGGAATAG]
16:42:51.631 - INFO - CDS - contig=contig_1, start=2636, stop=3883, strand=+, nt=[ATGGCACTGA..AGCAATATAG]
16:42:51.631 - INFO - CDS - contig=contig_1, start=4168, stop=4299, strand=+, nt=[ATGGTTACAT..TACGGGGTGA]
16:42:51.631 - INFO - CDS - contig=contig_1, start=4439, stop=5764, strand=+, nt=[ATGTTATCCT..GTTAAGATAA]
16:42:51.631 - INFO - CDS - contig=contig_1, start=5795, stop=6655, strand=+, nt=[ATGAATAGCG..GGAAGAATAG]
16:42:51.631 - INFO - CDS - contig=contig_1, start=6753, stop=6938, strand=-, nt=[ATGACTTCTA..CCACAGATAA]
16:42:51.631 - INFO - CDS - contig=contig_1, start=6946, stop=7503, strand=-, nt=[ATGACTGATA..TTTTGAATGA]
16:42:51.631 - INFO - CDS - contig=contig_1, start=7496, stop=7840, strand=-, nt=[ATGAGTAAAT..GAATGACTGA]
16:42:51.631 - INFO - CDS - contig=contig_1, start=7837, stop=7971, strand=-, nt=[ATGAATATTG..GGCAGCATGA]
16:42:51.631 - INFO - CDS - contig=contig_1, start=7968, stop=8753, strand=-, nt=[ATGGCTAAAG..GGCGGTATGA]
16:42:51.631 - INFO - CDS - contig=contig_1, start=8753, stop=9052, strand=-, nt=[ATGGCTAAGA..GGCTCTCTGA]
16:42:51.631 - INFO - CDS - contig=contig_1, start=9599, stop=10246, strand=-, nt=[ATGAAAGACC..AAACATTTAA]
16:42:51.631 - INFO - CDS - contig=contig_1, start=10351, stop=10548, strand=+, nt=[ATGCGTAAAT..AGCTGCTTGA]
16:42:51.631 - INFO - CDS - contig=contig_1, start=10574, stop=11035, strand=+, nt=[ATGGTAGAGC..AAAGAAGTGA]
16:42:51.631 - INFO - CDS - contig=contig_1, start=11231, stop=11578, strand=-, nt=[ATGGTCGCAA..CACCCACTGA]
16:42:51.632 - INFO - CDS - contig=contig_1, start=11738, stop=12079, strand=-, nt=[ATGAACTCGG..TGACAGGTGA]
16:42:51.632 - INFO - CDS - contig=contig_1, start=12422, stop=13231, strand=+, nt=[ATGAGCAAGC..GATCCTTTAA]
16:42:51.632 - INFO - CDS - contig=contig_1, start=13430, stop=13618, strand=+, nt=[GTGTTGTATC..AGTTGCCTGA]
16:42:51.632 - INFO - CDS - contig=contig_1, start=13631, stop=14611, strand=+, nt=[ATGAGAGCAC..CTTAGCATGA]
16:42:51.632 - INFO - CDS - contig=contig_1, start=14626, stop=14988, strand=+, nt=[ATGCGTGATA..TATGGATTGA]
16:42:51.632 - INFO - CDS - contig=contig_1, start=15011, stop=15379, strand=-, nt=[ATGCAACATA..ATATATTTAA]
16:42:51.632 - INFO - CDS - contig=contig_1, start=15458, stop=16399, strand=-, nt=[ATGACGAGTG..GAAGGTATAG]
16:42:51.632 - INFO - CDS - contig=contig_1, start=16710, stop=17021, strand=+, nt=[ATGGCAAAGC..AGCACAATGA]
16:42:51.632 - INFO - CDS - contig=contig_1, start=17018, stop=17557, strand=+, nt=[ATGACAGCAG..TGTCCTGTGA]
16:42:51.632 - INFO - CDS - contig=contig_1, start=17554, stop=17988, strand=+, nt=[GTGAAGATGA..GAACAAGTAA]
16:42:51.632 - INFO - CDS - contig=contig_1, start=17970, stop=18317, strand=+, nt=[ATGCTCGCGG..TACGAAATGA]
16:42:51.632 - INFO - CDS - contig=contig_1, start=18314, stop=18607, strand=+, nt=[ATGAGTGAAG..TGACTGTTAA]
16:42:51.632 - INFO - CDS - contig=contig_1, start=18942, stop=19187, strand=+, nt=[ATGTCAGAGA..GGCGAGCTAA]
16:42:51.632 - INFO - CDS - contig=contig_1, start=19252, stop=19482, strand=+, nt=[ATGCTGATAA..AAAAAAATAG]
16:42:51.632 - INFO - CDS - contig=contig_1, start=19537, stop=19770, strand=+, nt=[ATGCGCCTGA..CCCTCGCTAA]
16:42:51.633 - INFO - CDS - contig=contig_1, start=19758, stop=20108, strand=+, nt=[ATGCCCTCGC..CATCAAGTGA]
16:42:51.633 - INFO - CDS - contig=contig_1, start=20265, stop=20762, strand=+, nt=[ATGCCAGGAC..GCGCAAATGA]
16:42:51.633 - INFO - CDS - contig=contig_1, start=20766, stop=22517, strand=+, nt=[ATGGCAACCG..ACTTCTATGA]
16:42:51.633 - INFO - CDS - contig=contig_1, start=22514, stop=22675, strand=+, nt=[ATGAAAACTT..TGCTGCTTGA]
16:42:51.633 - INFO - CDS - contig=contig_1, start=22665, stop=23891, strand=+, nt=[ATGCTGCTTG..CAATGAATGA]
16:42:51.633 - INFO - CDS - contig=contig_1, start=23884, stop=24483, strand=+, nt=[ATGAATGACC..TAACGCGTAA]
16:42:51.633 - INFO - CDS - contig=contig_1, start=24493, stop=25731, strand=+, nt=[ATGAAACTGC..TGGCGGCTAA]
16:42:51.633 - INFO - CDS - contig=contig_1, start=25809, stop=26126, strand=+, nt=[ATGAGCACAA..CCCACTTTGA]
16:42:51.633 - INFO - CDS - contig=contig_1, start=26720, stop=27259, strand=+, nt=[ATGGCTGATG..GCCGGTATGA]
16:42:51.633 - INFO - CDS - contig=contig_1, start=27679, stop=28170, strand=+, nt=[ATGTCTGTAT..CGCAGCGTAA]
16:42:51.633 - INFO - CDS - contig=contig_1, start=28214, stop=28597, strand=+, nt=[ATGCAACTTA..TGTGAGTTAG]
16:42:51.633 - INFO - CDS - contig=contig_1, start=28645, stop=28863, strand=+, nt=[ATGAGCCTTC..TTGGGTCTAG]
16:42:51.633 - INFO - CDS - contig=contig_1, start=29348, stop=31882, strand=+, nt=[ATGGCTGGCA..AATTAGCTGA]
16:42:51.633 - INFO - CDS - contig=contig_1, start=31882, stop=32361, strand=+, nt=[ATGGCTATCA..CGCAGATTAA]
16:42:51.633 - INFO - CDS - contig=contig_1, start=32348, stop=32830, strand=+, nt=[ATGACGCAGA..TATCAGCTAA]
16:42:51.633 - INFO - CDS - contig=contig_1, start=32840, stop=33220, strand=+, nt=[ATGTTTAACC..CTGGCAATGA]
16:42:51.633 - INFO - CDS - contig=contig_1, start=33217, stop=36285, strand=+, nt=[ATGACCATTC..CGTCGCTTAA]
16:42:51.633 - INFO - CDS - contig=contig_1, start=36361, stop=40398, strand=+, nt=[ATGGCCTTTA..CAACCAGTAG]
16:42:51.634 - INFO - CDS - contig=contig_1, start=40834, stop=42318, strand=+, nt=[ATGTACGGAG..CGGTGCGTGA]
16:42:51.634 - INFO - CDS - contig=contig_1, start=42315, stop=42575, strand=+, nt=[GTGAATAGCG..TCGTCGATAG]
16:42:51.634 - INFO - CDS - contig=contig_1, start=42912, stop=43328, strand=+, nt=[GTGAACGGTA..ACCGGACTAA]
16:42:51.634 - INFO - CDS - contig=contig_1, start=43696, stop=43980, strand=+, nt=[ATGCATTTAC..AGGGCTGTAA]
16:42:51.634 - INFO - CDS - contig=contig_1, start=43983, stop=44309, strand=+, nt=[GTGGGCTTTC..GGTTATATAA]
16:42:51.634 - INFO - CDS - contig=contig_1, start=44518, stop=44790, strand=+, nt=[ATGAATGCCG..AGCGAGTTGA]
16:42:51.634 - INFO - CDS - contig=contig_1, start=45008, stop=45304, strand=-, nt=[ATGACAAACT..AGATGAATAG]
16:42:51.634 - INFO - CDS - contig=contig_1, start=45718, stop=46650, strand=-, nt=[ATGGACAACG..CCCAGCATAA]
16:42:51.634 - INFO - CDS - predicted=57
16:42:51.869 - INFO - ORF - discarded=0
16:42:52.062 - INFO - UPS - looked-up=42
16:42:52.141 - INFO - IPS - looked-up=42
16:42:52.142 - INFO - ORF - write internal aa seqs: # seqs=15, path=/tmp/tmpvb6qc09p/cds.psc.faa
16:44:03.208 - INFO - PSC - found: PSC=10, PSCC=2
16:44:03.306 - INFO - PSC - looked-up=54
16:44:03.445 - INFO - PSCC - looked-up=52
16:44:03.445 - INFO - ORF - write internal aa seqs: # seqs=57, path=/tmp/tmpvb6qc09p/cds.expert.faa
16:44:04.619 - INFO - EXPERT-AMRFINDER - found=0
16:44:05.807 - INFO - EXPERT_AA_SEQ - found=1
16:44:05.808 - INFO - ANNOTATION - marked as hypothetical: contig=contig_1, start=4168, stop=4299, strand=+
16:44:05.808 - INFO - ANNOTATION - fix product: replace domain name underscores. new=HTH-ParB domain-containing protein, old=HTH_ParB domain-containing protein
16:44:05.809 - INFO - ANNOTATION - fix gene: extract symbol from protein name. symbol=lexA
16:44:05.809 - INFO - ANNOTATION - fix gene: extract symbol from protein name. symbol=dicC
16:44:05.809 - INFO - ANNOTATION - marked as hypothetical: contig=contig_1, start=11738, stop=12079, strand=-
16:44:05.810 - INFO - ANNOTATION - fix gene: extract symbol from protein name. symbol=mgtE
16:44:05.810 - INFO - ANNOTATION - fix gene: extract symbol from protein name. symbol=whiA
16:44:05.810 - INFO - ANNOTATION - fix product: revise DUF. new=DUF2560 domain-containing protein, old=DUF2560 family protein
16:44:05.811 - INFO - ANNOTATION - fix gene: extract symbol from protein name. symbol=mcrA
16:44:05.811 - INFO - ANNOTATION - fix gene: lowercase first char. new=mcrA, old=McrA
16:44:05.811 - INFO - ANNOTATION - fix gene: lowercase first char. new=mcrA, old=McrA
16:44:05.811 - INFO - ANNOTATION - fix gene: lowercase first char. new=beeE, old=BeeE
16:44:05.811 - INFO - ANNOTATION - fix gene: lowercase first char. new=beeE, old=BeeE
16:44:05.812 - INFO - ANNOTATION - fix gene: extract symbol from protein name. symbol=arsR
16:44:05.813 - INFO - ANNOTATION - marked as hypothetical: contig=contig_1, start=42315, stop=42575, strand=+
16:44:05.813 - INFO - ANNOTATION - fix gene: extract symbol from protein name. symbol=umuD
16:44:05.813 - INFO - ANNOTATION - marked as hypothetical: contig=contig_1, start=44518, stop=44790, strand=+
16:44:05.813 - INFO - ANNOTATION - fix gene: extract symbol from protein name. symbol=yfdC
16:44:05.814 - INFO - ORF - write internal aa seqs: # seqs=4, path=/tmp/tmpvb6qc09p/cds.pseudo.candidates.faa
16:45:19.284 - INFO - CDS - found: pseudogene-candidates=1
16:45:21.777 - INFO - CDS - pseudogene observation: contig=contig_1, start=42315, stop=42575, strand=+, cause=insertion, position=42555
16:45:21.777 - INFO - CDS - pseudogene: contig=contig_1, start=42315, stop=42575, strand=+, insertions=[42555], deletions=[], mutations=[], effect=
16:45:21.777 - INFO - CDS - found: pseudogenes=1
16:45:21.785 - INFO - PSC - looked-up=1
16:45:21.788 - INFO - PSCC - looked-up=1
16:45:25.405 - INFO - CDS - predicted-pfams=0, CDS-w/-pfams=0
16:45:25.467 - INFO - S_ORF - predicted=592
16:45:25.842 - INFO - S_ORF - sORF filter: # valid=119, # discarded=473
16:45:26.009 - INFO - ORF - discarded=0
16:45:26.322 - INFO - UPS - looked-up=0
16:45:26.324 - INFO - IPS - looked-up=0
16:45:26.324 - INFO - ORF - write internal aa seqs: # seqs=119, path=/tmp/tmpvb6qc09p/sorf.faa
16:45:26.629 - INFO - S_ORF - found=0
16:45:26.630 - INFO - PSC - looked-up=0
16:45:26.632 - INFO - PSCC - looked-up=0
16:45:26.633 - INFO - GAP - contig=contig_1, start=17873, stop=17885, length=13
16:45:28.102 - INFO - ORI - predicted=0
16:45:28.530 - INFO - ORI - predicted=0
16:45:28.531 - INFO - UTILS - generated sequence tag prefix: prefix=DMKPJMEDAN, length=10, MD5=D64936EDA77259B94D1FA44D8E68C701
16:45:28.532 - INFO - MAIN - selected features=59
16:45:28.532 - INFO - UTILS - generated sequence tag prefix: prefix=DMKPJM, length=6, MD5=D64936EDA77259B94D1FA44D8E68C701
16:45:28.532 - INFO - MAIN - locus tag prefix=DMKPJM
16:45:28.533 - INFO - UTILS - genome-size=46650
16:45:28.534 - INFO - UTILS - GC=0.502
16:45:28.535 - INFO - UTILS - N=0.000
16:45:28.535 - INFO - UTILS - N50=46650
16:45:28.535 - INFO - UTILS - coding-ratio=0.850
16:45:28.536 - INFO - TSV - write tsv: path=/net/holy-nfsisilon/ifs/rc_labs/eddy_lab/users/lmerk/phage_groupII/data/bakta_output/ON470622/ON470622.tsv
16:45:28.545 - INFO - GFF - write GFF3: path=/net/holy-nfsisilon/ifs/rc_labs/eddy_lab/users/lmerk/phage_groupII/data/bakta_output/ON470622/ON470622.gff3
16:45:28.561 - INFO - INSDC - write GenBank: path=/net/holy-nfsisilon/ifs/rc_labs/eddy_lab/users/lmerk/phage_groupII/data/bakta_output/ON470622/ON470622.gbff
16:45:28.582 - INFO - INSDC - write EMBL: path=/net/holy-nfsisilon/ifs/rc_labs/eddy_lab/users/lmerk/phage_groupII/data/bakta_output/ON470622/ON470622.embl
16:45:28.600 - INFO - FASTA - write genome sequences: path=/net/holy-nfsisilon/ifs/rc_labs/eddy_lab/users/lmerk/phage_groupII/data/bakta_output/ON470622/ON470622.fna, description=True, wrap=True
16:45:28.606 - INFO - FASTA - write feature nucleotide sequences: path=/net/holy-nfsisilon/ifs/rc_labs/eddy_lab/users/lmerk/phage_groupII/data/bakta_output/ON470622/ON470622.ffn
16:45:28.612 - INFO - FASTA - write translated CDS/sORF: path=/net/holy-nfsisilon/ifs/rc_labs/eddy_lab/users/lmerk/phage_groupII/data/bakta_output/ON470622/ON470622.faa
16:45:28.680 - INFO - PLOT - write circular genome plot: file-name=ON470622, output-dir=/net/holy-nfsisilon/ifs/rc_labs/eddy_lab/users/lmerk/phage_groupII/data/bakta_output/ON470622
16:45:38.949 - INFO - TSV - write hypothetical tsv: path=/net/holy-nfsisilon/ifs/rc_labs/eddy_lab/users/lmerk/phage_groupII/data/bakta_output/ON470622/ON470622.hypotheticals.tsv
16:45:38.953 - INFO - FASTA - write translated CDS/sORF: path=/net/holy-nfsisilon/ifs/rc_labs/eddy_lab/users/lmerk/phage_groupII/data/bakta_output/ON470622/ON470622.hypotheticals.faa
16:45:38.958 - INFO - JSON - write JSON: path=/net/holy-nfsisilon/ifs/rc_labs/eddy_lab/users/lmerk/phage_groupII/data/bakta_output/ON470622/ON470622.json
16:45:38.986 - INFO - MAIN - removed tmp dir: /tmp/tmpvb6qc09p
