16:39:33.994 - INFO - UTILS - version=1.9.1
16:39:33.995 - INFO - UTILS - developer: Oliver Schwengers, github.com/oschwengers
16:39:33.995 - INFO - UTILS - command: /n/home07/lmerk/.conda/envs/bakta/bin/bakta --force --db /n/eddy_lab/users/lmerk/databases/full/db -o ../data/bakta_output/MK448781 ../data/genomes/groupII_millard/MK448781/MK448781.fna
16:39:33.995 - INFO - UTILS - local time: 2024-03-13 16:39:33
16:39:34.000 - INFO - UTILS - machine: type=x86_64, cores=64
16:39:34.000 - INFO - UTILS - system: type=Linux, release=4.18.0-425.10.1.el8_7.x86_64
16:39:34.000 - INFO - UTILS - python: version=3.10.13, implementation=CPython
16:39:34.000 - INFO - CONFIG - threads=64
16:39:34.001 - INFO - CONFIG - verbose=False
16:39:34.001 - INFO - CONFIG - debug=False
16:39:34.005 - INFO - CONFIG - database: type=parameter, path=/net/holy-nfsisilon/ifs/rc_labs/eddy_lab/users/lmerk/databases/full/db
16:39:34.006 - INFO - CONFIG - tmp-path=/tmp/tmp7f1v9ll9
16:39:34.013 - INFO - CONFIG - genome-path=/net/holy-nfsisilon/ifs/rc_labs/eddy_lab/users/lmerk/phage_groupII/data/genomes/groupII_millard/MK448781/MK448781.fna
16:39:34.014 - INFO - CONFIG - min_contig_length=1
16:39:34.014 - INFO - CONFIG - prefix=MK448781
16:39:34.014 - INFO - CONFIG - output-path=/net/holy-nfsisilon/ifs/rc_labs/eddy_lab/users/lmerk/phage_groupII/data/bakta_output/MK448781
16:39:34.014 - INFO - CONFIG - force=True
16:39:34.014 - INFO - CONFIG - genus=None
16:39:34.014 - INFO - CONFIG - species=None
16:39:34.014 - INFO - CONFIG - strain=None
16:39:34.014 - INFO - CONFIG - plasmid=None
16:39:34.014 - INFO - CONFIG - complete=False
16:39:34.014 - INFO - CONFIG - prodigal_tf=None
16:39:34.014 - INFO - CONFIG - translation_table=11
16:39:34.014 - INFO - CONFIG - gram=?
16:39:34.014 - INFO - CONFIG - compliant=False
16:39:34.015 - INFO - CONFIG - meta=False
16:39:34.015 - INFO - CONFIG - locus=None
16:39:34.015 - INFO - CONFIG - locus-tag=None
16:39:34.015 - INFO - CONFIG - keep_contig_headers=False
16:39:34.015 - INFO - CONFIG - replicon-table=None
16:39:34.015 - INFO - CONFIG - regions=None
16:39:34.015 - INFO - CONFIG - skip-tRNA=False
16:39:34.015 - INFO - CONFIG - skip-tmRNA=False
16:39:34.015 - INFO - CONFIG - skip-rRNA=False
16:39:34.015 - INFO - CONFIG - skip-ncRNA=False
16:39:34.015 - INFO - CONFIG - skip-ncRNA-region=False
16:39:34.015 - INFO - CONFIG - skip-CRISPR=False
16:39:34.015 - INFO - CONFIG - skip-CDS=False
16:39:34.015 - INFO - CONFIG - skip-pseudo=False
16:39:34.015 - INFO - CONFIG - skip-sORF=False
16:39:34.015 - INFO - CONFIG - skip-gap=False
16:39:34.016 - INFO - CONFIG - skip-ori=False
16:39:34.016 - INFO - CONFIG - skip-plot=False
16:39:34.018 - INFO - DB - detected: major=5, minor=0, type=full, date=2023-02-20
16:39:34.647 - INFO - UTILS - dependency: tool=tRNAscan-SE, version=v2.0.12, path=/n/home07/lmerk/.conda/envs/bakta/bin/tRNAscan-SE
16:39:34.654 - INFO - UTILS - dependency: tool=Aragorn, version=v1.2.41, path=/n/home07/lmerk/.conda/envs/bakta/bin/aragorn
16:39:34.670 - INFO - UTILS - dependency: tool=CMscan, version=v1.1.4, path=/n/home07/lmerk/goodies/bin/cmscan
16:39:34.687 - INFO - UTILS - dependency: tool=PilerCR, version=v1.6.0, path=/n/home07/lmerk/.conda/envs/bakta/bin/pilercr
16:39:35.871 - INFO - UTILS - dependency: tool=Pyrodigal, version=v3.2.1, path=/n/home07/lmerk/.conda/envs/bakta/bin/pyrodigal
16:39:35.886 - INFO - UTILS - dependency: tool=AMRFinderPlus, version=v3.11.26, path=/n/home07/lmerk/.conda/envs/bakta/bin/amrfinder
16:39:36.384 - INFO - UTILS - dependency: tool=Pyhmmer, version=v0.10.4, path=/n/home07/lmerk/.conda/envs/bakta/bin/python
16:39:36.405 - INFO - UTILS - dependency: tool=Diamond, version=v2.1.8, path=/n/home07/lmerk/.conda/envs/bakta/bin/diamond
16:39:36.773 - INFO - UTILS - dependency: tool=Blastn, version=v2.15.0, path=/n/home07/lmerk/.conda/envs/bakta/bin/blastn
16:39:39.047 - INFO - UTILS - dependency: tool=Circos, version=v0.69.8, path=/n/home07/lmerk/.conda/envs/bakta/bin/circos
16:39:39.174 - INFO - FASTA - imported: id=MK448781, length=40382, description=, genomic=True, dna=True
16:39:39.174 - INFO - MAIN - imported sequences=1
16:39:39.174 - INFO - UTILS - qc: revised sequence: id=contig_1, orig-id=MK448781, type=contig, complete=False, topology=linear, name=, description='[gcode=11] [topology=linear]', orig-description=''
16:39:39.174 - INFO - FASTA - write genome sequences: path=/tmp/tmp7f1v9ll9/contigs.fna, description=False, wrap=False
16:39:40.234 - INFO - T_RNA - predicted=0
16:39:40.267 - INFO - TM_RNA - predicted=0
16:39:40.422 - INFO - R_RNA - predicted=0
16:39:41.452 - INFO - NC_RNA - predicted=0
16:39:41.776 - INFO - NC_RNA_REGION - predicted=0
16:39:41.817 - INFO - CRISPR - predicted=0
16:39:41.818 - INFO - CDS - create prodigal training info object: meta=False, closed=True
16:39:41.863 - INFO - CDS - contig=contig_1, start=1, stop=1080, strand=-, frame=3, truncated=no, start-type=ATG, RBS-motif=GGAG/GAGG
16:39:41.863 - INFO - CDS - contig=contig_1, start=1203, stop=1406, strand=-, frame=1, truncated=no, start-type=ATG, RBS-motif=AGGAG
16:39:41.863 - INFO - CDS - contig=contig_1, start=1509, stop=2066, strand=-, frame=1, truncated=no, start-type=ATG, RBS-motif=GGAG/GAGG
16:39:41.863 - INFO - CDS - contig=contig_1, start=2068, stop=2865, strand=-, frame=3, truncated=no, start-type=ATG, RBS-motif=AGGA
16:39:41.863 - INFO - CDS - contig=contig_1, start=3029, stop=3130, strand=+, frame=2, truncated=no, start-type=ATG, RBS-motif=GGAGG
16:39:41.864 - INFO - CDS - contig=contig_1, start=3226, stop=3369, strand=+, frame=1, truncated=no, start-type=GTG, RBS-motif=AGGAG
16:39:41.864 - INFO - CDS - contig=contig_1, start=3366, stop=3590, strand=-, frame=1, truncated=no, start-type=ATG, RBS-motif=GGAGG
16:39:41.864 - INFO - CDS - contig=contig_1, start=3649, stop=3807, strand=+, frame=1, truncated=no, start-type=ATG, RBS-motif=GGAGG
16:39:41.864 - INFO - CDS - contig=contig_1, start=3837, stop=4025, strand=+, frame=3, truncated=no, start-type=ATG, RBS-motif=GGAGG
16:39:41.864 - INFO - CDS - contig=contig_1, start=4008, stop=4814, strand=-, frame=1, truncated=no, start-type=ATG, RBS-motif=GGAG/GAGG
16:39:41.864 - INFO - CDS - contig=contig_1, start=4866, stop=5057, strand=+, frame=3, truncated=no, start-type=ATG, RBS-motif=GGxGG
16:39:41.864 - INFO - CDS - contig=contig_1, start=5125, stop=5874, strand=+, frame=1, truncated=no, start-type=ATG, RBS-motif=AGGA
16:39:41.864 - INFO - CDS - contig=contig_1, start=5886, stop=6029, strand=+, frame=3, truncated=no, start-type=ATG, RBS-motif=AGGA
16:39:41.864 - INFO - CDS - contig=contig_1, start=6179, stop=6409, strand=+, frame=2, truncated=no, start-type=ATG, RBS-motif=AGGA
16:39:41.864 - INFO - CDS - contig=contig_1, start=6547, stop=6771, strand=+, frame=1, truncated=no, start-type=ATG, RBS-motif=AGGAG
16:39:41.864 - INFO - CDS - contig=contig_1, start=6782, stop=7642, strand=+, frame=2, truncated=no, start-type=ATG, RBS-motif=AGGAG
16:39:41.864 - INFO - CDS - contig=contig_1, start=7623, stop=7856, strand=+, frame=3, truncated=no, start-type=ATG, RBS-motif=None
16:39:41.864 - INFO - CDS - contig=contig_1, start=7853, stop=7993, strand=+, frame=2, truncated=no, start-type=ATG, RBS-motif=AGGAG
16:39:41.865 - INFO - CDS - contig=contig_1, start=8004, stop=8258, strand=+, frame=3, truncated=no, start-type=ATG, RBS-motif=AGGA
16:39:41.865 - INFO - CDS - contig=contig_1, start=8261, stop=8422, strand=+, frame=2, truncated=no, start-type=GTG, RBS-motif=GGAG/GAGG
16:39:41.865 - INFO - CDS - contig=contig_1, start=8424, stop=8906, strand=+, frame=3, truncated=no, start-type=ATG, RBS-motif=GGAG/GAGG
16:39:41.865 - INFO - CDS - contig=contig_1, start=8907, stop=9581, strand=+, frame=3, truncated=no, start-type=ATG, RBS-motif=GGA/GAG/AGG
16:39:41.865 - INFO - CDS - contig=contig_1, start=9574, stop=9990, strand=+, frame=1, truncated=no, start-type=ATG, RBS-motif=AGGA
16:39:41.865 - INFO - CDS - contig=contig_1, start=10571, stop=11890, strand=+, frame=2, truncated=no, start-type=ATG, RBS-motif=GGAG/GAGG
16:39:41.865 - INFO - CDS - contig=contig_1, start=11926, stop=12219, strand=+, frame=1, truncated=no, start-type=TTG, RBS-motif=None
16:39:41.865 - INFO - CDS - contig=contig_1, start=12209, stop=12685, strand=+, frame=2, truncated=no, start-type=ATG, RBS-motif=GGA/GAG/AGG
16:39:41.865 - INFO - CDS - contig=contig_1, start=12675, stop=13022, strand=+, frame=3, truncated=no, start-type=TTG, RBS-motif=GGAG/GAGG
16:39:41.865 - INFO - CDS - contig=contig_1, start=13034, stop=13336, strand=+, frame=2, truncated=no, start-type=ATG, RBS-motif=GGAGG
16:39:41.865 - INFO - CDS - contig=contig_1, start=13340, stop=13471, strand=+, frame=2, truncated=no, start-type=ATG, RBS-motif=GGxGG
16:39:41.866 - INFO - CDS - contig=contig_1, start=13471, stop=13887, strand=+, frame=1, truncated=no, start-type=ATG, RBS-motif=GGAGG
16:39:41.866 - INFO - CDS - contig=contig_1, start=13884, stop=14048, strand=+, frame=3, truncated=no, start-type=ATG, RBS-motif=None
16:39:41.866 - INFO - CDS - contig=contig_1, start=14045, stop=14314, strand=+, frame=2, truncated=no, start-type=ATG, RBS-motif=AGGAG
16:39:41.866 - INFO - CDS - contig=contig_1, start=14317, stop=14649, strand=+, frame=1, truncated=no, start-type=TTG, RBS-motif=GGxGG
16:39:41.866 - INFO - CDS - contig=contig_1, start=14732, stop=14863, strand=+, frame=2, truncated=no, start-type=ATG, RBS-motif=GGAG/GAGG
16:39:41.866 - INFO - CDS - contig=contig_1, start=14956, stop=15489, strand=+, frame=1, truncated=no, start-type=ATG, RBS-motif=GGAGG
16:39:41.866 - INFO - CDS - contig=contig_1, start=15486, stop=15752, strand=+, frame=3, truncated=no, start-type=ATG, RBS-motif=GGAG/GAGG
16:39:41.866 - INFO - CDS - contig=contig_1, start=16143, stop=16568, strand=+, frame=3, truncated=no, start-type=ATG, RBS-motif=AGGAG
16:39:41.866 - INFO - CDS - contig=contig_1, start=17154, stop=17528, strand=+, frame=3, truncated=no, start-type=GTG, RBS-motif=None
16:39:41.866 - INFO - CDS - contig=contig_1, start=17794, stop=18036, strand=+, frame=1, truncated=no, start-type=ATG, RBS-motif=None
16:39:41.867 - INFO - CDS - contig=contig_1, start=18033, stop=19301, strand=+, frame=3, truncated=no, start-type=ATG, RBS-motif=AGGAG
16:39:41.867 - INFO - CDS - contig=contig_1, start=19294, stop=20514, strand=+, frame=1, truncated=no, start-type=ATG, RBS-motif=GGAGG
16:39:41.867 - INFO - CDS - contig=contig_1, start=20514, stop=20702, strand=+, frame=3, truncated=no, start-type=ATG, RBS-motif=AGGAG
16:39:41.867 - INFO - CDS - contig=contig_1, start=20810, stop=22225, strand=+, frame=2, truncated=no, start-type=ATG, RBS-motif=AGGA
16:39:41.867 - INFO - CDS - contig=contig_1, start=22306, stop=22770, strand=+, frame=1, truncated=no, start-type=ATG, RBS-motif=AGGA
16:39:41.867 - INFO - CDS - contig=contig_1, start=22773, stop=23675, strand=+, frame=3, truncated=no, start-type=ATG, RBS-motif=AGGAG
16:39:41.867 - INFO - CDS - contig=contig_1, start=23672, stop=23887, strand=+, frame=2, truncated=no, start-type=ATG, RBS-motif=GGAG/GAGG
16:39:41.867 - INFO - CDS - contig=contig_1, start=23901, stop=24332, strand=+, frame=3, truncated=no, start-type=ATG, RBS-motif=GGA/GAG/AGG
16:39:41.867 - INFO - CDS - contig=contig_1, start=24283, stop=24621, strand=+, frame=1, truncated=no, start-type=ATG, RBS-motif=AGGA
16:39:41.868 - INFO - CDS - contig=contig_1, start=24614, stop=24850, strand=+, frame=2, truncated=no, start-type=ATG, RBS-motif=GGxGG
16:39:41.868 - INFO - CDS - contig=contig_1, start=24851, stop=25186, strand=+, frame=2, truncated=no, start-type=TTG, RBS-motif=GGxGG
16:39:41.868 - INFO - CDS - contig=contig_1, start=25196, stop=25753, strand=+, frame=2, truncated=no, start-type=ATG, RBS-motif=AGGAG
16:39:41.868 - INFO - CDS - contig=contig_1, start=25753, stop=25998, strand=+, frame=1, truncated=no, start-type=ATG, RBS-motif=AGGAG
16:39:41.868 - INFO - CDS - contig=contig_1, start=26013, stop=26384, strand=+, frame=3, truncated=no, start-type=ATG, RBS-motif=None
16:39:41.868 - INFO - CDS - contig=contig_1, start=26384, stop=28396, strand=+, frame=2, truncated=no, start-type=ATG, RBS-motif=GGAGG
16:39:41.868 - INFO - CDS - contig=contig_1, start=28390, stop=29910, strand=+, frame=1, truncated=no, start-type=GTG, RBS-motif=GGAG/GAGG
16:39:41.868 - INFO - CDS - contig=contig_1, start=29911, stop=34035, strand=+, frame=1, truncated=no, start-type=ATG, RBS-motif=GGAG/GAGG
16:39:41.869 - INFO - CDS - contig=contig_1, start=34046, stop=36052, strand=+, frame=2, truncated=no, start-type=ATG, RBS-motif=GGAGG
16:39:41.869 - INFO - CDS - contig=contig_1, start=36078, stop=36407, strand=+, frame=3, truncated=no, start-type=ATG, RBS-motif=AGGAG
16:39:41.869 - INFO - CDS - contig=contig_1, start=36382, stop=36594, strand=+, frame=1, truncated=no, start-type=ATG, RBS-motif=GGAG/GAGG
16:39:41.869 - INFO - CDS - contig=contig_1, start=36607, stop=36909, strand=+, frame=1, truncated=no, start-type=ATG, RBS-motif=GGAG/GAGG
16:39:41.869 - INFO - CDS - contig=contig_1, start=36911, stop=37246, strand=+, frame=2, truncated=no, start-type=ATG, RBS-motif=AGGAG
16:39:41.869 - INFO - CDS - contig=contig_1, start=37434, stop=37967, strand=+, frame=3, truncated=no, start-type=TTG, RBS-motif=GGA/GAG/AGG
16:39:41.869 - INFO - CDS - contig=contig_1, start=38300, stop=39271, strand=+, frame=2, truncated=no, start-type=ATG, RBS-motif=AGGAG
16:39:41.869 - INFO - CDS - contig=contig_1, start=39375, stop=39575, strand=+, frame=3, truncated=no, start-type=ATG, RBS-motif=AGGAG
16:39:41.869 - INFO - CDS - contig=contig_1, start=39616, stop=39786, strand=-, frame=3, truncated=no, start-type=ATG, RBS-motif=AGGA
16:39:41.870 - INFO - CDS - contig=contig_1, start=40203, stop=40382, strand=+, frame=3, truncated=no, start-type=ATG, RBS-motif=GGAGG
16:39:41.870 - INFO - CDS - contig=contig_1, start=1, stop=1080, strand=-, nt=[ATGTGGATAG..ATCGGAATAA]
16:39:41.870 - INFO - CDS - contig=contig_1, start=1203, stop=1406, strand=-, nt=[ATGGGATTTT..GACAAAATAA]
16:39:41.870 - INFO - CDS - contig=contig_1, start=1509, stop=2066, strand=-, nt=[ATGCTGGAAA..TTTTGTATAA]
16:39:41.870 - INFO - CDS - contig=contig_1, start=2068, stop=2865, strand=-, nt=[ATGCATCTAG..GGAGAATTAA]
16:39:41.870 - INFO - CDS - contig=contig_1, start=3029, stop=3130, strand=+, nt=[ATGAAATCTA..AGAGTGGTGA]
16:39:41.870 - INFO - CDS - contig=contig_1, start=3226, stop=3369, strand=+, nt=[GTGGAAGAAT..TTATGACTAA]
16:39:41.870 - INFO - CDS - contig=contig_1, start=3366, stop=3590, strand=-, nt=[ATGGCTAAAA..TAAAGGTTAG]
16:39:41.870 - INFO - CDS - contig=contig_1, start=3649, stop=3807, strand=+, nt=[ATGAATTGGA..TACAAAATAA]
16:39:41.870 - INFO - CDS - contig=contig_1, start=3837, stop=4025, strand=+, nt=[ATGGAGTTTA..CGTCAGGTAA]
16:39:41.870 - INFO - CDS - contig=contig_1, start=4008, stop=4814, strand=-, nt=[ATGATTGAAA..CGTTTCGTAA]
16:39:41.870 - INFO - CDS - contig=contig_1, start=4866, stop=5057, strand=+, nt=[ATGCAACAAT..ATTTTTTTAA]
16:39:41.870 - INFO - CDS - contig=contig_1, start=5125, stop=5874, strand=+, nt=[ATGAATCAAC..CATTGTATAG]
16:39:41.871 - INFO - CDS - contig=contig_1, start=5886, stop=6029, strand=+, nt=[ATGAGACCAA..TGGTCTGTAA]
16:39:41.871 - INFO - CDS - contig=contig_1, start=6179, stop=6409, strand=+, nt=[ATGCTAGCAA..AATTATTTAA]
16:39:41.871 - INFO - CDS - contig=contig_1, start=6547, stop=6771, strand=+, nt=[ATGGAAAATC..ACCTTTTTAA]
16:39:41.871 - INFO - CDS - contig=contig_1, start=6782, stop=7642, strand=+, nt=[ATGGCAGATA..AGATTTTTAA]
16:39:41.871 - INFO - CDS - contig=contig_1, start=7623, stop=7856, strand=+, nt=[ATGGATCAGG..TACGTTATGA]
16:39:41.871 - INFO - CDS - contig=contig_1, start=7853, stop=7993, strand=+, nt=[ATGACAAAAC..TGCGATTTAG]
16:39:41.871 - INFO - CDS - contig=contig_1, start=8004, stop=8258, strand=+, nt=[ATGGTTGAAA..AGAGGACTGA]
16:39:41.871 - INFO - CDS - contig=contig_1, start=8261, stop=8422, strand=+, nt=[GTGAACGAAG..GAGGAAATGA]
16:39:41.871 - INFO - CDS - contig=contig_1, start=8424, stop=8906, strand=+, nt=[ATGGCTTATT..GGTAAAGTAA]
16:39:41.871 - INFO - CDS - contig=contig_1, start=8907, stop=9581, strand=+, nt=[ATGAGGAAAT..AAATGATTAA]
16:39:41.871 - INFO - CDS - contig=contig_1, start=9574, stop=9990, strand=+, nt=[ATGATTAACA..ACCATTCTGA]
16:39:41.871 - INFO - CDS - contig=contig_1, start=10571, stop=11890, strand=+, nt=[ATGATTGCTC..TGGTAGATAA]
16:39:41.871 - INFO - CDS - contig=contig_1, start=11926, stop=12219, strand=+, nt=[TTGGGAAAGC..TGACTTTTAA]
16:39:41.871 - INFO - CDS - contig=contig_1, start=12209, stop=12685, strand=+, nt=[ATGACTTTTA..TGACAGATGA]
16:39:41.871 - INFO - CDS - contig=contig_1, start=12675, stop=13022, strand=+, nt=[TTGACAGATG..GACCTTTTGA]
16:39:41.871 - INFO - CDS - contig=contig_1, start=13034, stop=13336, strand=+, nt=[ATGGCAGATA..TGGGGGATAA]
16:39:41.871 - INFO - CDS - contig=contig_1, start=13340, stop=13471, strand=+, nt=[ATGTTAATTA..GGAATTCTGA]
16:39:41.872 - INFO - CDS - contig=contig_1, start=13471, stop=13887, strand=+, nt=[ATGATACCGA..GGAAGAATGA]
16:39:41.872 - INFO - CDS - contig=contig_1, start=13884, stop=14048, strand=+, nt=[ATGACAAAAG..GACGAAATGA]
16:39:41.872 - INFO - CDS - contig=contig_1, start=14045, stop=14314, strand=+, nt=[ATGACTGAAC..TGGGGGATAA]
16:39:41.872 - INFO - CDS - contig=contig_1, start=14317, stop=14649, strand=+, nt=[TTGTCATTAA..GAATGGATGA]
16:39:41.872 - INFO - CDS - contig=contig_1, start=14732, stop=14863, strand=+, nt=[ATGAATATTG..ACTAAAATAG]
16:39:41.872 - INFO - CDS - contig=contig_1, start=14956, stop=15489, strand=+, nt=[ATGAATATTG..GGTGGAATGA]
16:39:41.872 - INFO - CDS - contig=contig_1, start=15486, stop=15752, strand=+, nt=[ATGAAAGAAA..AGCAAATTAA]
16:39:41.872 - INFO - CDS - contig=contig_1, start=16143, stop=16568, strand=+, nt=[ATGGGTCGTA..TACTGAATAA]
16:39:41.872 - INFO - CDS - contig=contig_1, start=17154, stop=17528, strand=+, nt=[GTGGCTTTTT..TAAAGAATAA]
16:39:41.872 - INFO - CDS - contig=contig_1, start=17794, stop=18036, strand=+, nt=[ATGAAGCAAA..GCAACAATGA]
16:39:41.872 - INFO - CDS - contig=contig_1, start=18033, stop=19301, strand=+, nt=[ATGAACTATA..TGATGGTTGA]
16:39:41.872 - INFO - CDS - contig=contig_1, start=19294, stop=20514, strand=+, nt=[ATGGTTGATG..GAGAGAGTAA]
16:39:41.872 - INFO - CDS - contig=contig_1, start=20514, stop=20702, strand=+, nt=[ATGGAATTAT..AATCATTTAA]
16:39:41.872 - INFO - CDS - contig=contig_1, start=20810, stop=22225, strand=+, nt=[ATGGTTACTA..CAGCTGTTAA]
16:39:41.872 - INFO - CDS - contig=contig_1, start=22306, stop=22770, strand=+, nt=[ATGTCAGAAT..AGGAGAATAA]
16:39:41.872 - INFO - CDS - contig=contig_1, start=22773, stop=23675, strand=+, nt=[ATGGCAGAAT..ACAAGGATGA]
16:39:41.872 - INFO - CDS - contig=contig_1, start=23672, stop=23887, strand=+, nt=[ATGATTTATA..CCCTAAATAA]
16:39:41.872 - INFO - CDS - contig=contig_1, start=23901, stop=24332, strand=+, nt=[ATGACAAATT..AGACGATTAG]
16:39:41.872 - INFO - CDS - contig=contig_1, start=24283, stop=24621, strand=+, nt=[ATGGGGAAAT..ATATGAGTAA]
16:39:41.873 - INFO - CDS - contig=contig_1, start=24614, stop=24850, strand=+, nt=[ATGAGTAAGT..GGTGCGATGA]
16:39:41.873 - INFO - CDS - contig=contig_1, start=24851, stop=25186, strand=+, nt=[TTGATTGAAG..TCATTATTAA]
16:39:41.873 - INFO - CDS - contig=contig_1, start=25196, stop=25753, strand=+, nt=[ATGGTAGCAA..AGCTGGTTAA]
16:39:41.873 - INFO - CDS - contig=contig_1, start=25753, stop=25998, strand=+, nt=[ATGAAAACAT..AAAAAAATAA]
16:39:41.873 - INFO - CDS - contig=contig_1, start=26013, stop=26384, strand=+, nt=[ATGCTAAAAA..TGATAGCTGA]
16:39:41.873 - INFO - CDS - contig=contig_1, start=26384, stop=28396, strand=+, nt=[ATGGCTACTA..CAGGTGGTAG]
16:39:41.873 - INFO - CDS - contig=contig_1, start=28390, stop=29910, strand=+, nt=[GTGGTAGATT..GTACAAATAA]
16:39:41.873 - INFO - CDS - contig=contig_1, start=29911, stop=34035, strand=+, nt=[ATGTTAACAA..AAATAGTTAG]
16:39:41.873 - INFO - CDS - contig=contig_1, start=34046, stop=36052, strand=+, nt=[ATGGGAACTG..GTCAATATAA]
16:39:41.873 - INFO - CDS - contig=contig_1, start=36078, stop=36407, strand=+, nt=[ATGTTTACAA..TATTGGTTAG]
16:39:41.873 - INFO - CDS - contig=contig_1, start=36382, stop=36594, strand=+, nt=[ATGAAGATCT..AGCAAGTTAG]
16:39:41.873 - INFO - CDS - contig=contig_1, start=36607, stop=36909, strand=+, nt=[ATGACAGTAG..GGAGAAATAA]
16:39:41.873 - INFO - CDS - contig=contig_1, start=36911, stop=37246, strand=+, nt=[ATGAACGAAT..AGGTCAATAA]
16:39:41.873 - INFO - CDS - contig=contig_1, start=37434, stop=37967, strand=+, nt=[TTGATAAAAA..AGATATGTAA]
16:39:41.873 - INFO - CDS - contig=contig_1, start=38300, stop=39271, strand=+, nt=[ATGAAACAAC..AAAAAAATAG]
16:39:41.873 - INFO - CDS - contig=contig_1, start=39375, stop=39575, strand=+, nt=[ATGTCACAAG..ACTGAAATAA]
16:39:41.873 - INFO - CDS - contig=contig_1, start=39616, stop=39786, strand=-, nt=[ATGGATAAAG..CAAACTCTAG]
16:39:41.873 - INFO - CDS - contig=contig_1, start=40203, stop=40382, strand=+, nt=[ATGTTATATA..ATTGAAGTGA]
16:39:41.874 - INFO - CDS - predicted=66
16:39:42.106 - INFO - ORF - discarded=0
16:39:42.509 - INFO - UPS - looked-up=63
16:39:42.596 - INFO - IPS - looked-up=63
16:39:42.597 - INFO - ORF - write internal aa seqs: # seqs=3, path=/tmp/tmp7f1v9ll9/cds.psc.faa
16:40:48.105 - INFO - PSC - found: PSC=1, PSCC=1
16:40:48.248 - INFO - PSC - looked-up=65
16:40:48.403 - INFO - PSCC - looked-up=63
16:40:48.404 - INFO - ORF - write internal aa seqs: # seqs=66, path=/tmp/tmp7f1v9ll9/cds.expert.faa
16:40:49.588 - INFO - EXPERT-AMRFINDER - found=0
16:40:50.772 - INFO - EXPERT_AA_SEQ - found=0
16:40:50.772 - INFO - ANNOTATION - fix gene: extract symbol from protein name. symbol=xerD
16:40:50.773 - INFO - ANNOTATION - fix gene: lowercase first char. new=xerD, old=XerD
16:40:50.773 - INFO - ANNOTATION - fix gene: lowercase first char. new=xerD, old=XerD
16:40:50.773 - INFO - ANNOTATION - fix product: replace domain name underscores. new=RelA-SpoT domain-containing protein, old=RelA_SpoT domain-containing protein
16:40:50.773 - INFO - ANNOTATION - marked as hypothetical: contig=contig_1, start=3029, stop=3130, strand=+
16:40:50.774 - INFO - ANNOTATION - fix gene: lowercase first char. new=hipB, old=HipB
16:40:50.774 - INFO - ANNOTATION - fix gene: lowercase first char. new=hipB, old=HipB
16:40:50.774 - INFO - ANNOTATION - fix gene: lowercase first char. new=kilAC, old=KilAC
16:40:50.774 - INFO - ANNOTATION - fix gene: lowercase first char. new=kilAC, old=KilAC
16:40:50.775 - INFO - ANNOTATION - fix gene: extract symbol from protein name. symbol=dnaD
16:40:50.775 - INFO - ANNOTATION - marked as hypothetical: contig=contig_1, start=11926, stop=12219, strand=+
16:40:50.776 - INFO - ANNOTATION - fix gene: extract symbol from protein name. symbol=rusA
16:40:50.776 - INFO - ANNOTATION - fix gene: lowercase first char. new=rusA, old=RusA
16:40:50.776 - INFO - ANNOTATION - fix gene: lowercase first char. new=rusA, old=RusA
16:40:50.776 - INFO - ANNOTATION - fix gene: extract symbol from protein name. symbol=yopX
16:40:50.777 - INFO - ANNOTATION - fix product: replace domain name underscores. new=ADPrib-exo-Tox domain-containing protein, old=ADPrib_exo_Tox domain-containing protein
16:40:50.777 - INFO - ANNOTATION - fix gene: lowercase first char. new=ymfN, old=YmfN
16:40:50.777 - INFO - ANNOTATION - fix gene: lowercase first char. new=ymfN, old=YmfN
16:40:50.778 - INFO - ANNOTATION - fix gene: extract symbol from protein name. symbol=yomH
16:40:50.778 - INFO - ANNOTATION - fix gene: lowercase first char. new=yomH, old=YomH
16:40:50.779 - INFO - ANNOTATION - fix gene: lowercase first char. new=yomH, old=YomH
16:40:50.779 - INFO - ANNOTATION - fix gene: extract symbol from protein name. symbol=flgJ
16:40:50.779 - INFO - ANNOTATION - fix gene: lowercase first char. new=flgJ, old=FlgJ
16:40:50.779 - INFO - ANNOTATION - fix gene: lowercase first char. new=flgJ, old=FlgJ
16:40:50.779 - INFO - ANNOTATION - marked as hypothetical: contig=contig_1, start=37434, stop=37967, strand=+
16:40:50.780 - INFO - ANNOTATION - fix gene: lowercase first char. new=abiF, old=AbiF
16:40:50.780 - INFO - ANNOTATION - fix gene: lowercase first char. new=abiF, old=AbiF
16:40:50.780 - INFO - ORF - write internal aa seqs: # seqs=3, path=/tmp/tmp7f1v9ll9/cds.pseudo.candidates.faa
16:42:08.274 - INFO - CDS - found: pseudogene-candidates=1
16:42:10.635 - INFO - CDS - found: pseudogenes=0
16:42:10.638 - INFO - PSC - looked-up=0
16:42:10.639 - INFO - PSCC - looked-up=0
16:42:12.895 - INFO - CDS - predicted-pfams=0, CDS-w/-pfams=0
16:42:12.950 - INFO - S_ORF - predicted=529
16:42:13.303 - INFO - S_ORF - sORF filter: # valid=80, # discarded=449
16:42:13.480 - INFO - ORF - discarded=0
16:42:13.867 - INFO - UPS - looked-up=0
16:42:13.868 - INFO - IPS - looked-up=0
16:42:13.869 - INFO - ORF - write internal aa seqs: # seqs=80, path=/tmp/tmp7f1v9ll9/sorf.faa
16:42:14.183 - INFO - S_ORF - found=0
16:42:14.185 - INFO - PSC - looked-up=0
16:42:14.186 - INFO - PSCC - looked-up=0
16:42:15.621 - INFO - ORI - predicted=0
16:42:16.023 - INFO - ORI - predicted=0
16:42:16.024 - INFO - UTILS - generated sequence tag prefix: prefix=CGFCKDANII, length=10, MD5=C0FC4DA722F9A3BD9803D35FBC657B50
16:42:16.024 - INFO - MAIN - selected features=66
16:42:16.024 - INFO - UTILS - generated sequence tag prefix: prefix=CGFCKD, length=6, MD5=C0FC4DA722F9A3BD9803D35FBC657B50
16:42:16.024 - INFO - MAIN - locus tag prefix=CGFCKD
16:42:16.025 - INFO - UTILS - genome-size=40382
16:42:16.026 - INFO - UTILS - GC=0.368
16:42:16.027 - INFO - UTILS - N=0.000
16:42:16.027 - INFO - UTILS - N50=40382
16:42:16.027 - INFO - UTILS - coding-ratio=0.896
16:42:16.027 - INFO - TSV - write tsv: path=/net/holy-nfsisilon/ifs/rc_labs/eddy_lab/users/lmerk/phage_groupII/data/bakta_output/MK448781/MK448781.tsv
16:42:16.039 - INFO - GFF - write GFF3: path=/net/holy-nfsisilon/ifs/rc_labs/eddy_lab/users/lmerk/phage_groupII/data/bakta_output/MK448781/MK448781.gff3
16:42:16.054 - INFO - INSDC - write GenBank: path=/net/holy-nfsisilon/ifs/rc_labs/eddy_lab/users/lmerk/phage_groupII/data/bakta_output/MK448781/MK448781.gbff
16:42:16.076 - INFO - INSDC - write EMBL: path=/net/holy-nfsisilon/ifs/rc_labs/eddy_lab/users/lmerk/phage_groupII/data/bakta_output/MK448781/MK448781.embl
16:42:16.094 - INFO - FASTA - write genome sequences: path=/net/holy-nfsisilon/ifs/rc_labs/eddy_lab/users/lmerk/phage_groupII/data/bakta_output/MK448781/MK448781.fna, description=True, wrap=True
16:42:16.100 - INFO - FASTA - write feature nucleotide sequences: path=/net/holy-nfsisilon/ifs/rc_labs/eddy_lab/users/lmerk/phage_groupII/data/bakta_output/MK448781/MK448781.ffn
16:42:16.106 - INFO - FASTA - write translated CDS/sORF: path=/net/holy-nfsisilon/ifs/rc_labs/eddy_lab/users/lmerk/phage_groupII/data/bakta_output/MK448781/MK448781.faa
16:42:16.170 - INFO - PLOT - write circular genome plot: file-name=MK448781, output-dir=/net/holy-nfsisilon/ifs/rc_labs/eddy_lab/users/lmerk/phage_groupII/data/bakta_output/MK448781
16:42:29.583 - INFO - TSV - write hypothetical tsv: path=/net/holy-nfsisilon/ifs/rc_labs/eddy_lab/users/lmerk/phage_groupII/data/bakta_output/MK448781/MK448781.hypotheticals.tsv
16:42:29.588 - INFO - FASTA - write translated CDS/sORF: path=/net/holy-nfsisilon/ifs/rc_labs/eddy_lab/users/lmerk/phage_groupII/data/bakta_output/MK448781/MK448781.hypotheticals.faa
16:42:29.592 - INFO - JSON - write JSON: path=/net/holy-nfsisilon/ifs/rc_labs/eddy_lab/users/lmerk/phage_groupII/data/bakta_output/MK448781/MK448781.json
16:42:29.621 - INFO - MAIN - removed tmp dir: /tmp/tmp7f1v9ll9
