Discrepancy Report Results

Summary
FATAL: MISSING_PROTEIN_ID:70 proteins have invalid IDs.
DISC_SOURCE_QUALS_ASNDISC:strain (all present, all unique)
DISC_SOURCE_QUALS_ASNDISC:taxname (all present, all unique)
DISC_FEATURE_COUNT:CDS: 70 present
DISC_COUNT_NUCLEOTIDES:1 nucleotide Bioseqs are present
FEATURE_LOCATION_CONFLICT:70 features have inconsistent gene locations.
OVERLAPPING_CDS:42 coding regions overlap another coding region with a similar or identical name.
DISC_QUALITY_SCORES:Quality scores are missing on all sequences.
ONCALLER_COMMENT_PRESENT:1 comment descriptors were found (all same)
SHORT_PROT_SEQUENCES:3 protein sequences are shorter than 50 aa.
MISSING_GENOMEASSEMBLY_COMMENTS:1 bioseqs are missing GenomeAssembly structured comments
MOLTYPE_NOT_MRNA:1 molecule types are not set as mRNA.
TECHNIQUE_NOT_TSA:1 technique are not set as TSA
MISSING_STRUCTURED_COMMENT:1 sequences do not include structured comments.
MISSING_PROJECT:71 sequences do not include project.
DISC_INCONSISTENT_MOLINFO_TECH:Molinfo Technique Report (some missing, all same)


Detailed Report

FATAL: DiscRep_ALL:MISSING_PROTEIN_ID::70 proteins have invalid IDs.
GenomesDB/MK448228/MK448228:MK448228_1 (length 105)
GenomesDB/MK448228/MK448228:MK448228_2 (length 106)
GenomesDB/MK448228/MK448228:MK448228_3 (length 495)
GenomesDB/MK448228/MK448228:MK448228_4 (length 250)
GenomesDB/MK448228/MK448228:MK448228_5 (length 837)
GenomesDB/MK448228/MK448228:MK448228_6 (length 347)
GenomesDB/MK448228/MK448228:MK448228_7 (length 195)
GenomesDB/MK448228/MK448228:MK448228_8 (length 410)
GenomesDB/MK448228/MK448228:MK448228_9 (length 118)
GenomesDB/MK448228/MK448228:MK448228_10 (length 126)
GenomesDB/MK448228/MK448228:MK448228_11 (length 196)
GenomesDB/MK448228/MK448228:MK448228_12 (length 289)
GenomesDB/MK448228/MK448228:MK448228_13 (length 101)
GenomesDB/MK448228/MK448228:MK448228_14 (length 279)
GenomesDB/MK448228/MK448228:MK448228_15 (length 341)
GenomesDB/MK448228/MK448228:MK448228_16 (length 299)
GenomesDB/MK448228/MK448228:MK448228_17 (length 158)
GenomesDB/MK448228/MK448228:MK448228_18 (length 185)
GenomesDB/MK448228/MK448228:MK448228_19 (length 147)
GenomesDB/MK448228/MK448228:MK448228_20 (length 493)
GenomesDB/MK448228/MK448228:MK448228_21 (length 183)
GenomesDB/MK448228/MK448228:MK448228_22 (length 122)
GenomesDB/MK448228/MK448228:MK448228_23 (length 187)
GenomesDB/MK448228/MK448228:MK448228_24 (length 147)
GenomesDB/MK448228/MK448228:MK448228_25 (length 108)
GenomesDB/MK448228/MK448228:MK448228_26 (length 345)
GenomesDB/MK448228/MK448228:MK448228_27 (length 160)
GenomesDB/MK448228/MK448228:MK448228_28 (length 388)
GenomesDB/MK448228/MK448228:MK448228_29 (length 232)
GenomesDB/MK448228/MK448228:MK448228_30 (length 506)
GenomesDB/MK448228/MK448228:MK448228_31 (length 558)
GenomesDB/MK448228/MK448228:MK448228_32 (length 210)
GenomesDB/MK448228/MK448228:MK448228_33 (length 49)
GenomesDB/MK448228/MK448228:MK448228_34 (length 91)
GenomesDB/MK448228/MK448228:MK448228_35 (length 155)
GenomesDB/MK448228/MK448228:MK448228_36 (length 167)
GenomesDB/MK448228/MK448228:MK448228_37 (length 104)
GenomesDB/MK448228/MK448228:MK448228_38 (length 166)
GenomesDB/MK448228/MK448228:MK448228_39 (length 46)
GenomesDB/MK448228/MK448228:MK448228_40 (length 127)
GenomesDB/MK448228/MK448228:MK448228_41 (length 193)
GenomesDB/MK448228/MK448228:MK448228_42 (length 58)
GenomesDB/MK448228/MK448228:MK448228_43 (length 198)
GenomesDB/MK448228/MK448228:MK448228_44 (length 82)
GenomesDB/MK448228/MK448228:MK448228_45 (length 215)
GenomesDB/MK448228/MK448228:MK448228_46 (length 70)
GenomesDB/MK448228/MK448228:MK448228_47 (length 153)
GenomesDB/MK448228/MK448228:MK448228_48 (length 87)
GenomesDB/MK448228/MK448228:MK448228_49 (length 144)
GenomesDB/MK448228/MK448228:MK448228_50 (length 100)
GenomesDB/MK448228/MK448228:MK448228_51 (length 258)
GenomesDB/MK448228/MK448228:MK448228_52 (length 242)
GenomesDB/MK448228/MK448228:MK448228_53 (length 33)
GenomesDB/MK448228/MK448228:MK448228_54 (length 73)
GenomesDB/MK448228/MK448228:MK448228_55 (length 75)
GenomesDB/MK448228/MK448228:MK448228_56 (length 240)
GenomesDB/MK448228/MK448228:MK448228_57 (length 76)
GenomesDB/MK448228/MK448228:MK448228_58 (length 159)
GenomesDB/MK448228/MK448228:MK448228_59 (length 64)
GenomesDB/MK448228/MK448228:MK448228_60 (length 323)
GenomesDB/MK448228/MK448228:MK448228_61 (length 94)
GenomesDB/MK448228/MK448228:MK448228_62 (length 281)
GenomesDB/MK448228/MK448228:MK448228_63 (length 95)
GenomesDB/MK448228/MK448228:MK448228_64 (length 226)
GenomesDB/MK448228/MK448228:MK448228_65 (length 142)
GenomesDB/MK448228/MK448228:MK448228_66 (length 218)
GenomesDB/MK448228/MK448228:MK448228_67 (length 255)
GenomesDB/MK448228/MK448228:MK448228_68 (length 72)
GenomesDB/MK448228/MK448228:MK448228_69 (length 71)
GenomesDB/MK448228/MK448228:MK448228_70 (length 387)

DiscRep_ALL:DISC_SOURCE_QUALS_ASNDISC::strain (all present, all unique)
DiscRep_SUB:DISC_SOURCE_QUALS_ASNDISC::1 sources have unique values for strain
DiscRep_ALL:DISC_SOURCE_QUALS_ASNDISC::taxname (all present, all unique)
DiscRep_SUB:DISC_SOURCE_QUALS_ASNDISC::1 sources have unique values for taxname
DiscRep_ALL:DISC_FEATURE_COUNT::CDS: 70 present
DiscRep_ALL:DISC_COUNT_NUCLEOTIDES::1 nucleotide Bioseqs are present
GenomesDB/MK448228/MK448228:MK448228 (length 46342)

DiscRep_ALL:FEATURE_LOCATION_CONFLICT::70 features have inconsistent gene locations.
DiscRep_SUB:FEATURE_LOCATION_CONFLICT::Coding region xref gene does not exist
GenomesDB/MK448228/MK448228:CDS	unannotated protein	MK448228:c519-202	MK448228_00001

DiscRep_SUB:FEATURE_LOCATION_CONFLICT::Coding region xref gene does not exist
GenomesDB/MK448228/MK448228:CDS	unannotated protein	MK448228:c839-519	MK448228_00002

DiscRep_SUB:FEATURE_LOCATION_CONFLICT::Coding region xref gene does not exist
GenomesDB/MK448228/MK448228:CDS	unannotated protein	MK448228:c2323-836	MK448228_00003

DiscRep_SUB:FEATURE_LOCATION_CONFLICT::Coding region xref gene does not exist
GenomesDB/MK448228/MK448228:CDS	unannotated protein	MK448228:c3564-2812	MK448228_00004

DiscRep_SUB:FEATURE_LOCATION_CONFLICT::Coding region xref gene does not exist
GenomesDB/MK448228/MK448228:CDS	unannotated protein	MK448228:c6092-3579	MK448228_00005

DiscRep_SUB:FEATURE_LOCATION_CONFLICT::Coding region xref gene does not exist
GenomesDB/MK448228/MK448228:CDS	unannotated protein	MK448228:c7145-6102	MK448228_00006

DiscRep_SUB:FEATURE_LOCATION_CONFLICT::Coding region xref gene does not exist
GenomesDB/MK448228/MK448228:CDS	unannotated protein	MK448228:c7734-7147	MK448228_00007

DiscRep_SUB:FEATURE_LOCATION_CONFLICT::Coding region xref gene does not exist
GenomesDB/MK448228/MK448228:CDS	unannotated protein	MK448228:c8959-7727	MK448228_00008

DiscRep_SUB:FEATURE_LOCATION_CONFLICT::Coding region xref gene does not exist
GenomesDB/MK448228/MK448228:CDS	unannotated protein	MK448228:c9323-8967	MK448228_00009

DiscRep_SUB:FEATURE_LOCATION_CONFLICT::Coding region xref gene does not exist
GenomesDB/MK448228/MK448228:CDS	unannotated protein	MK448228:c9766-9386	MK448228_00010

DiscRep_SUB:FEATURE_LOCATION_CONFLICT::Coding region xref gene does not exist
GenomesDB/MK448228/MK448228:CDS	unannotated protein	MK448228:c10368-9778	MK448228_00011

DiscRep_SUB:FEATURE_LOCATION_CONFLICT::Coding region xref gene does not exist
GenomesDB/MK448228/MK448228:CDS	unannotated protein	MK448228:c11227-10358	MK448228_00012

DiscRep_SUB:FEATURE_LOCATION_CONFLICT::Coding region xref gene does not exist
GenomesDB/MK448228/MK448228:CDS	unannotated protein	MK448228:c11529-11224	MK448228_00013

DiscRep_SUB:FEATURE_LOCATION_CONFLICT::Coding region xref gene does not exist
GenomesDB/MK448228/MK448228:CDS	unannotated protein	MK448228:c12370-11531	MK448228_00014

DiscRep_SUB:FEATURE_LOCATION_CONFLICT::Coding region xref gene does not exist
GenomesDB/MK448228/MK448228:CDS	unannotated protein	MK448228:c13399-12374	MK448228_00015

DiscRep_SUB:FEATURE_LOCATION_CONFLICT::Coding region xref gene does not exist
GenomesDB/MK448228/MK448228:CDS	unannotated protein	MK448228:c14332-13433	MK448228_00016

DiscRep_SUB:FEATURE_LOCATION_CONFLICT::Coding region xref gene does not exist
GenomesDB/MK448228/MK448228:CDS	unannotated protein	MK448228:c15010-14534	MK448228_00017

DiscRep_SUB:FEATURE_LOCATION_CONFLICT::Coding region xref gene does not exist
GenomesDB/MK448228/MK448228:CDS	unannotated protein	MK448228:c15647-15090	MK448228_00018

DiscRep_SUB:FEATURE_LOCATION_CONFLICT::Coding region xref gene does not exist
GenomesDB/MK448228/MK448228:CDS	unannotated protein	MK448228:c16270-15827	MK448228_00019

DiscRep_SUB:FEATURE_LOCATION_CONFLICT::Coding region xref gene does not exist
GenomesDB/MK448228/MK448228:CDS	unannotated protein	MK448228:c17751-16270	MK448228_00020

DiscRep_SUB:FEATURE_LOCATION_CONFLICT::Coding region xref gene does not exist
GenomesDB/MK448228/MK448228:CDS	unannotated protein	MK448228:c18306-17755	MK448228_00021

DiscRep_SUB:FEATURE_LOCATION_CONFLICT::Coding region xref gene does not exist
GenomesDB/MK448228/MK448228:CDS	unannotated protein	MK448228:c18656-18288	MK448228_00022

DiscRep_SUB:FEATURE_LOCATION_CONFLICT::Coding region xref gene does not exist
GenomesDB/MK448228/MK448228:CDS	unannotated protein	MK448228:c19216-18653	MK448228_00023

DiscRep_SUB:FEATURE_LOCATION_CONFLICT::Coding region xref gene does not exist
GenomesDB/MK448228/MK448228:CDS	unannotated protein	MK448228:c19662-19219	MK448228_00024

DiscRep_SUB:FEATURE_LOCATION_CONFLICT::Coding region xref gene does not exist
GenomesDB/MK448228/MK448228:CDS	unannotated protein	MK448228:c19988-19662	MK448228_00025

DiscRep_SUB:FEATURE_LOCATION_CONFLICT::Coding region xref gene does not exist
GenomesDB/MK448228/MK448228:CDS	unannotated protein	MK448228:c21027-19990	MK448228_00026

DiscRep_SUB:FEATURE_LOCATION_CONFLICT::Coding region xref gene does not exist
GenomesDB/MK448228/MK448228:CDS	unannotated protein	MK448228:c21509-21027	MK448228_00027

DiscRep_SUB:FEATURE_LOCATION_CONFLICT::Coding region xref gene does not exist
GenomesDB/MK448228/MK448228:CDS	unannotated protein	MK448228:c22677-21511	MK448228_00028

DiscRep_SUB:FEATURE_LOCATION_CONFLICT::Coding region xref gene does not exist
GenomesDB/MK448228/MK448228:CDS	unannotated protein	MK448228:c23379-22681	MK448228_00029

DiscRep_SUB:FEATURE_LOCATION_CONFLICT::Coding region xref gene does not exist
GenomesDB/MK448228/MK448228:CDS	unannotated protein	MK448228:c24952-23432	MK448228_00030

DiscRep_SUB:FEATURE_LOCATION_CONFLICT::Coding region xref gene does not exist
GenomesDB/MK448228/MK448228:CDS	unannotated protein	MK448228:c26629-24953	MK448228_00031

DiscRep_SUB:FEATURE_LOCATION_CONFLICT::Coding region xref gene does not exist
GenomesDB/MK448228/MK448228:CDS	unannotated protein	MK448228:c27263-26631	MK448228_00032

DiscRep_SUB:FEATURE_LOCATION_CONFLICT::Coding region xref gene does not exist
GenomesDB/MK448228/MK448228:CDS	unannotated protein	MK448228:c27528-27379	MK448228_00033

DiscRep_SUB:FEATURE_LOCATION_CONFLICT::Coding region xref gene does not exist
GenomesDB/MK448228/MK448228:CDS	unannotated protein	MK448228:c27860-27585	MK448228_00034

DiscRep_SUB:FEATURE_LOCATION_CONFLICT::Coding region xref gene does not exist
GenomesDB/MK448228/MK448228:CDS	unannotated protein	MK448228:c28363-27896	MK448228_00035

DiscRep_SUB:FEATURE_LOCATION_CONFLICT::Coding region xref gene does not exist
GenomesDB/MK448228/MK448228:CDS	unannotated protein	MK448228:c28863-28360	MK448228_00036

DiscRep_SUB:FEATURE_LOCATION_CONFLICT::Coding region xref gene does not exist
GenomesDB/MK448228/MK448228:CDS	unannotated protein	MK448228:c29180-28866	MK448228_00037

DiscRep_SUB:FEATURE_LOCATION_CONFLICT::Coding region xref gene does not exist
GenomesDB/MK448228/MK448228:CDS	unannotated protein	MK448228:c30251-29751	MK448228_00038

DiscRep_SUB:FEATURE_LOCATION_CONFLICT::Coding region xref gene does not exist
GenomesDB/MK448228/MK448228:CDS	unannotated protein	MK448228:c30388-30248	MK448228_00039

DiscRep_SUB:FEATURE_LOCATION_CONFLICT::Coding region xref gene does not exist
GenomesDB/MK448228/MK448228:CDS	unannotated protein	MK448228:c30768-30385	MK448228_00040

DiscRep_SUB:FEATURE_LOCATION_CONFLICT::Coding region xref gene does not exist
GenomesDB/MK448228/MK448228:CDS	unannotated protein	MK448228:c31346-30765	MK448228_00041

DiscRep_SUB:FEATURE_LOCATION_CONFLICT::Coding region xref gene does not exist
GenomesDB/MK448228/MK448228:CDS	unannotated protein	MK448228:c31515-31339	MK448228_00042

DiscRep_SUB:FEATURE_LOCATION_CONFLICT::Coding region xref gene does not exist
GenomesDB/MK448228/MK448228:CDS	unannotated protein	MK448228:c32111-31515	MK448228_00043

DiscRep_SUB:FEATURE_LOCATION_CONFLICT::Coding region xref gene does not exist
GenomesDB/MK448228/MK448228:CDS	unannotated protein	MK448228:c32516-32268	MK448228_00044

DiscRep_SUB:FEATURE_LOCATION_CONFLICT::Coding region xref gene does not exist
GenomesDB/MK448228/MK448228:CDS	unannotated protein	MK448228:c33163-32516	MK448228_00045

DiscRep_SUB:FEATURE_LOCATION_CONFLICT::Coding region xref gene does not exist
GenomesDB/MK448228/MK448228:CDS	unannotated protein	MK448228:c33372-33160	MK448228_00046

DiscRep_SUB:FEATURE_LOCATION_CONFLICT::Coding region xref gene does not exist
GenomesDB/MK448228/MK448228:CDS	unannotated protein	MK448228:c33833-33372	MK448228_00047

DiscRep_SUB:FEATURE_LOCATION_CONFLICT::Coding region xref gene does not exist
GenomesDB/MK448228/MK448228:CDS	unannotated protein	MK448228:c34089-33826	MK448228_00048

DiscRep_SUB:FEATURE_LOCATION_CONFLICT::Coding region xref gene does not exist
GenomesDB/MK448228/MK448228:CDS	unannotated protein	MK448228:c34520-34086	MK448228_00049

DiscRep_SUB:FEATURE_LOCATION_CONFLICT::Coding region xref gene does not exist
GenomesDB/MK448228/MK448228:CDS	unannotated protein	MK448228:c34819-34517	MK448228_00050

DiscRep_SUB:FEATURE_LOCATION_CONFLICT::Coding region xref gene does not exist
GenomesDB/MK448228/MK448228:CDS	unannotated protein	MK448228:c35595-34819	MK448228_00051

DiscRep_SUB:FEATURE_LOCATION_CONFLICT::Coding region xref gene does not exist
GenomesDB/MK448228/MK448228:CDS	unannotated protein	MK448228:c36320-35592	MK448228_00052

DiscRep_SUB:FEATURE_LOCATION_CONFLICT::Coding region xref gene does not exist
GenomesDB/MK448228/MK448228:CDS	unannotated protein	MK448228:c36369-36268	MK448228_00053

DiscRep_SUB:FEATURE_LOCATION_CONFLICT::Coding region xref gene does not exist
GenomesDB/MK448228/MK448228:CDS	unannotated protein	MK448228:c36675-36454	MK448228_00054

DiscRep_SUB:FEATURE_LOCATION_CONFLICT::Coding region xref gene does not exist
GenomesDB/MK448228/MK448228:CDS	unannotated protein	MK448228:c36943-36716	MK448228_00055

DiscRep_SUB:FEATURE_LOCATION_CONFLICT::Coding region xref gene does not exist
GenomesDB/MK448228/MK448228:CDS	unannotated protein	MK448228:37012-37734	MK448228_00056

DiscRep_SUB:FEATURE_LOCATION_CONFLICT::Coding region xref gene does not exist
GenomesDB/MK448228/MK448228:CDS	unannotated protein	MK448228:37846-38076	MK448228_00057

DiscRep_SUB:FEATURE_LOCATION_CONFLICT::Coding region xref gene does not exist
GenomesDB/MK448228/MK448228:CDS	unannotated protein	MK448228:38133-38612	MK448228_00058

DiscRep_SUB:FEATURE_LOCATION_CONFLICT::Coding region xref gene does not exist
GenomesDB/MK448228/MK448228:CDS	unannotated protein	MK448228:39303-39497	MK448228_00059

DiscRep_SUB:FEATURE_LOCATION_CONFLICT::Coding region xref gene does not exist
GenomesDB/MK448228/MK448228:CDS	unannotated protein	MK448228:39586-40557	MK448228_00060

DiscRep_SUB:FEATURE_LOCATION_CONFLICT::Coding region xref gene does not exist
GenomesDB/MK448228/MK448228:CDS	unannotated protein	MK448228:40565-40849	MK448228_00061

DiscRep_SUB:FEATURE_LOCATION_CONFLICT::Coding region xref gene does not exist
GenomesDB/MK448228/MK448228:CDS	unannotated protein	MK448228:40865-41710	MK448228_00062

DiscRep_SUB:FEATURE_LOCATION_CONFLICT::Coding region xref gene does not exist
GenomesDB/MK448228/MK448228:CDS	unannotated protein	MK448228:41707-41994	MK448228_00063

DiscRep_SUB:FEATURE_LOCATION_CONFLICT::Coding region xref gene does not exist
GenomesDB/MK448228/MK448228:CDS	unannotated protein	MK448228:41996-42676	MK448228_00064

DiscRep_SUB:FEATURE_LOCATION_CONFLICT::Coding region xref gene does not exist
GenomesDB/MK448228/MK448228:CDS	unannotated protein	MK448228:42673-43101	MK448228_00065

DiscRep_SUB:FEATURE_LOCATION_CONFLICT::Coding region xref gene does not exist
GenomesDB/MK448228/MK448228:CDS	unannotated protein	MK448228:43098-43754	MK448228_00066

DiscRep_SUB:FEATURE_LOCATION_CONFLICT::Coding region xref gene does not exist
GenomesDB/MK448228/MK448228:CDS	unannotated protein	MK448228:43751-44518	MK448228_00067

DiscRep_SUB:FEATURE_LOCATION_CONFLICT::Coding region xref gene does not exist
GenomesDB/MK448228/MK448228:CDS	unannotated protein	MK448228:44515-44733	MK448228_00068

DiscRep_SUB:FEATURE_LOCATION_CONFLICT::Coding region xref gene does not exist
GenomesDB/MK448228/MK448228:CDS	unannotated protein	MK448228:44735-44950	MK448228_00069

DiscRep_SUB:FEATURE_LOCATION_CONFLICT::Coding region xref gene does not exist
GenomesDB/MK448228/MK448228:CDS	unannotated protein	MK448228:45164-46327	MK448228_00070

DiscRep_ALL:OVERLAPPING_CDS::42 coding regions overlap another coding region with a similar or identical name.
DiscRep_SUB:OVERLAPPING_CDS::42 coding regions overlap another coding region with a similar or identical name that do not have the appropriate note text
GenomesDB/MK448228/MK448228:CDS	unannotated protein	MK448228:c519-202	MK448228_00001
GenomesDB/MK448228/MK448228:CDS	unannotated protein	MK448228:c839-519	MK448228_00002
GenomesDB/MK448228/MK448228:CDS	unannotated protein	MK448228:c2323-836	MK448228_00003
GenomesDB/MK448228/MK448228:CDS	unannotated protein	MK448228:c7734-7147	MK448228_00007
GenomesDB/MK448228/MK448228:CDS	unannotated protein	MK448228:c8959-7727	MK448228_00008
GenomesDB/MK448228/MK448228:CDS	unannotated protein	MK448228:c10368-9778	MK448228_00011
GenomesDB/MK448228/MK448228:CDS	unannotated protein	MK448228:c11227-10358	MK448228_00012
GenomesDB/MK448228/MK448228:CDS	unannotated protein	MK448228:c11529-11224	MK448228_00013
GenomesDB/MK448228/MK448228:CDS	unannotated protein	MK448228:c16270-15827	MK448228_00019
GenomesDB/MK448228/MK448228:CDS	unannotated protein	MK448228:c17751-16270	MK448228_00020
GenomesDB/MK448228/MK448228:CDS	unannotated protein	MK448228:c18306-17755	MK448228_00021
GenomesDB/MK448228/MK448228:CDS	unannotated protein	MK448228:c18656-18288	MK448228_00022
GenomesDB/MK448228/MK448228:CDS	unannotated protein	MK448228:c19216-18653	MK448228_00023
GenomesDB/MK448228/MK448228:CDS	unannotated protein	MK448228:c19662-19219	MK448228_00024
GenomesDB/MK448228/MK448228:CDS	unannotated protein	MK448228:c19988-19662	MK448228_00025
GenomesDB/MK448228/MK448228:CDS	unannotated protein	MK448228:c21027-19990	MK448228_00026
GenomesDB/MK448228/MK448228:CDS	unannotated protein	MK448228:c21509-21027	MK448228_00027
GenomesDB/MK448228/MK448228:CDS	unannotated protein	MK448228:c28363-27896	MK448228_00035
GenomesDB/MK448228/MK448228:CDS	unannotated protein	MK448228:c28863-28360	MK448228_00036
GenomesDB/MK448228/MK448228:CDS	unannotated protein	MK448228:c30251-29751	MK448228_00038
GenomesDB/MK448228/MK448228:CDS	unannotated protein	MK448228:c30388-30248	MK448228_00039
GenomesDB/MK448228/MK448228:CDS	unannotated protein	MK448228:c30768-30385	MK448228_00040
GenomesDB/MK448228/MK448228:CDS	unannotated protein	MK448228:c31346-30765	MK448228_00041
GenomesDB/MK448228/MK448228:CDS	unannotated protein	MK448228:c31515-31339	MK448228_00042
GenomesDB/MK448228/MK448228:CDS	unannotated protein	MK448228:c32111-31515	MK448228_00043
GenomesDB/MK448228/MK448228:CDS	unannotated protein	MK448228:c32516-32268	MK448228_00044
GenomesDB/MK448228/MK448228:CDS	unannotated protein	MK448228:c33163-32516	MK448228_00045
GenomesDB/MK448228/MK448228:CDS	unannotated protein	MK448228:c33372-33160	MK448228_00046
GenomesDB/MK448228/MK448228:CDS	unannotated protein	MK448228:c33833-33372	MK448228_00047
GenomesDB/MK448228/MK448228:CDS	unannotated protein	MK448228:c34089-33826	MK448228_00048
GenomesDB/MK448228/MK448228:CDS	unannotated protein	MK448228:c34520-34086	MK448228_00049
GenomesDB/MK448228/MK448228:CDS	unannotated protein	MK448228:c34819-34517	MK448228_00050
GenomesDB/MK448228/MK448228:CDS	unannotated protein	MK448228:c35595-34819	MK448228_00051
GenomesDB/MK448228/MK448228:CDS	unannotated protein	MK448228:c36320-35592	MK448228_00052
GenomesDB/MK448228/MK448228:CDS	unannotated protein	MK448228:c36369-36268	MK448228_00053
GenomesDB/MK448228/MK448228:CDS	unannotated protein	MK448228:40865-41710	MK448228_00062
GenomesDB/MK448228/MK448228:CDS	unannotated protein	MK448228:41707-41994	MK448228_00063
GenomesDB/MK448228/MK448228:CDS	unannotated protein	MK448228:41996-42676	MK448228_00064
GenomesDB/MK448228/MK448228:CDS	unannotated protein	MK448228:42673-43101	MK448228_00065
GenomesDB/MK448228/MK448228:CDS	unannotated protein	MK448228:43098-43754	MK448228_00066
GenomesDB/MK448228/MK448228:CDS	unannotated protein	MK448228:43751-44518	MK448228_00067
GenomesDB/MK448228/MK448228:CDS	unannotated protein	MK448228:44515-44733	MK448228_00068

DiscRep_ALL:DISC_QUALITY_SCORES::Quality scores are missing on all sequences.

DiscRep_ALL:ONCALLER_COMMENT_PRESENT::1 comment descriptors were found (all same)
GenomesDB/MK448228/MK448228:MK448228:Annotated using prokka 1.14.6 from https://github.com/tseemann/prokka

DiscRep_ALL:SHORT_PROT_SEQUENCES::3 protein sequences are shorter than 50 aa.
GenomesDB/MK448228/MK448228:MK448228_33 (length 49)
GenomesDB/MK448228/MK448228:MK448228_39 (length 46)
GenomesDB/MK448228/MK448228:MK448228_53 (length 33)

DiscRep_ALL:MISSING_GENOMEASSEMBLY_COMMENTS::1 bioseqs are missing GenomeAssembly structured comments
GenomesDB/MK448228/MK448228:MK448228 (length 46342)

DiscRep_ALL:MOLTYPE_NOT_MRNA::1 molecule types are not set as mRNA.
GenomesDB/MK448228/MK448228:MK448228 (length 46342)

DiscRep_ALL:TECHNIQUE_NOT_TSA::1 technique are not set as TSA
GenomesDB/MK448228/MK448228:MK448228 (length 46342)

DiscRep_ALL:MISSING_STRUCTURED_COMMENT::1 sequences do not include structured comments.
GenomesDB/MK448228/MK448228:MK448228 (length 46342)

DiscRep_ALL:MISSING_PROJECT::71 sequences do not include project.
GenomesDB/MK448228/MK448228:MK448228 (length 46342)
GenomesDB/MK448228/MK448228:MK448228_1 (length 105)
GenomesDB/MK448228/MK448228:MK448228_2 (length 106)
GenomesDB/MK448228/MK448228:MK448228_3 (length 495)
GenomesDB/MK448228/MK448228:MK448228_4 (length 250)
GenomesDB/MK448228/MK448228:MK448228_5 (length 837)
GenomesDB/MK448228/MK448228:MK448228_6 (length 347)
GenomesDB/MK448228/MK448228:MK448228_7 (length 195)
GenomesDB/MK448228/MK448228:MK448228_8 (length 410)
GenomesDB/MK448228/MK448228:MK448228_9 (length 118)
GenomesDB/MK448228/MK448228:MK448228_10 (length 126)
GenomesDB/MK448228/MK448228:MK448228_11 (length 196)
GenomesDB/MK448228/MK448228:MK448228_12 (length 289)
GenomesDB/MK448228/MK448228:MK448228_13 (length 101)
GenomesDB/MK448228/MK448228:MK448228_14 (length 279)
GenomesDB/MK448228/MK448228:MK448228_15 (length 341)
GenomesDB/MK448228/MK448228:MK448228_16 (length 299)
GenomesDB/MK448228/MK448228:MK448228_17 (length 158)
GenomesDB/MK448228/MK448228:MK448228_18 (length 185)
GenomesDB/MK448228/MK448228:MK448228_19 (length 147)
GenomesDB/MK448228/MK448228:MK448228_20 (length 493)
GenomesDB/MK448228/MK448228:MK448228_21 (length 183)
GenomesDB/MK448228/MK448228:MK448228_22 (length 122)
GenomesDB/MK448228/MK448228:MK448228_23 (length 187)
GenomesDB/MK448228/MK448228:MK448228_24 (length 147)
GenomesDB/MK448228/MK448228:MK448228_25 (length 108)
GenomesDB/MK448228/MK448228:MK448228_26 (length 345)
GenomesDB/MK448228/MK448228:MK448228_27 (length 160)
GenomesDB/MK448228/MK448228:MK448228_28 (length 388)
GenomesDB/MK448228/MK448228:MK448228_29 (length 232)
GenomesDB/MK448228/MK448228:MK448228_30 (length 506)
GenomesDB/MK448228/MK448228:MK448228_31 (length 558)
GenomesDB/MK448228/MK448228:MK448228_32 (length 210)
GenomesDB/MK448228/MK448228:MK448228_33 (length 49)
GenomesDB/MK448228/MK448228:MK448228_34 (length 91)
GenomesDB/MK448228/MK448228:MK448228_35 (length 155)
GenomesDB/MK448228/MK448228:MK448228_36 (length 167)
GenomesDB/MK448228/MK448228:MK448228_37 (length 104)
GenomesDB/MK448228/MK448228:MK448228_38 (length 166)
GenomesDB/MK448228/MK448228:MK448228_39 (length 46)
GenomesDB/MK448228/MK448228:MK448228_40 (length 127)
GenomesDB/MK448228/MK448228:MK448228_41 (length 193)
GenomesDB/MK448228/MK448228:MK448228_42 (length 58)
GenomesDB/MK448228/MK448228:MK448228_43 (length 198)
GenomesDB/MK448228/MK448228:MK448228_44 (length 82)
GenomesDB/MK448228/MK448228:MK448228_45 (length 215)
GenomesDB/MK448228/MK448228:MK448228_46 (length 70)
GenomesDB/MK448228/MK448228:MK448228_47 (length 153)
GenomesDB/MK448228/MK448228:MK448228_48 (length 87)
GenomesDB/MK448228/MK448228:MK448228_49 (length 144)
GenomesDB/MK448228/MK448228:MK448228_50 (length 100)
GenomesDB/MK448228/MK448228:MK448228_51 (length 258)
GenomesDB/MK448228/MK448228:MK448228_52 (length 242)
GenomesDB/MK448228/MK448228:MK448228_53 (length 33)
GenomesDB/MK448228/MK448228:MK448228_54 (length 73)
GenomesDB/MK448228/MK448228:MK448228_55 (length 75)
GenomesDB/MK448228/MK448228:MK448228_56 (length 240)
GenomesDB/MK448228/MK448228:MK448228_57 (length 76)
GenomesDB/MK448228/MK448228:MK448228_58 (length 159)
GenomesDB/MK448228/MK448228:MK448228_59 (length 64)
GenomesDB/MK448228/MK448228:MK448228_60 (length 323)
GenomesDB/MK448228/MK448228:MK448228_61 (length 94)
GenomesDB/MK448228/MK448228:MK448228_62 (length 281)
GenomesDB/MK448228/MK448228:MK448228_63 (length 95)
GenomesDB/MK448228/MK448228:MK448228_64 (length 226)
GenomesDB/MK448228/MK448228:MK448228_65 (length 142)
GenomesDB/MK448228/MK448228:MK448228_66 (length 218)
GenomesDB/MK448228/MK448228:MK448228_67 (length 255)
GenomesDB/MK448228/MK448228:MK448228_68 (length 72)
GenomesDB/MK448228/MK448228:MK448228_69 (length 71)
GenomesDB/MK448228/MK448228:MK448228_70 (length 387)

DiscRep_ALL:DISC_INCONSISTENT_MOLINFO_TECH::Molinfo Technique Report (some missing, all same)
DiscRep_SUB:DISC_INCONSISTENT_MOLINFO_TECH::technique (all missing)
DiscRep_SUB:DISC_INCONSISTENT_MOLINFO_TECH::1 Molinfos are missing field technique
GenomesDB/MK448228/MK448228:MK448228 (length 46342)

