Discrepancy Report Results

Summary
FATAL: MISSING_PROTEIN_ID:299 proteins have invalid IDs.
DISC_SOURCE_QUALS_ASNDISC:strain (all present, all unique)
DISC_SOURCE_QUALS_ASNDISC:taxname (all present, all unique)
DISC_FEATURE_COUNT:CDS: 299 present
DISC_FEATURE_COUNT:tRNA: 1 present
DISC_COUNT_NUCLEOTIDES:1 nucleotide Bioseqs are present
FEATURE_LOCATION_CONFLICT:300 features have inconsistent gene locations.
OVERLAPPING_CDS:52 coding regions overlap another coding region with a similar or identical name.
DISC_QUALITY_SCORES:Quality scores are missing on all sequences.
ONCALLER_COMMENT_PRESENT:1 comment descriptors were found (all same)
SHORT_PROT_SEQUENCES:10 protein sequences are shorter than 50 aa.
MISSING_GENOMEASSEMBLY_COMMENTS:1 bioseqs are missing GenomeAssembly structured comments
MOLTYPE_NOT_MRNA:1 molecule types are not set as mRNA.
TECHNIQUE_NOT_TSA:1 technique are not set as TSA
MISSING_STRUCTURED_COMMENT:1 sequences do not include structured comments.
MISSING_PROJECT:300 sequences do not include project.
DISC_INCONSISTENT_MOLINFO_TECH:Molinfo Technique Report (some missing, all same)


Detailed Report

FATAL: DiscRep_ALL:MISSING_PROTEIN_ID::299 proteins have invalid IDs.
GenomesDB/MF360957/MF360957:MF360957_1 (length 152)
GenomesDB/MF360957/MF360957:MF360957_2 (length 213)
GenomesDB/MF360957/MF360957:MF360957_3 (length 531)
GenomesDB/MF360957/MF360957:MF360957_4 (length 323)
GenomesDB/MF360957/MF360957:MF360957_5 (length 62)
GenomesDB/MF360957/MF360957:MF360957_6 (length 237)
GenomesDB/MF360957/MF360957:MF360957_7 (length 201)
GenomesDB/MF360957/MF360957:MF360957_8 (length 404)
GenomesDB/MF360957/MF360957:MF360957_9 (length 256)
GenomesDB/MF360957/MF360957:MF360957_10 (length 236)
GenomesDB/MF360957/MF360957:MF360957_11 (length 248)
GenomesDB/MF360957/MF360957:MF360957_12 (length 987)
GenomesDB/MF360957/MF360957:MF360957_13 (length 265)
GenomesDB/MF360957/MF360957:MF360957_14 (length 731)
GenomesDB/MF360957/MF360957:MF360957_15 (length 238)
GenomesDB/MF360957/MF360957:MF360957_16 (length 78)
GenomesDB/MF360957/MF360957:MF360957_17 (length 197)
GenomesDB/MF360957/MF360957:MF360957_18 (length 554)
GenomesDB/MF360957/MF360957:MF360957_19 (length 84)
GenomesDB/MF360957/MF360957:MF360957_20 (length 126)
GenomesDB/MF360957/MF360957:MF360957_21 (length 84)
GenomesDB/MF360957/MF360957:MF360957_22 (length 156)
GenomesDB/MF360957/MF360957:MF360957_23 (length 166)
GenomesDB/MF360957/MF360957:MF360957_24 (length 911)
GenomesDB/MF360957/MF360957:MF360957_25 (length 139)
GenomesDB/MF360957/MF360957:MF360957_26 (length 47)
GenomesDB/MF360957/MF360957:MF360957_27 (length 228)
GenomesDB/MF360957/MF360957:MF360957_28 (length 257)
GenomesDB/MF360957/MF360957:MF360957_29 (length 59)
GenomesDB/MF360957/MF360957:MF360957_30 (length 54)
GenomesDB/MF360957/MF360957:MF360957_31 (length 494)
GenomesDB/MF360957/MF360957:MF360957_32 (length 302)
GenomesDB/MF360957/MF360957:MF360957_33 (length 390)
GenomesDB/MF360957/MF360957:MF360957_34 (length 87)
GenomesDB/MF360957/MF360957:MF360957_35 (length 153)
GenomesDB/MF360957/MF360957:MF360957_36 (length 73)
GenomesDB/MF360957/MF360957:MF360957_37 (length 241)
GenomesDB/MF360957/MF360957:MF360957_38 (length 641)
GenomesDB/MF360957/MF360957:MF360957_39 (length 99)
GenomesDB/MF360957/MF360957:MF360957_40 (length 631)
GenomesDB/MF360957/MF360957:MF360957_41 (length 196)
GenomesDB/MF360957/MF360957:MF360957_42 (length 477)
GenomesDB/MF360957/MF360957:MF360957_43 (length 296)
GenomesDB/MF360957/MF360957:MF360957_44 (length 185)
GenomesDB/MF360957/MF360957:MF360957_45 (length 56)
GenomesDB/MF360957/MF360957:MF360957_46 (length 95)
GenomesDB/MF360957/MF360957:MF360957_47 (length 341)
GenomesDB/MF360957/MF360957:MF360957_48 (length 112)
GenomesDB/MF360957/MF360957:MF360957_49 (length 152)
GenomesDB/MF360957/MF360957:MF360957_50 (length 198)
GenomesDB/MF360957/MF360957:MF360957_51 (length 395)
GenomesDB/MF360957/MF360957:MF360957_52 (length 269)
GenomesDB/MF360957/MF360957:MF360957_53 (length 71)
GenomesDB/MF360957/MF360957:MF360957_54 (length 109)
GenomesDB/MF360957/MF360957:MF360957_55 (length 307)
GenomesDB/MF360957/MF360957:MF360957_56 (length 116)
GenomesDB/MF360957/MF360957:MF360957_57 (length 119)
GenomesDB/MF360957/MF360957:MF360957_58 (length 96)
GenomesDB/MF360957/MF360957:MF360957_59 (length 50)
GenomesDB/MF360957/MF360957:MF360957_60 (length 154)
GenomesDB/MF360957/MF360957:MF360957_61 (length 137)
GenomesDB/MF360957/MF360957:MF360957_62 (length 177)
GenomesDB/MF360957/MF360957:MF360957_63 (length 42)
GenomesDB/MF360957/MF360957:MF360957_64 (length 164)
GenomesDB/MF360957/MF360957:MF360957_65 (length 102)
GenomesDB/MF360957/MF360957:MF360957_66 (length 57)
GenomesDB/MF360957/MF360957:MF360957_67 (length 50)
GenomesDB/MF360957/MF360957:MF360957_68 (length 268)
GenomesDB/MF360957/MF360957:MF360957_69 (length 74)
GenomesDB/MF360957/MF360957:MF360957_70 (length 102)
GenomesDB/MF360957/MF360957:MF360957_71 (length 122)
GenomesDB/MF360957/MF360957:MF360957_72 (length 64)
GenomesDB/MF360957/MF360957:MF360957_73 (length 171)
GenomesDB/MF360957/MF360957:MF360957_74 (length 47)
GenomesDB/MF360957/MF360957:MF360957_75 (length 584)
GenomesDB/MF360957/MF360957:MF360957_76 (length 348)
GenomesDB/MF360957/MF360957:MF360957_77 (length 225)
GenomesDB/MF360957/MF360957:MF360957_78 (length 932)
GenomesDB/MF360957/MF360957:MF360957_79 (length 86)
GenomesDB/MF360957/MF360957:MF360957_80 (length 193)
GenomesDB/MF360957/MF360957:MF360957_81 (length 653)
GenomesDB/MF360957/MF360957:MF360957_82 (length 125)
GenomesDB/MF360957/MF360957:MF360957_83 (length 390)
GenomesDB/MF360957/MF360957:MF360957_84 (length 590)
GenomesDB/MF360957/MF360957:MF360957_85 (length 292)
GenomesDB/MF360957/MF360957:MF360957_86 (length 159)
GenomesDB/MF360957/MF360957:MF360957_87 (length 117)
GenomesDB/MF360957/MF360957:MF360957_88 (length 255)
GenomesDB/MF360957/MF360957:MF360957_89 (length 165)
GenomesDB/MF360957/MF360957:MF360957_90 (length 316)
GenomesDB/MF360957/MF360957:MF360957_91 (length 118)
GenomesDB/MF360957/MF360957:MF360957_92 (length 133)
GenomesDB/MF360957/MF360957:MF360957_93 (length 1925)
GenomesDB/MF360957/MF360957:MF360957_94 (length 342)
GenomesDB/MF360957/MF360957:MF360957_95 (length 129)
GenomesDB/MF360957/MF360957:MF360957_96 (length 199)
GenomesDB/MF360957/MF360957:MF360957_97 (length 168)
GenomesDB/MF360957/MF360957:MF360957_98 (length 139)
GenomesDB/MF360957/MF360957:MF360957_99 (length 276)
GenomesDB/MF360957/MF360957:MF360957_100 (length 904)
GenomesDB/MF360957/MF360957:MF360957_101 (length 310)
GenomesDB/MF360957/MF360957:MF360957_102 (length 420)
GenomesDB/MF360957/MF360957:MF360957_103 (length 344)
GenomesDB/MF360957/MF360957:MF360957_104 (length 372)
GenomesDB/MF360957/MF360957:MF360957_105 (length 296)
GenomesDB/MF360957/MF360957:MF360957_106 (length 396)
GenomesDB/MF360957/MF360957:MF360957_107 (length 60)
GenomesDB/MF360957/MF360957:MF360957_108 (length 377)
GenomesDB/MF360957/MF360957:MF360957_109 (length 176)
GenomesDB/MF360957/MF360957:MF360957_110 (length 349)
GenomesDB/MF360957/MF360957:MF360957_111 (length 698)
GenomesDB/MF360957/MF360957:MF360957_112 (length 139)
GenomesDB/MF360957/MF360957:MF360957_113 (length 345)
GenomesDB/MF360957/MF360957:MF360957_114 (length 461)
GenomesDB/MF360957/MF360957:MF360957_115 (length 274)
GenomesDB/MF360957/MF360957:MF360957_116 (length 562)
GenomesDB/MF360957/MF360957:MF360957_117 (length 110)
GenomesDB/MF360957/MF360957:MF360957_118 (length 38)
GenomesDB/MF360957/MF360957:MF360957_119 (length 398)
GenomesDB/MF360957/MF360957:MF360957_120 (length 141)
GenomesDB/MF360957/MF360957:MF360957_121 (length 238)
GenomesDB/MF360957/MF360957:MF360957_122 (length 260)
GenomesDB/MF360957/MF360957:MF360957_123 (length 241)
GenomesDB/MF360957/MF360957:MF360957_124 (length 240)
GenomesDB/MF360957/MF360957:MF360957_125 (length 127)
GenomesDB/MF360957/MF360957:MF360957_126 (length 173)
GenomesDB/MF360957/MF360957:MF360957_127 (length 255)
GenomesDB/MF360957/MF360957:MF360957_128 (length 151)
GenomesDB/MF360957/MF360957:MF360957_129 (length 177)
GenomesDB/MF360957/MF360957:MF360957_130 (length 234)
GenomesDB/MF360957/MF360957:MF360957_131 (length 119)
GenomesDB/MF360957/MF360957:MF360957_132 (length 111)
GenomesDB/MF360957/MF360957:MF360957_133 (length 256)
GenomesDB/MF360957/MF360957:MF360957_134 (length 139)
GenomesDB/MF360957/MF360957:MF360957_135 (length 48)
GenomesDB/MF360957/MF360957:MF360957_136 (length 59)
GenomesDB/MF360957/MF360957:MF360957_137 (length 122)
GenomesDB/MF360957/MF360957:MF360957_138 (length 162)
GenomesDB/MF360957/MF360957:MF360957_139 (length 416)
GenomesDB/MF360957/MF360957:MF360957_140 (length 94)
GenomesDB/MF360957/MF360957:MF360957_141 (length 78)
GenomesDB/MF360957/MF360957:MF360957_142 (length 151)
GenomesDB/MF360957/MF360957:MF360957_143 (length 108)
GenomesDB/MF360957/MF360957:MF360957_144 (length 166)
GenomesDB/MF360957/MF360957:MF360957_145 (length 80)
GenomesDB/MF360957/MF360957:MF360957_146 (length 53)
GenomesDB/MF360957/MF360957:MF360957_147 (length 244)
GenomesDB/MF360957/MF360957:MF360957_148 (length 738)
GenomesDB/MF360957/MF360957:MF360957_149 (length 221)
GenomesDB/MF360957/MF360957:MF360957_150 (length 401)
GenomesDB/MF360957/MF360957:MF360957_151 (length 565)
GenomesDB/MF360957/MF360957:MF360957_152 (length 84)
GenomesDB/MF360957/MF360957:MF360957_153 (length 111)
GenomesDB/MF360957/MF360957:MF360957_154 (length 60)
GenomesDB/MF360957/MF360957:MF360957_155 (length 104)
GenomesDB/MF360957/MF360957:MF360957_156 (length 113)
GenomesDB/MF360957/MF360957:MF360957_157 (length 184)
GenomesDB/MF360957/MF360957:MF360957_158 (length 382)
GenomesDB/MF360957/MF360957:MF360957_159 (length 404)
GenomesDB/MF360957/MF360957:MF360957_160 (length 179)
GenomesDB/MF360957/MF360957:MF360957_161 (length 164)
GenomesDB/MF360957/MF360957:MF360957_162 (length 1438)
GenomesDB/MF360957/MF360957:MF360957_163 (length 599)
GenomesDB/MF360957/MF360957:MF360957_164 (length 195)
GenomesDB/MF360957/MF360957:MF360957_165 (length 943)
GenomesDB/MF360957/MF360957:MF360957_166 (length 777)
GenomesDB/MF360957/MF360957:MF360957_167 (length 850)
GenomesDB/MF360957/MF360957:MF360957_168 (length 310)
GenomesDB/MF360957/MF360957:MF360957_169 (length 125)
GenomesDB/MF360957/MF360957:MF360957_170 (length 61)
GenomesDB/MF360957/MF360957:MF360957_171 (length 146)
GenomesDB/MF360957/MF360957:MF360957_172 (length 133)
GenomesDB/MF360957/MF360957:MF360957_173 (length 131)
GenomesDB/MF360957/MF360957:MF360957_174 (length 205)
GenomesDB/MF360957/MF360957:MF360957_175 (length 249)
GenomesDB/MF360957/MF360957:MF360957_176 (length 110)
GenomesDB/MF360957/MF360957:MF360957_177 (length 186)
GenomesDB/MF360957/MF360957:MF360957_178 (length 64)
GenomesDB/MF360957/MF360957:MF360957_179 (length 235)
GenomesDB/MF360957/MF360957:MF360957_180 (length 67)
GenomesDB/MF360957/MF360957:MF360957_181 (length 370)
GenomesDB/MF360957/MF360957:MF360957_182 (length 159)
GenomesDB/MF360957/MF360957:MF360957_183 (length 182)
GenomesDB/MF360957/MF360957:MF360957_184 (length 230)
GenomesDB/MF360957/MF360957:MF360957_185 (length 89)
GenomesDB/MF360957/MF360957:MF360957_186 (length 561)
GenomesDB/MF360957/MF360957:MF360957_187 (length 80)
GenomesDB/MF360957/MF360957:MF360957_188 (length 163)
GenomesDB/MF360957/MF360957:MF360957_189 (length 848)
GenomesDB/MF360957/MF360957:MF360957_190 (length 190)
GenomesDB/MF360957/MF360957:MF360957_191 (length 651)
GenomesDB/MF360957/MF360957:MF360957_192 (length 211)
GenomesDB/MF360957/MF360957:MF360957_193 (length 54)
GenomesDB/MF360957/MF360957:MF360957_194 (length 149)
GenomesDB/MF360957/MF360957:MF360957_195 (length 405)
GenomesDB/MF360957/MF360957:MF360957_196 (length 244)
GenomesDB/MF360957/MF360957:MF360957_197 (length 107)
GenomesDB/MF360957/MF360957:MF360957_198 (length 72)
GenomesDB/MF360957/MF360957:MF360957_199 (length 214)
GenomesDB/MF360957/MF360957:MF360957_200 (length 53)
GenomesDB/MF360957/MF360957:MF360957_201 (length 240)
GenomesDB/MF360957/MF360957:MF360957_202 (length 87)
GenomesDB/MF360957/MF360957:MF360957_203 (length 767)
GenomesDB/MF360957/MF360957:MF360957_204 (length 265)
GenomesDB/MF360957/MF360957:MF360957_205 (length 120)
GenomesDB/MF360957/MF360957:MF360957_206 (length 264)
GenomesDB/MF360957/MF360957:MF360957_207 (length 405)
GenomesDB/MF360957/MF360957:MF360957_208 (length 471)
GenomesDB/MF360957/MF360957:MF360957_209 (length 31)
GenomesDB/MF360957/MF360957:MF360957_210 (length 232)
GenomesDB/MF360957/MF360957:MF360957_211 (length 44)
GenomesDB/MF360957/MF360957:MF360957_212 (length 387)
GenomesDB/MF360957/MF360957:MF360957_213 (length 148)
GenomesDB/MF360957/MF360957:MF360957_214 (length 56)
GenomesDB/MF360957/MF360957:MF360957_215 (length 410)
GenomesDB/MF360957/MF360957:MF360957_216 (length 411)
GenomesDB/MF360957/MF360957:MF360957_217 (length 381)
GenomesDB/MF360957/MF360957:MF360957_218 (length 149)
GenomesDB/MF360957/MF360957:MF360957_219 (length 136)
GenomesDB/MF360957/MF360957:MF360957_220 (length 171)
GenomesDB/MF360957/MF360957:MF360957_221 (length 301)
GenomesDB/MF360957/MF360957:MF360957_222 (length 300)
GenomesDB/MF360957/MF360957:MF360957_223 (length 148)
GenomesDB/MF360957/MF360957:MF360957_224 (length 72)
GenomesDB/MF360957/MF360957:MF360957_225 (length 700)
GenomesDB/MF360957/MF360957:MF360957_226 (length 153)
GenomesDB/MF360957/MF360957:MF360957_227 (length 63)
GenomesDB/MF360957/MF360957:MF360957_228 (length 62)
GenomesDB/MF360957/MF360957:MF360957_229 (length 123)
GenomesDB/MF360957/MF360957:MF360957_230 (length 124)
GenomesDB/MF360957/MF360957:MF360957_231 (length 421)
GenomesDB/MF360957/MF360957:MF360957_232 (length 387)
GenomesDB/MF360957/MF360957:MF360957_233 (length 113)
GenomesDB/MF360957/MF360957:MF360957_234 (length 233)
GenomesDB/MF360957/MF360957:MF360957_235 (length 230)
GenomesDB/MF360957/MF360957:MF360957_236 (length 228)
GenomesDB/MF360957/MF360957:MF360957_237 (length 347)
GenomesDB/MF360957/MF360957:MF360957_238 (length 859)
GenomesDB/MF360957/MF360957:MF360957_239 (length 91)
GenomesDB/MF360957/MF360957:MF360957_240 (length 199)
GenomesDB/MF360957/MF360957:MF360957_241 (length 89)
GenomesDB/MF360957/MF360957:MF360957_242 (length 336)
GenomesDB/MF360957/MF360957:MF360957_243 (length 207)
GenomesDB/MF360957/MF360957:MF360957_244 (length 116)
GenomesDB/MF360957/MF360957:MF360957_245 (length 230)
GenomesDB/MF360957/MF360957:MF360957_246 (length 69)
GenomesDB/MF360957/MF360957:MF360957_247 (length 208)
GenomesDB/MF360957/MF360957:MF360957_248 (length 749)
GenomesDB/MF360957/MF360957:MF360957_249 (length 249)
GenomesDB/MF360957/MF360957:MF360957_250 (length 263)
GenomesDB/MF360957/MF360957:MF360957_251 (length 71)
GenomesDB/MF360957/MF360957:MF360957_252 (length 66)
GenomesDB/MF360957/MF360957:MF360957_253 (length 186)
GenomesDB/MF360957/MF360957:MF360957_254 (length 442)
GenomesDB/MF360957/MF360957:MF360957_255 (length 144)
GenomesDB/MF360957/MF360957:MF360957_256 (length 140)
GenomesDB/MF360957/MF360957:MF360957_257 (length 423)
GenomesDB/MF360957/MF360957:MF360957_258 (length 317)
GenomesDB/MF360957/MF360957:MF360957_259 (length 343)
GenomesDB/MF360957/MF360957:MF360957_260 (length 77)
GenomesDB/MF360957/MF360957:MF360957_261 (length 334)
GenomesDB/MF360957/MF360957:MF360957_262 (length 316)
GenomesDB/MF360957/MF360957:MF360957_263 (length 133)
GenomesDB/MF360957/MF360957:MF360957_264 (length 548)
GenomesDB/MF360957/MF360957:MF360957_265 (length 110)
GenomesDB/MF360957/MF360957:MF360957_266 (length 152)
GenomesDB/MF360957/MF360957:MF360957_267 (length 85)
GenomesDB/MF360957/MF360957:MF360957_268 (length 421)
GenomesDB/MF360957/MF360957:MF360957_269 (length 130)
GenomesDB/MF360957/MF360957:MF360957_270 (length 48)
GenomesDB/MF360957/MF360957:MF360957_271 (length 150)
GenomesDB/MF360957/MF360957:MF360957_272 (length 665)
GenomesDB/MF360957/MF360957:MF360957_273 (length 61)
GenomesDB/MF360957/MF360957:MF360957_274 (length 135)
GenomesDB/MF360957/MF360957:MF360957_275 (length 175)
GenomesDB/MF360957/MF360957:MF360957_276 (length 54)
GenomesDB/MF360957/MF360957:MF360957_277 (length 78)
GenomesDB/MF360957/MF360957:MF360957_278 (length 93)
GenomesDB/MF360957/MF360957:MF360957_279 (length 681)
GenomesDB/MF360957/MF360957:MF360957_280 (length 268)
GenomesDB/MF360957/MF360957:MF360957_281 (length 67)
GenomesDB/MF360957/MF360957:MF360957_282 (length 48)
GenomesDB/MF360957/MF360957:MF360957_283 (length 178)
GenomesDB/MF360957/MF360957:MF360957_284 (length 267)
GenomesDB/MF360957/MF360957:MF360957_285 (length 45)
GenomesDB/MF360957/MF360957:MF360957_286 (length 81)
GenomesDB/MF360957/MF360957:MF360957_287 (length 98)
GenomesDB/MF360957/MF360957:MF360957_288 (length 84)
GenomesDB/MF360957/MF360957:MF360957_289 (length 496)
GenomesDB/MF360957/MF360957:MF360957_290 (length 72)
GenomesDB/MF360957/MF360957:MF360957_291 (length 131)
GenomesDB/MF360957/MF360957:MF360957_292 (length 114)
GenomesDB/MF360957/MF360957:MF360957_293 (length 108)
GenomesDB/MF360957/MF360957:MF360957_294 (length 236)
GenomesDB/MF360957/MF360957:MF360957_295 (length 98)
GenomesDB/MF360957/MF360957:MF360957_296 (length 230)
GenomesDB/MF360957/MF360957:MF360957_297 (length 65)
GenomesDB/MF360957/MF360957:MF360957_298 (length 186)
GenomesDB/MF360957/MF360957:MF360957_299 (length 90)

DiscRep_ALL:DISC_SOURCE_QUALS_ASNDISC::strain (all present, all unique)
DiscRep_SUB:DISC_SOURCE_QUALS_ASNDISC::1 sources have unique values for strain
DiscRep_ALL:DISC_SOURCE_QUALS_ASNDISC::taxname (all present, all unique)
DiscRep_SUB:DISC_SOURCE_QUALS_ASNDISC::1 sources have unique values for taxname
DiscRep_ALL:DISC_FEATURE_COUNT::CDS: 299 present
DiscRep_ALL:DISC_FEATURE_COUNT::tRNA: 1 present
DiscRep_ALL:DISC_COUNT_NUCLEOTIDES::1 nucleotide Bioseqs are present
GenomesDB/MF360957/MF360957:MF360957 (length 252197)

DiscRep_ALL:FEATURE_LOCATION_CONFLICT::300 features have inconsistent gene locations.
DiscRep_SUB:FEATURE_LOCATION_CONFLICT::Coding region xref gene does not exist
GenomesDB/MF360957/MF360957:CDS	unannotated protein	MF360957:64-522	MF360957_00001

DiscRep_SUB:FEATURE_LOCATION_CONFLICT::Coding region xref gene does not exist
GenomesDB/MF360957/MF360957:CDS	unannotated protein	MF360957:542-1183	MF360957_00002

DiscRep_SUB:FEATURE_LOCATION_CONFLICT::Coding region xref gene does not exist
GenomesDB/MF360957/MF360957:CDS	unannotated protein	MF360957:1295-2890	MF360957_00003

DiscRep_SUB:FEATURE_LOCATION_CONFLICT::Coding region xref gene does not exist
GenomesDB/MF360957/MF360957:CDS	unannotated protein	MF360957:2957-3928	MF360957_00004

DiscRep_SUB:FEATURE_LOCATION_CONFLICT::Coding region xref gene does not exist
GenomesDB/MF360957/MF360957:CDS	unannotated protein	MF360957:c4151-3963	MF360957_00005

DiscRep_SUB:FEATURE_LOCATION_CONFLICT::Coding region xref gene does not exist
GenomesDB/MF360957/MF360957:CDS	unannotated protein	MF360957:c4998-4285	MF360957_00006

DiscRep_SUB:FEATURE_LOCATION_CONFLICT::Coding region xref gene does not exist
GenomesDB/MF360957/MF360957:CDS	unannotated protein	MF360957:5105-5710	MF360957_00007

DiscRep_SUB:FEATURE_LOCATION_CONFLICT::Coding region xref gene does not exist
GenomesDB/MF360957/MF360957:CDS	unannotated protein	MF360957:7092-8306	MF360957_00008

DiscRep_SUB:FEATURE_LOCATION_CONFLICT::Coding region xref gene does not exist
GenomesDB/MF360957/MF360957:CDS	unannotated protein	MF360957:8416-9186	MF360957_00009

DiscRep_SUB:FEATURE_LOCATION_CONFLICT::Coding region xref gene does not exist
GenomesDB/MF360957/MF360957:CDS	unannotated protein	MF360957:9207-9917	MF360957_00010

DiscRep_SUB:FEATURE_LOCATION_CONFLICT::Coding region xref gene does not exist
GenomesDB/MF360957/MF360957:CDS	unannotated protein	MF360957:10012-10758	MF360957_00011

DiscRep_SUB:FEATURE_LOCATION_CONFLICT::Coding region xref gene does not exist
GenomesDB/MF360957/MF360957:CDS	unannotated protein	MF360957:10824-13787	MF360957_00012

DiscRep_SUB:FEATURE_LOCATION_CONFLICT::Coding region xref gene does not exist
GenomesDB/MF360957/MF360957:CDS	unannotated protein	MF360957:13897-14694	MF360957_00013

DiscRep_SUB:FEATURE_LOCATION_CONFLICT::Coding region xref gene does not exist
GenomesDB/MF360957/MF360957:CDS	unannotated protein	MF360957:c16941-14746	MF360957_00014

DiscRep_SUB:FEATURE_LOCATION_CONFLICT::Coding region xref gene does not exist
GenomesDB/MF360957/MF360957:CDS	unannotated protein	MF360957:c17744-17028	MF360957_00015

DiscRep_SUB:FEATURE_LOCATION_CONFLICT::Coding region xref gene does not exist
GenomesDB/MF360957/MF360957:CDS	unannotated protein	MF360957:c18088-17852	MF360957_00016

DiscRep_SUB:FEATURE_LOCATION_CONFLICT::Coding region xref gene does not exist
GenomesDB/MF360957/MF360957:CDS	unannotated protein	MF360957:c18695-18102	MF360957_00017

DiscRep_SUB:FEATURE_LOCATION_CONFLICT::Coding region xref gene does not exist
GenomesDB/MF360957/MF360957:CDS	unannotated protein	MF360957:c20373-18709	MF360957_00018

DiscRep_SUB:FEATURE_LOCATION_CONFLICT::Coding region xref gene does not exist
GenomesDB/MF360957/MF360957:CDS	unannotated protein	MF360957:c20788-20534	MF360957_00019

DiscRep_SUB:FEATURE_LOCATION_CONFLICT::Coding region xref gene does not exist
GenomesDB/MF360957/MF360957:CDS	unannotated protein	MF360957:c21196-20816	MF360957_00020

DiscRep_SUB:FEATURE_LOCATION_CONFLICT::Coding region xref gene does not exist
GenomesDB/MF360957/MF360957:CDS	unannotated protein	MF360957:c21455-21201	MF360957_00021

DiscRep_SUB:FEATURE_LOCATION_CONFLICT::Coding region xref gene does not exist
GenomesDB/MF360957/MF360957:CDS	unannotated protein	MF360957:c22144-21674	MF360957_00022

DiscRep_SUB:FEATURE_LOCATION_CONFLICT::Coding region xref gene does not exist
GenomesDB/MF360957/MF360957:CDS	unannotated protein	MF360957:c22637-22137	MF360957_00023

DiscRep_SUB:FEATURE_LOCATION_CONFLICT::Coding region xref gene does not exist
GenomesDB/MF360957/MF360957:CDS	unannotated protein	MF360957:c25385-22650	MF360957_00024

DiscRep_SUB:FEATURE_LOCATION_CONFLICT::Coding region xref gene does not exist
GenomesDB/MF360957/MF360957:CDS	unannotated protein	MF360957:c25828-25409	MF360957_00025

DiscRep_SUB:FEATURE_LOCATION_CONFLICT::Coding region xref gene does not exist
GenomesDB/MF360957/MF360957:CDS	unannotated protein	MF360957:c26050-25907	MF360957_00026

DiscRep_SUB:FEATURE_LOCATION_CONFLICT::Coding region xref gene does not exist
GenomesDB/MF360957/MF360957:CDS	unannotated protein	MF360957:c26921-26235	MF360957_00027

DiscRep_SUB:FEATURE_LOCATION_CONFLICT::Coding region xref gene does not exist
GenomesDB/MF360957/MF360957:CDS	unannotated protein	MF360957:27395-28168	MF360957_00028

DiscRep_SUB:FEATURE_LOCATION_CONFLICT::Coding region xref gene does not exist
GenomesDB/MF360957/MF360957:CDS	unannotated protein	MF360957:c28392-28213	MF360957_00029

DiscRep_SUB:FEATURE_LOCATION_CONFLICT::Coding region xref gene does not exist
GenomesDB/MF360957/MF360957:CDS	unannotated protein	MF360957:c28568-28404	MF360957_00030

DiscRep_SUB:FEATURE_LOCATION_CONFLICT::Coding region xref gene does not exist
GenomesDB/MF360957/MF360957:CDS	unannotated protein	MF360957:c30375-28891	MF360957_00031

DiscRep_SUB:FEATURE_LOCATION_CONFLICT::Coding region xref gene does not exist
GenomesDB/MF360957/MF360957:CDS	unannotated protein	MF360957:c31636-30728	MF360957_00032

DiscRep_SUB:FEATURE_LOCATION_CONFLICT::Coding region xref gene does not exist
GenomesDB/MF360957/MF360957:CDS	unannotated protein	MF360957:c33357-32185	MF360957_00033

DiscRep_SUB:FEATURE_LOCATION_CONFLICT::Coding region xref gene does not exist
GenomesDB/MF360957/MF360957:CDS	unannotated protein	MF360957:c33709-33446	MF360957_00034

DiscRep_SUB:FEATURE_LOCATION_CONFLICT::Coding region xref gene does not exist
GenomesDB/MF360957/MF360957:CDS	unannotated protein	MF360957:c34199-33738	MF360957_00035

DiscRep_SUB:FEATURE_LOCATION_CONFLICT::Coding region xref gene does not exist
GenomesDB/MF360957/MF360957:CDS	unannotated protein	MF360957:c34471-34250	MF360957_00036

DiscRep_SUB:FEATURE_LOCATION_CONFLICT::Coding region xref gene does not exist
GenomesDB/MF360957/MF360957:CDS	unannotated protein	MF360957:c35261-34536	MF360957_00037

DiscRep_SUB:FEATURE_LOCATION_CONFLICT::Coding region xref gene does not exist
GenomesDB/MF360957/MF360957:CDS	unannotated protein	MF360957:c37266-35341	MF360957_00038

DiscRep_SUB:FEATURE_LOCATION_CONFLICT::Coding region xref gene does not exist
GenomesDB/MF360957/MF360957:CDS	unannotated protein	MF360957:37454-37753	MF360957_00039

DiscRep_SUB:FEATURE_LOCATION_CONFLICT::Coding region xref gene does not exist
GenomesDB/MF360957/MF360957:CDS	unannotated protein	MF360957:37999-39894	MF360957_00040

DiscRep_SUB:FEATURE_LOCATION_CONFLICT::Coding region xref gene does not exist
GenomesDB/MF360957/MF360957:CDS	unannotated protein	MF360957:40017-40607	MF360957_00041

DiscRep_SUB:FEATURE_LOCATION_CONFLICT::Coding region xref gene does not exist
GenomesDB/MF360957/MF360957:CDS	unannotated protein	MF360957:40624-42057	MF360957_00042

DiscRep_SUB:FEATURE_LOCATION_CONFLICT::Coding region xref gene does not exist
GenomesDB/MF360957/MF360957:CDS	unannotated protein	MF360957:42146-43036	MF360957_00043

DiscRep_SUB:FEATURE_LOCATION_CONFLICT::Coding region xref gene does not exist
GenomesDB/MF360957/MF360957:CDS	unannotated protein	MF360957:43026-43583	MF360957_00044

DiscRep_SUB:FEATURE_LOCATION_CONFLICT::Coding region xref gene does not exist
GenomesDB/MF360957/MF360957:CDS	unannotated protein	MF360957:43627-43797	MF360957_00045

DiscRep_SUB:FEATURE_LOCATION_CONFLICT::Coding region xref gene does not exist
GenomesDB/MF360957/MF360957:CDS	unannotated protein	MF360957:43794-44081	MF360957_00046

DiscRep_SUB:FEATURE_LOCATION_CONFLICT::Coding region xref gene does not exist
GenomesDB/MF360957/MF360957:CDS	unannotated protein	MF360957:44166-45191	MF360957_00047

DiscRep_SUB:FEATURE_LOCATION_CONFLICT::Coding region xref gene does not exist
GenomesDB/MF360957/MF360957:CDS	unannotated protein	MF360957:45221-45559	MF360957_00048

DiscRep_SUB:FEATURE_LOCATION_CONFLICT::Coding region xref gene does not exist
GenomesDB/MF360957/MF360957:CDS	unannotated protein	MF360957:c46060-45602	MF360957_00049

DiscRep_SUB:FEATURE_LOCATION_CONFLICT::Coding region xref gene does not exist
GenomesDB/MF360957/MF360957:CDS	unannotated protein	MF360957:c46672-46076	MF360957_00050

DiscRep_SUB:FEATURE_LOCATION_CONFLICT::Coding region xref gene does not exist
GenomesDB/MF360957/MF360957:CDS	unannotated protein	MF360957:c47900-46713	MF360957_00051

DiscRep_SUB:FEATURE_LOCATION_CONFLICT::Coding region xref gene does not exist
GenomesDB/MF360957/MF360957:CDS	unannotated protein	MF360957:48038-48847	MF360957_00052

DiscRep_SUB:FEATURE_LOCATION_CONFLICT::Coding region xref gene does not exist
GenomesDB/MF360957/MF360957:CDS	unannotated protein	MF360957:48866-49081	MF360957_00053

DiscRep_SUB:FEATURE_LOCATION_CONFLICT::Coding region xref gene does not exist
GenomesDB/MF360957/MF360957:CDS	unannotated protein	MF360957:c49438-49109	MF360957_00054

DiscRep_SUB:FEATURE_LOCATION_CONFLICT::Coding region xref gene does not exist
GenomesDB/MF360957/MF360957:CDS	unannotated protein	MF360957:49593-50516	MF360957_00055

DiscRep_SUB:FEATURE_LOCATION_CONFLICT::Coding region xref gene does not exist
GenomesDB/MF360957/MF360957:CDS	unannotated protein	MF360957:50591-50941	MF360957_00056

DiscRep_SUB:FEATURE_LOCATION_CONFLICT::Coding region xref gene does not exist
GenomesDB/MF360957/MF360957:CDS	unannotated protein	MF360957:50943-51302	MF360957_00057

DiscRep_SUB:FEATURE_LOCATION_CONFLICT::Coding region xref gene does not exist
GenomesDB/MF360957/MF360957:CDS	unannotated protein	MF360957:51316-51606	MF360957_00058

DiscRep_SUB:FEATURE_LOCATION_CONFLICT::Coding region xref gene does not exist
GenomesDB/MF360957/MF360957:CDS	unannotated protein	MF360957:51666-51818	MF360957_00059

DiscRep_SUB:FEATURE_LOCATION_CONFLICT::Coding region xref gene does not exist
GenomesDB/MF360957/MF360957:CDS	unannotated protein	MF360957:51811-52275	MF360957_00060

DiscRep_SUB:FEATURE_LOCATION_CONFLICT::Coding region xref gene does not exist
GenomesDB/MF360957/MF360957:CDS	unannotated protein	MF360957:52502-52915	MF360957_00061

DiscRep_SUB:FEATURE_LOCATION_CONFLICT::Coding region xref gene does not exist
GenomesDB/MF360957/MF360957:CDS	unannotated protein	MF360957:52935-53468	MF360957_00062

DiscRep_SUB:FEATURE_LOCATION_CONFLICT::Coding region xref gene does not exist
GenomesDB/MF360957/MF360957:CDS	unannotated protein	MF360957:53468-53596	MF360957_00063

DiscRep_SUB:FEATURE_LOCATION_CONFLICT::Coding region xref gene does not exist
GenomesDB/MF360957/MF360957:CDS	unannotated protein	MF360957:53593-54087	MF360957_00064

DiscRep_SUB:FEATURE_LOCATION_CONFLICT::Coding region xref gene does not exist
GenomesDB/MF360957/MF360957:CDS	unannotated protein	MF360957:54059-54367	MF360957_00065

DiscRep_SUB:FEATURE_LOCATION_CONFLICT::Coding region xref gene does not exist
GenomesDB/MF360957/MF360957:CDS	unannotated protein	MF360957:54378-54551	MF360957_00066

DiscRep_SUB:FEATURE_LOCATION_CONFLICT::Coding region xref gene does not exist
GenomesDB/MF360957/MF360957:CDS	unannotated protein	MF360957:54629-54781	MF360957_00067

DiscRep_SUB:FEATURE_LOCATION_CONFLICT::Coding region xref gene does not exist
GenomesDB/MF360957/MF360957:CDS	unannotated protein	MF360957:54765-55571	MF360957_00068

DiscRep_SUB:FEATURE_LOCATION_CONFLICT::Coding region xref gene does not exist
GenomesDB/MF360957/MF360957:CDS	unannotated protein	MF360957:55639-55863	MF360957_00069

DiscRep_SUB:FEATURE_LOCATION_CONFLICT::Coding region xref gene does not exist
GenomesDB/MF360957/MF360957:CDS	unannotated protein	MF360957:55875-56183	MF360957_00070

DiscRep_SUB:FEATURE_LOCATION_CONFLICT::Coding region xref gene does not exist
GenomesDB/MF360957/MF360957:CDS	unannotated protein	MF360957:56186-56554	MF360957_00071

DiscRep_SUB:FEATURE_LOCATION_CONFLICT::Coding region xref gene does not exist
GenomesDB/MF360957/MF360957:CDS	unannotated protein	MF360957:56557-56751	MF360957_00072

DiscRep_SUB:FEATURE_LOCATION_CONFLICT::Coding region xref gene does not exist
GenomesDB/MF360957/MF360957:CDS	unannotated protein	MF360957:56751-57266	MF360957_00073

DiscRep_SUB:FEATURE_LOCATION_CONFLICT::Coding region xref gene does not exist
GenomesDB/MF360957/MF360957:CDS	unannotated protein	MF360957:57279-57422	MF360957_00074

DiscRep_SUB:FEATURE_LOCATION_CONFLICT::Coding region xref gene does not exist
GenomesDB/MF360957/MF360957:CDS	unannotated protein	MF360957:c59194-57440	MF360957_00075

DiscRep_SUB:FEATURE_LOCATION_CONFLICT::Coding region xref gene does not exist
GenomesDB/MF360957/MF360957:CDS	unannotated protein	MF360957:c60319-59273	MF360957_00076

DiscRep_SUB:FEATURE_LOCATION_CONFLICT::Coding region xref gene does not exist
GenomesDB/MF360957/MF360957:CDS	unannotated protein	MF360957:c61847-61170	MF360957_00077

DiscRep_SUB:FEATURE_LOCATION_CONFLICT::Coding region xref gene does not exist
GenomesDB/MF360957/MF360957:CDS	unannotated protein	MF360957:c65597-62799	MF360957_00078

DiscRep_SUB:FEATURE_LOCATION_CONFLICT::Coding region xref gene does not exist
GenomesDB/MF360957/MF360957:CDS	unannotated protein	MF360957:c65949-65689	MF360957_00079

DiscRep_SUB:FEATURE_LOCATION_CONFLICT::Coding region xref gene does not exist
GenomesDB/MF360957/MF360957:CDS	unannotated protein	MF360957:c66542-65961	MF360957_00080

DiscRep_SUB:FEATURE_LOCATION_CONFLICT::Coding region xref gene does not exist
GenomesDB/MF360957/MF360957:CDS	unannotated protein	MF360957:c68509-66548	MF360957_00081

DiscRep_SUB:FEATURE_LOCATION_CONFLICT::Coding region xref gene does not exist
GenomesDB/MF360957/MF360957:CDS	unannotated protein	MF360957:c68898-68521	MF360957_00082

DiscRep_SUB:FEATURE_LOCATION_CONFLICT::Coding region xref gene does not exist
GenomesDB/MF360957/MF360957:CDS	unannotated protein	MF360957:c70168-68996	MF360957_00083

DiscRep_SUB:FEATURE_LOCATION_CONFLICT::Coding region xref gene does not exist
GenomesDB/MF360957/MF360957:CDS	unannotated protein	MF360957:c72006-70234	MF360957_00084

DiscRep_SUB:FEATURE_LOCATION_CONFLICT::Coding region xref gene does not exist
GenomesDB/MF360957/MF360957:CDS	unannotated protein	MF360957:c72989-72111	MF360957_00085

DiscRep_SUB:FEATURE_LOCATION_CONFLICT::Coding region xref gene does not exist
GenomesDB/MF360957/MF360957:CDS	unannotated protein	MF360957:c73509-73030	MF360957_00086

DiscRep_SUB:FEATURE_LOCATION_CONFLICT::Coding region xref gene does not exist
GenomesDB/MF360957/MF360957:CDS	unannotated protein	MF360957:c73908-73555	MF360957_00087

DiscRep_SUB:FEATURE_LOCATION_CONFLICT::Coding region xref gene does not exist
GenomesDB/MF360957/MF360957:CDS	unannotated protein	MF360957:74138-74905	MF360957_00088

DiscRep_SUB:FEATURE_LOCATION_CONFLICT::Coding region xref gene does not exist
GenomesDB/MF360957/MF360957:CDS	unannotated protein	MF360957:75010-75507	MF360957_00089

DiscRep_SUB:FEATURE_LOCATION_CONFLICT::Coding region xref gene does not exist
GenomesDB/MF360957/MF360957:CDS	unannotated protein	MF360957:75563-76513	MF360957_00090

DiscRep_SUB:FEATURE_LOCATION_CONFLICT::Coding region xref gene does not exist
GenomesDB/MF360957/MF360957:CDS	unannotated protein	MF360957:76540-76896	MF360957_00091

DiscRep_SUB:FEATURE_LOCATION_CONFLICT::Coding region xref gene does not exist
GenomesDB/MF360957/MF360957:CDS	unannotated protein	MF360957:76924-77325	MF360957_00092

DiscRep_SUB:FEATURE_LOCATION_CONFLICT::Coding region xref gene does not exist
GenomesDB/MF360957/MF360957:CDS	unannotated protein	MF360957:77508-83285	MF360957_00093

DiscRep_SUB:FEATURE_LOCATION_CONFLICT::Coding region xref gene does not exist
GenomesDB/MF360957/MF360957:CDS	unannotated protein	MF360957:83303-84331	MF360957_00094

DiscRep_SUB:FEATURE_LOCATION_CONFLICT::Coding region xref gene does not exist
GenomesDB/MF360957/MF360957:CDS	unannotated protein	MF360957:85309-85698	MF360957_00095

DiscRep_SUB:FEATURE_LOCATION_CONFLICT::Coding region xref gene does not exist
GenomesDB/MF360957/MF360957:CDS	unannotated protein	MF360957:85816-86415	MF360957_00096

DiscRep_SUB:FEATURE_LOCATION_CONFLICT::Coding region xref gene does not exist
GenomesDB/MF360957/MF360957:CDS	unannotated protein	MF360957:86394-86900	MF360957_00097

DiscRep_SUB:FEATURE_LOCATION_CONFLICT::Coding region xref gene does not exist
GenomesDB/MF360957/MF360957:CDS	unannotated protein	MF360957:86928-87347	MF360957_00098

DiscRep_SUB:FEATURE_LOCATION_CONFLICT::Coding region xref gene does not exist
GenomesDB/MF360957/MF360957:CDS	unannotated protein	MF360957:c88223-87393	MF360957_00099

DiscRep_SUB:FEATURE_LOCATION_CONFLICT::Coding region xref gene does not exist
GenomesDB/MF360957/MF360957:CDS	unannotated protein	MF360957:c90954-88240	MF360957_00100

DiscRep_SUB:FEATURE_LOCATION_CONFLICT::Coding region xref gene does not exist
GenomesDB/MF360957/MF360957:CDS	unannotated protein	MF360957:c91898-90966	MF360957_00101

DiscRep_SUB:FEATURE_LOCATION_CONFLICT::Coding region xref gene does not exist
GenomesDB/MF360957/MF360957:CDS	unannotated protein	MF360957:92322-93584	MF360957_00102

DiscRep_SUB:FEATURE_LOCATION_CONFLICT::Coding region xref gene does not exist
GenomesDB/MF360957/MF360957:CDS	unannotated protein	MF360957:93600-94634	MF360957_00103

DiscRep_SUB:FEATURE_LOCATION_CONFLICT::Coding region xref gene does not exist
GenomesDB/MF360957/MF360957:CDS	unannotated protein	MF360957:94708-95826	MF360957_00104

DiscRep_SUB:FEATURE_LOCATION_CONFLICT::Coding region xref gene does not exist
GenomesDB/MF360957/MF360957:CDS	unannotated protein	MF360957:95894-96784	MF360957_00105

DiscRep_SUB:FEATURE_LOCATION_CONFLICT::Coding region xref gene does not exist
GenomesDB/MF360957/MF360957:CDS	unannotated protein	MF360957:c97980-96790	MF360957_00106

DiscRep_SUB:FEATURE_LOCATION_CONFLICT::Coding region xref gene does not exist
GenomesDB/MF360957/MF360957:CDS	unannotated protein	MF360957:c98201-98019	MF360957_00107

DiscRep_SUB:FEATURE_LOCATION_CONFLICT::Coding region xref gene does not exist
GenomesDB/MF360957/MF360957:CDS	unannotated protein	MF360957:c99327-98194	MF360957_00108

DiscRep_SUB:FEATURE_LOCATION_CONFLICT::Coding region xref gene does not exist
GenomesDB/MF360957/MF360957:CDS	unannotated protein	MF360957:c99860-99330	MF360957_00109

DiscRep_SUB:FEATURE_LOCATION_CONFLICT::Coding region xref gene does not exist
GenomesDB/MF360957/MF360957:CDS	unannotated protein	MF360957:c101002-99953	MF360957_00110

DiscRep_SUB:FEATURE_LOCATION_CONFLICT::Coding region xref gene does not exist
GenomesDB/MF360957/MF360957:CDS	unannotated protein	MF360957:c103125-101029	MF360957_00111

DiscRep_SUB:FEATURE_LOCATION_CONFLICT::Coding region xref gene does not exist
GenomesDB/MF360957/MF360957:CDS	unannotated protein	MF360957:c103507-103088	MF360957_00112

DiscRep_SUB:FEATURE_LOCATION_CONFLICT::Coding region xref gene does not exist
GenomesDB/MF360957/MF360957:CDS	unannotated protein	MF360957:c104558-103521	MF360957_00113

DiscRep_SUB:FEATURE_LOCATION_CONFLICT::Coding region xref gene does not exist
GenomesDB/MF360957/MF360957:CDS	unannotated protein	MF360957:c106057-104672	MF360957_00114

DiscRep_SUB:FEATURE_LOCATION_CONFLICT::Coding region xref gene does not exist
GenomesDB/MF360957/MF360957:CDS	unannotated protein	MF360957:c106952-106128	MF360957_00115

DiscRep_SUB:FEATURE_LOCATION_CONFLICT::Coding region xref gene does not exist
GenomesDB/MF360957/MF360957:CDS	unannotated protein	MF360957:c108712-107024	MF360957_00116

DiscRep_SUB:FEATURE_LOCATION_CONFLICT::Coding region xref gene does not exist
GenomesDB/MF360957/MF360957:CDS	unannotated protein	MF360957:c109086-108754	MF360957_00117

DiscRep_SUB:FEATURE_LOCATION_CONFLICT::Coding region xref gene does not exist
GenomesDB/MF360957/MF360957:CDS	unannotated protein	MF360957:c109255-109139	MF360957_00118

DiscRep_SUB:FEATURE_LOCATION_CONFLICT::Coding region xref gene does not exist
GenomesDB/MF360957/MF360957:CDS	unannotated protein	MF360957:c110562-109366	MF360957_00119

DiscRep_SUB:FEATURE_LOCATION_CONFLICT::Coding region xref gene does not exist
GenomesDB/MF360957/MF360957:CDS	unannotated protein	MF360957:c111002-110577	MF360957_00120

DiscRep_SUB:FEATURE_LOCATION_CONFLICT::Coding region xref gene does not exist
GenomesDB/MF360957/MF360957:CDS	unannotated protein	MF360957:111125-111841	MF360957_00121

DiscRep_SUB:FEATURE_LOCATION_CONFLICT::Coding region xref gene does not exist
GenomesDB/MF360957/MF360957:CDS	unannotated protein	MF360957:112007-112789	MF360957_00122

DiscRep_SUB:FEATURE_LOCATION_CONFLICT::Coding region xref gene does not exist
GenomesDB/MF360957/MF360957:CDS	unannotated protein	MF360957:112795-113520	MF360957_00123

DiscRep_SUB:FEATURE_LOCATION_CONFLICT::Coding region xref gene does not exist
GenomesDB/MF360957/MF360957:CDS	unannotated protein	MF360957:113537-114259	MF360957_00124

DiscRep_SUB:FEATURE_LOCATION_CONFLICT::Coding region xref gene does not exist
GenomesDB/MF360957/MF360957:CDS	unannotated protein	MF360957:114345-114728	MF360957_00125

DiscRep_SUB:FEATURE_LOCATION_CONFLICT::Coding region xref gene does not exist
GenomesDB/MF360957/MF360957:CDS	unannotated protein	MF360957:114909-115430	MF360957_00126

DiscRep_SUB:FEATURE_LOCATION_CONFLICT::Coding region xref gene does not exist
GenomesDB/MF360957/MF360957:CDS	unannotated protein	MF360957:115497-116264	MF360957_00127

DiscRep_SUB:FEATURE_LOCATION_CONFLICT::Coding region xref gene does not exist
GenomesDB/MF360957/MF360957:CDS	unannotated protein	MF360957:c116761-116306	MF360957_00128

DiscRep_SUB:FEATURE_LOCATION_CONFLICT::Coding region xref gene does not exist
GenomesDB/MF360957/MF360957:CDS	unannotated protein	MF360957:c117336-116803	MF360957_00129

DiscRep_SUB:FEATURE_LOCATION_CONFLICT::Coding region xref gene does not exist
GenomesDB/MF360957/MF360957:CDS	unannotated protein	MF360957:117463-118167	MF360957_00130

DiscRep_SUB:FEATURE_LOCATION_CONFLICT::Coding region xref gene does not exist
GenomesDB/MF360957/MF360957:CDS	unannotated protein	MF360957:118728-119087	MF360957_00131

DiscRep_SUB:FEATURE_LOCATION_CONFLICT::Coding region xref gene does not exist
GenomesDB/MF360957/MF360957:CDS	unannotated protein	MF360957:119462-119797	MF360957_00133

DiscRep_SUB:FEATURE_LOCATION_CONFLICT::Coding region xref gene does not exist
GenomesDB/MF360957/MF360957:CDS	unannotated protein	MF360957:119880-120650	MF360957_00134

DiscRep_SUB:FEATURE_LOCATION_CONFLICT::Coding region xref gene does not exist
GenomesDB/MF360957/MF360957:CDS	unannotated protein	MF360957:120690-121109	MF360957_00135

DiscRep_SUB:FEATURE_LOCATION_CONFLICT::Coding region xref gene does not exist
GenomesDB/MF360957/MF360957:CDS	unannotated protein	MF360957:121202-121348	MF360957_00136

DiscRep_SUB:FEATURE_LOCATION_CONFLICT::Coding region xref gene does not exist
GenomesDB/MF360957/MF360957:CDS	unannotated protein	MF360957:121361-121540	MF360957_00137

DiscRep_SUB:FEATURE_LOCATION_CONFLICT::Coding region xref gene does not exist
GenomesDB/MF360957/MF360957:CDS	unannotated protein	MF360957:121560-121928	MF360957_00138

DiscRep_SUB:FEATURE_LOCATION_CONFLICT::Coding region xref gene does not exist
GenomesDB/MF360957/MF360957:CDS	unannotated protein	MF360957:121957-122445	MF360957_00139

DiscRep_SUB:FEATURE_LOCATION_CONFLICT::Coding region xref gene does not exist
GenomesDB/MF360957/MF360957:CDS	unannotated protein	MF360957:122552-123802	MF360957_00140

DiscRep_SUB:FEATURE_LOCATION_CONFLICT::Coding region xref gene does not exist
GenomesDB/MF360957/MF360957:CDS	unannotated protein	MF360957:123825-124109	MF360957_00141

DiscRep_SUB:FEATURE_LOCATION_CONFLICT::Coding region xref gene does not exist
GenomesDB/MF360957/MF360957:CDS	unannotated protein	MF360957:124310-124546	MF360957_00142

DiscRep_SUB:FEATURE_LOCATION_CONFLICT::Coding region xref gene does not exist
GenomesDB/MF360957/MF360957:CDS	unannotated protein	MF360957:124573-125028	MF360957_00143

DiscRep_SUB:FEATURE_LOCATION_CONFLICT::Coding region xref gene does not exist
GenomesDB/MF360957/MF360957:CDS	unannotated protein	MF360957:125089-125415	MF360957_00144

DiscRep_SUB:FEATURE_LOCATION_CONFLICT::Coding region xref gene does not exist
GenomesDB/MF360957/MF360957:CDS	unannotated protein	MF360957:125428-125928	MF360957_00145

DiscRep_SUB:FEATURE_LOCATION_CONFLICT::Coding region xref gene does not exist
GenomesDB/MF360957/MF360957:CDS	unannotated protein	MF360957:125932-126174	MF360957_00146

DiscRep_SUB:FEATURE_LOCATION_CONFLICT::Coding region xref gene does not exist
GenomesDB/MF360957/MF360957:CDS	unannotated protein	MF360957:126191-126352	MF360957_00147

DiscRep_SUB:FEATURE_LOCATION_CONFLICT::Coding region xref gene does not exist
GenomesDB/MF360957/MF360957:CDS	unannotated protein	MF360957:c127128-126394	MF360957_00148

DiscRep_SUB:FEATURE_LOCATION_CONFLICT::Coding region xref gene does not exist
GenomesDB/MF360957/MF360957:CDS	unannotated protein	MF360957:c129394-127178	MF360957_00149

DiscRep_SUB:FEATURE_LOCATION_CONFLICT::Coding region xref gene does not exist
GenomesDB/MF360957/MF360957:CDS	unannotated protein	MF360957:129452-130117	MF360957_00150

DiscRep_SUB:FEATURE_LOCATION_CONFLICT::Coding region xref gene does not exist
GenomesDB/MF360957/MF360957:CDS	unannotated protein	MF360957:130290-131495	MF360957_00151

DiscRep_SUB:FEATURE_LOCATION_CONFLICT::Coding region xref gene does not exist
GenomesDB/MF360957/MF360957:CDS	unannotated protein	MF360957:131596-133293	MF360957_00152

DiscRep_SUB:FEATURE_LOCATION_CONFLICT::Coding region xref gene does not exist
GenomesDB/MF360957/MF360957:CDS	unannotated protein	MF360957:c133572-133318	MF360957_00153

DiscRep_SUB:FEATURE_LOCATION_CONFLICT::Coding region xref gene does not exist
GenomesDB/MF360957/MF360957:CDS	unannotated protein	MF360957:c133920-133585	MF360957_00154

DiscRep_SUB:FEATURE_LOCATION_CONFLICT::Coding region xref gene does not exist
GenomesDB/MF360957/MF360957:CDS	unannotated protein	MF360957:c134133-133951	MF360957_00155

DiscRep_SUB:FEATURE_LOCATION_CONFLICT::Coding region xref gene does not exist
GenomesDB/MF360957/MF360957:CDS	unannotated protein	MF360957:c134460-134146	MF360957_00156

DiscRep_SUB:FEATURE_LOCATION_CONFLICT::Coding region xref gene does not exist
GenomesDB/MF360957/MF360957:CDS	unannotated protein	MF360957:c134794-134453	MF360957_00157

DiscRep_SUB:FEATURE_LOCATION_CONFLICT::Coding region xref gene does not exist
GenomesDB/MF360957/MF360957:CDS	unannotated protein	MF360957:c135809-135255	MF360957_00158

DiscRep_SUB:FEATURE_LOCATION_CONFLICT::Coding region xref gene does not exist
GenomesDB/MF360957/MF360957:CDS	unannotated protein	MF360957:c137037-135889	MF360957_00159

DiscRep_SUB:FEATURE_LOCATION_CONFLICT::Coding region xref gene does not exist
GenomesDB/MF360957/MF360957:CDS	unannotated protein	MF360957:c138477-137263	MF360957_00160

DiscRep_SUB:FEATURE_LOCATION_CONFLICT::Coding region xref gene does not exist
GenomesDB/MF360957/MF360957:CDS	unannotated protein	MF360957:c139023-138484	MF360957_00161

DiscRep_SUB:FEATURE_LOCATION_CONFLICT::Coding region xref gene does not exist
GenomesDB/MF360957/MF360957:CDS	unannotated protein	MF360957:c139517-139023	MF360957_00162

DiscRep_SUB:FEATURE_LOCATION_CONFLICT::Coding region xref gene does not exist
GenomesDB/MF360957/MF360957:CDS	unannotated protein	MF360957:c143890-139574	MF360957_00163

DiscRep_SUB:FEATURE_LOCATION_CONFLICT::Coding region xref gene does not exist
GenomesDB/MF360957/MF360957:CDS	unannotated protein	MF360957:c145708-143909	MF360957_00164

DiscRep_SUB:FEATURE_LOCATION_CONFLICT::Coding region xref gene does not exist
GenomesDB/MF360957/MF360957:CDS	unannotated protein	MF360957:c146307-145720	MF360957_00165

DiscRep_SUB:FEATURE_LOCATION_CONFLICT::Coding region xref gene does not exist
GenomesDB/MF360957/MF360957:CDS	unannotated protein	MF360957:c149261-146430	MF360957_00166

DiscRep_SUB:FEATURE_LOCATION_CONFLICT::Coding region xref gene does not exist
GenomesDB/MF360957/MF360957:CDS	unannotated protein	MF360957:c151618-149285	MF360957_00167

DiscRep_SUB:FEATURE_LOCATION_CONFLICT::Coding region xref gene does not exist
GenomesDB/MF360957/MF360957:CDS	unannotated protein	MF360957:c154178-151626	MF360957_00168

DiscRep_SUB:FEATURE_LOCATION_CONFLICT::Coding region xref gene does not exist
GenomesDB/MF360957/MF360957:CDS	unannotated protein	MF360957:c155127-154195	MF360957_00169

DiscRep_SUB:FEATURE_LOCATION_CONFLICT::Coding region xref gene does not exist
GenomesDB/MF360957/MF360957:CDS	unannotated protein	MF360957:c155566-155189	MF360957_00170

DiscRep_SUB:FEATURE_LOCATION_CONFLICT::Coding region xref gene does not exist
GenomesDB/MF360957/MF360957:CDS	unannotated protein	MF360957:c155824-155639	MF360957_00171

DiscRep_SUB:FEATURE_LOCATION_CONFLICT::Coding region xref gene does not exist
GenomesDB/MF360957/MF360957:CDS	unannotated protein	MF360957:c156356-155916	MF360957_00172

DiscRep_SUB:FEATURE_LOCATION_CONFLICT::Coding region xref gene does not exist
GenomesDB/MF360957/MF360957:CDS	unannotated protein	MF360957:c156723-156322	MF360957_00173

DiscRep_SUB:FEATURE_LOCATION_CONFLICT::Coding region xref gene does not exist
GenomesDB/MF360957/MF360957:CDS	unannotated protein	MF360957:c157147-156752	MF360957_00174

DiscRep_SUB:FEATURE_LOCATION_CONFLICT::Coding region xref gene does not exist
GenomesDB/MF360957/MF360957:CDS	unannotated protein	MF360957:c157777-157160	MF360957_00175

DiscRep_SUB:FEATURE_LOCATION_CONFLICT::Coding region xref gene does not exist
GenomesDB/MF360957/MF360957:CDS	unannotated protein	MF360957:c158605-157856	MF360957_00176

DiscRep_SUB:FEATURE_LOCATION_CONFLICT::Coding region xref gene does not exist
GenomesDB/MF360957/MF360957:CDS	unannotated protein	MF360957:c158971-158639	MF360957_00177

DiscRep_SUB:FEATURE_LOCATION_CONFLICT::Coding region xref gene does not exist
GenomesDB/MF360957/MF360957:CDS	unannotated protein	MF360957:c159544-158984	MF360957_00178

DiscRep_SUB:FEATURE_LOCATION_CONFLICT::Coding region xref gene does not exist
GenomesDB/MF360957/MF360957:CDS	unannotated protein	MF360957:c159738-159544	MF360957_00179

DiscRep_SUB:FEATURE_LOCATION_CONFLICT::Coding region xref gene does not exist
GenomesDB/MF360957/MF360957:CDS	unannotated protein	MF360957:c160462-159755	MF360957_00180

DiscRep_SUB:FEATURE_LOCATION_CONFLICT::Coding region xref gene does not exist
GenomesDB/MF360957/MF360957:CDS	unannotated protein	MF360957:160659-160862	MF360957_00181

DiscRep_SUB:FEATURE_LOCATION_CONFLICT::Coding region xref gene does not exist
GenomesDB/MF360957/MF360957:CDS	unannotated protein	MF360957:160969-162081	MF360957_00182

DiscRep_SUB:FEATURE_LOCATION_CONFLICT::Coding region xref gene does not exist
GenomesDB/MF360957/MF360957:CDS	unannotated protein	MF360957:162081-162560	MF360957_00183

DiscRep_SUB:FEATURE_LOCATION_CONFLICT::Coding region xref gene does not exist
GenomesDB/MF360957/MF360957:CDS	unannotated protein	MF360957:162562-163110	MF360957_00184

DiscRep_SUB:FEATURE_LOCATION_CONFLICT::Coding region xref gene does not exist
GenomesDB/MF360957/MF360957:CDS	unannotated protein	MF360957:163091-163783	MF360957_00185

DiscRep_SUB:FEATURE_LOCATION_CONFLICT::Coding region xref gene does not exist
GenomesDB/MF360957/MF360957:CDS	unannotated protein	MF360957:163776-164045	MF360957_00186

DiscRep_SUB:FEATURE_LOCATION_CONFLICT::Coding region xref gene does not exist
GenomesDB/MF360957/MF360957:CDS	unannotated protein	MF360957:164143-165828	MF360957_00187

DiscRep_SUB:FEATURE_LOCATION_CONFLICT::Coding region xref gene does not exist
GenomesDB/MF360957/MF360957:CDS	unannotated protein	MF360957:165839-166081	MF360957_00188

DiscRep_SUB:FEATURE_LOCATION_CONFLICT::Coding region xref gene does not exist
GenomesDB/MF360957/MF360957:CDS	unannotated protein	MF360957:166059-166550	MF360957_00189

DiscRep_SUB:FEATURE_LOCATION_CONFLICT::Coding region xref gene does not exist
GenomesDB/MF360957/MF360957:CDS	unannotated protein	MF360957:c169142-166596	MF360957_00190

DiscRep_SUB:FEATURE_LOCATION_CONFLICT::Coding region xref gene does not exist
GenomesDB/MF360957/MF360957:CDS	unannotated protein	MF360957:c169726-169154	MF360957_00191

DiscRep_SUB:FEATURE_LOCATION_CONFLICT::Coding region xref gene does not exist
GenomesDB/MF360957/MF360957:CDS	unannotated protein	MF360957:c171697-169742	MF360957_00192

DiscRep_SUB:FEATURE_LOCATION_CONFLICT::Coding region xref gene does not exist
GenomesDB/MF360957/MF360957:CDS	unannotated protein	MF360957:171802-172437	MF360957_00193

DiscRep_SUB:FEATURE_LOCATION_CONFLICT::Coding region xref gene does not exist
GenomesDB/MF360957/MF360957:CDS	unannotated protein	MF360957:172450-172614	MF360957_00194

DiscRep_SUB:FEATURE_LOCATION_CONFLICT::Coding region xref gene does not exist
GenomesDB/MF360957/MF360957:CDS	unannotated protein	MF360957:172611-173060	MF360957_00195

DiscRep_SUB:FEATURE_LOCATION_CONFLICT::Coding region xref gene does not exist
GenomesDB/MF360957/MF360957:CDS	unannotated protein	MF360957:173087-174304	MF360957_00196

DiscRep_SUB:FEATURE_LOCATION_CONFLICT::Coding region xref gene does not exist
GenomesDB/MF360957/MF360957:CDS	unannotated protein	MF360957:174352-175086	MF360957_00197

DiscRep_SUB:FEATURE_LOCATION_CONFLICT::Coding region xref gene does not exist
GenomesDB/MF360957/MF360957:CDS	unannotated protein	MF360957:175089-175412	MF360957_00198

DiscRep_SUB:FEATURE_LOCATION_CONFLICT::Coding region xref gene does not exist
GenomesDB/MF360957/MF360957:CDS	unannotated protein	MF360957:175503-175721	MF360957_00199

DiscRep_SUB:FEATURE_LOCATION_CONFLICT::Coding region xref gene does not exist
GenomesDB/MF360957/MF360957:CDS	unannotated protein	MF360957:c176403-175759	MF360957_00200

DiscRep_SUB:FEATURE_LOCATION_CONFLICT::Coding region xref gene does not exist
GenomesDB/MF360957/MF360957:CDS	unannotated protein	MF360957:176502-176663	MF360957_00201

DiscRep_SUB:FEATURE_LOCATION_CONFLICT::Coding region xref gene does not exist
GenomesDB/MF360957/MF360957:CDS	unannotated protein	MF360957:176702-177424	MF360957_00202

DiscRep_SUB:FEATURE_LOCATION_CONFLICT::Coding region xref gene does not exist
GenomesDB/MF360957/MF360957:CDS	unannotated protein	MF360957:177437-177700	MF360957_00203

DiscRep_SUB:FEATURE_LOCATION_CONFLICT::Coding region xref gene does not exist
GenomesDB/MF360957/MF360957:CDS	unannotated protein	MF360957:177923-180226	MF360957_00204

DiscRep_SUB:FEATURE_LOCATION_CONFLICT::Coding region xref gene does not exist
GenomesDB/MF360957/MF360957:CDS	unannotated protein	MF360957:180287-181084	MF360957_00205

DiscRep_SUB:FEATURE_LOCATION_CONFLICT::Coding region xref gene does not exist
GenomesDB/MF360957/MF360957:CDS	unannotated protein	MF360957:181098-181460	MF360957_00206

DiscRep_SUB:FEATURE_LOCATION_CONFLICT::Coding region xref gene does not exist
GenomesDB/MF360957/MF360957:CDS	unannotated protein	MF360957:181478-182272	MF360957_00207

DiscRep_SUB:FEATURE_LOCATION_CONFLICT::Coding region xref gene does not exist
GenomesDB/MF360957/MF360957:CDS	unannotated protein	MF360957:182329-183546	MF360957_00208

DiscRep_SUB:FEATURE_LOCATION_CONFLICT::Coding region xref gene does not exist
GenomesDB/MF360957/MF360957:CDS	unannotated protein	MF360957:183572-184987	MF360957_00209

DiscRep_SUB:FEATURE_LOCATION_CONFLICT::Coding region xref gene does not exist
GenomesDB/MF360957/MF360957:CDS	unannotated protein	MF360957:184980-185075	MF360957_00210

DiscRep_SUB:FEATURE_LOCATION_CONFLICT::Coding region xref gene does not exist
GenomesDB/MF360957/MF360957:CDS	unannotated protein	MF360957:185087-185785	MF360957_00211

DiscRep_SUB:FEATURE_LOCATION_CONFLICT::Coding region xref gene does not exist
GenomesDB/MF360957/MF360957:CDS	unannotated protein	MF360957:186012-186146	MF360957_00212

DiscRep_SUB:FEATURE_LOCATION_CONFLICT::Coding region xref gene does not exist
GenomesDB/MF360957/MF360957:CDS	unannotated protein	MF360957:186159-187322	MF360957_00213

DiscRep_SUB:FEATURE_LOCATION_CONFLICT::Coding region xref gene does not exist
GenomesDB/MF360957/MF360957:CDS	unannotated protein	MF360957:c187812-187366	MF360957_00214

DiscRep_SUB:FEATURE_LOCATION_CONFLICT::Coding region xref gene does not exist
GenomesDB/MF360957/MF360957:CDS	unannotated protein	MF360957:187918-188088	MF360957_00215

DiscRep_SUB:FEATURE_LOCATION_CONFLICT::Coding region xref gene does not exist
GenomesDB/MF360957/MF360957:CDS	unannotated protein	MF360957:188105-189337	MF360957_00216

DiscRep_SUB:FEATURE_LOCATION_CONFLICT::Coding region xref gene does not exist
GenomesDB/MF360957/MF360957:CDS	unannotated protein	MF360957:189349-190584	MF360957_00217

DiscRep_SUB:FEATURE_LOCATION_CONFLICT::Coding region xref gene does not exist
GenomesDB/MF360957/MF360957:CDS	unannotated protein	MF360957:190599-191744	MF360957_00218

DiscRep_SUB:FEATURE_LOCATION_CONFLICT::Coding region xref gene does not exist
GenomesDB/MF360957/MF360957:CDS	unannotated protein	MF360957:191855-192304	MF360957_00219

DiscRep_SUB:FEATURE_LOCATION_CONFLICT::Coding region xref gene does not exist
GenomesDB/MF360957/MF360957:CDS	unannotated protein	MF360957:192322-192732	MF360957_00220

DiscRep_SUB:FEATURE_LOCATION_CONFLICT::Coding region xref gene does not exist
GenomesDB/MF360957/MF360957:CDS	unannotated protein	MF360957:192793-193308	MF360957_00221

DiscRep_SUB:FEATURE_LOCATION_CONFLICT::Coding region xref gene does not exist
GenomesDB/MF360957/MF360957:CDS	unannotated protein	MF360957:193539-194444	MF360957_00222

DiscRep_SUB:FEATURE_LOCATION_CONFLICT::Coding region xref gene does not exist
GenomesDB/MF360957/MF360957:CDS	unannotated protein	MF360957:194441-195343	MF360957_00223

DiscRep_SUB:FEATURE_LOCATION_CONFLICT::Coding region xref gene does not exist
GenomesDB/MF360957/MF360957:CDS	unannotated protein	MF360957:195330-195776	MF360957_00224

DiscRep_SUB:FEATURE_LOCATION_CONFLICT::Coding region xref gene does not exist
GenomesDB/MF360957/MF360957:CDS	unannotated protein	MF360957:195924-196142	MF360957_00225

DiscRep_SUB:FEATURE_LOCATION_CONFLICT::Coding region xref gene does not exist
GenomesDB/MF360957/MF360957:CDS	unannotated protein	MF360957:196954-199056	MF360957_00226

DiscRep_SUB:FEATURE_LOCATION_CONFLICT::Coding region xref gene does not exist
GenomesDB/MF360957/MF360957:CDS	unannotated protein	MF360957:199256-199717	MF360957_00227

DiscRep_SUB:FEATURE_LOCATION_CONFLICT::Coding region xref gene does not exist
GenomesDB/MF360957/MF360957:CDS	unannotated protein	MF360957:199787-199978	MF360957_00228

DiscRep_SUB:FEATURE_LOCATION_CONFLICT::Coding region xref gene does not exist
GenomesDB/MF360957/MF360957:CDS	unannotated protein	MF360957:200040-200228	MF360957_00229

DiscRep_SUB:FEATURE_LOCATION_CONFLICT::Coding region xref gene does not exist
GenomesDB/MF360957/MF360957:CDS	unannotated protein	MF360957:200255-200626	MF360957_00230

DiscRep_SUB:FEATURE_LOCATION_CONFLICT::Coding region xref gene does not exist
GenomesDB/MF360957/MF360957:CDS	unannotated protein	MF360957:200653-201027	MF360957_00231

DiscRep_SUB:FEATURE_LOCATION_CONFLICT::Coding region xref gene does not exist
GenomesDB/MF360957/MF360957:CDS	unannotated protein	MF360957:c202334-201069	MF360957_00232

DiscRep_SUB:FEATURE_LOCATION_CONFLICT::Coding region xref gene does not exist
GenomesDB/MF360957/MF360957:CDS	unannotated protein	MF360957:202431-203594	MF360957_00233

DiscRep_SUB:FEATURE_LOCATION_CONFLICT::Coding region xref gene does not exist
GenomesDB/MF360957/MF360957:CDS	unannotated protein	MF360957:203680-204021	MF360957_00234

DiscRep_SUB:FEATURE_LOCATION_CONFLICT::Coding region xref gene does not exist
GenomesDB/MF360957/MF360957:CDS	unannotated protein	MF360957:204034-204735	MF360957_00235

DiscRep_SUB:FEATURE_LOCATION_CONFLICT::Coding region xref gene does not exist
GenomesDB/MF360957/MF360957:CDS	unannotated protein	MF360957:204752-205444	MF360957_00236

DiscRep_SUB:FEATURE_LOCATION_CONFLICT::Coding region xref gene does not exist
GenomesDB/MF360957/MF360957:CDS	unannotated protein	MF360957:205462-206148	MF360957_00237

DiscRep_SUB:FEATURE_LOCATION_CONFLICT::Coding region xref gene does not exist
GenomesDB/MF360957/MF360957:CDS	unannotated protein	MF360957:206223-207266	MF360957_00238

DiscRep_SUB:FEATURE_LOCATION_CONFLICT::Coding region xref gene does not exist
GenomesDB/MF360957/MF360957:CDS	unannotated protein	MF360957:207291-209870	MF360957_00239

DiscRep_SUB:FEATURE_LOCATION_CONFLICT::Coding region xref gene does not exist
GenomesDB/MF360957/MF360957:CDS	unannotated protein	MF360957:209888-210163	MF360957_00240

DiscRep_SUB:FEATURE_LOCATION_CONFLICT::Coding region xref gene does not exist
GenomesDB/MF360957/MF360957:CDS	unannotated protein	MF360957:210185-210784	MF360957_00241

DiscRep_SUB:FEATURE_LOCATION_CONFLICT::Coding region xref gene does not exist
GenomesDB/MF360957/MF360957:CDS	unannotated protein	MF360957:210799-211068	MF360957_00242

DiscRep_SUB:FEATURE_LOCATION_CONFLICT::Coding region xref gene does not exist
GenomesDB/MF360957/MF360957:CDS	unannotated protein	MF360957:211133-212143	MF360957_00243

DiscRep_SUB:FEATURE_LOCATION_CONFLICT::Coding region xref gene does not exist
GenomesDB/MF360957/MF360957:CDS	unannotated protein	MF360957:212456-213079	MF360957_00244

DiscRep_SUB:FEATURE_LOCATION_CONFLICT::Coding region xref gene does not exist
GenomesDB/MF360957/MF360957:CDS	unannotated protein	MF360957:213092-213442	MF360957_00245

DiscRep_SUB:FEATURE_LOCATION_CONFLICT::Coding region xref gene does not exist
GenomesDB/MF360957/MF360957:CDS	unannotated protein	MF360957:213474-214166	MF360957_00246

DiscRep_SUB:FEATURE_LOCATION_CONFLICT::Coding region xref gene does not exist
GenomesDB/MF360957/MF360957:CDS	unannotated protein	MF360957:214167-214376	MF360957_00247

DiscRep_SUB:FEATURE_LOCATION_CONFLICT::Coding region xref gene does not exist
GenomesDB/MF360957/MF360957:CDS	unannotated protein	MF360957:214396-215022	MF360957_00248

DiscRep_SUB:FEATURE_LOCATION_CONFLICT::Coding region xref gene does not exist
GenomesDB/MF360957/MF360957:CDS	unannotated protein	MF360957:c217318-215069	MF360957_00249

DiscRep_SUB:FEATURE_LOCATION_CONFLICT::Coding region xref gene does not exist
GenomesDB/MF360957/MF360957:CDS	unannotated protein	MF360957:217468-218217	MF360957_00250

DiscRep_SUB:FEATURE_LOCATION_CONFLICT::Coding region xref gene does not exist
GenomesDB/MF360957/MF360957:CDS	unannotated protein	MF360957:218248-219039	MF360957_00251

DiscRep_SUB:FEATURE_LOCATION_CONFLICT::Coding region xref gene does not exist
GenomesDB/MF360957/MF360957:CDS	unannotated protein	MF360957:c219500-219285	MF360957_00252

DiscRep_SUB:FEATURE_LOCATION_CONFLICT::Coding region xref gene does not exist
GenomesDB/MF360957/MF360957:CDS	unannotated protein	MF360957:c219690-219490	MF360957_00253

DiscRep_SUB:FEATURE_LOCATION_CONFLICT::Coding region xref gene does not exist
GenomesDB/MF360957/MF360957:CDS	unannotated protein	MF360957:c220259-219699	MF360957_00254

DiscRep_SUB:FEATURE_LOCATION_CONFLICT::Coding region xref gene does not exist
GenomesDB/MF360957/MF360957:CDS	unannotated protein	MF360957:220566-221894	MF360957_00255

DiscRep_SUB:FEATURE_LOCATION_CONFLICT::Coding region xref gene does not exist
GenomesDB/MF360957/MF360957:CDS	unannotated protein	MF360957:222012-222446	MF360957_00256

DiscRep_SUB:FEATURE_LOCATION_CONFLICT::Coding region xref gene does not exist
GenomesDB/MF360957/MF360957:CDS	unannotated protein	MF360957:c222916-222494	MF360957_00257

DiscRep_SUB:FEATURE_LOCATION_CONFLICT::Coding region xref gene does not exist
GenomesDB/MF360957/MF360957:CDS	unannotated protein	MF360957:223003-224274	MF360957_00258

DiscRep_SUB:FEATURE_LOCATION_CONFLICT::Coding region xref gene does not exist
GenomesDB/MF360957/MF360957:CDS	unannotated protein	MF360957:224391-225344	MF360957_00259

DiscRep_SUB:FEATURE_LOCATION_CONFLICT::Coding region xref gene does not exist
GenomesDB/MF360957/MF360957:CDS	unannotated protein	MF360957:225812-226843	MF360957_00260

DiscRep_SUB:FEATURE_LOCATION_CONFLICT::Coding region xref gene does not exist
GenomesDB/MF360957/MF360957:CDS	unannotated protein	MF360957:227003-227236	MF360957_00261

DiscRep_SUB:FEATURE_LOCATION_CONFLICT::Coding region xref gene does not exist
GenomesDB/MF360957/MF360957:CDS	unannotated protein	MF360957:227241-228245	MF360957_00262

DiscRep_SUB:FEATURE_LOCATION_CONFLICT::Coding region xref gene does not exist
GenomesDB/MF360957/MF360957:CDS	unannotated protein	MF360957:228360-229310	MF360957_00263

DiscRep_SUB:FEATURE_LOCATION_CONFLICT::Coding region xref gene does not exist
GenomesDB/MF360957/MF360957:CDS	unannotated protein	MF360957:229333-229734	MF360957_00264

DiscRep_SUB:FEATURE_LOCATION_CONFLICT::Coding region xref gene does not exist
GenomesDB/MF360957/MF360957:CDS	unannotated protein	MF360957:229967-231613	MF360957_00265

DiscRep_SUB:FEATURE_LOCATION_CONFLICT::Coding region xref gene does not exist
GenomesDB/MF360957/MF360957:CDS	unannotated protein	MF360957:231628-231960	MF360957_00266

DiscRep_SUB:FEATURE_LOCATION_CONFLICT::Coding region xref gene does not exist
GenomesDB/MF360957/MF360957:CDS	unannotated protein	MF360957:232029-232487	MF360957_00267

DiscRep_SUB:FEATURE_LOCATION_CONFLICT::Coding region xref gene does not exist
GenomesDB/MF360957/MF360957:CDS	unannotated protein	MF360957:232489-232746	MF360957_00268

DiscRep_SUB:FEATURE_LOCATION_CONFLICT::Coding region xref gene does not exist
GenomesDB/MF360957/MF360957:CDS	unannotated protein	MF360957:232855-234120	MF360957_00269

DiscRep_SUB:FEATURE_LOCATION_CONFLICT::Coding region xref gene does not exist
GenomesDB/MF360957/MF360957:CDS	unannotated protein	MF360957:234301-234693	MF360957_00270

DiscRep_SUB:FEATURE_LOCATION_CONFLICT::Coding region xref gene does not exist
GenomesDB/MF360957/MF360957:CDS	unannotated protein	MF360957:234712-234858	MF360957_00271

DiscRep_SUB:FEATURE_LOCATION_CONFLICT::Coding region xref gene does not exist
GenomesDB/MF360957/MF360957:CDS	unannotated protein	MF360957:234860-235312	MF360957_00272

DiscRep_SUB:FEATURE_LOCATION_CONFLICT::Coding region xref gene does not exist
GenomesDB/MF360957/MF360957:CDS	unannotated protein	MF360957:235342-237339	MF360957_00273

DiscRep_SUB:FEATURE_LOCATION_CONFLICT::Coding region xref gene does not exist
GenomesDB/MF360957/MF360957:CDS	unannotated protein	MF360957:237339-237524	MF360957_00274

DiscRep_SUB:FEATURE_LOCATION_CONFLICT::Coding region xref gene does not exist
GenomesDB/MF360957/MF360957:CDS	unannotated protein	MF360957:237661-238068	MF360957_00275

DiscRep_SUB:FEATURE_LOCATION_CONFLICT::Coding region xref gene does not exist
GenomesDB/MF360957/MF360957:CDS	unannotated protein	MF360957:238151-238678	MF360957_00276

DiscRep_SUB:FEATURE_LOCATION_CONFLICT::Coding region xref gene does not exist
GenomesDB/MF360957/MF360957:CDS	unannotated protein	MF360957:238665-238829	MF360957_00277

DiscRep_SUB:FEATURE_LOCATION_CONFLICT::Coding region xref gene does not exist
GenomesDB/MF360957/MF360957:CDS	unannotated protein	MF360957:238832-239068	MF360957_00278

DiscRep_SUB:FEATURE_LOCATION_CONFLICT::Coding region xref gene does not exist
GenomesDB/MF360957/MF360957:CDS	unannotated protein	MF360957:239114-239395	MF360957_00279

DiscRep_SUB:FEATURE_LOCATION_CONFLICT::Coding region xref gene does not exist
GenomesDB/MF360957/MF360957:CDS	unannotated protein	MF360957:239460-241505	MF360957_00280

DiscRep_SUB:FEATURE_LOCATION_CONFLICT::Coding region xref gene does not exist
GenomesDB/MF360957/MF360957:CDS	unannotated protein	MF360957:c242358-241552	MF360957_00281

DiscRep_SUB:FEATURE_LOCATION_CONFLICT::Coding region xref gene does not exist
GenomesDB/MF360957/MF360957:CDS	unannotated protein	MF360957:242458-242661	MF360957_00282

DiscRep_SUB:FEATURE_LOCATION_CONFLICT::Coding region xref gene does not exist
GenomesDB/MF360957/MF360957:CDS	unannotated protein	MF360957:242677-242823	MF360957_00283

DiscRep_SUB:FEATURE_LOCATION_CONFLICT::Coding region xref gene does not exist
GenomesDB/MF360957/MF360957:CDS	unannotated protein	MF360957:242897-243433	MF360957_00284

DiscRep_SUB:FEATURE_LOCATION_CONFLICT::Coding region xref gene does not exist
GenomesDB/MF360957/MF360957:CDS	unannotated protein	MF360957:243487-244290	MF360957_00285

DiscRep_SUB:FEATURE_LOCATION_CONFLICT::Coding region xref gene does not exist
GenomesDB/MF360957/MF360957:CDS	unannotated protein	MF360957:244303-244440	MF360957_00286

DiscRep_SUB:FEATURE_LOCATION_CONFLICT::Coding region xref gene does not exist
GenomesDB/MF360957/MF360957:CDS	unannotated protein	MF360957:244406-244651	MF360957_00287

DiscRep_SUB:FEATURE_LOCATION_CONFLICT::Coding region xref gene does not exist
GenomesDB/MF360957/MF360957:CDS	unannotated protein	MF360957:c245001-244705	MF360957_00288

DiscRep_SUB:FEATURE_LOCATION_CONFLICT::Coding region xref gene does not exist
GenomesDB/MF360957/MF360957:CDS	unannotated protein	MF360957:245347-245601	MF360957_00289

DiscRep_SUB:FEATURE_LOCATION_CONFLICT::Coding region xref gene does not exist
GenomesDB/MF360957/MF360957:CDS	unannotated protein	MF360957:245856-247346	MF360957_00290

DiscRep_SUB:FEATURE_LOCATION_CONFLICT::Coding region xref gene does not exist
GenomesDB/MF360957/MF360957:CDS	unannotated protein	MF360957:247371-247589	MF360957_00291

DiscRep_SUB:FEATURE_LOCATION_CONFLICT::Coding region xref gene does not exist
GenomesDB/MF360957/MF360957:CDS	unannotated protein	MF360957:247651-248046	MF360957_00292

DiscRep_SUB:FEATURE_LOCATION_CONFLICT::Coding region xref gene does not exist
GenomesDB/MF360957/MF360957:CDS	unannotated protein	MF360957:248131-248475	MF360957_00293

DiscRep_SUB:FEATURE_LOCATION_CONFLICT::Coding region xref gene does not exist
GenomesDB/MF360957/MF360957:CDS	unannotated protein	MF360957:248543-248869	MF360957_00294

DiscRep_SUB:FEATURE_LOCATION_CONFLICT::Coding region xref gene does not exist
GenomesDB/MF360957/MF360957:CDS	unannotated protein	MF360957:248872-249582	MF360957_00295

DiscRep_SUB:FEATURE_LOCATION_CONFLICT::Coding region xref gene does not exist
GenomesDB/MF360957/MF360957:CDS	unannotated protein	MF360957:249652-249948	MF360957_00296

DiscRep_SUB:FEATURE_LOCATION_CONFLICT::Coding region xref gene does not exist
GenomesDB/MF360957/MF360957:CDS	unannotated protein	MF360957:c250683-249991	MF360957_00297

DiscRep_SUB:FEATURE_LOCATION_CONFLICT::Coding region xref gene does not exist
GenomesDB/MF360957/MF360957:CDS	unannotated protein	MF360957:c250947-250750	MF360957_00298

DiscRep_SUB:FEATURE_LOCATION_CONFLICT::Coding region xref gene does not exist
GenomesDB/MF360957/MF360957:CDS	unannotated protein	MF360957:c251562-251002	MF360957_00299

DiscRep_SUB:FEATURE_LOCATION_CONFLICT::Coding region xref gene does not exist
GenomesDB/MF360957/MF360957:CDS	unannotated protein	MF360957:c252153-251881	MF360957_00300

DiscRep_SUB:FEATURE_LOCATION_CONFLICT::RNA feature xref gene does not exist
GenomesDB/MF360957/MF360957:tRNA	Asn	MF360957:119223-119298	MF360957_00132

DiscRep_ALL:OVERLAPPING_CDS::52 coding regions overlap another coding region with a similar or identical name.
DiscRep_SUB:OVERLAPPING_CDS::52 coding regions overlap another coding region with a similar or identical name that do not have the appropriate note text
GenomesDB/MF360957/MF360957:CDS	unannotated protein	MF360957:c22144-21674	MF360957_00022
GenomesDB/MF360957/MF360957:CDS	unannotated protein	MF360957:c22637-22137	MF360957_00023
GenomesDB/MF360957/MF360957:CDS	unannotated protein	MF360957:42146-43036	MF360957_00043
GenomesDB/MF360957/MF360957:CDS	unannotated protein	MF360957:43026-43583	MF360957_00044
GenomesDB/MF360957/MF360957:CDS	unannotated protein	MF360957:43627-43797	MF360957_00045
GenomesDB/MF360957/MF360957:CDS	unannotated protein	MF360957:43794-44081	MF360957_00046
GenomesDB/MF360957/MF360957:CDS	unannotated protein	MF360957:51666-51818	MF360957_00059
GenomesDB/MF360957/MF360957:CDS	unannotated protein	MF360957:51811-52275	MF360957_00060
GenomesDB/MF360957/MF360957:CDS	unannotated protein	MF360957:52935-53468	MF360957_00062
GenomesDB/MF360957/MF360957:CDS	unannotated protein	MF360957:53468-53596	MF360957_00063
GenomesDB/MF360957/MF360957:CDS	unannotated protein	MF360957:53593-54087	MF360957_00064
GenomesDB/MF360957/MF360957:CDS	unannotated protein	MF360957:54059-54367	MF360957_00065
GenomesDB/MF360957/MF360957:CDS	unannotated protein	MF360957:54629-54781	MF360957_00067
GenomesDB/MF360957/MF360957:CDS	unannotated protein	MF360957:54765-55571	MF360957_00068
GenomesDB/MF360957/MF360957:CDS	unannotated protein	MF360957:56557-56751	MF360957_00072
GenomesDB/MF360957/MF360957:CDS	unannotated protein	MF360957:56751-57266	MF360957_00073
GenomesDB/MF360957/MF360957:CDS	unannotated protein	MF360957:85816-86415	MF360957_00096
GenomesDB/MF360957/MF360957:CDS	unannotated protein	MF360957:86394-86900	MF360957_00097
GenomesDB/MF360957/MF360957:CDS	unannotated protein	MF360957:c98201-98019	MF360957_00107
GenomesDB/MF360957/MF360957:CDS	unannotated protein	MF360957:c99327-98194	MF360957_00108
GenomesDB/MF360957/MF360957:CDS	unannotated protein	MF360957:c103125-101029	MF360957_00111
GenomesDB/MF360957/MF360957:CDS	unannotated protein	MF360957:c103507-103088	MF360957_00112
GenomesDB/MF360957/MF360957:CDS	unannotated protein	MF360957:c134460-134146	MF360957_00156
GenomesDB/MF360957/MF360957:CDS	unannotated protein	MF360957:c134794-134453	MF360957_00157
GenomesDB/MF360957/MF360957:CDS	unannotated protein	MF360957:c139023-138484	MF360957_00161
GenomesDB/MF360957/MF360957:CDS	unannotated protein	MF360957:c139517-139023	MF360957_00162
GenomesDB/MF360957/MF360957:CDS	unannotated protein	MF360957:c156356-155916	MF360957_00172
GenomesDB/MF360957/MF360957:CDS	unannotated protein	MF360957:c156723-156322	MF360957_00173
GenomesDB/MF360957/MF360957:CDS	unannotated protein	MF360957:c159544-158984	MF360957_00178
GenomesDB/MF360957/MF360957:CDS	unannotated protein	MF360957:c159738-159544	MF360957_00179
GenomesDB/MF360957/MF360957:CDS	unannotated protein	MF360957:160969-162081	MF360957_00182
GenomesDB/MF360957/MF360957:CDS	unannotated protein	MF360957:162081-162560	MF360957_00183
GenomesDB/MF360957/MF360957:CDS	unannotated protein	MF360957:162562-163110	MF360957_00184
GenomesDB/MF360957/MF360957:CDS	unannotated protein	MF360957:163091-163783	MF360957_00185
GenomesDB/MF360957/MF360957:CDS	unannotated protein	MF360957:163776-164045	MF360957_00186
GenomesDB/MF360957/MF360957:CDS	unannotated protein	MF360957:165839-166081	MF360957_00188
GenomesDB/MF360957/MF360957:CDS	unannotated protein	MF360957:166059-166550	MF360957_00189
GenomesDB/MF360957/MF360957:CDS	unannotated protein	MF360957:172450-172614	MF360957_00194
GenomesDB/MF360957/MF360957:CDS	unannotated protein	MF360957:172611-173060	MF360957_00195
GenomesDB/MF360957/MF360957:CDS	unannotated protein	MF360957:183572-184987	MF360957_00209
GenomesDB/MF360957/MF360957:CDS	unannotated protein	MF360957:184980-185075	MF360957_00210
GenomesDB/MF360957/MF360957:CDS	unannotated protein	MF360957:193539-194444	MF360957_00222
GenomesDB/MF360957/MF360957:CDS	unannotated protein	MF360957:194441-195343	MF360957_00223
GenomesDB/MF360957/MF360957:CDS	unannotated protein	MF360957:195330-195776	MF360957_00224
GenomesDB/MF360957/MF360957:CDS	unannotated protein	MF360957:c219500-219285	MF360957_00252
GenomesDB/MF360957/MF360957:CDS	unannotated protein	MF360957:c219690-219490	MF360957_00253
GenomesDB/MF360957/MF360957:CDS	unannotated protein	MF360957:235342-237339	MF360957_00273
GenomesDB/MF360957/MF360957:CDS	unannotated protein	MF360957:237339-237524	MF360957_00274
GenomesDB/MF360957/MF360957:CDS	unannotated protein	MF360957:238151-238678	MF360957_00276
GenomesDB/MF360957/MF360957:CDS	unannotated protein	MF360957:238665-238829	MF360957_00277
GenomesDB/MF360957/MF360957:CDS	unannotated protein	MF360957:244303-244440	MF360957_00286
GenomesDB/MF360957/MF360957:CDS	unannotated protein	MF360957:244406-244651	MF360957_00287

DiscRep_ALL:DISC_QUALITY_SCORES::Quality scores are missing on all sequences.

DiscRep_ALL:ONCALLER_COMMENT_PRESENT::1 comment descriptors were found (all same)
GenomesDB/MF360957/MF360957:MF360957:Annotated using prokka 1.14.6 from https://github.com/tseemann/prokka

DiscRep_ALL:SHORT_PROT_SEQUENCES::10 protein sequences are shorter than 50 aa.
GenomesDB/MF360957/MF360957:MF360957_26 (length 47)
GenomesDB/MF360957/MF360957:MF360957_63 (length 42)
GenomesDB/MF360957/MF360957:MF360957_74 (length 47)
GenomesDB/MF360957/MF360957:MF360957_118 (length 38)
GenomesDB/MF360957/MF360957:MF360957_135 (length 48)
GenomesDB/MF360957/MF360957:MF360957_209 (length 31)
GenomesDB/MF360957/MF360957:MF360957_211 (length 44)
GenomesDB/MF360957/MF360957:MF360957_270 (length 48)
GenomesDB/MF360957/MF360957:MF360957_282 (length 48)
GenomesDB/MF360957/MF360957:MF360957_285 (length 45)

DiscRep_ALL:MISSING_GENOMEASSEMBLY_COMMENTS::1 bioseqs are missing GenomeAssembly structured comments
GenomesDB/MF360957/MF360957:MF360957 (length 252197)

DiscRep_ALL:MOLTYPE_NOT_MRNA::1 molecule types are not set as mRNA.
GenomesDB/MF360957/MF360957:MF360957 (length 252197)

DiscRep_ALL:TECHNIQUE_NOT_TSA::1 technique are not set as TSA
GenomesDB/MF360957/MF360957:MF360957 (length 252197)

DiscRep_ALL:MISSING_STRUCTURED_COMMENT::1 sequences do not include structured comments.
GenomesDB/MF360957/MF360957:MF360957 (length 252197)

DiscRep_ALL:MISSING_PROJECT::300 sequences do not include project.
GenomesDB/MF360957/MF360957:MF360957 (length 252197)
GenomesDB/MF360957/MF360957:MF360957_1 (length 152)
GenomesDB/MF360957/MF360957:MF360957_2 (length 213)
GenomesDB/MF360957/MF360957:MF360957_3 (length 531)
GenomesDB/MF360957/MF360957:MF360957_4 (length 323)
GenomesDB/MF360957/MF360957:MF360957_5 (length 62)
GenomesDB/MF360957/MF360957:MF360957_6 (length 237)
GenomesDB/MF360957/MF360957:MF360957_7 (length 201)
GenomesDB/MF360957/MF360957:MF360957_8 (length 404)
GenomesDB/MF360957/MF360957:MF360957_9 (length 256)
GenomesDB/MF360957/MF360957:MF360957_10 (length 236)
GenomesDB/MF360957/MF360957:MF360957_11 (length 248)
GenomesDB/MF360957/MF360957:MF360957_12 (length 987)
GenomesDB/MF360957/MF360957:MF360957_13 (length 265)
GenomesDB/MF360957/MF360957:MF360957_14 (length 731)
GenomesDB/MF360957/MF360957:MF360957_15 (length 238)
GenomesDB/MF360957/MF360957:MF360957_16 (length 78)
GenomesDB/MF360957/MF360957:MF360957_17 (length 197)
GenomesDB/MF360957/MF360957:MF360957_18 (length 554)
GenomesDB/MF360957/MF360957:MF360957_19 (length 84)
GenomesDB/MF360957/MF360957:MF360957_20 (length 126)
GenomesDB/MF360957/MF360957:MF360957_21 (length 84)
GenomesDB/MF360957/MF360957:MF360957_22 (length 156)
GenomesDB/MF360957/MF360957:MF360957_23 (length 166)
GenomesDB/MF360957/MF360957:MF360957_24 (length 911)
GenomesDB/MF360957/MF360957:MF360957_25 (length 139)
GenomesDB/MF360957/MF360957:MF360957_26 (length 47)
GenomesDB/MF360957/MF360957:MF360957_27 (length 228)
GenomesDB/MF360957/MF360957:MF360957_28 (length 257)
GenomesDB/MF360957/MF360957:MF360957_29 (length 59)
GenomesDB/MF360957/MF360957:MF360957_30 (length 54)
GenomesDB/MF360957/MF360957:MF360957_31 (length 494)
GenomesDB/MF360957/MF360957:MF360957_32 (length 302)
GenomesDB/MF360957/MF360957:MF360957_33 (length 390)
GenomesDB/MF360957/MF360957:MF360957_34 (length 87)
GenomesDB/MF360957/MF360957:MF360957_35 (length 153)
GenomesDB/MF360957/MF360957:MF360957_36 (length 73)
GenomesDB/MF360957/MF360957:MF360957_37 (length 241)
GenomesDB/MF360957/MF360957:MF360957_38 (length 641)
GenomesDB/MF360957/MF360957:MF360957_39 (length 99)
GenomesDB/MF360957/MF360957:MF360957_40 (length 631)
GenomesDB/MF360957/MF360957:MF360957_41 (length 196)
GenomesDB/MF360957/MF360957:MF360957_42 (length 477)
GenomesDB/MF360957/MF360957:MF360957_43 (length 296)
GenomesDB/MF360957/MF360957:MF360957_44 (length 185)
GenomesDB/MF360957/MF360957:MF360957_45 (length 56)
GenomesDB/MF360957/MF360957:MF360957_46 (length 95)
GenomesDB/MF360957/MF360957:MF360957_47 (length 341)
GenomesDB/MF360957/MF360957:MF360957_48 (length 112)
GenomesDB/MF360957/MF360957:MF360957_49 (length 152)
GenomesDB/MF360957/MF360957:MF360957_50 (length 198)
GenomesDB/MF360957/MF360957:MF360957_51 (length 395)
GenomesDB/MF360957/MF360957:MF360957_52 (length 269)
GenomesDB/MF360957/MF360957:MF360957_53 (length 71)
GenomesDB/MF360957/MF360957:MF360957_54 (length 109)
GenomesDB/MF360957/MF360957:MF360957_55 (length 307)
GenomesDB/MF360957/MF360957:MF360957_56 (length 116)
GenomesDB/MF360957/MF360957:MF360957_57 (length 119)
GenomesDB/MF360957/MF360957:MF360957_58 (length 96)
GenomesDB/MF360957/MF360957:MF360957_59 (length 50)
GenomesDB/MF360957/MF360957:MF360957_60 (length 154)
GenomesDB/MF360957/MF360957:MF360957_61 (length 137)
GenomesDB/MF360957/MF360957:MF360957_62 (length 177)
GenomesDB/MF360957/MF360957:MF360957_63 (length 42)
GenomesDB/MF360957/MF360957:MF360957_64 (length 164)
GenomesDB/MF360957/MF360957:MF360957_65 (length 102)
GenomesDB/MF360957/MF360957:MF360957_66 (length 57)
GenomesDB/MF360957/MF360957:MF360957_67 (length 50)
GenomesDB/MF360957/MF360957:MF360957_68 (length 268)
GenomesDB/MF360957/MF360957:MF360957_69 (length 74)
GenomesDB/MF360957/MF360957:MF360957_70 (length 102)
GenomesDB/MF360957/MF360957:MF360957_71 (length 122)
GenomesDB/MF360957/MF360957:MF360957_72 (length 64)
GenomesDB/MF360957/MF360957:MF360957_73 (length 171)
GenomesDB/MF360957/MF360957:MF360957_74 (length 47)
GenomesDB/MF360957/MF360957:MF360957_75 (length 584)
GenomesDB/MF360957/MF360957:MF360957_76 (length 348)
GenomesDB/MF360957/MF360957:MF360957_77 (length 225)
GenomesDB/MF360957/MF360957:MF360957_78 (length 932)
GenomesDB/MF360957/MF360957:MF360957_79 (length 86)
GenomesDB/MF360957/MF360957:MF360957_80 (length 193)
GenomesDB/MF360957/MF360957:MF360957_81 (length 653)
GenomesDB/MF360957/MF360957:MF360957_82 (length 125)
GenomesDB/MF360957/MF360957:MF360957_83 (length 390)
GenomesDB/MF360957/MF360957:MF360957_84 (length 590)
GenomesDB/MF360957/MF360957:MF360957_85 (length 292)
GenomesDB/MF360957/MF360957:MF360957_86 (length 159)
GenomesDB/MF360957/MF360957:MF360957_87 (length 117)
GenomesDB/MF360957/MF360957:MF360957_88 (length 255)
GenomesDB/MF360957/MF360957:MF360957_89 (length 165)
GenomesDB/MF360957/MF360957:MF360957_90 (length 316)
GenomesDB/MF360957/MF360957:MF360957_91 (length 118)
GenomesDB/MF360957/MF360957:MF360957_92 (length 133)
GenomesDB/MF360957/MF360957:MF360957_93 (length 1925)
GenomesDB/MF360957/MF360957:MF360957_94 (length 342)
GenomesDB/MF360957/MF360957:MF360957_95 (length 129)
GenomesDB/MF360957/MF360957:MF360957_96 (length 199)
GenomesDB/MF360957/MF360957:MF360957_97 (length 168)
GenomesDB/MF360957/MF360957:MF360957_98 (length 139)
GenomesDB/MF360957/MF360957:MF360957_99 (length 276)
GenomesDB/MF360957/MF360957:MF360957_100 (length 904)
GenomesDB/MF360957/MF360957:MF360957_101 (length 310)
GenomesDB/MF360957/MF360957:MF360957_102 (length 420)
GenomesDB/MF360957/MF360957:MF360957_103 (length 344)
GenomesDB/MF360957/MF360957:MF360957_104 (length 372)
GenomesDB/MF360957/MF360957:MF360957_105 (length 296)
GenomesDB/MF360957/MF360957:MF360957_106 (length 396)
GenomesDB/MF360957/MF360957:MF360957_107 (length 60)
GenomesDB/MF360957/MF360957:MF360957_108 (length 377)
GenomesDB/MF360957/MF360957:MF360957_109 (length 176)
GenomesDB/MF360957/MF360957:MF360957_110 (length 349)
GenomesDB/MF360957/MF360957:MF360957_111 (length 698)
GenomesDB/MF360957/MF360957:MF360957_112 (length 139)
GenomesDB/MF360957/MF360957:MF360957_113 (length 345)
GenomesDB/MF360957/MF360957:MF360957_114 (length 461)
GenomesDB/MF360957/MF360957:MF360957_115 (length 274)
GenomesDB/MF360957/MF360957:MF360957_116 (length 562)
GenomesDB/MF360957/MF360957:MF360957_117 (length 110)
GenomesDB/MF360957/MF360957:MF360957_118 (length 38)
GenomesDB/MF360957/MF360957:MF360957_119 (length 398)
GenomesDB/MF360957/MF360957:MF360957_120 (length 141)
GenomesDB/MF360957/MF360957:MF360957_121 (length 238)
GenomesDB/MF360957/MF360957:MF360957_122 (length 260)
GenomesDB/MF360957/MF360957:MF360957_123 (length 241)
GenomesDB/MF360957/MF360957:MF360957_124 (length 240)
GenomesDB/MF360957/MF360957:MF360957_125 (length 127)
GenomesDB/MF360957/MF360957:MF360957_126 (length 173)
GenomesDB/MF360957/MF360957:MF360957_127 (length 255)
GenomesDB/MF360957/MF360957:MF360957_128 (length 151)
GenomesDB/MF360957/MF360957:MF360957_129 (length 177)
GenomesDB/MF360957/MF360957:MF360957_130 (length 234)
GenomesDB/MF360957/MF360957:MF360957_131 (length 119)
GenomesDB/MF360957/MF360957:MF360957_132 (length 111)
GenomesDB/MF360957/MF360957:MF360957_133 (length 256)
GenomesDB/MF360957/MF360957:MF360957_134 (length 139)
GenomesDB/MF360957/MF360957:MF360957_135 (length 48)
GenomesDB/MF360957/MF360957:MF360957_136 (length 59)
GenomesDB/MF360957/MF360957:MF360957_137 (length 122)
GenomesDB/MF360957/MF360957:MF360957_138 (length 162)
GenomesDB/MF360957/MF360957:MF360957_139 (length 416)
GenomesDB/MF360957/MF360957:MF360957_140 (length 94)
GenomesDB/MF360957/MF360957:MF360957_141 (length 78)
GenomesDB/MF360957/MF360957:MF360957_142 (length 151)
GenomesDB/MF360957/MF360957:MF360957_143 (length 108)
GenomesDB/MF360957/MF360957:MF360957_144 (length 166)
GenomesDB/MF360957/MF360957:MF360957_145 (length 80)
GenomesDB/MF360957/MF360957:MF360957_146 (length 53)
GenomesDB/MF360957/MF360957:MF360957_147 (length 244)
GenomesDB/MF360957/MF360957:MF360957_148 (length 738)
GenomesDB/MF360957/MF360957:MF360957_149 (length 221)
GenomesDB/MF360957/MF360957:MF360957_150 (length 401)
GenomesDB/MF360957/MF360957:MF360957_151 (length 565)
GenomesDB/MF360957/MF360957:MF360957_152 (length 84)
GenomesDB/MF360957/MF360957:MF360957_153 (length 111)
GenomesDB/MF360957/MF360957:MF360957_154 (length 60)
GenomesDB/MF360957/MF360957:MF360957_155 (length 104)
GenomesDB/MF360957/MF360957:MF360957_156 (length 113)
GenomesDB/MF360957/MF360957:MF360957_157 (length 184)
GenomesDB/MF360957/MF360957:MF360957_158 (length 382)
GenomesDB/MF360957/MF360957:MF360957_159 (length 404)
GenomesDB/MF360957/MF360957:MF360957_160 (length 179)
GenomesDB/MF360957/MF360957:MF360957_161 (length 164)
GenomesDB/MF360957/MF360957:MF360957_162 (length 1438)
GenomesDB/MF360957/MF360957:MF360957_163 (length 599)
GenomesDB/MF360957/MF360957:MF360957_164 (length 195)
GenomesDB/MF360957/MF360957:MF360957_165 (length 943)
GenomesDB/MF360957/MF360957:MF360957_166 (length 777)
GenomesDB/MF360957/MF360957:MF360957_167 (length 850)
GenomesDB/MF360957/MF360957:MF360957_168 (length 310)
GenomesDB/MF360957/MF360957:MF360957_169 (length 125)
GenomesDB/MF360957/MF360957:MF360957_170 (length 61)
GenomesDB/MF360957/MF360957:MF360957_171 (length 146)
GenomesDB/MF360957/MF360957:MF360957_172 (length 133)
GenomesDB/MF360957/MF360957:MF360957_173 (length 131)
GenomesDB/MF360957/MF360957:MF360957_174 (length 205)
GenomesDB/MF360957/MF360957:MF360957_175 (length 249)
GenomesDB/MF360957/MF360957:MF360957_176 (length 110)
GenomesDB/MF360957/MF360957:MF360957_177 (length 186)
GenomesDB/MF360957/MF360957:MF360957_178 (length 64)
GenomesDB/MF360957/MF360957:MF360957_179 (length 235)
GenomesDB/MF360957/MF360957:MF360957_180 (length 67)
GenomesDB/MF360957/MF360957:MF360957_181 (length 370)
GenomesDB/MF360957/MF360957:MF360957_182 (length 159)
GenomesDB/MF360957/MF360957:MF360957_183 (length 182)
GenomesDB/MF360957/MF360957:MF360957_184 (length 230)
GenomesDB/MF360957/MF360957:MF360957_185 (length 89)
GenomesDB/MF360957/MF360957:MF360957_186 (length 561)
GenomesDB/MF360957/MF360957:MF360957_187 (length 80)
GenomesDB/MF360957/MF360957:MF360957_188 (length 163)
GenomesDB/MF360957/MF360957:MF360957_189 (length 848)
GenomesDB/MF360957/MF360957:MF360957_190 (length 190)
GenomesDB/MF360957/MF360957:MF360957_191 (length 651)
GenomesDB/MF360957/MF360957:MF360957_192 (length 211)
GenomesDB/MF360957/MF360957:MF360957_193 (length 54)
GenomesDB/MF360957/MF360957:MF360957_194 (length 149)
GenomesDB/MF360957/MF360957:MF360957_195 (length 405)
GenomesDB/MF360957/MF360957:MF360957_196 (length 244)
GenomesDB/MF360957/MF360957:MF360957_197 (length 107)
GenomesDB/MF360957/MF360957:MF360957_198 (length 72)
GenomesDB/MF360957/MF360957:MF360957_199 (length 214)
GenomesDB/MF360957/MF360957:MF360957_200 (length 53)
GenomesDB/MF360957/MF360957:MF360957_201 (length 240)
GenomesDB/MF360957/MF360957:MF360957_202 (length 87)
GenomesDB/MF360957/MF360957:MF360957_203 (length 767)
GenomesDB/MF360957/MF360957:MF360957_204 (length 265)
GenomesDB/MF360957/MF360957:MF360957_205 (length 120)
GenomesDB/MF360957/MF360957:MF360957_206 (length 264)
GenomesDB/MF360957/MF360957:MF360957_207 (length 405)
GenomesDB/MF360957/MF360957:MF360957_208 (length 471)
GenomesDB/MF360957/MF360957:MF360957_209 (length 31)
GenomesDB/MF360957/MF360957:MF360957_210 (length 232)
GenomesDB/MF360957/MF360957:MF360957_211 (length 44)
GenomesDB/MF360957/MF360957:MF360957_212 (length 387)
GenomesDB/MF360957/MF360957:MF360957_213 (length 148)
GenomesDB/MF360957/MF360957:MF360957_214 (length 56)
GenomesDB/MF360957/MF360957:MF360957_215 (length 410)
GenomesDB/MF360957/MF360957:MF360957_216 (length 411)
GenomesDB/MF360957/MF360957:MF360957_217 (length 381)
GenomesDB/MF360957/MF360957:MF360957_218 (length 149)
GenomesDB/MF360957/MF360957:MF360957_219 (length 136)
GenomesDB/MF360957/MF360957:MF360957_220 (length 171)
GenomesDB/MF360957/MF360957:MF360957_221 (length 301)
GenomesDB/MF360957/MF360957:MF360957_222 (length 300)
GenomesDB/MF360957/MF360957:MF360957_223 (length 148)
GenomesDB/MF360957/MF360957:MF360957_224 (length 72)
GenomesDB/MF360957/MF360957:MF360957_225 (length 700)
GenomesDB/MF360957/MF360957:MF360957_226 (length 153)
GenomesDB/MF360957/MF360957:MF360957_227 (length 63)
GenomesDB/MF360957/MF360957:MF360957_228 (length 62)
GenomesDB/MF360957/MF360957:MF360957_229 (length 123)
GenomesDB/MF360957/MF360957:MF360957_230 (length 124)
GenomesDB/MF360957/MF360957:MF360957_231 (length 421)
GenomesDB/MF360957/MF360957:MF360957_232 (length 387)
GenomesDB/MF360957/MF360957:MF360957_233 (length 113)
GenomesDB/MF360957/MF360957:MF360957_234 (length 233)
GenomesDB/MF360957/MF360957:MF360957_235 (length 230)
GenomesDB/MF360957/MF360957:MF360957_236 (length 228)
GenomesDB/MF360957/MF360957:MF360957_237 (length 347)
GenomesDB/MF360957/MF360957:MF360957_238 (length 859)
GenomesDB/MF360957/MF360957:MF360957_239 (length 91)
GenomesDB/MF360957/MF360957:MF360957_240 (length 199)
GenomesDB/MF360957/MF360957:MF360957_241 (length 89)
GenomesDB/MF360957/MF360957:MF360957_242 (length 336)
GenomesDB/MF360957/MF360957:MF360957_243 (length 207)
GenomesDB/MF360957/MF360957:MF360957_244 (length 116)
GenomesDB/MF360957/MF360957:MF360957_245 (length 230)
GenomesDB/MF360957/MF360957:MF360957_246 (length 69)
GenomesDB/MF360957/MF360957:MF360957_247 (length 208)
GenomesDB/MF360957/MF360957:MF360957_248 (length 749)
GenomesDB/MF360957/MF360957:MF360957_249 (length 249)
GenomesDB/MF360957/MF360957:MF360957_250 (length 263)
GenomesDB/MF360957/MF360957:MF360957_251 (length 71)
GenomesDB/MF360957/MF360957:MF360957_252 (length 66)
GenomesDB/MF360957/MF360957:MF360957_253 (length 186)
GenomesDB/MF360957/MF360957:MF360957_254 (length 442)
GenomesDB/MF360957/MF360957:MF360957_255 (length 144)
GenomesDB/MF360957/MF360957:MF360957_256 (length 140)
GenomesDB/MF360957/MF360957:MF360957_257 (length 423)
GenomesDB/MF360957/MF360957:MF360957_258 (length 317)
GenomesDB/MF360957/MF360957:MF360957_259 (length 343)
GenomesDB/MF360957/MF360957:MF360957_260 (length 77)
GenomesDB/MF360957/MF360957:MF360957_261 (length 334)
GenomesDB/MF360957/MF360957:MF360957_262 (length 316)
GenomesDB/MF360957/MF360957:MF360957_263 (length 133)
GenomesDB/MF360957/MF360957:MF360957_264 (length 548)
GenomesDB/MF360957/MF360957:MF360957_265 (length 110)
GenomesDB/MF360957/MF360957:MF360957_266 (length 152)
GenomesDB/MF360957/MF360957:MF360957_267 (length 85)
GenomesDB/MF360957/MF360957:MF360957_268 (length 421)
GenomesDB/MF360957/MF360957:MF360957_269 (length 130)
GenomesDB/MF360957/MF360957:MF360957_270 (length 48)
GenomesDB/MF360957/MF360957:MF360957_271 (length 150)
GenomesDB/MF360957/MF360957:MF360957_272 (length 665)
GenomesDB/MF360957/MF360957:MF360957_273 (length 61)
GenomesDB/MF360957/MF360957:MF360957_274 (length 135)
GenomesDB/MF360957/MF360957:MF360957_275 (length 175)
GenomesDB/MF360957/MF360957:MF360957_276 (length 54)
GenomesDB/MF360957/MF360957:MF360957_277 (length 78)
GenomesDB/MF360957/MF360957:MF360957_278 (length 93)
GenomesDB/MF360957/MF360957:MF360957_279 (length 681)
GenomesDB/MF360957/MF360957:MF360957_280 (length 268)
GenomesDB/MF360957/MF360957:MF360957_281 (length 67)
GenomesDB/MF360957/MF360957:MF360957_282 (length 48)
GenomesDB/MF360957/MF360957:MF360957_283 (length 178)
GenomesDB/MF360957/MF360957:MF360957_284 (length 267)
GenomesDB/MF360957/MF360957:MF360957_285 (length 45)
GenomesDB/MF360957/MF360957:MF360957_286 (length 81)
GenomesDB/MF360957/MF360957:MF360957_287 (length 98)
GenomesDB/MF360957/MF360957:MF360957_288 (length 84)
GenomesDB/MF360957/MF360957:MF360957_289 (length 496)
GenomesDB/MF360957/MF360957:MF360957_290 (length 72)
GenomesDB/MF360957/MF360957:MF360957_291 (length 131)
GenomesDB/MF360957/MF360957:MF360957_292 (length 114)
GenomesDB/MF360957/MF360957:MF360957_293 (length 108)
GenomesDB/MF360957/MF360957:MF360957_294 (length 236)
GenomesDB/MF360957/MF360957:MF360957_295 (length 98)
GenomesDB/MF360957/MF360957:MF360957_296 (length 230)
GenomesDB/MF360957/MF360957:MF360957_297 (length 65)
GenomesDB/MF360957/MF360957:MF360957_298 (length 186)
GenomesDB/MF360957/MF360957:MF360957_299 (length 90)

DiscRep_ALL:DISC_INCONSISTENT_MOLINFO_TECH::Molinfo Technique Report (some missing, all same)
DiscRep_SUB:DISC_INCONSISTENT_MOLINFO_TECH::technique (all missing)
DiscRep_SUB:DISC_INCONSISTENT_MOLINFO_TECH::1 Molinfos are missing field technique
GenomesDB/MF360957/MF360957:MF360957 (length 252197)

