16:39:29.463 - INFO - UTILS - version=1.9.1
16:39:29.464 - INFO - UTILS - developer: Oliver Schwengers, github.com/oschwengers
16:39:29.464 - INFO - UTILS - command: /n/home07/lmerk/.conda/envs/bakta/bin/bakta --force --db /n/eddy_lab/users/lmerk/databases/full/db -o ../data/bakta_output/LC680884 ../data/genomes/groupII_millard/LC680884/LC680884.fna
16:39:29.464 - INFO - UTILS - local time: 2024-03-13 16:39:29
16:39:29.470 - INFO - UTILS - machine: type=x86_64, cores=64
16:39:29.470 - INFO - UTILS - system: type=Linux, release=4.18.0-425.10.1.el8_7.x86_64
16:39:29.471 - INFO - UTILS - python: version=3.10.13, implementation=CPython
16:39:29.471 - INFO - CONFIG - threads=64
16:39:29.471 - INFO - CONFIG - verbose=False
16:39:29.471 - INFO - CONFIG - debug=False
16:39:29.476 - INFO - CONFIG - database: type=parameter, path=/net/holy-nfsisilon/ifs/rc_labs/eddy_lab/users/lmerk/databases/full/db
16:39:29.477 - INFO - CONFIG - tmp-path=/tmp/tmpv14ws4vk
16:39:29.484 - INFO - CONFIG - genome-path=/net/holy-nfsisilon/ifs/rc_labs/eddy_lab/users/lmerk/phage_groupII/data/genomes/groupII_millard/LC680884/LC680884.fna
16:39:29.484 - INFO - CONFIG - min_contig_length=1
16:39:29.485 - INFO - CONFIG - prefix=LC680884
16:39:29.485 - INFO - CONFIG - output-path=/net/holy-nfsisilon/ifs/rc_labs/eddy_lab/users/lmerk/phage_groupII/data/bakta_output/LC680884
16:39:29.485 - INFO - CONFIG - force=True
16:39:29.485 - INFO - CONFIG - genus=None
16:39:29.485 - INFO - CONFIG - species=None
16:39:29.485 - INFO - CONFIG - strain=None
16:39:29.485 - INFO - CONFIG - plasmid=None
16:39:29.485 - INFO - CONFIG - complete=False
16:39:29.485 - INFO - CONFIG - prodigal_tf=None
16:39:29.485 - INFO - CONFIG - translation_table=11
16:39:29.485 - INFO - CONFIG - gram=?
16:39:29.485 - INFO - CONFIG - compliant=False
16:39:29.486 - INFO - CONFIG - meta=False
16:39:29.486 - INFO - CONFIG - locus=None
16:39:29.486 - INFO - CONFIG - locus-tag=None
16:39:29.486 - INFO - CONFIG - keep_contig_headers=False
16:39:29.486 - INFO - CONFIG - replicon-table=None
16:39:29.486 - INFO - CONFIG - regions=None
16:39:29.486 - INFO - CONFIG - skip-tRNA=False
16:39:29.486 - INFO - CONFIG - skip-tmRNA=False
16:39:29.486 - INFO - CONFIG - skip-rRNA=False
16:39:29.486 - INFO - CONFIG - skip-ncRNA=False
16:39:29.486 - INFO - CONFIG - skip-ncRNA-region=False
16:39:29.486 - INFO - CONFIG - skip-CRISPR=False
16:39:29.486 - INFO - CONFIG - skip-CDS=False
16:39:29.486 - INFO - CONFIG - skip-pseudo=False
16:39:29.486 - INFO - CONFIG - skip-sORF=False
16:39:29.486 - INFO - CONFIG - skip-gap=False
16:39:29.487 - INFO - CONFIG - skip-ori=False
16:39:29.487 - INFO - CONFIG - skip-plot=False
16:39:29.489 - INFO - DB - detected: major=5, minor=0, type=full, date=2023-02-20
16:39:30.124 - INFO - UTILS - dependency: tool=tRNAscan-SE, version=v2.0.12, path=/n/home07/lmerk/.conda/envs/bakta/bin/tRNAscan-SE
16:39:30.131 - INFO - UTILS - dependency: tool=Aragorn, version=v1.2.41, path=/n/home07/lmerk/.conda/envs/bakta/bin/aragorn
16:39:30.147 - INFO - UTILS - dependency: tool=CMscan, version=v1.1.4, path=/n/home07/lmerk/goodies/bin/cmscan
16:39:30.164 - INFO - UTILS - dependency: tool=PilerCR, version=v1.6.0, path=/n/home07/lmerk/.conda/envs/bakta/bin/pilercr
16:39:31.426 - INFO - UTILS - dependency: tool=Pyrodigal, version=v3.2.1, path=/n/home07/lmerk/.conda/envs/bakta/bin/pyrodigal
16:39:31.442 - INFO - UTILS - dependency: tool=AMRFinderPlus, version=v3.11.26, path=/n/home07/lmerk/.conda/envs/bakta/bin/amrfinder
16:39:31.980 - INFO - UTILS - dependency: tool=Pyhmmer, version=v0.10.4, path=/n/home07/lmerk/.conda/envs/bakta/bin/python
16:39:32.002 - INFO - UTILS - dependency: tool=Diamond, version=v2.1.8, path=/n/home07/lmerk/.conda/envs/bakta/bin/diamond
16:39:32.381 - INFO - UTILS - dependency: tool=Blastn, version=v2.15.0, path=/n/home07/lmerk/.conda/envs/bakta/bin/blastn
16:39:34.731 - INFO - UTILS - dependency: tool=Circos, version=v0.69.8, path=/n/home07/lmerk/.conda/envs/bakta/bin/circos
16:39:34.877 - INFO - FASTA - imported: id=LC680884, length=252136, description=, genomic=True, dna=True
16:39:34.877 - INFO - MAIN - imported sequences=1
16:39:34.877 - INFO - UTILS - qc: revised sequence: id=contig_1, orig-id=LC680884, type=contig, complete=False, topology=linear, name=, description='[gcode=11] [topology=linear]', orig-description=''
16:39:34.878 - INFO - FASTA - write genome sequences: path=/tmp/tmpv14ws4vk/contigs.fna, description=False, wrap=False
16:39:37.708 - INFO - T_RNA - contig=contig_1, start=243872, stop=243945, strand=-, gene=trnN, product=tRNA-Asn(gtt), score=60.4, nt=[TGGGATATAG..ACTATCCCAG]
16:39:37.709 - INFO - T_RNA - predicted=1
16:39:37.786 - INFO - TM_RNA - predicted=0
16:39:38.077 - INFO - R_RNA - predicted=0
16:39:39.716 - INFO - NC_RNA - predicted=0
16:39:40.513 - INFO - NC_RNA_REGION - predicted=0
16:39:40.640 - INFO - CRISPR - predicted=0
16:39:40.640 - INFO - CDS - create prodigal training info object: meta=False, closed=True
16:39:40.757 - INFO - CDS - contig=contig_1, start=31, stop=456, strand=+, frame=1, truncated=no, start-type=GTG, RBS-motif=AGGAG(G)/GGAGG
16:39:40.758 - INFO - CDS - contig=contig_1, start=471, stop=1667, strand=+, frame=3, truncated=no, start-type=ATG, RBS-motif=GGAGG
16:39:40.758 - INFO - CDS - contig=contig_1, start=1778, stop=1894, strand=+, frame=2, truncated=no, start-type=ATG, RBS-motif=GGA/GAG/AGG
16:39:40.758 - INFO - CDS - contig=contig_1, start=1947, stop=2279, strand=+, frame=3, truncated=no, start-type=ATG, RBS-motif=GGAG/GAGG
16:39:40.758 - INFO - CDS - contig=contig_1, start=2321, stop=4009, strand=+, frame=2, truncated=no, start-type=ATG, RBS-motif=GGAGG
16:39:40.758 - INFO - CDS - contig=contig_1, start=4081, stop=4905, strand=+, frame=1, truncated=no, start-type=GTG, RBS-motif=GGAGG
16:39:40.758 - INFO - CDS - contig=contig_1, start=4976, stop=6361, strand=+, frame=2, truncated=no, start-type=TTG, RBS-motif=GGAGG
16:39:40.758 - INFO - CDS - contig=contig_1, start=6475, stop=7512, strand=+, frame=1, truncated=no, start-type=ATG, RBS-motif=AGxAGG/AGGxGG
16:39:40.759 - INFO - CDS - contig=contig_1, start=7526, stop=7945, strand=+, frame=2, truncated=no, start-type=ATG, RBS-motif=GGAGG
16:39:40.759 - INFO - CDS - contig=contig_1, start=7908, stop=10004, strand=+, frame=3, truncated=no, start-type=ATG, RBS-motif=AGGAG/GGAGG
16:39:40.759 - INFO - CDS - contig=contig_1, start=10031, stop=11080, strand=+, frame=2, truncated=no, start-type=ATG, RBS-motif=GGAG/GAGG
16:39:40.759 - INFO - CDS - contig=contig_1, start=11173, stop=11703, strand=+, frame=1, truncated=no, start-type=ATG, RBS-motif=GGAGG
16:39:40.759 - INFO - CDS - contig=contig_1, start=11706, stop=12839, strand=+, frame=3, truncated=no, start-type=ATG, RBS-motif=AGGAG
16:39:40.759 - INFO - CDS - contig=contig_1, start=12832, stop=13014, strand=+, frame=1, truncated=no, start-type=ATG, RBS-motif=GGA/GAG/AGG
16:39:40.759 - INFO - CDS - contig=contig_1, start=13053, stop=14243, strand=+, frame=3, truncated=no, start-type=ATG, RBS-motif=GGAGG
16:39:40.760 - INFO - CDS - contig=contig_1, start=14249, stop=15139, strand=-, frame=1, truncated=no, start-type=ATG, RBS-motif=AGxAGG/AGGxGG
16:39:40.760 - INFO - CDS - contig=contig_1, start=15207, stop=16325, strand=-, frame=3, truncated=no, start-type=ATG, RBS-motif=GGAG/GAGG
16:39:40.760 - INFO - CDS - contig=contig_1, start=16399, stop=17433, strand=-, frame=2, truncated=no, start-type=ATG, RBS-motif=GGAG/GAGG
16:39:40.760 - INFO - CDS - contig=contig_1, start=17449, stop=18711, strand=-, frame=2, truncated=no, start-type=ATG, RBS-motif=GGA/GAG/AGG
16:39:40.760 - INFO - CDS - contig=contig_1, start=19135, stop=20067, strand=+, frame=1, truncated=no, start-type=ATG, RBS-motif=GGAGG
16:39:40.760 - INFO - CDS - contig=contig_1, start=20079, stop=22793, strand=+, frame=3, truncated=no, start-type=ATG, RBS-motif=GGAGG
16:39:40.761 - INFO - CDS - contig=contig_1, start=22810, stop=23640, strand=+, frame=1, truncated=no, start-type=ATG, RBS-motif=GGAG/GAGG
16:39:40.761 - INFO - CDS - contig=contig_1, start=23686, stop=24105, strand=-, frame=2, truncated=no, start-type=ATG, RBS-motif=AGxAGG/AGGxGG
16:39:40.761 - INFO - CDS - contig=contig_1, start=24133, stop=24639, strand=-, frame=2, truncated=no, start-type=ATG, RBS-motif=GGAGG
16:39:40.761 - INFO - CDS - contig=contig_1, start=24618, stop=25217, strand=-, frame=3, truncated=no, start-type=TTG, RBS-motif=GGAGG
16:39:40.761 - INFO - CDS - contig=contig_1, start=25335, stop=25724, strand=-, frame=3, truncated=no, start-type=ATG, RBS-motif=GGA/GAG/AGG
16:39:40.761 - INFO - CDS - contig=contig_1, start=26642, stop=27670, strand=-, frame=1, truncated=no, start-type=ATG, RBS-motif=GGAG/GAGG
16:39:40.762 - INFO - CDS - contig=contig_1, start=27688, stop=33465, strand=-, frame=2, truncated=no, start-type=ATG, RBS-motif=AGxAGG/AGGxGG
16:39:40.762 - INFO - CDS - contig=contig_1, start=33648, stop=34049, strand=-, frame=3, truncated=no, start-type=ATG, RBS-motif=AGxAGG/AGGxGG
16:39:40.762 - INFO - CDS - contig=contig_1, start=34077, stop=34433, strand=-, frame=3, truncated=no, start-type=ATG, RBS-motif=GGAG/GAGG
16:39:40.762 - INFO - CDS - contig=contig_1, start=34460, stop=35410, strand=-, frame=1, truncated=no, start-type=ATG, RBS-motif=GGAGG
16:39:40.762 - INFO - CDS - contig=contig_1, start=35466, stop=35963, strand=-, frame=3, truncated=no, start-type=ATG, RBS-motif=GGA/GAG/AGG
16:39:40.762 - INFO - CDS - contig=contig_1, start=36068, stop=36835, strand=-, frame=1, truncated=no, start-type=ATG, RBS-motif=GGAGG
16:39:40.762 - INFO - CDS - contig=contig_1, start=37065, stop=37418, strand=+, frame=3, truncated=no, start-type=GTG, RBS-motif=GGA/GAG/AGG
16:39:40.762 - INFO - CDS - contig=contig_1, start=37464, stop=37943, strand=+, frame=3, truncated=no, start-type=TTG, RBS-motif=GGAGG
16:39:40.762 - INFO - CDS - contig=contig_1, start=37984, stop=38862, strand=+, frame=1, truncated=no, start-type=ATG, RBS-motif=AGGA
16:39:40.763 - INFO - CDS - contig=contig_1, start=38967, stop=40739, strand=+, frame=3, truncated=no, start-type=TTG, RBS-motif=GGxGG
16:39:40.763 - INFO - CDS - contig=contig_1, start=40805, stop=41977, strand=+, frame=2, truncated=no, start-type=ATG, RBS-motif=AGGAGG
16:39:40.763 - INFO - CDS - contig=contig_1, start=42075, stop=42452, strand=+, frame=3, truncated=no, start-type=TTG, RBS-motif=GGAGG
16:39:40.763 - INFO - CDS - contig=contig_1, start=42464, stop=44425, strand=+, frame=2, truncated=no, start-type=ATG, RBS-motif=GGAGG
16:39:40.763 - INFO - CDS - contig=contig_1, start=44431, stop=45012, strand=+, frame=1, truncated=no, start-type=GTG, RBS-motif=GGAG/GAGG
16:39:40.763 - INFO - CDS - contig=contig_1, start=45024, stop=45284, strand=+, frame=3, truncated=no, start-type=ATG, RBS-motif=GGA/GAG/AGG
16:39:40.764 - INFO - CDS - contig=contig_1, start=45376, stop=48174, strand=+, frame=1, truncated=no, start-type=TTG, RBS-motif=AGGA/GGAG/GAGG
16:39:40.764 - INFO - CDS - contig=contig_1, start=49126, stop=49803, strand=+, frame=1, truncated=no, start-type=ATG, RBS-motif=AGGAG
16:39:40.764 - INFO - CDS - contig=contig_1, start=50654, stop=51700, strand=+, frame=2, truncated=no, start-type=GTG, RBS-motif=None
16:39:40.764 - INFO - CDS - contig=contig_1, start=51779, stop=53533, strand=+, frame=2, truncated=no, start-type=TTG, RBS-motif=AGGA
16:39:40.764 - INFO - CDS - contig=contig_1, start=53551, stop=53694, strand=-, frame=2, truncated=no, start-type=ATG, RBS-motif=GGAGG
16:39:40.764 - INFO - CDS - contig=contig_1, start=53707, stop=54222, strand=-, frame=2, truncated=no, start-type=ATG, RBS-motif=GGAGG
16:39:40.764 - INFO - CDS - contig=contig_1, start=54222, stop=54416, strand=-, frame=3, truncated=no, start-type=ATG, RBS-motif=GGAG/GAGG
16:39:40.764 - INFO - CDS - contig=contig_1, start=54419, stop=54787, strand=-, frame=1, truncated=no, start-type=ATG, RBS-motif=GGAGG
16:39:40.765 - INFO - CDS - contig=contig_1, start=54790, stop=55098, strand=-, frame=2, truncated=no, start-type=ATG, RBS-motif=AGGA
16:39:40.765 - INFO - CDS - contig=contig_1, start=55110, stop=55334, strand=-, frame=3, truncated=no, start-type=ATG, RBS-motif=GGAGG
16:39:40.765 - INFO - CDS - contig=contig_1, start=55402, stop=56208, strand=-, frame=2, truncated=no, start-type=ATG, RBS-motif=GGA/GAG/AGG
16:39:40.765 - INFO - CDS - contig=contig_1, start=56192, stop=56344, strand=-, frame=1, truncated=no, start-type=TTG, RBS-motif=GGAGG
16:39:40.765 - INFO - CDS - contig=contig_1, start=56422, stop=56595, strand=-, frame=2, truncated=no, start-type=ATG, RBS-motif=AGGAG
16:39:40.765 - INFO - CDS - contig=contig_1, start=56606, stop=56914, strand=-, frame=1, truncated=no, start-type=ATG, RBS-motif=AGGA
16:39:40.765 - INFO - CDS - contig=contig_1, start=56886, stop=57380, strand=-, frame=3, truncated=no, start-type=ATG, RBS-motif=GGAGG
16:39:40.765 - INFO - CDS - contig=contig_1, start=57377, stop=57505, strand=-, frame=1, truncated=no, start-type=ATG, RBS-motif=GGAG/GAGG
16:39:40.765 - INFO - CDS - contig=contig_1, start=57505, stop=58038, strand=-, frame=2, truncated=no, start-type=ATG, RBS-motif=AGGA/GGAG/GAGG
16:39:40.766 - INFO - CDS - contig=contig_1, start=58058, stop=58471, strand=-, frame=1, truncated=no, start-type=ATG, RBS-motif=GGAG/GAGG
16:39:40.766 - INFO - CDS - contig=contig_1, start=58698, stop=59162, strand=-, frame=3, truncated=no, start-type=ATG, RBS-motif=GGAGG
16:39:40.766 - INFO - CDS - contig=contig_1, start=59155, stop=59307, strand=-, frame=2, truncated=no, start-type=ATG, RBS-motif=AGGAG
16:39:40.766 - INFO - CDS - contig=contig_1, start=59367, stop=59657, strand=-, frame=3, truncated=no, start-type=ATG, RBS-motif=AGGAG
16:39:40.766 - INFO - CDS - contig=contig_1, start=59671, stop=60030, strand=-, frame=2, truncated=no, start-type=ATG, RBS-motif=GGA/GAG/AGG
16:39:40.766 - INFO - CDS - contig=contig_1, start=60032, stop=60382, strand=-, frame=1, truncated=no, start-type=ATG, RBS-motif=AGxAGG/AGGxGG
16:39:40.766 - INFO - CDS - contig=contig_1, start=60457, stop=61380, strand=-, frame=2, truncated=no, start-type=ATG, RBS-motif=AGGAG
16:39:40.766 - INFO - CDS - contig=contig_1, start=61535, stop=61864, strand=+, frame=2, truncated=no, start-type=ATG, RBS-motif=AGGA/GGAG/GAGG
16:39:40.766 - INFO - CDS - contig=contig_1, start=61892, stop=62107, strand=-, frame=1, truncated=no, start-type=ATG, RBS-motif=GGAG/GAGG
16:39:40.767 - INFO - CDS - contig=contig_1, start=62126, stop=62935, strand=-, frame=1, truncated=no, start-type=ATG, RBS-motif=AGGAGG
16:39:40.767 - INFO - CDS - contig=contig_1, start=63073, stop=64260, strand=+, frame=1, truncated=no, start-type=ATG, RBS-motif=GGAGG
16:39:40.767 - INFO - CDS - contig=contig_1, start=64301, stop=64897, strand=+, frame=2, truncated=no, start-type=ATG, RBS-motif=AGGAG
16:39:40.767 - INFO - CDS - contig=contig_1, start=64913, stop=65371, strand=+, frame=2, truncated=no, start-type=ATG, RBS-motif=GGAGG
16:39:40.767 - INFO - CDS - contig=contig_1, start=65414, stop=65752, strand=-, frame=1, truncated=no, start-type=ATG, RBS-motif=3Base/5BMM
16:39:40.767 - INFO - CDS - contig=contig_1, start=65782, stop=66807, strand=-, frame=2, truncated=no, start-type=ATG, RBS-motif=GGxGG
16:39:40.767 - INFO - CDS - contig=contig_1, start=66891, stop=67178, strand=-, frame=3, truncated=no, start-type=ATG, RBS-motif=None
16:39:40.767 - INFO - CDS - contig=contig_1, start=67175, stop=67345, strand=-, frame=1, truncated=no, start-type=ATG, RBS-motif=GGAGG
16:39:40.767 - INFO - CDS - contig=contig_1, start=67389, stop=67946, strand=-, frame=3, truncated=no, start-type=ATG, RBS-motif=4Base/6BMM
16:39:40.768 - INFO - CDS - contig=contig_1, start=67936, stop=68826, strand=-, frame=2, truncated=no, start-type=ATG, RBS-motif=AGxAGG/AGGxGG
16:39:40.768 - INFO - CDS - contig=contig_1, start=68915, stop=70348, strand=-, frame=1, truncated=no, start-type=ATG, RBS-motif=AGGAG
16:39:40.768 - INFO - CDS - contig=contig_1, start=70365, stop=70955, strand=-, frame=3, truncated=no, start-type=ATG, RBS-motif=GGAG/GAGG
16:39:40.768 - INFO - CDS - contig=contig_1, start=71078, stop=72973, strand=-, frame=1, truncated=no, start-type=TTG, RBS-motif=GGAGG
16:39:40.768 - INFO - CDS - contig=contig_1, start=73219, stop=73518, strand=-, frame=2, truncated=no, start-type=ATG, RBS-motif=AGGA/GGAG/GAGG
16:39:40.768 - INFO - CDS - contig=contig_1, start=73706, stop=75631, strand=+, frame=2, truncated=no, start-type=TTG, RBS-motif=GGAGG
16:39:40.768 - INFO - CDS - contig=contig_1, start=75711, stop=76436, strand=+, frame=3, truncated=no, start-type=ATG, RBS-motif=GGAG/GAGG
16:39:40.768 - INFO - CDS - contig=contig_1, start=76501, stop=76722, strand=+, frame=1, truncated=no, start-type=ATG, RBS-motif=AGGAG
16:39:40.768 - INFO - CDS - contig=contig_1, start=76773, stop=77234, strand=+, frame=3, truncated=no, start-type=ATG, RBS-motif=GGA/GAG/AGG
16:39:40.769 - INFO - CDS - contig=contig_1, start=77263, stop=77526, strand=+, frame=1, truncated=no, start-type=ATG, RBS-motif=AGGA
16:39:40.769 - INFO - CDS - contig=contig_1, start=77615, stop=78787, strand=+, frame=2, truncated=no, start-type=ATG, RBS-motif=GGAGG
16:39:40.769 - INFO - CDS - contig=contig_1, start=79336, stop=80244, strand=+, frame=1, truncated=no, start-type=ATG, RBS-motif=GGAG/GAGG
16:39:40.769 - INFO - CDS - contig=contig_1, start=80597, stop=82081, strand=+, frame=2, truncated=no, start-type=ATG, RBS-motif=GGAGG
16:39:40.769 - INFO - CDS - contig=contig_1, start=82404, stop=82568, strand=+, frame=3, truncated=no, start-type=TTG, RBS-motif=GGA/GAG/AGG
16:39:40.769 - INFO - CDS - contig=contig_1, start=82580, stop=82759, strand=+, frame=2, truncated=no, start-type=ATG, RBS-motif=GGAGG
16:39:40.769 - INFO - CDS - contig=contig_1, start=82804, stop=83577, strand=-, frame=2, truncated=no, start-type=TTG, RBS-motif=GGAGG
16:39:40.769 - INFO - CDS - contig=contig_1, start=84051, stop=84737, strand=+, frame=3, truncated=no, start-type=ATG, RBS-motif=AGGAG
16:39:40.769 - INFO - CDS - contig=contig_1, start=84922, stop=85065, strand=+, frame=1, truncated=no, start-type=ATG, RBS-motif=GGAG/GAGG
16:39:40.769 - INFO - CDS - contig=contig_1, start=85144, stop=85563, strand=+, frame=1, truncated=no, start-type=ATG, RBS-motif=AGxAGG/AGGxGG
16:39:40.769 - INFO - CDS - contig=contig_1, start=85587, stop=88322, strand=+, frame=3, truncated=no, start-type=ATG, RBS-motif=GGAG/GAGG
16:39:40.770 - INFO - CDS - contig=contig_1, start=88335, stop=88835, strand=+, frame=3, truncated=no, start-type=TTG, RBS-motif=AGxAGG/AGGxGG
16:39:40.770 - INFO - CDS - contig=contig_1, start=88828, stop=89298, strand=+, frame=1, truncated=no, start-type=ATG, RBS-motif=AGxAGG/AGGxGG
16:39:40.770 - INFO - CDS - contig=contig_1, start=89517, stop=89771, strand=+, frame=3, truncated=no, start-type=ATG, RBS-motif=AGGAG
16:39:40.770 - INFO - CDS - contig=contig_1, start=89776, stop=90156, strand=+, frame=1, truncated=no, start-type=ATG, RBS-motif=GGAGG
16:39:40.770 - INFO - CDS - contig=contig_1, start=90184, stop=90438, strand=+, frame=1, truncated=no, start-type=ATG, RBS-motif=AGGA
16:39:40.770 - INFO - CDS - contig=contig_1, start=90599, stop=92263, strand=+, frame=2, truncated=no, start-type=ATG, RBS-motif=GGAGG
16:39:40.770 - INFO - CDS - contig=contig_1, start=92277, stop=92870, strand=+, frame=3, truncated=no, start-type=ATG, RBS-motif=GGAG/GAGG
16:39:40.770 - INFO - CDS - contig=contig_1, start=92884, stop=93120, strand=+, frame=1, truncated=no, start-type=TTG, RBS-motif=GGA/GAG/AGG
16:39:40.770 - INFO - CDS - contig=contig_1, start=93228, stop=93944, strand=+, frame=3, truncated=no, start-type=ATG, RBS-motif=AGGAG
16:39:40.770 - INFO - CDS - contig=contig_1, start=94031, stop=96226, strand=+, frame=2, truncated=no, start-type=ATG, RBS-motif=GGA/GAG/AGG
16:39:40.770 - INFO - CDS - contig=contig_1, start=96278, stop=97075, strand=-, frame=1, truncated=no, start-type=ATG, RBS-motif=GGA/GAG/AGG
16:39:40.771 - INFO - CDS - contig=contig_1, start=97185, stop=100148, strand=-, frame=3, truncated=no, start-type=ATG, RBS-motif=AGGAG
16:39:40.771 - INFO - CDS - contig=contig_1, start=100214, stop=100960, strand=-, frame=1, truncated=no, start-type=TTG, RBS-motif=AGGAG
16:39:40.771 - INFO - CDS - contig=contig_1, start=101055, stop=101765, strand=-, frame=3, truncated=no, start-type=ATG, RBS-motif=GGAGG
16:39:40.771 - INFO - CDS - contig=contig_1, start=101786, stop=102556, strand=-, frame=1, truncated=no, start-type=ATG, RBS-motif=GGAGG
16:39:40.771 - INFO - CDS - contig=contig_1, start=102666, stop=103880, strand=-, frame=3, truncated=no, start-type=ATG, RBS-motif=GGA/GAG/AGG
16:39:40.771 - INFO - CDS - contig=contig_1, start=105262, stop=105867, strand=-, frame=2, truncated=no, start-type=ATG, RBS-motif=GGAGG
16:39:40.771 - INFO - CDS - contig=contig_1, start=105974, stop=106687, strand=+, frame=2, truncated=no, start-type=TTG, RBS-motif=AGGAG
16:39:40.771 - INFO - CDS - contig=contig_1, start=106821, stop=107009, strand=+, frame=3, truncated=no, start-type=ATG, RBS-motif=GGAGG
16:39:40.771 - INFO - CDS - contig=contig_1, start=107044, stop=108015, strand=-, frame=2, truncated=no, start-type=ATG, RBS-motif=GGAG/GAGG
16:39:40.771 - INFO - CDS - contig=contig_1, start=108082, stop=109677, strand=-, frame=2, truncated=no, start-type=ATG, RBS-motif=AGGAG
16:39:40.772 - INFO - CDS - contig=contig_1, start=109789, stop=110430, strand=-, frame=2, truncated=no, start-type=GTG, RBS-motif=GGAG/GAGG
16:39:40.772 - INFO - CDS - contig=contig_1, start=110450, stop=110908, strand=-, frame=1, truncated=no, start-type=ATG, RBS-motif=GGAGG
16:39:40.772 - INFO - CDS - contig=contig_1, start=111016, stop=111288, strand=+, frame=1, truncated=no, start-type=ATG, RBS-motif=AGxAGG/AGGxGG
16:39:40.772 - INFO - CDS - contig=contig_1, start=111607, stop=112167, strand=+, frame=1, truncated=no, start-type=ATG, RBS-motif=GGA/GAG/AGG
16:39:40.772 - INFO - CDS - contig=contig_1, start=112222, stop=112419, strand=+, frame=1, truncated=no, start-type=ATG, RBS-motif=GGAGG
16:39:40.772 - INFO - CDS - contig=contig_1, start=112486, stop=113178, strand=+, frame=1, truncated=no, start-type=ATG, RBS-motif=GGAG/GAGG
16:39:40.772 - INFO - CDS - contig=contig_1, start=113221, stop=113517, strand=-, frame=2, truncated=no, start-type=ATG, RBS-motif=AGGAG
16:39:40.772 - INFO - CDS - contig=contig_1, start=113587, stop=114297, strand=-, frame=2, truncated=no, start-type=ATG, RBS-motif=AGGAG
16:39:40.772 - INFO - CDS - contig=contig_1, start=114300, stop=114626, strand=-, frame=3, truncated=no, start-type=ATG, RBS-motif=GGxGG
16:39:40.772 - INFO - CDS - contig=contig_1, start=114694, stop=115038, strand=-, frame=2, truncated=no, start-type=ATG, RBS-motif=GGAGG
16:39:40.772 - INFO - CDS - contig=contig_1, start=115123, stop=115518, strand=-, frame=2, truncated=no, start-type=ATG, RBS-motif=GGAG/GAGG
16:39:40.772 - INFO - CDS - contig=contig_1, start=115580, stop=115798, strand=-, frame=1, truncated=no, start-type=ATG, RBS-motif=GGAGG
16:39:40.773 - INFO - CDS - contig=contig_1, start=115823, stop=117313, strand=-, frame=1, truncated=no, start-type=GTG, RBS-motif=GGAGG
16:39:40.773 - INFO - CDS - contig=contig_1, start=117568, stop=117822, strand=-, frame=2, truncated=no, start-type=ATG, RBS-motif=GGAGG
16:39:40.773 - INFO - CDS - contig=contig_1, start=118168, stop=118464, strand=+, frame=1, truncated=no, start-type=ATG, RBS-motif=GGAGG
16:39:40.773 - INFO - CDS - contig=contig_1, start=118518, stop=118763, strand=-, frame=3, truncated=no, start-type=ATG, RBS-motif=GGAG/GAGG
16:39:40.773 - INFO - CDS - contig=contig_1, start=118729, stop=118866, strand=-, frame=2, truncated=no, start-type=TTG, RBS-motif=GGAGG
16:39:40.773 - INFO - CDS - contig=contig_1, start=118879, stop=119682, strand=-, frame=2, truncated=no, start-type=ATG, RBS-motif=AGGAG
16:39:40.773 - INFO - CDS - contig=contig_1, start=119736, stop=120272, strand=-, frame=3, truncated=no, start-type=ATG, RBS-motif=GGAGG
16:39:40.773 - INFO - CDS - contig=contig_1, start=120346, stop=120492, strand=-, frame=2, truncated=no, start-type=GTG, RBS-motif=AGGAG
16:39:40.773 - INFO - CDS - contig=contig_1, start=120508, stop=120711, strand=-, frame=2, truncated=no, start-type=ATG, RBS-motif=AGGAG
16:39:40.773 - INFO - CDS - contig=contig_1, start=120811, stop=121617, strand=+, frame=1, truncated=no, start-type=ATG, RBS-motif=GGAGG
16:39:40.773 - INFO - CDS - contig=contig_1, start=121664, stop=123709, strand=-, frame=1, truncated=no, start-type=TTG, RBS-motif=GGAGG
16:39:40.773 - INFO - CDS - contig=contig_1, start=123774, stop=124055, strand=-, frame=3, truncated=no, start-type=ATG, RBS-motif=AGxAGG/AGGxGG
16:39:40.774 - INFO - CDS - contig=contig_1, start=124101, stop=124337, strand=-, frame=3, truncated=no, start-type=ATG, RBS-motif=GGAG/GAGG
16:39:40.774 - INFO - CDS - contig=contig_1, start=124340, stop=124504, strand=-, frame=1, truncated=no, start-type=ATG, RBS-motif=GGA/GAG/AGG
16:39:40.774 - INFO - CDS - contig=contig_1, start=124491, stop=125018, strand=-, frame=3, truncated=no, start-type=ATG, RBS-motif=GGAGG
16:39:40.774 - INFO - CDS - contig=contig_1, start=125101, stop=125508, strand=-, frame=2, truncated=no, start-type=ATG, RBS-motif=GGA/GAG/AGG
16:39:40.774 - INFO - CDS - contig=contig_1, start=125645, stop=125830, strand=-, frame=1, truncated=no, start-type=ATG, RBS-motif=GGAG/GAGG
16:39:40.774 - INFO - CDS - contig=contig_1, start=125830, stop=127827, strand=-, frame=2, truncated=no, start-type=ATG, RBS-motif=GGAGG
16:39:40.774 - INFO - CDS - contig=contig_1, start=127857, stop=128309, strand=-, frame=3, truncated=no, start-type=ATG, RBS-motif=AGGAG
16:39:40.774 - INFO - CDS - contig=contig_1, start=128311, stop=128457, strand=-, frame=2, truncated=no, start-type=ATG, RBS-motif=AGGAG
16:39:40.774 - INFO - CDS - contig=contig_1, start=128476, stop=128868, strand=-, frame=2, truncated=no, start-type=ATG, RBS-motif=GGAGG
16:39:40.774 - INFO - CDS - contig=contig_1, start=129049, stop=130314, strand=-, frame=2, truncated=no, start-type=ATG, RBS-motif=GGA/GAG/AGG
16:39:40.774 - INFO - CDS - contig=contig_1, start=130423, stop=130680, strand=-, frame=2, truncated=no, start-type=ATG, RBS-motif=GGA/GAG/AGG
16:39:40.775 - INFO - CDS - contig=contig_1, start=130682, stop=131140, strand=-, frame=1, truncated=no, start-type=ATG, RBS-motif=AGGAG
16:39:40.775 - INFO - CDS - contig=contig_1, start=131209, stop=131541, strand=-, frame=2, truncated=no, start-type=ATG, RBS-motif=AGxAGG/AGGxGG
16:39:40.775 - INFO - CDS - contig=contig_1, start=131556, stop=133202, strand=-, frame=3, truncated=no, start-type=ATG, RBS-motif=GGAGG
16:39:40.775 - INFO - CDS - contig=contig_1, start=133435, stop=133836, strand=-, frame=2, truncated=no, start-type=ATG, RBS-motif=AGGAG/GGAGG
16:39:40.775 - INFO - CDS - contig=contig_1, start=133859, stop=134809, strand=-, frame=1, truncated=no, start-type=ATG, RBS-motif=3Base/5BMM
16:39:40.775 - INFO - CDS - contig=contig_1, start=134924, stop=135928, strand=-, frame=1, truncated=no, start-type=ATG, RBS-motif=AGGA
16:39:40.775 - INFO - CDS - contig=contig_1, start=135933, stop=136166, strand=-, frame=3, truncated=no, start-type=ATG, RBS-motif=GGA/GAG/AGG
16:39:40.775 - INFO - CDS - contig=contig_1, start=136326, stop=137357, strand=-, frame=3, truncated=no, start-type=ATG, RBS-motif=AGGAG/GGAGG
16:39:40.775 - INFO - CDS - contig=contig_1, start=137825, stop=138778, strand=-, frame=1, truncated=no, start-type=ATG, RBS-motif=GGxGG
16:39:40.775 - INFO - CDS - contig=contig_1, start=138895, stop=140166, strand=-, frame=2, truncated=no, start-type=ATG, RBS-motif=GGAGG
16:39:40.775 - INFO - CDS - contig=contig_1, start=140253, stop=140675, strand=+, frame=3, truncated=no, start-type=ATG, RBS-motif=GGAGG
16:39:40.776 - INFO - CDS - contig=contig_1, start=140723, stop=141157, strand=-, frame=1, truncated=no, start-type=TTG, RBS-motif=AGxAGG/AGGxGG
16:39:40.776 - INFO - CDS - contig=contig_1, start=141275, stop=142603, strand=-, frame=1, truncated=no, start-type=ATG, RBS-motif=GGA/GAG/AGG
16:39:40.776 - INFO - CDS - contig=contig_1, start=142910, stop=143470, strand=+, frame=2, truncated=no, start-type=ATG, RBS-motif=AGGAG
16:39:40.776 - INFO - CDS - contig=contig_1, start=143479, stop=143679, strand=+, frame=1, truncated=no, start-type=ATG, RBS-motif=AGGAG
16:39:40.776 - INFO - CDS - contig=contig_1, start=143669, stop=143884, strand=+, frame=2, truncated=no, start-type=ATG, RBS-motif=AGGAG/GGAGG
16:39:40.776 - INFO - CDS - contig=contig_1, start=144130, stop=144921, strand=-, frame=2, truncated=no, start-type=ATG, RBS-motif=GGA/GAG/AGG
16:39:40.776 - INFO - CDS - contig=contig_1, start=144952, stop=145701, strand=-, frame=2, truncated=no, start-type=ATG, RBS-motif=AGGAG
16:39:40.776 - INFO - CDS - contig=contig_1, start=145851, stop=148100, strand=+, frame=3, truncated=no, start-type=ATG, RBS-motif=GGAGG
16:39:40.776 - INFO - CDS - contig=contig_1, start=148147, stop=148773, strand=-, frame=2, truncated=no, start-type=ATG, RBS-motif=GGA/GAG/AGG
16:39:40.776 - INFO - CDS - contig=contig_1, start=148793, stop=149002, strand=-, frame=1, truncated=no, start-type=ATG, RBS-motif=AGGA
16:39:40.776 - INFO - CDS - contig=contig_1, start=149003, stop=149695, strand=-, frame=1, truncated=no, start-type=ATG, RBS-motif=AGGAG
16:39:40.777 - INFO - CDS - contig=contig_1, start=149727, stop=150077, strand=-, frame=3, truncated=no, start-type=ATG, RBS-motif=AGGAG
16:39:40.777 - INFO - CDS - contig=contig_1, start=150090, stop=150713, strand=-, frame=3, truncated=no, start-type=TTG, RBS-motif=AGGAG
16:39:40.777 - INFO - CDS - contig=contig_1, start=151026, stop=152036, strand=-, frame=3, truncated=no, start-type=ATG, RBS-motif=AGGAG/GGAGG
16:39:40.777 - INFO - CDS - contig=contig_1, start=152101, stop=152370, strand=-, frame=2, truncated=no, start-type=ATG, RBS-motif=GGAGG
16:39:40.777 - INFO - CDS - contig=contig_1, start=152385, stop=152984, strand=-, frame=3, truncated=no, start-type=ATG, RBS-motif=GGAGG
16:39:40.777 - INFO - CDS - contig=contig_1, start=153006, stop=153281, strand=-, frame=3, truncated=no, start-type=ATG, RBS-motif=GGAGG
16:39:40.777 - INFO - CDS - contig=contig_1, start=153299, stop=155878, strand=-, frame=1, truncated=no, start-type=ATG, RBS-motif=GGAG/GAGG
16:39:40.777 - INFO - CDS - contig=contig_1, start=155903, stop=156946, strand=-, frame=1, truncated=no, start-type=ATG, RBS-motif=AGxAG
16:39:40.777 - INFO - CDS - contig=contig_1, start=157021, stop=157707, strand=-, frame=2, truncated=no, start-type=ATG, RBS-motif=AGGAGG
16:39:40.777 - INFO - CDS - contig=contig_1, start=157725, stop=158417, strand=-, frame=3, truncated=no, start-type=ATG, RBS-motif=GGAGG
16:39:40.777 - INFO - CDS - contig=contig_1, start=158434, stop=159135, strand=-, frame=2, truncated=no, start-type=TTG, RBS-motif=GGAG/GAGG
16:39:40.778 - INFO - CDS - contig=contig_1, start=159148, stop=159489, strand=-, frame=2, truncated=no, start-type=ATG, RBS-motif=AGGAG
16:39:40.778 - INFO - CDS - contig=contig_1, start=159575, stop=160738, strand=-, frame=1, truncated=no, start-type=ATG, RBS-motif=GGAG/GAGG
16:39:40.778 - INFO - CDS - contig=contig_1, start=160835, stop=162100, strand=+, frame=2, truncated=no, start-type=ATG, RBS-motif=GGAGG
16:39:40.778 - INFO - CDS - contig=contig_1, start=162142, stop=162516, strand=-, frame=2, truncated=no, start-type=ATG, RBS-motif=GGAG/GAGG
16:39:40.778 - INFO - CDS - contig=contig_1, start=162543, stop=162914, strand=-, frame=3, truncated=no, start-type=ATG, RBS-motif=AGGAG
16:39:40.778 - INFO - CDS - contig=contig_1, start=162941, stop=163129, strand=-, frame=1, truncated=no, start-type=ATG, RBS-motif=GGAG/GAGG
16:39:40.778 - INFO - CDS - contig=contig_1, start=163191, stop=163382, strand=-, frame=3, truncated=no, start-type=ATG, RBS-motif=GGAGG
16:39:40.778 - INFO - CDS - contig=contig_1, start=163452, stop=163913, strand=-, frame=3, truncated=no, start-type=ATG, RBS-motif=GGxGG
16:39:40.778 - INFO - CDS - contig=contig_1, start=164113, stop=166215, strand=-, frame=2, truncated=no, start-type=GTG, RBS-motif=None
16:39:40.778 - INFO - CDS - contig=contig_1, start=167027, stop=167245, strand=-, frame=1, truncated=no, start-type=ATG, RBS-motif=AGGA
16:39:40.778 - INFO - CDS - contig=contig_1, start=167393, stop=167839, strand=-, frame=1, truncated=no, start-type=ATG, RBS-motif=AGxAGG/AGGxGG
16:39:40.779 - INFO - CDS - contig=contig_1, start=167826, stop=168728, strand=-, frame=3, truncated=no, start-type=ATG, RBS-motif=AGxAGG/AGGxGG
16:39:40.779 - INFO - CDS - contig=contig_1, start=168725, stop=169630, strand=-, frame=1, truncated=no, start-type=ATG, RBS-motif=GGA/GAG/AGG
16:39:40.779 - INFO - CDS - contig=contig_1, start=169861, stop=170376, strand=-, frame=2, truncated=no, start-type=ATG, RBS-motif=GGAG/GAGG
16:39:40.779 - INFO - CDS - contig=contig_1, start=170437, stop=170847, strand=-, frame=2, truncated=no, start-type=ATG, RBS-motif=AGGAG
16:39:40.779 - INFO - CDS - contig=contig_1, start=170865, stop=171314, strand=-, frame=3, truncated=no, start-type=ATG, RBS-motif=GGAGG
16:39:40.779 - INFO - CDS - contig=contig_1, start=171425, stop=172570, strand=-, frame=1, truncated=no, start-type=ATG, RBS-motif=GGxGG
16:39:40.779 - INFO - CDS - contig=contig_1, start=172585, stop=173820, strand=-, frame=2, truncated=no, start-type=ATG, RBS-motif=AGxAGG/AGGxGG
16:39:40.779 - INFO - CDS - contig=contig_1, start=173832, stop=175064, strand=-, frame=3, truncated=no, start-type=ATG, RBS-motif=GGAGG
16:39:40.779 - INFO - CDS - contig=contig_1, start=175081, stop=175251, strand=-, frame=2, truncated=no, start-type=ATG, RBS-motif=AGxAGG/AGGxGG
16:39:40.779 - INFO - CDS - contig=contig_1, start=175357, stop=175803, strand=+, frame=1, truncated=no, start-type=ATG, RBS-motif=AGxAGG/AGGxGG
16:39:40.779 - INFO - CDS - contig=contig_1, start=175847, stop=177010, strand=-, frame=1, truncated=no, start-type=TTG, RBS-motif=GGAGG
16:39:40.779 - INFO - CDS - contig=contig_1, start=177023, stop=177157, strand=-, frame=1, truncated=no, start-type=ATG, RBS-motif=AGGAG
16:39:40.779 - INFO - CDS - contig=contig_1, start=177384, stop=178082, strand=-, frame=3, truncated=no, start-type=ATG, RBS-motif=GGAGG
16:39:40.779 - INFO - CDS - contig=contig_1, start=178094, stop=178189, strand=-, frame=1, truncated=no, start-type=ATG, RBS-motif=GGAGG
16:39:40.779 - INFO - CDS - contig=contig_1, start=178182, stop=179597, strand=-, frame=3, truncated=no, start-type=ATG, RBS-motif=GGA/GAG/AGG
16:39:40.780 - INFO - CDS - contig=contig_1, start=179623, stop=180840, strand=-, frame=2, truncated=no, start-type=ATG, RBS-motif=GGA/GAG/AGG
16:39:40.780 - INFO - CDS - contig=contig_1, start=180897, stop=181691, strand=-, frame=3, truncated=no, start-type=ATG, RBS-motif=AGGAG/GGAGG
16:39:40.780 - INFO - CDS - contig=contig_1, start=181709, stop=182071, strand=-, frame=1, truncated=no, start-type=ATG, RBS-motif=GGA/GAG/AGG
16:39:40.780 - INFO - CDS - contig=contig_1, start=182085, stop=182882, strand=-, frame=3, truncated=no, start-type=ATG, RBS-motif=GGAGG
16:39:40.780 - INFO - CDS - contig=contig_1, start=182943, stop=185246, strand=-, frame=3, truncated=no, start-type=ATG, RBS-motif=GGxGG
16:39:40.780 - INFO - CDS - contig=contig_1, start=185469, stop=185732, strand=-, frame=3, truncated=no, start-type=ATG, RBS-motif=GGAGG
16:39:40.780 - INFO - CDS - contig=contig_1, start=185745, stop=186467, strand=-, frame=3, truncated=no, start-type=ATG, RBS-motif=AGGAG
16:39:40.780 - INFO - CDS - contig=contig_1, start=186506, stop=186667, strand=-, frame=1, truncated=no, start-type=TTG, RBS-motif=GGA/GAG/AGG
16:39:40.780 - INFO - CDS - contig=contig_1, start=186766, stop=187410, strand=+, frame=1, truncated=no, start-type=ATG, RBS-motif=AGGAG
16:39:40.780 - INFO - CDS - contig=contig_1, start=187448, stop=187666, strand=-, frame=1, truncated=no, start-type=ATG, RBS-motif=AGGA
16:39:40.780 - INFO - CDS - contig=contig_1, start=187757, stop=188080, strand=-, frame=1, truncated=no, start-type=ATG, RBS-motif=AGGAG
16:39:40.780 - INFO - CDS - contig=contig_1, start=188083, stop=188817, strand=-, frame=2, truncated=no, start-type=ATG, RBS-motif=GGAG/GAGG
16:39:40.780 - INFO - CDS - contig=contig_1, start=188865, stop=190082, strand=-, frame=3, truncated=no, start-type=TTG, RBS-motif=AGGAG
16:39:40.780 - INFO - CDS - contig=contig_1, start=190109, stop=190558, strand=-, frame=1, truncated=no, start-type=ATG, RBS-motif=GGAG/GAGG
16:39:40.780 - INFO - CDS - contig=contig_1, start=190555, stop=190719, strand=-, frame=2, truncated=no, start-type=ATG, RBS-motif=AGGAG
16:39:40.780 - INFO - CDS - contig=contig_1, start=190732, stop=191367, strand=-, frame=2, truncated=no, start-type=ATG, RBS-motif=GGAGG
16:39:40.781 - INFO - CDS - contig=contig_1, start=191472, stop=193427, strand=+, frame=3, truncated=no, start-type=ATG, RBS-motif=GGAGG
16:39:40.781 - INFO - CDS - contig=contig_1, start=193443, stop=194015, strand=+, frame=3, truncated=no, start-type=GTG, RBS-motif=GGAGG
16:39:40.781 - INFO - CDS - contig=contig_1, start=194027, stop=196573, strand=+, frame=2, truncated=no, start-type=ATG, RBS-motif=GGAG/GAGG
16:39:40.781 - INFO - CDS - contig=contig_1, start=196619, stop=197110, strand=-, frame=1, truncated=no, start-type=ATG, RBS-motif=GGAGG
16:39:40.781 - INFO - CDS - contig=contig_1, start=197088, stop=197330, strand=-, frame=3, truncated=no, start-type=ATG, RBS-motif=AGGAG
16:39:40.781 - INFO - CDS - contig=contig_1, start=197341, stop=199026, strand=-, frame=2, truncated=no, start-type=ATG, RBS-motif=AGGAG
16:39:40.781 - INFO - CDS - contig=contig_1, start=199124, stop=199393, strand=-, frame=1, truncated=no, start-type=ATG, RBS-motif=AGGA
16:39:40.781 - INFO - CDS - contig=contig_1, start=199386, stop=200078, strand=-, frame=3, truncated=no, start-type=ATG, RBS-motif=GGAGG
16:39:40.781 - INFO - CDS - contig=contig_1, start=200059, stop=200607, strand=-, frame=2, truncated=no, start-type=ATG, RBS-motif=GGA/GAG/AGG
16:39:40.781 - INFO - CDS - contig=contig_1, start=200609, stop=201088, strand=-, frame=1, truncated=no, start-type=ATG, RBS-motif=GGAGG
16:39:40.781 - INFO - CDS - contig=contig_1, start=201088, stop=202200, strand=-, frame=2, truncated=no, start-type=TTG, RBS-motif=GGAG/GAGG
16:39:40.781 - INFO - CDS - contig=contig_1, start=202307, stop=202510, strand=-, frame=1, truncated=no, start-type=ATG, RBS-motif=GGAGG
16:39:40.781 - INFO - CDS - contig=contig_1, start=202707, stop=203414, strand=+, frame=3, truncated=no, start-type=ATG, RBS-motif=GGAGG
16:39:40.781 - INFO - CDS - contig=contig_1, start=203431, stop=203625, strand=+, frame=1, truncated=no, start-type=ATG, RBS-motif=GGAGG
16:39:40.781 - INFO - CDS - contig=contig_1, start=203625, stop=204185, strand=+, frame=3, truncated=no, start-type=ATG, RBS-motif=GGxGG
16:39:40.781 - INFO - CDS - contig=contig_1, start=204198, stop=204530, strand=+, frame=3, truncated=no, start-type=ATG, RBS-motif=GGA/GAG/AGG
16:39:40.781 - INFO - CDS - contig=contig_1, start=204564, stop=205313, strand=+, frame=3, truncated=no, start-type=ATG, RBS-motif=GGAGG
16:39:40.782 - INFO - CDS - contig=contig_1, start=205392, stop=206009, strand=+, frame=3, truncated=no, start-type=GTG, RBS-motif=AGGA/GGAG/GAGG
16:39:40.782 - INFO - CDS - contig=contig_1, start=206022, stop=206417, strand=+, frame=3, truncated=no, start-type=ATG, RBS-motif=AGGAG
16:39:40.782 - INFO - CDS - contig=contig_1, start=206446, stop=206847, strand=+, frame=1, truncated=no, start-type=ATG, RBS-motif=AGGA
16:39:40.782 - INFO - CDS - contig=contig_1, start=206813, stop=207253, strand=+, frame=2, truncated=no, start-type=ATG, RBS-motif=AGGAG/GGAGG
16:39:40.782 - INFO - CDS - contig=contig_1, start=207345, stop=207530, strand=+, frame=3, truncated=no, start-type=ATG, RBS-motif=AGGA/GGAG/GAGG
16:39:40.782 - INFO - CDS - contig=contig_1, start=207603, stop=207980, strand=+, frame=3, truncated=no, start-type=ATG, RBS-motif=GGxGG
16:39:40.782 - INFO - CDS - contig=contig_1, start=208042, stop=208974, strand=+, frame=1, truncated=no, start-type=ATG, RBS-motif=AGxAGG/AGGxGG
16:39:40.782 - INFO - CDS - contig=contig_1, start=208991, stop=211543, strand=+, frame=2, truncated=no, start-type=ATG, RBS-motif=GGAG/GAGG
16:39:40.782 - INFO - CDS - contig=contig_1, start=211551, stop=213884, strand=+, frame=3, truncated=no, start-type=ATG, RBS-motif=AGGAG
16:39:40.782 - INFO - CDS - contig=contig_1, start=213908, stop=216739, strand=+, frame=2, truncated=no, start-type=ATG, RBS-motif=4Base/6BMM
16:39:40.782 - INFO - CDS - contig=contig_1, start=216862, stop=217449, strand=+, frame=1, truncated=no, start-type=ATG, RBS-motif=GGA/GAG/AGG
16:39:40.782 - INFO - CDS - contig=contig_1, start=217461, stop=219260, strand=+, frame=3, truncated=no, start-type=ATG, RBS-motif=GGAGG
16:39:40.782 - INFO - CDS - contig=contig_1, start=219279, stop=223595, strand=+, frame=3, truncated=no, start-type=ATG, RBS-motif=GGAG/GAGG
16:39:40.782 - INFO - CDS - contig=contig_1, start=223652, stop=224146, strand=+, frame=2, truncated=no, start-type=ATG, RBS-motif=GGA/GAG/AGG
16:39:40.782 - INFO - CDS - contig=contig_1, start=224146, stop=224685, strand=+, frame=1, truncated=no, start-type=ATG, RBS-motif=GGAGG
16:39:40.783 - INFO - CDS - contig=contig_1, start=224692, stop=225906, strand=+, frame=1, truncated=no, start-type=ATG, RBS-motif=GGA/GAG/AGG
16:39:40.783 - INFO - CDS - contig=contig_1, start=226132, stop=227280, strand=+, frame=1, truncated=no, start-type=ATG, RBS-motif=AGxAGG/AGGxGG
16:39:40.783 - INFO - CDS - contig=contig_1, start=227360, stop=227914, strand=+, frame=2, truncated=no, start-type=ATG, RBS-motif=AGxAG
16:39:40.783 - INFO - CDS - contig=contig_1, start=228375, stop=228716, strand=+, frame=3, truncated=no, start-type=ATG, RBS-motif=GGA/GAG/AGG
16:39:40.783 - INFO - CDS - contig=contig_1, start=228709, stop=229023, strand=+, frame=1, truncated=no, start-type=TTG, RBS-motif=GGA/GAG/AGG
16:39:40.783 - INFO - CDS - contig=contig_1, start=229036, stop=229218, strand=+, frame=1, truncated=no, start-type=ATG, RBS-motif=GGAG/GAGG
16:39:40.783 - INFO - CDS - contig=contig_1, start=229249, stop=229584, strand=+, frame=1, truncated=no, start-type=TTG, RBS-motif=GGAG/GAGG
16:39:40.783 - INFO - CDS - contig=contig_1, start=229597, stop=229851, strand=+, frame=1, truncated=no, start-type=ATG, RBS-motif=AGGAG
16:39:40.783 - INFO - CDS - contig=contig_1, start=229876, stop=231573, strand=-, frame=2, truncated=no, start-type=ATG, RBS-motif=GGA/GAG/AGG
16:39:40.783 - INFO - CDS - contig=contig_1, start=231674, stop=232879, strand=-, frame=1, truncated=no, start-type=TTG, RBS-motif=GGAGG
16:39:40.783 - INFO - CDS - contig=contig_1, start=233052, stop=233717, strand=-, frame=3, truncated=no, start-type=ATG, RBS-motif=GGAGG
16:39:40.783 - INFO - CDS - contig=contig_1, start=233775, stop=235991, strand=+, frame=3, truncated=no, start-type=TTG, RBS-motif=GGAG/GAGG
16:39:40.783 - INFO - CDS - contig=contig_1, start=236041, stop=236775, strand=+, frame=1, truncated=no, start-type=ATG, RBS-motif=GGAGG
16:39:40.783 - INFO - CDS - contig=contig_1, start=236817, stop=236978, strand=-, frame=3, truncated=no, start-type=ATG, RBS-motif=GGAG/GAGG
16:39:40.783 - INFO - CDS - contig=contig_1, start=236995, stop=237237, strand=-, frame=2, truncated=no, start-type=ATG, RBS-motif=AGGAG
16:39:40.783 - INFO - CDS - contig=contig_1, start=237241, stop=237741, strand=-, frame=2, truncated=no, start-type=ATG, RBS-motif=AGGAG
16:39:40.783 - INFO - CDS - contig=contig_1, start=237754, stop=238080, strand=-, frame=2, truncated=no, start-type=ATG, RBS-motif=GGAGG
16:39:40.784 - INFO - CDS - contig=contig_1, start=238141, stop=238596, strand=-, frame=2, truncated=no, start-type=ATG, RBS-motif=GGxGG
16:39:40.784 - INFO - CDS - contig=contig_1, start=238623, stop=238859, strand=-, frame=3, truncated=no, start-type=ATG, RBS-motif=AGGAG
16:39:40.784 - INFO - CDS - contig=contig_1, start=239060, stop=239344, strand=-, frame=1, truncated=no, start-type=ATG, RBS-motif=GGA/GAG/AGG
16:39:40.784 - INFO - CDS - contig=contig_1, start=239367, stop=240617, strand=-, frame=3, truncated=no, start-type=ATG, RBS-motif=GGAG/GAGG
16:39:40.784 - INFO - CDS - contig=contig_1, start=240724, stop=241212, strand=-, frame=2, truncated=no, start-type=ATG, RBS-motif=GGAG/GAGG
16:39:40.784 - INFO - CDS - contig=contig_1, start=241241, stop=241609, strand=-, frame=1, truncated=no, start-type=ATG, RBS-motif=AGGAG
16:39:40.784 - INFO - CDS - contig=contig_1, start=241629, stop=241808, strand=-, frame=3, truncated=no, start-type=ATG, RBS-motif=AGGAG
16:39:40.784 - INFO - CDS - contig=contig_1, start=241821, stop=241967, strand=-, frame=3, truncated=no, start-type=ATG, RBS-motif=AGxAGG/AGGxGG
16:39:40.784 - INFO - CDS - contig=contig_1, start=242060, stop=242479, strand=-, frame=1, truncated=no, start-type=ATG, RBS-motif=GGAGG
16:39:40.784 - INFO - CDS - contig=contig_1, start=242519, stop=243289, strand=-, frame=1, truncated=no, start-type=ATG, RBS-motif=AGGAG
16:39:40.784 - INFO - CDS - contig=contig_1, start=243372, stop=243707, strand=-, frame=3, truncated=no, start-type=ATG, RBS-motif=GGAG/GAGG
16:39:40.784 - INFO - CDS - contig=contig_1, start=244082, stop=244441, strand=-, frame=1, truncated=no, start-type=GTG, RBS-motif=AGGA
16:39:40.784 - INFO - CDS - contig=contig_1, start=245002, stop=245706, strand=-, frame=2, truncated=no, start-type=ATG, RBS-motif=GGA/GAG/AGG
16:39:40.784 - INFO - CDS - contig=contig_1, start=245833, stop=246366, strand=+, frame=1, truncated=no, start-type=ATG, RBS-motif=GGAGG
16:39:40.784 - INFO - CDS - contig=contig_1, start=246408, stop=246863, strand=+, frame=3, truncated=no, start-type=ATG, RBS-motif=GGAGG
16:39:40.784 - INFO - CDS - contig=contig_1, start=246905, stop=247672, strand=-, frame=1, truncated=no, start-type=ATG, RBS-motif=AGxAGG/AGGxGG
16:39:40.784 - INFO - CDS - contig=contig_1, start=247739, stop=248260, strand=-, frame=1, truncated=no, start-type=ATG, RBS-motif=GGAGG
16:39:40.784 - INFO - CDS - contig=contig_1, start=248441, stop=248824, strand=-, frame=1, truncated=no, start-type=ATG, RBS-motif=GGAGG
16:39:40.785 - INFO - CDS - contig=contig_1, start=248910, stop=249632, strand=-, frame=3, truncated=no, start-type=ATG, RBS-motif=GGAGG
16:39:40.785 - INFO - CDS - contig=contig_1, start=249649, stop=250374, strand=-, frame=2, truncated=no, start-type=ATG, RBS-motif=AGGAG
16:39:40.785 - INFO - CDS - contig=contig_1, start=250380, stop=251162, strand=-, frame=3, truncated=no, start-type=ATG, RBS-motif=GGAGG
16:39:40.785 - INFO - CDS - contig=contig_1, start=251328, stop=252044, strand=-, frame=3, truncated=no, start-type=ATG, RBS-motif=None
16:39:40.785 - INFO - CDS - contig=contig_1, start=31, stop=456, strand=+, nt=[GTGGCTGATG..TATTTTATAA]
16:39:40.785 - INFO - CDS - contig=contig_1, start=471, stop=1667, strand=+, nt=[ATGAGTAAAA..GGAGGATTAA]
16:39:40.785 - INFO - CDS - contig=contig_1, start=1778, stop=1894, strand=+, nt=[ATGCTAATCA..CAAAAAATAG]
16:39:40.785 - INFO - CDS - contig=contig_1, start=1947, stop=2279, strand=+, nt=[ATGAACAATG..AATAAAATAG]
16:39:40.785 - INFO - CDS - contig=contig_1, start=2321, stop=4009, strand=+, nt=[ATGTCAGTTA..TCAGCAATAA]
16:39:40.785 - INFO - CDS - contig=contig_1, start=4081, stop=4905, strand=+, nt=[GTGGCGATTG..GAAAAAGTAA]
16:39:40.785 - INFO - CDS - contig=contig_1, start=4976, stop=6361, strand=+, nt=[TTGGAGAATT..GTGTATCTAA]
16:39:40.785 - INFO - CDS - contig=contig_1, start=6475, stop=7512, strand=+, nt=[ATGAACAATA..ACTTCCTTAA]
16:39:40.785 - INFO - CDS - contig=contig_1, start=7526, stop=7945, strand=+, nt=[ATGTTAATCA..GTATCACTAA]
16:39:40.785 - INFO - CDS - contig=contig_1, start=7908, stop=10004, strand=+, nt=[ATGAAGGATT..TGCAGTTTGA]
16:39:40.785 - INFO - CDS - contig=contig_1, start=10031, stop=11080, strand=+, nt=[ATGACAACAG..TGAAAGTTAA]
16:39:40.785 - INFO - CDS - contig=contig_1, start=11173, stop=11703, strand=+, nt=[ATGACAAACA..AGGAGAATAA]
16:39:40.785 - INFO - CDS - contig=contig_1, start=11706, stop=12839, strand=+, nt=[ATGTTATTAT..GTATGAATAA]
16:39:40.785 - INFO - CDS - contig=contig_1, start=12832, stop=13014, strand=+, nt=[ATGAATAATA..AAAAAGATAG]
16:39:40.785 - INFO - CDS - contig=contig_1, start=13053, stop=14243, strand=+, nt=[ATGGATGCTT..AAAGAAATAA]
16:39:40.785 - INFO - CDS - contig=contig_1, start=14249, stop=15139, strand=-, nt=[ATGGAATTTT..TAATGACTAA]
16:39:40.785 - INFO - CDS - contig=contig_1, start=15207, stop=16325, strand=-, nt=[ATGAAAAATC..AATTGAATAA]
16:39:40.785 - INFO - CDS - contig=contig_1, start=16399, stop=17433, strand=-, nt=[ATGTTTTTTG..TTTATATTAA]
16:39:40.785 - INFO - CDS - contig=contig_1, start=17449, stop=18711, strand=-, nt=[ATGGATATTA..TTTAAAATAA]
16:39:40.785 - INFO - CDS - contig=contig_1, start=19135, stop=20067, strand=+, nt=[ATGTCTGAGT..CTTTAAATAG]
16:39:40.786 - INFO - CDS - contig=contig_1, start=20079, stop=22793, strand=+, nt=[ATGGCAGAAG..TTATATCTAA]
16:39:40.786 - INFO - CDS - contig=contig_1, start=22810, stop=23640, strand=+, nt=[ATGGAAACAT..TAATAAATAG]
16:39:40.786 - INFO - CDS - contig=contig_1, start=23686, stop=24105, strand=-, nt=[ATGTGGAAAC..ATGTAATTAA]
16:39:40.786 - INFO - CDS - contig=contig_1, start=24133, stop=24639, strand=-, nt=[ATGGAAAACG..TTTTATTTAA]
16:39:40.786 - INFO - CDS - contig=contig_1, start=24618, stop=25217, strand=-, nt=[TTGGCATTTA..AAATCTTTAG]
16:39:40.786 - INFO - CDS - contig=contig_1, start=25335, stop=25724, strand=-, nt=[ATGTATTTTG..ATTAAGATAA]
16:39:40.786 - INFO - CDS - contig=contig_1, start=26642, stop=27670, strand=-, nt=[ATGGCAGATG..ATTGCCTTAA]
16:39:40.786 - INFO - CDS - contig=contig_1, start=27688, stop=33465, strand=-, nt=[ATGCCAATGA..GGGTTATTAA]
16:39:40.786 - INFO - CDS - contig=contig_1, start=33648, stop=34049, strand=-, nt=[ATGAAGATGG..TAATCATTAA]
16:39:40.786 - INFO - CDS - contig=contig_1, start=34077, stop=34433, strand=-, nt=[ATGGCTGAAT..TGATTTTTAA]
16:39:40.786 - INFO - CDS - contig=contig_1, start=34460, stop=35410, strand=-, nt=[ATGAAAAAGG..TCTAAAATAA]
16:39:40.786 - INFO - CDS - contig=contig_1, start=35466, stop=35963, strand=-, nt=[ATGAGACCAG..TTTAAACTAA]
16:39:40.786 - INFO - CDS - contig=contig_1, start=36068, stop=36835, strand=-, nt=[ATGGCATTGA..GAAAAAATAA]
16:39:40.786 - INFO - CDS - contig=contig_1, start=37065, stop=37418, strand=+, nt=[GTGCCTAGAT..TAATTTATAA]
16:39:40.786 - INFO - CDS - contig=contig_1, start=37464, stop=37943, strand=+, nt=[TTGAAATTAT..AATCGATTGA]
16:39:40.786 - INFO - CDS - contig=contig_1, start=37984, stop=38862, strand=+, nt=[ATGAAAGTTC..AATGTCTTAG]
16:39:40.786 - INFO - CDS - contig=contig_1, start=38967, stop=40739, strand=+, nt=[TTGAATAGTT..AGATGTCTAA]
16:39:40.786 - INFO - CDS - contig=contig_1, start=40805, stop=41977, strand=+, nt=[ATGGGTTACA..AGTCAAATAA]
16:39:40.786 - INFO - CDS - contig=contig_1, start=42075, stop=42452, strand=+, nt=[TTGATTAATC..AAGTATCTAA]
16:39:40.786 - INFO - CDS - contig=contig_1, start=42464, stop=44425, strand=+, nt=[ATGAGTGTAA..AGGGAGTTAA]
16:39:40.786 - INFO - CDS - contig=contig_1, start=44431, stop=45012, strand=+, nt=[GTGATTGTTA..AACTGTATAG]
16:39:40.786 - INFO - CDS - contig=contig_1, start=45024, stop=45284, strand=+, nt=[ATGGAAAGTC..AACAGAGTAA]
16:39:40.786 - INFO - CDS - contig=contig_1, start=45376, stop=48174, strand=+, nt=[TTGTTTTATC..CTTGGATTAA]
16:39:40.786 - INFO - CDS - contig=contig_1, start=49126, stop=49803, strand=+, nt=[ATGGAAAAAA..TTATTTTTAA]
16:39:40.786 - INFO - CDS - contig=contig_1, start=50654, stop=51700, strand=+, nt=[GTGTTTAGAG..TTCAGAATAA]
16:39:40.786 - INFO - CDS - contig=contig_1, start=51779, stop=53533, strand=+, nt=[TTGCCTAAAA..AGATATTTAG]
16:39:40.786 - INFO - CDS - contig=contig_1, start=53551, stop=53694, strand=-, nt=[ATGAAATTTA..TGGGGAATAA]
16:39:40.787 - INFO - CDS - contig=contig_1, start=53707, stop=54222, strand=-, nt=[ATGGAAAAGA..TATTAATTAA]
16:39:40.787 - INFO - CDS - contig=contig_1, start=54222, stop=54416, strand=-, nt=[ATGGAAGATA..ACAAGAATAA]
16:39:40.787 - INFO - CDS - contig=contig_1, start=54419, stop=54787, strand=-, nt=[ATGAAAACAA..GGGAGTTTAA]
16:39:40.787 - INFO - CDS - contig=contig_1, start=54790, stop=55098, strand=-, nt=[ATGAATCAAA..GAGGAATTAA]
16:39:40.787 - INFO - CDS - contig=contig_1, start=55110, stop=55334, strand=-, nt=[ATGACTGATA..AAATAAGTAA]
16:39:40.787 - INFO - CDS - contig=contig_1, start=55402, stop=56208, strand=-, nt=[ATGACAGTGA..AGACAAATAA]
16:39:40.787 - INFO - CDS - contig=contig_1, start=56192, stop=56344, strand=-, nt=[TTGAAAGTAA..TGAGAAATAA]
16:39:40.787 - INFO - CDS - contig=contig_1, start=56422, stop=56595, strand=-, nt=[ATGGTTAATA..TGAAATGTAA]
16:39:40.787 - INFO - CDS - contig=contig_1, start=56606, stop=56914, strand=-, nt=[ATGAATGGAA..TATCAAATAG]
16:39:40.787 - INFO - CDS - contig=contig_1, start=56886, stop=57380, strand=-, nt=[ATGAGCGTTC..ATTTGATTGA]
16:39:40.787 - INFO - CDS - contig=contig_1, start=57377, stop=57505, strand=-, nt=[ATGAAATGTC..TAATAAATGA]
16:39:40.787 - INFO - CDS - contig=contig_1, start=57505, stop=58038, strand=-, nt=[ATGAGTAAAT..TGTAGAATAA]
16:39:40.787 - INFO - CDS - contig=contig_1, start=58058, stop=58471, strand=-, nt=[ATGGATAAAC..TGAGAATTAA]
16:39:40.787 - INFO - CDS - contig=contig_1, start=58698, stop=59162, strand=-, nt=[ATGACTAAAA..GGGGTTGTGA]
16:39:40.787 - INFO - CDS - contig=contig_1, start=59155, stop=59307, strand=-, nt=[ATGGATATCT..AAATGACTAA]
16:39:40.787 - INFO - CDS - contig=contig_1, start=59367, stop=59657, strand=-, nt=[ATGTTTAAGT..TAGATTGTAA]
16:39:40.787 - INFO - CDS - contig=contig_1, start=59671, stop=60030, strand=-, nt=[ATGGAAATCA..AGGAGATTAA]
16:39:40.787 - INFO - CDS - contig=contig_1, start=60032, stop=60382, strand=-, nt=[ATGGAAATTG..AGGTGAATAA]
16:39:40.787 - INFO - CDS - contig=contig_1, start=60457, stop=61380, strand=-, nt=[ATGATTTGTG..CATTTATTAA]
16:39:40.787 - INFO - CDS - contig=contig_1, start=61535, stop=61864, strand=+, nt=[ATGGAAATTA..AGTTTCTTGA]
16:39:40.787 - INFO - CDS - contig=contig_1, start=61892, stop=62107, strand=-, nt=[ATGCGTGGTA..AATGTCATAA]
16:39:40.787 - INFO - CDS - contig=contig_1, start=62126, stop=62935, strand=-, nt=[ATGCAAAAAA..TACAGAATAA]
16:39:40.787 - INFO - CDS - contig=contig_1, start=63073, stop=64260, strand=+, nt=[ATGGGTCGAT..AAACAATTAA]
16:39:40.787 - INFO - CDS - contig=contig_1, start=64301, stop=64897, strand=+, nt=[ATGTTTAAAA..CTTACTTTAA]
16:39:40.787 - INFO - CDS - contig=contig_1, start=64913, stop=65371, strand=+, nt=[ATGAGTAAAC..AGAAAAATAA]
16:39:40.788 - INFO - CDS - contig=contig_1, start=65414, stop=65752, strand=-, nt=[ATGACAAACA..AATTGATTAA]
16:39:40.788 - INFO - CDS - contig=contig_1, start=65782, stop=66807, strand=-, nt=[ATGAGCAGAC..TAATTTCTAA]
16:39:40.788 - INFO - CDS - contig=contig_1, start=66891, stop=67178, strand=-, nt=[ATGATAGATG..TATTTTGTAG]
16:39:40.788 - INFO - CDS - contig=contig_1, start=67175, stop=67345, strand=-, nt=[ATGAATACTT..CATTAAATGA]
16:39:40.788 - INFO - CDS - contig=contig_1, start=67389, stop=67946, strand=-, nt=[ATGCAAAGTA..TAAAAGATAA]
16:39:40.788 - INFO - CDS - contig=contig_1, start=67936, stop=68826, strand=-, nt=[ATGATCATCA..TGCAAAGTAA]
16:39:40.788 - INFO - CDS - contig=contig_1, start=68915, stop=70348, strand=-, nt=[ATGATAAGAG..GACAAAATAG]
16:39:40.788 - INFO - CDS - contig=contig_1, start=70365, stop=70955, strand=-, nt=[ATGTTAGCCT..TGGTTCTTAA]
16:39:40.788 - INFO - CDS - contig=contig_1, start=71078, stop=72973, strand=-, nt=[TTGGAAAAGA..ACTACTTTAA]
16:39:40.788 - INFO - CDS - contig=contig_1, start=73219, stop=73518, strand=-, nt=[ATGTCATCAT..ATCTCGTTAA]
16:39:40.788 - INFO - CDS - contig=contig_1, start=73706, stop=75631, strand=+, nt=[TTGCAGGAAA..AACATTCTAA]
16:39:40.788 - INFO - CDS - contig=contig_1, start=75711, stop=76436, strand=+, nt=[ATGTTTTCTA..AGCAGTATAA]
16:39:40.788 - INFO - CDS - contig=contig_1, start=76501, stop=76722, strand=+, nt=[ATGAATCCAT..AGAATTATAA]
16:39:40.788 - INFO - CDS - contig=contig_1, start=76773, stop=77234, strand=+, nt=[ATGGGAAGAG..TAATCATTGA]
16:39:40.788 - INFO - CDS - contig=contig_1, start=77263, stop=77526, strand=+, nt=[ATGAAATACT..ATTTAAATAA]
16:39:40.788 - INFO - CDS - contig=contig_1, start=77615, stop=78787, strand=+, nt=[ATGAAAATAG..TCGTATGTGA]
16:39:40.788 - INFO - CDS - contig=contig_1, start=79336, stop=80244, strand=+, nt=[ATGAGAAAAT..ATTAAATTGA]
16:39:40.788 - INFO - CDS - contig=contig_1, start=80597, stop=82081, strand=+, nt=[ATGCCACATA..TAAAAGATAA]
16:39:40.788 - INFO - CDS - contig=contig_1, start=82404, stop=82568, strand=+, nt=[TTGGGTGATA..TAGAGAATAA]
16:39:40.788 - INFO - CDS - contig=contig_1, start=82580, stop=82759, strand=+, nt=[ATGTGGGGTT..ACGTTATTAA]
16:39:40.788 - INFO - CDS - contig=contig_1, start=82804, stop=83577, strand=-, nt=[TTGAATTGGT..TCAAACTTAA]
16:39:40.788 - INFO - CDS - contig=contig_1, start=84051, stop=84737, strand=+, nt=[ATGGCTGATA..TGAAGAATAA]
16:39:40.788 - INFO - CDS - contig=contig_1, start=84922, stop=85065, strand=+, nt=[ATGAGTTTTA..TATATACTAA]
16:39:40.788 - INFO - CDS - contig=contig_1, start=85144, stop=85563, strand=+, nt=[ATGAATAAGA..GCTTAAATAG]
16:39:40.788 - INFO - CDS - contig=contig_1, start=85587, stop=88322, strand=+, nt=[ATGAAAATCA..TAAGTACTAG]
16:39:40.788 - INFO - CDS - contig=contig_1, start=88335, stop=88835, strand=+, nt=[TTGAGTCACA..AAATGCGTAA]
16:39:40.788 - INFO - CDS - contig=contig_1, start=88828, stop=89298, strand=+, nt=[ATGCGTAAAA..TAATGAGTGA]
16:39:40.788 - INFO - CDS - contig=contig_1, start=89517, stop=89771, strand=+, nt=[ATGAAAGAAG..GGAGGTGTAA]
16:39:40.789 - INFO - CDS - contig=contig_1, start=89776, stop=90156, strand=+, nt=[ATGTATTTTA..GAGTAATTAA]
16:39:40.789 - INFO - CDS - contig=contig_1, start=90184, stop=90438, strand=+, nt=[ATGAATAAAG..TACTAGATAA]
16:39:40.789 - INFO - CDS - contig=contig_1, start=90599, stop=92263, strand=+, nt=[ATGGTTCAGA..AGTATCTTAA]
16:39:40.789 - INFO - CDS - contig=contig_1, start=92277, stop=92870, strand=+, nt=[ATGGCAAAAA..AAAACACTAA]
16:39:40.789 - INFO - CDS - contig=contig_1, start=92884, stop=93120, strand=+, nt=[TTGGATATTA..AAGTAAATGA]
16:39:40.789 - INFO - CDS - contig=contig_1, start=93228, stop=93944, strand=+, nt=[ATGATTGTAT..AGCAGAATAA]
16:39:40.789 - INFO - CDS - contig=contig_1, start=94031, stop=96226, strand=+, nt=[ATGGCAGATC..AGGATTCTAA]
16:39:40.789 - INFO - CDS - contig=contig_1, start=96278, stop=97075, strand=-, nt=[ATGATTAAAC..TGATATTTAA]
16:39:40.789 - INFO - CDS - contig=contig_1, start=97185, stop=100148, strand=-, nt=[ATGGCTACTG..AGTTAAGTAA]
16:39:40.789 - INFO - CDS - contig=contig_1, start=100214, stop=100960, strand=-, nt=[TTGAAATATA..TAAGTACTAA]
16:39:40.789 - INFO - CDS - contig=contig_1, start=101055, stop=101765, strand=-, nt=[ATGGCAGTTA..AACAAAGTAA]
16:39:40.789 - INFO - CDS - contig=contig_1, start=101786, stop=102556, strand=-, nt=[ATGGCTGAAA..TAAAAAATAA]
16:39:40.789 - INFO - CDS - contig=contig_1, start=102666, stop=103880, strand=-, nt=[ATGAATGATC..AAATAGATAA]
16:39:40.789 - INFO - CDS - contig=contig_1, start=105262, stop=105867, strand=-, nt=[ATGTATGATT..ACTGGGTTAA]
16:39:40.789 - INFO - CDS - contig=contig_1, start=105974, stop=106687, strand=+, nt=[TTGGTACGAA..ACTAACATAA]
16:39:40.789 - INFO - CDS - contig=contig_1, start=106821, stop=107009, strand=+, nt=[ATGAGCAAAG..AACTGAATAG]
16:39:40.789 - INFO - CDS - contig=contig_1, start=107044, stop=108015, strand=-, nt=[ATGGTAGATA..AAAAAAATAA]
16:39:40.789 - INFO - CDS - contig=contig_1, start=108082, stop=109677, strand=-, nt=[ATGTCCGTAG..TAATGGATAA]
16:39:40.789 - INFO - CDS - contig=contig_1, start=109789, stop=110430, strand=-, nt=[GTGACAGATT..TTCCAAGTAA]
16:39:40.789 - INFO - CDS - contig=contig_1, start=110450, stop=110908, strand=-, nt=[ATGTTATCCA..TAAAGATTAA]
16:39:40.789 - INFO - CDS - contig=contig_1, start=111016, stop=111288, strand=+, nt=[ATGGATCAAA..ACTCTCTTAA]
16:39:40.789 - INFO - CDS - contig=contig_1, start=111607, stop=112167, strand=+, nt=[ATGGAAAGAC..TCAATTTTAA]
16:39:40.789 - INFO - CDS - contig=contig_1, start=112222, stop=112419, strand=+, nt=[ATGAATAAAA..AAAAAATTGA]
16:39:40.789 - INFO - CDS - contig=contig_1, start=112486, stop=113178, strand=+, nt=[ATGTTATCTA..TATCTATTAG]
16:39:40.789 - INFO - CDS - contig=contig_1, start=113221, stop=113517, strand=-, nt=[ATGTACAAAA..TTGGCAATAA]
16:39:40.789 - INFO - CDS - contig=contig_1, start=113587, stop=114297, strand=-, nt=[ATGAAATTAA..TACTAGGTGA]
16:39:40.789 - INFO - CDS - contig=contig_1, start=114300, stop=114626, strand=-, nt=[ATGGATATTA..GGAGAAATAA]
16:39:40.789 - INFO - CDS - contig=contig_1, start=114694, stop=115038, strand=-, nt=[ATGCCTAACA..TATAATTTAA]
16:39:40.789 - INFO - CDS - contig=contig_1, start=115123, stop=115518, strand=-, nt=[ATGAAAAAAG..TAGTGAATAG]
16:39:40.789 - INFO - CDS - contig=contig_1, start=115580, stop=115798, strand=-, nt=[ATGAAAGATC..GAGAAACTAG]
16:39:40.789 - INFO - CDS - contig=contig_1, start=115823, stop=117313, strand=-, nt=[GTGATCAGTA..TGAATCTTAA]
16:39:40.790 - INFO - CDS - contig=contig_1, start=117568, stop=117822, strand=-, nt=[ATGACAAATT..AATGTTATAA]
16:39:40.790 - INFO - CDS - contig=contig_1, start=118168, stop=118464, strand=+, nt=[ATGAATGTCA..AAAAAAATAA]
16:39:40.790 - INFO - CDS - contig=contig_1, start=118518, stop=118763, strand=-, nt=[ATGGAAAAAC..GAAAGCATAA]
16:39:40.790 - INFO - CDS - contig=contig_1, start=118729, stop=118866, strand=-, nt=[TTGTTAATCA..TAGAAGGTGA]
16:39:40.790 - INFO - CDS - contig=contig_1, start=118879, stop=119682, strand=-, nt=[ATGATTACTA..TATTAGCTAG]
16:39:40.790 - INFO - CDS - contig=contig_1, start=119736, stop=120272, strand=-, nt=[ATGTCTATTA..TGAAGAATGA]
16:39:40.790 - INFO - CDS - contig=contig_1, start=120346, stop=120492, strand=-, nt=[GTGAAAGAAA..GAATAAATAA]
16:39:40.790 - INFO - CDS - contig=contig_1, start=120508, stop=120711, strand=-, nt=[ATGAGTTTAT..TATTCGATAA]
16:39:40.790 - INFO - CDS - contig=contig_1, start=120811, stop=121617, strand=+, nt=[ATGGACTTAA..GGTAAATTGA]
16:39:40.790 - INFO - CDS - contig=contig_1, start=121664, stop=123709, strand=-, nt=[TTGGATAAAC..AATTAGCTAA]
16:39:40.790 - INFO - CDS - contig=contig_1, start=123774, stop=124055, strand=-, nt=[ATGGAAAAAC..AGATGTATAA]
16:39:40.790 - INFO - CDS - contig=contig_1, start=124101, stop=124337, strand=-, nt=[ATGGGAAAAG..TGATATCTAA]
16:39:40.790 - INFO - CDS - contig=contig_1, start=124340, stop=124504, strand=-, nt=[ATGGAAAAAG..GGGGAATTAA]
16:39:40.790 - INFO - CDS - contig=contig_1, start=124491, stop=125018, strand=-, nt=[ATGATAATTG..AAAAAGATAA]
16:39:40.790 - INFO - CDS - contig=contig_1, start=125101, stop=125508, strand=-, nt=[ATGGGGAATG..AATTTTATAA]
16:39:40.790 - INFO - CDS - contig=contig_1, start=125645, stop=125830, strand=-, nt=[ATGGGAGTGA..ACAAATATAA]
16:39:40.790 - INFO - CDS - contig=contig_1, start=125830, stop=127827, strand=-, nt=[ATGGATGACA..TGAAAAATAA]
16:39:40.790 - INFO - CDS - contig=contig_1, start=127857, stop=128309, strand=-, nt=[ATGGAAATAG..AGATTATTAA]
16:39:40.790 - INFO - CDS - contig=contig_1, start=128311, stop=128457, strand=-, nt=[ATGTTAATAC..GGAGTGTTAA]
16:39:40.790 - INFO - CDS - contig=contig_1, start=128476, stop=128868, strand=-, nt=[ATGAAAGTTG..AAAAATATAG]
16:39:40.790 - INFO - CDS - contig=contig_1, start=129049, stop=130314, strand=-, nt=[ATGTCAATCT..CGGAAAATAA]
16:39:40.790 - INFO - CDS - contig=contig_1, start=130423, stop=130680, strand=-, nt=[ATGGCAAATA..GGAAATATAA]
16:39:40.790 - INFO - CDS - contig=contig_1, start=130682, stop=131140, strand=-, nt=[ATGGAAAATT..GGATAAGTAA]
16:39:40.790 - INFO - CDS - contig=contig_1, start=131209, stop=131541, strand=-, nt=[ATGGGTAATA..AATTTTATAA]
16:39:40.790 - INFO - CDS - contig=contig_1, start=131556, stop=133202, strand=-, nt=[ATGTCATATA..AATCAAATAG]
16:39:40.790 - INFO - CDS - contig=contig_1, start=133435, stop=133836, strand=-, nt=[ATGCCTAACC..GGAATCCTAA]
16:39:40.790 - INFO - CDS - contig=contig_1, start=133859, stop=134809, strand=-, nt=[ATGAAGAACA..CAAAAAATAA]
16:39:40.790 - INFO - CDS - contig=contig_1, start=134924, stop=135928, strand=-, nt=[ATGGAGAATA..TTTTGGATAA]
16:39:40.790 - INFO - CDS - contig=contig_1, start=135933, stop=136166, strand=-, nt=[ATGAGTGTAG..AGGAAAGTGA]
16:39:40.790 - INFO - CDS - contig=contig_1, start=136326, stop=137357, strand=-, nt=[ATGCCTAGAA..TATTAAGTAG]
16:39:40.790 - INFO - CDS - contig=contig_1, start=137825, stop=138778, strand=-, nt=[ATGGATTTAA..TCCGCAATAG]
16:39:40.790 - INFO - CDS - contig=contig_1, start=138895, stop=140166, strand=-, nt=[ATGTCATTTT..AGCAATATAA]
16:39:40.790 - INFO - CDS - contig=contig_1, start=140253, stop=140675, strand=+, nt=[ATGAATGAAA..AATGAAATAA]
16:39:40.790 - INFO - CDS - contig=contig_1, start=140723, stop=141157, strand=-, nt=[TTGAGCAGAG..GATAATGTAA]
16:39:40.790 - INFO - CDS - contig=contig_1, start=141275, stop=142603, strand=-, nt=[ATGAGCAATA..ACGATTATAA]
16:39:40.790 - INFO - CDS - contig=contig_1, start=142910, stop=143470, strand=+, nt=[ATGATTCCAA..TCGTCTCTAG]
16:39:40.791 - INFO - CDS - contig=contig_1, start=143479, stop=143679, strand=+, nt=[ATGAATACAG..TGAGCGTTAA]
16:39:40.791 - INFO - CDS - contig=contig_1, start=143669, stop=143884, strand=+, nt=[ATGAGCGTTA..GAAACATTAA]
16:39:40.791 - INFO - CDS - contig=contig_1, start=144130, stop=144921, strand=-, nt=[ATGACACCAC..AAAAAAATAA]
16:39:40.791 - INFO - CDS - contig=contig_1, start=144952, stop=145701, strand=-, nt=[ATGGGGAGAA..AAATATATAA]
16:39:40.791 - INFO - CDS - contig=contig_1, start=145851, stop=148100, strand=+, nt=[ATGAAAACAT..ACATTATTAA]
16:39:40.791 - INFO - CDS - contig=contig_1, start=148147, stop=148773, strand=-, nt=[ATGGCAGACA..TGTTGCATAA]
16:39:40.791 - INFO - CDS - contig=contig_1, start=148793, stop=149002, strand=-, nt=[ATGAGTGCTA..ATTGAGATAA]
16:39:40.791 - INFO - CDS - contig=contig_1, start=149003, stop=149695, strand=-, nt=[ATGAAAAAAC..AAAGAGATAA]
16:39:40.791 - INFO - CDS - contig=contig_1, start=149727, stop=150077, strand=-, nt=[ATGTGGACTA..GAATCTTTAA]
16:39:40.791 - INFO - CDS - contig=contig_1, start=150090, stop=150713, strand=-, nt=[TTGGGAGTAA..AGGAAAATAG]
16:39:40.791 - INFO - CDS - contig=contig_1, start=151026, stop=152036, strand=-, nt=[ATGAATCTTT..AGTTATTTAA]
16:39:40.791 - INFO - CDS - contig=contig_1, start=152101, stop=152370, strand=-, nt=[ATGGAATATT..GAGAAACTAA]
16:39:40.791 - INFO - CDS - contig=contig_1, start=152385, stop=152984, strand=-, nt=[ATGGGTAGAT..TGAATTATAG]
16:39:40.791 - INFO - CDS - contig=contig_1, start=153006, stop=153281, strand=-, nt=[ATGGCAACAA..AGTAATTTAA]
16:39:40.791 - INFO - CDS - contig=contig_1, start=153299, stop=155878, strand=-, nt=[ATGTTTTTGC..TCTCTTATAA]
16:39:40.791 - INFO - CDS - contig=contig_1, start=155903, stop=156946, strand=-, nt=[ATGGCTTTAG..TGCTAGCTAA]
16:39:40.791 - INFO - CDS - contig=contig_1, start=157021, stop=157707, strand=-, nt=[ATGGGAATGC..TATTAGCTAA]
16:39:40.791 - INFO - CDS - contig=contig_1, start=157725, stop=158417, strand=-, nt=[ATGGGGCTTC..ACCACAGTAA]
16:39:40.791 - INFO - CDS - contig=contig_1, start=158434, stop=159135, strand=-, nt=[TTGGGTTTAC..TACAGTTTGA]
16:39:40.791 - INFO - CDS - contig=contig_1, start=159148, stop=159489, strand=-, nt=[ATGCCAAGTA..ATATGAATAG]
16:39:40.791 - INFO - CDS - contig=contig_1, start=159575, stop=160738, strand=-, nt=[ATGAATCACA..AAAACACTAA]
16:39:40.791 - INFO - CDS - contig=contig_1, start=160835, stop=162100, strand=+, nt=[ATGGTTAAGA..TAATTTATAA]
16:39:40.791 - INFO - CDS - contig=contig_1, start=162142, stop=162516, strand=-, nt=[ATGAGGAAAA..AACAGGTTGA]
16:39:40.791 - INFO - CDS - contig=contig_1, start=162543, stop=162914, strand=-, nt=[ATGAACTCAA..AGTTAAATAA]
16:39:40.791 - INFO - CDS - contig=contig_1, start=162941, stop=163129, strand=-, nt=[ATGATTGAAA..TAAAAAATAA]
16:39:40.791 - INFO - CDS - contig=contig_1, start=163191, stop=163382, strand=-, nt=[ATGAAAAATT..ACCGTATTAA]
16:39:40.791 - INFO - CDS - contig=contig_1, start=163452, stop=163913, strand=-, nt=[ATGATTCAAA..TGCTAATTAA]
16:39:40.791 - INFO - CDS - contig=contig_1, start=164113, stop=166215, strand=-, nt=[GTGTATGGGG..CGCTATTTAA]
16:39:40.791 - INFO - CDS - contig=contig_1, start=167027, stop=167245, strand=-, nt=[ATGGCAATTA..TAAACAGTAG]
16:39:40.791 - INFO - CDS - contig=contig_1, start=167393, stop=167839, strand=-, nt=[ATGAAGTACA..GGAGATTTAA]
16:39:40.791 - INFO - CDS - contig=contig_1, start=167826, stop=168728, strand=-, nt=[ATGAGGGATT..AGTACAATAA]
16:39:40.791 - INFO - CDS - contig=contig_1, start=168725, stop=169630, strand=-, nt=[ATGCTAATGA..CAGTAAATGA]
16:39:40.791 - INFO - CDS - contig=contig_1, start=169861, stop=170376, strand=-, nt=[ATGACAATGA..AAAATTTTAA]
16:39:40.791 - INFO - CDS - contig=contig_1, start=170437, stop=170847, strand=-, nt=[ATGAGTATTA..TAAGGTTTAA]
16:39:40.791 - INFO - CDS - contig=contig_1, start=170865, stop=171314, strand=-, nt=[ATGAAGAAAA..TATTAAGTAA]
16:39:40.791 - INFO - CDS - contig=contig_1, start=171425, stop=172570, strand=-, nt=[ATGTCTGAAT..ATCCCTATAA]
16:39:40.792 - INFO - CDS - contig=contig_1, start=172585, stop=173820, strand=-, nt=[ATGATTAAAA..GAATCTATAA]
16:39:40.792 - INFO - CDS - contig=contig_1, start=173832, stop=175064, strand=-, nt=[ATGGATATAA..TTCTATTTGA]
16:39:40.792 - INFO - CDS - contig=contig_1, start=175081, stop=175251, strand=-, nt=[ATGACAGATA..ATCATTATAA]
16:39:40.792 - INFO - CDS - contig=contig_1, start=175357, stop=175803, strand=+, nt=[ATGGGTAAAA..TGCAGTATAA]
16:39:40.792 - INFO - CDS - contig=contig_1, start=175847, stop=177010, strand=-, nt=[TTGAGTATTA..ACAACTTTAA]
16:39:40.792 - INFO - CDS - contig=contig_1, start=177023, stop=177157, strand=-, nt=[ATGATTGAAA..ATCATTGTAG]
16:39:40.792 - INFO - CDS - contig=contig_1, start=177384, stop=178082, strand=-, nt=[ATGAGTAAGG..TAAATTATAG]
16:39:40.792 - INFO - CDS - contig=contig_1, start=178094, stop=178189, strand=-, nt=[ATGAATAATT..TGCATTATAA]
16:39:40.792 - INFO - CDS - contig=contig_1, start=178182, stop=179597, strand=-, nt=[ATGTCTATTC..GAATGAATAA]
16:39:40.792 - INFO - CDS - contig=contig_1, start=179623, stop=180840, strand=-, nt=[ATGGAGAGAG..TTTAAAATAA]
16:39:40.792 - INFO - CDS - contig=contig_1, start=180897, stop=181691, strand=-, nt=[ATGGGTAAAA..ATTAAAATAA]
16:39:40.792 - INFO - CDS - contig=contig_1, start=181709, stop=182071, strand=-, nt=[ATGAATAAAA..TGATTTATAA]
16:39:40.792 - INFO - CDS - contig=contig_1, start=182085, stop=182882, strand=-, nt=[ATGAATAATA..AAAAATTTAA]
16:39:40.792 - INFO - CDS - contig=contig_1, start=182943, stop=185246, strand=-, nt=[ATGGTAACGA..ATATTTGTAA]
16:39:40.792 - INFO - CDS - contig=contig_1, start=185469, stop=185732, strand=-, nt=[ATGACGGTAG..TTATTCATAA]
16:39:40.792 - INFO - CDS - contig=contig_1, start=185745, stop=186467, strand=-, nt=[ATGCTTAATT..AATTAATTAG]
16:39:40.792 - INFO - CDS - contig=contig_1, start=186506, stop=186667, strand=-, nt=[TTGAATTACT..AAAAGGTTAA]
16:39:40.792 - INFO - CDS - contig=contig_1, start=186766, stop=187410, strand=+, nt=[ATGAAGAAGG..TAAACGATAA]
16:39:40.792 - INFO - CDS - contig=contig_1, start=187448, stop=187666, strand=-, nt=[ATGTATAATA..TAATAAATAA]
16:39:40.792 - INFO - CDS - contig=contig_1, start=187757, stop=188080, strand=-, nt=[ATGGACAATG..CTTAAGATAG]
16:39:40.792 - INFO - CDS - contig=contig_1, start=188083, stop=188817, strand=-, nt=[ATGACTAATT..AGCTAGATAA]
16:39:40.792 - INFO - CDS - contig=contig_1, start=188865, stop=190082, strand=-, nt=[TTGGCTGATA..AGTTAGATAG]
16:39:40.792 - INFO - CDS - contig=contig_1, start=190109, stop=190558, strand=-, nt=[ATGACAGAAG..TATTATTTAA]
16:39:40.792 - INFO - CDS - contig=contig_1, start=190555, stop=190719, strand=-, nt=[ATGATTAGGC..TAGTCTATGA]
16:39:40.792 - INFO - CDS - contig=contig_1, start=190732, stop=191367, strand=-, nt=[ATGATTTGTG..TATATCTTAA]
16:39:40.792 - INFO - CDS - contig=contig_1, start=191472, stop=193427, strand=+, nt=[ATGCTAGATG..GATTGCATAA]
16:39:40.792 - INFO - CDS - contig=contig_1, start=193443, stop=194015, strand=+, nt=[GTGTATATTA..AAAGAAATAG]
16:39:40.792 - INFO - CDS - contig=contig_1, start=194027, stop=196573, strand=+, nt=[ATGATAGTAG..TTCTTATTGA]
16:39:40.792 - INFO - CDS - contig=contig_1, start=196619, stop=197110, strand=-, nt=[ATGAATCAGA..TGCATTTTAA]
16:39:40.792 - INFO - CDS - contig=contig_1, start=197088, stop=197330, strand=-, nt=[ATGTCACTAC..AAAGAGATAA]
16:39:40.792 - INFO - CDS - contig=contig_1, start=197341, stop=199026, strand=-, nt=[ATGTATTTCA..TCCATTCTAA]
16:39:40.792 - INFO - CDS - contig=contig_1, start=199124, stop=199393, strand=-, nt=[ATGAGTAAAG..TTTAGGTTAA]
16:39:40.792 - INFO - CDS - contig=contig_1, start=199386, stop=200078, strand=-, nt=[ATGGATACAA..TAATGAGTAA]
16:39:40.792 - INFO - CDS - contig=contig_1, start=200059, stop=200607, strand=-, nt=[ATGAAGATAA..AAATTATTGA]
16:39:40.792 - INFO - CDS - contig=contig_1, start=200609, stop=201088, strand=-, nt=[ATGAAAAAAT..GCAATTGTAA]
16:39:40.792 - INFO - CDS - contig=contig_1, start=201088, stop=202200, strand=-, nt=[TTGAAGAATA..GGAAAAATAA]
16:39:40.793 - INFO - CDS - contig=contig_1, start=202307, stop=202510, strand=-, nt=[ATGTCAGAAA..TATGCTATAA]
16:39:40.793 - INFO - CDS - contig=contig_1, start=202707, stop=203414, strand=+, nt=[ATGATAGAAT..CTTCAAATAA]
16:39:40.793 - INFO - CDS - contig=contig_1, start=203431, stop=203625, strand=+, nt=[ATGGAAAATT..GAATAAATAA]
16:39:40.793 - INFO - CDS - contig=contig_1, start=203625, stop=204185, strand=+, nt=[ATGAATATTT..GGCAATATAA]
16:39:40.793 - INFO - CDS - contig=contig_1, start=204198, stop=204530, strand=+, nt=[ATGACTAATA..TTTAAAGTAA]
16:39:40.793 - INFO - CDS - contig=contig_1, start=204564, stop=205313, strand=+, nt=[ATGAGATTAA..TGAAAAGTAA]
16:39:40.793 - INFO - CDS - contig=contig_1, start=205392, stop=206009, strand=+, nt=[GTGAAGGTAA..TATGTCATGA]
16:39:40.793 - INFO - CDS - contig=contig_1, start=206022, stop=206417, strand=+, nt=[ATGCTAAAGA..TTTAGAATAA]
16:39:40.793 - INFO - CDS - contig=contig_1, start=206446, stop=206847, strand=+, nt=[ATGAATATAC..ACAGGCTTAA]
16:39:40.793 - INFO - CDS - contig=contig_1, start=206813, stop=207253, strand=+, nt=[ATGATGAAAA..AATAAGTTAA]
16:39:40.793 - INFO - CDS - contig=contig_1, start=207345, stop=207530, strand=+, nt=[ATGAATAATT..AGGGGCTTAA]
16:39:40.793 - INFO - CDS - contig=contig_1, start=207603, stop=207980, strand=+, nt=[ATGTCTACAA..ATTATCATAA]
16:39:40.793 - INFO - CDS - contig=contig_1, start=208042, stop=208974, strand=+, nt=[ATGAAAAAAA..ACTAAAATAA]
16:39:40.793 - INFO - CDS - contig=contig_1, start=208991, stop=211543, strand=+, nt=[ATGTTGAATG..CAAGGAGTGA]
16:39:40.793 - INFO - CDS - contig=contig_1, start=211551, stop=213884, strand=+, nt=[ATGTCAATTA..ATTAAAATAA]
16:39:40.793 - INFO - CDS - contig=contig_1, start=213908, stop=216739, strand=+, nt=[ATGGCTTATG..GATCCGCTAA]
16:39:40.793 - INFO - CDS - contig=contig_1, start=216862, stop=217449, strand=+, nt=[ATGCCTAACG..TATAGGTTAG]
16:39:40.793 - INFO - CDS - contig=contig_1, start=217461, stop=219260, strand=+, nt=[ATGGCTACAA..TGAAGGTTAA]
16:39:40.793 - INFO - CDS - contig=contig_1, start=219279, stop=223595, strand=+, nt=[ATGATAATTA..TAACACTTGA]
16:39:40.793 - INFO - CDS - contig=contig_1, start=223652, stop=224146, strand=+, nt=[ATGTTTAATG..TGGATATTGA]
16:39:40.793 - INFO - CDS - contig=contig_1, start=224146, stop=224685, strand=+, nt=[ATGGCTTATA..GGAAGGTTAG]
16:39:40.793 - INFO - CDS - contig=contig_1, start=224692, stop=225906, strand=+, nt=[ATGTCATTAA..ATTTAAATAA]
16:39:40.793 - INFO - CDS - contig=contig_1, start=226132, stop=227280, strand=+, nt=[ATGGGGAAGA..ACCTCTTTAA]
16:39:40.793 - INFO - CDS - contig=contig_1, start=227360, stop=227914, strand=+, nt=[ATGGAACTAA..ATACATTTAA]
16:39:40.793 - INFO - CDS - contig=contig_1, start=228375, stop=228716, strand=+, nt=[ATGGATATTA..AATTGATTAA]
16:39:40.793 - INFO - CDS - contig=contig_1, start=228709, stop=229023, strand=+, nt=[TTGATTAATA..TAAAATTTAA]
16:39:40.793 - INFO - CDS - contig=contig_1, start=229036, stop=229218, strand=+, nt=[ATGGCGTGGG..AAATAAATAA]
16:39:40.793 - INFO - CDS - contig=contig_1, start=229249, stop=229584, strand=+, nt=[TTGAAAAAAT..CTTAAATTAA]
16:39:40.793 - INFO - CDS - contig=contig_1, start=229597, stop=229851, strand=+, nt=[ATGACAACTA..GTATGACTAA]
16:39:40.793 - INFO - CDS - contig=contig_1, start=229876, stop=231573, strand=-, nt=[ATGGAAAACT..TAAAGGTTGA]
16:39:40.793 - INFO - CDS - contig=contig_1, start=231674, stop=232879, strand=-, nt=[TTGGAAAAAG..TATTGAGTAA]
16:39:40.793 - INFO - CDS - contig=contig_1, start=233052, stop=233717, strand=-, nt=[ATGATAAAAA..TAGAACTTAA]
16:39:40.793 - INFO - CDS - contig=contig_1, start=233775, stop=235991, strand=+, nt=[TTGGGAAGCA..GGAAGTTTAA]
16:39:40.793 - INFO - CDS - contig=contig_1, start=236041, stop=236775, strand=+, nt=[ATGACTGAAA..TTATGCATAA]
16:39:40.793 - INFO - CDS - contig=contig_1, start=236817, stop=236978, strand=-, nt=[ATGATCAAAG..AAATAAATAG]
16:39:40.793 - INFO - CDS - contig=contig_1, start=236995, stop=237237, strand=-, nt=[ATGCTAGATA..TAAGCAGTAA]
16:39:40.793 - INFO - CDS - contig=contig_1, start=237241, stop=237741, strand=-, nt=[ATGGTACAAA..GGAGAATTAA]
16:39:40.793 - INFO - CDS - contig=contig_1, start=237754, stop=238080, strand=-, nt=[ATGATAAAAA..AATAGAATAG]
16:39:40.793 - INFO - CDS - contig=contig_1, start=238141, stop=238596, strand=-, nt=[ATGTACAGAT..TGTGAAATAA]
16:39:40.793 - INFO - CDS - contig=contig_1, start=238623, stop=238859, strand=-, nt=[ATGAGATCAC..AGTAATCTAA]
16:39:40.793 - INFO - CDS - contig=contig_1, start=239060, stop=239344, strand=-, nt=[ATGAAATTAG..CTATTATTAA]
16:39:40.793 - INFO - CDS - contig=contig_1, start=239367, stop=240617, strand=-, nt=[ATGAGAGAAT..AGAACTATAA]
16:39:40.793 - INFO - CDS - contig=contig_1, start=240724, stop=241212, strand=-, nt=[ATGGCAATGA..TAATGACTAA]
16:39:40.794 - INFO - CDS - contig=contig_1, start=241241, stop=241609, strand=-, nt=[ATGGAACATT..ATTAGTTTAA]
16:39:40.794 - INFO - CDS - contig=contig_1, start=241629, stop=241808, strand=-, nt=[ATGGCTGTTA..AACAAGATAA]
16:39:40.794 - INFO - CDS - contig=contig_1, start=241821, stop=241967, strand=-, nt=[ATGAATTATT..AGTTTATTAA]
16:39:40.794 - INFO - CDS - contig=contig_1, start=242060, stop=242479, strand=-, nt=[ATGACACCTG..CAAAAAATAA]
16:39:40.794 - INFO - CDS - contig=contig_1, start=242519, stop=243289, strand=-, nt=[ATGACAATGT..CTCTAATTAG]
16:39:40.794 - INFO - CDS - contig=contig_1, start=243372, stop=243707, strand=-, nt=[ATGTTAAAAA..ACAATATTAA]
16:39:40.794 - INFO - CDS - contig=contig_1, start=244082, stop=244441, strand=-, nt=[GTGAATATAG..AAAATTTTAA]
16:39:40.794 - INFO - CDS - contig=contig_1, start=245002, stop=245706, strand=-, nt=[ATGTTAGTAC..TCTTGCATAA]
16:39:40.794 - INFO - CDS - contig=contig_1, start=245833, stop=246366, strand=+, nt=[ATGAAAAAGA..TGGAGAATAA]
16:39:40.794 - INFO - CDS - contig=contig_1, start=246408, stop=246863, strand=+, nt=[ATGGAACTAT..AGTAAAATAA]
16:39:40.794 - INFO - CDS - contig=contig_1, start=246905, stop=247672, strand=-, nt=[ATGACAAACA..ATTAAAATGA]
16:39:40.794 - INFO - CDS - contig=contig_1, start=247739, stop=248260, strand=-, nt=[ATGAAAAAGA..GTTTATTTAA]
16:39:40.794 - INFO - CDS - contig=contig_1, start=248441, stop=248824, strand=-, nt=[ATGAGTGAAG..TGCTGAATAA]
16:39:40.794 - INFO - CDS - contig=contig_1, start=248910, stop=249632, strand=-, nt=[ATGTTTAGAG..CTCCCTTTAG]
16:39:40.794 - INFO - CDS - contig=contig_1, start=249649, stop=250374, strand=-, nt=[ATGCATCATT..TTCAAAATAA]
16:39:40.794 - INFO - CDS - contig=contig_1, start=250380, stop=251162, strand=-, nt=[ATGAGAATTA..AGGAGAATAA]
16:39:40.794 - INFO - CDS - contig=contig_1, start=251328, stop=252044, strand=-, nt=[ATGAAAATAG..TAAAGAATAA]
16:39:40.794 - INFO - CDS - predicted=299
16:39:41.064 - INFO - ORF - discarded=0
16:39:41.294 - INFO - UPS - looked-up=285
16:39:41.528 - INFO - IPS - looked-up=285
16:39:41.529 - INFO - ORF - write internal aa seqs: # seqs=14, path=/tmp/tmpv14ws4vk/cds.psc.faa
16:40:49.637 - INFO - PSC - found: PSC=12, PSCC=0
16:40:49.846 - INFO - PSC - looked-up=297
16:40:50.020 - INFO - PSCC - looked-up=275
16:40:50.021 - INFO - ORF - write internal aa seqs: # seqs=299, path=/tmp/tmpv14ws4vk/cds.expert.faa
16:40:51.771 - INFO - EXPERT-AMRFINDER - found=0
16:40:53.056 - INFO - EXPERT_AA_SEQ - found=0
16:40:53.057 - INFO - ANNOTATION - marked as hypothetical: contig=contig_1, start=1778, stop=1894, strand=+
16:40:53.058 - INFO - ANNOTATION - fix product: replace domain name underscores. new=PA28-beta domain-containing protein, old=PA28_beta domain-containing protein
16:40:53.059 - INFO - ANNOTATION - marked as hypothetical: contig=contig_1, start=22810, stop=23640, strand=+
16:40:53.059 - INFO - ANNOTATION - fix gene: extract symbol from protein name. symbol=rusA
16:40:53.059 - INFO - ANNOTATION - marked as hypothetical: contig=contig_1, start=33648, stop=34049, strand=-
16:40:53.060 - INFO - ANNOTATION - fix product: replace domain name underscores. new=DEK-C domain-containing protein, old=DEK_C domain-containing protein
16:40:53.060 - INFO - ANNOTATION - fix product: replace domain name underscores. new=Hint-2 domain-containing protein, old=Hint_2 domain-containing protein
16:40:53.060 - INFO - ANNOTATION - fix product: replace domain name underscores. new=Ig-like-bact domain-containing protein, old=Ig-like_bact domain-containing protein
16:40:53.061 - INFO - ANNOTATION - marked as hypothetical: contig=contig_1, start=53707, stop=54222, strand=-
16:40:53.062 - INFO - ANNOTATION - fix product: replace domain name underscores. new=Hom-end-hint domain-containing protein, old=Hom_end_hint domain-containing protein
16:40:53.063 - INFO - ANNOTATION - fix product: replace domain name underscores. new=ADPrib-exo-Tox domain-containing protein, old=ADPrib_exo_Tox domain-containing protein
16:40:53.063 - INFO - ANNOTATION - fix product: replace domain name underscores. new=Rho-N domain-containing protein, old=Rho_N domain-containing protein
16:40:53.063 - INFO - ANNOTATION - marked as hypothetical: contig=contig_1, start=66891, stop=67178, strand=-
16:40:53.063 - INFO - ANNOTATION - fix gene: extract symbol from protein name. symbol=nrnB
16:40:53.064 - INFO - ANNOTATION - marked as hypothetical: contig=contig_1, start=82580, stop=82759, strand=+
16:40:53.065 - INFO - ANNOTATION - fix gene: extract symbol from protein name. symbol=sbcC
16:40:53.065 - INFO - ANNOTATION - marked as hypothetical: contig=contig_1, start=88335, stop=88835, strand=+
16:40:53.065 - INFO - ANNOTATION - fix product: revise DUF. new=DUF600 domain-containing protein, old=DUF600 family protein
16:40:53.066 - INFO - ANNOTATION - fix product: replace domain name underscores. new=ADPrib-exo-Tox domain-containing protein, old=ADPrib_exo_Tox domain-containing protein
16:40:53.066 - INFO - ANNOTATION - fix product: replace domain name underscores. new=RNA-pol-A-CTD domain-containing protein, old=RNA_pol_A_CTD domain-containing protein
16:40:53.067 - INFO - ANNOTATION - fix gene: extract symbol from protein name. symbol=incA
16:40:53.067 - INFO - ANNOTATION - marked as hypothetical: contig=contig_1, start=114694, stop=115038, strand=-
16:40:53.068 - INFO - ANNOTATION - fix gene: lowercase first char. new=uGI, old=UGI
16:40:53.068 - INFO - ANNOTATION - fix gene: lowercase first char. new=uGI, old=UGI
16:40:53.068 - INFO - ANNOTATION - marked as hypothetical: contig=contig_1, start=120346, stop=120492, strand=-
16:40:53.069 - INFO - ANNOTATION - marked as hypothetical: contig=contig_1, start=125101, stop=125508, strand=-
16:40:53.069 - INFO - ANNOTATION - marked as hypothetical: contig=contig_1, start=128311, stop=128457, strand=-
16:40:53.069 - INFO - ANNOTATION - fix product: replace domain name underscores. new=OrfB-Zn-ribbon domain-containing protein, old=OrfB_Zn_ribbon domain-containing protein
16:40:53.071 - INFO - ANNOTATION - fix gene: extract symbol from protein name. symbol=vbhA
16:40:53.071 - INFO - ANNOTATION - marked as hypothetical: contig=contig_1, start=143669, stop=143884, strand=+
16:40:53.071 - INFO - ANNOTATION - fix gene: extract symbol from protein name. symbol=yopX
16:40:53.072 - INFO - ANNOTATION - fix product: replace domain name underscores. new=Cauli-VI domain-containing protein, old=Cauli_VI domain-containing protein
16:40:53.072 - INFO - ANNOTATION - fix product: replace domain name underscores. new=Lant-dehydr-N domain-containing protein, old=Lant_dehydr_N domain-containing protein
16:40:53.072 - INFO - ANNOTATION - fix product: replace domain name underscores. new=Fimbrillin-C domain-containing protein, old=Fimbrillin_C domain-containing protein
16:40:53.072 - INFO - ANNOTATION - fix product: replace domain name underscores. new=PP-pnuc-1 domain-containing protein, old=PP_pnuc_1 domain-containing protein
16:40:53.072 - INFO - ANNOTATION - fix product: replace domain name underscores. new=Peptidase-M48 domain-containing protein, old=Peptidase_M48 domain-containing protein
16:40:53.072 - INFO - ANNOTATION - fix product: replace domain name underscores. new=Fn3-like domain-containing protein, old=Fn3_like domain-containing protein
16:40:53.073 - INFO - ANNOTATION - fix product: replace domain name underscores. new=PepSY-like domain-containing protein, old=PepSY_like domain-containing protein
16:40:53.073 - INFO - ANNOTATION - fix gene: extract symbol from protein name. symbol=dnaJ
16:40:53.073 - INFO - ANNOTATION - fix gene: extract symbol from protein name. symbol=yopX
16:40:53.073 - INFO - ANNOTATION - marked as hypothetical: contig=contig_1, start=171425, stop=172570, strand=-
16:40:53.074 - INFO - ANNOTATION - marked as hypothetical: contig=contig_1, start=177384, stop=178082, strand=-
16:40:53.074 - INFO - ANNOTATION - marked as hypothetical: contig=contig_1, start=178094, stop=178189, strand=-
16:40:53.074 - INFO - ANNOTATION - fix product: replace putative synonyms. new=putative metal-dependent peptidase, old=Predicted metal-dependent peptidase
16:40:53.074 - INFO - ANNOTATION - fix product: replace domain name underscores. new=Peptidase-M15-4 domain-containing protein, old=Peptidase_M15_4 domain-containing protein
16:40:53.074 - INFO - ANNOTATION - marked as hypothetical: contig=contig_1, start=187448, stop=187666, strand=-
16:40:53.075 - INFO - ANNOTATION - marked as hypothetical: contig=contig_1, start=197088, stop=197330, strand=-
16:40:53.075 - INFO - ANNOTATION - fix gene: extract symbol from protein name. symbol=dprA
16:40:53.075 - INFO - ANNOTATION - marked as hypothetical: contig=contig_1, start=200609, stop=201088, strand=-
16:40:53.076 - INFO - ANNOTATION - marked as hypothetical: contig=contig_1, start=202707, stop=203414, strand=+
16:40:53.076 - INFO - ANNOTATION - marked as hypothetical: contig=contig_1, start=203431, stop=203625, strand=+
16:40:53.076 - INFO - ANNOTATION - fix product: replace domain name underscores. new=H-lectin domain-containing protein, old=H_lectin domain-containing protein
16:40:53.077 - INFO - ANNOTATION - fix gene: extract symbol from protein name. symbol=cdvA
16:40:53.077 - INFO - ANNOTATION - marked as hypothetical: contig=contig_1, start=228375, stop=228716, strand=+
16:40:53.078 - INFO - ANNOTATION - fix gene: extract symbol from protein name. symbol=yycH
16:40:53.078 - INFO - ANNOTATION - fix product: replace Homolog. new=t-SNARE coiled-coil-like y domain-containing protein, old=t-SNARE coiled-coil homology domain-containing protein
16:40:53.078 - INFO - ANNOTATION - fix gene: extract symbol from protein name. symbol=ysxE
16:40:53.079 - INFO - ANNOTATION - marked as hypothetical: contig=contig_1, start=249649, stop=250374, strand=-
16:40:53.079 - INFO - ORF - write internal aa seqs: # seqs=22, path=/tmp/tmpv14ws4vk/cds.pseudo.candidates.faa
16:42:10.442 - INFO - CDS - found: pseudogene-candidates=1
16:42:13.573 - INFO - CDS - found: pseudogenes=0
16:42:13.578 - INFO - PSC - looked-up=0
16:42:13.579 - INFO - PSCC - looked-up=0
16:42:17.286 - INFO - CDS - predicted-pfams=0, CDS-w/-pfams=0
16:42:17.552 - INFO - S_ORF - predicted=4018
16:42:17.993 - INFO - S_ORF - sORF filter: # valid=490, # discarded=3528
16:42:18.151 - INFO - ORF - discarded=0
16:42:18.543 - INFO - UPS - looked-up=0
16:42:18.546 - INFO - IPS - looked-up=0
16:42:18.546 - INFO - ORF - write internal aa seqs: # seqs=490, path=/tmp/tmpv14ws4vk/sorf.faa
16:42:18.855 - INFO - S_ORF - found=0
16:42:18.857 - INFO - PSC - looked-up=0
16:42:18.858 - INFO - PSCC - looked-up=0
16:42:20.360 - INFO - ORI - predicted=0
16:42:20.796 - INFO - ORI - predicted=0
16:42:20.799 - INFO - UTILS - generated sequence tag prefix: prefix=MINLODADJF, length=10, MD5=62758DAD3F444A5FA6DA98846C3C18FD
16:42:20.800 - INFO - MAIN - selected features=300
16:42:20.802 - INFO - UTILS - generated sequence tag prefix: prefix=MINLOD, length=6, MD5=62758DAD3F444A5FA6DA98846C3C18FD
16:42:20.802 - INFO - MAIN - locus tag prefix=MINLOD
16:42:20.804 - INFO - UTILS - genome-size=252136
16:42:20.808 - INFO - UTILS - GC=0.277
16:42:20.809 - INFO - UTILS - N=0.000
16:42:20.809 - INFO - UTILS - N50=252136
16:42:20.809 - INFO - UTILS - coding-ratio=0.898
16:42:20.811 - INFO - TSV - write tsv: path=/net/holy-nfsisilon/ifs/rc_labs/eddy_lab/users/lmerk/phage_groupII/data/bakta_output/LC680884/LC680884.tsv
16:42:20.833 - INFO - GFF - write GFF3: path=/net/holy-nfsisilon/ifs/rc_labs/eddy_lab/users/lmerk/phage_groupII/data/bakta_output/LC680884/LC680884.gff3
16:42:20.884 - INFO - INSDC - write GenBank: path=/net/holy-nfsisilon/ifs/rc_labs/eddy_lab/users/lmerk/phage_groupII/data/bakta_output/LC680884/LC680884.gbff
16:42:20.939 - INFO - INSDC - write EMBL: path=/net/holy-nfsisilon/ifs/rc_labs/eddy_lab/users/lmerk/phage_groupII/data/bakta_output/LC680884/LC680884.embl
16:42:20.978 - INFO - FASTA - write genome sequences: path=/net/holy-nfsisilon/ifs/rc_labs/eddy_lab/users/lmerk/phage_groupII/data/bakta_output/LC680884/LC680884.fna, description=True, wrap=True
16:42:20.988 - INFO - FASTA - write feature nucleotide sequences: path=/net/holy-nfsisilon/ifs/rc_labs/eddy_lab/users/lmerk/phage_groupII/data/bakta_output/LC680884/LC680884.ffn
16:42:20.996 - INFO - FASTA - write translated CDS/sORF: path=/net/holy-nfsisilon/ifs/rc_labs/eddy_lab/users/lmerk/phage_groupII/data/bakta_output/LC680884/LC680884.faa
16:42:21.070 - INFO - PLOT - write circular genome plot: file-name=LC680884, output-dir=/net/holy-nfsisilon/ifs/rc_labs/eddy_lab/users/lmerk/phage_groupII/data/bakta_output/LC680884
16:42:32.948 - INFO - TSV - write hypothetical tsv: path=/net/holy-nfsisilon/ifs/rc_labs/eddy_lab/users/lmerk/phage_groupII/data/bakta_output/LC680884/LC680884.hypotheticals.tsv
16:42:32.953 - INFO - FASTA - write translated CDS/sORF: path=/net/holy-nfsisilon/ifs/rc_labs/eddy_lab/users/lmerk/phage_groupII/data/bakta_output/LC680884/LC680884.hypotheticals.faa
16:42:32.959 - INFO - JSON - write JSON: path=/net/holy-nfsisilon/ifs/rc_labs/eddy_lab/users/lmerk/phage_groupII/data/bakta_output/LC680884/LC680884.json
16:42:33.023 - INFO - MAIN - removed tmp dir: /tmp/tmpv14ws4vk
