Discrepancy Report Results

Summary
FATAL: MISSING_PROTEIN_ID:28 proteins have invalid IDs.
DISC_SOURCE_QUALS_ASNDISC:strain (all present, all unique)
DISC_SOURCE_QUALS_ASNDISC:taxname (all present, all unique)
DISC_FEATURE_COUNT:CDS: 28 present
DISC_COUNT_NUCLEOTIDES:1 nucleotide Bioseqs are present
FEATURE_LOCATION_CONFLICT:28 features have inconsistent gene locations.
OVERLAPPING_CDS:12 coding regions overlap another coding region with a similar or identical name.
DISC_QUALITY_SCORES:Quality scores are missing on all sequences.
ONCALLER_COMMENT_PRESENT:1 comment descriptors were found (all same)
MISSING_GENOMEASSEMBLY_COMMENTS:1 bioseqs are missing GenomeAssembly structured comments
MOLTYPE_NOT_MRNA:1 molecule types are not set as mRNA.
TECHNIQUE_NOT_TSA:1 technique are not set as TSA
MISSING_STRUCTURED_COMMENT:1 sequences do not include structured comments.
MISSING_PROJECT:29 sequences do not include project.
DISC_INCONSISTENT_MOLINFO_TECH:Molinfo Technique Report (some missing, all same)


Detailed Report

FATAL: DiscRep_ALL:MISSING_PROTEIN_ID::28 proteins have invalid IDs.
GenomesDB/HQ906664/HQ906664:HQ906664_1 (length 497)
GenomesDB/HQ906664/HQ906664:HQ906664_2 (length 143)
GenomesDB/HQ906664/HQ906664:HQ906664_3 (length 154)
GenomesDB/HQ906664/HQ906664:HQ906664_4 (length 242)
GenomesDB/HQ906664/HQ906664:HQ906664_5 (length 386)
GenomesDB/HQ906664/HQ906664:HQ906664_6 (length 264)
GenomesDB/HQ906664/HQ906664:HQ906664_7 (length 111)
GenomesDB/HQ906664/HQ906664:HQ906664_8 (length 84)
GenomesDB/HQ906664/HQ906664:HQ906664_9 (length 154)
GenomesDB/HQ906664/HQ906664:HQ906664_10 (length 157)
GenomesDB/HQ906664/HQ906664:HQ906664_11 (length 166)
GenomesDB/HQ906664/HQ906664:HQ906664_12 (length 101)
GenomesDB/HQ906664/HQ906664:HQ906664_13 (length 334)
GenomesDB/HQ906664/HQ906664:HQ906664_14 (length 122)
GenomesDB/HQ906664/HQ906664:HQ906664_15 (length 348)
GenomesDB/HQ906664/HQ906664:HQ906664_16 (length 471)
GenomesDB/HQ906664/HQ906664:HQ906664_17 (length 175)
GenomesDB/HQ906664/HQ906664:HQ906664_18 (length 58)
GenomesDB/HQ906664/HQ906664:HQ906664_19 (length 74)
GenomesDB/HQ906664/HQ906664:HQ906664_20 (length 336)
GenomesDB/HQ906664/HQ906664:HQ906664_21 (length 201)
GenomesDB/HQ906664/HQ906664:HQ906664_22 (length 492)
GenomesDB/HQ906664/HQ906664:HQ906664_23 (length 161)
GenomesDB/HQ906664/HQ906664:HQ906664_24 (length 406)
GenomesDB/HQ906664/HQ906664:HQ906664_25 (length 109)
GenomesDB/HQ906664/HQ906664:HQ906664_26 (length 164)
GenomesDB/HQ906664/HQ906664:HQ906664_27 (length 273)
GenomesDB/HQ906664/HQ906664:HQ906664_28 (length 273)

DiscRep_ALL:DISC_SOURCE_QUALS_ASNDISC::strain (all present, all unique)
DiscRep_SUB:DISC_SOURCE_QUALS_ASNDISC::1 sources have unique values for strain
DiscRep_ALL:DISC_SOURCE_QUALS_ASNDISC::taxname (all present, all unique)
DiscRep_SUB:DISC_SOURCE_QUALS_ASNDISC::1 sources have unique values for taxname
DiscRep_ALL:DISC_FEATURE_COUNT::CDS: 28 present
DiscRep_ALL:DISC_COUNT_NUCLEOTIDES::1 nucleotide Bioseqs are present
GenomesDB/HQ906664/HQ906664:HQ906664 (length 21272)

DiscRep_ALL:FEATURE_LOCATION_CONFLICT::28 features have inconsistent gene locations.
DiscRep_SUB:FEATURE_LOCATION_CONFLICT::Coding region xref gene does not exist
GenomesDB/HQ906664/HQ906664:CDS	unannotated protein	HQ906664:c1523-30	HQ906664_00001

DiscRep_SUB:FEATURE_LOCATION_CONFLICT::Coding region xref gene does not exist
GenomesDB/HQ906664/HQ906664:CDS	unannotated protein	HQ906664:c1964-1533	HQ906664_00002

DiscRep_SUB:FEATURE_LOCATION_CONFLICT::Coding region xref gene does not exist
GenomesDB/HQ906664/HQ906664:CDS	unannotated protein	HQ906664:c2463-1999	HQ906664_00003

DiscRep_SUB:FEATURE_LOCATION_CONFLICT::Coding region xref gene does not exist
GenomesDB/HQ906664/HQ906664:CDS	unannotated protein	HQ906664:c3230-2502	HQ906664_00004

DiscRep_SUB:FEATURE_LOCATION_CONFLICT::Coding region xref gene does not exist
GenomesDB/HQ906664/HQ906664:CDS	unannotated protein	HQ906664:c4575-3415	HQ906664_00005

DiscRep_SUB:FEATURE_LOCATION_CONFLICT::Coding region xref gene does not exist
GenomesDB/HQ906664/HQ906664:CDS	unannotated protein	HQ906664:c5369-4575	HQ906664_00006

DiscRep_SUB:FEATURE_LOCATION_CONFLICT::Coding region xref gene does not exist
GenomesDB/HQ906664/HQ906664:CDS	unannotated protein	HQ906664:c5707-5372	HQ906664_00007

DiscRep_SUB:FEATURE_LOCATION_CONFLICT::Coding region xref gene does not exist
GenomesDB/HQ906664/HQ906664:CDS	unannotated protein	HQ906664:c5983-5729	HQ906664_00008

DiscRep_SUB:FEATURE_LOCATION_CONFLICT::Coding region xref gene does not exist
GenomesDB/HQ906664/HQ906664:CDS	unannotated protein	HQ906664:c6453-5989	HQ906664_00009

DiscRep_SUB:FEATURE_LOCATION_CONFLICT::Coding region xref gene does not exist
GenomesDB/HQ906664/HQ906664:CDS	unannotated protein	HQ906664:c6913-6440	HQ906664_00010

DiscRep_SUB:FEATURE_LOCATION_CONFLICT::Coding region xref gene does not exist
GenomesDB/HQ906664/HQ906664:CDS	unannotated protein	HQ906664:c7410-6910	HQ906664_00011

DiscRep_SUB:FEATURE_LOCATION_CONFLICT::Coding region xref gene does not exist
GenomesDB/HQ906664/HQ906664:CDS	unannotated protein	HQ906664:c7717-7412	HQ906664_00012

DiscRep_SUB:FEATURE_LOCATION_CONFLICT::Coding region xref gene does not exist
GenomesDB/HQ906664/HQ906664:CDS	unannotated protein	HQ906664:c8818-7814	HQ906664_00013

DiscRep_SUB:FEATURE_LOCATION_CONFLICT::Coding region xref gene does not exist
GenomesDB/HQ906664/HQ906664:CDS	unannotated protein	HQ906664:c9212-8844	HQ906664_00014

DiscRep_SUB:FEATURE_LOCATION_CONFLICT::Coding region xref gene does not exist
GenomesDB/HQ906664/HQ906664:CDS	unannotated protein	HQ906664:c10336-9290	HQ906664_00015

DiscRep_SUB:FEATURE_LOCATION_CONFLICT::Coding region xref gene does not exist
GenomesDB/HQ906664/HQ906664:CDS	unannotated protein	HQ906664:c11748-10333	HQ906664_00016

DiscRep_SUB:FEATURE_LOCATION_CONFLICT::Coding region xref gene does not exist
GenomesDB/HQ906664/HQ906664:CDS	unannotated protein	HQ906664:c12269-11742	HQ906664_00017

DiscRep_SUB:FEATURE_LOCATION_CONFLICT::Coding region xref gene does not exist
GenomesDB/HQ906664/HQ906664:CDS	unannotated protein	HQ906664:c12429-12253	HQ906664_00018

DiscRep_SUB:FEATURE_LOCATION_CONFLICT::Coding region xref gene does not exist
GenomesDB/HQ906664/HQ906664:CDS	unannotated protein	HQ906664:c12650-12426	HQ906664_00019

DiscRep_SUB:FEATURE_LOCATION_CONFLICT::Coding region xref gene does not exist
GenomesDB/HQ906664/HQ906664:CDS	unannotated protein	HQ906664:c13664-12654	HQ906664_00020

DiscRep_SUB:FEATURE_LOCATION_CONFLICT::Coding region xref gene does not exist
GenomesDB/HQ906664/HQ906664:CDS	unannotated protein	HQ906664:c14479-13874	HQ906664_00021

DiscRep_SUB:FEATURE_LOCATION_CONFLICT::Coding region xref gene does not exist
GenomesDB/HQ906664/HQ906664:CDS	unannotated protein	HQ906664:c15954-14476	HQ906664_00022

DiscRep_SUB:FEATURE_LOCATION_CONFLICT::Coding region xref gene does not exist
GenomesDB/HQ906664/HQ906664:CDS	unannotated protein	HQ906664:c16448-15963	HQ906664_00023

DiscRep_SUB:FEATURE_LOCATION_CONFLICT::Coding region xref gene does not exist
GenomesDB/HQ906664/HQ906664:CDS	unannotated protein	HQ906664:c17685-16465	HQ906664_00024

DiscRep_SUB:FEATURE_LOCATION_CONFLICT::Coding region xref gene does not exist
GenomesDB/HQ906664/HQ906664:CDS	unannotated protein	HQ906664:c18137-17808	HQ906664_00025

DiscRep_SUB:FEATURE_LOCATION_CONFLICT::Coding region xref gene does not exist
GenomesDB/HQ906664/HQ906664:CDS	unannotated protein	HQ906664:18837-19331	HQ906664_00026

DiscRep_SUB:FEATURE_LOCATION_CONFLICT::Coding region xref gene does not exist
GenomesDB/HQ906664/HQ906664:CDS	unannotated protein	HQ906664:19426-20247	HQ906664_00027

DiscRep_SUB:FEATURE_LOCATION_CONFLICT::Coding region xref gene does not exist
GenomesDB/HQ906664/HQ906664:CDS	unannotated protein	HQ906664:20259-21080	HQ906664_00028

DiscRep_ALL:OVERLAPPING_CDS::12 coding regions overlap another coding region with a similar or identical name.
DiscRep_SUB:OVERLAPPING_CDS::12 coding regions overlap another coding region with a similar or identical name that do not have the appropriate note text
GenomesDB/HQ906664/HQ906664:CDS	unannotated protein	HQ906664:c4575-3415	HQ906664_00005
GenomesDB/HQ906664/HQ906664:CDS	unannotated protein	HQ906664:c5369-4575	HQ906664_00006
GenomesDB/HQ906664/HQ906664:CDS	unannotated protein	HQ906664:c6453-5989	HQ906664_00009
GenomesDB/HQ906664/HQ906664:CDS	unannotated protein	HQ906664:c6913-6440	HQ906664_00010
GenomesDB/HQ906664/HQ906664:CDS	unannotated protein	HQ906664:c7410-6910	HQ906664_00011
GenomesDB/HQ906664/HQ906664:CDS	unannotated protein	HQ906664:c10336-9290	HQ906664_00015
GenomesDB/HQ906664/HQ906664:CDS	unannotated protein	HQ906664:c11748-10333	HQ906664_00016
GenomesDB/HQ906664/HQ906664:CDS	unannotated protein	HQ906664:c12269-11742	HQ906664_00017
GenomesDB/HQ906664/HQ906664:CDS	unannotated protein	HQ906664:c12429-12253	HQ906664_00018
GenomesDB/HQ906664/HQ906664:CDS	unannotated protein	HQ906664:c12650-12426	HQ906664_00019
GenomesDB/HQ906664/HQ906664:CDS	unannotated protein	HQ906664:c14479-13874	HQ906664_00021
GenomesDB/HQ906664/HQ906664:CDS	unannotated protein	HQ906664:c15954-14476	HQ906664_00022

DiscRep_ALL:DISC_QUALITY_SCORES::Quality scores are missing on all sequences.

DiscRep_ALL:ONCALLER_COMMENT_PRESENT::1 comment descriptors were found (all same)
GenomesDB/HQ906664/HQ906664:HQ906664:Annotated using prokka 1.14.6 from https://github.com/tseemann/prokka

DiscRep_ALL:MISSING_GENOMEASSEMBLY_COMMENTS::1 bioseqs are missing GenomeAssembly structured comments
GenomesDB/HQ906664/HQ906664:HQ906664 (length 21272)

DiscRep_ALL:MOLTYPE_NOT_MRNA::1 molecule types are not set as mRNA.
GenomesDB/HQ906664/HQ906664:HQ906664 (length 21272)

DiscRep_ALL:TECHNIQUE_NOT_TSA::1 technique are not set as TSA
GenomesDB/HQ906664/HQ906664:HQ906664 (length 21272)

DiscRep_ALL:MISSING_STRUCTURED_COMMENT::1 sequences do not include structured comments.
GenomesDB/HQ906664/HQ906664:HQ906664 (length 21272)

DiscRep_ALL:MISSING_PROJECT::29 sequences do not include project.
GenomesDB/HQ906664/HQ906664:HQ906664 (length 21272)
GenomesDB/HQ906664/HQ906664:HQ906664_1 (length 497)
GenomesDB/HQ906664/HQ906664:HQ906664_2 (length 143)
GenomesDB/HQ906664/HQ906664:HQ906664_3 (length 154)
GenomesDB/HQ906664/HQ906664:HQ906664_4 (length 242)
GenomesDB/HQ906664/HQ906664:HQ906664_5 (length 386)
GenomesDB/HQ906664/HQ906664:HQ906664_6 (length 264)
GenomesDB/HQ906664/HQ906664:HQ906664_7 (length 111)
GenomesDB/HQ906664/HQ906664:HQ906664_8 (length 84)
GenomesDB/HQ906664/HQ906664:HQ906664_9 (length 154)
GenomesDB/HQ906664/HQ906664:HQ906664_10 (length 157)
GenomesDB/HQ906664/HQ906664:HQ906664_11 (length 166)
GenomesDB/HQ906664/HQ906664:HQ906664_12 (length 101)
GenomesDB/HQ906664/HQ906664:HQ906664_13 (length 334)
GenomesDB/HQ906664/HQ906664:HQ906664_14 (length 122)
GenomesDB/HQ906664/HQ906664:HQ906664_15 (length 348)
GenomesDB/HQ906664/HQ906664:HQ906664_16 (length 471)
GenomesDB/HQ906664/HQ906664:HQ906664_17 (length 175)
GenomesDB/HQ906664/HQ906664:HQ906664_18 (length 58)
GenomesDB/HQ906664/HQ906664:HQ906664_19 (length 74)
GenomesDB/HQ906664/HQ906664:HQ906664_20 (length 336)
GenomesDB/HQ906664/HQ906664:HQ906664_21 (length 201)
GenomesDB/HQ906664/HQ906664:HQ906664_22 (length 492)
GenomesDB/HQ906664/HQ906664:HQ906664_23 (length 161)
GenomesDB/HQ906664/HQ906664:HQ906664_24 (length 406)
GenomesDB/HQ906664/HQ906664:HQ906664_25 (length 109)
GenomesDB/HQ906664/HQ906664:HQ906664_26 (length 164)
GenomesDB/HQ906664/HQ906664:HQ906664_27 (length 273)
GenomesDB/HQ906664/HQ906664:HQ906664_28 (length 273)

DiscRep_ALL:DISC_INCONSISTENT_MOLINFO_TECH::Molinfo Technique Report (some missing, all same)
DiscRep_SUB:DISC_INCONSISTENT_MOLINFO_TECH::technique (all missing)
DiscRep_SUB:DISC_INCONSISTENT_MOLINFO_TECH::1 Molinfos are missing field technique
GenomesDB/HQ906664/HQ906664:HQ906664 (length 21272)

