# target name        accession  query name           accession  hmmfrom hmm to alifrom  ali to envfrom  env to  sq len strand   E-value  score  bias  description of target
#------------------- ---------- -------------------- ---------- ------- ------- ------- ------- ------- ------- ------- ------ --------- ------ ----- ---------------------
MT836602             -          An.v.I1              -              969    1636    4181    4818    4160    4848   16695    +     9.6e-20   76.4  12.2  UNVERIFIED: Bacteriophage sp. clone scaffold_2602 genomic sequence.
KT887559             -          An.v.I1              -              929    1507    1400    1953    1376    1973   32637    +     2.3e-10   45.3   7.7  Pseudomonas phage phi3, complete genome.
NC_030940            -          An.v.I1              -              929    1507    1400    1953    1376    1973   32637    +     2.3e-10   45.3   7.7  Pseudomonas phage phi3, complete genome.
MK448731             -          An.v.I1              -              934    1464   13226   13735   13206   13756   35793    +     1.4e-08   39.4  25.7  Streptococcus phage Javan33, complete genome.
MK448781             -          An.v.I1              -              934    1464   10860   11369   10840   11390   40382    +     1.4e-08   39.4  25.7  Streptococcus phage Javan5, complete genome.
MK448888             -          An.v.I1              -              934    1464   11198   11707   11178   11728   33765    +     1.4e-08   39.4  25.7  Streptococcus phage Javan26, complete genome.
MT836027             -          An.v.I1              -              940    1619    8705    7987    8727    7963   13768    -     8.3e-07   33.5  15.2  UNVERIFIED: Bacteriophage sp. clone scaffold_1234 genomic sequence.
ON470608             -          An.v.I1              -              970    1465    5393    4910    5414    4881   46651    -     2.5e-05   28.6   5.4  Escherichia phage vB_EcoS-733R5, complete genome.
MK448228             -          An.v.I1              -              970    1465    1896    1413    1917    1384   46342    -       3e-05   28.4   5.5  Klebsiella phage ST15-VIM1phi2.1, complete genome.
ON470622             -          An.v.I1              -              970    1465   41258   41741   41237   41770   46650    +       3e-05   28.4   5.5  Escherichia phage vB_EcoS-716R3, partial genome.
ON107264             -          An.v.I1              -              819    1365   86026   86584   86004   86605  133818    +      0.0044   21.2  16.5  Bacillus phage BUCT083, complete genome.
LC727904             -          An.v.I1              -              964    1362    5954    5535    5986    5512   60207    -       0.031   18.4   2.4  StxXX-converting phage Stx1_JNE110649 DNA, complete genome.
MN270258             -          An.v.I1              -              967    1368   81303   81707   81283   81772  110666    +        0.43   14.6  24.3  Streptococcus phage phi-SgaBSJ27_rum, complete genome.
MN270259             -          An.v.I1              -              967    1368   81339   81743   81319   81808  106491    +        0.43   14.6  24.3  Streptococcus phage phi-SgaBSJ31_rum, complete genome.
MT836071             -          An.v.I1              -              964    1360   21166   20764   21227   20736   25949    -         0.8   13.7  11.0  UNVERIFIED: Bacteriophage sp. clone scaffold_1347 genomic sequence.
MT836602             -          Cc.w.I1              -              646    1864    3867    4979    3845    5054   16695    +     7.6e-26   97.2  35.4  UNVERIFIED: Bacteriophage sp. clone scaffold_2602 genomic sequence.
KT887559             -          Cc.w.I1              -              786    1928    1263    2291    1240    2331   32637    +     2.5e-18   72.2  21.0  Pseudomonas phage phi3, complete genome.
NC_030940            -          Cc.w.I1              -              786    1928    1263    2291    1240    2331   32637    +     2.5e-18   72.2  21.0  Pseudomonas phage phi3, complete genome.
MK448731             -          Cc.w.I1              -              911    1879   13206   14078   13184   14111   35793    +     2.9e-13   55.4  53.8  Streptococcus phage Javan33, complete genome.
MK448781             -          Cc.w.I1              -              911    1879   10840   11712   10818   11745   40382    +     2.9e-13   55.4  53.8  Streptococcus phage Javan5, complete genome.
MK448888             -          Cc.w.I1              -              911    1879   11178   12050   11156   12083   33765    +     2.9e-13   55.4  53.8  Streptococcus phage Javan26, complete genome.
MT836071             -          Cc.w.I1              -              816    1342   21314   20779   21335   20757   25949    -     1.6e-06   33.1  16.6  UNVERIFIED: Bacteriophage sp. clone scaffold_1347 genomic sequence.
ON470622             -          Cc.w.I1              -              831    1349   41110   41652   41090   41669   46650    +     2.1e-06   32.7   8.9  Escherichia phage vB_EcoS-716R3, partial genome.
MK448228             -          Cc.w.I1              -              831    1349    2044    1502    2064    1484   46342    -     2.1e-06   32.7   8.9  Klebsiella phage ST15-VIM1phi2.1, complete genome.
ON470608             -          Cc.w.I1              -              831    1349    5541    4999    5561    4982   46651    -     5.6e-06   31.3   8.7  Escherichia phage vB_EcoS-733R5, complete genome.
MN270258             -          Cc.w.I1              -              958    1345   81294   81687   81256   81710  110666    +     8.5e-05   27.4  22.4  Streptococcus phage phi-SgaBSJ27_rum, complete genome.
MN270259             -          Cc.w.I1              -              958    1345   81330   81723   81292   81746  106491    +     8.5e-05   27.4  22.4  Streptococcus phage phi-SgaBSJ31_rum, complete genome.
MT836027             -          Cc.w.I1              -             1015    2453    8624    7033    8691    7013   13768    -     0.00013   26.8  27.0  UNVERIFIED: Bacteriophage sp. clone scaffold_1234 genomic sequence.
OP745618             -          Cc.w.I1              -             2171    2313   40348   40490   40323   40511   40894    +       0.024   19.3   1.0  Salmonella phage F1055, complete genome.
AY055382             -          Cc.w.I1              -             2172    2314   39872   40014   39852   40034   40149    +        0.11   17.1   0.4  Salmonella typhimurium phage ST64B complete sequence.
NC_004313            -          Cc.w.I1              -             2172    2314   39872   40014   39852   40034   40149    +        0.11   17.1   0.4  Salmonella phage ST64B, complete genome.
ON470584             -          Cc.w.I1              -             2167    2312   19467   19319   19487   19295   43469    -        0.44   15.1   0.9  Escherichia phage vB_EcoM-689R6, partial genome.
ON470603             -          Cc.w.I1              -             2222    2357   19432   19305   19457   19285   35056    -         2.9   12.4   0.4  Escherichia phage vB_EcoM-720R4, complete genome.
JX509734             -          Cc.w.I1              -             2223    2310   38198   38285   38176   38306   38389    +         4.2   11.9   1.4  Enterobacteria phage SfI, complete genome.
NC_027339            -          Cc.w.I1              -             2223    2310   38198   38285   38176   38306   38389    +         4.2   11.9   1.4  Enterobacteria phage SfI, complete genome.
KX581090             -          Cc.w.I1              -             2126    2368   26259   26484   26165   26508   53226    +         6.4   11.3   8.0  Vibrio phage Her, complete genome.
KX581091             -          Cc.w.I1              -             2126    2368   26259   26484   26165   26508   53226    +         6.4   11.3   8.0  Vibrio phage Cla, complete genome.
KX581092             -          Cc.w.I1              -             2126    2368   26259   26484   26165   26508   53226    +         6.4   11.3   8.0  Vibrio phage Len, complete genome.
KX581093             -          Cc.w.I1              -             2126    2368   26260   26485   26166   26509   53227    +         6.4   11.3   8.0  Vibrio phage Pel, complete genome.
KX581094             -          Cc.w.I1              -             2126    2368   26259   26484   26165   26508   53286    +         6.4   11.3   8.0  Vibrio phage pVa-2, complete genome.
KX581095             -          Cc.w.I1              -             2126    2368   26260   26485   26166   26509   53227    +         6.4   11.3   8.0  Vibrio phage pVa-1, complete genome.
KX581096             -          Cc.w.I1              -             2126    2368   26260   26485   26166   26509   53227    +         6.4   11.3   8.0  Vibrio phage vB_VspP_pVa5_12Jun, complete genome.
KX581097             -          Cc.w.I1              -             2126    2368   26260   26485   26166   26509   53227    +         6.4   11.3   8.0  Vibrio phage pVa-6, complete genome.
KX581098             -          Cc.w.I1              -             2126    2368   26264   26489   26170   26513   53216    +         6.4   11.3   8.0  Vibrio phage VaK, complete genome.
KX581099             -          Cc.w.I1              -             2126    2368   26259   26484   26165   26508   53226    +         6.4   11.3   8.0  Vibrio phage Strym, complete genome.
KY658675             -          Cc.w.I1              -             2126    2368   26258   26483   26164   26507   53224    +         6.4   11.3   8.0  Vibrio phage H20, complete genome.
KY658677             -          Cc.w.I1              -             2126    2368   26275   26500   26181   26524   53242    +         6.4   11.3   8.0  Vibrio phage P3, complete genome.
KY658679             -          Cc.w.I1              -             2126    2368   27328   27553   27234   27577   54295    +         6.4   11.3   8.0  Vibrio phage pVa-4, complete genome.
KY658680             -          Cc.w.I1              -             2126    2368   26260   26485   26166   26509   53227    +         6.4   11.3   8.0  Vibrio phage pVa-8, complete genome.
MK672799             -          Cc.w.I1              -             2126    2368   45039   44814   45133   44790   54432    -         6.4   11.3   8.0  Vibrio phage Va_90-11-287_p41, complete genome.
MK672800             -          Cc.w.I1              -             2126    2368   45039   44814   45133   44790   54432    -         6.4   11.3   8.0  Vibrio phage Va_90-11-287_p41_Ba35, complete genome.
MK672801             -          Cc.w.I1              -             2126    2368   45039   44814   45133   44790   54432    -         6.4   11.3   8.0  Vibrio phage Va_90-11-287_p41_T265, complete genome.
MK672803             -          Cc.w.I1              -             2126    2368   26484   26259   26578   26235   54138    -         6.4   11.3   8.0  Vibrio phage Va_91-7-154_p41, complete genome.
MK672804             -          Cc.w.I1              -             2126    2368   16226   16001   16320   15977   54138    -         6.4   11.3   8.0  Vibrio phage Va_178/90_p41, complete genome.
KX581100             -          Cc.w.I1              -             2126    2368   27301   27526   27208   27550   54268    +         6.4   11.2   8.0  Vibrio phage pVa-7, complete genome.
KY658673             -          Cc.w.I1              -             2126    2368   19182   19407   19089   19431   46149    +         6.4   11.2   8.0  Vibrio phage H2 PGK-2017, complete genome.
KY658674             -          Cc.w.I1              -             2126    2368   19190   19415   19097   19439   46157    +         6.4   11.2   8.0  Vibrio phage H8, complete genome.
KY658676             -          Cc.w.I1              -             2126    2368   19182   19407   19089   19431   46149    +         6.4   11.2   8.0  Vibrio phage P2, complete genome.
KY658678             -          Cc.w.I1              -             2126    2368   27377   27602   27284   27626   54344    +         6.4   11.2   8.0  Vibrio phage pVa-3, complete genome.
KU927493             -          Cc.w.I1              -             2223    2312   37685   37774   37662   37795   77375    +         7.2   11.1   0.0  Salmonella phage 118970_sal3, complete genome.
NC_031940            -          Cc.w.I1              -             2223    2312   37685   37774   37662   37795   77375    +         7.2   11.1   0.0  Salmonella phage 118970_sal3, complete genome.
KU927493             -          Cc.w.I1              -             2222    2312   77148   77238   77126   77259   77375    +         7.4   11.0   0.0  Salmonella phage 118970_sal3, complete genome.
NC_031940            -          Cc.w.I1              -             2222    2312   77148   77238   77126   77259   77375    +         7.4   11.0   0.0  Salmonella phage 118970_sal3, complete genome.
KC814930             -          Cc.w.I1              -             2223    2313   39584   39674   39561   39695   39758    +           9   10.7   0.6  Shigella phage SfIV, complete genome.
NC_022749            -          Cc.w.I1              -             2223    2313   39584   39674   39561   39695   39758    +           9   10.7   0.6  Shigella phage SfIV, complete genome.
OR799564             -          Cc.w.I1              -             2223    2313   39584   39674   39561   39695   39758    +           9   10.7   0.6  Shigella phage VIT_AJPSC, complete genome.
MT836602             -          Cc.w.I3              -              500    1849    3438    4806    3414    4830   16695    +     9.1e-26   96.6  34.6  UNVERIFIED: Bacteriophage sp. clone scaffold_2602 genomic sequence.
KT887559             -          Cc.w.I3              -              996    2680    1260    2815    1238    2836   32637    +     1.1e-15   63.2  31.7  Pseudomonas phage phi3, complete genome.
NC_030940            -          Cc.w.I3              -              996    2680    1260    2815    1238    2836   32637    +     1.1e-15   63.2  31.7  Pseudomonas phage phi3, complete genome.
MK448888             -          Cc.w.I3              -             1124    2086   11178   12029   11157   12051   33765    +     1.6e-13   56.0  52.0  Streptococcus phage Javan26, complete genome.
MK448731             -          Cc.w.I3              -             1124    2086   13206   14057   13186   14079   35793    +     1.7e-13   55.9  52.1  Streptococcus phage Javan33, complete genome.
MK448781             -          Cc.w.I3              -             1124    2086   10840   11691   10820   11713   40382    +     1.7e-13   55.9  52.1  Streptococcus phage Javan5, complete genome.
MT836071             -          Cc.w.I3              -             1029    1555   21314   20779   21335   20757   25949    -     6.4e-11   47.4  16.7  UNVERIFIED: Bacteriophage sp. clone scaffold_1347 genomic sequence.
MN270258             -          Cc.w.I3              -             1154    1561   81283   81690   81244   81735  110666    +     2.2e-07   35.6  23.8  Streptococcus phage phi-SgaBSJ27_rum, complete genome.
MN270259             -          Cc.w.I3              -             1154    1561   81319   81726   81280   81771  106491    +     2.2e-07   35.6  23.8  Streptococcus phage phi-SgaBSJ31_rum, complete genome.
ON470622             -          Cc.w.I3              -             1037    1562   41100   41652   41079   41666   46650    +     3.3e-07   35.1   8.8  Escherichia phage vB_EcoS-716R3, partial genome.
MK448228             -          Cc.w.I3              -             1037    1562    2054    1502    2075    1487   46342    -     3.3e-07   35.1   8.8  Klebsiella phage ST15-VIM1phi2.1, complete genome.
ON470608             -          Cc.w.I3              -             1037    1562    5551    4999    5572    4985   46651    -     1.2e-06   33.2   8.7  Escherichia phage vB_EcoS-733R5, complete genome.
ON107264             -          Cc.w.I3              -             1106    1562   86108   86571   86068   86592  133818    +       4e-05   28.2  14.3  Bacillus phage BUCT083, complete genome.
MT836027             -          Cc.w.I3              -             1190    1850    8662    7981    8688    7960   13768    -      0.0075   20.6  14.1  UNVERIFIED: Bacteriophage sp. clone scaffold_1234 genomic sequence.
ON470612             -          Cc.w.I3              -             2454    2545   31556   31647   31533   31685   53425    +        0.21   15.8   1.8  Escherichia phage vB_EcoS-640R1, partial genome.
ON470619             -          Cc.w.I3              -             2454    2545   14280   14189   14303   14151   40475    -        0.21   15.8   1.8  Escherichia phage vB_EcoS-813R8, partial genome.
ON470621             -          Cc.w.I3              -             2454    2545   12287   12196   12310   12158   17893    -        0.21   15.8   1.8  Escherichia phage vB_EcoS-716R1, complete genome.
ON470607             -          Cc.w.I3              -             2454    2545   12595   12504   12618   12467   18201    -        0.22   15.8   1.8  Escherichia phage vB_EcoS-733R4, partial genome.
ON470600             -          Cc.w.I3              -             2455    2544    8982    8893    9007    8873   11121    -        0.43   14.8   1.8  Escherichia phage vB_EcoS-569R6, partial genome.
ON470580             -          Cc.w.I3              -             2455    2544   14487   14398   14511   14378   38458    -        0.43   14.8   1.7  Escherichia phage vB_EcoM-606R7, partial genome.
ON470586             -          Cc.w.I3              -             2455    2544   12298   12209   12322   12189   21467    -        0.43   14.8   1.7  Escherichia phage vB_EcoS-611R1, complete genome.
OP745618             -          Cc.w.I3              -             2399    2542   40348   40491   40320   40511   40894    +         1.4   13.1   0.9  Salmonella phage F1055, complete genome.
MT835550             -          Cc.w.I3              -             1277    1770   10654   11135   10633   11156   34009    +         3.3   11.8   9.4  UNVERIFIED: Bacteriophage sp. clone scaffold_153 genomic sequence.
ON470583             -          Cc.w.I3              -             2454    2544   21857   21947   21825   21967   36681    +         3.8   11.7   1.7  Escherichia phage vB_EcoS-689R5, partial genome.
AJ298298             -          Cc.w.I3              -             2453    2544   21630   21721   21609   21741   42575    +         4.6   11.4   7.1  Bacteriophage P27 complete genome.
NC_003356            -          Cc.w.I3              -             2453    2544   21630   21721   21609   21741   42575    +         4.6   11.4   7.1  Enterobacteria phage phiP27, complete genome.
AY055382             -          Cc.w.I3              -             2394    2542   39866   40014   39819   40034   40149    +         5.1   11.2   0.7  Salmonella typhimurium phage ST64B complete sequence.
NC_004313            -          Cc.w.I3              -             2394    2542   39866   40014   39819   40034   40149    +         5.1   11.2   0.7  Salmonella phage ST64B, complete genome.
MZ422438             -          Cc.w.I3              -             2637    2689  163939  163887  163959  163867  223580    -         5.1   11.2   3.9  Listeria phage LPJP1, complete genome.
MG592575             -          Cc.w.I3              -             1620    1806   35943   35772   35955   35752   57861    -         6.6   10.9   4.9  Vibrio phage 1.205.O._10N.222.51.A7, partial genome.
LN997803             -          Cc.w.I3              -             2455    2543   13301   13213   13325   13192   38594    -         7.8   10.6   2.4  Escherichia coli phage phi467.
MT836602             -          Cc.w.I5              -              885    2110    3868    4991    3845    5014   16695    +     1.5e-22   85.9  32.7  UNVERIFIED: Bacteriophage sp. clone scaffold_2602 genomic sequence.
KT887559             -          Cc.w.I5              -             1019    2111    1258    2239    1237    2301   32637    +     2.8e-17   68.4  20.5  Pseudomonas phage phi3, complete genome.
NC_030940            -          Cc.w.I5              -             1019    2111    1258    2239    1237    2301   32637    +     2.8e-17   68.4  20.5  Pseudomonas phage phi3, complete genome.
MK448731             -          Cc.w.I5              -             1150    2081   13207   14045   13186   14068   35793    +     4.4e-13   54.5  50.8  Streptococcus phage Javan33, complete genome.
MK448781             -          Cc.w.I5              -             1150    2081   10841   11679   10820   11702   40382    +     4.4e-13   54.5  50.8  Streptococcus phage Javan5, complete genome.
MK448888             -          Cc.w.I5              -             1150    2081   11179   12017   11158   12040   33765    +     4.4e-13   54.5  50.8  Streptococcus phage Javan26, complete genome.
MT836071             -          Cc.w.I5              -             1054    1672   21314   20699   21335   20675   25949    -     6.9e-13   53.9  18.9  UNVERIFIED: Bacteriophage sp. clone scaffold_1347 genomic sequence.
MT836027             -          Cc.w.I5              -             1210    1942    8667    7916    8683    7850   13768    -     6.6e-07   34.1  19.5  UNVERIFIED: Bacteriophage sp. clone scaffold_1234 genomic sequence.
ON107264             -          Cc.w.I5              -             1066    1596   86062   86574   85983   86596  133818    +     8.2e-06   30.4  16.8  Bacillus phage BUCT083, complete genome.
MN270258             -          Cc.w.I5              -             1195    1682   81296   81778   81251   81799  110666    +     1.8e-05   29.3  28.7  Streptococcus phage phi-SgaBSJ27_rum, complete genome.
MN270259             -          Cc.w.I5              -             1195    1682   81332   81814   81287   81835  106491    +     1.8e-05   29.3  28.7  Streptococcus phage phi-SgaBSJ31_rum, complete genome.
ON470622             -          Cc.w.I5              -             1061    1591   41099   41650   41078   41673   46650    +     0.00011   26.7   9.5  Escherichia phage vB_EcoS-716R3, partial genome.
MK448228             -          Cc.w.I5              -             1061    1591    2055    1504    2077    1481   46342    -     0.00011   26.7   9.5  Klebsiella phage ST15-VIM1phi2.1, complete genome.
ON470608             -          Cc.w.I5              -             1061    1591    5552    5001    5573    4978   46651    -     0.00032   25.1   9.3  Escherichia phage vB_EcoS-733R5, complete genome.
OP745618             -          Cc.w.I5              -             2402    2550   40344   40492   40323   40513   40894    +       0.032   18.5   1.1  Salmonella phage F1055, complete genome.
AY055382             -          Cc.w.I5              -             2458    2551   39923   40016   39901   40036   40149    +        0.17   16.1   0.7  Salmonella typhimurium phage ST64B complete sequence.
NC_004313            -          Cc.w.I5              -             2458    2551   39923   40016   39901   40036   40149    +        0.17   16.1   0.7  Salmonella phage ST64B, complete genome.
ON470584             -          Cc.w.I5              -             2408    2550   19458   19316   19478   19295   43469    -        0.94   13.7   0.8  Escherichia phage vB_EcoM-689R6, partial genome.
KU927493             -          Cc.w.I5              -             2458    2550   37685   37777   37664   37797   77375    +        0.95   13.6   0.2  Salmonella phage 118970_sal3, complete genome.
NC_031940            -          Cc.w.I5              -             2458    2550   37685   37777   37664   37797   77375    +        0.95   13.6   0.2  Salmonella phage 118970_sal3, complete genome.
KU927493             -          Cc.w.I5              -             2458    2550   77149   77241   77128   77261   77375    +           1   13.6   0.2  Salmonella phage 118970_sal3, complete genome.
NC_031940            -          Cc.w.I5              -             2458    2550   77149   77241   77128   77261   77375    +           1   13.6   0.2  Salmonella phage 118970_sal3, complete genome.
JX509734             -          Cc.w.I5              -             2458    2550   38198   38290   38177   38309   38389    +         2.2   12.4   1.7  Enterobacteria phage SfI, complete genome.
NC_027339            -          Cc.w.I5              -             2458    2550   38198   38290   38177   38309   38389    +         2.2   12.4   1.7  Enterobacteria phage SfI, complete genome.
ON470607             -          Cc.w.I5              -             2461    2553   12595   12503   12616   12465   18201    -         2.2   12.4   1.7  Escherichia phage vB_EcoS-733R4, partial genome.
ON470612             -          Cc.w.I5              -             2461    2553   31556   31648   31535   31686   53425    +         2.2   12.4   1.7  Escherichia phage vB_EcoS-640R1, partial genome.
ON470619             -          Cc.w.I5              -             2461    2553   14280   14188   14301   14150   40475    -         2.2   12.4   1.7  Escherichia phage vB_EcoS-813R8, partial genome.
ON470621             -          Cc.w.I5              -             2461    2553   12287   12195   12308   12157   17893    -         2.2   12.4   1.7  Escherichia phage vB_EcoS-716R1, complete genome.
ON470583             -          Cc.w.I5              -             2462    2551   21858   21947   21835   21967   36681    +         3.5   11.8   1.6  Escherichia phage vB_EcoS-689R5, partial genome.
KC814930             -          Cc.w.I5              -             2458    2550   39584   39676   39563   39697   39758    +           4   11.6   0.9  Shigella phage SfIV, complete genome.
NC_022749            -          Cc.w.I5              -             2458    2550   39584   39676   39563   39697   39758    +           4   11.6   0.9  Shigella phage SfIV, complete genome.
OR799564             -          Cc.w.I5              -             2458    2550   39584   39676   39563   39697   39758    +           4   11.6   0.9  Shigella phage VIT_AJPSC, complete genome.
ON470603             -          Cc.w.I5              -             2457    2550   19432   19339   19452   19318   35056    -         4.7   11.3   0.9  Escherichia phage vB_EcoM-720R4, complete genome.
ON470580             -          Cc.w.I5              -             2462    2551   14487   14398   14509   14378   38458    -         4.8   11.3   1.7  Escherichia phage vB_EcoM-606R7, partial genome.
ON470586             -          Cc.w.I5              -             2462    2551   12298   12209   12320   12189   21467    -         4.8   11.3   1.7  Escherichia phage vB_EcoS-611R1, complete genome.
ON470600             -          Cc.w.I5              -             2462    2551    8982    8893    9004    8873   11121    -         4.8   11.3   1.7  Escherichia phage vB_EcoS-569R6, partial genome.
MZ422438             -          Cc.w.I5              -             2644    2688  163939  163895  163959  163874  223580    -         5.1   11.2   2.7  Listeria phage LPJP1, complete genome.
MT836602             -          Cc.w.I6              -             1132    1685    4194    4798    4173    4826   16695    +     0.00015   26.4   9.2  UNVERIFIED: Bacteriophage sp. clone scaffold_2602 genomic sequence.
KT887559             -          Cc.w.I6              -             1082    1730    1400    2088    1378    2110   32637    +     0.00035   25.2   7.9  Pseudomonas phage phi3, complete genome.
NC_030940            -          Cc.w.I6              -             1082    1730    1400    2088    1378    2110   32637    +     0.00035   25.2   7.9  Pseudomonas phage phi3, complete genome.
MK448731             -          Cc.w.I6              -             1096    1687   13235   13865   13214   13885   35793    +     0.00056   24.5  32.0  Streptococcus phage Javan33, complete genome.
MK448781             -          Cc.w.I6              -             1096    1687   10869   11499   10848   11519   40382    +     0.00056   24.5  32.0  Streptococcus phage Javan5, complete genome.
MK448888             -          Cc.w.I6              -             1096    1687   11207   11837   11186   11857   33765    +     0.00056   24.5  32.0  Streptococcus phage Javan26, complete genome.
MT836027             -          Cc.w.I6              -             1105    1514    8687    8260    8724    8195   13768    -       0.077   17.4   9.5  UNVERIFIED: Bacteriophage sp. clone scaffold_1234 genomic sequence.
KT887559             -          Cc.w.I7              -              870    1500    1406    2075    1380    2108   32637    +       1e-10   47.1   7.4  Pseudomonas phage phi3, complete genome.
NC_030940            -          Cc.w.I7              -              870    1500    1406    2075    1380    2108   32637    +       1e-10   47.1   7.4  Pseudomonas phage phi3, complete genome.
MK448731             -          Cc.w.I7              -              869    1501   13226   13906   13205   13960   35793    +      0.0015   23.4  39.8  Streptococcus phage Javan33, complete genome.
MK448781             -          Cc.w.I7              -              869    1501   10860   11540   10839   11594   40382    +      0.0015   23.4  39.8  Streptococcus phage Javan5, complete genome.
MK448888             -          Cc.w.I7              -              869    1501   11198   11878   11177   11932   33765    +      0.0015   23.4  39.8  Streptococcus phage Javan26, complete genome.
ON107264             -          Cc.w.I7              -              962    1292   86243   86579   86219   86601  133818    +         3.5   12.2   8.1  Bacillus phage BUCT083, complete genome.
MT836602             -          Cx.sp.I1             -              923    2413    4167    5539    4127    5561   16695    +     1.5e-18   73.0  39.8  UNVERIFIED: Bacteriophage sp. clone scaffold_2602 genomic sequence.
MK448731             -          Cx.sp.I1             -              900    1443   13224   13755   13190   13785   35793    +     1.4e-16   66.5  31.8  Streptococcus phage Javan33, complete genome.
MK448888             -          Cx.sp.I1             -              900    1443   11196   11727   11162   11757   33765    +     1.4e-16   66.5  31.8  Streptococcus phage Javan26, complete genome.
MK448781             -          Cx.sp.I1             -              900    1443   10858   11389   10825   11418   40382    +     1.4e-16   66.5  31.6  Streptococcus phage Javan5, complete genome.
KT887559             -          Cx.sp.I1             -              898    2413    1401    2810    1246    2830   32637    +     7.7e-16   64.0  29.0  Pseudomonas phage phi3, complete genome.
NC_030940            -          Cx.sp.I1             -              898    2413    1401    2810    1246    2830   32637    +     7.7e-16   64.0  29.0  Pseudomonas phage phi3, complete genome.
MT836027             -          Cx.sp.I1             -              863    1616    8743    7961    8768    7937   13768    -     3.8e-11   48.4  18.1  UNVERIFIED: Bacteriophage sp. clone scaffold_1234 genomic sequence.
ON107264             -          Cx.sp.I1             -              618    1349   85878   86600   85850   86620  133818    +     2.6e-08   39.0  23.0  Bacillus phage BUCT083, complete genome.
ON470608             -          Cx.sp.I1             -              918    1620    5417    4707    5440    4686   46651    -     8.9e-08   37.3   9.5  Escherichia phage vB_EcoS-733R5, complete genome.
LC727904             -          Cx.sp.I1             -              812    1333    6089    5532    6110    5470   60207    -     1.4e-07   36.6   2.6  StxXX-converting phage Stx1_JNE110649 DNA, complete genome.
MK448228             -          Cx.sp.I1             -              918    1619    1920    1211    1943    1191   46342    -     1.9e-07   36.1   9.5  Klebsiella phage ST15-VIM1phi2.1, complete genome.
ON470622             -          Cx.sp.I1             -              918    1619   41234   41943   41211   41965   46650    +     2.3e-07   35.9   9.4  Escherichia phage vB_EcoS-716R3, partial genome.
MT836071             -          Cx.sp.I1             -              789    1350   21315   20742   21333   20716   25949    -     1.1e-06   33.7  17.2  UNVERIFIED: Bacteriophage sp. clone scaffold_1347 genomic sequence.
MN270258             -          Cx.sp.I1             -              889    1333   81260   81704   81240   81727  110666    +     4.5e-06   31.6  24.5  Streptococcus phage phi-SgaBSJ27_rum, complete genome.
MN270259             -          Cx.sp.I1             -              889    1333   81296   81740   81276   81763  106491    +     4.5e-06   31.6  24.5  Streptococcus phage phi-SgaBSJ31_rum, complete genome.
AY055382             -          Cx.sp.I1             -             2193    2289   39930   40026   39909   40047   40149    +        0.43   15.1   0.9  Salmonella typhimurium phage ST64B complete sequence.
NC_004313            -          Cx.sp.I1             -             2193    2289   39930   40026   39909   40047   40149    +        0.43   15.1   0.9  Salmonella phage ST64B, complete genome.
KU927493             -          Cx.sp.I1             -             2192    2289   77155   77252   77135   77272   77375    +         1.3   13.5   0.8  Salmonella phage 118970_sal3, complete genome.
NC_031940            -          Cx.sp.I1             -             2192    2289   77155   77252   77135   77272   77375    +         1.3   13.5   0.8  Salmonella phage 118970_sal3, complete genome.
MK416021             -          Cx.sp.I1             -             2193    2293    6646    6746    6625    6794   38370    +         1.7   13.1   1.9  Klebsiella phage ST846-OXA48phi9.1, complete genome.
OK490419             -          Cx.sp.I1             -             2193    2329   19161   19288   19140   19313   45913    +         1.9   13.0   1.7  UNVERIFIED: Klebsiella phage Kp4865-4, complete genome.
KY695241             -          Cx.sp.I1             -             2374    2416       4      46       2      53   11696    +         3.3   12.2   0.7  Wolbachia phage sr1WOdamA clone contig3 genomic sequence.
KC736978             -          Cx.sp.I1             -             2193    2288   41366   41461   41345   41471   41475    +         3.5   12.1   1.4  Shigella phage SfII, complete genome.
NC_021857            -          Cx.sp.I1             -             2193    2288   41366   41461   41345   41471   41475    +         3.5   12.1   1.4  Shigella phage SfII, complete genome.
ON470584             -          Cx.sp.I1             -             2192    2289   19402   19305   19422   19284   43469    -         3.9   11.9   0.8  Escherichia phage vB_EcoM-689R6, partial genome.
KU927493             -          Cx.sp.I1             -             2192    2282   37691   37781   37671   37803   77375    +         4.2   11.8   0.3  Salmonella phage 118970_sal3, complete genome.
NC_031940            -          Cx.sp.I1             -             2192    2282   37691   37781   37671   37803   77375    +         4.2   11.8   0.3  Salmonella phage 118970_sal3, complete genome.
ON470607             -          Cx.sp.I1             -             2193    2284   12591   12500   12612   12477   18201    -         4.2   11.8   2.2  Escherichia phage vB_EcoS-733R4, partial genome.
ON470612             -          Cx.sp.I1             -             2193    2284   31560   31651   31539   31674   53425    +         4.2   11.8   2.2  Escherichia phage vB_EcoS-640R1, partial genome.
ON470619             -          Cx.sp.I1             -             2193    2284   14276   14185   14297   14162   40475    -         4.2   11.8   2.2  Escherichia phage vB_EcoS-813R8, partial genome.
ON470621             -          Cx.sp.I1             -             2193    2284   12283   12192   12304   12169   17893    -         4.2   11.8   2.2  Escherichia phage vB_EcoS-716R1, complete genome.
JX509734             -          Cx.sp.I1             -             2192    2289   38204   38301   38184   38321   38389    +         4.3   11.8   2.7  Enterobacteria phage SfI, complete genome.
NC_027339            -          Cx.sp.I1             -             2192    2289   38204   38301   38184   38321   38389    +         4.3   11.8   2.7  Enterobacteria phage SfI, complete genome.
ON470580             -          Cx.sp.I1             -             2193    2284   14484   14393   14505   14372   38458    -         5.2   11.5   2.1  Escherichia phage vB_EcoM-606R7, partial genome.
ON470586             -          Cx.sp.I1             -             2193    2284   12295   12204   12316   12183   21467    -         5.2   11.5   2.1  Escherichia phage vB_EcoS-611R1, complete genome.
ON470600             -          Cx.sp.I1             -             2193    2284    8979    8888    9000    8867   11121    -         5.2   11.5   2.1  Escherichia phage vB_EcoS-569R6, partial genome.
MW358929             -          Cx.sp.I1             -             2193    2289   40709   40805   40689   40826   41059    +         7.3   11.0   2.4  Providencia phage PSTRCR_117lys, complete genome.
KT887559             -          G.v.I1               -              744    1808    1237    2253    1213    2504   32637    +     1.8e-22   85.5  24.4  Pseudomonas phage phi3, complete genome.
NC_030940            -          G.v.I1               -              744    1808    1237    2253    1213    2504   32637    +     1.8e-22   85.5  24.4  Pseudomonas phage phi3, complete genome.
MT836602             -          G.v.I1               -              241    1682    3400    4880    3372    4984   16695    +     4.4e-16   64.3  39.3  UNVERIFIED: Bacteriophage sp. clone scaffold_2602 genomic sequence.
ON470608             -          G.v.I1               -              942    1327    5399    5002    5470    4980   46651    -     0.00015   26.1   6.4  Escherichia phage vB_EcoS-733R5, complete genome.
MK448228             -          G.v.I1               -              942    1327    1902    1505    1972    1483   46342    -     0.00016   26.0   6.5  Klebsiella phage ST15-VIM1phi2.1, complete genome.
ON470622             -          G.v.I1               -              942    1327   41252   41649   41181   41671   46650    +     0.00016   26.0   6.5  Escherichia phage vB_EcoS-716R3, partial genome.
MK448731             -          G.v.I1               -             1226    1404   13546   13739   13525   13766   35793    +     0.00028   25.2   7.2  Streptococcus phage Javan33, complete genome.
MK448781             -          G.v.I1               -             1226    1404   11180   11373   11159   11400   40382    +     0.00028   25.2   7.2  Streptococcus phage Javan5, complete genome.
MK448888             -          G.v.I1               -             1226    1404   11518   11711   11497   11738   33765    +     0.00028   25.2   7.2  Streptococcus phage Javan26, complete genome.
ON107264             -          G.v.I1               -              893    1320   86131   86561   86109   86585  133818    +      0.0094   20.2  12.2  Bacillus phage BUCT083, complete genome.
MT835550             -          G.v.I1               -             1041    1328   10650   10949   10624   10974   34009    +       0.012   19.8   6.1  UNVERIFIED: Bacteriophage sp. clone scaffold_153 genomic sequence.
MT778837             -          G.v.I1               -             1496    1839   20231   20566   20185   20588  156186    +        0.11   16.6   3.6  Rhizobium phage AF3, complete genome.
NC_070887            -          G.v.I1               -             1496    1839   20231   20566   20185   20588  156186    +        0.11   16.6   3.6  Rhizobium phage AF3, complete genome.
KM199770             -          G.v.I1               -             1496    1839    7948    8283    7901    8305  156446    +        0.19   15.8   3.5  Rhizobium phage vB_RleM_P10VF, complete genome.
NC_025429            -          G.v.I1               -             1496    1839    7948    8283    7901    8305  156446    +        0.19   15.8   3.5  Rhizobium phage vB_RleM_P10VF, complete genome.
ON287376             -          G.v.I1               -             1838    2047  164486  164718  164453  164737  275052    +         1.9   12.5   0.4  Serratia phage vB_SmaM-Kodama, complete genome.
MK994515             -          G.v.I1               -             1874    2047  215270  215456  215209  215475  273933    +         3.4   11.7   0.0  Serratia phage Moabite, complete genome.
NC_048792            -          G.v.I1               -             1874    2047  215270  215456  215209  215475  273933    +         3.4   11.7   0.0  Serratia phage Moabite, complete genome.
OL539468             -          G.v.I1               -             1874    2047  147341  147527  147280  147546  274604    +         3.4   11.7   0.0  Serratia phage vB_SmaM_Haymo, complete genome.
KT887559             -          N.sp.I1              -              930    2276    1390    2820    1368    2833   32637    +     3.6e-13   55.2  22.7  Pseudomonas phage phi3, complete genome.
NC_030940            -          N.sp.I1              -              930    2276    1390    2820    1368    2833   32637    +     3.6e-13   55.2  22.7  Pseudomonas phage phi3, complete genome.
MT836602             -          N.sp.I1              -              673    1647    3886    4839    3863    4865   16695    +       7e-12   50.9  24.9  UNVERIFIED: Bacteriophage sp. clone scaffold_2602 genomic sequence.
MT836071             -          N.sp.I1              -              933    1406   21205   20739   21231   20719   25949    -     4.8e-09   41.5  12.6  UNVERIFIED: Bacteriophage sp. clone scaffold_1347 genomic sequence.
MK448731             -          N.sp.I1              -              932    1605   13213   13865   13190   13888   35793    +     3.6e-08   38.6  36.7  Streptococcus phage Javan33, complete genome.
MK448781             -          N.sp.I1              -              932    1605   10847   11499   10824   11522   40382    +     3.6e-08   38.6  36.7  Streptococcus phage Javan5, complete genome.
MK448888             -          N.sp.I1              -              932    1605   11185   11837   11162   11860   33765    +     3.6e-08   38.6  36.7  Streptococcus phage Javan26, complete genome.
ON107264             -          N.sp.I1              -              942    1443   86147   86642   86120   86666  133818    +     7.8e-07   34.2  16.3  Bacillus phage BUCT083, complete genome.
MN270258             -          N.sp.I1              -              932    1413   81264   81738   81243   81754  110666    +     8.3e-06   30.8  24.7  Streptococcus phage phi-SgaBSJ27_rum, complete genome.
MN270259             -          N.sp.I1              -              932    1413   81300   81774   81279   81790  106491    +     8.3e-06   30.8  24.7  Streptococcus phage phi-SgaBSJ31_rum, complete genome.
MK448228             -          N.sp.I1              -             1057    1369    1817    1502    1857    1474   46342    -      0.0046   21.7   4.2  Klebsiella phage ST15-VIM1phi2.1, complete genome.
ON470622             -          N.sp.I1              -             1057    1369   41337   41652   41297   41680   46650    +      0.0046   21.7   4.2  Escherichia phage vB_EcoS-716R3, partial genome.
MT836027             -          N.sp.I1              -              924    1498    8735    8101    8760    7967   13768    -      0.0055   21.4  15.5  UNVERIFIED: Bacteriophage sp. clone scaffold_1234 genomic sequence.
ON470608             -          N.sp.I1              -             1057    1369    5314    4999    5355    4971   46651    -       0.017   19.8   4.0  Escherichia phage vB_EcoS-733R5, complete genome.
MT836602             -          N.sp.I2              -             1085    1714    4357    4983    4334    5004   16695    +     5.2e-06   31.4  19.9  UNVERIFIED: Bacteriophage sp. clone scaffold_2602 genomic sequence.
KT887559             -          N.sp.I2              -              978    1612    1509    2125    1428    2145   32637    +     0.00011   27.0   8.5  Pseudomonas phage phi3, complete genome.
NC_030940            -          N.sp.I2              -              978    1612    1509    2125    1428    2145   32637    +     0.00011   27.0   8.5  Pseudomonas phage phi3, complete genome.
MT836602             -          N.sp.I3              -             3196    3785    4237    4808    4217    4944   16695    +     5.9e-08   35.8  18.3  UNVERIFIED: Bacteriophage sp. clone scaffold_2602 genomic sequence.
MK448731             -          N.sp.I3              -             3199    3772   13317   13866   13297   13888   35793    +     0.00077   22.2  31.3  Streptococcus phage Javan33, complete genome.
MK448888             -          N.sp.I3              -             3199    3772   11289   11838   11269   11860   33765    +     0.00077   22.2  31.3  Streptococcus phage Javan26, complete genome.
MT836071             -          N.sp.I3              -             3269    3515   21040   20780   21081   20759   25949    -           4    9.9   6.3  UNVERIFIED: Bacteriophage sp. clone scaffold_1347 genomic sequence.
MT836602             -          N.sp.I4              -              126    1939    3272    5075    3249    5115   16695    +     9.4e-23   86.5  44.3  UNVERIFIED: Bacteriophage sp. clone scaffold_2602 genomic sequence.
MK448781             -          N.sp.I4              -              947    1658   10884   11535   10864   11701   40382    +     7.7e-07   33.8  47.1  Streptococcus phage Javan5, complete genome.
MK448731             -          N.sp.I4              -              947    1658   13250   13901   13229   14067   35793    +     7.7e-07   33.8  47.1  Streptococcus phage Javan33, complete genome.
MK448888             -          N.sp.I4              -              947    1658   11222   11873   11201   12039   33765    +     7.7e-07   33.8  47.1  Streptococcus phage Javan26, complete genome.
KT887559             -          N.sp.I4              -              745    1465    1233    1911    1210    2069   32637    +     0.00099   23.5  16.3  Pseudomonas phage phi3, complete genome.
NC_030940            -          N.sp.I4              -              745    1465    1233    1911    1210    2069   32637    +     0.00099   23.5  16.3  Pseudomonas phage phi3, complete genome.
MT836602             -          T.e.I2               -              824    2108    3985    5242    3963    5561   16695    +     2.1e-20   78.9  42.6  UNVERIFIED: Bacteriophage sp. clone scaffold_2602 genomic sequence.
KT887559             -          T.e.I2               -              840    1964    1257    2324    1235    2357   32637    +     1.7e-19   75.9  22.5  Pseudomonas phage phi3, complete genome.
NC_030940            -          T.e.I2               -              840    1964    1257    2324    1235    2357   32637    +     1.7e-19   75.9  22.5  Pseudomonas phage phi3, complete genome.
MK448731             -          T.e.I2               -              991    1855   13226   14051   13205   14074   35793    +     9.4e-15   60.2  50.1  Streptococcus phage Javan33, complete genome.
MK448781             -          T.e.I2               -              991    1855   10860   11685   10839   11708   40382    +     9.4e-15   60.2  50.1  Streptococcus phage Javan5, complete genome.
MK448888             -          T.e.I2               -              991    1855   11198   12023   11177   12046   33765    +     9.4e-15   60.2  50.1  Streptococcus phage Javan26, complete genome.
MT836027             -          T.e.I2               -              914    1672    8796    7982    8817    7961   13768    -     2.3e-06   32.4  18.5  UNVERIFIED: Bacteriophage sp. clone scaffold_1234 genomic sequence.
MK448228             -          T.e.I2               -             1016    1668    1910    1231    1941    1211   46342    -     2.4e-06   32.3   8.4  Klebsiella phage ST15-VIM1phi2.1, complete genome.
ON470622             -          T.e.I2               -             1016    1668   41244   41923   41213   41943   46650    +     2.7e-06   32.1   8.5  Escherichia phage vB_EcoS-716R3, partial genome.
ON470608             -          T.e.I2               -             1016    1668    5407    4728    5438    4708   46651    -     3.3e-06   31.8   8.5  Escherichia phage vB_EcoS-733R5, complete genome.
LC727904             -          T.e.I2               -              990    1897    5982    5030    6008    5007   60207    -     0.00012   26.6   5.8  StxXX-converting phage Stx1_JNE110649 DNA, complete genome.
MT835550             -          T.e.I2               -              996    1406   10529   10951   10506   10972   34009    +        0.41   14.9   6.4  UNVERIFIED: Bacteriophage sp. clone scaffold_153 genomic sequence.
KY695241             -          T.e.I2               -             2441    2484       3      46       1      54   11696    +         1.6   13.0   0.8  Wolbachia phage sr1WOdamA clone contig3 genomic sequence.
MT836602             -          T.e.I3               -              776    1682    3965    4837    3878    5051   16695    +     3.4e-18   71.7  30.3  UNVERIFIED: Bacteriophage sp. clone scaffold_2602 genomic sequence.
MK448731             -          T.e.I3               -              970    1873   13236   14064   13210   14101   35