2024-05-17 12:32:10.261 | INFO     | __main__:main:105 - Starting Pharokka v1.5.1
2024-05-17 12:32:10.261 | INFO     | __main__:main:106 - Command executed: Namespace(infile='../IMGVR_hit_genomes/IMGVR_UViG_3300039431_000692.fna', outdir='./test_pharokka', database='/n/eddy_lab/data/pharokka', threads='20', force=False, prefix='Default', locustag='Default', gene_predictor='phanotate', meta=False, split=False, coding_table='11', evalue='1E-05', fast=False, mmseqs2_only=False, meta_hmm=False, dnaapler=False, custom_hmm='', genbank=False, terminase=False, terminase_strand='nothing', terminase_start='nothing', skip_extra_annotations=False, skip_mash=False, citation=False)
2024-05-17 12:32:10.262 | INFO     | __main__:main:107 - Repository homepage is https://github.com/gbouras13/pharokka
2024-05-17 12:32:10.262 | INFO     | __main__:main:108 - Written by George Bouras: george.bouras@adelaide.edu.au
2024-05-17 12:32:10.262 | INFO     | __main__:main:110 - Checking database installation in /n/eddy_lab/data/pharokka.
2024-05-17 12:32:10.292 | INFO     | __main__:main:113 - All databases have been successfully checked.
2024-05-17 12:32:10.292 | INFO     | __main__:main:129 - Checking dependencies.
2024-05-17 12:32:13.936 | INFO     | input_commands:check_dependencies:367 - Phanotate version found is v1.5.1
2024-05-17 12:32:13.937 | INFO     | input_commands:check_dependencies:376 - Phanotate version is ok.
2024-05-17 12:32:14.103 | INFO     | input_commands:check_dependencies:398 - MMseqs2 version found is v13.45111
2024-05-17 12:32:14.103 | INFO     | input_commands:check_dependencies:407 - MMseqs2 version is ok.
2024-05-17 12:32:16.106 | INFO     | input_commands:check_dependencies:431 - tRNAscan-SE version found is v2.0.12
2024-05-17 12:32:16.106 | INFO     | input_commands:check_dependencies:442 - tRNAscan-SE version is ok.
2024-05-17 12:32:19.229 | INFO     | input_commands:check_dependencies:466 - MinCED version found is v0.4.2
2024-05-17 12:32:19.229 | INFO     | input_commands:check_dependencies:477 - MinCED version is ok.
2024-05-17 12:32:19.266 | INFO     | input_commands:check_dependencies:503 - ARAGORN version found is v1.2.41
2024-05-17 12:32:19.266 | INFO     | input_commands:check_dependencies:514 - ARAGORN version is ok.
2024-05-17 12:32:19.864 | INFO     | input_commands:check_dependencies:531 - mash version found is v2.3
2024-05-17 12:32:19.864 | INFO     | input_commands:check_dependencies:538 - mash version is ok.
2024-05-17 12:32:24.116 | INFO     | input_commands:check_dependencies:557 - Dnaapler version found is v0.5.0
2024-05-17 12:32:24.117 | INFO     | input_commands:check_dependencies:564 - Dnaapler version is ok.
2024-05-17 12:32:24.117 | INFO     | input_commands:check_dependencies:576 - Pyrodigal version is v3.2.1
2024-05-17 12:32:24.117 | INFO     | input_commands:check_dependencies:577 - Pyrodigal version is ok.
2024-05-17 12:32:24.117 | INFO     | input_commands:check_dependencies:589 - Pyrodigal_gv version is v0.3.1
2024-05-17 12:32:24.117 | INFO     | input_commands:check_dependencies:590 - Pyrodigal_gv version is ok.
2024-05-17 12:32:24.287 | INFO     | input_commands:validate_fasta:218 - Checking input ../IMGVR_hit_genomes/IMGVR_UViG_3300039431_000692.fna.
2024-05-17 12:32:24.288 | INFO     | input_commands:validate_fasta:220 - Input ../IMGVR_hit_genomes/IMGVR_UViG_3300039431_000692.fna is in FASTA format.
2024-05-17 12:32:24.288 | INFO     | input_commands:validate_fasta:225 - Checking input ../IMGVR_hit_genomes/IMGVR_UViG_3300039431_000692.fna for duplicate FASTA headers.
2024-05-17 12:32:24.289 | INFO     | input_commands:validate_fasta:227 - All headers in ../IMGVR_hit_genomes/IMGVR_UViG_3300039431_000692.fna are unique.
2024-05-17 12:32:24.289 | INFO     | input_commands:validate_gene_predictor:252 - Phanotate will be used for gene prediction.
2024-05-17 12:32:24.289 | INFO     | __main__:main:292 - Running Phanotate.
2024-05-17 12:32:24.298 | INFO     | external_tools:run:50 - Started running phanotate.py -f fasta -o ./test_pharokka/phanotate_out_tmp.fasta ../IMGVR_hit_genomes/IMGVR_UViG_3300039431_000692.fna ...
2024-05-17 12:32:26.774 | INFO     | external_tools:run:52 - Done running phanotate.py -f fasta -o ./test_pharokka/phanotate_out_tmp.fasta ../IMGVR_hit_genomes/IMGVR_UViG_3300039431_000692.fna
2024-05-17 12:32:26.779 | INFO     | external_tools:run:50 - Started running phanotate.py -f tabular -o ./test_pharokka/phanotate_out.txt ../IMGVR_hit_genomes/IMGVR_UViG_3300039431_000692.fna ...
2024-05-17 12:32:28.843 | INFO     | external_tools:run:52 - Done running phanotate.py -f tabular -o ./test_pharokka/phanotate_out.txt ../IMGVR_hit_genomes/IMGVR_UViG_3300039431_000692.fna
2024-05-17 12:32:28.894 | INFO     | __main__:main:321 - Starting tRNA-scanSE.
2024-05-17 12:32:28.897 | INFO     | external_tools:run:50 - Started running tRNAscan-SE --thread 20 -G -Q -j ./test_pharokka/trnascan_out.gff ../IMGVR_hit_genomes/IMGVR_UViG_3300039431_000692.fna ...
2024-05-17 12:32:29.265 | INFO     | external_tools:run:52 - Done running tRNAscan-SE --thread 20 -G -Q -j ./test_pharokka/trnascan_out.gff ../IMGVR_hit_genomes/IMGVR_UViG_3300039431_000692.fna
2024-05-17 12:32:29.266 | INFO     | processes:run_minced:786 - Running MinCED.
2024-05-17 12:32:29.269 | INFO     | external_tools:run:50 - Started running minced ../IMGVR_hit_genomes/IMGVR_UViG_3300039431_000692.fna ./test_pharokka/pharokka_minced_spacers.txt ./test_pharokka/pharokka_minced.gff ...
2024-05-17 12:32:29.535 | INFO     | external_tools:run:52 - Done running minced ../IMGVR_hit_genomes/IMGVR_UViG_3300039431_000692.fna ./test_pharokka/pharokka_minced_spacers.txt ./test_pharokka/pharokka_minced.gff
2024-05-17 12:32:29.537 | INFO     | processes:run_aragorn:815 - Running Aragorn.
2024-05-17 12:32:29.541 | INFO     | external_tools:run:50 - Started running aragorn -l -gcbact -w -m -o ./test_pharokka/pharokka_aragorn.txt ../IMGVR_hit_genomes/IMGVR_UViG_3300039431_000692.fna ...
2024-05-17 12:32:29.551 | INFO     | external_tools:run:52 - Done running aragorn -l -gcbact -w -m -o ./test_pharokka/pharokka_aragorn.txt ../IMGVR_hit_genomes/IMGVR_UViG_3300039431_000692.fna
2024-05-17 12:32:29.552 | INFO     | __main__:main:329 - Starting MMseqs2.
2024-05-17 12:32:29.552 | INFO     | processes:run_mmseqs:643 - Running MMseqs2 on PHROG Database.
2024-05-17 12:32:29.557 | INFO     | external_tools:run:50 - Started running mmseqs createdb ./test_pharokka/phanotate_aas_tmp.fasta ./test_pharokka/target_dir/target_seqs ...
2024-05-17 12:32:30.280 | INFO     | external_tools:run:52 - Done running mmseqs createdb ./test_pharokka/phanotate_aas_tmp.fasta ./test_pharokka/target_dir/target_seqs
2024-05-17 12:32:30.285 | INFO     | external_tools:run:50 - Started running mmseqs search -e 1E-05 /n/eddy_lab/data/pharokka/phrogs_profile_db ./test_pharokka/target_dir/target_seqs ./test_pharokka/mmseqs/results_mmseqs ./test_pharokka/tmp_dir/ -s 8.5 --threads 20 ...
2024-05-17 12:33:21.382 | INFO     | external_tools:run:52 - Done running mmseqs search -e 1E-05 /n/eddy_lab/data/pharokka/phrogs_profile_db ./test_pharokka/target_dir/target_seqs ./test_pharokka/mmseqs/results_mmseqs ./test_pharokka/tmp_dir/ -s 8.5 --threads 20
2024-05-17 12:33:21.389 | INFO     | external_tools:run:50 - Started running mmseqs createtsv /n/eddy_lab/data/pharokka/phrogs_profile_db ./test_pharokka/target_dir/target_seqs ./test_pharokka/mmseqs/results_mmseqs ./test_pharokka/mmseqs_results.tsv --full-header --threads 20 ...
2024-05-17 12:33:21.737 | INFO     | external_tools:run:52 - Done running mmseqs createtsv /n/eddy_lab/data/pharokka/phrogs_profile_db ./test_pharokka/target_dir/target_seqs ./test_pharokka/mmseqs/results_mmseqs ./test_pharokka/mmseqs_results.tsv --full-header --threads 20
2024-05-17 12:33:21.753 | INFO     | processes:run_mmseqs:643 - Running MMseqs2 on CARD Database.
2024-05-17 12:33:21.759 | INFO     | external_tools:run:50 - Started running mmseqs createdb ./test_pharokka/phanotate_aas_tmp.fasta ./test_pharokka/CARD_target_dir/target_seqs ...
2024-05-17 12:33:22.330 | INFO     | external_tools:run:52 - Done running mmseqs createdb ./test_pharokka/phanotate_aas_tmp.fasta ./test_pharokka/CARD_target_dir/target_seqs
2024-05-17 12:33:22.336 | INFO     | external_tools:run:50 - Started running mmseqs search --min-seq-id 0.8 -c 0.4 /n/eddy_lab/data/pharokka/CARD ./test_pharokka/CARD_target_dir/target_seqs ./test_pharokka/CARD/results_mmseqs ./test_pharokka/CARD_dir/ -s 8.5 --threads 20 ...
2024-05-17 12:33:30.110 | INFO     | external_tools:run:52 - Done running mmseqs search --min-seq-id 0.8 -c 0.4 /n/eddy_lab/data/pharokka/CARD ./test_pharokka/CARD_target_dir/target_seqs ./test_pharokka/CARD/results_mmseqs ./test_pharokka/CARD_dir/ -s 8.5 --threads 20
2024-05-17 12:33:30.115 | INFO     | external_tools:run:50 - Started running mmseqs createtsv /n/eddy_lab/data/pharokka/CARD ./test_pharokka/CARD_target_dir/target_seqs ./test_pharokka/CARD/results_mmseqs ./test_pharokka/CARD_results.tsv --full-header --threads 20 ...
2024-05-17 12:33:30.409 | INFO     | external_tools:run:52 - Done running mmseqs createtsv /n/eddy_lab/data/pharokka/CARD ./test_pharokka/CARD_target_dir/target_seqs ./test_pharokka/CARD/results_mmseqs ./test_pharokka/CARD_results.tsv --full-header --threads 20
2024-05-17 12:33:30.429 | INFO     | processes:run_mmseqs:643 - Running MMseqs2 on VFDB Database.
2024-05-17 12:33:30.434 | INFO     | external_tools:run:50 - Started running mmseqs createdb ./test_pharokka/phanotate_aas_tmp.fasta ./test_pharokka/VFDB_target_dir/target_seqs ...
2024-05-17 12:33:30.985 | INFO     | external_tools:run:52 - Done running mmseqs createdb ./test_pharokka/phanotate_aas_tmp.fasta ./test_pharokka/VFDB_target_dir/target_seqs
2024-05-17 12:33:30.990 | INFO     | external_tools:run:50 - Started running mmseqs search --min-seq-id 0.8 -c 0.4 /n/eddy_lab/data/pharokka/vfdb ./test_pharokka/VFDB_target_dir/target_seqs ./test_pharokka/VFDB/results_mmseqs ./test_pharokka/VFDB_dir/ -s 8.5 --threads 20 ...
2024-05-17 12:33:43.948 | INFO     | external_tools:run:52 - Done running mmseqs search --min-seq-id 0.8 -c 0.4 /n/eddy_lab/data/pharokka/vfdb ./test_pharokka/VFDB_target_dir/target_seqs ./test_pharokka/VFDB/results_mmseqs ./test_pharokka/VFDB_dir/ -s 8.5 --threads 20
2024-05-17 12:33:43.955 | INFO     | external_tools:run:50 - Started running mmseqs createtsv /n/eddy_lab/data/pharokka/vfdb ./test_pharokka/VFDB_target_dir/target_seqs ./test_pharokka/VFDB/results_mmseqs ./test_pharokka/vfdb_results.tsv --full-header --threads 20 ...
2024-05-17 12:33:44.239 | INFO     | external_tools:run:52 - Done running mmseqs createtsv /n/eddy_lab/data/pharokka/vfdb ./test_pharokka/VFDB_target_dir/target_seqs ./test_pharokka/VFDB/results_mmseqs ./test_pharokka/vfdb_results.tsv --full-header --threads 20
2024-05-17 12:33:44.254 | INFO     | __main__:main:360 - Running PyHMMER on PHROGs.
2024-05-17 12:34:02.824 | INFO     | __main__:main:376 - Post Processing Output.
2024-05-17 12:34:02.859 | INFO     | post_processing:create_mmseqs_tophits:2128 - Processing MMseqs2 outputs.
2024-05-17 12:34:02.859 | INFO     | post_processing:create_mmseqs_tophits:2129 - Processing PHROGs output.
2024-05-17 12:34:03.053 | INFO     | post_processing:process_vfdb_results:2332 - Processing VFDB output.
2024-05-17 12:34:03.062 | INFO     | post_processing:process_vfdb_results:2415 - 0 VFDB virulence factors identified.
2024-05-17 12:34:03.062 | INFO     | post_processing:process_card_results:2432 - Processing CARD output.
2024-05-17 12:34:03.070 | INFO     | post_processing:process_card_results:2550 - 0 CARD AMR genes identified.
2024-05-17 12:34:03.145 | INFO     | __main__:main:447 - Converting gff to genbank.
/n/home07/lmerk/.local/lib/python3.10/site-packages/Bio/SeqIO/InsdcIO.py:727: BiopythonWarning: Increasing length of locus line to allow long name. This will result in fields that are not in usual positions.
  warnings.warn(
2024-05-17 12:34:03.204 | INFO     | __main__:main:460 - Finding the closest match for each contig in INPHARED using mash.
2024-05-17 12:34:03.207 | INFO     | external_tools:run:50 - Started running mash sketch ../IMGVR_hit_genomes/IMGVR_UViG_3300039431_000692.fna -o ./test_pharokka/input_mash_sketch.msh -i ...
2024-05-17 12:34:03.262 | INFO     | external_tools:run:52 - Done running mash sketch ../IMGVR_hit_genomes/IMGVR_UViG_3300039431_000692.fna -o ./test_pharokka/input_mash_sketch.msh -i
2024-05-17 12:34:03.266 | INFO     | external_tools:run_to_stdout:59 - Started running mash dist ./test_pharokka/input_mash_sketch.msh /n/eddy_lab/data/pharokka/1Aug2023_genomes.fa.msh -d 0.2 -i ...
2024-05-17 12:34:07.263 | INFO     | external_tools:run_to_stdout:61 - Done running mash dist ./test_pharokka/input_mash_sketch.msh /n/eddy_lab/data/pharokka/1Aug2023_genomes.fa.msh -d 0.2 -i
2024-05-17 12:34:08.148 | INFO     | __main__:main:480 - Pharokka has finished.
2024-05-17 12:34:08.149 | INFO     | __main__:main:481 - Elapsed time: 117.89 seconds
2024-05-17 12:34:08.149 | INFO     | __main__:main:483 - If you use Pharokka in your research, please cite:
2024-05-17 12:34:08.149 | INFO     | __main__:main:484 - George Bouras, Roshan Nepal, Ghais Houtak, Alkis James Psaltis, Peter-John Wormald, Sarah Vreugde.
2024-05-17 12:34:08.149 | INFO     | __main__:main:487 - Pharokka: a fast scalable bacteriophage annotation tool.
2024-05-17 12:34:08.149 | INFO     | __main__:main:488 - Bioinformatics, Volume 39, Issue 1, January 2023, btac776.
2024-05-17 12:34:08.149 | INFO     | __main__:main:489 - https://doi.org/10.1093/bioinformatics/btac776.
2024-05-17 12:34:08.149 | INFO     | __main__:main:490 - You should also cite the full list of tools Pharokka uses, which can be found at https://github.com/gbouras13/pharokka#citation.
