Discrepancy Report Results

Summary
FATAL: MISSING_PROTEIN_ID:22 proteins have invalid IDs.
DISC_SOURCE_QUALS_ASNDISC:strain (all present, all unique)
DISC_SOURCE_QUALS_ASNDISC:taxname (all present, all unique)
DISC_FEATURE_COUNT:CDS: 22 present
DISC_FEATURE_COUNT:tRNA: 1 present
DISC_COUNT_NUCLEOTIDES:1 nucleotide Bioseqs are present
FEATURE_LOCATION_CONFLICT:23 features have inconsistent gene locations.
OVERLAPPING_CDS:8 coding regions overlap another coding region with a similar or identical name.
DISC_QUALITY_SCORES:Quality scores are missing on all sequences.
ONCALLER_COMMENT_PRESENT:1 comment descriptors were found (all same)
MISSING_GENOMEASSEMBLY_COMMENTS:1 bioseqs are missing GenomeAssembly structured comments
MOLTYPE_NOT_MRNA:1 molecule types are not set as mRNA.
TECHNIQUE_NOT_TSA:1 technique are not set as TSA
MISSING_STRUCTURED_COMMENT:1 sequences do not include structured comments.
MISSING_PROJECT:23 sequences do not include project.
DISC_INCONSISTENT_MOLINFO_TECH:Molinfo Technique Report (some missing, all same)


Detailed Report

FATAL: DiscRep_ALL:MISSING_PROTEIN_ID::22 proteins have invalid IDs.
GenomesDB/MT837010/MT837010:MT837010_1 (length 82)
GenomesDB/MT837010/MT837010:MT837010_2 (length 431)
GenomesDB/MT837010/MT837010:MT837010_3 (length 93)
GenomesDB/MT837010/MT837010:MT837010_4 (length 73)
GenomesDB/MT837010/MT837010:MT837010_5 (length 60)
GenomesDB/MT837010/MT837010:MT837010_6 (length 518)
GenomesDB/MT837010/MT837010:MT837010_7 (length 115)
GenomesDB/MT837010/MT837010:MT837010_8 (length 181)
GenomesDB/MT837010/MT837010:MT837010_9 (length 327)
GenomesDB/MT837010/MT837010:MT837010_10 (length 110)
GenomesDB/MT837010/MT837010:MT837010_11 (length 1383)
GenomesDB/MT837010/MT837010:MT837010_12 (length 176)
GenomesDB/MT837010/MT837010:MT837010_13 (length 200)
GenomesDB/MT837010/MT837010:MT837010_14 (length 133)
GenomesDB/MT837010/MT837010:MT837010_15 (length 450)
GenomesDB/MT837010/MT837010:MT837010_16 (length 148)
GenomesDB/MT837010/MT837010:MT837010_17 (length 679)
GenomesDB/MT837010/MT837010:MT837010_18 (length 88)
GenomesDB/MT837010/MT837010:MT837010_19 (length 145)
GenomesDB/MT837010/MT837010:MT837010_20 (length 95)
GenomesDB/MT837010/MT837010:MT837010_21 (length 108)
GenomesDB/MT837010/MT837010:MT837010_22 (length 98)

DiscRep_ALL:DISC_SOURCE_QUALS_ASNDISC::strain (all present, all unique)
DiscRep_SUB:DISC_SOURCE_QUALS_ASNDISC::1 sources have unique values for strain
DiscRep_ALL:DISC_SOURCE_QUALS_ASNDISC::taxname (all present, all unique)
DiscRep_SUB:DISC_SOURCE_QUALS_ASNDISC::1 sources have unique values for taxname
DiscRep_ALL:DISC_FEATURE_COUNT::CDS: 22 present
DiscRep_ALL:DISC_FEATURE_COUNT::tRNA: 1 present
DiscRep_ALL:DISC_COUNT_NUCLEOTIDES::1 nucleotide Bioseqs are present
GenomesDB/MT837010/MT837010:MT837010 (length 20244)

DiscRep_ALL:FEATURE_LOCATION_CONFLICT::23 features have inconsistent gene locations.
DiscRep_SUB:FEATURE_LOCATION_CONFLICT::Coding region xref gene does not exist
GenomesDB/MT837010/MT837010:CDS	unannotated protein	MT837010:c1334-1086	MT837010_00001

DiscRep_SUB:FEATURE_LOCATION_CONFLICT::Coding region xref gene does not exist
GenomesDB/MT837010/MT837010:CDS	unannotated protein	MT837010:c2662-1367	MT837010_00002

DiscRep_SUB:FEATURE_LOCATION_CONFLICT::Coding region xref gene does not exist
GenomesDB/MT837010/MT837010:CDS	unannotated protein	MT837010:c3265-2984	MT837010_00003

DiscRep_SUB:FEATURE_LOCATION_CONFLICT::Coding region xref gene does not exist
GenomesDB/MT837010/MT837010:CDS	unannotated protein	MT837010:c3515-3294	MT837010_00004

DiscRep_SUB:FEATURE_LOCATION_CONFLICT::Coding region xref gene does not exist
GenomesDB/MT837010/MT837010:CDS	unannotated protein	MT837010:c3758-3576	MT837010_00005

DiscRep_SUB:FEATURE_LOCATION_CONFLICT::Coding region xref gene does not exist
GenomesDB/MT837010/MT837010:CDS	unannotated protein	MT837010:c5268-3712	MT837010_00006

DiscRep_SUB:FEATURE_LOCATION_CONFLICT::Coding region xref gene does not exist
GenomesDB/MT837010/MT837010:CDS	unannotated protein	MT837010:c5606-5259	MT837010_00007

DiscRep_SUB:FEATURE_LOCATION_CONFLICT::Coding region xref gene does not exist
GenomesDB/MT837010/MT837010:CDS	unannotated protein	MT837010:c6548-6003	MT837010_00008

DiscRep_SUB:FEATURE_LOCATION_CONFLICT::Coding region xref gene does not exist
GenomesDB/MT837010/MT837010:CDS	unannotated protein	MT837010:c7552-6569	MT837010_00009

DiscRep_SUB:FEATURE_LOCATION_CONFLICT::Coding region xref gene does not exist
GenomesDB/MT837010/MT837010:CDS	unannotated protein	MT837010:c8139-7807	MT837010_00010

DiscRep_SUB:FEATURE_LOCATION_CONFLICT::Coding region xref gene does not exist
GenomesDB/MT837010/MT837010:CDS	unannotated protein	MT837010:c12325-8174	MT837010_00011

DiscRep_SUB:FEATURE_LOCATION_CONFLICT::Coding region xref gene does not exist
GenomesDB/MT837010/MT837010:CDS	unannotated protein	MT837010:c12803-12273	MT837010_00012

DiscRep_SUB:FEATURE_LOCATION_CONFLICT::Coding region xref gene does not exist
GenomesDB/MT837010/MT837010:CDS	unannotated protein	MT837010:c13402-12800	MT837010_00013

DiscRep_SUB:FEATURE_LOCATION_CONFLICT::Coding region xref gene does not exist
GenomesDB/MT837010/MT837010:CDS	unannotated protein	MT837010:c13954-13553	MT837010_00014

DiscRep_SUB:FEATURE_LOCATION_CONFLICT::Coding region xref gene does not exist
GenomesDB/MT837010/MT837010:CDS	unannotated protein	MT837010:c15408-14056	MT837010_00015

DiscRep_SUB:FEATURE_LOCATION_CONFLICT::Coding region xref gene does not exist
GenomesDB/MT837010/MT837010:CDS	unannotated protein	MT837010:c15859-15413	MT837010_00016

DiscRep_SUB:FEATURE_LOCATION_CONFLICT::Coding region xref gene does not exist
GenomesDB/MT837010/MT837010:CDS	unannotated protein	MT837010:c17898-15859	MT837010_00017

DiscRep_SUB:FEATURE_LOCATION_CONFLICT::Coding region xref gene does not exist
GenomesDB/MT837010/MT837010:CDS	unannotated protein	MT837010:c18283-18017	MT837010_00018

DiscRep_SUB:FEATURE_LOCATION_CONFLICT::Coding region xref gene does not exist
GenomesDB/MT837010/MT837010:CDS	unannotated protein	MT837010:c18741-18304	MT837010_00019

DiscRep_SUB:FEATURE_LOCATION_CONFLICT::Coding region xref gene does not exist
GenomesDB/MT837010/MT837010:CDS	unannotated protein	MT837010:c19064-18777	MT837010_00020

DiscRep_SUB:FEATURE_LOCATION_CONFLICT::Coding region xref gene does not exist
GenomesDB/MT837010/MT837010:CDS	unannotated protein	MT837010:c19933-19607	MT837010_00022

DiscRep_SUB:FEATURE_LOCATION_CONFLICT::Coding region xref gene does not exist
GenomesDB/MT837010/MT837010:CDS	unannotated protein	MT837010:c20231-19935	MT837010_00023

DiscRep_SUB:FEATURE_LOCATION_CONFLICT::RNA feature xref gene does not exist
GenomesDB/MT837010/MT837010:tRNA	Sec	MT837010:c19536-19465	MT837010_00021

DiscRep_ALL:OVERLAPPING_CDS::8 coding regions overlap another coding region with a similar or identical name.
DiscRep_SUB:OVERLAPPING_CDS::8 coding regions overlap another coding region with a similar or identical name that do not have the appropriate note text
GenomesDB/MT837010/MT837010:CDS	unannotated protein	MT837010:c3758-3576	MT837010_00005
GenomesDB/MT837010/MT837010:CDS	unannotated protein	MT837010:c5268-3712	MT837010_00006
GenomesDB/MT837010/MT837010:CDS	unannotated protein	MT837010:c5606-5259	MT837010_00007
GenomesDB/MT837010/MT837010:CDS	unannotated protein	MT837010:c12325-8174	MT837010_00011
GenomesDB/MT837010/MT837010:CDS	unannotated protein	MT837010:c12803-12273	MT837010_00012
GenomesDB/MT837010/MT837010:CDS	unannotated protein	MT837010:c13402-12800	MT837010_00013
GenomesDB/MT837010/MT837010:CDS	unannotated protein	MT837010:c15859-15413	MT837010_00016
GenomesDB/MT837010/MT837010:CDS	unannotated protein	MT837010:c17898-15859	MT837010_00017

DiscRep_ALL:DISC_QUALITY_SCORES::Quality scores are missing on all sequences.

DiscRep_ALL:ONCALLER_COMMENT_PRESENT::1 comment descriptors were found (all same)
GenomesDB/MT837010/MT837010:MT837010:Annotated using prokka 1.14.6 from https://github.com/tseemann/prokka

DiscRep_ALL:MISSING_GENOMEASSEMBLY_COMMENTS::1 bioseqs are missing GenomeAssembly structured comments
GenomesDB/MT837010/MT837010:MT837010 (length 20244)

DiscRep_ALL:MOLTYPE_NOT_MRNA::1 molecule types are not set as mRNA.
GenomesDB/MT837010/MT837010:MT837010 (length 20244)

DiscRep_ALL:TECHNIQUE_NOT_TSA::1 technique are not set as TSA
GenomesDB/MT837010/MT837010:MT837010 (length 20244)

DiscRep_ALL:MISSING_STRUCTURED_COMMENT::1 sequences do not include structured comments.
GenomesDB/MT837010/MT837010:MT837010 (length 20244)

DiscRep_ALL:MISSING_PROJECT::23 sequences do not include project.
GenomesDB/MT837010/MT837010:MT837010 (length 20244)
GenomesDB/MT837010/MT837010:MT837010_1 (length 82)
GenomesDB/MT837010/MT837010:MT837010_2 (length 431)
GenomesDB/MT837010/MT837010:MT837010_3 (length 93)
GenomesDB/MT837010/MT837010:MT837010_4 (length 73)
GenomesDB/MT837010/MT837010:MT837010_5 (length 60)
GenomesDB/MT837010/MT837010:MT837010_6 (length 518)
GenomesDB/MT837010/MT837010:MT837010_7 (length 115)
GenomesDB/MT837010/MT837010:MT837010_8 (length 181)
GenomesDB/MT837010/MT837010:MT837010_9 (length 327)
GenomesDB/MT837010/MT837010:MT837010_10 (length 110)
GenomesDB/MT837010/MT837010:MT837010_11 (length 1383)
GenomesDB/MT837010/MT837010:MT837010_12 (length 176)
GenomesDB/MT837010/MT837010:MT837010_13 (length 200)
GenomesDB/MT837010/MT837010:MT837010_14 (length 133)
GenomesDB/MT837010/MT837010:MT837010_15 (length 450)
GenomesDB/MT837010/MT837010:MT837010_16 (length 148)
GenomesDB/MT837010/MT837010:MT837010_17 (length 679)
GenomesDB/MT837010/MT837010:MT837010_18 (length 88)
GenomesDB/MT837010/MT837010:MT837010_19 (length 145)
GenomesDB/MT837010/MT837010:MT837010_20 (length 95)
GenomesDB/MT837010/MT837010:MT837010_21 (length 108)
GenomesDB/MT837010/MT837010:MT837010_22 (length 98)

DiscRep_ALL:DISC_INCONSISTENT_MOLINFO_TECH::Molinfo Technique Report (some missing, all same)
DiscRep_SUB:DISC_INCONSISTENT_MOLINFO_TECH::technique (all missing)
DiscRep_SUB:DISC_INCONSISTENT_MOLINFO_TECH::1 Molinfos are missing field technique
GenomesDB/MT837010/MT837010:MT837010 (length 20244)

