# hmmscan :: search sequence(s) against a profile database
# HMMER 3.3.2 (Nov 2020); http://hmmer.org/
# Copyright (C) 2020 Howard Hughes Medical Institute.
# Freely distributed under the BSD open source license.
# - - - - - - - - - - - - - - - - - - - - - - - - - - - - - - - - - - - -
# query sequence file:             -
# target HMM database:             /n/eddy_lab/data/pfam-35.0/Pfam-A.hmm
# output directed to file:         ./c1_windows_new/hmmscan/out/IMGVR_UViG_3300050587_000091_3300050587_Ga0531111_001542_hmmscan_output.out
# per-seq hits tabular output:     ./c1_windows_new/hmmscan/tblout/IMGVR_UViG_3300050587_000091_3300050587_Ga0531111_001542_hmmscan_output.tblout
# - - - - - - - - - - - - - - - - - - - - - - - - - - - - - - - - - - - -

Query:       orf1  [L=177]
Description: source=IMGVR_UViG_3300050587_000091_3300050587_Ga0531111_001542/23342-21149 coords=140..670 length=177 frame=2 desc=
Scores for complete sequence (score includes all domains):
   --- full sequence ---   --- best 1 domain ---    -#dom-
    E-value  score  bias    E-value  score  bias    exp  N  Model    Description
    ------- ------ -----    ------- ------ -----   ---- --  -------- -----------

   [No hits detected that satisfy reporting thresholds]


Domain annotation for each model (and alignments):

   [No targets detected that satisfy reporting thresholds]


Internal pipeline statistics summary:
-------------------------------------
Query sequence(s):                         1  (177 residues searched)
Target model(s):                       19632  (3329936 nodes)
Passed MSV filter:                       245  (0.0124796); expected 392.6 (0.02)
Passed bias filter:                      200  (0.0101874); expected 392.6 (0.02)
Passed Vit filter:                        15  (0.000764059); expected 19.6 (0.001)
Passed Fwd filter:                         0  (0); expected 0.2 (1e-05)
Initial search space (Z):              19632  [actual number of targets]
Domain search space  (domZ):               0  [number of targets reported over threshold]
# CPU time: 0.27u 0.20s 00:00:00.47 Elapsed: 00:00:00.35
# Mc/sec: 1659.50
//
Query:       orf2  [L=344]
Description: source=IMGVR_UViG_3300050587_000091_3300050587_Ga0531111_001542/23342-21149 coords=1783..752 length=344 frame=4 desc=
Scores for complete sequence (score includes all domains):
   --- full sequence ---   --- best 1 domain ---    -#dom-
    E-value  score  bias    E-value  score  bias    exp  N  Model    Description
    ------- ------ -----    ------- ------ -----   ---- --  -------- -----------
    3.4e-07   30.2   7.4    1.4e-06   28.2   7.4    2.2  1  SEC-C     SEC-C motif
    5.8e-06   27.0   2.4    5.8e-06   27.0   2.4    2.2  2  CxxCxxCC  Putative zinc- or iron-chelating domain
  ------ inclusion threshold ------
       0.12   12.5   0.1       0.19   11.8   0.1    1.2  1  DUF6261   Family of unknown function (DUF6261)


Domain annotation for each model (and alignments):
>> SEC-C  SEC-C motif
   #    score  bias  c-Evalue  i-Evalue hmmfrom  hmm to    alifrom  ali to    envfrom  env to     acc
 ---   ------ ----- --------- --------- ------- -------    ------- -------    ------- -------    ----
   1 !   28.2   7.4   2.2e-10   1.4e-06       4      18 ..      95     109 ..      94     110 .. 0.92

  Alignments for each domain:
  == domain 1  score: 28.2 bits;  conditional E-value: 2.2e-10
  SEC-C   4 pCPCGSGkKYKkCCg 18 
             CPCGSG KYKkCC 
   orf2  95 RCPCGSGIKYKKCCL 109
            6*************6 PP

>> CxxCxxCC  Putative zinc- or iron-chelating domain
   #    score  bias  c-Evalue  i-Evalue hmmfrom  hmm to    alifrom  ali to    envfrom  env to     acc
 ---   ------ ----- --------- --------- ------- -------    ------- -------    ------- -------    ----
   1 ?   -1.3   0.1       0.6     4e+03       7      25 ..     106     123 ..     102     157 .. 0.57
   2 !   27.0   2.4   8.8e-10   5.8e-06       2      69 ..     182     274 ..     181     291 .. 0.70

  Alignments for each domain:
  == domain 1  score: -1.3 bits;  conditional E-value: 0.6
  CxxCxxCC   7 aCCkelkvklteedlerlk 25 
               +CC ++  k  +   ++ +
      orf2 106 KCCLDT-GKQFYSIGKNYQ 123
               799833.333333333333 PP

  == domain 2  score: 27.0 bits;  conditional E-value: 8.8e-10
  CxxCxxCC   2 Cke.CgaCCkelkvklteedlerlkaaevaeeeeeskkiak..........................adgrCvfldeetklCkiYeeRpkicrlf 69 
               Ck  C++CC+ l v++ + + e ++++     ++e+ + ++                           + +C fl++e + C+iY+ Rp  cr++
      orf2 182 CKIgCNTCCN-LIVEISPIEAELIRQYVLLYFDKEQLRSMQertssnyssyleyrkvhgssmneylkYNIPCSFLSNE-GVCTIYKVRPFNCRNH 274
               7766******.555555555554444333222222222222346666666777888999999999999**********.6*************76 PP

>> DUF6261  Family of unknown function (DUF6261)
   #    score  bias  c-Evalue  i-Evalue hmmfrom  hmm to    alifrom  ali to    envfrom  env to     acc
 ---   ------ ----- --------- --------- ------- -------    ------- -------    ------- -------    ----
   1 ?   11.8   0.1   2.9e-05      0.19       8      45 ..     130     167 ..     127     175 .. 0.86

  Alignments for each domain:
  == domain 1  score: 11.8 bits;  conditional E-value: 2.9e-05
  DUF6261   8 DkeRDkalsglravvraylkspdaeekeAakrLkqvlk 45 
              DkeRDk +s +   +++++ +++ +e+eA k L+++ +
     orf2 130 DKERDKKYSDMILDFQNNKLHTIRNESEALKALEELYQ 167
              9*************************999988876654 PP



Internal pipeline statistics summary:
-------------------------------------
Query sequence(s):                         1  (344 residues searched)
Target model(s):                       19632  (3329936 nodes)
Passed MSV filter:                       715  (0.0364201); expected 392.6 (0.02)
Passed bias filter:                      385  (0.0196108); expected 392.6 (0.02)
Passed Vit filter:                        39  (0.00198655); expected 19.6 (0.001)
Passed Fwd filter:                         3  (0.000152812); expected 0.2 (1e-05)
Initial search space (Z):              19632  [actual number of targets]
Domain search space  (domZ):               3  [number of targets reported over threshold]
# CPU time: 0.33u 0.19s 00:00:00.52 Elapsed: 00:00:00.36
# Mc/sec: 3136.99
//
Query:       orf3  [L=213]
Description: source=IMGVR_UViG_3300050587_000091_3300050587_Ga0531111_001542/23342-21149 coords=640..2 length=213 frame=4 desc=
Scores for complete sequence (score includes all domains):
   --- full sequence ---   --- best 1 domain ---    -#dom-
    E-value  score  bias    E-value  score  bias    exp  N  Model        Description
    ------- ------ -----    ------- ------ -----   ---- --  --------     -----------
    1.7e-07   31.1   2.1    1.7e-07   31.1   2.1    1.7  2  RHS           RHS protein
    2.3e-06   28.1   4.9      0.016   15.9   0.4    4.5  5  RHS_repeat    RHS Repeat
  ------ inclusion threshold ------
      0.029   14.5   0.0      0.054   13.6   0.0    1.3  1  Phytase-like  Esterase-like activity of phytase


Domain annotation for each model (and alignments):
>> RHS  RHS protein
   #    score  bias  c-Evalue  i-Evalue hmmfrom  hmm to    alifrom  ali to    envfrom  env to     acc
 ---   ------ ----- --------- --------- ------- -------    ------- -------    ------- -------    ----
   1 ?   -3.9   0.0       2.2   1.4e+04      17      23 ..      41      47 ..      40      47 .. 0.75
   2 !   31.1   2.1   2.6e-11   1.7e-07       2      32 ..     159     189 ..     159     193 .. 0.96

  Alignments for each domain:
  == domain 1  score: -3.9 bits;  conditional E-value: 2.2
   RHS 17 DeeGeiv 23
          D +G++v
  orf3 41 DDAGNVV 47
          8889886 PP

  == domain 2  score: 31.1 bits;  conditional E-value: 2.6e-11
   RHS   2 yyfhtDhlGtPeeLtDeeGeivWaAeydaWG 32 
           y++htDh+G   ++t+++G +vW ++y ++G
  orf3 159 YWYHTDHVGSVKAVTNQAGAVVWDGDYLPFG 189
           9**************************9999 PP

>> RHS_repeat  RHS Repeat
   #    score  bias  c-Evalue  i-Evalue hmmfrom  hmm to    alifrom  ali to    envfrom  env to     acc
 ---   ------ ----- --------- --------- ------- -------    ------- -------    ------- -------    ----
   1 ?   -1.8   0.0      0.82   5.4e+03      23      29 ..       1       9 [.       1      14 [. 0.40
   2 !    9.4   0.1   0.00026       1.7      15      30 ..      34      48 ..      28      52 .. 0.82
   3 !   15.9   0.4   2.4e-06     0.016       1      31 [.      40      85 ..      40      88 .. 0.79
   4 !    6.2   0.0    0.0026        17      14      38 .]      88     112 ..      85     112 .. 0.81
   5 ?   -1.6   0.0      0.71   4.6e+03       5      17 ..     167     179 ..     164     185 .. 0.74

  Alignments for each domain:
  == domain 1  score: -1.8 bits;  conditional E-value: 0.82
  RHS_repeat 23 DaqGrl..t 29
                D++G++  t
        orf3  1 DPAGNRklT 9 
                334444322 PP

  == domain 2  score: 9.4 bits;  conditional E-value: 0.00026
  RHS_repeat 15 GrvttYtYDaqGrltt 30
                G   +Y YD++G++++
        orf3 34 GKN-AYAYDDAGNVVK 48
                666.8*********96 PP

  == domain 3  score: 15.9 bits;  conditional E-value: 2.4e-06
  RHS_repeat  1 YDaaGrL.............tevtdp.sGrv.ttYtYDaqGrlttl 31
                YD+aG++             ++ t++ +G+  +tY YD ++rl ++
        orf3 40 YDDAGNVvkkgnrftisgdsVTFTTAgEGVEyWTYKYDLLNRLIQV 85
                9*****977777777666665558887888899**********876 PP

  == domain 4  score: 6.2 bits;  conditional E-value: 0.0026
  RHS_repeat  14 sGrvtt.YtYDaqGrlttlTdpdGrt 38 
                 +G++++ Y+YD+ G ++ +  + G+t
        orf3  88 NGTIVAeYEYDPEGLRV-VKKAHGET 112
                 6778755*******998.88888776 PP

  == domain 5  score: -1.6 bits;  conditional E-value: 0.71
  RHS_repeat   5 GrLtevtdpsGrv 17 
                 G + +vt+++G v
        orf3 167 GSVKAVTNQAGAV 179
                 5577899999987 PP

>> Phytase-like  Esterase-like activity of phytase
   #    score  bias  c-Evalue  i-Evalue hmmfrom  hmm to    alifrom  ali to    envfrom  env to     acc
 ---   ------ ----- --------- --------- ------- -------    ------- -------    ------- -------    ----
   1 ?   13.6   0.0   8.2e-06     0.054      13     103 ..      18     135 ..      14     146 .. 0.75

  Alignments for each domain:
  == domain 1  score: 13.6 bits;  conditional E-value: 8.2e-06
  Phytase-like  13 pddgrfyaisDrgs.aknsarfytlkldldad.klgaveitevtplrdpd......................gapfakkglDpEgiav...apdgtf 82 
                   + +  +ya sDr   + ++a +y    ++ ++ +  +++ ++vt+ +++                       g+ +a+ ++DpEg++v   a ++t+
          orf3  18 QHQSLYYANSDRLKtDGKNAYAYDDAGNVVKKgNRFTISGDSVTF-TTAGegveywtykydllnrliqvkknGTIVAEYEYDPEGLRVvkkAHGETV 113
                   567889*******94447888887777775442555555555555.555558888888888888888888888888999*********64336689* PP

  Phytase-like  83 wvssEggpfilefdad.Gkllr 103
                     ++Eg   i+  + + Gk+++
          orf3 114 HYVFEGLEPIYTRNVTtGKVKS 135
                   ******9999999877788875 PP



Internal pipeline statistics summary:
-------------------------------------
Query sequence(s):                         1  (213 residues searched)
Target model(s):                       19632  (3329936 nodes)
Passed MSV filter:                       432  (0.0220049); expected 392.6 (0.02)
Passed bias filter:                      293  (0.0149246); expected 392.6 (0.02)
Passed Vit filter:                        23  (0.00117156); expected 19.6 (0.001)
Passed Fwd filter:                         3  (0.000152812); expected 0.2 (1e-05)
Initial search space (Z):              19632  [actual number of targets]
Domain search space  (domZ):               3  [number of targets reported over threshold]
# CPU time: 0.29u 0.18s 00:00:00.47 Elapsed: 00:00:00.32
# Mc/sec: 2160.38
//
[ok]
