# hmmscan :: search sequence(s) against a profile database
# HMMER 3.3.2 (Nov 2020); http://hmmer.org/
# Copyright (C) 2020 Howard Hughes Medical Institute.
# Freely distributed under the BSD open source license.
# - - - - - - - - - - - - - - - - - - - - - - - - - - - - - - - - - - - -
# query sequence file:             -
# target HMM database:             /n/eddy_lab/data/pfam-35.0/Pfam-A.hmm
# output directed to file:         ./c1_windows_new/hmmscan/out/IMGVR_UViG_3300007921_000200_3300007921_Ga0111562_101091_hmmscan_output.out
# per-seq hits tabular output:     ./c1_windows_new/hmmscan/tblout/IMGVR_UViG_3300007921_000200_3300007921_Ga0111562_101091_hmmscan_output.tblout
# - - - - - - - - - - - - - - - - - - - - - - - - - - - - - - - - - - - -

Query:       orf1  [L=115]
Description: source=IMGVR_UViG_3300007921_000200_3300007921_Ga0111562_101091/10731-8630 coords=1046..1390 length=115 frame=2 desc=
Scores for complete sequence (score includes all domains):
   --- full sequence ---   --- best 1 domain ---    -#dom-
    E-value  score  bias    E-value  score  bias    exp  N  Model    Description
    ------- ------ -----    ------- ------ -----   ---- --  -------- -----------

   [No hits detected that satisfy reporting thresholds]


Domain annotation for each model (and alignments):

   [No targets detected that satisfy reporting thresholds]


Internal pipeline statistics summary:
-------------------------------------
Query sequence(s):                         1  (115 residues searched)
Target model(s):                       19632  (3329936 nodes)
Passed MSV filter:                       405  (0.0206296); expected 392.6 (0.02)
Passed bias filter:                      206  (0.0104931); expected 392.6 (0.02)
Passed Vit filter:                        14  (0.000713121); expected 19.6 (0.001)
Passed Fwd filter:                         0  (0); expected 0.2 (1e-05)
Initial search space (Z):              19632  [actual number of targets]
Domain search space  (domZ):               0  [number of targets reported over threshold]
# CPU time: 0.31u 0.17s 00:00:00.48 Elapsed: 00:00:00.35
# Mc/sec: 1093.72
//
Query:       orf2  [L=503]
Description: source=IMGVR_UViG_3300007921_000200_3300007921_Ga0111562_101091/10731-8630 coords=1..1509 length=503 frame=1 desc=
Scores for complete sequence (score includes all domains):
   --- full sequence ---   --- best 1 domain ---    -#dom-
    E-value  score  bias    E-value  score  bias    exp  N  Model        Description
    ------- ------ -----    ------- ------ -----   ---- --  --------     -----------
    8.7e-07   29.4   0.4    2.4e-06   28.0   0.0    2.0  2  Helicase_C    Helicase conserved C-terminal domain
    6.7e-05   22.1   0.1      0.012   14.6   0.0    2.4  2  SNF2-rel_dom  SNF2-related domain


Domain annotation for each model (and alignments):
>> Helicase_C  Helicase conserved C-terminal domain
   #    score  bias  c-Evalue  i-Evalue hmmfrom  hmm to    alifrom  ali to    envfrom  env to     acc
 ---   ------ ----- --------- --------- ------- -------    ------- -------    ------- -------    ----
   1 ?   -2.5   0.2      0.73   7.1e+03      32      66 ..      38      72 ..      18      80 .. 0.62
   2 !   28.0   0.0   2.5e-10   2.4e-06      39     111 .]     352     428 ..     307     428 .. 0.82

  Alignments for each domain:
  == domain 1  score: -2.5 bits;  conditional E-value: 0.73
                HHHHHHHTTSCEEEESTTSTHHHHHHHHHHHHTTS CS
  Helicase_C 32 vklllekkgikvavlhgelpqnereeileqfnkge 66
                ++ l++++g ++ + + e +++  ++ l++ n+++
        orf2 38 ISELKKNRGDNFSIKQLERTKKTVKQKLDKLNDQS 72
                55565666666666666777888888888877443 PP

  == domain 2  score: 28.0 bits;  conditional E-value: 2.5e-10
                 T..TSCEEEESTTSTHHHHHHHHHHHHTTSSSEEE.ESGGGTSSSTST.TECEEEESSECSSHHHHHHHHTTSSSTT CS
  Helicase_C  39 k..gikvavlhgelpqnereeileqfnkgesdvLi.atdvaerGidip.kvnlVinfdlprnvtsyiqriGRtgRag 111
                    + ++a++h   +  +++e + + ++g+++vLi +t+ ++ G +++ k+   +++d+p+ +++++qr GR++R g
        orf2 352 GvpAEEIAYIHTANSEAQKKELFGKVRSGQVRVLIgSTQKMGAGTNVQtKLAALHHLDCPWRPSDLQQREGRIIRQG 428
                 24567899************************77637899*******9789***********************975 PP

>> SNF2-rel_dom  SNF2-related domain
   #    score  bias  c-Evalue  i-Evalue hmmfrom  hmm to    alifrom  ali to    envfrom  env to     acc
 ---   ------ ----- --------- --------- ------- -------    ------- -------    ------- -------    ----
   1 !    4.9   0.0    0.0012        11     131     169 ..      65     101 ..      23     112 .. 0.69
   2 !   14.6   0.0   1.3e-06     0.012     186     305 ..     141     277 ..     128     291 .. 0.65

  Alignments for each domain:
  == domain 1  score: 4.9 bits;  conditional E-value: 0.0012
                   HHHH.........HHTCTTCTS.SS..BSEEEECTGGGGGSTTS CS
                   xxxxxxxxx....xxxxxxxxx.xxxxxxxxxxxxxxxxxxxxx RF
  SNF2-rel_dom 131 yevlkrela....rkrkevlkk.vklewkrvvlDEahtlknsks 169
                   +            ++rk+ + +  +l  +r+ +DEah  kn ++
          orf2  65 L-------DklndQSRKDDVVTfEELGVDRIFIDEAHYYKNLAA 101
                   3.......1444544444444425667***********999776 PP

  == domain 2  score: 14.6 bits;  conditional E-value: 1.3e-06
                   E-SSSSSSTCHHHHHHHHHHSTTTTST..CHHHHHHCHHHHCCH..............HCCCCCHHHHHHHTTTTEE---CCCC....TSSSSSEEE CS
                   xxxxxxxxxxxxxxxxxxxxxxxxxxx..xxxxxxxxxxxxxxx..............xxxxxxxxxxxxxxxxxxxxxxxxxx....xxxxxxxxx RF
  SNF2-rel_dom 186 ltGTPiqnkledlygLlkflrpepfge..lqsFkkwisrpierp..............aksekgrsrLlkllkrlmlrrakkdv....eknlPpkte 262
                    tGTPi+n++ ++y++ k+l+ + +    l  F+ w s+  e+               +++ ++  +L +l++  m +++  d+    + +lP  + 
          orf2 141 ATGTPISNSMVEMYTMQKYLQYGALRRndLLHFDAWASTFGETVtaielspegtgyraKTRFAKFYNLPELMA--MFKETA-DIqtadMLKLPVPEA 234
                   59**********************9987777888888855554477899999998766555555556666666..444332.222345456665555 PP

                   EEEE..EEB-HHHHHHHHHHHHHHHHHHH-TTS....SCHHCHHH CS
                   xxxx..xxxxxxxxxxxxxxxxxxxxxxxxxxxxxxxxxxxxxxx RF
  SNF2-rel_dom 263 kilf..lklskverkfYnevllkrtvaaiksselgreeasllnil 305
                   + +   lk s+ ++++     l+ +++++ +  +++ ++++l i 
          orf2 235 HYHSvvLKPSETQKEMVAS--LSERAERVRNKMVDSSVDNMLLIT 277
                   5555005555555555553..555566666666655555555555 PP



Internal pipeline statistics summary:
-------------------------------------
Query sequence(s):                         1  (503 residues searched)
Target model(s):                       19632  (3329936 nodes)
Passed MSV filter:                      1224  (0.0623472); expected 392.6 (0.02)
Passed bias filter:                      696  (0.0354523); expected 392.6 (0.02)
Passed Vit filter:                        59  (0.0030053); expected 19.6 (0.001)
Passed Fwd filter:                         2  (0.000101874); expected 0.2 (1e-05)
Initial search space (Z):              19632  [actual number of targets]
Domain search space  (domZ):               2  [number of targets reported over threshold]
# CPU time: 0.42u 0.18s 00:00:00.60 Elapsed: 00:00:00.35
# Mc/sec: 4709.41
//
Query:       orf3  [L=102]
Description: source=IMGVR_UViG_3300007921_000200_3300007921_Ga0111562_101091/10731-8630 coords=1909..1604 length=102 frame=5 desc=
Scores for complete sequence (score includes all domains):
   --- full sequence ---   --- best 1 domain ---    -#dom-
    E-value  score  bias    E-value  score  bias    exp  N  Model    Description
    ------- ------ -----    ------- ------ -----   ---- --  -------- -----------

   [No hits detected that satisfy reporting thresholds]


Domain annotation for each model (and alignments):

   [No targets detected that satisfy reporting thresholds]


Internal pipeline statistics summary:
-------------------------------------
Query sequence(s):                         1  (102 residues searched)
Target model(s):                       19632  (3329936 nodes)
Passed MSV filter:                       307  (0.0156377); expected 392.6 (0.02)
Passed bias filter:                      283  (0.0144152); expected 392.6 (0.02)
Passed Vit filter:                        17  (0.000865933); expected 19.6 (0.001)
Passed Fwd filter:                         0  (0); expected 0.2 (1e-05)
Initial search space (Z):              19632  [actual number of targets]
Domain search space  (domZ):               0  [number of targets reported over threshold]
# CPU time: 0.29u 0.16s 00:00:00.44 Elapsed: 00:00:00.31
# Mc/sec: 1094.05
//
Query:       orf4  [L=129]
Description: source=IMGVR_UViG_3300007921_000200_3300007921_Ga0111562_101091/10731-8630 coords=1835..1449 length=129 frame=4 desc=
Scores for complete sequence (score includes all domains):
   --- full sequence ---   --- best 1 domain ---    -#dom-
    E-value  score  bias    E-value  score  bias    exp  N  Model    Description
    ------- ------ -----    ------- ------ -----   ---- --  -------- -----------

   [No hits detected that satisfy reporting thresholds]


Domain annotation for each model (and alignments):

   [No targets detected that satisfy reporting thresholds]


Internal pipeline statistics summary:
-------------------------------------
Query sequence(s):                         1  (129 residues searched)
Target model(s):                       19632  (3329936 nodes)
Passed MSV filter:                       347  (0.0176752); expected 392.6 (0.02)
Passed bias filter:                      301  (0.0153321); expected 392.6 (0.02)
Passed Vit filter:                        19  (0.000967808); expected 19.6 (0.001)
Passed Fwd filter:                         0  (0); expected 0.2 (1e-05)
Initial search space (Z):              19632  [actual number of targets]
Domain search space  (domZ):               0  [number of targets reported over threshold]
# CPU time: 0.28u 0.15s 00:00:00.43 Elapsed: 00:00:00.30
# Mc/sec: 1401.33
//
Query:       orf5  [L=252]
Description: source=IMGVR_UViG_3300007921_000200_3300007921_Ga0111562_101091/10731-8630 coords=1521..766 length=252 frame=6 desc=
Scores for complete sequence (score includes all domains):
   --- full sequence ---   --- best 1 domain ---    -#dom-
    E-value  score  bias    E-value  score  bias    exp  N  Model    Description
    ------- ------ -----    ------- ------ -----   ---- --  -------- -----------

   [No hits detected that satisfy reporting thresholds]


Domain annotation for each model (and alignments):

   [No targets detected that satisfy reporting thresholds]


Internal pipeline statistics summary:
-------------------------------------
Query sequence(s):                         1  (252 residues searched)
Target model(s):                       19632  (3329936 nodes)
Passed MSV filter:                       268  (0.0136512); expected 392.6 (0.02)
Passed bias filter:                      240  (0.0122249); expected 392.6 (0.02)
Passed Vit filter:                        16  (0.000814996); expected 19.6 (0.001)
Passed Fwd filter:                         0  (0); expected 0.2 (1e-05)
Initial search space (Z):              19632  [actual number of targets]
Domain search space  (domZ):               0  [number of targets reported over threshold]
# CPU time: 0.27u 0.16s 00:00:00.43 Elapsed: 00:00:00.29
# Mc/sec: 2872.45
//
Query:       orf6  [L=99]
Description: source=IMGVR_UViG_3300007921_000200_3300007921_Ga0111562_101091/10731-8630 coords=584..288 length=99 frame=4 desc=
Scores for complete sequence (score includes all domains):
   --- full sequence ---   --- best 1 domain ---    -#dom-
    E-value  score  bias    E-value  score  bias    exp  N  Model    Description
    ------- ------ -----    ------- ------ -----   ---- --  -------- -----------

   [No hits detected that satisfy reporting thresholds]


Domain annotation for each model (and alignments):

   [No targets detected that satisfy reporting thresholds]


Internal pipeline statistics summary:
-------------------------------------
Query sequence(s):                         1  (99 residues searched)
Target model(s):                       19632  (3329936 nodes)
Passed MSV filter:                       421  (0.0214446); expected 392.6 (0.02)
Passed bias filter:                      314  (0.0159943); expected 392.6 (0.02)
Passed Vit filter:                        19  (0.000967808); expected 19.6 (0.001)
Passed Fwd filter:                         0  (0); expected 0.2 (1e-05)
Initial search space (Z):              19632  [actual number of targets]
Domain search space  (domZ):               0  [number of targets reported over threshold]
# CPU time: 0.26u 0.15s 00:00:00.41 Elapsed: 00:00:00.28
# Mc/sec: 1150.64
//
Query:       orf7  [L=207]
Description: source=IMGVR_UViG_3300007921_000200_3300007921_Ga0111562_101091/10731-8630 coords=621..1 length=207 frame=6 desc=
Scores for complete sequence (score includes all domains):
   --- full sequence ---   --- best 1 domain ---    -#dom-
    E-value  score  bias    E-value  score  bias    exp  N  Model    Description
    ------- ------ -----    ------- ------ -----   ---- --  -------- -----------

   [No hits detected that satisfy reporting thresholds]


Domain annotation for each model (and alignments):

   [No targets detected that satisfy reporting thresholds]


Internal pipeline statistics summary:
-------------------------------------
Query sequence(s):                         1  (207 residues searched)
Target model(s):                       19632  (3329936 nodes)
Passed MSV filter:                       420  (0.0213936); expected 392.6 (0.02)
Passed bias filter:                      368  (0.0187449); expected 392.6 (0.02)
Passed Vit filter:                        21  (0.00106968); expected 19.6 (0.001)
Passed Fwd filter:                         0  (0); expected 0.2 (1e-05)
Initial search space (Z):              19632  [actual number of targets]
Domain search space  (domZ):               0  [number of targets reported over threshold]
# CPU time: 0.28u 0.15s 00:00:00.43 Elapsed: 00:00:00.28
# Mc/sec: 2383.01
//
[ok]
