# hmmscan :: search sequence(s) against a profile database
# HMMER 3.3.2 (Nov 2020); http://hmmer.org/
# Copyright (C) 2020 Howard Hughes Medical Institute.
# Freely distributed under the BSD open source license.
# - - - - - - - - - - - - - - - - - - - - - - - - - - - - - - - - - - - -
# query sequence file:             -
# target HMM database:             /n/eddy_lab/data/pfam-35.0/Pfam-A.hmm
# output directed to file:         ./c1_windows_new/hmmscan/out/IMGVR_UViG_3300021255_001561_3300021255_Ga0223825_12644816_hmmscan_output.out
# per-seq hits tabular output:     ./c1_windows_new/hmmscan/tblout/IMGVR_UViG_3300021255_001561_3300021255_Ga0223825_12644816_hmmscan_output.tblout
# - - - - - - - - - - - - - - - - - - - - - - - - - - - - - - - - - - - -

Query:       orf1  [L=208]
Description: source=IMGVR_UViG_3300021255_001561_3300021255_Ga0223825_12644816/26147-24487 coords=3..626 length=208 frame=3 desc=
Scores for complete sequence (score includes all domains):
   --- full sequence ---   --- best 1 domain ---    -#dom-
    E-value  score  bias    E-value  score  bias    exp  N  Model    Description
    ------- ------ -----    ------- ------ -----   ---- --  -------- -----------
     0.0016   18.2   0.1     0.0028   17.5   0.1    1.4  1  HNH_3     HNH endonuclease
  ------ inclusion threshold ------
      0.065   13.6   0.6       0.12   12.7   0.6    1.4  1  NUMOD4    NUMOD4 motif


Domain annotation for each model (and alignments):
>> HNH_3  HNH endonuclease
   #    score  bias  c-Evalue  i-Evalue hmmfrom  hmm to    alifrom  ali to    envfrom  env to     acc
 ---   ------ ----- --------- --------- ------- -------    ------- -------    ------- -------    ----
   1 !   17.5   0.1   2.9e-07    0.0028       4      38 ..      90     124 ..      87     131 .. 0.86

  Alignments for each domain:
  == domain 1  score: 17.5 bits;  conditional E-value: 2.9e-07
  HNH_3   4 HrvvwelhnGpiPkglvVdHidgdksnnrpeNLrl 38 
             r+v+ ++    +++ +V Hi gdks+n   NL++
   orf1  90 SRLVAAAFIPNPENKPEVNHISGDKSDNSVPNLEW 124
            5888888888555778*****************98 PP

>> NUMOD4  NUMOD4 motif
   #    score  bias  c-Evalue  i-Evalue hmmfrom  hmm to    alifrom  ali to    envfrom  env to     acc
 ---   ------ ----- --------- --------- ------- -------    ------- -------    ------- -------    ----
   1 ?   12.7   0.6   1.2e-05      0.12       8      49 ..      42      77 ..      35      78 .. 0.88

  Alignments for each domain:
  == domain 1  score: 12.7 bits;  conditional E-value: 1.2e-05
  NUMOD4  8 gyegrYeVSnlGRVrsfdrrsikgkilkpslnktngYlrvtL 49
            g+  +YeV  +GRV s+ +       l ++++  +gY+rv++
    orf1 42 GFS-KYEVTWDGRVYSLIT----YQYLTGNISF-DGYYRVCV 77
            666.8**************....**********.******86 PP



Internal pipeline statistics summary:
-------------------------------------
Query sequence(s):                         1  (208 residues searched)
Target model(s):                       19632  (3329936 nodes)
Passed MSV filter:                       681  (0.0346883); expected 392.6 (0.02)
Passed bias filter:                      583  (0.0296964); expected 392.6 (0.02)
Passed Vit filter:                        39  (0.00198655); expected 19.6 (0.001)
Passed Fwd filter:                         2  (0.000101874); expected 0.2 (1e-05)
Initial search space (Z):              19632  [actual number of targets]
Domain search space  (domZ):               2  [number of targets reported over threshold]
# CPU time: 0.34u 0.20s 00:00:00.54 Elapsed: 00:00:00.38
# Mc/sec: 1785.14
//
[ok]
