# hmmscan :: search sequence(s) against a profile database
# HMMER 3.3.2 (Nov 2020); http://hmmer.org/
# Copyright (C) 2020 Howard Hughes Medical Institute.
# Freely distributed under the BSD open source license.
# - - - - - - - - - - - - - - - - - - - - - - - - - - - - - - - - - - - -
# query sequence file:             -
# target HMM database:             /n/eddy_lab/data/pfam-35.0/Pfam-A.hmm
# output directed to file:         ./c1_windows_new/hmmscan/out/IMGVR_UViG_3300031697_000410_3300031697_Ga0307929_1002196_hmmscan_output.out
# per-seq hits tabular output:     ./c1_windows_new/hmmscan/tblout/IMGVR_UViG_3300031697_000410_3300031697_Ga0307929_1002196_hmmscan_output.tblout
# - - - - - - - - - - - - - - - - - - - - - - - - - - - - - - - - - - - -

Query:       orf1  [L=90]
Description: source=IMGVR_UViG_3300031697_000410_3300031697_Ga0307929_1002196/7708-9598 coords=421..690 length=90 frame=1 desc=
Scores for complete sequence (score includes all domains):
   --- full sequence ---   --- best 1 domain ---    -#dom-
    E-value  score  bias    E-value  score  bias    exp  N  Model    Description
    ------- ------ -----    ------- ------ -----   ---- --  -------- -----------

   [No hits detected that satisfy reporting thresholds]


Domain annotation for each model (and alignments):

   [No targets detected that satisfy reporting thresholds]


Internal pipeline statistics summary:
-------------------------------------
Query sequence(s):                         1  (90 residues searched)
Target model(s):                       19632  (3329936 nodes)
Passed MSV filter:                       310  (0.0157905); expected 392.6 (0.02)
Passed bias filter:                      254  (0.0129381); expected 392.6 (0.02)
Passed Vit filter:                        12  (0.000611247); expected 19.6 (0.001)
Passed Fwd filter:                         0  (0); expected 0.2 (1e-05)
Initial search space (Z):              19632  [actual number of targets]
Domain search space  (domZ):               0  [number of targets reported over threshold]
# CPU time: 0.29u 0.20s 00:00:00.49 Elapsed: 00:00:00.35
# Mc/sec: 846.09
//
Query:       orf2  [L=232]
Description: source=IMGVR_UViG_3300031697_000410_3300031697_Ga0307929_1002196/7708-9598 coords=3..698 length=232 frame=3 desc=
Scores for complete sequence (score includes all domains):
   --- full sequence ---   --- best 1 domain ---    -#dom-
    E-value  score  bias    E-value  score  bias    exp  N  Model    Description
    ------- ------ -----    ------- ------ -----   ---- --  -------- -----------

   [No hits detected that satisfy reporting thresholds]


Domain annotation for each model (and alignments):

   [No targets detected that satisfy reporting thresholds]


Internal pipeline statistics summary:
-------------------------------------
Query sequence(s):                         1  (232 residues searched)
Target model(s):                       19632  (3329936 nodes)
Passed MSV filter:                       394  (0.0200693); expected 392.6 (0.02)
Passed bias filter:                      329  (0.0167584); expected 392.6 (0.02)
Passed Vit filter:                        20  (0.00101874); expected 19.6 (0.001)
Passed Fwd filter:                         0  (0); expected 0.2 (1e-05)
Initial search space (Z):              19632  [actual number of targets]
Domain search space  (domZ):               0  [number of targets reported over threshold]
# CPU time: 0.32u 0.19s 00:00:00.51 Elapsed: 00:00:00.36
# Mc/sec: 2119.12
//
Query:       orf3  [L=170]
Description: source=IMGVR_UViG_3300031697_000410_3300031697_Ga0307929_1002196/7708-9598 coords=1006..1515 length=170 frame=1 desc=
Scores for complete sequence (score includes all domains):
   --- full sequence ---   --- best 1 domain ---    -#dom-
    E-value  score  bias    E-value  score  bias    exp  N  Model     Description
    ------- ------ -----    ------- ------ -----   ---- --  --------  -----------
    1.4e-10   41.4   0.0    1.8e-10   41.0   0.0    1.1  1  DUF2201_N  Putative metallopeptidase domain


Domain annotation for each model (and alignments):
>> DUF2201_N  Putative metallopeptidase domain
   #    score  bias  c-Evalue  i-Evalue hmmfrom  hmm to    alifrom  ali to    envfrom  env to     acc
 ---   ------ ----- --------- --------- ------- -------    ------- -------    ------- -------    ----
   1 !   41.0   0.0     9e-15   1.8e-10      32     133 ..      47     168 ..      35     170 .] 0.72

  Alignments for each domain:
  == domain 1  score: 41.0 bits;  conditional E-value: 9e-15
  DUF2201_N  32 kdgl...ktaatdgrtlrYnpeflesllle........eqvgvlaHevlHvalrHpeRreafdpelfnlaaDaliN...etLiqagl.alPasavtlesv 116
                 d++    +aatd ++++ np+  + ++l+        +  ++l He +H  l+H +Rr+++dpel+n+a+D +iN   ++L  +     P s+ +  +v
       orf3  47 TDNVplgAPAATDYERIYINPNS-HIFKLAtgdltqrcILTFLLCHESFHPKLFHDKRRGKRDPELWNIACDFVINlllSKLERESKdVCPSSPLVDMKV 145
                45554557899999999999985.4443331111111145799*********************************433344555556789988887777 PP

  DUF2201_N 117 lr......eealaeldaerlyta 133
                 +      ++ ++++ +e++ ++
       orf3 146 DKiddiliDDRFDNMIEEEVVRQ 168
                77888888888888888888776 PP



Internal pipeline statistics summary:
-------------------------------------
Query sequence(s):                         1  (170 residues searched)
Target model(s):                       19632  (3329936 nodes)
Passed MSV filter:                       325  (0.0165546); expected 392.6 (0.02)
Passed bias filter:                      265  (0.0134984); expected 392.6 (0.02)
Passed Vit filter:                        20  (0.00101874); expected 19.6 (0.001)
Passed Fwd filter:                         1  (5.09372e-05); expected 0.2 (1e-05)
Initial search space (Z):              19632  [actual number of targets]
Domain search space  (domZ):               1  [number of targets reported over threshold]
# CPU time: 0.29u 0.19s 00:00:00.48 Elapsed: 00:00:00.34
# Mc/sec: 1657.21
//
Query:       orf4  [L=117]
Description: source=IMGVR_UViG_3300031697_000410_3300031697_Ga0307929_1002196/7708-9598 coords=1640..1290 length=117 frame=6 desc=
Scores for complete sequence (score includes all domains):
   --- full sequence ---   --- best 1 domain ---    -#dom-
    E-value  score  bias    E-value  score  bias    exp  N  Model    Description
    ------- ------ -----    ------- ------ -----   ---- --  -------- -----------

   [No hits detected that satisfy reporting thresholds]


Domain annotation for each model (and alignments):

   [No targets detected that satisfy reporting thresholds]


Internal pipeline statistics summary:
-------------------------------------
Query sequence(s):                         1  (117 residues searched)
Target model(s):                       19632  (3329936 nodes)
Passed MSV filter:                       369  (0.0187958); expected 392.6 (0.02)
Passed bias filter:                      234  (0.0119193); expected 392.6 (0.02)
Passed Vit filter:                        18  (0.00091687); expected 19.6 (0.001)
Passed Fwd filter:                         0  (0); expected 0.2 (1e-05)
Initial search space (Z):              19632  [actual number of targets]
Domain search space  (domZ):               0  [number of targets reported over threshold]
# CPU time: 0.25u 0.16s 00:00:00.41 Elapsed: 00:00:00.29
# Mc/sec: 1335.46
//
[ok]
