# hmmscan :: search sequence(s) against a profile database
# HMMER 3.3.2 (Nov 2020); http://hmmer.org/
# Copyright (C) 2020 Howard Hughes Medical Institute.
# Freely distributed under the BSD open source license.
# - - - - - - - - - - - - - - - - - - - - - - - - - - - - - - - - - - - -
# query sequence file:             -
# target HMM database:             /n/eddy_lab/data/pfam-35.0/Pfam-A.hmm
# output directed to file:         ./c1_windows_new/hmmscan/out/IMGVR_UViG_3300022878_000067_3300022878_Ga0247761_1000042_hmmscan_output.out
# per-seq hits tabular output:     ./c1_windows_new/hmmscan/tblout/IMGVR_UViG_3300022878_000067_3300022878_Ga0247761_1000042_hmmscan_output.tblout
# - - - - - - - - - - - - - - - - - - - - - - - - - - - - - - - - - - - -

Query:       orf1  [L=157]
Description: source=IMGVR_UViG_3300022878_000067_3300022878_Ga0247761_1000042/14545-16582 coords=11..481 length=157 frame=2 desc=
Scores for complete sequence (score includes all domains):
   --- full sequence ---   --- best 1 domain ---    -#dom-
    E-value  score  bias    E-value  score  bias    exp  N  Model    Description
    ------- ------ -----    ------- ------ -----   ---- --  -------- -----------

   [No hits detected that satisfy reporting thresholds]


Domain annotation for each model (and alignments):

   [No targets detected that satisfy reporting thresholds]


Internal pipeline statistics summary:
-------------------------------------
Query sequence(s):                         1  (157 residues searched)
Target model(s):                       19632  (3329936 nodes)
Passed MSV filter:                      1125  (0.0573044); expected 392.6 (0.02)
Passed bias filter:                      539  (0.0274552); expected 392.6 (0.02)
Passed Vit filter:                        40  (0.00203749); expected 19.6 (0.001)
Passed Fwd filter:                         0  (0); expected 0.2 (1e-05)
Initial search space (Z):              19632  [actual number of targets]
Domain search space  (domZ):               0  [number of targets reported over threshold]
# CPU time: 0.33u 0.22s 00:00:00.55 Elapsed: 00:00:00.39
# Mc/sec: 1337.86
//
Query:       orf2  [L=182]
Description: source=IMGVR_UViG_3300022878_000067_3300022878_Ga0247761_1000042/14545-16582 coords=1320..1865 length=182 frame=3 desc=
Scores for complete sequence (score includes all domains):
   --- full sequence ---   --- best 1 domain ---    -#dom-
    E-value  score  bias    E-value  score  bias    exp  N  Model        Description
    ------- ------ -----    ------- ------ -----   ---- --  --------     -----------
    4.7e-07   29.1   0.2    6.7e-07   28.6   0.2    1.2  1  COX1          Cytochrome C and Quinol oxidase polypeptide I
  ------ inclusion threshold ------
       0.03   14.3   0.0      0.067   13.2   0.0    1.5  1  Phage_attach  Phage Head-Tail Attachment


Domain annotation for each model (and alignments):
>> COX1  Cytochrome C and Quinol oxidase polypeptide I
   #    score  bias  c-Evalue  i-Evalue hmmfrom  hmm to    alifrom  ali to    envfrom  env to     acc
 ---   ------ ----- --------- --------- ------- -------    ------- -------    ------- -------    ----
   1 !   28.6   0.2   6.9e-11   6.7e-07       1      47 [.       8      60 ..       8      67 .. 0.92

  Alignments for each domain:
  == domain 1  score: 28.6 bits;  conditional E-value: 6.9e-11
          HHHHHHHHHHHHHHHHHHHHHHHHHHHCTCT......-HHCHHHHHHHHHHHH CS
  COX1  1 kigllylivalvlllvggllgllirlqlafp......dletynqlrtlHgnlm 47
          +ig+lyli al+ +lvg+++++lirl+l  p      d++ yn ++t+H+++m
  orf2  8 DIGVLYLIYALFSGLVGTAFSVLIRLELSGPgvqfiaDNQLYNSIITAHAIIM 60
          599*************************97777677788************99 PP

>> Phage_attach  Phage Head-Tail Attachment
   #    score  bias  c-Evalue  i-Evalue hmmfrom  hmm to    alifrom  ali to    envfrom  env to     acc
 ---   ------ ----- --------- --------- ------- -------    ------- -------    ------- -------    ----
   1 ?   13.2   0.0   6.8e-06     0.067      33      94 ..      86     149 ..      71     153 .. 0.83

  Alignments for each domain:
  == domain 1  score: 13.2 bits;  conditional E-value: 6.8e-06
                   TT--EEEEEEEE-SSS--SSSSS..-SSS-SS-EEEESCCCCCTS-TT-EEEETTTEEEBS--- CS
  Phage_attach  33 vlsgatlvgvfddpenisyagag..vrvegdsptlfvktsevsqlkradtltilgetfwvdrvs 94 
                   +  ga l g    p+ i    +g  +r+ g++p l   ts  ++l +   l   ++t w+drv 
          orf2  86 QGGGAKLHGETRTPKLIVKGVDGinIRILGNTPDLNHETSRLTNLIKRINLHNWNSTKWIDRVD 149
                   55689999999999999776666226999**************999999999999*******95 PP



Internal pipeline statistics summary:
-------------------------------------
Query sequence(s):                         1  (182 residues searched)
Target model(s):                       19632  (3329936 nodes)
Passed MSV filter:                       401  (0.0204258); expected 392.6 (0.02)
Passed bias filter:                      325  (0.0165546); expected 392.6 (0.02)
Passed Vit filter:                        27  (0.00137531); expected 19.6 (0.001)
Passed Fwd filter:                         2  (0.000101874); expected 0.2 (1e-05)
Initial search space (Z):              19632  [actual number of targets]
Domain search space  (domZ):               2  [number of targets reported over threshold]
# CPU time: 0.31u 0.22s 00:00:00.53 Elapsed: 00:00:00.36
# Mc/sec: 1641.43
//
Query:       orf3  [L=105]
Description: source=IMGVR_UViG_3300022878_000067_3300022878_Ga0247761_1000042/14545-16582 coords=1456..1142 length=105 frame=4 desc=
Scores for complete sequence (score includes all domains):
   --- full sequence ---   --- best 1 domain ---    -#dom-
    E-value  score  bias    E-value  score  bias    exp  N  Model    Description
    ------- ------ -----    ------- ------ -----   ---- --  -------- -----------

   [No hits detected that satisfy reporting thresholds]


Domain annotation for each model (and alignments):

   [No targets detected that satisfy reporting thresholds]


Internal pipeline statistics summary:
-------------------------------------
Query sequence(s):                         1  (105 residues searched)
Target model(s):                       19632  (3329936 nodes)
Passed MSV filter:                       335  (0.017064); expected 392.6 (0.02)
Passed bias filter:                      215  (0.0109515); expected 392.6 (0.02)
Passed Vit filter:                        16  (0.000814996); expected 19.6 (0.001)
Passed Fwd filter:                         0  (0); expected 0.2 (1e-05)
Initial search space (Z):              19632  [actual number of targets]
Domain search space  (domZ):               0  [number of targets reported over threshold]
# CPU time: 0.26u 0.19s 00:00:00.45 Elapsed: 00:00:00.33
# Mc/sec: 1049.73
//
[ok]
      47 ..      25      38 ..      19      39 .. 0.78
   2 ?    5.1   0.1    0.0041        27      46      59 ..      93     106 ..      91     106 .. 0.91
   3 ?    4.5   0.0    0.0062        41       2      17 ..     218     233 ..     217     238 .. 0.93

  Alignments for each domain:
  == domain 1  score: -0.6 bits;  conditional E-value: 0.24
  DUF4287 34 geivawLkeehgLg 47
             +e ++ Lke++ L+
     orf2 25 DEFIDKLKENYALS 38
             67788899999885 PP

  == domain 2  score: 5.1 bits;  conditional E-value: 0.0041
  DUF4287  46 LghGHAnalvaeik 59 
              Lg+G+A+ l ++++
     orf2  93 LGRGYAKFLTHYLR 106
              9**********975 PP

  == domain 3  score: 4.5 bits;  conditional E-value: 0.0062
  DUF4287   2 fqsyldniekkTGktl 17 
              ++s l++i kk+Gk++
     orf2 218 HRSTLSKIFKKYGKPI 233
              8999**********98 PP



Internal pipeline statistics summary:
-------------------------------------
Query sequence(s):                         1  (265 residues searched)
Target model(s):                       19632  (3329936 nodes)
Passed MSV filter:                       922  (0.0469641); expected 392.6 (0.02)
Passed bias filter:                      719  (0.0366239); expected 392.6 (0.02)
Passed Vit filter:                        48  (0.00244499); expected 19.6 (0.001)
Passed Fwd filter:                         3  (0.000152812); expected 0.2 (1e-05)
Initial search space (Z):              19632  [actual number of targets]
Domain search space  (domZ):               3  [number of targets reported over threshold]
# CPU time: 0.34u 0.22s 00:00:00.56 Elapsed: 00:00:00.36
# Mc/sec: 2389.50
//
[ok]
tial search space (Z):              19632  [actual number of targets]
Domain search space  (domZ):               4  [number of targets reported over threshold]
# CPU time: 0.35u 0.20s 00:00:00.55 Elapsed: 00:00:00.37
# Mc/sec: 1826.46
//
Query:       orf3  [L=140]
Description: source=IMGVR_UViG_3300022878_000067_3300022878_Ga0247761_1000042/17073-18793 coords=901..1320 length=140 frame=1 desc=
Scores for complete sequence (score includes all domains):
   --- full sequence ---   --- best 1 domain ---    -#dom-
    E-value  score  bias    E-value  score  bias    exp  N  Model           Description
    ------- ------ -----    ------- ------ -----   ---- --  --------        -----------
      9e-09   35.6   0.5    1.3e-08   35.1   0.4    1.4  1  Intron_maturas2  Type II intron maturase


Domain annotation for each model (and alignments):
>> Intron_maturas2  Type II intron maturase
   #    score  bias  c-Evalue  i-Evalue hmmfrom  hmm to    alifrom  ali to    envfrom  env to     acc
 ---   ------ ----- --------- --------- ------- -------    ------- -------    ------- -------    ----
   1 !   35.1   0.4   6.5e-13   1.3e-08      77     126 ..       1      52 [.       1      76 [. 0.78

  Alignments for each domain:
  == domain 1  score: 35.1 bits;  conditional E-value: 6.5e-13
  Intron_maturas2  77 ilrkscvkTLArKlklktvrkvikkfGkkl.sdlekeeflsieknvklk.tn 126
                      ++++sc+ TLA+K++lkt++kv+++fGk l  d++ke+ ls+ ++  +k tn
             orf3   1 LIKESCAMTLAKKFRLKTIAKVFRRFGKDLgYDVNKETRLSFADIAYTKaTN 52 
                      589************************5442788888888888877555433 PP



Internal pipeline statistics summary:
-------------------------------------
Query sequence(s):                         1  (140 residues searched)
Target model(s):                       19632  (3329936 nodes)
Passed MSV filter:                       528  (0.0268949); expected 392.6 (0.02)
Passed bias filter:                      402  (0.0204768); expected 392.6 (0.02)
Passed Vit filter:                        34  (0.00173187); expected 19.6 (0.001)
Passed Fwd filter:                         1  (5.09372e-05); expected 0.2 (1e-05)
Initial search space (Z):              19632  [actual number of targets]
Domain search space  (domZ):               1  [number of targets reported over threshold]
# CPU time: 0.29u 0.18s 00:00:00.47 Elapsed: 00:00:00.32
# Mc/sec: 1432.43
//
Query:       orf4  [L=113]
Description: source=IMGVR_UViG_3300022878_000067_3300022878_Ga0247761_1000042/17073-18793 coords=737..399 length=113 frame=4 desc=
Scores for complete sequence (score includes all domains):
   --- full sequence ---   --- best 1 domain ---    -#dom-
    E-value  score  bias    E-value  score  bias    exp  N  Model    Description
    ------- ------ -----    ------- ------ -----   ---- --  -------- -----------

   [No hits detected that satisfy reporting thresholds]


Domain annotation for each model (and alignments):

   [No targets detected that satisfy reporting thresholds]


Internal pipeline statistics summary:
-------------------------------------
Query sequence(s):                         1  (113 residues searched)
Target model(s):                       19632  (3329936 nodes)
Passed MSV filter:                       610  (0.0310717); expected 392.6 (0.02)
Passed bias filter:                      278  (0.0141606); expected 392.6 (0.02)
Passed Vit filter:                        21  (0.00106968); expected 19.6 (0.001)
Passed Fwd filter:                         0  (0); expected 0.2 (1e-05)
Initial search space (Z):              19632  [actual number of targets]
Domain search space  (domZ):               0  [number of targets reported over threshold]
# CPU time: 0.28u 0.16s 00:00:00.44 Elapsed: 00:00:00.30
# Mc/sec: 1218.39
//
[ok]
