# hmmscan :: search sequence(s) against a profile database
# HMMER 3.3.2 (Nov 2020); http://hmmer.org/
# Copyright (C) 2020 Howard Hughes Medical Institute.
# Freely distributed under the BSD open source license.
# - - - - - - - - - - - - - - - - - - - - - - - - - - - - - - - - - - - -
# query sequence file:             -
# target HMM database:             /n/eddy_lab/data/pfam-35.0/Pfam-A.hmm
# output directed to file:         ./c1_windows_new/hmmscan/out/IMGVR_UViG_3300031114_000771_3300031114_Ga0308187_10003940_hmmscan_output.out
# per-seq hits tabular output:     ./c1_windows_new/hmmscan/tblout/IMGVR_UViG_3300031114_000771_3300031114_Ga0308187_10003940_hmmscan_output.tblout
# - - - - - - - - - - - - - - - - - - - - - - - - - - - - - - - - - - - -

Query:       orf1  [L=131]
Description: source=IMGVR_UViG_3300031114_000771_3300031114_Ga0308187_10003940/1-685 coords=25..417 length=131 frame=1 desc=
Scores for complete sequence (score includes all domains):
   --- full sequence ---   --- best 1 domain ---    -#dom-
    E-value  score  bias    E-value  score  bias    exp  N  Model    Description
    ------- ------ -----    ------- ------ -----   ---- --  -------- -----------
    8.9e-15   55.4   0.1    1.2e-14   54.9   0.1    1.2  1  COX3      Cytochrome c oxidase subunit III


Domain annotation for each model (and alignments):
>> COX3  Cytochrome c oxidase subunit III
   #    score  bias  c-Evalue  i-Evalue hmmfrom  hmm to    alifrom  ali to    envfrom  env to     acc
 ---   ------ ----- --------- --------- ------- -------    ------- -------    ------- -------    ----
   1 !   54.9   0.1     6e-19   1.2e-14     114     147 ..       1      34 [.       1      60 [. 0.85

  Alignments for each domain:
  == domain 1  score: 54.9 bits;  conditional E-value: 6e-19
           S-TTS----TTSHHHHHHHHHHHHHHHHHHHHHH CS
  COX3 114 pPvGikavnPlevPllntiillssGvtvtyahhs 147
           pP+Gi+++nP+e+Pllnt+illssG+tvtyahh 
  orf1   1 PPIGIEPINPFELPLLNTVILLSSGATVTYAHHV 34 
           8********************************6 PP



Internal pipeline statistics summary:
-------------------------------------
Query sequence(s):                         1  (131 residues searched)
Target model(s):                       19632  (3329936 nodes)
Passed MSV filter:                       392  (0.0199674); expected 392.6 (0.02)
Passed bias filter:                      362  (0.0184393); expected 392.6 (0.02)
Passed Vit filter:                        15  (0.000764059); expected 19.6 (0.001)
Passed Fwd filter:                         1  (5.09372e-05); expected 0.2 (1e-05)
Initial search space (Z):              19632  [actual number of targets]
Domain search space  (domZ):               1  [number of targets reported over threshold]
# CPU time: 0.29u 0.19s 00:00:00.48 Elapsed: 00:00:00.34
# Mc/sec: 1248.83
//
[ok]
