# hmmscan :: search sequence(s) against a profile database
# HMMER 3.3.2 (Nov 2020); http://hmmer.org/
# Copyright (C) 2020 Howard Hughes Medical Institute.
# Freely distributed under the BSD open source license.
# - - - - - - - - - - - - - - - - - - - - - - - - - - - - - - - - - - - -
# query sequence file:             -
# target HMM database:             /n/eddy_lab/data/pfam-35.0/Pfam-A.hmm
# output directed to file:         ./c1_windows_new/hmmscan/out/IMGVR_UViG_3300049154_000245_3300049154_Ga0502124_001164_hmmscan_output.out
# per-seq hits tabular output:     ./c1_windows_new/hmmscan/tblout/IMGVR_UViG_3300049154_000245_3300049154_Ga0502124_001164_hmmscan_output.tblout
# - - - - - - - - - - - - - - - - - - - - - - - - - - - - - - - - - - - -

Query:       orf1  [L=147]
Description: source=IMGVR_UViG_3300049154_000245_3300049154_Ga0502124_001164/1-1428 coords=3..443 length=147 frame=3 desc=
Scores for complete sequence (score includes all domains):
   --- full sequence ---   --- best 1 domain ---    -#dom-
    E-value  score  bias    E-value  score  bias    exp  N  Model       Description
    ------- ------ -----    ------- ------ -----   ---- --  --------    -----------
    4.5e-10   39.2   0.0    5.3e-10   38.9   0.0    1.0  1  Aminotran_5  Aminotransferase class-V


Domain annotation for each model (and alignments):
>> Aminotran_5  Aminotransferase class-V
   #    score  bias  c-Evalue  i-Evalue hmmfrom  hmm to    alifrom  ali to    envfrom  env to     acc
 ---   ------ ----- --------- --------- ------- -------    ------- -------    ------- -------    ----
   1 !   38.9   0.0   2.7e-14   5.3e-10     272     370 ..       4     111 ..       2     112 .. 0.92

  Alignments for each domain:
  == domain 1  score: 38.9 bits;  conditional E-value: 2.7e-14
                  HHHHHHHHHHHHHHHHHHHHCT.STTEEEES.-B-CTCCSEEEEEETTCSHHHHHHHHHHTTEEEEEE-TTT....HHHHHHTT.S.......-EEEE CS
  Aminotran_5 272 gleaiekhekelaeyllerLes.lpgvrlygpdkaerrasivsfnfkgvhaedvatlLdeegiavrsGhhca....qplmkrlale.......gtvRa 357
                  ++e+ ++++++l+e+l++rL++ l++++l+g ++++r ++ ++++f +v+ e + + +    iav+sG++c+    +p+++++al        +++R+
         orf1   4 EMESEAERQTALRERLHQRLQAeLDHIKLNG-HPTQRLPNNLNVSFGYVEGESLIMGIS--DIAVSSGSACTsaslEPSYVLRALGvgddlahSSIRF 98 
                  577788999***********987******99.799****************99876655..5**********9999999999999899********** PP

                  E--TTS-HHHHHH CS
  Aminotran_5 358 Slyiynteedvdr 370
                  + ++ +tee++d+
         orf1  99 GVGRFTTEEEIDY 111
                  ***********96 PP



Internal pipeline statistics summary:
-------------------------------------
Query sequence(s):                         1  (147 residues searched)
Target model(s):                       19632  (3329936 nodes)
Passed MSV filter:                       590  (0.030053); expected 392.6 (0.02)
Passed bias filter:                      525  (0.0267421); expected 392.6 (0.02)
Passed Vit filter:                        44  (0.00224124); expected 19.6 (0.001)
Passed Fwd filter:                         1  (5.09372e-05); expected 0.2 (1e-05)
Initial search space (Z):              19632  [actual number of targets]
Domain search space  (domZ):               1  [number of targets reported over threshold]
# CPU time: 0.34u 0.21s 00:00:00.55 Elapsed: 00:00:00.36
# Mc/sec: 1335.05
//
Query:       orf2  [L=256]
Description: source=IMGVR_UViG_3300049154_000245_3300049154_Ga0502124_001164/1-1428 coords=660..1427 length=256 frame=3 desc=
Scores for complete sequence (score includes all domains):
   --- full sequence ---   --- best 1 domain ---    -#dom-
    E-value  score  bias    E-value  score  bias    exp  N  Model    Description
    ------- ------ -----    ------- ------ -----   ---- --  -------- -----------

   [No hits detected that satisfy reporting thresholds]


Domain annotation for each model (and alignments):

   [No targets detected that satisfy reporting thresholds]


Internal pipeline statistics summary:
-------------------------------------
Query sequence(s):                         1  (256 residues searched)
Target model(s):                       19632  (3329936 nodes)
Passed MSV filter:                       415  (0.021139); expected 392.6 (0.02)
Passed bias filter:                      321  (0.0163509); expected 392.6 (0.02)
Passed Vit filter:                        15  (0.000764059); expected 19.6 (0.001)
Passed Fwd filter:                         0  (0); expected 0.2 (1e-05)
Initial search space (Z):              19632  [actual number of targets]
Domain search space  (domZ):               0  [number of targets reported over threshold]
# CPU time: 0.35u 0.19s 00:00:00.54 Elapsed: 00:00:00.33
# Mc/sec: 2509.22
//
Query:       orf3  [L=92]
Description: source=IMGVR_UViG_3300049154_000245_3300049154_Ga0502124_001164/1-1428 coords=1204..929 length=92 frame=6 desc=
Scores for complete sequence (score includes all domains):
   --- full sequence ---   --- best 1 domain ---    -#dom-
    E-value  score  bias    E-value  score  bias    exp  N  Model    Description
    ------- ------ -----    ------- ------ -----   ---- --  -------- -----------

   [No hits detected that satisfy reporting thresholds]


Domain annotation for each model (and alignments):

   [No targets detected that satisfy reporting thresholds]


Internal pipeline statistics summary:
-------------------------------------
Query sequence(s):                         1  (92 residues searched)
Target model(s):                       19632  (3329936 nodes)
Passed MSV filter:                       276  (0.0140587); expected 392.6 (0.02)
Passed bias filter:                      259  (0.0131927); expected 392.6 (0.02)
Passed Vit filter:                        20  (0.00101874); expected 19.6 (0.001)
Passed Fwd filter:                         0  (0); expected 0.2 (1e-05)
Initial search space (Z):              19632  [actual number of targets]
Domain search space  (domZ):               0  [number of targets reported over threshold]
# CPU time: 0.29u 0.22s 00:00:00.51 Elapsed: 00:00:00.34
# Mc/sec: 884.88
//
[ok]
