# hmmscan :: search sequence(s) against a profile database
# HMMER 3.3.2 (Nov 2020); http://hmmer.org/
# Copyright (C) 2020 Howard Hughes Medical Institute.
# Freely distributed under the BSD open source license.
# - - - - - - - - - - - - - - - - - - - - - - - - - - - - - - - - - - - -
# query sequence file:             -
# target HMM database:             /n/eddy_lab/data/pfam-35.0/Pfam-A.hmm
# output directed to file:         ./c1_windows_new/hmmscan/out/IMGVR_UViG_3300009935_000004_3300009935_Ga0131736_1001798_hmmscan_output.out
# per-seq hits tabular output:     ./c1_windows_new/hmmscan/tblout/IMGVR_UViG_3300009935_000004_3300009935_Ga0131736_1001798_hmmscan_output.tblout
# - - - - - - - - - - - - - - - - - - - - - - - - - - - - - - - - - - - -

Query:       orf1  [L=150]
Description: source=IMGVR_UViG_3300009935_000004_3300009935_Ga0131736_1001798/1-906 coords=1..450 length=150 frame=1 desc=
Scores for complete sequence (score includes all domains):
   --- full sequence ---   --- best 1 domain ---    -#dom-
    E-value  score  bias    E-value  score  bias    exp  N  Model      Description
    ------- ------ -----    ------- ------ -----   ---- --  --------   -----------
  ------ inclusion threshold ------
       0.11   13.0   0.0       0.13   12.7   0.0    1.1  1  Helicase_C  Helicase conserved C-terminal domain


Domain annotation for each model (and alignments):
>> Helicase_C  Helicase conserved C-terminal domain
   #    score  bias  c-Evalue  i-Evalue hmmfrom  hmm to    alifrom  ali to    envfrom  env to     acc
 ---   ------ ----- --------- --------- ------- -------    ------- -------    ------- -------    ----
   1 ?   12.7   0.0   6.6e-06      0.13       4      94 ..      50     146 ..      47     150 .] 0.69

  Alignments for each domain:
  == domain 1  score: 12.7 bits;  conditional E-value: 6.6e-06
                 HHHHHHH.HHHTTTSEEEEEESSHHHHHH....HHHHHHHTTSCEEEESTT.STHHHHH.HHHHHHHTTSSSEEEESGGGTSSSTSTTECEEEESSEC CS
  Helicase_C   4 eallell.kleeeggkilifvntidrlek....vklllekkgikvavlhge.lpqnere.eileqfnkgesdvLiatdvaerGidipkvnlVinfdlp 94 
                 ++l+e++  ++e g+k+l+f++ ++r +      +++  k++++++vl ++   + +r     +q ++g   ++   + +e+G+d+ +   ++ f++p
        orf1  50 KKLVEIVkAEKEAGRKVLVFATHTNRRDLlprlYEIM-DKHNLRTTVLRSDtVDAGKRMpWLEKQLKEGLEVLICHPQLVETGVDMLDFPKIVWFGAP 146
                 6777887778999*********999554443434666.566799999999625566666344455556665566667999999998877777766666 PP



Internal pipeline statistics summary:
-------------------------------------
Query sequence(s):                         1  (150 residues searched)
Target model(s):                       19632  (3329936 nodes)
Passed MSV filter:                       514  (0.0261817); expected 392.6 (0.02)
Passed bias filter:                      479  (0.0243989); expected 392.6 (0.02)
Passed Vit filter:                        34  (0.00173187); expected 19.6 (0.001)
Passed Fwd filter:                         1  (5.09372e-05); expected 0.2 (1e-05)
Initial search space (Z):              19632  [actual number of targets]
Domain search space  (domZ):               1  [number of targets reported over threshold]
# CPU time: 0.30u 0.20s 00:00:00.50 Elapsed: 00:00:00.35
# Mc/sec: 1397.40
//
Query:       orf2  [L=101]
Description: source=IMGVR_UViG_3300009935_000004_3300009935_Ga0131736_1001798/1-906 coords=440..138 length=101 frame=5 desc=
Scores for complete sequence (score includes all domains):
   --- full sequence ---   --- best 1 domain ---    -#dom-
    E-value  score  bias    E-value  score  bias    exp  N  Model    Description
    ------- ------ -----    ------- ------ -----   ---- --  -------- -----------

   [No hits detected that satisfy reporting thresholds]


Domain annotation for each model (and alignments):

   [No targets detected that satisfy reporting thresholds]


Internal pipeline statistics summary:
-------------------------------------
Query sequence(s):                         1  (101 residues searched)
Target model(s):                       19632  (3329936 nodes)
Passed MSV filter:                       400  (0.0203749); expected 392.6 (0.02)
Passed bias filter:                      275  (0.0140077); expected 392.6 (0.02)
Passed Vit filter:                        15  (0.000764059); expected 19.6 (0.001)
Passed Fwd filter:                         0  (0); expected 0.2 (1e-05)
Initial search space (Z):              19632  [actual number of targets]
Domain search space  (domZ):               0  [number of targets reported over threshold]
# CPU time: 0.30u 0.17s 00:00:00.47 Elapsed: 00:00:00.32
# Mc/sec: 1037.08
//
Query:       orf3  [L=228]
Description: source=IMGVR_UViG_3300009935_000004_3300009935_Ga0131736_1001798/1-906 coords=684..1 length=228 frame=4 desc=
Scores for complete sequence (score includes all domains):
   --- full sequence ---   --- best 1 domain ---    -#dom-
    E-value  score  bias    E-value  score  bias    exp  N  Model    Description
    ------- ------ -----    ------- ------ -----   ---- --  -------- -----------

   [No hits detected that satisfy reporting thresholds]


Domain annotation for each model (and alignments):

   [No targets detected that satisfy reporting thresholds]


Internal pipeline statistics summary:
-------------------------------------
Query sequence(s):                         1  (228 residues searched)
Target model(s):                       19632  (3329936 nodes)
Passed MSV filter:                       333  (0.0169621); expected 392.6 (0.02)
Passed bias filter:                      275  (0.0140077); expected 392.6 (0.02)
Passed Vit filter:                        12  (0.000611247); expected 19.6 (0.001)
Passed Fwd filter:                         0  (0); expected 0.2 (1e-05)
Initial search space (Z):              19632  [actual number of targets]
Domain search space  (domZ):               0  [number of targets reported over threshold]
# CPU time: 0.32u 0.18s 00:00:00.50 Elapsed: 00:00:00.35
# Mc/sec: 2149.58
//
[ok]
