# hmmscan :: search sequence(s) against a profile database
# HMMER 3.3.2 (Nov 2020); http://hmmer.org/
# Copyright (C) 2020 Howard Hughes Medical Institute.
# Freely distributed under the BSD open source license.
# - - - - - - - - - - - - - - - - - - - - - - - - - - - - - - - - - - - -
# query sequence file:             -
# target HMM database:             /n/eddy_lab/data/pfam-35.0/Pfam-A.hmm
# output directed to file:         ./c1_windows_new/hmmscan/out/IMGVR_UViG_3300035421_000341_3300035421_Ga0247075_000979_hmmscan_output.out
# per-seq hits tabular output:     ./c1_windows_new/hmmscan/tblout/IMGVR_UViG_3300035421_000341_3300035421_Ga0247075_000979_hmmscan_output.tblout
# - - - - - - - - - - - - - - - - - - - - - - - - - - - - - - - - - - - -

Query:       orf1  [L=93]
Description: source=IMGVR_UViG_3300035421_000341_3300035421_Ga0247075_000979/8188-10333 coords=197..475 length=93 frame=2 desc=
Scores for complete sequence (score includes all domains):
   --- full sequence ---   --- best 1 domain ---    -#dom-
    E-value  score  bias    E-value  score  bias    exp  N  Model    Description
    ------- ------ -----    ------- ------ -----   ---- --  -------- -----------

   [No hits detected that satisfy reporting thresholds]


Domain annotation for each model (and alignments):

   [No targets detected that satisfy reporting thresholds]


Internal pipeline statistics summary:
-------------------------------------
Query sequence(s):                         1  (93 residues searched)
Target model(s):                       19632  (3329936 nodes)
Passed MSV filter:                       346  (0.0176243); expected 392.6 (0.02)
Passed bias filter:                      155  (0.00789527); expected 392.6 (0.02)
Passed Vit filter:                        14  (0.000713121); expected 19.6 (0.001)
Passed Fwd filter:                         0  (0); expected 0.2 (1e-05)
Initial search space (Z):              19632  [actual number of targets]
Domain search space  (domZ):               0  [number of targets reported over threshold]
# CPU time: 0.27u 0.16s 00:00:00.43 Elapsed: 00:00:00.32
# Mc/sec: 957.80
//
Query:       orf2  [L=195]
Description: source=IMGVR_UViG_3300035421_000341_3300035421_Ga0247075_000979/8188-10333 coords=75..659 length=195 frame=3 desc=
Scores for complete sequence (score includes all domains):
   --- full sequence ---   --- best 1 domain ---    -#dom-
    E-value  score  bias    E-value  score  bias    exp  N  Model    Description
    ------- ------ -----    ------- ------ -----   ---- --  -------- -----------

   [No hits detected that satisfy reporting thresholds]


Domain annotation for each model (and alignments):

   [No targets detected that satisfy reporting thresholds]


Internal pipeline statistics summary:
-------------------------------------
Query sequence(s):                         1  (195 residues searched)
Target model(s):                       19632  (3329936 nodes)
Passed MSV filter:                       250  (0.0127343); expected 392.6 (0.02)
Passed bias filter:                      144  (0.00733496); expected 392.6 (0.02)
Passed Vit filter:                        15  (0.000764059); expected 19.6 (0.001)
Passed Fwd filter:                         1  (5.09372e-05); expected 0.2 (1e-05)
Initial search space (Z):              19632  [actual number of targets]
Domain search space  (domZ):               0  [number of targets reported over threshold]
# CPU time: 0.29u 0.17s 00:00:00.46 Elapsed: 00:00:00.32
# Mc/sec: 1992.66
//
Query:       orf3  [L=108]
Description: source=IMGVR_UViG_3300035421_000341_3300035421_Ga0247075_000979/8188-10333 coords=479..802 length=108 frame=2 desc=
Scores for complete sequence (score includes all domains):
   --- full sequence ---   --- best 1 domain ---    -#dom-
    E-value  score  bias    E-value  score  bias    exp  N  Model    Description
    ------- ------ -----    ------- ------ -----   ---- --  -------- -----------

   [No hits detected that satisfy reporting thresholds]


Domain annotation for each model (and alignments):

   [No targets detected that satisfy reporting thresholds]


Internal pipeline statistics summary:
-------------------------------------
Query sequence(s):                         1  (108 residues searched)
Target model(s):                       19632  (3329936 nodes)
Passed MSV filter:                       299  (0.0152302); expected 392.6 (0.02)
Passed bias filter:                      120  (0.00611247); expected 392.6 (0.02)
Passed Vit filter:                        10  (0.000509372); expected 19.6 (0.001)
Passed Fwd filter:                         0  (0); expected 0.2 (1e-05)
Initial search space (Z):              19632  [actual number of targets]
Domain search space  (domZ):               0  [number of targets reported over threshold]
# CPU time: 0.27u 0.17s 00:00:00.44 Elapsed: 00:00:00.31
# Mc/sec: 1124.75
//
Query:       orf4  [L=106]
Description: source=IMGVR_UViG_3300035421_000341_3300035421_Ga0247075_000979/8188-10333 coords=1010..1327 length=106 frame=2 desc=
Scores for complete sequence (score includes all domains):
   --- full sequence ---   --- best 1 domain ---    -#dom-
    E-value  score  bias    E-value  score  bias    exp  N  Model    Description
    ------- ------ -----    ------- ------ -----   ---- --  -------- -----------

   [No hits detected that satisfy reporting thresholds]


Domain annotation for each model (and alignments):

   [No targets detected that satisfy reporting thresholds]


Internal pipeline statistics summary:
-------------------------------------
Query sequence(s):                         1  (106 residues searched)
Target model(s):                       19632  (3329936 nodes)
Passed MSV filter:                       353  (0.0179808); expected 392.6 (0.02)
Passed bias filter:                      209  (0.0106459); expected 392.6 (0.02)
Passed Vit filter:                        19  (0.000967808); expected 19.6 (0.001)
Passed Fwd filter:                         0  (0); expected 0.2 (1e-05)
Initial search space (Z):              19632  [actual number of targets]
Domain search space  (domZ):               0  [number of targets reported over threshold]
# CPU time: 0.29u 0.15s 00:00:00.43 Elapsed: 00:00:00.30
# Mc/sec: 1160.70
//
Query:       orf5  [L=516]
Description: source=IMGVR_UViG_3300035421_000341_3300035421_Ga0247075_000979/8188-10333 coords=1..1548 length=516 frame=1 desc=
Scores for complete sequence (score includes all domains):
   --- full sequence ---   --- best 1 domain ---    -#dom-
    E-value  score  bias    E-value  score  bias    exp  N  Model    Description
    ------- ------ -----    ------- ------ -----   ---- --  -------- -----------
      7e-16   58.3   0.0    1.5e-15   57.2   0.0    1.6  1  NLPC_P60  NlpC/P60 family
  ------ inclusion threshold ------
      0.034   14.8   0.3       0.11   13.2   0.3    1.8  1  CHAP      CHAP domain
      0.069   12.9   0.3       0.33   10.7   0.0    2.1  3  DUF1175   Protein of unknown function (DUF1175)


Domain annotation for each model (and alignments):
>> NLPC_P60  NlpC/P60 family
   #    score  bias  c-Evalue  i-Evalue hmmfrom  hmm to    alifrom  ali to    envfrom  env to     acc
 ---   ------ ----- --------- --------- ------- -------    ------- -------    ------- -------    ----
   1 !   57.2   0.0   2.3e-19   1.5e-15       1      81 [.     412     498 ..     412     512 .. 0.87

  Alignments for each domain:
  == domain 1  score: 57.2 bits;  conditional E-value: 2.3e-19
               T-BB-TT--BTT.EB-HHHHHHHHHHTTT----SSHHHHCCCSEE..EEGGG--TTEEEEESG......TGGESEEEEEEETTEEEEE CS
  NLPC_P60   1 gkpYrwGGksps.gfDCsglvryafakagielprssgeqeaagkkkeiskselkrGDLvffkt......kkgisHvgiYlgngkmlha 81 
               g pY+wGGk+p+  fDCsg+v+++ ++ g ++ +           + +s++++k+GDLvff +       ++++HvgiY+gn +m+h 
      orf5 412 GYPYVWGGKNPTtSFDCSGFVSWVINHSGWNVGSRGVMG-LEDICTPVSAANAKPGDLVFFINtydapyPDRPTHVGIYVGNSMMIHC 498
               679*******9889*****************99887776.4444445**************98889888899**************96 PP

>> CHAP  CHAP domain
   #    score  bias  c-Evalue  i-Evalue hmmfrom  hmm to    alifrom  ali to    envfrom  env to     acc
 ---   ------ ----- --------- --------- ------- -------    ------- -------    ------- -------    ----
   1 ?   13.2   0.3   1.6e-05      0.11       7      70 ..     425     489 ..     417     502 .. 0.64

  Alignments for each domain:
  == domain 1  score: 13.2 bits;  conditional E-value: 1.6e-05
           TTSHHHHHHHHHHHCSSSSSSSECTTT--E........EE-EEECSSBS--TTEEECC--CTTBC....S-EEEEE CS
  CHAP   7 kwqCvefaywrlrqaggnaddWnnakkakg........yknqanvgsstpkvGdivvfdrggegg....yGHVaiV 70 
           +++C  f++w++++       Wn     +g              v+  + k+Gd+v+f ++ +++      HV+i 
  orf5 425 SFDCSGFVSWVINHS-----GWNVGS--RGvmgledicT----PVSAANAKPGDLVFFINTYDAPypdrPTHVGIY 489
           349********6655.....563322..22334434322....46666679*******766655544555799985 PP

>> DUF1175  Protein of unknown function (DUF1175)
   #    score  bias  c-Evalue  i-Evalue hmmfrom  hmm to    alifrom  ali to    envfrom  env to     acc
 ---   ------ ----- --------- --------- ------- -------    ------- -------    ------- -------    ----
   1 ?   -2.0   0.3      0.39   2.5e+03      73     121 ..     122     172 ..      66     175 .. 0.56
   2 ?   -3.2   0.0      0.89   5.8e+03      51      62 ..     423     434 ..     419     437 .. 0.78
   3 ?   10.7   0.0     5e-05      0.33     140     169 ..     461     494 ..     455     504 .. 0.74

  Alignments for each domain:
  == domain 1  score: -2.0 bits;  conditional E-value: 0.39
  DUF1175  73 arwlkasglsgpvved..vekylyPetplvaaklfriekgkyesdgefgaf 121
              +rw++++ +++   e+  + ++   + + +a+++  + +g+ e++ + g+f
     orf5 122 SRWQQKQAIKRQYAEArrASQKAEGTFKTTAERISDTLRGAAEQSRKAGEF 172
              567777666653333300333333444455666666666666666555555 PP

  == domain 2  score: -3.2 bits;  conditional E-value: 0.89
  DUF1175  51 eeerDCagLvRy 62 
               +  DC+g+v +
     orf5 423 TTSFDCSGFVSW 434
              6778*****976 PP

  == domain 3  score: 10.7 bits;  conditional E-value: 5e-05
  DUF1175 140 eeAlpgDlvFfkqedd....esPyHlmiflgell 169
              ++A+pgDlvFf +  d    + P H+ i++g+++
     orf5 461 ANAKPGDLVFFINTYDapypDRPTHVGIYVGNSM 494
              689*****9986553313336788*******963 PP



Internal pipeline statistics summary:
-------------------------------------
Query sequence(s):                         1  (516 residues searched)
Target model(s):                       19632  (3329936 nodes)
Passed MSV filter:                      1029  (0.0524144); expected 392.6 (0.02)
Passed bias filter:                      780  (0.0397311); expected 392.6 (0.02)
Passed Vit filter:                        59  (0.0030053); expected 19.6 (0.001)
Passed Fwd filter:                         3  (0.000152812); expected 0.2 (1e-05)
Initial search space (Z):              19632  [actual number of targets]
Domain search space  (domZ):               3  [number of targets reported over threshold]
# CPU time: 0.39u 0.18s 00:00:00.57 Elapsed: 00:00:00.33
# Mc/sec: 5131.38
//
Query:       orf6  [L=101]
Description: source=IMGVR_UViG_3300035421_000341_3300035421_Ga0247075_000979/8188-10333 coords=1686..1988 length=101 frame=3 desc=
Scores for complete sequence (score includes all domains):
   --- full sequence ---   --- best 1 domain ---    -#dom-
    E-value  score  bias    E-value  score  bias    exp  N  Model    Description
    ------- ------ -----    ------- ------ -----   ---- --  -------- -----------

   [No hits detected that satisfy reporting thresholds]


Domain annotation for each model (and alignments):

   [No targets detected that satisfy reporting thresholds]


Internal pipeline statistics summary:
-------------------------------------
Query sequence(s):                         1  (101 residues searched)
Target model(s):                       19632  (3329936 nodes)
Passed MSV filter:                       371  (0.0188977); expected 392.6 (0.02)
Passed bias filter:                      319  (0.016249); expected 392.6 (0.02)
Passed Vit filter:                        14  (0.000713121); expected 19.6 (0.001)
Passed Fwd filter:                         0  (0); expected 0.2 (1e-05)
Initial search space (Z):              19632  [actual number of targets]
Domain search space  (domZ):               0  [number of targets reported over threshold]
# CPU time: 0.28u 0.13s 00:00:00.41 Elapsed: 00:00:00.29
# Mc/sec: 1153.34
//
Query:       orf7  [L=101]
Description: source=IMGVR_UViG_3300035421_000341_3300035421_Ga0247075_000979/8188-10333 coords=1753..2055 length=101 frame=1 desc=
Scores for complete sequence (score includes all domains):
   --- full sequence ---   --- best 1 domain ---    -#dom-
    E-value  score  bias    E-value  score  bias    exp  N  Model    Description
    ------- ------ -----    ------- ------ -----   ---- --  -------- -----------

   [No hits detected that satisfy reporting thresholds]


Domain annotation for each model (and alignments):

   [No targets detected that satisfy reporting thresholds]


Internal pipeline statistics summary:
-------------------------------------
Query sequence(s):                         1  (101 residues searched)
Target model(s):                       19632  (3329936 nodes)
Passed MSV filter:                       303  (0.015434); expected 392.6 (0.02)
Passed bias filter:                      270  (0.0137531); expected 392.6 (0.02)
Passed Vit filter:                        12  (0.000611247); expected 19.6 (0.001)
Passed Fwd filter:                         0  (0); expected 0.2 (1e-05)
Initial search space (Z):              19632  [actual number of targets]
Domain search space  (domZ):               0  [number of targets reported over threshold]
# CPU time: 0.27u 0.14s 00:00:00.41 Elapsed: 00:00:00.28
# Mc/sec: 1169.57
//
Query:       orf8  [L=103]
Description: source=IMGVR_UViG_3300035421_000341_3300035421_Ga0247075_000979/8188-10333 coords=1644..1336 length=103 frame=5 desc=
Scores for complete sequence (score includes all domains):
   --- full sequence ---   --- best 1 domain ---    -#dom-
    E-value  score  bias    E-value  score  bias    exp  N  Model    Description
    ------- ------ -----    ------- ------ -----   ---- --  -------- -----------

   [No hits detected that satisfy reporting thresholds]


Domain annotation for each model (and alignments):

   [No targets detected that satisfy reporting thresholds]


Internal pipeline statistics summary:
-------------------------------------
Query sequence(s):                         1  (103 residues searched)
Target model(s):                       19632  (3329936 nodes)
Passed MSV filter:                       384  (0.0195599); expected 392.6 (0.02)
Passed bias filter:                      300  (0.0152812); expected 392.6 (0.02)
Passed Vit filter:                        15  (0.000764059); expected 19.6 (0.001)
Passed Fwd filter:                         0  (0); expected 0.2 (1e-05)
Initial search space (Z):              19632  [actual number of targets]
Domain search space  (domZ):               0  [number of targets reported over threshold]
# CPU time: 0.27u 0.16s 00:00:00.43 Elapsed: 00:00:00.28
# Mc/sec: 1187.81
//
Query:       orf9  [L=147]
Description: source=IMGVR_UViG_3300035421_000341_3300035421_Ga0247075_000979/8188-10333 coords=1303..863 length=147 frame=4 desc=
Scores for complete sequence (score includes all domains):
   --- full sequence ---   --- best 1 domain ---    -#dom-
    E-value  score  bias    E-value  score  bias    exp  N  Model    Description
    ------- ------ -----    ------- ------ -----   ---- --  -------- -----------

   [No hits detected that satisfy reporting thresholds]


Domain annotation for each model (and alignments):

   [No targets detected that satisfy reporting thresholds]


Internal pipeline statistics summary:
-------------------------------------
Query sequence(s):                         1  (147 residues searched)
Target model(s):                       19632  (3329936 nodes)
Passed MSV filter:                       466  (0.0237368); expected 392.6 (0.02)
Passed bias filter:                      196  (0.0099837); expected 392.6 (0.02)
Passed Vit filter:                        23  (0.00117156); expected 19.6 (0.001)
Passed Fwd filter:                         0  (0); expected 0.2 (1e-05)
Initial search space (Z):              19632  [actual number of targets]
Domain search space  (domZ):               0  [number of targets reported over threshold]
# CPU time: 0.28u 0.14s 00:00:00.42 Elapsed: 00:00:00.28
# Mc/sec: 1696.25
//
Query:       orf10  [L=257]
Description: source=IMGVR_UViG_3300035421_000341_3300035421_Ga0247075_000979/8188-10333 coords=1137..367 length=257 frame=5 desc=
Scores for complete sequence (score includes all domains):
   --- full sequence ---   --- best 1 domain ---    -#dom-
    E-value  score  bias    E-value  score  bias    exp  N  Model    Description
    ------- ------ -----    ------- ------ -----   ---- --  -------- -----------

   [No hits detected that satisfy reporting thresholds]


Domain annotation for each model (and alignments):

   [No targets detected that satisfy reporting thresholds]


Internal pipeline statistics summary:
-------------------------------------
Query sequence(s):                         1  (257 residues searched)
Target model(s):                       19632  (3329936 nodes)
Passed MSV filter:                       416  (0.0211899); expected 392.6 (0.02)
Passed bias filter:                      339  (0.0172677); expected 392.6 (0.02)
Passed Vit filter:                        21  (0.00106968); expected 19.6 (0.001)
Passed Fwd filter:                         0  (0); expected 0.2 (1e-05)
Initial search space (Z):              19632  [actual number of targets]
Domain search space  (domZ):               0  [number of targets reported over threshold]
# CPU time: 0.33u 0.13s 00:00:00.46 Elapsed: 00:00:00.29
# Mc/sec: 2871.98
//
Query:       orf11  [L=109]
Description: source=IMGVR_UViG_3300035421_000341_3300035421_Ga0247075_000979/8188-10333 coords=644..318 length=109 frame=6 desc=
Scores for complete sequence (score includes all domains):
   --- full sequence ---   --- best 1 domain ---    -#dom-
    E-value  score  bias    E-value  score  bias    exp  N  Model    Description
    ------- ------ -----    ------- ------ -----   ---- --  -------- -----------

   [No hits detected that satisfy reporting thresholds]


Domain annotation for each model (and alignments):

   [No targets detected that satisfy reporting thresholds]


Internal pipeline statistics summary:
-------------------------------------
Query sequence(s):                         1  (109 residues searched)
Target model(s):                       19632  (3329936 nodes)
Passed MSV filter:                       405  (0.0206296); expected 392.6 (0.02)
Passed bias filter:                      219  (0.0111553); expected 392.6 (0.02)
Passed Vit filter:                        11  (0.00056031); expected 19.6 (0.001)
Passed Fwd filter:                         0  (0); expected 0.2 (1e-05)
Initial search space (Z):              19632  [actual number of targets]
Domain search space  (domZ):               0  [number of targets reported over threshold]
# CPU time: 0.26u 0.15s 00:00:00.41 Elapsed: 00:00:00.28
# Mc/sec: 1263.26
//
Query:       orf12  [L=121]
Description: source=IMGVR_UViG_3300035421_000341_3300035421_Ga0247075_000979/8188-10333 coords=363..1 length=121 frame=5 desc=
Scores for complete sequence (score includes all domains):
   --- full sequence ---   --- best 1 domain ---    -#dom-
    E-value  score  bias    E-value  score  bias    exp  N  Model    Description
    ------- ------ -----    ------- ------ -----   ---- --  -------- -----------

   [No hits detected that satisfy reporting thresholds]


Domain annotation for each model (and alignments):

   [No targets detected that satisfy reporting thresholds]


Internal pipeline statistics summary:
-------------------------------------
Query sequence(s):                         1  (121 residues searched)
Target model(s):                       19632  (3329936 nodes)
Passed MSV filter:                       204  (0.0103912); expected 392.6 (0.02)
Passed bias filter:                      157  (0.00799715); expected 392.6 (0.02)
Passed Vit filter:                         7  (0.000356561); expected 19.6 (0.001)
Passed Fwd filter:                         0  (0); expected 0.2 (1e-05)
Initial search space (Z):              19632  [actual number of targets]
Domain search space  (domZ):               0  [number of targets reported over threshold]
# CPU time: 0.26u 0.12s 00:00:00.38 Elapsed: 00:00:00.27
# Mc/sec: 1479.82
//
[ok]
