# hmmscan :: search sequence(s) against a profile database
# HMMER 3.3.2 (Nov 2020); http://hmmer.org/
# Copyright (C) 2020 Howard Hughes Medical Institute.
# Freely distributed under the BSD open source license.
# - - - - - - - - - - - - - - - - - - - - - - - - - - - - - - - - - - - -
# query sequence file:             -
# target HMM database:             /n/eddy_lab/data/pfam-35.0/Pfam-A.hmm
# output directed to file:         ./c1_windows_new/hmmscan/out/IMGVR_UViG_3300006931_000773_3300006931_Ga0097620_100020495_hmmscan_output.out
# per-seq hits tabular output:     ./c1_windows_new/hmmscan/tblout/IMGVR_UViG_3300006931_000773_3300006931_Ga0097620_100020495_hmmscan_output.tblout
# - - - - - - - - - - - - - - - - - - - - - - - - - - - - - - - - - - - -

Query:       orf1  [L=104]
Description: source=IMGVR_UViG_3300006931_000773_3300006931_Ga0097620_100020495/4079-6112 coords=1..312 length=104 frame=1 desc=
Scores for complete sequence (score includes all domains):
   --- full sequence ---   --- best 1 domain ---    -#dom-
    E-value  score  bias    E-value  score  bias    exp  N  Model       Description
    ------- ------ -----    ------- ------ -----   ---- --  --------    -----------
    5.7e-13   49.8   0.2    5.7e-13   49.8   0.2    1.4  2  LAGLIDADG_1  LAGLIDADG endonuclease


Domain annotation for each model (and alignments):
>> LAGLIDADG_1  LAGLIDADG endonuclease
   #    score  bias  c-Evalue  i-Evalue hmmfrom  hmm to    alifrom  ali to    envfrom  env to     acc
 ---   ------ ----- --------- --------- ------- -------    ------- -------    ------- -------    ----
   1 !   49.8   0.2   2.9e-17   5.7e-13      32     101 ..       1      70 [.       1      71 [. 0.93
   2 ?   -2.7   0.2      0.68   1.3e+04      87      92 ..      93      98 ..      81     103 .. 0.55

  Alignments for each domain:
  == domain 1  score: 49.8 bits;  conditional E-value: 2.9e-17
                  EEEEEGGGHHHHHHHHHHHTECEEEEETTTE.EEEEEE-SHHHHHHTHHHHHHHST-SSTHHHHHHHHHHH CS
  LAGLIDADG_1  32 qielkkkdesllekikeylglgsikkrkkdk.yvsyiisnsskslkilipyfdkypllssKyldyldfkkv 101
                  qi+++++d +ll+++ +yl +g+ +  k +    +++i+  s++ +++ip+fdky++l+ K +dy dfk+v
         orf1   1 QITQHTRDAELLKSLVSYLSCGYYYASKGRDwGNFFVIRF-SDIESKIIPFFDKYQILGVKSKDYADFKQV 70 
                  79***************************99666666666.****************************98 PP

  == domain 2  score: -2.7 bits;  conditional E-value: 0.68
                 -SSTHH CS
  LAGLIDADG_1 87 llssKy 92
                 l++ Ky
         orf1 93 LFTIKY 98
                 333333 PP



Internal pipeline statistics summary:
-------------------------------------
Query sequence(s):                         1  (104 residues searched)
Target model(s):                       19632  (3329936 nodes)
Passed MSV filter:                       778  (0.0396292); expected 392.6 (0.02)
Passed bias filter:                      300  (0.0152812); expected 392.6 (0.02)
Passed Vit filter:                        22  (0.00112062); expected 19.6 (0.001)
Passed Fwd filter:                         1  (5.09372e-05); expected 0.2 (1e-05)
Initial search space (Z):              19632  [actual number of targets]
Domain search space  (domZ):               1  [number of targets reported over threshold]
# CPU time: 0.30u 0.20s 00:00:00.50 Elapsed: 00:00:00.36
# Mc/sec: 960.82
//
Query:       orf2  [L=131]
Description: source=IMGVR_UViG_3300006931_000773_3300006931_Ga0097620_100020495/4079-6112 coords=316..708 length=131 frame=1 desc=
Scores for complete sequence (score includes all domains):
   --- full sequence ---   --- best 1 domain ---    -#dom-
    E-value  score  bias    E-value  score  bias    exp  N  Model       Description
    ------- ------ -----    ------- ------ -----   ---- --  --------    -----------
    9.1e-06   26.7   0.2    1.2e-05   26.3   0.2    1.2  1  LAGLIDADG_1  LAGLIDADG endonuclease


Domain annotation for each model (and alignments):
>> LAGLIDADG_1  LAGLIDADG endonuclease
   #    score  bias  c-Evalue  i-Evalue hmmfrom  hmm to    alifrom  ali to    envfrom  env to     acc
 ---   ------ ----- --------- --------- ------- -------    ------- -------    ------- -------    ----
   1 !   26.3   0.2   6.2e-10   1.2e-05      27      99 ..      18      89 ..       1      92 [. 0.82

  Alignments for each domain:
  == domain 1  score: 26.3 bits;  conditional E-value: 6.2e-10
                 EEEEEEEEEEGGGHHHHHHHHHHHTECEEEEETTTE.EEEEEE-SHHHHHHTHHHHHHHST-SSTHHHHHHHHH CS
  LAGLIDADG_1 27 vqlefqielkkkdesllekikeylglgsikkrkkdk.yvsyiisnsskslkilipyfdkypllssKyldyldfk 99
                  ++ + i+l++kd  + e++k+ylg gsi+ + ++  +++++i+n ++ +  +++ ++ y +++ K+ + + ++
         orf2 18 ATPTIYISLQEKDRPFAEHLKNYLGYGSIQLEATSPnAIRFVIRN-KEGIIDILNLINGY-FRTPKISKLHAMI 89
                 688999**************************99988999***99.99************.9999887766655 PP



Internal pipeline statistics summary:
-------------------------------------
Query sequence(s):                         1  (131 residues searched)
Target model(s):                       19632  (3329936 nodes)
Passed MSV filter:                       458  (0.0233293); expected 392.6 (0.02)
Passed bias filter:                      424  (0.0215974); expected 392.6 (0.02)
Passed Vit filter:                        29  (0.00147718); expected 19.6 (0.001)
Passed Fwd filter:                         1  (5.09372e-05); expected 0.2 (1e-05)
Initial search space (Z):              19632  [actual number of targets]
Domain search space  (domZ):               1  [number of targets reported over threshold]
# CPU time: 0.31u 0.18s 00:00:00.49 Elapsed: 00:00:00.32
# Mc/sec: 1322.79
//
Query:       orf3  [L=235]
Description: source=IMGVR_UViG_3300006931_000773_3300006931_Ga0097620_100020495/4079-6112 coords=1330..2034 length=235 frame=1 desc=
Scores for complete sequence (score includes all domains):
   --- full sequence ---   --- best 1 domain ---    -#dom-
    E-value  score  bias    E-value  score  bias    exp  N  Model    Description
    ------- ------ -----    ------- ------ -----   ---- --  -------- -----------

   [No hits detected that satisfy reporting thresholds]


Domain annotation for each model (and alignments):

   [No targets detected that satisfy reporting thresholds]


Internal pipeline statistics summary:
-------------------------------------
Query sequence(s):                         1  (235 residues searched)
Target model(s):                       19632  (3329936 nodes)
Passed MSV filter:                       231  (0.0117665); expected 392.6 (0.02)
Passed bias filter:                      208  (0.0105949); expected 392.6 (0.02)
Passed Vit filter:                        21  (0.00106968); expected 19.6 (0.001)
Passed Fwd filter:                         0  (0); expected 0.2 (1e-05)
Initial search space (Z):              19632  [actual number of targets]
Domain search space  (domZ):               0  [number of targets reported over threshold]
# CPU time: 0.31u 0.16s 00:00:00.47 Elapsed: 00:00:00.32
# Mc/sec: 2429.52
//
[ok]
