# hmmscan :: search sequence(s) against a profile database
# HMMER 3.3.2 (Nov 2020); http://hmmer.org/
# Copyright (C) 2020 Howard Hughes Medical Institute.
# Freely distributed under the BSD open source license.
# - - - - - - - - - - - - - - - - - - - - - - - - - - - - - - - - - - - -
# query sequence file:             -
# target HMM database:             /n/eddy_lab/data/pfam-35.0/Pfam-A.hmm
# output directed to file:         ./c1_windows_new/hmmscan/out/IMGVR_UViG_3300029610_000279_3300029610_Ga0245132_102167_hmmscan_output.out
# per-seq hits tabular output:     ./c1_windows_new/hmmscan/tblout/IMGVR_UViG_3300029610_000279_3300029610_Ga0245132_102167_hmmscan_output.tblout
# - - - - - - - - - - - - - - - - - - - - - - - - - - - - - - - - - - - -

Query:       orf1  [L=103]
Description: source=IMGVR_UViG_3300029610_000279_3300029610_Ga0245132_102167/9001-6900 coords=2..310 length=103 frame=2 desc=
Scores for complete sequence (score includes all domains):
   --- full sequence ---   --- best 1 domain ---    -#dom-
    E-value  score  bias    E-value  score  bias    exp  N  Model    Description
    ------- ------ -----    ------- ------ -----   ---- --  -------- -----------
  ------ inclusion threshold ------
        5.8    7.9  10.6         11    7.0   1.9    2.8  2  DUF4705   Domain of unknown function (DUF4705)


Domain annotation for each model (and alignments):
>> DUF4705  Domain of unknown function (DUF4705)
   #    score  bias  c-Evalue  i-Evalue hmmfrom  hmm to    alifrom  ali to    envfrom  env to     acc
 ---   ------ ----- --------- --------- ------- -------    ------- -------    ------- -------    ----
   1 ?    4.9   1.6    0.0025        48      34      52 .]      17      34 ..       5      34 .. 0.74
   2 ?    7.0   1.9   0.00056        11       4      19 ..      36      51 ..      35      63 .. 0.81

  Alignments for each domain:
  == domain 1  score: 4.9 bits;  conditional E-value: 0.0025
  DUF4705 34 gqvpaclpaapvsrPSSsl 52
             + + ++ +aa+   PSSs+
     orf1 17 VSKNSSTSAANS-FPSSSW 34
             456677799988.*****9 PP

  == domain 2  score: 7.0 bits;  conditional E-value: 0.00056
  DUF4705  4 AlAlewplQAPllppr 19
             A+A  w++  P+++pr
     orf1 36 APANSWKIGSPNWKPR 51
             9**************8 PP



Internal pipeline statistics summary:
-------------------------------------
Query sequence(s):                         1  (103 residues searched)
Target model(s):                       19632  (3329936 nodes)
Passed MSV filter:                       584  (0.0297474); expected 392.6 (0.02)
Passed bias filter:                      309  (0.0157396); expected 392.6 (0.02)
Passed Vit filter:                        21  (0.00106968); expected 19.6 (0.001)
Passed Fwd filter:                         1  (5.09372e-05); expected 0.2 (1e-05)
Initial search space (Z):              19632  [actual number of targets]
Domain search space  (domZ):               1  [number of targets reported over threshold]
# CPU time: 0.30u 0.19s 00:00:00.49 Elapsed: 00:00:00.34
# Mc/sec: 982.53
//
Query:       orf2  [L=503]
Description: source=IMGVR_UViG_3300029610_000279_3300029610_Ga0245132_102167/9001-6900 coords=1..1509 length=503 frame=1 desc=
Scores for complete sequence (score includes all domains):
   --- full sequence ---   --- best 1 domain ---    -#dom-
    E-value  score  bias    E-value  score  bias    exp  N  Model        Description
    ------- ------ -----    ------- ------ -----   ---- --  --------     -----------
    4.7e-06   25.8   0.0    0.00025   20.2   0.0    2.4  2  SNF2-rel_dom  SNF2-related domain
    4.3e-05   24.0   0.0    0.00013   22.4   0.0    1.8  1  Helicase_C    Helicase conserved C-terminal domain


Domain annotation for each model (and alignments):
>> SNF2-rel_dom  SNF2-related domain
   #    score  bias  c-Evalue  i-Evalue hmmfrom  hmm to    alifrom  ali to    envfrom  env to     acc
 ---   ------ ----- --------- --------- ------- -------    ------- -------    ------- -------    ----
   1 !    3.1   0.0    0.0041        40     139     166 ..      42      78 ..      12      85 .. 0.71
   2 !   20.2   0.0   2.5e-08   0.00025     187     310 ..     122     262 ..     110     270 .. 0.73

  Alignments for each domain:
  == domain 1  score: 3.1 bits;  conditional E-value: 0.0041
                   ..........HHTCTTCTSSS..BSEEEECTGGGGGS CS
                   x.........xxxxxxxxxxxxxxxxxxxxxxxxxxx RF
  SNF2-rel_dom 139 a.........rkrkevlkkvklewkrvvlDEahtlkn 166
                   +         +++ +v+   +l  +r+ +DEah +kn
          orf2  42 EnrlskleaeERKDDVVTFEQLGVDRLYVDEAHSFKN 78 
                   34444555534444444446677***********998 PP

  == domain 2  score: 20.2 bits;  conditional E-value: 2.5e-08
                   -SSSSSSTCHHHHHHHHHHSTTTTST..CHHHHHHCHHHHCCH..............HCCCCCHHHHHHHTTTTEE---CCCC.......TSSSSSE CS
                   xxxxxxxxxxxxxxxxxxxxxxxxxx..xxxxxxxxxxxxxxx..............xxxxxxxxxxxxxxxxxxxxxxxxxx.......xxxxxxx RF
  SNF2-rel_dom 187 tGTPiqnkledlygLlkflrpepfge..lqsFkkwisrpierp..............aksekgrsrLlkllkrlmlrrakkdv.......eknlPpk 260
                   tGTP++n++++ly++  +l+ + +++  ++ F+ w s+  e++              +++ ++  +L +l++ +      k+v       + nlP+ 
          orf2 122 TGTPVSNSMTELYTMQRYLQYGTLQQksMSHFDAWASTFGETTtaielapegtgyraRTRFAKFFNLPELMNLF------KEVadiktadQLNLPRP 212
                   9************************999999***9997777669999999976665534444444444444422......22222234457789888 PP

                   EEE..EEEEEB-HHHHHHHHHHHHHHHHHHH-TTS....SCHHCHHHHHHHH CS
                   xxx..xxxxxxxxxxxxxxxxxxxxxxxxxxxxxxxxxxxxxxxxxxxxxxx RF
  SNF2-rel_dom 261 tek..ilflklskverkfYnevllkrtvaaiksselgreeasllnillrlrk 310
                   t +  ++ +k s++++++ +   l+ ++aa++s+ ++  ++++l i    rk
          orf2 213 TAHyeTVVVKPSAYQQEMVQA--LSERAAAVHSGAVDPSVDNMLRITSDGRK 262
                   765226788999999999995..66667777888877777888887776665 PP

>> Helicase_C  Helicase conserved C-terminal domain
   #    score  bias  c-Evalue  i-Evalue hmmfrom  hmm to    alifrom  ali to    envfrom  env to     acc
 ---   ------ ----- --------- --------- ------- -------    ------- -------    ------- -------    ----
   1 !   22.4   0.0   1.3e-08   0.00013      39     111 .]     352     428 ..     331     428 .. 0.83

  Alignments for each domain:
  == domain 1  score: 22.4 bits;  conditional E-value: 1.3e-08
                 T..TSCEEEESTTSTHHHHHHHHHHHHTTSSSEE.EESGGGTSSSTST.TECEEEESSECSSHHHHHHHHTTSSSTT CS
  Helicase_C  39 k..gikvavlhgelpqnereeileqfnkgesdvL.iatdvaerGidip.kvnlVinfdlprnvtsyiqriGRtgRag 111
                    + ++a +h   +   ++e +++ ++g+++vL  +t  ++ G +++ ++   +++d+p+ + ++ qr+GR+ R g
        orf2 352 GipKEQIAFIHEANTEVRKKELFAKVRSGQVRVLmGSTAKMGAGTNVQdRLAASHDLDCPWRPGDLEQRAGRIVRQG 428
                 245678999***9999****************77256777*******94578889*******************975 PP



Internal pipeline statistics summary:
-------------------------------------
Query sequence(s):                         1  (503 residues searched)
Target model(s):                       19632  (3329936 nodes)
Passed MSV filter:                      1105  (0.0562857); expected 392.6 (0.02)
Passed bias filter:                      754  (0.0384067); expected 392.6 (0.02)
Passed Vit filter:                        72  (0.00366748); expected 19.6 (0.001)
Passed Fwd filter:                         2  (0.000101874); expected 0.2 (1e-05)
Initial search space (Z):              19632  [actual number of targets]
Domain search space  (domZ):               2  [number of targets reported over threshold]
# CPU time: 0.40u 0.21s 00:00:00.61 Elapsed: 00:00:00.35
# Mc/sec: 4674.92
//
Query:       orf3  [L=96]
Description: source=IMGVR_UViG_3300029610_000279_3300029610_Ga0245132_102167/9001-6900 coords=1553..1840 length=96 frame=2 desc=
Scores for complete sequence (score includes all domains):
   --- full sequence ---   --- best 1 domain ---    -#dom-
    E-value  score  bias    E-value  score  bias    exp  N  Model    Description
    ------- ------ -----    ------- ------ -----   ---- --  -------- -----------

   [No hits detected that satisfy reporting thresholds]


Domain annotation for each model (and alignments):

   [No targets detected that satisfy reporting thresholds]


Internal pipeline statistics summary:
-------------------------------------
Query sequence(s):                         1  (96 residues searched)
Target model(s):                       19632  (3329936 nodes)
Passed MSV filter:                       305  (0.0155359); expected 392.6 (0.02)
Passed bias filter:                      264  (0.0134474); expected 392.6 (0.02)
Passed Vit filter:                        15  (0.000764059); expected 19.6 (0.001)
Passed Fwd filter:                         0  (0); expected 0.2 (1e-05)
Initial search space (Z):              19632  [actual number of targets]
Domain search space  (domZ):               0  [number of targets reported over threshold]
# CPU time: 0.29u 0.17s 00:00:00.46 Elapsed: 00:00:00.31
# Mc/sec: 1005.96
//
Query:       orf4  [L=102]
Description: source=IMGVR_UViG_3300029610_000279_3300029610_Ga0245132_102167/9001-6900 coords=1909..1604 length=102 frame=5 desc=
Scores for complete sequence (score includes all domains):
   --- full sequence ---   --- best 1 domain ---    -#dom-
    E-value  score  bias    E-value  score  bias    exp  N  Model    Description
    ------- ------ -----    ------- ------ -----   ---- --  -------- -----------

   [No hits detected that satisfy reporting thresholds]


Domain annotation for each model (and alignments):

   [No targets detected that satisfy reporting thresholds]


Internal pipeline statistics summary:
-------------------------------------
Query sequence(s):                         1  (102 residues searched)
Target model(s):                       19632  (3329936 nodes)
Passed MSV filter:                       296  (0.0150774); expected 392.6 (0.02)
Passed bias filter:                      280  (0.0142624); expected 392.6 (0.02)
Passed Vit filter:                        17  (0.000865933); expected 19.6 (0.001)
Passed Fwd filter:                         0  (0); expected 0.2 (1e-05)
Initial search space (Z):              19632  [actual number of targets]
Domain search space  (domZ):               0  [number of targets reported over threshold]
# CPU time: 0.28u 0.17s 00:00:00.45 Elapsed: 00:00:00.31
# Mc/sec: 1076.09
//
Query:       orf5  [L=129]
Description: source=IMGVR_UViG_3300029610_000279_3300029610_Ga0245132_102167/9001-6900 coords=1835..1449 length=129 frame=4 desc=
Scores for complete sequence (score includes all domains):
   --- full sequence ---   --- best 1 domain ---    -#dom-
    E-value  score  bias    E-value  score  bias    exp  N  Model    Description
    ------- ------ -----    ------- ------ -----   ---- --  -------- -----------

   [No hits detected that satisfy reporting thresholds]


Domain annotation for each model (and alignments):

   [No targets detected that satisfy reporting thresholds]


Internal pipeline statistics summary:
-------------------------------------
Query sequence(s):                         1  (129 residues searched)
Target model(s):                       19632  (3329936 nodes)
Passed MSV filter:                       339  (0.0172677); expected 392.6 (0.02)
Passed bias filter:                      297  (0.0151284); expected 392.6 (0.02)
Passed Vit filter:                        15  (0.000764059); expected 19.6 (0.001)
Passed Fwd filter:                         0  (0); expected 0.2 (1e-05)
Initial search space (Z):              19632  [actual number of targets]
Domain search space  (domZ):               0  [number of targets reported over threshold]
# CPU time: 0.28u 0.19s 00:00:00.47 Elapsed: 00:00:00.32
# Mc/sec: 1323.60
//
Query:       orf6  [L=244]
Description: source=IMGVR_UViG_3300029610_000279_3300029610_Ga0245132_102167/9001-6900 coords=1521..790 length=244 frame=6 desc=
Scores for complete sequence (score includes all domains):
   --- full sequence ---   --- best 1 domain ---    -#dom-
    E-value  score  bias    E-value  score  bias    exp  N  Model    Description
    ------- ------ -----    ------- ------ -----   ---- --  -------- -----------

   [No hits detected that satisfy reporting thresholds]


Domain annotation for each model (and alignments):

   [No targets detected that satisfy reporting thresholds]


Internal pipeline statistics summary:
-------------------------------------
Query sequence(s):                         1  (244 residues searched)
Target model(s):                       19632  (3329936 nodes)
Passed MSV filter:                       299  (0.0152302); expected 392.6 (0.02)
Passed bias filter:                      257  (0.0130909); expected 392.6 (0.02)
Passed Vit filter:                        14  (0.000713121); expected 19.6 (0.001)
Passed Fwd filter:                         0  (0); expected 0.2 (1e-05)
Initial search space (Z):              19632  [actual number of targets]
Domain search space  (domZ):               0  [number of targets reported over threshold]
# CPU time: 0.28u 0.18s 00:00:00.46 Elapsed: 00:00:00.30
# Mc/sec: 2658.61
//
Query:       orf7  [L=156]
Description: source=IMGVR_UViG_3300029610_000279_3300029610_Ga0245132_102167/9001-6900 coords=1193..726 length=156 frame=4 desc=
Scores for complete sequence (score includes all domains):
   --- full sequence ---   --- best 1 domain ---    -#dom-
    E-value  score  bias    E-value  score  bias    exp  N  Model    Description
    ------- ------ -----    ------- ------ -----   ---- --  -------- -----------

   [No hits detected that satisfy reporting thresholds]


Domain annotation for each model (and alignments):

   [No targets detected that satisfy reporting thresholds]


Internal pipeline statistics summary:
-------------------------------------
Query sequence(s):                         1  (156 residues searched)
Target model(s):                       19632  (3329936 nodes)
Passed MSV filter:                       372  (0.0189487); expected 392.6 (0.02)
Passed bias filter:                      260  (0.0132437); expected 392.6 (0.02)
Passed Vit filter:                        18  (0.00091687); expected 19.6 (0.001)
Passed Fwd filter:                         0  (0); expected 0.2 (1e-05)
Initial search space (Z):              19632  [actual number of targets]
Domain search space  (domZ):               0  [number of targets reported over threshold]
# CPU time: 0.29u 0.15s 00:00:00.43 Elapsed: 00:00:00.29
# Mc/sec: 1748.06
//
Query:       orf8  [L=163]
Description: source=IMGVR_UViG_3300029610_000279_3300029610_Ga0245132_102167/9001-6900 coords=786..298 length=163 frame=6 desc=
Scores for complete sequence (score includes all domains):
   --- full sequence ---   --- best 1 domain ---    -#dom-
    E-value  score  bias    E-value  score  bias    exp  N  Model    Description
    ------- ------ -----    ------- ------ -----   ---- --  -------- -----------

   [No hits detected that satisfy reporting thresholds]


Domain annotation for each model (and alignments):

   [No targets detected that satisfy reporting thresholds]


Internal pipeline statistics summary:
-------------------------------------
Query sequence(s):                         1  (163 residues searched)
Target model(s):                       19632  (3329936 nodes)
Passed MSV filter:                       462  (0.023533); expected 392.6 (0.02)
Passed bias filter:                      379  (0.0193052); expected 392.6 (0.02)
Passed Vit filter:                        34  (0.00173187); expected 19.6 (0.001)
Passed Fwd filter:                         0  (0); expected 0.2 (1e-05)
Initial search space (Z):              19632  [actual number of targets]
Domain search space  (domZ):               0  [number of targets reported over threshold]
# CPU time: 0.29u 0.13s 00:00:00.42 Elapsed: 00:00:00.29
# Mc/sec: 1838.56
//
[ok]
