# hmmscan :: search sequence(s) against a profile database
# HMMER 3.3.2 (Nov 2020); http://hmmer.org/
# Copyright (C) 2020 Howard Hughes Medical Institute.
# Freely distributed under the BSD open source license.
# - - - - - - - - - - - - - - - - - - - - - - - - - - - - - - - - - - - -
# query sequence file:             -
# target HMM database:             /n/eddy_lab/data/pfam-35.0/Pfam-A.hmm
# output directed to file:         ./c1_windows_new/hmmscan/out/IMGVR_UViG_3300029500_000062_3300029500_Ga0244793_101168_hmmscan_output.out
# per-seq hits tabular output:     ./c1_windows_new/hmmscan/tblout/IMGVR_UViG_3300029500_000062_3300029500_Ga0244793_101168_hmmscan_output.tblout
# - - - - - - - - - - - - - - - - - - - - - - - - - - - - - - - - - - - -

Query:       orf1  [L=98]
Description: source=IMGVR_UViG_3300029500_000062_3300029500_Ga0244793_101168/3382-1323 coords=1..294 length=98 frame=1 desc=
Scores for complete sequence (score includes all domains):
   --- full sequence ---   --- best 1 domain ---    -#dom-
    E-value  score  bias    E-value  score  bias    exp  N  Model    Description
    ------- ------ -----    ------- ------ -----   ---- --  -------- -----------

   [No hits detected that satisfy reporting thresholds]


Domain annotation for each model (and alignments):

   [No targets detected that satisfy reporting thresholds]


Internal pipeline statistics summary:
-------------------------------------
Query sequence(s):                         1  (98 residues searched)
Target model(s):                       19632  (3329936 nodes)
Passed MSV filter:                       496  (0.0252649); expected 392.6 (0.02)
Passed bias filter:                      289  (0.0147209); expected 392.6 (0.02)
Passed Vit filter:                        21  (0.00106968); expected 19.6 (0.001)
Passed Fwd filter:                         0  (0); expected 0.2 (1e-05)
Initial search space (Z):              19632  [actual number of targets]
Domain search space  (domZ):               0  [number of targets reported over threshold]
# CPU time: 0.28u 0.23s 00:00:00.51 Elapsed: 00:00:00.39
# Mc/sec: 836.51
//
Query:       orf2  [L=333]
Description: source=IMGVR_UViG_3300029500_000062_3300029500_Ga0244793_101168/3382-1323 coords=2..1000 length=333 frame=2 desc=
Scores for complete sequence (score includes all domains):
   --- full sequence ---   --- best 1 domain ---    -#dom-
    E-value  score  bias    E-value  score  bias    exp  N  Model        Description
    ------- ------ -----    ------- ------ -----   ---- --  --------     -----------
    5.4e-07   29.5   0.0      8e-07   28.9   0.0    1.2  1  AAA_25        AAA domain
  ------ inclusion threshold ------
      0.042   13.6   0.1        7.4    6.5   0.0    2.5  2  Sigma70_r4_2  Sigma-70, region 4


Domain annotation for each model (and alignments):
>> AAA_25  AAA domain
   #    score  bias  c-Evalue  i-Evalue hmmfrom  hmm to    alifrom  ali to    envfrom  env to     acc
 ---   ------ ----- --------- --------- ------- -------    ------- -------    ------- -------    ----
   1 !   28.9   0.0   8.1e-11     8e-07      32     193 ..      22     177 ..      12     178 .. 0.81

  Alignments for each domain:
  == domain 1  score: 28.9 bits;  conditional E-value: 8.1e-11
  AAA_25  32 agelgllaGapgtGKttlaldlalsvatGkpwlg...pvapeqgkVlyvsaEdprdelrrRlravladl.....dddarlllldlagveslplfaddrggtll 126
             +g +++ +G+ ++ Kt+ ++  +++ ++   +l    +++  ++k lyv++E+++ + ++ ++++l+ +     ++ ++l +l l             ++ + 
    orf2  22 LGNFSASIGKAKSKKTFNVSAIVAAALKNGTVLSytaELPENRRKILYVDTEQSSYHCAKVAKRILRMAglptgRNHKDLEFLVL-------------RKYTP 111
             47889999999999****99999999977777778899999**************999999999998884444433344444433.............22345 PP

  AAA_25 127 tadveeleaaleevedvrlvviDplsralggdendnsdvgrlvkaldrlarrtgatvllvhHvgKeg 193
             ++ ++ +++a+ ++e+v+lvviD ++ ++  d n+ s+ ++++  l  +  + + ++  + H +K++
    orf2 112 EERIAIVREAIYRTENVGLVVIDGIRDMVY-DINSPSESTKVISLLMTWTGERHIHIHTILHQNKGD 177
             6777889********************874.888889999999999999999999999999999975 PP

>> Sigma70_r4_2  Sigma-70, region 4
   #    score  bias  c-Evalue  i-Evalue hmmfrom  hmm to    alifrom  ali to    envfrom  env to     acc
 ---   ------ ----- --------- --------- ------- -------    ------- -------    ------- -------    ----
   1 ?    4.6   0.0    0.0029        28       9      29 ..      58      77 ..      52      78 .. 0.81
   2 ?    6.5   0.0   0.00076       7.4      18      46 ..     272     298 ..     269     300 .. 0.84

  Alignments for each domain:
  == domain 1  score: 4.6 bits;  conditional E-value: 0.0029
                  TTS-HHHHHHHHHHHTS---H CS
  Sigma70_r4_2  9 aeLperqreifllryleglsy 29
                  aeLpe +r+i+   + e++sy
          orf2 58 AELPENRRKILYV-DTEQSSY 77
                  89********987.6677666 PP

  == domain 2  score: 6.5 bits;  conditional E-value: 0.00076
                   HHHHHHTS---HHHHHHHHT--HHHHHHH CS
  Sigma70_r4_2  18 ifllryleglsykEIAellgisegtVksr 46 
                   +f+l+  +++ ykE Ae+l  + ++V  +
          orf2 272 AFTLK--DEYGYKELAEELRKTYASVGVM 298
                   77777..6899********9999999765 PP



Internal pipeline statistics summary:
-------------------------------------
Query sequence(s):                         1  (333 residues searched)
Target model(s):                       19632  (3329936 nodes)
Passed MSV filter:                       750  (0.0382029); expected 392.6 (0.02)
Passed bias filter:                      557  (0.028372); expected 392.6 (0.02)
Passed Vit filter:                        36  (0.00183374); expected 19.6 (0.001)
Passed Fwd filter:                         2  (0.000101874); expected 0.2 (1e-05)
Initial search space (Z):              19632  [actual number of targets]
Domain search space  (domZ):               2  [number of targets reported over threshold]
# CPU time: 0.35u 0.23s 00:00:00.57 Elapsed: 00:00:00.39
# Mc/sec: 2798.14
//
Query:       orf3  [L=90]
Description: source=IMGVR_UViG_3300029500_000062_3300029500_Ga0244793_101168/3382-1323 coords=1907..1638 length=90 frame=4 desc=
Scores for complete sequence (score includes all domains):
   --- full sequence ---   --- best 1 domain ---    -#dom-
    E-value  score  bias    E-value  score  bias    exp  N  Model    Description
    ------- ------ -----    ------- ------ -----   ---- --  -------- -----------

   [No hits detected that satisfy reporting thresholds]


Domain annotation for each model (and alignments):

   [No targets detected that satisfy reporting thresholds]


Internal pipeline statistics summary:
-------------------------------------
Query sequence(s):                         1  (90 residues searched)
Target model(s):                       19632  (3329936 nodes)
Passed MSV filter:                       250  (0.0127343); expected 392.6 (0.02)
Passed bias filter:                      165  (0.00840465); expected 392.6 (0.02)
Passed Vit filter:                         8  (0.000407498); expected 19.6 (0.001)
Passed Fwd filter:                         0  (0); expected 0.2 (1e-05)
Initial search space (Z):              19632  [actual number of targets]
Domain search space  (domZ):               0  [number of targets reported over threshold]
# CPU time: 0.28u 0.21s 00:00:00.49 Elapsed: 00:00:00.36
# Mc/sec: 826.79
//
Query:       orf4  [L=145]
Description: source=IMGVR_UViG_3300029500_000062_3300029500_Ga0244793_101168/3382-1323 coords=1418..984 length=145 frame=4 desc=
Scores for complete sequence (score includes all domains):
   --- full sequence ---   --- best 1 domain ---    -#dom-
    E-value  score  bias    E-value  score  bias    exp  N  Model    Description
    ------- ------ -----    ------- ------ -----   ---- --  -------- -----------

   [No hits detected that satisfy reporting thresholds]


Domain annotation for each model (and alignments):

   [No targets detected that satisfy reporting thresholds]


Internal pipeline statistics summary:
-------------------------------------
Query sequence(s):                         1  (145 residues searched)
Target model(s):                       19632  (3329936 nodes)
Passed MSV filter:                       343  (0.0174715); expected 392.6 (0.02)
Passed bias filter:                      189  (0.00962714); expected 392.6 (0.02)
Passed Vit filter:                         9  (0.000458435); expected 19.6 (0.001)
Passed Fwd filter:                         0  (0); expected 0.2 (1e-05)
Initial search space (Z):              19632  [actual number of targets]
Domain search space  (domZ):               0  [number of targets reported over threshold]
# CPU time: 0.30u 0.20s 00:00:00.50 Elapsed: 00:00:00.36
# Mc/sec: 1326.67
//
Query:       orf5  [L=235]
Description: source=IMGVR_UViG_3300029500_000062_3300029500_Ga0244793_101168/3382-1323 coords=1024..320 length=235 frame=5 desc=
Scores for complete sequence (score includes all domains):
   --- full sequence ---   --- best 1 domain ---    -#dom-
    E-value  score  bias    E-value  score  bias    exp  N  Model    Description
    ------- ------ -----    ------- ------ -----   ---- --  -------- -----------

   [No hits detected that satisfy reporting thresholds]


Domain annotation for each model (and alignments):

   [No targets detected that satisfy reporting thresholds]


Internal pipeline statistics summary:
-------------------------------------
Query sequence(s):                         1  (235 residues searched)
Target model(s):                       19632  (3329936 nodes)
Passed MSV filter:                       329  (0.0167584); expected 392.6 (0.02)
Passed bias filter:                      226  (0.0115118); expected 392.6 (0.02)
Passed Vit filter:                        20  (0.00101874); expected 19.6 (0.001)
Passed Fwd filter:                         0  (0); expected 0.2 (1e-05)
Initial search space (Z):              19632  [actual number of targets]
Domain search space  (domZ):               0  [number of targets reported over threshold]
# CPU time: 0.32u 0.20s 00:00:00.52 Elapsed: 00:00:00.36
# Mc/sec: 2132.89
//
[ok]
