# hmmscan :: search sequence(s) against a profile database
# HMMER 3.3.2 (Nov 2020); http://hmmer.org/
# Copyright (C) 2020 Howard Hughes Medical Institute.
# Freely distributed under the BSD open source license.
# - - - - - - - - - - - - - - - - - - - - - - - - - - - - - - - - - - - -
# query sequence file:             -
# target HMM database:             /n/eddy_lab/data/pfam-35.0/Pfam-A.hmm
# output directed to file:         ./c1_windows_new/hmmscan/out/IMGVR_UViG_2879731240_000009_2879731240_2879731240_4058094-4108684_hmmscan_output.out
# per-seq hits tabular output:     ./c1_windows_new/hmmscan/tblout/IMGVR_UViG_2879731240_000009_2879731240_2879731240_4058094-4108684_hmmscan_output.tblout
# - - - - - - - - - - - - - - - - - - - - - - - - - - - - - - - - - - - -

Query:       orf1  [L=125]
Description: source=IMGVR_UViG_2879731240_000009_2879731240_2879731240_4058094-4108684/10246-8523 coords=269..643 length=125 frame=2 desc=
Scores for complete sequence (score includes all domains):
   --- full sequence ---   --- best 1 domain ---    -#dom-
    E-value  score  bias    E-value  score  bias    exp  N  Model     Description
    ------- ------ -----    ------- ------ -----   ---- --  --------  -----------
      2e-11   44.1   0.7      6e-11   42.6   0.7    1.7  1  HTH_Tnp_1  Transposase
  ------ inclusion threshold ------
      0.042   14.2   0.3       0.16   12.3   0.6    1.7  2  TSC22      TSC-22/dip/bun family


Domain annotation for each model (and alignments):
>> HTH_Tnp_1  Transposase
   #    score  bias  c-Evalue  i-Evalue hmmfrom  hmm to    alifrom  ali to    envfrom  env to     acc
 ---   ------ ----- --------- --------- ------- -------    ------- -------    ------- -------    ----
   1 !   42.6   0.7   6.1e-15     6e-11       1      74 [.      18     104 ..      18     105 .. 0.84

  Alignments for each domain:
  == domain 1  score: 42.6 bits;  conditional E-value: 6.1e-15
  HTH_Tnp_1   1 merrrrfseefklravkeslepg.......asvsevArrhgvspnqLykWrkqyr......egeealpaeseltaleeeireLkrel 74 
                m +++rfs+e++ rav+ +le +       a++ ++A + g  p++L+ W +q++      +g +++  +++l++le+e+reL+r +
       orf1  18 MTKNTRFSPEVRQRAVRMVLESQgeydsqwATICSIAPKIGCTPETLRVWGRQHErdtgggDGGLTTAERQRLKELERENRELRRSN 104
                7899***************9988444444457889************************984444444446*************976 PP

>> TSC22  TSC-22/dip/bun family
   #    score  bias  c-Evalue  i-Evalue hmmfrom  hmm to    alifrom  ali to    envfrom  env to     acc
 ---   ------ ----- --------- --------- ------- -------    ------- -------    ------- -------    ----
   1 ?   -2.6   0.0      0.75   7.3e+03      43      50 ..      58      65 ..      56      70 .. 0.77
   2 ?   12.3   0.6   1.6e-05      0.16      20      43 ..      87     110 ..      86     115 .. 0.75

  Alignments for each domain:
  == domain 1  score: -2.6 bits;  conditional E-value: 0.75
  TSC22 43 naspetle 50
            ++petl 
   orf1 58 GCTPETLR 65
           58999996 PP

  == domain 2  score: 12.3 bits;  conditional E-value: 1.6e-05
  TSC22  20 kekIkeLeeknseleeENsiLran 43 
            +++ keLe +n+el++ N iLr+ 
   orf1  87 RQRLKELERENRELRRSNDILRQA 110
            567788888888888888888865 PP



Internal pipeline statistics summary:
-------------------------------------
Query sequence(s):                         1  (125 residues searched)
Target model(s):                       19632  (3329936 nodes)
Passed MSV filter:                       951  (0.0484413); expected 392.6 (0.02)
Passed bias filter:                      611  (0.0311227); expected 392.6 (0.02)
Passed Vit filter:                        70  (0.00356561); expected 19.6 (0.001)
Passed Fwd filter:                         2  (0.000101874); expected 0.2 (1e-05)
Initial search space (Z):              19632  [actual number of targets]
Domain search space  (domZ):               2  [number of targets reported over threshold]
# CPU time: 0.33u 0.19s 00:00:00.52 Elapsed: 00:00:00.35
# Mc/sec: 1160.38
//
Query:       orf2  [L=139]
Description: source=IMGVR_UViG_2879731240_000009_2879731240_2879731240_4058094-4108684/10246-8523 coords=580..996 length=139 frame=1 desc=
Scores for complete sequence (score includes all domains):
   --- full sequence ---   --- best 1 domain ---    -#dom-
    E-value  score  bias    E-value  score  bias    exp  N  Model       Description
    ------- ------ -----    ------- ------ -----   ---- --  --------    -----------
  ------ inclusion threshold ------
      0.048   13.9   0.0       0.19   12.0   0.1    1.9  2  HTH_21       HTH-like domain
      0.074   13.3   0.0      0.093   13.0   0.0    1.1  1  HTH_Tnp_1_2  Helix-turn-helix of insertion element transposas


Domain annotation for each model (and alignments):
>> HTH_21  HTH-like domain
   #    score  bias  c-Evalue  i-Evalue hmmfrom  hmm to    alifrom  ali to    envfrom  env to     acc
 ---   ------ ----- --------- --------- ------- -------    ------- -------    ------- -------    ----
   1 ?   -1.3   0.0      0.28   2.8e+03      41      56 ..      33      48 ..      32      51 .. 0.81
   2 ?   12.0   0.1     2e-05      0.19       3      24 ..      69      90 ..      66      91 .. 0.85

  Alignments for each domain:
  == domain 1  score: -1.3 bits;  conditional E-value: 0.28
  HTH_21 41 krVrRlMrelGLrgvt 56
             rV  l+ el++++ t
    orf2 33 YRVGPLCSELHIAPST 48
            6999999999998765 PP

  == domain 2  score: 12.0 bits;  conditional E-value: 2e-05
  HTH_21  3 ddallelireifeeskgrYGyr 24
            dd l++ i+++++e++ +YG++
    orf2 69 DDWLKKEIQRVYDENHKVYGVK 90
            5559999*************97 PP

>> HTH_Tnp_1_2  Helix-turn-helix of insertion element transposase
   #    score  bias  c-Evalue  i-Evalue hmmfrom  hmm to    alifrom  ali to    envfrom  env to     acc
 ---   ------ ----- --------- --------- ------- -------    ------- -------    ------- -------    ----
   1 ?   13.0   0.0   9.4e-06     0.093      28      74 ..      34      82 ..      21      95 .. 0.82

  Alignments for each domain:
  == domain 1  score: 13.0 bits;  conditional E-value: 9.4e-06
                 -HHHHHHHHTS-HHHHHHHHH-HHHHHHHHH..HHHHHHHTTHHHHHHH CS
  HTH_Tnp_1_2 28 tldeiaeevgvsrsTlykWkkkkeFieyvne..laeefleeeraevyka 74
                  +  +++e+ ++ sT+y+ +++++  +  +   + +++l++e ++vy +
         orf2 34 RVGPLCSELHIAPSTYYHCQQQRHHPDKRSAraQRDDWLKKEIQRVYDE 82
                 56679*******************9988876115689**********86 PP



Internal pipeline statistics summary:
-------------------------------------
Query sequence(s):                         1  (139 residues searched)
Target model(s):                       19632  (3329936 nodes)
Passed MSV filter:                       545  (0.0277608); expected 392.6 (0.02)
Passed bias filter:                      437  (0.0222596); expected 392.6 (0.02)
Passed Vit filter:                        29  (0.00147718); expected 19.6 (0.001)
Passed Fwd filter:                         2  (0.000101874); expected 0.2 (1e-05)
Initial search space (Z):              19632  [actual number of targets]
Domain search space  (domZ):               2  [number of targets reported over threshold]
# CPU time: 0.32u 0.17s 00:00:00.49 Elapsed: 00:00:00.32
# Mc/sec: 1402.79
//
Query:       orf3  [L=98]
Description: source=IMGVR_UViG_2879731240_000009_2879731240_2879731240_4058094-4108684/10246-8523 coords=825..1118 length=98 frame=3 desc=
Scores for complete sequence (score includes all domains):
   --- full sequence ---   --- best 1 domain ---    -#dom-
    E-value  score  bias    E-value  score  bias    exp  N  Model    Description
    ------- ------ -----    ------- ------ -----   ---- --  -------- -----------
      1e-08   35.3   2.6      1e-08   35.3   2.6    1.9  2  HTH_21    HTH-like domain


Domain annotation for each model (and alignments):
>> HTH_21  HTH-like domain
   #    score  bias  c-Evalue  i-Evalue hmmfrom  hmm to    alifrom  ali to    envfrom  env to     acc
 ---   ------ ----- --------- --------- ------- -------    ------- -------    ------- -------    ----
   1 !   35.3   2.6   5.3e-13     1e-08      25      60 .]       8      42 ..       6      42 .. 0.95
   2 ?   -0.9   0.0      0.11   2.1e+03      11      24 ..      59      80 ..      49      83 .. 0.56

  Alignments for each domain:
  == domain 1  score: 35.3 bits;  conditional E-value: 5.3e-13
  HTH_21 25 riwaaLrreggvrvnhkrVrRlMrelGLrgvtrrkr 60
            ++w++L re g+rv++++V+RlM  +GL+gv r k+
    orf3  8 KVWRQLLRE-GIRVARCTVARLMAVMGLAGVLRGKK 42
            8********.8********************99986 PP

  == domain 2  score: -0.9 bits;  conditional E-value: 0.11
  HTH_21 11 reifeeskg........rYGyr 24
            ++ f + ++        +YG++
    orf3 59 NRQFVAERPdqlwvadfTYGVP 80
            4444444444444445577776 PP



Internal pipeline statistics summary:
-------------------------------------
Query sequence(s):                         1  (98 residues searched)
Target model(s):                       19632  (3329936 nodes)
Passed MSV filter:                       460  (0.0234311); expected 392.6 (0.02)
Passed bias filter:                      387  (0.0197127); expected 392.6 (0.02)
Passed Vit filter:                        26  (0.00132437); expected 19.6 (0.001)
Passed Fwd filter:                         1  (5.09372e-05); expected 0.2 (1e-05)
Initial search space (Z):              19632  [actual number of targets]
Domain search space  (domZ):               1  [number of targets reported over threshold]
# CPU time: 0.29u 0.17s 00:00:00.46 Elapsed: 00:00:00.31
# Mc/sec: 1027.69
//
Query:       orf4  [L=129]
Description: source=IMGVR_UViG_2879731240_000009_2879731240_2879731240_4058094-4108684/10246-8523 coords=1723..1337 length=129 frame=5 desc=
Scores for complete sequence (score includes all domains):
   --- full sequence ---   --- best 1 domain ---    -#dom-
    E-value  score  bias    E-value  score  bias    exp  N  Model    Description
    ------- ------ -----    ------- ------ -----   ---- --  -------- -----------

   [No hits detected that satisfy reporting thresholds]


Domain annotation for each model (and alignments):

   [No targets detected that satisfy reporting thresholds]


Internal pipeline statistics summary:
-------------------------------------
Query sequence(s):                         1  (129 residues searched)
Target model(s):                       19632  (3329936 nodes)
Passed MSV filter:                       316  (0.0160962); expected 392.6 (0.02)
Passed bias filter:                      268  (0.0136512); expected 392.6 (0.02)
Passed Vit filter:                        19  (0.000967808); expected 19.6 (0.001)
Passed Fwd filter:                         0  (0); expected 0.2 (1e-05)
Initial search space (Z):              19632  [actual number of targets]
Domain search space  (domZ):               0  [number of targets reported over threshold]
# CPU time: 0.30u 0.17s 00:00:00.47 Elapsed: 00:00:00.31
# Mc/sec: 1362.41
//
Query:       orf5  [L=132]
Description: source=IMGVR_UViG_2879731240_000009_2879731240_2879731240_4058094-4108684/10246-8523 coords=1446..1051 length=132 frame=6 desc=
Scores for complete sequence (score includes all domains):
   --- full sequence ---   --- best 1 domain ---    -#dom-
    E-value  score  bias    E-value  score  bias    exp  N  Model    Description
    ------- ------ -----    ------- ------ -----   ---- --  -------- -----------

   [No hits detected that satisfy reporting thresholds]


Domain annotation for each model (and alignments):

   [No targets detected that satisfy reporting thresholds]


Internal pipeline statistics summary:
-------------------------------------
Query sequence(s):                         1  (132 residues searched)
Target model(s):                       19632  (3329936 nodes)
Passed MSV filter:                       304  (0.0154849); expected 392.6 (0.02)
Passed bias filter:                      288  (0.0146699); expected 392.6 (0.02)
Passed Vit filter:                        11  (0.00056031); expected 19.6 (0.001)
Passed Fwd filter:                         0  (0); expected 0.2 (1e-05)
Initial search space (Z):              19632  [actual number of targets]
Domain search space  (domZ):               0  [number of targets reported over threshold]
# CPU time: 0.29u 0.18s 00:00:00.47 Elapsed: 00:00:00.31
# Mc/sec: 1389.85
//
Query:       orf6  [L=151]
Description: source=IMGVR_UViG_2879731240_000009_2879731240_2879731240_4058094-4108684/10246-8523 coords=856..404 length=151 frame=5 desc=
Scores for complete sequence (score includes all domains):
   --- full sequence ---   --- best 1 domain ---    -#dom-
    E-value  score  bias    E-value  score  bias    exp  N  Model    Description
    ------- ------ -----    ------- ------ -----   ---- --  -------- -----------
  ------ inclusion threshold ------
       0.16   11.8   0.0       0.18   11.7   0.0    1.1  1  DUF5552   Family of unknown function (DUF5552)


Domain annotation for each model (and alignments):
>> DUF5552  Family of unknown function (DUF5552)
   #    score  bias  c-Evalue  i-Evalue hmmfrom  hmm to    alifrom  ali to    envfrom  env to     acc
 ---   ------ ----- --------- --------- ------- -------    ------- -------    ------- -------    ----
   1 ?   11.7   0.0   8.9e-06      0.18      48     107 ..       2      62 ..       1      92 [. 0.87

  Alignments for each domain:
  == domain 1  score: 11.7 bits;  conditional E-value: 8.9e-06
  DUF5552  48 etsknilinfyrafnldkdvfihqanhpltv.pssvvmgdnghtlaeddkrpcfrvlpcyl 107
              +t + i  +f+r   +      h+a h   v p  v + d g tl+ +    c+ v pc  
     orf6   2 QTLHRIPCDFHRIRAVSLSSASHRAAHGHCVyPDDVAVADSGNTLTGQYAVRCIAVRPCTA 62 
              5667777889988888888999*****9876599*************************75 PP



Internal pipeline statistics summary:
-------------------------------------
Query sequence(s):                         1  (151 residues searched)
Target model(s):                       19632  (3329936 nodes)
Passed MSV filter:                       286  (0.0145681); expected 392.6 (0.02)
Passed bias filter:                      257  (0.0130909); expected 392.6 (0.02)
Passed Vit filter:                        20  (0.00101874); expected 19.6 (0.001)
Passed Fwd filter:                         1  (5.09372e-05); expected 0.2 (1e-05)
Initial search space (Z):              19632  [actual number of targets]
Domain search space  (domZ):               1  [number of targets reported over threshold]
# CPU time: 0.31u 0.16s 00:00:00.47 Elapsed: 00:00:00.32
# Mc/sec: 1554.76
//
[ok]
