# hmmscan :: search sequence(s) against a profile database
# HMMER 3.3.2 (Nov 2020); http://hmmer.org/
# Copyright (C) 2020 Howard Hughes Medical Institute.
# Freely distributed under the BSD open source license.
# - - - - - - - - - - - - - - - - - - - - - - - - - - - - - - - - - - - -
# query sequence file:             -
# target HMM database:             /n/eddy_lab/data/pfam-35.0/Pfam-A.hmm
# output directed to file:         ./c1_windows_new/hmmscan/out/IMGVR_UViG_3300020039_000797_3300020039_Ga0207352_1159_30389-94793_hmmscan_output.out
# per-seq hits tabular output:     ./c1_windows_new/hmmscan/tblout/IMGVR_UViG_3300020039_000797_3300020039_Ga0207352_1159_30389-94793_hmmscan_output.tblout
# - - - - - - - - - - - - - - - - - - - - - - - - - - - - - - - - - - - -

Query:       orf1  [L=161]
Description: source=IMGVR_UViG_3300020039_000797_3300020039_Ga0207352_1159_30389-94793/44693-43028 coords=77..559 length=161 frame=2 desc=
Scores for complete sequence (score includes all domains):
   --- full sequence ---   --- best 1 domain ---    -#dom-
    E-value  score  bias    E-value  score  bias    exp  N  Model    Description
    ------- ------ -----    ------- ------ -----   ---- --  -------- -----------
  ------ inclusion threshold ------
       0.07   12.9   0.9        1.1    8.9   0.1    2.3  3  Snf7      Snf7


Domain annotation for each model (and alignments):
>> Snf7  Snf7
   #    score  bias  c-Evalue  i-Evalue hmmfrom  hmm to    alifrom  ali to    envfrom  env to     acc
 ---   ------ ----- --------- --------- ------- -------    ------- -------    ------- -------    ----
   1 ?    2.3   0.0    0.0064   1.3e+02      94     119 ..      22      50 ..      18      56 .. 0.66
   2 ?    8.9   0.1   5.8e-05       1.1     130     155 ..      88     114 ..      77     127 .. 0.83
   3 ?   -3.7   0.0      0.43   8.5e+03      42      54 ..     140     152 ..     133     154 .. 0.62

  Alignments for each domain:
  == domain 1  score: 2.3 bits;  conditional E-value: 0.0064
           HHHHHHHCTCHHHHHHH...HHHHHHHHH CS
  Snf7  94 mkamnkkvdidkidklm...deiedqmek 119
           m+   k + id+id+l    de++d +e+
  orf1  22 MRRLAKRFAIDNIDDLFeldDEVNDLVEI 50 
           78888888899888875222455555444 PP

  == domain 2  score: 8.9 bits;  conditional E-value: 5.8e-05
           CHTT-.GCTTHCHHHHHHHHHHHHHHH CS
  Snf7 130 sldda.deedEeeleaeLdaLeqelgd 155
           ++d+  d +d ++++ eLd+L +e+++
  orf1  88 NIDISgDCVDKDDVNMELDELNSEVKK 114
           455557899***************876 PP

  == domain 3  score: -3.7 bits;  conditional E-value: 0.43
           HHHHHHHHHHHHH CS
  Snf7  42 ralllLKqkkrye 54 
           ++  +L++k + e
  orf1 140 KVTEALNRKTYVE 152
           4555666666555 PP



Internal pipeline statistics summary:
-------------------------------------
Query sequence(s):                         1  (161 residues searched)
Target model(s):                       19632  (3329936 nodes)
Passed MSV filter:                      1025  (0.0522107); expected 392.6 (0.02)
Passed bias filter:                      718  (0.0365729); expected 392.6 (0.02)
Passed Vit filter:                        54  (0.00275061); expected 19.6 (0.001)
Passed Fwd filter:                         1  (5.09372e-05); expected 0.2 (1e-05)
Initial search space (Z):              19632  [actual number of targets]
Domain search space  (domZ):               1  [number of targets reported over threshold]
# CPU time: 0.32u 0.16s 00:00:00.48 Elapsed: 00:00:00.32
# Mc/sec: 1628.94
//
Query:       orf2  [L=237]
Description: source=IMGVR_UViG_3300020039_000797_3300020039_Ga0207352_1159_30389-94793/44693-43028 coords=563..1273 length=237 frame=2 desc=
Scores for complete sequence (score includes all domains):
   --- full sequence ---   --- best 1 domain ---    -#dom-
    E-value  score  bias    E-value  score  bias    exp  N  Model    Description
    ------- ------ -----    ------- ------ -----   ---- --  -------- -----------

   [No hits detected that satisfy reporting thresholds]


Domain annotation for each model (and alignments):

   [No targets detected that satisfy reporting thresholds]


Internal pipeline statistics summary:
-------------------------------------
Query sequence(s):                         1  (237 residues searched)
Target model(s):                       19632  (3329936 nodes)
Passed MSV filter:                       714  (0.0363692); expected 392.6 (0.02)
Passed bias filter:                      515  (0.0262327); expected 392.6 (0.02)
Passed Vit filter:                        32  (0.00162999); expected 19.6 (0.001)
Passed Fwd filter:                         0  (0); expected 0.2 (1e-05)
Initial search space (Z):              19632  [actual number of targets]
Domain search space  (domZ):               0  [number of targets reported over threshold]
# CPU time: 0.30u 0.17s 00:00:00.47 Elapsed: 00:00:00.30
# Mc/sec: 2587.52
//
[ok]
