# hmmscan :: search sequence(s) against a profile database
# HMMER 3.3.2 (Nov 2020); http://hmmer.org/
# Copyright (C) 2020 Howard Hughes Medical Institute.
# Freely distributed under the BSD open source license.
# - - - - - - - - - - - - - - - - - - - - - - - - - - - - - - - - - - - -
# query sequence file:             -
# target HMM database:             /n/eddy_lab/data/pfam-35.0/Pfam-A.hmm
# output directed to file:         ./c1_windows_new/hmmscan/out/IMGVR_UViG_3300029490_000132_3300029490_Ga0244171_107413_hmmscan_output.out
# per-seq hits tabular output:     ./c1_windows_new/hmmscan/tblout/IMGVR_UViG_3300029490_000132_3300029490_Ga0244171_107413_hmmscan_output.tblout
# - - - - - - - - - - - - - - - - - - - - - - - - - - - - - - - - - - - -

Query:       orf1  [L=140]
Description: source=IMGVR_UViG_3300029490_000132_3300029490_Ga0244171_107413/1-1101 coords=130..549 length=140 frame=1 desc=
Scores for complete sequence (score includes all domains):
   --- full sequence ---   --- best 1 domain ---    -#dom-
    E-value  score  bias    E-value  score  bias    exp  N  Model    Description
    ------- ------ -----    ------- ------ -----   ---- --  -------- -----------
  ------ inclusion threshold ------
      0.011   16.1   2.9      0.027   14.8   0.4    2.2  2  Osmo_CC   Osmosensory transporter coiled coil


Domain annotation for each model (and alignments):
>> Osmo_CC  Osmosensory transporter coiled coil
   #    score  bias  c-Evalue  i-Evalue hmmfrom  hmm to    alifrom  ali to    envfrom  env to     acc
 ---   ------ ----- --------- --------- ------- -------    ------- -------    ------- -------    ----
   1 ?    1.3   0.1     0.024   4.6e+02      28      37 ..      10      19 ..       6      23 .. 0.85
   2 ?   14.8   0.4   1.4e-06     0.027      12      34 ..      44      66 ..      30      75 .. 0.86

  Alignments for each domain:
  == domain 1  score: 1.3 bits;  conditional E-value: 0.024
             HHHHHHHHHH CS
  Osmo_CC 28 IaaLeekRqq 37
             I++L ekR++
     orf1 10 IQELREKRKK 19
             99******97 PP

  == domain 2  score: 14.8 bits;  conditional E-value: 1.4e-06
             XXXTHHHHHHHHHHHHHHHHHHH CS
  Osmo_CC 12 eaYdnIEqkiediDeeIaaLeek 34
              +Yd  Eq+i d+ +eI++Le +
     orf1 44 KTYDAMEQTIVDLGKEIQRLERQ 66
             47******************975 PP



Internal pipeline statistics summary:
-------------------------------------
Query sequence(s):                         1  (140 residues searched)
Target model(s):                       19632  (3329936 nodes)
Passed MSV filter:                      1052  (0.053586); expected 392.6 (0.02)
Passed bias filter:                      645  (0.0328545); expected 392.6 (0.02)
Passed Vit filter:                        65  (0.00331092); expected 19.6 (0.001)
Passed Fwd filter:                         1  (5.09372e-05); expected 0.2 (1e-05)
Initial search space (Z):              19632  [actual number of targets]
Domain search space  (domZ):               1  [number of targets reported over threshold]
# CPU time: 0.30u 0.17s 00:00:00.47 Elapsed: 00:00:00.32
# Mc/sec: 1422.90
//
Query:       orf2  [L=153]
Description: source=IMGVR_UViG_3300029490_000132_3300029490_Ga0244171_107413/1-1101 coords=579..121 length=153 frame=4 desc=
Scores for complete sequence (score includes all domains):
   --- full sequence ---   --- best 1 domain ---    -#dom-
    E-value  score  bias    E-value  score  bias    exp  N  Model    Description
    ------- ------ -----    ------- ------ -----   ---- --  -------- -----------

   [No hits detected that satisfy reporting thresholds]


Domain annotation for each model (and alignments):

   [No targets detected that satisfy reporting thresholds]


Internal pipeline statistics summary:
-------------------------------------
Query sequence(s):                         1  (153 residues searched)
Target model(s):                       19632  (3329936 nodes)
Passed MSV filter:                       588  (0.0299511); expected 392.6 (0.02)
Passed bias filter:                      324  (0.0165037); expected 392.6 (0.02)
Passed Vit filter:                        22  (0.00112062); expected 19.6 (0.001)
Passed Fwd filter:                         0  (0); expected 0.2 (1e-05)
Initial search space (Z):              19632  [actual number of targets]
Domain search space  (domZ):               0  [number of targets reported over threshold]
# CPU time: 0.30u 0.14s 00:00:00.44 Elapsed: 00:00:00.29
# Mc/sec: 1748.81
//
[ok]
