# hmmscan :: search sequence(s) against a profile database
# HMMER 3.3.2 (Nov 2020); http://hmmer.org/
# Copyright (C) 2020 Howard Hughes Medical Institute.
# Freely distributed under the BSD open source license.
# - - - - - - - - - - - - - - - - - - - - - - - - - - - - - - - - - - - -
# query sequence file:             -
# target HMM database:             /n/eddy_lab/data/pfam-35.0/Pfam-A.hmm
# output directed to file:         ./c1_windows_new/hmmscan/out/IMGVR_UViG_3300045988_040724_3300045988_Ga0495776_088850_hmmscan_output.out
# per-seq hits tabular output:     ./c1_windows_new/hmmscan/tblout/IMGVR_UViG_3300045988_040724_3300045988_Ga0495776_088850_hmmscan_output.tblout
# - - - - - - - - - - - - - - - - - - - - - - - - - - - - - - - - - - - -

Query:       orf1  [L=90]
Description: source=IMGVR_UViG_3300045988_040724_3300045988_Ga0495776_088850/1-634 coords=164..433 length=90 frame=2 desc=
Scores for complete sequence (score includes all domains):
   --- full sequence ---   --- best 1 domain ---    -#dom-
    E-value  score  bias    E-value  score  bias    exp  N  Model    Description
    ------- ------ -----    ------- ------ -----   ---- --  -------- -----------

   [No hits detected that satisfy reporting thresholds]


Domain annotation for each model (and alignments):

   [No targets detected that satisfy reporting thresholds]


Internal pipeline statistics summary:
-------------------------------------
Query sequence(s):                         1  (90 residues searched)
Target model(s):                       19632  (3329936 nodes)
Passed MSV filter:                       544  (0.0277099); expected 392.6 (0.02)
Passed bias filter:                      305  (0.0155359); expected 392.6 (0.02)
Passed Vit filter:                        18  (0.00091687); expected 19.6 (0.001)
Passed Fwd filter:                         0  (0); expected 0.2 (1e-05)
Initial search space (Z):              19632  [actual number of targets]
Domain search space  (domZ):               0  [number of targets reported over threshold]
# CPU time: 0.27u 0.18s 00:00:00.45 Elapsed: 00:00:00.33
# Mc/sec: 904.21
//
Query:       orf2  [L=98]
Description: source=IMGVR_UViG_3300045988_040724_3300045988_Ga0495776_088850/1-634 coords=240..533 length=98 frame=3 desc=
Scores for complete sequence (score includes all domains):
   --- full sequence ---   --- best 1 domain ---    -#dom-
    E-value  score  bias    E-value  score  bias    exp  N  Model    Description
    ------- ------ -----    ------- ------ -----   ---- --  -------- -----------

   [No hits detected that satisfy reporting thresholds]


Domain annotation for each model (and alignments):

   [No targets detected that satisfy reporting thresholds]


Internal pipeline statistics summary:
-------------------------------------
Query sequence(s):                         1  (98 residues searched)
Target model(s):                       19632  (3329936 nodes)
Passed MSV filter:                       257  (0.0130909); expected 392.6 (0.02)
Passed bias filter:                      211  (0.0107478); expected 392.6 (0.02)
Passed Vit filter:                        15  (0.000764059); expected 19.6 (0.001)
Passed Fwd filter:                         0  (0); expected 0.2 (1e-05)
Initial search space (Z):              19632  [actual number of targets]
Domain search space  (domZ):               0  [number of targets reported over threshold]
# CPU time: 0.27u 0.17s 00:00:00.44 Elapsed: 00:00:00.31
# Mc/sec: 1028.35
//
Query:       orf3  [L=99]
Description: source=IMGVR_UViG_3300045988_040724_3300045988_Ga0495776_088850/1-634 coords=421..125 length=99 frame=4 desc=
Scores for complete sequence (score includes all domains):
   --- full sequence ---   --- best 1 domain ---    -#dom-
    E-value  score  bias    E-value  score  bias    exp  N  Model    Description
    ------- ------ -----    ------- ------ -----   ---- --  -------- -----------

   [No hits detected that satisfy reporting thresholds]


Domain annotation for each model (and alignments):

   [No targets detected that satisfy reporting thresholds]


Internal pipeline statistics summary:
-------------------------------------
Query sequence(s):                         1  (99 residues searched)
Target model(s):                       19632  (3329936 nodes)
Passed MSV filter:                       222  (0.0113081); expected 392.6 (0.02)
Passed bias filter:                      208  (0.0105949); expected 392.6 (0.02)
Passed Vit filter:                        12  (0.000611247); expected 19.6 (0.001)
Passed Fwd filter:                         0  (0); expected 0.2 (1e-05)
Initial search space (Z):              19632  [actual number of targets]
Domain search space  (domZ):               0  [number of targets reported over threshold]
# CPU time: 0.26u 0.18s 00:00:00.44 Elapsed: 00:00:00.32
# Mc/sec: 1026.45
//
[ok]
