# hmmscan :: search sequence(s) against a profile database
# HMMER 3.3.2 (Nov 2020); http://hmmer.org/
# Copyright (C) 2020 Howard Hughes Medical Institute.
# Freely distributed under the BSD open source license.
# - - - - - - - - - - - - - - - - - - - - - - - - - - - - - - - - - - - -
# query sequence file:             -
# target HMM database:             /n/eddy_lab/data/pfam-35.0/Pfam-A.hmm
# output directed to file:         ./c1_windows_new/hmmscan/out/IMGVR_UViG_2558860455_000009_2558860455_2558891074_hmmscan_output.out
# per-seq hits tabular output:     ./c1_windows_new/hmmscan/tblout/IMGVR_UViG_2558860455_000009_2558860455_2558891074_hmmscan_output.tblout
# - - - - - - - - - - - - - - - - - - - - - - - - - - - - - - - - - - - -

Query:       orf1  [L=277]
Description: source=IMGVR_UViG_2558860455_000009_2558860455_2558891074/12182-10459 coords=1..831 length=277 frame=1 desc=
Scores for complete sequence (score includes all domains):
   --- full sequence ---   --- best 1 domain ---    -#dom-
    E-value  score  bias    E-value  score  bias    exp  N  Model      Description
    ------- ------ -----    ------- ------ -----   ---- --  --------   -----------
  ------ inclusion threshold ------
      0.012   16.1   0.1      0.031   14.7   0.1    1.7  1  N_NLPC_P60  NLPC_P60 stabilising domain, N term
      0.077   13.3   0.2       0.15   12.4   0.2    1.5  1  USP8_dimer  USP8 dimerisation domain


Domain annotation for each model (and alignments):
>> N_NLPC_P60  NLPC_P60 stabilising domain, N term
   #    score  bias  c-Evalue  i-Evalue hmmfrom  hmm to    alifrom  ali to    envfrom  env to     acc
 ---   ------ ----- --------- --------- ------- -------    ------- -------    ------- -------    ----
   1 ?   14.7   0.1   3.2e-06     0.031      60     109 ..     181     233 ..     169     246 .. 0.80

  Alignments for each domain:
  == domain 1  score: 14.7 bits;  conditional E-value: 3.2e-06
                 HHHHHHHHHHCGGGG-SS--S-HHHHHG...GG-G...--SB-TTSSB--HHH CS
  N_NLPC_P60  60 aldeefkrryFaPWnatkpsvsaediawataalgk...krgYgeNlrpvdkkr 109
                 +  + f++r+F+ W+at  +++++ +++a +  +    +  Y++N  p++++ 
        orf1 181 EIIRTFNERWFQGWSATPEEQKVKFVNIAESIRNHpdfESKYKNNPDPHNRDL 233
                 56789******************999994444444778999****99999874 PP

>> USP8_dimer  USP8 dimerisation domain
   #    score  bias  c-Evalue  i-Evalue hmmfrom  hmm to    alifrom  ali to    envfrom  env to     acc
 ---   ------ ----- --------- --------- ------- -------    ------- -------    ------- -------    ----
   1 ?   12.4   0.2   1.5e-05      0.15      61      89 ..     203     231 ..     201     252 .. 0.78

  Alignments for each domain:
  == domain 1  score: 12.4 bits;  conditional E-value: 1.5e-05
  USP8_dimer  61 mkylnllekIrkhpdYkskkakvkqllgk 89 
                 +k++n+ e Ir+hpd++sk ++  +  ++
        orf1 203 VKFVNIAESIRNHPDFESKYKNNPDPHNR 231
                 69***************997766555555 PP



Internal pipeline statistics summary:
-------------------------------------
Query sequence(s):                         1  (277 residues searched)
Target model(s):                       19632  (3329936 nodes)
Passed MSV filter:                       474  (0.0241443); expected 392.6 (0.02)
Passed bias filter:                      333  (0.0169621); expected 392.6 (0.02)
Passed Vit filter:                        27  (0.00137531); expected 19.6 (0.001)
Passed Fwd filter:                         2  (0.000101874); expected 0.2 (1e-05)
Initial search space (Z):              19632  [actual number of targets]
Domain search space  (domZ):               2  [number of targets reported over threshold]
# CPU time: 0.33u 0.18s 00:00:00.51 Elapsed: 00:00:00.34
# Mc/sec: 2676.23
//
Query:       orf2  [L=96]
Description: source=IMGVR_UViG_2558860455_000009_2558860455_2558891074/12182-10459 coords=831..1118 length=96 frame=3 desc=
Scores for complete sequence (score includes all domains):
   --- full sequence ---   --- best 1 domain ---    -#dom-
    E-value  score  bias    E-value  score  bias    exp  N  Model    Description
    ------- ------ -----    ------- ------ -----   ---- --  -------- -----------

   [No hits detected that satisfy reporting thresholds]


Domain annotation for each model (and alignments):

   [No targets detected that satisfy reporting thresholds]


Internal pipeline statistics summary:
-------------------------------------
Query sequence(s):                         1  (96 residues searched)
Target model(s):                       19632  (3329936 nodes)
Passed MSV filter:                       273  (0.0139059); expected 392.6 (0.02)
Passed bias filter:                      249  (0.0126834); expected 392.6 (0.02)
Passed Vit filter:                        15  (0.000764059); expected 19.6 (0.001)
Passed Fwd filter:                         0  (0); expected 0.2 (1e-05)
Initial search space (Z):              19632  [actual number of targets]
Domain search space  (domZ):               0  [number of targets reported over threshold]
# CPU time: 0.28u 0.17s 00:00:00.45 Elapsed: 00:00:00.31
# Mc/sec: 1024.34
//
Query:       orf3  [L=129]
Description: source=IMGVR_UViG_2558860455_000009_2558860455_2558891074/12182-10459 coords=1723..1337 length=129 frame=5 desc=
Scores for complete sequence (score includes all domains):
   --- full sequence ---   --- best 1 domain ---    -#dom-
    E-value  score  bias    E-value  score  bias    exp  N  Model    Description
    ------- ------ -----    ------- ------ -----   ---- --  -------- -----------

   [No hits detected that satisfy reporting thresholds]


Domain annotation for each model (and alignments):

   [No targets detected that satisfy reporting thresholds]


Internal pipeline statistics summary:
-------------------------------------
Query sequence(s):                         1  (129 residues searched)
Target model(s):                       19632  (3329936 nodes)
Passed MSV filter:                       316  (0.0160962); expected 392.6 (0.02)
Passed bias filter:                      268  (0.0136512); expected 392.6 (0.02)
Passed Vit filter:                        19  (0.000967808); expected 19.6 (0.001)
Passed Fwd filter:                         0  (0); expected 0.2 (1e-05)
Initial search space (Z):              19632  [actual number of targets]
Domain search space  (domZ):               0  [number of targets reported over threshold]
# CPU time: 0.31u 0.16s 00:00:00.47 Elapsed: 00:00:00.33
# Mc/sec: 1285.69
//
Query:       orf4  [L=152]
Description: source=IMGVR_UViG_2558860455_000009_2558860455_2558891074/12182-10459 coords=1446..991 length=152 frame=6 desc=
Scores for complete sequence (score includes all domains):
   --- full sequence ---   --- best 1 domain ---    -#dom-
    E-value  score  bias    E-value  score  bias    exp  N  Model    Description
    ------- ------ -----    ------- ------ -----   ---- --  -------- -----------

   [No hits detected that satisfy reporting thresholds]


Domain annotation for each model (and alignments):

   [No targets detected that satisfy reporting thresholds]


Internal pipeline statistics summary:
-------------------------------------
Query sequence(s):                         1  (152 residues searched)
Target model(s):                       19632  (3329936 nodes)
Passed MSV filter:                       267  (0.0136002); expected 392.6 (0.02)
Passed bias filter:                      241  (0.0122759); expected 392.6 (0.02)
Passed Vit filter:                        14  (0.000713121); expected 19.6 (0.001)
Passed Fwd filter:                         0  (0); expected 0.2 (1e-05)
Initial search space (Z):              19632  [actual number of targets]
Domain search space  (domZ):               0  [number of targets reported over threshold]
# CPU time: 0.29u 0.17s 00:00:00.46 Elapsed: 00:00:00.32
# Mc/sec: 1559.34
//
Query:       orf5  [L=122]
Description: source=IMGVR_UViG_2558860455_000009_2558860455_2558891074/12182-10459 coords=780..415 length=122 frame=6 desc=
Scores for complete sequence (score includes all domains):
   --- full sequence ---   --- best 1 domain ---    -#dom-
    E-value  score  bias    E-value  score  bias    exp  N  Model    Description
    ------- ------ -----    ------- ------ -----   ---- --  -------- -----------

   [No hits detected that satisfy reporting thresholds]


Domain annotation for each model (and alignments):

   [No targets detected that satisfy reporting thresholds]


Internal pipeline statistics summary:
-------------------------------------
Query sequence(s):                         1  (122 residues searched)
Target model(s):                       19632  (3329936 nodes)
Passed MSV filter:                       375  (0.0191015); expected 392.6 (0.02)
Passed bias filter:                      251  (0.0127852); expected 392.6 (0.02)
Passed Vit filter:                        17  (0.000865933); expected 19.6 (0.001)
Passed Fwd filter:                         0  (0); expected 0.2 (1e-05)
Initial search space (Z):              19632  [actual number of targets]
Domain search space  (domZ):               0  [number of targets reported over threshold]
# CPU time: 0.28u 0.17s 00:00:00.45 Elapsed: 00:00:00.31
# Mc/sec: 1273.49
//
[ok]
