# hmmscan :: search sequence(s) against a profile database
# HMMER 3.3.2 (Nov 2020); http://hmmer.org/
# Copyright (C) 2020 Howard Hughes Medical Institute.
# Freely distributed under the BSD open source license.
# - - - - - - - - - - - - - - - - - - - - - - - - - - - - - - - - - - - -
# query sequence file:             -
# target HMM database:             /n/eddy_lab/data/pfam-35.0/Pfam-A.hmm
# output directed to file:         ./c1_windows_new/hmmscan/out/IMGVR_UViG_3300034661_001868_3300034661_Ga0314782_002128_hmmscan_output.out
# per-seq hits tabular output:     ./c1_windows_new/hmmscan/tblout/IMGVR_UViG_3300034661_001868_3300034661_Ga0314782_002128_hmmscan_output.tblout
# - - - - - - - - - - - - - - - - - - - - - - - - - - - - - - - - - - - -

Query:       orf1  [L=99]
Description: source=IMGVR_UViG_3300034661_001868_3300034661_Ga0314782_002128/1-560 coords=3..299 length=99 frame=3 desc=
Scores for complete sequence (score includes all domains):
   --- full sequence ---   --- best 1 domain ---    -#dom-
    E-value  score  bias    E-value  score  bias    exp  N  Model    Description
    ------- ------ -----    ------- ------ -----   ---- --  -------- -----------
  ------ inclusion threshold ------
       0.17   12.0   0.0       0.29   11.3   0.0    1.3  1  HTH_6     Helix-turn-helix domain, rpiR family


Domain annotation for each model (and alignments):
>> HTH_6  Helix-turn-helix domain, rpiR family
   #    score  bias  c-Evalue  i-Evalue hmmfrom  hmm to    alifrom  ali to    envfrom  env to     acc
 ---   ------ ----- --------- --------- ------- -------    ------- -------    ------- -------    ----
   1 ?   11.3   0.0   1.5e-05      0.29      42      60 ..      42      60 ..      35      61 .. 0.87

  Alignments for each domain:
  == domain 1  score: 11.3 bits;  conditional E-value: 1.5e-05
           HHTT--HHHHHHHH---S- CS
  HTH_6 42 kaaavSeativrfakkLGf 60
            a+ vS++ ++r+ak LG+
   orf1 42 IASHVSNSNVIRLAKRLGL 60
           5789*************96 PP



Internal pipeline statistics summary:
-------------------------------------
Query sequence(s):                         1  (99 residues searched)
Target model(s):                       19632  (3329936 nodes)
Passed MSV filter:                       358  (0.0182355); expected 392.6 (0.02)
Passed bias filter:                      331  (0.0168602); expected 392.6 (0.02)
Passed Vit filter:                        28  (0.00142624); expected 19.6 (0.001)
Passed Fwd filter:                         1  (5.09372e-05); expected 0.2 (1e-05)
Initial search space (Z):              19632  [actual number of targets]
Domain search space  (domZ):               1  [number of targets reported over threshold]
# CPU time: 0.28u 0.20s 00:00:00.48 Elapsed: 00:00:00.35
# Mc/sec: 933.79
//
Query:       orf2  [L=103]
Description: source=IMGVR_UViG_3300034661_001868_3300034661_Ga0314782_002128/1-560 coords=250..558 length=103 frame=1 desc=
Scores for complete sequence (score includes all domains):
   --- full sequence ---   --- best 1 domain ---    -#dom-
    E-value  score  bias    E-value  score  bias    exp  N  Model    Description
    ------- ------ -----    ------- ------ -----   ---- --  -------- -----------

   [No hits detected that satisfy reporting thresholds]


Domain annotation for each model (and alignments):

   [No targets detected that satisfy reporting thresholds]


Internal pipeline statistics summary:
-------------------------------------
Query sequence(s):                         1  (103 residues searched)
Target model(s):                       19632  (3329936 nodes)
Passed MSV filter:                       233  (0.0118684); expected 392.6 (0.02)
Passed bias filter:                      211  (0.0107478); expected 392.6 (0.02)
Passed Vit filter:                         6  (0.000305623); expected 19.6 (0.001)
Passed Fwd filter:                         0  (0); expected 0.2 (1e-05)
Initial search space (Z):              19632  [actual number of targets]
Domain search space  (domZ):               0  [number of targets reported over threshold]
# CPU time: 0.26u 0.19s 00:00:00.45 Elapsed: 00:00:00.32
# Mc/sec: 1052.26
//
[ok]
