# hmmscan :: search sequence(s) against a profile database
# HMMER 3.3.2 (Nov 2020); http://hmmer.org/
# Copyright (C) 2020 Howard Hughes Medical Institute.
# Freely distributed under the BSD open source license.
# - - - - - - - - - - - - - - - - - - - - - - - - - - - - - - - - - - - -
# query sequence file:             -
# target HMM database:             /n/eddy_lab/data/pfam-35.0/Pfam-A.hmm
# output directed to file:         ./c1_windows_new/hmmscan/out/IMGVR_UViG_3300040946_000466_3300040946_Ga0439239_0011442_hmmscan_output.out
# per-seq hits tabular output:     ./c1_windows_new/hmmscan/tblout/IMGVR_UViG_3300040946_000466_3300040946_Ga0439239_0011442_hmmscan_output.tblout
# - - - - - - - - - - - - - - - - - - - - - - - - - - - - - - - - - - - -

Query:       orf1  [L=109]
Description: source=IMGVR_UViG_3300040946_000466_3300040946_Ga0439239_0011442/3037-1003 coords=311..637 length=109 frame=2 desc=
Scores for complete sequence (score includes all domains):
   --- full sequence ---   --- best 1 domain ---    -#dom-
    E-value  score  bias    E-value  score  bias    exp  N  Model    Description
    ------- ------ -----    ------- ------ -----   ---- --  -------- -----------
  ------ inclusion threshold ------
       0.19   11.9   0.0        0.3   11.2   0.0    1.3  1  zf-CW     CW-type Zinc Finger


Domain annotation for each model (and alignments):
>> zf-CW  CW-type Zinc Finger
   #    score  bias  c-Evalue  i-Evalue hmmfrom  hmm to    alifrom  ali to    envfrom  env to     acc
 ---   ------ ----- --------- --------- ------- -------    ------- -------    ------- -------    ----
   1 ?   11.2   0.0   1.5e-05       0.3       9      32 ..      38      62 ..      35      74 .. 0.82

  Alignments for each domain:
  == domain 1  score: 11.2 bits;  conditional E-value: 1.5e-05
  zf-CW  9 lKWRrlpkevekeelipe.kWvCsm 32
           +KWRr++k  +k ++++  ++vC  
   orf1 38 GKWRRVTKVYAKGHDVNGkTYVCYY 62
           6******999777777855****75 PP



Internal pipeline statistics summary:
-------------------------------------
Query sequence(s):                         1  (109 residues searched)
Target model(s):                       19632  (3329936 nodes)
Passed MSV filter:                       242  (0.0123268); expected 392.6 (0.02)
Passed bias filter:                      232  (0.0118174); expected 392.6 (0.02)
Passed Vit filter:                        19  (0.000967808); expected 19.6 (0.001)
Passed Fwd filter:                         1  (5.09372e-05); expected 0.2 (1e-05)
Initial search space (Z):              19632  [actual number of targets]
Domain search space  (domZ):               1  [number of targets reported over threshold]
# CPU time: 0.31u 0.20s 00:00:00.51 Elapsed: 00:00:00.37
# Mc/sec: 976.84
//
Query:       orf2  [L=191]
Description: source=IMGVR_UViG_3300040946_000466_3300040946_Ga0439239_0011442/3037-1003 coords=664..1236 length=191 frame=1 desc=
Scores for complete sequence (score includes all domains):
   --- full sequence ---   --- best 1 domain ---    -#dom-
    E-value  score  bias    E-value  score  bias    exp  N  Model    Description
    ------- ------ -----    ------- ------ -----   ---- --  -------- -----------

   [No hits detected that satisfy reporting thresholds]


Domain annotation for each model (and alignments):

   [No targets detected that satisfy reporting thresholds]


Internal pipeline statistics summary:
-------------------------------------
Query sequence(s):                         1  (191 residues searched)
Target model(s):                       19632  (3329936 nodes)
Passed MSV filter:                       516  (0.0262836); expected 392.6 (0.02)
Passed bias filter:                      407  (0.0207315); expected 392.6 (0.02)
Passed Vit filter:                        22  (0.00112062); expected 19.6 (0.001)
Passed Fwd filter:                         0  (0); expected 0.2 (1e-05)
Initial search space (Z):              19632  [actual number of targets]
Domain search space  (domZ):               0  [number of targets reported over threshold]
# CPU time: 0.32u 0.20s 00:00:00.52 Elapsed: 00:00:00.34
# Mc/sec: 1820.70
//
Query:       orf3  [L=216]
Description: source=IMGVR_UViG_3300040946_000466_3300040946_Ga0439239_0011442/3037-1003 coords=872..1519 length=216 frame=2 desc=
Scores for complete sequence (score includes all domains):
   --- full sequence ---   --- best 1 domain ---    -#dom-
    E-value  score  bias    E-value  score  bias    exp  N  Model    Description
    ------- ------ -----    ------- ------ -----   ---- --  -------- -----------

   [No hits detected that satisfy reporting thresholds]


Domain annotation for each model (and alignments):

   [No targets detected that satisfy reporting thresholds]


Internal pipeline statistics summary:
-------------------------------------
Query sequence(s):                         1  (216 residues searched)
Target model(s):                       19632  (3329936 nodes)
Passed MSV filter:                       242  (0.0123268); expected 392.6 (0.02)
Passed bias filter:                      224  (0.0114099); expected 392.6 (0.02)
Passed Vit filter:                        15  (0.000764059); expected 19.6 (0.001)
Passed Fwd filter:                         0  (0); expected 0.2 (1e-05)
Initial search space (Z):              19632  [actual number of targets]
Domain search space  (domZ):               0  [number of targets reported over threshold]
# CPU time: 0.33u 0.19s 00:00:00.52 Elapsed: 00:00:00.36
# Mc/sec: 1966.51
//
Query:       orf4  [L=153]
Description: source=IMGVR_UViG_3300040946_000466_3300040946_Ga0439239_0011442/3037-1003 coords=1374..916 length=153 frame=5 desc=
Scores for complete sequence (score includes all domains):
   --- full sequence ---   --- best 1 domain ---    -#dom-
    E-value  score  bias    E-value  score  bias    exp  N  Model    Description
    ------- ------ -----    ------- ------ -----   ---- --  -------- -----------

   [No hits detected that satisfy reporting thresholds]


Domain annotation for each model (and alignments):

   [No targets detected that satisfy reporting thresholds]


Internal pipeline statistics summary:
-------------------------------------
Query sequence(s):                         1  (153 residues searched)
Target model(s):                       19632  (3329936 nodes)
Passed MSV filter:                       259  (0.0131927); expected 392.6 (0.02)
Passed bias filter:                      233  (0.0118684); expected 392.6 (0.02)
Passed Vit filter:                        18  (0.00091687); expected 19.6 (0.001)
Passed Fwd filter:                         0  (0); expected 0.2 (1e-05)
Initial search space (Z):              19632  [actual number of targets]
Domain search space  (domZ):               0  [number of targets reported over threshold]
# CPU time: 0.30u 0.20s 00:00:00.50 Elapsed: 00:00:00.34
# Mc/sec: 1461.80
//
[ok]
