# hmmscan :: search sequence(s) against a profile database
# HMMER 3.3.2 (Nov 2020); http://hmmer.org/
# Copyright (C) 2020 Howard Hughes Medical Institute.
# Freely distributed under the BSD open source license.
# - - - - - - - - - - - - - - - - - - - - - - - - - - - - - - - - - - - -
# query sequence file:             -
# target HMM database:             /n/eddy_lab/data/pfam-35.0/Pfam-A.hmm
# output directed to file:         ./c1_windows_new/hmmscan/out/IMGVR_UViG_3300030522_000044_3300030522_Ga0307512_10001945_hmmscan_output.out
# per-seq hits tabular output:     ./c1_windows_new/hmmscan/tblout/IMGVR_UViG_3300030522_000044_3300030522_Ga0307512_10001945_hmmscan_output.tblout
# - - - - - - - - - - - - - - - - - - - - - - - - - - - - - - - - - - - -

Query:       orf1  [L=98]
Description: source=IMGVR_UViG_3300030522_000044_3300030522_Ga0307512_10001945/2335-4389 coords=1509..1216 length=98 frame=4 desc=
Scores for complete sequence (score includes all domains):
   --- full sequence ---   --- best 1 domain ---    -#dom-
    E-value  score  bias    E-value  score  bias    exp  N  Model    Description
    ------- ------ -----    ------- ------ -----   ---- --  -------- -----------

   [No hits detected that satisfy reporting thresholds]


Domain annotation for each model (and alignments):

   [No targets detected that satisfy reporting thresholds]


Internal pipeline statistics summary:
-------------------------------------
Query sequence(s):                         1  (98 residues searched)
Target model(s):                       19632  (3329936 nodes)
Passed MSV filter:                       300  (0.0152812); expected 392.6 (0.02)
Passed bias filter:                      263  (0.0133965); expected 392.6 (0.02)
Passed Vit filter:                        15  (0.000764059); expected 19.6 (0.001)
Passed Fwd filter:                         0  (0); expected 0.2 (1e-05)
Initial search space (Z):              19632  [actual number of targets]
Domain search space  (domZ):               0  [number of targets reported over threshold]
# CPU time: 0.31u 0.19s 00:00:00.50 Elapsed: 00:00:00.36
# Mc/sec: 906.17
//QQuery:       orf2  [L=96]
Description: source=IMGVR_UViG_3300030522_000044_3300030522_Ga0307512_10001945/2335-4389 coords=1212..925 length=96 frame=4 desc=
Scores for complete sequence (score includes all domains):
   --- full sequence ---   --- best 1 domain ---    -#dom-
    E-value  score  bias    E-value  score  bias    exp  N  Model    Description
    ------- ------ -----    ------- ------ -----   ---- --  -------- -----------

   [No hits detected that satisfy reporting thresholds]


Domain annotation for each model (and alignments):

   [No targets detected that satisfy reporting thresholds]


Internal pipeline statistics summary:
-------------------------------------
Query sequence(s):                         1  (96 residues searched)
Target model(s):                       19632  (3329936 nodes)
Passed MSV filter:                       479  (0.0243989); expected 392.6 (0.02)
Passed bias filter:                      228  (0.0116137); expected 392.6 (0.02)
Passed Vit filter:                        20  (0.00101874); expected 19.6 (0.001)
Passed Fwd filter:                         0  (0); expected 0.2 (1e-05)
Initial search space (Z):              19632  [actual number of targets]
Domain search space  (domZ):               0  [number of targets reported over threshold]
# CPU time: 0.31u 0.18s 00:00:00.49 Elapsed: 00:00:00.34
# Mc/sec: 915.81
//
[ok]
9999997335778889*********************99755 PP

  == domain 2  score: 0.4 bits;  conditional E-value: 0.037
  PRIMA1  21 cqcrpk.pplppppppppppr 40 
               c     pl p p p pppr
    orf2  83 VTCFTAsRPLSP-PHPAPPPR 102
             444433034444.44444444 PP



Internal pipeline statistics summary:
-------------------------------------
Query sequence(s):                         1  (122 residues searched)
Target model(s):                       19632  (3329936 nodes)
Passed MSV filter:                       280  (0.0142624); expected 392.6 (0.02)
Passed bias filter:                      205  (0.0104421); expected 392.6 (0.02)
Passed Vit filter:                         9  (0.000458435); expected 19.6 (0.001)
Passed Fwd filter:                         1  (5.09372e-05); expected 0.2 (1e-05)
Initial search space (Z):              19632  [actual number of targets]
Domain search space  (domZ):               1  [number of targets reported over threshold]
# CPU time: 0.31u 0.18s 00:00:00.49 Elapsed: 00:00:00.34
# Mc/sec: 1165.21
//
[ok]
    orf2   7 TEGWFFNKLSRRQ--KSGYSyieTESSLRISQNIHDVAVLLAIKNYFSgsgyldpkledysdLDAV------RgLSRGNVEYYNSKTSSFIPFLDKFT 96 
                  6999999999999..555555589************************866665554332222222......13444555556667999********* PP

                  -SSTHHHHHHHHHHH CS
  LAGLIDADG_1  87 llssKyldyldfkkv 101
                  ll+ K+ldyldfkk+
         orf2  97 LLTRKQLDYLDFKKF 111
                  *************96 PP



Internal pipeline statistics summary:
-------------------------------------
Query sequence(s):                         1  (149 residues searched)
Target model(s):                       19632  (3329936 nodes)
Passed MSV filter:                       479  (0.0243989); expected 392.6 (0.02)
Passed bias filter:                      335  (0.017064); expected 392.6 (0.02)
Passed Vit filter:                        19  (0.000967808); expected 19.6 (0.001)
Passed Fwd filter:                         1  (5.09372e-05); expected 0.2 (1e-05)
Initial search space (Z):              19632  [actual number of targets]
Domain search space  (domZ):               1  [number of targets reported over threshold]
# CPU time: 0.32u 0.16s 00:00:00.48 Elapsed: 00:00:00.33
# Mc/sec: 1489.02
//
[ok]
