# hmmscan :: search sequence(s) against a profile database
# HMMER 3.3.2 (Nov 2020); http://hmmer.org/
# Copyright (C) 2020 Howard Hughes Medical Institute.
# Freely distributed under the BSD open source license.
# - - - - - - - - - - - - - - - - - - - - - - - - - - - - - - - - - - - -
# query sequence file:             -
# target HMM database:             /n/eddy_lab/data/pfam-35.0/Pfam-A.hmm
# output directed to file:         ./c1_windows_new/hmmscan/out/IMGVR_UViG_3300029710_000034_3300029710_Ga0245233_101357_hmmscan_output.out
# per-seq hits tabular output:     ./c1_windows_new/hmmscan/tblout/IMGVR_UViG_3300029710_000034_3300029710_Ga0245233_101357_hmmscan_output.tblout
# - - - - - - - - - - - - - - - - - - - - - - - - - - - - - - - - - - - -

Query:       orf1  [L=203]
Description: source=IMGVR_UViG_3300029710_000034_3300029710_Ga0245233_101357/21604-23189 coords=3..611 length=203 frame=3 desc=
Scores for complete sequence (score includes all domains):
   --- full sequence ---   --- best 1 domain ---    -#dom-
    E-value  score  bias    E-value  score  bias    exp  N  Model    Description
    ------- ------ -----    ------- ------ -----   ---- --  -------- -----------
    1.4e-06   28.3   0.1    2.2e-06   27.7   0.1    1.2  1  HSDR_N_2  Type I restriction enzyme R protein N terminus (HSD
    0.00068   19.8   0.3       0.08   13.0   0.1    2.3  2  HSDR_N    Type I restriction enzyme R protein N terminus (HSD
  ------ inclusion threshold ------
      0.036   13.3   0.0      0.049   12.9   0.0    1.2  1  RmuC      RmuC family
       0.14   12.8   0.0       0.33   11.5   0.0    1.6  1  SUKH-3    SUKH-3 immunity protein


Domain annotation for each model (and alignments):
>> HSDR_N_2  Type I restriction enzyme R protein N terminus (HSDR_N)
   #    score  bias  c-Evalue  i-Evalue hmmfrom  hmm to    alifrom  ali to    envfrom  env to     acc
 ---   ------ ----- --------- --------- ------- -------    ------- -------    ------- -------    ----
   1 !   27.7   0.1   4.5e-10   2.2e-06       2      99 ..      69     174 ..      68     184 .. 0.81

  Alignments for each domain:
  == domain 1  score: 27.7 bits;  conditional E-value: 4.5e-10
  HSDR_N_2   2 EEwvRqhfvryLveelg.Ypkeliavekelqlgskkkr.vDivv.ykkd....kkpailvecka..psvklseetleqlksYnsalkaeflvvtnglehiv 93 
               E  v q+++++L++ +g Y+++++ +++++q g+ ++  +D+++ y  +    +++ +l+e+k    + k +ee++ q+ sY++ l+   +v+++ +  iv
      orf1  69 EHDVEQQLLEPLLNSMGwYENKDFIRQLPIQAGRGHRIfPDYALhY-GNkpneERAKVLIEAKLcmRNNKEREEAYLQARSYARLLNSSVIVLCDKDYLIV 168
               567889**********9899*************6555538****53.33366588********62145556999*************************** PP

  HSDR_N_2  94 lkvdkk 99 
               ++++++
      orf1 169 YEKKDS 174
               *98763 PP

>> HSDR_N  Type I restriction enzyme R protein N terminus (HSDR_N)
   #    score  bias  c-Evalue  i-Evalue hmmfrom  hmm to    alifrom  ali to    envfrom  env to     acc
 ---   ------ ----- --------- --------- ------- -------    ------- -------    ------- -------    ----
   1 !    5.1   0.0    0.0044        22       4      21 ..      69      86 ..      67      92 .. 0.90
   2 !   13.0   0.1   1.6e-05      0.08     110     158 ..      92     151 ..      88     177 .. 0.82

  Alignments for each domain:
  == domain 1  score: 5.1 bits;  conditional E-value: 0.0044
            HHHHHH.HHHHHHHHTT- CS
  HSDR_N  4 EaeleqelidellrelGy 21
            E ++eq+l+ +ll+++G+
    orf1 69 EHDVEQQLLEPLLNSMGW 86
            889*************** PP

  == domain 2  score: 13.0 bits;  conditional E-value: 1.6e-05
             EEE----S..SSS---EEEEEEET.....TEEEEEEEE--T....T-HHHHHHHHTSS-- CS
  HSDR_N 110 vvnQvtvt..gnqkrrpDivlfvn.....glplvviElKrp....gtieeAinQikryrk 158
             +++Q+ ++  +++ ++pD+ l  +     +   v+iE+K      ++ eeA+ Q + y +
    orf1  92 FIRQLPIQagRGHRIFPDYALHYGnkpneERAKVLIEAKLCmrnnKEREEAYLQARSYAR 151
             89*******************888688888889******977653377888888888875 PP

>> RmuC  RmuC family
   #    score  bias  c-Evalue  i-Evalue hmmfrom  hmm to    alifrom  ali to    envfrom  env to     acc
 ---   ------ ----- --------- --------- ------- -------    ------- -------    ------- -------    ----
   1 ?   12.9   0.0     1e-05     0.049      73     163 ..      76     165 ..      73     176 .. 0.76

  Alignments for each domain:
  == domain 1  score: 12.9 bits;  conditional E-value: 1e-05
  RmuC  73 qLerileasglregeeyetqvslkdeegse.lrpDvivklpgg.....kklviDsKvpleayerlveaeddeereaalkahaksvrkhikeLseKdY 163
            Le +l+++g  e++++ +q  ++ ++g + + pD+++++ ++      k+ i +K  + + ++        e   +++++a+ +++++  L +KdY
  orf1  76 LLEPLLNSMGWYENKDFIRQLPIQAGRG-HrIFPDYALHYGNKpneerAKVLIEAKLCMRNNKERE------EAYLQARSYARLLNSSVIVLCDKDY 165
           5899******************999988.339********88888888888888888887644433......3334445566666677777777766 PP

>> SUKH-3  SUKH-3 immunity protein
   #    score  bias  c-Evalue  i-Evalue hmmfrom  hmm to    alifrom  ali to    envfrom  env to     acc
 ---   ------ ----- --------- --------- ------- -------    ------- -------    ------- -------    ----
   1 ?   11.5   0.0   6.8e-05      0.33       6     130 ..      78     186 ..      73     194 .. 0.72

  Alignments for each domain:
  == domain 1  score: 11.5 bits;  conditional E-value: 6.8e-05
  SUKH-3   6 kelLraaGWqpgrkidkdaeelleslrqegyevfpaarefleeFGgLrvpktgpgeqvapaeididpleakeigehtadtladleealgeeliPiGelakgea 108
             + lL + GW+++++ + ++ +  +    +g+++fp   +    +G+   p+++  + + +a++ ++++  ke +e+ +   +++++ l+  +i++++     +
    orf1  78 EPLLNSMGWYENKDFI-RQLPIQAG---RGHRIFP---DYALHYGNK--PNEERAKVLIEAKLCMRNN--KE-REEAYLQARSYARLLNSSVIVLCDK----D 164
             6689***********5.66666666...8******...444567776..3334444477777777777..44.6788888899999999999999887....4 PP

  SUKH-3 109 tlaidedGrvfaldhtgevflG 130
             +l++ e+   f  d ++++ +G
    orf1 165 YLIVYEKKDSFDRDRYKKYHWG 186
             6777777777766666666666 PP



Internal pipeline statistics summary:
-------------------------------------
Query sequence(s):                         1  (203 residues searched)
Target model(s):                       19632  (3329936 nodes)
Passed MSV filter:                       626  (0.0318867); expected 392.6 (0.02)
Passed bias filter:                      460  (0.0234311); expected 392.6 (0.02)
Passed Vit filter:                        39  (0.00198655); expected 19.6 (0.001)
Passed Fwd filter:                         4  (0.000203749); expected 0.2 (1e-05)
Initial search space (Z):              19632  [actual number of targets]
Domain search space  (domZ):               4  [number of targets reported over threshold]
# CPU time: 0.33u 0.21s 00:00:00.54 Elapsed: 00:00:00.36
# Mc/sec: 1869.34
//
Query:       orf2  [L=106]
Description: source=IMGVR_UViG_3300029710_000034_3300029710_Ga0245233_101357/21604-23189 coords=607..924 length=106 frame=1 desc=
Scores for complete sequence (score includes all domains):
   --- full sequence ---   --- best 1 domain ---    -#dom-
    E-value  score  bias    E-value  score  bias    exp  N  Model         Description
    ------- ------ -----    ------- ------ -----   ---- --  --------      -----------
  ------ inclusion threshold ------
      0.011   15.8   0.1      0.012   15.7   0.1    1.1  1  DUF5506        Family of unknown function (DUF5506)
       0.05   13.6   0.1      0.089   12.8   0.1    1.3  1  DUF378         Domain of unknown function (DUF378)
      0.084   13.5   0.1       0.11   13.2   0.1    1.2  1  SF3a60_Prp9_C  SF3a60/Prp9 C-terminal


Domain annotation for each model (and alignments):
>> DUF5506  Family of unknown function (DUF5506)
   #    score  bias  c-Evalue  i-Evalue hmmfrom  hmm to    alifrom  ali to    envfrom  env to     acc
 ---   ------ ----- --------- --------- ------- -------    ------- -------    ------- -------    ----
   1 ?   15.7   0.1   1.8e-06     0.012      57     123 ..      19      82 ..       4     102 .. 0.79

  Alignments for each domain:
  == domain 1  score: 15.7 bits;  conditional E-value: 1.8e-06
  DUF5506  57 lrmsaineatkimraffktffyhhgkvprgrwfklyrndwckdpnltvgnyivasgalplmlgwars 123
              + ms+ +ea    r ++k++f +  k p    fk+y + + kd ++tv n+ +  ga   + g  r 
     orf2  19 FCMSSCDEAVYKGRKVYKAYFDYTLKDPE--SFKVYSEKYTKDGDFTV-NWELDYGAKNSLGGMVRE 82 
              469*******************9999997..5***************9.666777777777666665 PP

>> DUF378  Domain of unknown function (DUF378)
   #    score  bias  c-Evalue  i-Evalue hmmfrom  hmm to    alifrom  ali to    envfrom  env to     acc
 ---   ------ ----- --------- --------- ------- -------    ------- -------    ------- -------    ----
   1 ?   12.8   0.1   1.4e-05     0.089      38      57 ..       3      22 ..       2      24 .. 0.89

  Alignments for each domain:
  == domain 1  score: 12.8 bits;  conditional E-value: 1.4e-05
  DUF378 38 sllsriiYvLVGlaglylis 57
            +++++i ++++Gl++l+++s
    orf2  3 KIMKKILFTIIGLSALFCMS 22
            5789**************97 PP

>> SF3a60_Prp9_C  SF3a60/Prp9 C-terminal
   #    score  bias  c-Evalue  i-Evalue hmmfrom  hmm to    alifrom  ali to    envfrom  env to     acc
 ---   ------ ----- --------- --------- ------- -------    ------- -------    ------- -------    ----
   1 ?   13.2   0.1   1.6e-05      0.11      15      46 ..       9      40 ..       3      55 .. 0.89

  Alignments for each domain:
  == domain 1  score: 13.2 bits;  conditional E-value: 1.6e-05
                   HHHHHT-S--EEESTTTTEEES-HHHHHHHTS CS
  SF3a60_Prp9_C 15 lyklqgldveykCeiCgnkvykGrkafekhFk 46
                   l+ + gl+  +    C ++vykGrk+++ +F 
           orf2  9 LFTIIGLSALFCMSSCDEAVYKGRKVYKAYFD 40
                   78899999999999***************997 PP



Internal pipeline statistics summary:
-------------------------------------
Query sequence(s):                         1  (106 residues searched)
Target model(s):                       19632  (3329936 nodes)
Passed MSV filter:                       467  (0.0237877); expected 392.6 (0.02)
Passed bias filter:                      372  (0.0189487); expected 392.6 (0.02)
Passed Vit filter:                        34  (0.00173187); expected 19.6 (0.001)
Passed Fwd filter:                         3  (0.000152812); expected 0.2 (1e-05)
Initial search space (Z):              19632  [actual number of targets]
Domain search space  (domZ):               3  [number of targets reported over threshold]
# CPU time: 0.31u 0.16s 00:00:00.47 Elapsed: 00:00:00.32
# Mc/sec: 1098.24
//
[ok]
