# hmmscan :: search sequence(s) against a profile database
# HMMER 3.3.2 (Nov 2020); http://hmmer.org/
# Copyright (C) 2020 Howard Hughes Medical Institute.
# Freely distributed under the BSD open source license.
# - - - - - - - - - - - - - - - - - - - - - - - - - - - - - - - - - - - -
# query sequence file:             -
# target HMM database:             /n/eddy_lab/data/pfam-35.0/Pfam-A.hmm
# output directed to file:         ./c1_windows_new/hmmscan/out/IMGVR_UViG_3300029354_000156_3300029354_Ga0243832_102361_hmmscan_output.out
# per-seq hits tabular output:     ./c1_windows_new/hmmscan/tblout/IMGVR_UViG_3300029354_000156_3300029354_Ga0243832_102361_hmmscan_output.tblout
# - - - - - - - - - - - - - - - - - - - - - - - - - - - - - - - - - - - -

Query:       orf1  [L=107]
Description: source=IMGVR_UViG_3300029354_000156_3300029354_Ga0243832_102361/1-1042 coords=17..337 length=107 frame=2 desc=
Scores for complete sequence (score includes all domains):
   --- full sequence ---   --- best 1 domain ---    -#dom-
    E-value  score  bias    E-value  score  bias    exp  N  Model    Description
    ------- ------ -----    ------- ------ -----   ---- --  -------- -----------

   [No hits detected that satisfy reporting thresholds]


Domain annotation for each model (and alignments):

   [No targets detected that satisfy reporting thresholds]


Internal pipeline statistics summary:
-------------------------------------
Query sequence(s):                         1  (107 residues searched)
Target model(s):                       19632  (3329936 nodes)
Passed MSV filter:                       405  (0.0206296); expected 392.6 (0.02)
Passed bias filter:                      219  (0.0111553); expected 392.6 (0.02)
Passed Vit filter:                        15  (0.000764059); expected 19.6 (0.001)
Passed Fwd filter:                         0  (0); expected 0.2 (1e-05)
Initial search space (Z):              19632  [actual number of targets]
Domain search space  (domZ):               0  [number of targets reported over threshold]
# CPU time: 0.31u 0.20s 00:00:00.51 Elapsed: 00:00:00.38
# Mc/sec: 936.94
//
Query:       orf2  [L=154]
Description: source=IMGVR_UViG_3300029354_000156_3300029354_Ga0243832_102361/1-1042 coords=1..462 length=154 frame=1 desc=
Scores for complete sequence (score includes all domains):
   --- full sequence ---   --- best 1 domain ---    -#dom-
    E-value  score  bias    E-value  score  bias    exp  N  Model         Description
    ------- ------ -----    ------- ------ -----   ---- --  --------      -----------
  ------ inclusion threshold ------
      0.025   14.9   0.0      0.041   14.2   0.0    1.2  1  AAA_19         AAA domain
      0.056   12.2   0.0      0.073   11.8   0.0    1.1  1  P-loop_TraG    TraG P-loop domain
       0.11   11.9   0.0       0.14   11.6   0.0    1.2  1  FtsK_SpoIIIE   FtsK/SpoIIIE family
       0.12   12.0   0.0       0.15   11.7   0.0    1.1  1  UvrD-helicase  UvrD/REP helicase N-terminal domain
       0.12   12.3   0.1       0.21   11.5   0.1    1.4  1  AAA_29         P-loop containing region of AAA domain
       0.29   10.7   0.0       0.45   10.1   0.0    1.2  1  Pox_A32        Poxvirus A32 protein


Domain annotation for each model (and alignments):
>> AAA_19  AAA domain
   #    score  bias  c-Evalue  i-Evalue hmmfrom  hmm to    alifrom  ali to    envfrom  env to     acc
 ---   ------ ----- --------- --------- ------- -------    ------- -------    ------- -------    ----
   1 ?   14.2   0.0   1.2e-05     0.041       7      26 ..     124     143 ..     121     148 .. 0.89

  Alignments for each domain:
  == domain 1  score: 14.2 bits;  conditional E-value: 1.2e-05
  AAA_19   7 alkekvllvtaGpGtGKTrt 26 
             ++++k++lv++G G+GKTr 
    orf2 124 TARNKNVLVIGGSGSGKTRF 143
             57899*************95 PP

>> P-loop_TraG  TraG P-loop domain
   #    score  bias  c-Evalue  i-Evalue hmmfrom  hmm to    alifrom  ali to    envfrom  env to     acc
 ---   ------ ----- --------- --------- ------- -------    ------- -------    ------- -------    ----
   1 ?   11.8   0.0   2.2e-05     0.073      17      44 ..     115     142 ..     106     146 .. 0.85

  Alignments for each domain:
  == domain 1  score: 11.8 bits;  conditional E-value: 2.2e-05
  P-loop_TraG  17 lsdepmkkgiitnrnklilGpsGsGksf 44 
                  +  +p +  +  n+n l++G+sGsGk+ 
         orf2 115 MNSRPKDPKTARNKNVLVIGGSGSGKTR 142
                  56678888999***************85 PP

>> FtsK_SpoIIIE  FtsK/SpoIIIE family
   #    score  bias  c-Evalue  i-Evalue hmmfrom  hmm to    alifrom  ali to    envfrom  env to     acc
 ---   ------ ----- --------- --------- ------- -------    ------- -------    ------- -------    ----
   1 ?   11.6   0.0   4.3e-05      0.14      39      55 ..     125     143 ..      82     144 .. 0.83

  Alignments for each domain:
  == domain 1  score: 11.6 bits;  conditional E-value: 4.3e-05
                   -...SEEEE--TTSSHHHH CS
  FtsK_SpoIIIE  39 a..shllvaGatgsGKSta 55 
                   a   ++lv+G++gsGK+ +
          orf2 125 ArnKNVLVIGGSGSGKTRF 143
                   2567************976 PP

>> UvrD-helicase  UvrD/REP helicase N-terminal domain
   #    score  bias  c-Evalue  i-Evalue hmmfrom  hmm to    alifrom  ali to    envfrom  env to     acc
 ---   ------ ----- --------- --------- ------- -------    ------- -------    ------- -------    ----
   1 ?   11.7   0.0   4.7e-05      0.15       2      28 ..     116     142 ..     115     146 .. 0.86

  Alignments for each domain:
  == domain 1  score: 11.7 bits;  conditional E-value: 4.7e-05
                    SHHHHHHHHS-SSEEEEEE-TTSSHHH CS
  UvrD-helicase   2 npeqreaiaslggpilveAsAGsGKTf 28 
                    n   +++ +  ++++lv+ + GsGKT+
           orf2 116 NSRPKDPKTARNKNVLVIGGSGSGKTR 142
                    666778888899**************8 PP

>> AAA_29  P-loop containing region of AAA domain
   #    score  bias  c-Evalue  i-Evalue hmmfrom  hmm to    alifrom  ali to    envfrom  env to     acc
 ---   ------ ----- --------- --------- ------- -------    ------- -------    ------- -------    ----
   1 ?   11.5   0.1   6.5e-05      0.21      20      36 ..     125     141 ..     114     143 .. 0.81

  Alignments for each domain:
  == domain 1  score: 11.5 bits;  conditional E-value: 6.5e-05
  AAA_29  20 dlkgatlltGpsGsGKS 36 
             +++ ++l++G sGsGK+
    orf2 125 ARNKNVLVIGGSGSGKT 141
             44558***********7 PP

>> Pox_A32  Poxvirus A32 protein
   #    score  bias  c-Evalue  i-Evalue hmmfrom  hmm to    alifrom  ali to    envfrom  env to     acc
 ---   ------ ----- --------- --------- ------- -------    ------- -------    ------- -------    ----
   1 ?   10.1   0.0   0.00014      0.45      14      31 ..     128     145 ..     120     147 .. 0.83

  Alignments for each domain:
  == domain 1  score: 10.1 bits;  conditional E-value: 0.00014
  Pox_A32  14 FrlalvGgsGsGktvyLl 31 
               ++ ++GgsGsGkt + l
     orf2 128 KNVLVIGGSGSGKTRFWL 145
              57889*********9965 PP



Internal pipeline statistics summary:
-------------------------------------
Query sequence(s):                         1  (154 residues searched)
Target model(s):                       19632  (3329936 nodes)
Passed MSV filter:                       486  (0.0247555); expected 392.6 (0.02)
Passed bias filter:                      464  (0.0236349); expected 392.6 (0.02)
Passed Vit filter:                        75  (0.00382029); expected 19.6 (0.001)
Passed Fwd filter:                         6  (0.000305623); expected 0.2 (1e-05)
Initial search space (Z):              19632  [actual number of targets]
Domain search space  (domZ):               6  [number of targets reported over threshold]
# CPU time: 0.33u 0.21s 00:00:00.54 Elapsed: 00:00:00.37
# Mc/sec: 1372.85
//
Query:       orf3  [L=104]
Description: source=IMGVR_UViG_3300029354_000156_3300029354_Ga0243832_102361/1-1042 coords=672..983 length=104 frame=3 desc=
Scores for complete sequence (score includes all domains):
   --- full sequence ---   --- best 1 domain ---    -#dom-
    E-value  score  bias    E-value  score  bias    exp  N  Model    Description
    ------- ------ -----    ------- ------ -----   ---- --  -------- -----------

   [No hits detected that satisfy reporting thresholds]


Domain annotation for each model (and alignments):

   [No targets detected that satisfy reporting thresholds]


Internal pipeline statistics summary:
-------------------------------------
Query sequence(s):                         1  (104 residues searched)
Target model(s):                       19632  (3329936 nodes)
Passed MSV filter:                       401  (0.0204258); expected 392.6 (0.02)
Passed bias filter:                      348  (0.0177262); expected 392.6 (0.02)
Passed Vit filter:                        24  (0.00122249); expected 19.6 (0.001)
Passed Fwd filter:                         0  (0); expected 0.2 (1e-05)
Initial search space (Z):              19632  [actual number of targets]
Domain search space  (domZ):               0  [number of targets reported over threshold]
# CPU time: 0.32u 0.17s 00:00:00.49 Elapsed: 00:00:00.34
# Mc/sec: 1012.23
//
Query:       orf4  [L=156]
Description: source=IMGVR_UViG_3300029354_000156_3300029354_Ga0243832_102361/1-1042 coords=468..1 length=156 frame=5 desc=
Scores for complete sequence (score includes all domains):
   --- full sequence ---   --- best 1 domain ---    -#dom-
    E-value  score  bias    E-value  score  bias    exp  N  Model    Description
    ------- ------ -----    ------- ------ -----   ---- --  -------- -----------

   [No hits detected that satisfy reporting thresholds]


Domain annotation for each model (and alignments):

   [No targets detected that satisfy reporting thresholds]


Internal pipeline statistics summary:
-------------------------------------
Query sequence(s):                         1  (156 residues searched)
Target model(s):                       19632  (3329936 nodes)
Passed MSV filter:                       538  (0.0274042); expected 392.6 (0.02)
Passed bias filter:                      436  (0.0222086); expected 392.6 (0.02)
Passed Vit filter:                        22  (0.00112062); expected 19.6 (0.001)
Passed Fwd filter:                         0  (0); expected 0.2 (1e-05)
Initial search space (Z):              19632  [actual number of targets]
Domain search space  (domZ):               0  [number of targets reported over threshold]
# CPU time: 0.32u 0.18s 00:00:00.50 Elapsed: 00:00:00.35
# Mc/sec: 1449.71
//
[ok]
