# hmmscan :: search sequence(s) against a profile database
# HMMER 3.3.2 (Nov 2020); http://hmmer.org/
# Copyright (C) 2020 Howard Hughes Medical Institute.
# Freely distributed under the BSD open source license.
# - - - - - - - - - - - - - - - - - - - - - - - - - - - - - - - - - - - -
# query sequence file:             -
# target HMM database:             /n/eddy_lab/data/pfam-35.0/Pfam-A.hmm
# output directed to file:         ./c1_windows_new/hmmscan/out/IMGVR_UViG_3300023070_000035_3300023070_Ga0247755_1000011_hmmscan_output.out
# per-seq hits tabular output:     ./c1_windows_new/hmmscan/tblout/IMGVR_UViG_3300023070_000035_3300023070_Ga0247755_1000011_hmmscan_output.tblout
# - - - - - - - - - - - - - - - - - - - - - - - - - - - - - - - - - - - -

Query:       orf1  [L=122]
Description: source=IMGVR_UViG_3300023070_000035_3300023070_Ga0247755_1000011/61448-59850 coords=83..448 length=122 frame=2 desc=
Scores for complete sequence (score includes all domains):
   --- full sequence ---   --- best 1 domain ---    -#dom-
    E-value  score  bias    E-value  score  bias    exp  N  Model    Description
    ------- ------ -----    ------- ------ -----   ---- --  -------- -----------

   [No hits detected that satisfy reporting thresholds]


Domain annotation for each model (and alignments):

   [No targets detected that satisfy reporting thresholds]


Internal pipeline statistics summary:
-------------------------------------
Query sequence(s):                         1  (122 residues searched)
Target model(s):                       19632  (3329936 nodes)
Passed MSV filter:                       918  (0.0467604); expected 392.6 (0.02)
Passed bias filter:                      301  (0.0153321); expected 392.6 (0.02)
Passed Vit filter:                        21  (0.00106968); expected 19.6 (0.001)
Passed Fwd filter:                         0  (0); expected 0.2 (1e-05)
Initial search space (Z):              19632  [actual number of targets]
Domain search space  (domZ):               0  [number of targets reported over threshold]
# CPU time: 0.30u 0.18s 00:00:00.48 Elapsed: 00:00:00.33
# Mc/sec: 1197.58
//
Query:       orf2  [L=127]
Description: source=IMGVR_UViG_3300023070_000035_3300023070_Ga0247755_1000011/61448-59850 coords=674..1054 length=127 frame=2 desc=
Scores for complete sequence (score includes all domains):
   --- full sequence ---   --- best 1 domain ---    -#dom-
    E-value  score  bias    E-value  score  bias    exp  N  Model    Description
    ------- ------ -----    ------- ------ -----   ---- --  -------- -----------
    3.5e-09   36.9   0.2    6.4e-09   36.1   0.2    1.4  1  GIY-YIG   GIY-YIG catalytic domain


Domain annotation for each model (and alignments):
>> GIY-YIG  GIY-YIG catalytic domain
   #    score  bias  c-Evalue  i-Evalue hmmfrom  hmm to    alifrom  ali to    envfrom  env to     acc
 ---   ------ ----- --------- --------- ------- -------    ------- -------    ------- -------    ----
   1 !   36.1   0.2   3.3e-13   6.4e-09      14      78 .]       8      81 ..       2      81 .. 0.94

  Alignments for each domain:
  == domain 1  score: 36.1 bits;  conditional E-value: 3.3e-13
             -EEEEEESSHHHHHHHHHHHHHHT--S-H............S.STEEEEEEEE----HHHHHHHHHHHHHHTTSSSS CS
  GIY-YIG 14 liYvGstknlekRlkqHnsgkkakatrkk............gkkpfeliileifptksealelEkklikklksnkyn 78
               Y+Gs+ +l +Rl q++s+k    t  k            g+ +f l ile+++ ++ + e+E+++i+ +k+  yn
     orf2  8 S-YIGSSVDLSNRLAQYYSKKYLEKTLLKgnsiicasllkyGYSNFSLQILEYCTPDKVI-EREQYYIDLYKP-SYN 81
             3.*******************9999999999************************99999.************.887 PP



Internal pipeline statistics summary:
-------------------------------------
Query sequence(s):                         1  (127 residues searched)
Target model(s):                       19632  (3329936 nodes)
Passed MSV filter:                       466  (0.0237368); expected 392.6 (0.02)
Passed bias filter:                      362  (0.0184393); expected 392.6 (0.02)
Passed Vit filter:                        23  (0.00117156); expected 19.6 (0.001)
Passed Fwd filter:                         1  (5.09372e-05); expected 0.2 (1e-05)
Initial search space (Z):              19632  [actual number of targets]
Domain search space  (domZ):               1  [number of targets reported over threshold]
# CPU time: 0.30u 0.15s 00:00:00.44 Elapsed: 00:00:00.30
# Mc/sec: 1405.66
//
Query:       orf3  [L=180]
Description: source=IMGVR_UViG_3300023070_000035_3300023070_Ga0247755_1000011/61448-59850 coords=1058..1597 length=180 frame=2 desc=
Scores for complete sequence (score includes all domains):
   --- full sequence ---   --- best 1 domain ---    -#dom-
    E-value  score  bias    E-value  score  bias    exp  N  Model    Description
    ------- ------ -----    ------- ------ -----   ---- --  -------- -----------
    3.4e-09   36.8   0.1    3.4e-09   36.8   0.1    2.4  3  NUMOD1    NUMOD1 domain
    0.00052   20.1   0.3     0.0032   17.6   0.0    2.2  2  HTH_3     Helix-turn-helix
  ------ inclusion threshold ------
       0.11   12.4   0.1       0.23   11.4   0.1    1.4  1  TetR_N    Bacterial regulatory proteins, tetR family


Domain annotation for each model (and alignments):
>> NUMOD1  NUMOD1 domain
   #    score  bias  c-Evalue  i-Evalue hmmfrom  hmm to    alifrom  ali to    envfrom  env to     acc
 ---   ------ ----- --------- --------- ------- -------    ------- -------    ------- -------    ----
   1 ?   -2.3   0.1         1   6.7e+03      17      31 ..      23      37 ..      23      38 .. 0.79
   2 !   36.8   0.1   5.3e-13   3.4e-09       2      36 ..      64      98 ..      63      98 .. 0.96
   3 ?   -1.9   0.2      0.75   4.9e+03       8      29 ..     126     132 ..     120     134 .. 0.48

  Alignments for each domain:
  == domain 1  score: -2.3 bits;  conditional E-value: 1
  NUMOD1 17 sSireAakyLgishn 31
            +S++++++ L  ++n
    orf3 23 ESLKKLSENLELKKN 37
            689999998888877 PP

  == domain 2  score: 36.8 bits;  conditional E-value: 5.3e-13
  NUMOD1  2 pVyvYDlntktigkFsSireAakyLgishntInky 36
             ++ YDl+t t+++++Si+e+ak++gis ++I++y
    orf3 64 QIELYDLETQTKTIYPSISETAKAIGISPRSITRY 98
            5899*****************************98 PP

  == domain 3  score: -1.9 bits;  conditional E-value: 0.75
  NUMOD1   8 lntktigkFsSireAakyLgis 29 
             +++++               i+
    orf3 126 IKKLK---------------IK 132
             44444...............44 PP

>> HTH_3  Helix-turn-helix
   #    score  bias  c-Evalue  i-Evalue hmmfrom  hmm to    alifrom  ali to    envfrom  env to     acc
 ---   ------ ----- --------- --------- ------- -------    ------- -------    ------- -------    ----
   1 ?   -0.6   0.1      0.23   1.5e+03      35      48 ..      19      32 ..      16      35 .. 0.77
   2 !   17.6   0.0   4.9e-07    0.0032      11      34 ..      80     103 ..      80     106 .. 0.86

  Alignments for each domain:
  == domain 1  score: -0.6 bits;  conditional E-value: 0.23
           GSBHHHHHHHHHHH CS
  HTH_3 35 nPsletlkklakaL 48
           + ++e lkkl++ L
   orf3 19 AKRIESLKKLSENL 32
           56789999999877 PP

  == domain 2  score: 17.6 bits;  conditional E-value: 4.9e-07
            HHHHHHHHHTSSHHHHHHHHTTSS CS
  HTH_3  11 sqeeLAeklGvsrstisriEnGer 34 
            s+ e A+++G+s+++i+r+++G++
   orf3  80 SISETAKAIGISPRSITRYFSGDT 103
            56899*****************55 PP

>> TetR_N  Bacterial regulatory proteins, tetR family
   #    score  bias  c-Evalue  i-Evalue hmmfrom  hmm to    alifrom  ali to    envfrom  env to     acc
 ---   ------ ----- --------- --------- ------- -------    ------- -------    ------- -------    ----
   1 ?   11.4   0.1   3.5e-05      0.23      18      38 ..      80     100 ..      80     101 .. 0.89

  Alignments for each domain:
  == domain 1  score: 11.4 bits;  conditional E-value: 3.5e-05
             .HHHHHHHHTSSHHHHHHHHS CS
  TetR_N  18 tvreIAkrAGvskgalYryFp 38 
             +++e Ak++G+s++++ ryF+
    orf3  80 SISETAKAIGISPRSITRYFS 100
             56788***************8 PP



Internal pipeline statistics summary:
-------------------------------------
Query sequence(s):                         1  (180 residues searched)
Target model(s):                       19632  (3329936 nodes)
Passed MSV filter:                       724  (0.0368786); expected 392.6 (0.02)
Passed bias filter:                      408  (0.0207824); expected 392.6 (0.02)
Passed Vit filter:                        49  (0.00249593); expected 19.6 (0.001)
Passed Fwd filter:                         3  (0.000152812); expected 0.2 (1e-05)
Initial search space (Z):              19632  [actual number of targets]
Domain search space  (domZ):               3  [number of targets reported over threshold]
# CPU time: 0.29u 0.16s 00:00:00.44 Elapsed: 00:00:00.29
# Mc/sec: 2050.34
//
[ok]
 model(s):                       19632  (3329936 nodes)
Passed MSV filter:                       415  (0.021139); expected 392.6 (0.02)
Passed bias filter:                      192  (0.00977995); expected 392.6 (0.02)
Passed Vit filter:                        13  (0.000662184); expected 19.6 (0.001)
Passed Fwd filter:                         1  (5.09372e-05); expected 0.2 (1e-05)
Initial search space (Z):              19632  [actual number of targets]
Domain search space  (domZ):               1  [number of targets reported over threshold]
# CPU time: 0.30u 0.14s 00:00:00.44 Elapsed: 00:00:00.29
# Mc/sec: 1572.14
//
[ok]
