# hmmscan :: search sequence(s) against a profile database
# HMMER 3.3.2 (Nov 2020); http://hmmer.org/
# Copyright (C) 2020 Howard Hughes Medical Institute.
# Freely distributed under the BSD open source license.
# - - - - - - - - - - - - - - - - - - - - - - - - - - - - - - - - - - - -
# query sequence file:             -
# target HMM database:             /n/eddy_lab/data/pfam-35.0/Pfam-A.hmm
# output directed to file:         ./c1_windows_new/hmmscan/out/IMGVR_UViG_3300029740_000171_3300029740_Ga0245236_100981_hmmscan_output.out
# per-seq hits tabular output:     ./c1_windows_new/hmmscan/tblout/IMGVR_UViG_3300029740_000171_3300029740_Ga0245236_100981_hmmscan_output.tblout
# - - - - - - - - - - - - - - - - - - - - - - - - - - - - - - - - - - - -

Query:       orf1  [L=91]
Description: source=IMGVR_UViG_3300029740_000171_3300029740_Ga0245236_100981/1-825 coords=1..273 length=91 frame=1 desc=
Scores for complete sequence (score includes all domains):
   --- full sequence ---   --- best 1 domain ---    -#dom-
    E-value  score  bias    E-value  score  bias    exp  N  Model    Description
    ------- ------ -----    ------- ------ -----   ---- --  -------- -----------
  ------ inclusion threshold ------
       0.13   12.3   0.2        1.7    8.6   0.2    2.2  2  YhdX      Uncharacterized YhdX-like


Domain annotation for each model (and alignments):
>> YhdX  Uncharacterized YhdX-like
   #    score  bias  c-Evalue  i-Evalue hmmfrom  hmm to    alifrom  ali to    envfrom  env to     acc
 ---   ------ ----- --------- --------- ------- -------    ------- -------    ------- -------    ----
   1 ?    8.6   0.2   8.9e-05       1.7      13      24 ..      17      28 ..       9      29 .. 0.88
   2 ?    1.2   0.0     0.018   3.6e+02       8      19 ..      68      79 ..      65      80 .. 0.76

  Alignments for each domain:
  == domain 1  score: 8.6 bits;  conditional E-value: 8.9e-05
  YhdX 13 KvETDAEMfKAT 24
           +E  AEM KAT
  orf1 17 QAEIEAEMNKAT 28
          58999******9 PP

  == domain 2  score: 1.2 bits;  conditional E-value: 0.018
  YhdX  8 VEERIKvETDAE 19
          V + + + TDAE
  orf1 68 VHDDLHIGTDAE 79
          55667799***9 PP



Internal pipeline statistics summary:
-------------------------------------
Query sequence(s):                         1  (91 residues searched)
Target model(s):                       19632  (3329936 nodes)
Passed MSV filter:                       547  (0.0278627); expected 392.6 (0.02)
Passed bias filter:                      456  (0.0232274); expected 392.6 (0.02)
Passed Vit filter:                        30  (0.00152812); expected 19.6 (0.001)
Passed Fwd filter:                         1  (5.09372e-05); expected 0.2 (1e-05)
Initial search space (Z):              19632  [actual number of targets]
Domain search space  (domZ):               1  [number of targets reported over threshold]
# CPU time: 0.31u 0.19s 00:00:00.50 Elapsed: 00:00:00.36
# Mc/sec: 827.05
//
Query:       orf2  [L=101]
Description: source=IMGVR_UViG_3300029740_000171_3300029740_Ga0245236_100981/1-825 coords=303..1 length=101 frame=4 desc=
Scores for complete sequence (score includes all domains):
   --- full sequence ---   --- best 1 domain ---    -#dom-
    E-value  score  bias    E-value  score  bias    exp  N  Model    Description
    ------- ------ -----    ------- ------ -----   ---- --  -------- -----------

   [No hits detected that satisfy reporting thresholds]


Domain annotation for each model (and alignments):

   [No targets detected that satisfy reporting thresholds]


Internal pipeline statistics summary:
-------------------------------------
Query sequence(s):                         1  (101 residues searched)
Target model(s):                       19632  (3329936 nodes)
Passed MSV filter:                       572  (0.0291361); expected 392.6 (0.02)
Passed bias filter:                      285  (0.0145171); expected 392.6 (0.02)
Passed Vit filter:                        10  (0.000509372); expected 19.6 (0.001)
Passed Fwd filter:                         0  (0); expected 0.2 (1e-05)
Initial search space (Z):              19632  [actual number of targets]
Domain search space  (domZ):               0  [number of targets reported over threshold]
# CPU time: 0.29u 0.20s 00:00:00.49 Elapsed: 00:00:00.36
# Mc/sec: 928.89
//
[ok]
