# hmmscan :: search sequence(s) against a profile database
# HMMER 3.3.2 (Nov 2020); http://hmmer.org/
# Copyright (C) 2020 Howard Hughes Medical Institute.
# Freely distributed under the BSD open source license.
# - - - - - - - - - - - - - - - - - - - - - - - - - - - - - - - - - - - -
# query sequence file:             -
# target HMM database:             /n/eddy_lab/data/pfam-35.0/Pfam-A.hmm
# output directed to file:         ./c1_windows_new/hmmscan/out/IMGVR_UViG_3300012087_000008_3300012087_Ga0153959_1000144_hmmscan_output.out
# per-seq hits tabular output:     ./c1_windows_new/hmmscan/tblout/IMGVR_UViG_3300012087_000008_3300012087_Ga0153959_1000144_hmmscan_output.tblout
# - - - - - - - - - - - - - - - - - - - - - - - - - - - - - - - - - - - -

Query:       orf1  [L=97]
Description: source=IMGVR_UViG_3300012087_000008_3300012087_Ga0153959_1000144/47103-45389 coords=1..291 length=97 frame=1 desc=
Scores for complete sequence (score includes all domains):
   --- full sequence ---   --- best 1 domain ---    -#dom-
    E-value  score  bias    E-value  score  bias    exp  N  Model      Description
    ------- ------ -----    ------- ------ -----   ---- --  --------   -----------
  ------ inclusion threshold ------
        0.1   12.7   0.1       0.15   12.2   0.1    1.2  1  Adipogenin  Adipogenin


Domain annotation for each model (and alignments):
>> Adipogenin  Adipogenin
   #    score  bias  c-Evalue  i-Evalue hmmfrom  hmm to    alifrom  ali to    envfrom  env to     acc
 ---   ------ ----- --------- --------- ------- -------    ------- -------    ------- -------    ----
   1 ?   12.2   0.1   7.7e-06      0.15      11      47 ..      53      89 ..      48      93 .. 0.86

  Alignments for each domain:
  == domain 1  score: 12.2 bits;  conditional E-value: 7.7e-06
  Adipogenin 11 dltlsflvfwlclpvalllfllivwlrfllsqdseen 47
                d+ + ++ f lc+ + l+l+ll  ++++ +s++ + n
        orf1 53 DIYVYIIDFILCINIMLFLYLLYRYYKYNISKNIKGN 89
                66677788***********************998876 PP



Internal pipeline statistics summary:
-------------------------------------
Query sequence(s):                         1  (97 residues searched)
Target model(s):                       19632  (3329936 nodes)
Passed MSV filter:                      1237  (0.0630094); expected 392.6 (0.02)
Passed bias filter:                      455  (0.0231764); expected 392.6 (0.02)
Passed Vit filter:                        45  (0.00229218); expected 19.6 (0.001)
Passed Fwd filter:                         1  (5.09372e-05); expected 0.2 (1e-05)
Initial search space (Z):              19632  [actual number of targets]
Domain search space  (domZ):               1  [number of targets reported over threshold]
# CPU time: 0.31u 0.18s 00:00:00.49 Elapsed: 00:00:00.33
# Mc/sec: 964.83
//
[ok]
