# hmmscan :: search sequence(s) against a profile database
# HMMER 3.3.2 (Nov 2020); http://hmmer.org/
# Copyright (C) 2020 Howard Hughes Medical Institute.
# Freely distributed under the BSD open source license.
# - - - - - - - - - - - - - - - - - - - - - - - - - - - - - - - - - - - -
# query sequence file:             -
# target HMM database:             /n/eddy_lab/data/pfam-35.0/Pfam-A.hmm
# output directed to file:         ./c1_windows_new/hmmscan/out/IMGVR_UViG_3300029215_000143_3300029215_Ga0167476_103829_hmmscan_output.out
# per-seq hits tabular output:     ./c1_windows_new/hmmscan/tblout/IMGVR_UViG_3300029215_000143_3300029215_Ga0167476_103829_hmmscan_output.tblout
# - - - - - - - - - - - - - - - - - - - - - - - - - - - - - - - - - - - -

Query:       orf1  [L=144]
Description: source=IMGVR_UViG_3300029215_000143_3300029215_Ga0167476_103829/1-1239 coords=256..687 length=144 frame=1 desc=
Scores for complete sequence (score includes all domains):
   --- full sequence ---   --- best 1 domain ---    -#dom-
    E-value  score  bias    E-value  score  bias    exp  N  Model    Description
    ------- ------ -----    ------- ------ -----   ---- --  -------- -----------
  ------ inclusion threshold ------
        2.1    8.8   4.4        1.1    9.6   0.8    2.0  2  Osmo_CC   Osmosensory transporter coiled coil


Domain annotation for each model (and alignments):
>> Osmo_CC  Osmosensory transporter coiled coil
   #    score  bias  c-Evalue  i-Evalue hmmfrom  hmm to    alifrom  ali to    envfrom  env to     acc
 ---   ------ ----- --------- --------- ------- -------    ------- -------    ------- -------    ----
   1 ?   -0.1   0.1     0.063   1.2e+03      28      36 ..      13      21 ..      10      23 .. 0.84
   2 ?    9.6   0.8   5.7e-05       1.1      12      35 ..      47      70 ..      34      76 .. 0.90

  Alignments for each domain:
  == domain 1  score: -0.1 bits;  conditional E-value: 0.063
             HHHHHHHHH CS
  Osmo_CC 28 IaaLeekRq 36
             I++L ekR 
     orf1 13 IQELREKRS 21
             99*****97 PP

  == domain 2  score: 9.6 bits;  conditional E-value: 5.7e-05
             XXXTHHHHHHHHHHHHHHHHHHHH CS
  Osmo_CC 12 eaYdnIEqkiediDeeIaaLeekR 35
              +Yd  Eq+i    +eI++Le + 
     orf1 47 KTYDAMEQQIVAYGKEIQRLERQA 70
             58******************9865 PP



Internal pipeline statistics summary:
-------------------------------------
Query sequence(s):                         1  (144 residues searched)
Target model(s):                       19632  (3329936 nodes)
Passed MSV filter:                       884  (0.0450285); expected 392.6 (0.02)
Passed bias filter:                      502  (0.0255705); expected 392.6 (0.02)
Passed Vit filter:                        32  (0.00162999); expected 19.6 (0.001)
Passed Fwd filter:                         1  (5.09372e-05); expected 0.2 (1e-05)
Initial search space (Z):              19632  [actual number of targets]
Domain search space  (domZ):               1  [number of targets reported over threshold]
# CPU time: 0.31u 0.19s 00:00:00.50 Elapsed: 00:00:00.35
# Mc/sec: 1355.34
//
Query:       orf2  [L=164]
Description: source=IMGVR_UViG_3300029215_000143_3300029215_Ga0167476_103829/1-1239 coords=717..226 length=164 frame=4 desc=
Scores for complete sequence (score includes all domains):
   --- full sequence ---   --- best 1 domain ---    -#dom-
    E-value  score  bias    E-value  score  bias    exp  N  Model    Description
    ------- ------ -----    ------- ------ -----   ---- --  -------- -----------

   [No hits detected that satisfy reporting thresholds]


Domain annotation for each model (and alignments):

   [No targets detected that satisfy reporting thresholds]


Internal pipeline statistics summary:
-------------------------------------
Query sequence(s):                         1  (164 residues searched)
Target model(s):                       19632  (3329936 nodes)
Passed MSV filter:                       556  (0.0283211); expected 392.6 (0.02)
Passed bias filter:                      359  (0.0182865); expected 392.6 (0.02)
Passed Vit filter:                        25  (0.00127343); expected 19.6 (0.001)
Passed Fwd filter:                         0  (0); expected 0.2 (1e-05)
Initial search space (Z):              19632  [actual number of targets]
Domain search space  (domZ):               0  [number of targets reported over threshold]
# CPU time: 0.31u 0.17s 00:00:00.48 Elapsed: 00:00:00.33
# Mc/sec: 1652.88
//
[ok]
