# hmmscan :: search sequence(s) against a profile database
# HMMER 3.3.2 (Nov 2020); http://hmmer.org/
# Copyright (C) 2020 Howard Hughes Medical Institute.
# Freely distributed under the BSD open source license.
# - - - - - - - - - - - - - - - - - - - - - - - - - - - - - - - - - - - -
# query sequence file:             -
# target HMM database:             /n/eddy_lab/data/pfam-35.0/Pfam-A.hmm
# output directed to file:         ./c1_windows_new/hmmscan/out/IMGVR_UViG_3300018495_004115_3300018495_Ga0187908_10076836_hmmscan_output.out
# per-seq hits tabular output:     ./c1_windows_new/hmmscan/tblout/IMGVR_UViG_3300018495_004115_3300018495_Ga0187908_10076836_hmmscan_output.tblout
# - - - - - - - - - - - - - - - - - - - - - - - - - - - - - - - - - - - -

Query:       orf1  [L=90]
Description: source=IMGVR_UViG_3300018495_004115_3300018495_Ga0187908_10076836/1-857 coords=412..143 length=90 frame=5 desc=
Scores for complete sequence (score includes all domains):
   --- full sequence ---   --- best 1 domain ---    -#dom-
    E-value  score  bias    E-value  score  bias    exp  N  Model    Description
    ------- ------ -----    ------- ------ -----   ---- --  -------- -----------
  ------ inclusion threshold ------
      0.048   13.3   0.0      0.076   12.7   0.0    1.3  1  NapE      Periplasmic nitrate reductase protein NapE


Domain annotation for each model (and alignments):
>> NapE  Periplasmic nitrate reductase protein NapE
   #    score  bias  c-Evalue  i-Evalue hmmfrom  hmm to    alifrom  ali to    envfrom  env to     acc
 ---   ------ ----- --------- --------- ------- -------    ------- -------    ------- -------    ----
   1 ?   12.7   0.0   3.9e-06     0.076      34      50 ..      10      26 ..       6      28 .. 0.88

  Alignments for each domain:
  == domain 1  score: 12.7 bits;  conditional E-value: 3.9e-06
  NapE 34 lVggYGflvWmlQlifG 50
          l +  Gf +W++Qli+G
  orf1 10 LLSPLGFPIWLSQLIMG 26
          66889***********9 PP



Internal pipeline statistics summary:
-------------------------------------
Query sequence(s):                         1  (90 residues searched)
Target model(s):                       19632  (3329936 nodes)
Passed MSV filter:                       273  (0.0139059); expected 392.6 (0.02)
Passed bias filter:                      232  (0.0118174); expected 392.6 (0.02)
Passed Vit filter:                        12  (0.000611247); expected 19.6 (0.001)
Passed Fwd filter:                         1  (5.09372e-05); expected 0.2 (1e-05)
Initial search space (Z):              19632  [actual number of targets]
Domain search space  (domZ):               1  [number of targets reported over threshold]
# CPU time: 0.29u 0.19s 00:00:00.48 Elapsed: 00:00:00.33
# Mc/sec: 884.12
//
[ok]
