# hmmscan :: search sequence(s) against a profile database
# HMMER 3.3.2 (Nov 2020); http://hmmer.org/
# Copyright (C) 2020 Howard Hughes Medical Institute.
# Freely distributed under the BSD open source license.
# - - - - - - - - - - - - - - - - - - - - - - - - - - - - - - - - - - - -
# query sequence file:             -
# target HMM database:             /n/eddy_lab/data/pfam-35.0/Pfam-A.hmm
# output directed to file:         ./c1_windows_new/hmmscan/out/IMGVR_UViG_2718218474_000002_2718218474_2718229301_534599-634988_hmmscan_output.out
# per-seq hits tabular output:     ./c1_windows_new/hmmscan/tblout/IMGVR_UViG_2718218474_000002_2718218474_2718229301_534599-634988_hmmscan_output.tblout
# - - - - - - - - - - - - - - - - - - - - - - - - - - - - - - - - - - - -

Query:       orf1  [L=260]
Description: source=IMGVR_UViG_2718218474_000002_2718218474_2718229301_534599-634988/46371-48339 coords=310..1089 length=260 frame=1 desc=
Scores for complete sequence (score includes all domains):
   --- full sequence ---   --- best 1 domain ---    -#dom-
    E-value  score  bias    E-value  score  bias    exp  N  Model       Description
    ------- ------ -----    ------- ------ -----   ---- --  --------    -----------
      2e-53  181.9   0.0    3.3e-34  118.7   0.0    2.5  2  Phage_cap_E  Phage major capsid protein E


Domain annotation for each model (and alignments):
>> Phage_cap_E  Phage major capsid protein E
   #    score  bias  c-Evalue  i-Evalue hmmfrom  hmm to    alifrom  ali to    envfrom  env to     acc
 ---   ------ ----- --------- --------- ------- -------    ------- -------    ------- -------    ----
   1 !   60.0   0.0   1.2e-20   2.3e-16      66     125 ..       2      62 ..       1      69 [. 0.97
   2 !  118.7   0.0   1.7e-38   3.3e-34     157     329 ..      93     257 ..      87     258 .. 0.91

  Alignments for each domain:
  == domain 1  score: 60.0 bits;  conditional E-value: 1.2e-20
  Phage_cap_E  66 trsfeppyikekdeitadelqnvrafge.seaervqevvarkladlrdkidrtlEwmraqa 125
                  +r+f++p+i+++d+++++e+q++rafg+ se++++++v++++l+ +r+k+++tlE++r++a
         orf1   2 IRTFTIPHIPHDDVVLPEEVQGIRAFGSeSELKALADVITDHLQLMRNKHAITLEHLRMGA 62 
                  799*************************99******************************9 PP

  == domain 2  score: 118.7 bits;  conditional E-value: 1.7e-38
  Phage_cap_E 157 lgtakWdadvradpledlrawedllakgsggtgtralcgkkffdaLlkhpkvkeaydntqaglvgqleaaendvregftfgGvtfeeydgtytd...t 251
                   gta+  +dv+ ++le+lr++ed+l +g+++tg++al++++f                                   ftf G+tfeey+g++td   t
         orf1  93 XGTAT--TDVKRKCLEVLRHVEDNL-SGEYMTGIHALVSPEFXXXXXXXXXXXXXXXXXXX-XXXXX----XXXXXXFTFCGITFEEYRGQATDpegT 182
                  58999..9*****************.*******************8887777766666664.22222....34668********************** PP

  Phage_cap_E 252 skpfipdgevllfptgvadgfrtygapaeymedvnagtvgqplyakkweeeddpkgikleaqsnpLpvctrpdalvka 329
                  +++fi+  ++  fp+g+a +    +apa+++e+vn  t+gqplya k+e++++++g+ l++qsn Lp+c+rp +lvk+
         orf1 183 VRRFIERESGNCFPLGTASTXXXXFAPADFNETVN--TLGQPLYA-KQEPRRFDRGTNLHTQSNSLPMCHRPGVLVKV 257
                  ***********************************..********.******************************97 PP



Internal pipeline statistics summary:
-------------------------------------
Query sequence(s):                         1  (260 residues searched)
Target model(s):                       19632  (3329936 nodes)
Passed MSV filter:                       229  (0.0116646); expected 392.6 (0.02)
Passed bias filter:                      222  (0.0113081); expected 392.6 (0.02)
Passed Vit filter:                        14  (0.000713121); expected 19.6 (0.001)
Passed Fwd filter:                         1  (5.09372e-05); expected 0.2 (1e-05)
Initial search space (Z):              19632  [actual number of targets]
Domain search space  (domZ):               1  [number of targets reported over threshold]
# CPU time: 0.35u 0.18s 00:00:00.53 Elapsed: 00:00:00.36
# Mc/sec: 2398.16
//
Query:       orf2  [L=104]
Description: source=IMGVR_UViG_2718218474_000002_2718218474_2718229301_534599-634988/46371-48339 coords=1181..1492 length=104 frame=2 desc=
Scores for complete sequence (score includes all domains):
   --- full sequence ---   --- best 1 domain ---    -#dom-
    E-value  score  bias    E-value  score  bias    exp  N  Model    Description
    ------- ------ -----    ------- ------ -----   ---- --  -------- -----------

   [No hits detected that satisfy reporting thresholds]


Domain annotation for each model (and alignments):

   [No targets detected that satisfy reporting thresholds]


Internal pipeline statistics summary:
-------------------------------------
Query sequence(s):                         1  (104 residues searched)
Target model(s):                       19632  (3329936 nodes)
Passed MSV filter:                       642  (0.0327017); expected 392.6 (0.02)
Passed bias filter:                      617  (0.0314283); expected 392.6 (0.02)
Passed Vit filter:                        32  (0.00162999); expected 19.6 (0.001)
Passed Fwd filter:                         0  (0); expected 0.2 (1e-05)
Initial search space (Z):              19632  [actual number of targets]
Domain search space  (domZ):               0  [number of targets reported over threshold]
# CPU time: 0.32u 0.16s 00:00:00.48 Elapsed: 00:00:00.32
# Mc/sec: 1078.67
//
Query:       orf3  [L=106]
Description: source=IMGVR_UViG_2718218474_000002_2718218474_2718229301_534599-634988/46371-48339 coords=1476..1159 length=106 frame=5 desc=
Scores for complete sequence (score includes all domains):
   --- full sequence ---   --- best 1 domain ---    -#dom-
    E-value  score  bias    E-value  score  bias    exp  N  Model    Description
    ------- ------ -----    ------- ------ -----   ---- --  -------- -----------

   [No hits detected that satisfy reporting thresholds]


Domain annotation for each model (and alignments):

   [No targets detected that satisfy reporting thresholds]


Internal pipeline statistics summary:
-------------------------------------
Query sequence(s):                         1  (106 residues searched)
Target model(s):                       19632  (3329936 nodes)
Passed MSV filter:                       446  (0.022718); expected 392.6 (0.02)
Passed bias filter:                      209  (0.0106459); expected 392.6 (0.02)
Passed Vit filter:                        18  (0.00091687); expected 19.6 (0.001)
Passed Fwd filter:                         0  (0); expected 0.2 (1e-05)
Initial search space (Z):              19632  [actual number of targets]
Domain search space  (domZ):               0  [number of targets reported over threshold]
# CPU time: 0.28u 0.17s 00:00:00.45 Elapsed: 00:00:00.30
# Mc/sec: 1139.32
//
Query:       orf4  [L=99]
Description: source=IMGVR_UViG_2718218474_000002_2718218474_2718229301_534599-634988/46371-48339 coords=977..681 length=99 frame=6 desc=
Scores for complete sequence (score includes all domains):
   --- full sequence ---   --- best 1 domain ---    -#dom-
    E-value  score  bias    E-value  score  bias    exp  N  Model    Description
    ------- ------ -----    ------- ------ -----   ---- --  -------- -----------

   [No hits detected that satisfy reporting thresholds]


Domain annotation for each model (and alignments):

   [No targets detected that satisfy reporting thresholds]


Internal pipeline statistics summary:
-------------------------------------
Query sequence(s):                         1  (99 residues searched)
Target model(s):                       19632  (3329936 nodes)
Passed MSV filter:                        75  (0.00382029); expected 392.6 (0.02)
Passed bias filter:                       64  (0.00325998); expected 392.6 (0.02)
Passed Vit filter:                         3  (0.000152812); expected 19.6 (0.001)
Passed Fwd filter:                         0  (0); expected 0.2 (1e-05)
Initial search space (Z):              19632  [actual number of targets]
Domain search space  (domZ):               0  [number of targets reported over threshold]
# CPU time: 0.28u 0.18s 00:00:00.46 Elapsed: 00:00:00.33
# Mc/sec: 996.75
//
Query:       orf5  [L=156]
Description: source=IMGVR_UViG_2718218474_000002_2718218474_2718229301_534599-634988/46371-48339 coords=793..326 length=156 frame=4 desc=
Scores for complete sequence (score includes all domains):
   --- full sequence ---   --- best 1 domain ---    -#dom-
    E-value  score  bias    E-value  score  bias    exp  N  Model    Description
    ------- ------ -----    ------- ------ -----   ---- --  -------- -----------

   [No hits detected that satisfy reporting thresholds]


Domain annotation for each model (and alignments):

   [No targets detected that satisfy reporting thresholds]


Internal pipeline statistics summary:
-------------------------------------
Query sequence(s):                         1  (156 residues searched)
Target model(s):                       19632  (3329936 nodes)
Passed MSV filter:                       113  (0.00575591); expected 392.6 (0.02)
Passed bias filter:                       91  (0.00463529); expected 392.6 (0.02)
Passed Vit filter:                         4  (0.000203749); expected 19.6 (0.001)
Passed Fwd filter:                         0  (0); expected 0.2 (1e-05)
Initial search space (Z):              19632  [actual number of targets]
Domain search space  (domZ):               0  [number of targets reported over threshold]
# CPU time: 0.31u 0.16s 00:00:00.47 Elapsed: 00:00:00.33
# Mc/sec: 1554.56
//
Query:       orf6  [L=90]
Description: source=IMGVR_UViG_2718218474_000002_2718218474_2718229301_534599-634988/46371-48339 coords=434..165 length=90 frame=6 desc=
Scores for complete sequence (score includes all domains):
   --- full sequence ---   --- best 1 domain ---    -#dom-
    E-value  score  bias    E-value  score  bias    exp  N  Model    Description
    ------- ------ -----    ------- ------ -----   ---- --  -------- -----------

   [No hits detected that satisfy reporting thresholds]


Domain annotation for each model (and alignments):

   [No targets detected that satisfy reporting thresholds]


Internal pipeline statistics summary:
-------------------------------------
Query sequence(s):                         1  (90 residues searched)
Target model(s):                       19632  (3329936 nodes)
Passed MSV filter:                       266  (0.0135493); expected 392.6 (0.02)
Passed bias filter:                      173  (0.00881214); expected 392.6 (0.02)
Passed Vit filter:                         9  (0.000458435); expected 19.6 (0.001)
Passed Fwd filter:                         0  (0); expected 0.2 (1e-05)
Initial search space (Z):              19632  [actual number of targets]
Domain search space  (domZ):               0  [number of targets reported over threshold]
# CPU time: 0.26u 0.18s 00:00:00.44 Elapsed: 00:00:00.32
# Mc/sec: 935.34
//
[ok]
