# hmmscan :: search sequence(s) against a profile database
# HMMER 3.3.2 (Nov 2020); http://hmmer.org/
# Copyright (C) 2020 Howard Hughes Medical Institute.
# Freely distributed under the BSD open source license.
# - - - - - - - - - - - - - - - - - - - - - - - - - - - - - - - - - - - -
# query sequence file:             -
# target HMM database:             /n/eddy_lab/data/pfam-35.0/Pfam-A.hmm
# output directed to file:         ./c1_windows_new/hmmscan/out/IMGVR_UViG_3300029799_000697_3300029799_Ga0311022_10990359_hmmscan_output.out
# per-seq hits tabular output:     ./c1_windows_new/hmmscan/tblout/IMGVR_UViG_3300029799_000697_3300029799_Ga0311022_10990359_hmmscan_output.tblout
# - - - - - - - - - - - - - - - - - - - - - - - - - - - - - - - - - - - -

Query:       orf1  [L=100]
Description: source=IMGVR_UViG_3300029799_000697_3300029799_Ga0311022_10990359/1-1127 coords=3..302 length=100 frame=3 desc=
Scores for complete sequence (score includes all domains):
   --- full sequence ---   --- best 1 domain ---    -#dom-
    E-value  score  bias    E-value  score  bias    exp  N  Model    Description
    ------- ------ -----    ------- ------ -----   ---- --  -------- -----------

   [No hits detected that satisfy reporting thresholds]


Domain annotation for each model (and alignments):

   [No targets detected that satisfy reporting thresholds]


Internal pipeline statistics summary:
-------------------------------------
Query sequence(s):                         1  (100 residues searched)
Target model(s):                       19632  (3329936 nodes)
Passed MSV filter:                       572  (0.0291361); expected 392.6 (0.02)
Passed bias filter:                      392  (0.0199674); expected 392.6 (0.02)
Passed Vit filter:                        15  (0.000764059); expected 19.6 (0.001)
Passed Fwd filter:                         0  (0); expected 0.2 (1e-05)
Initial search space (Z):              19632  [actual number of targets]
Domain search space  (domZ):               0  [number of targets reported over threshold]
# CPU time: 0.29u 0.21s 00:00:00.50 Elapsed: 00:00:00.36
# Mc/sec: 900.19
//
Query:       orf2  [L=90]
Description: source=IMGVR_UViG_3300029799_000697_3300029799_Ga0311022_10990359/1-1127 coords=221..490 length=90 frame=2 desc=
Scores for complete sequence (score includes all domains):
   --- full sequence ---   --- best 1 domain ---    -#dom-
    E-value  score  bias    E-value  score  bias    exp  N  Model      Description
    ------- ------ -----    ------- ------ -----   ---- --  --------   -----------
  ------ inclusion threshold ------
       0.22   11.2   0.1       0.31   10.7   0.1    1.2  1  ATP-synt_Z  Putative AtpZ or ATP-synthase-associated


Domain annotation for each model (and alignments):
>> ATP-synt_Z  Putative AtpZ or ATP-synthase-associated
   #    score  bias  c-Evalue  i-Evalue hmmfrom  hmm to    alifrom  ali to    envfrom  env to     acc
 ---   ------ ----- --------- --------- ------- -------    ------- -------    ------- -------    ----
   1 ?   10.7   0.1   1.6e-05      0.31      15      39 ..      37      61 ..      35      64 .. 0.89

  Alignments for each domain:
  == domain 1  score: 10.7 bits;  conditional E-value: 1.6e-05
  ATP-synt_Z 15 lLawWaveyhptnsqLWmVPvGLiL 39
                lL +  v+ +++++  W+ P+G++L
        orf2 37 LLYFGTVQLRRSEEETWLMPIGFLL 61
                677888999**************98 PP



Internal pipeline statistics summary:
-------------------------------------
Query sequence(s):                         1  (90 residues searched)
Target model(s):                       19632  (3329936 nodes)
Passed MSV filter:                       289  (0.0147209); expected 392.6 (0.02)
Passed bias filter:                      271  (0.013804); expected 392.6 (0.02)
Passed Vit filter:                        17  (0.000865933); expected 19.6 (0.001)
Passed Fwd filter:                         1  (5.09372e-05); expected 0.2 (1e-05)
Initial search space (Z):              19632  [actual number of targets]
Domain search space  (domZ):               1  [number of targets reported over threshold]
# CPU time: 0.27u 0.21s 00:00:00.48 Elapsed: 00:00:00.35
# Mc/sec: 850.25
//
Query:       orf3  [L=114]
Description: source=IMGVR_UViG_3300029799_000697_3300029799_Ga0311022_10990359/1-1127 coords=990..649 length=114 frame=6 desc=
Scores for complete sequence (score includes all domains):
   --- full sequence ---   --- best 1 domain ---    -#dom-
    E-value  score  bias    E-value  score  bias    exp  N  Model    Description
    ------- ------ -----    ------- ------ -----   ---- --  -------- -----------

   [No hits detected that satisfy reporting thresholds]


Domain annotation for each model (and alignments):

   [No targets detected that satisfy reporting thresholds]


Internal pipeline statistics summary:
-------------------------------------
Query sequence(s):                         1  (114 residues searched)
Target model(s):                       19632  (3329936 nodes)
Passed MSV filter:                       268  (0.0136512); expected 392.6 (0.02)
Passed bias filter:                      209  (0.0106459); expected 392.6 (0.02)
Passed Vit filter:                        17  (0.000865933); expected 19.6 (0.001)
Passed Fwd filter:                         0  (0); expected 0.2 (1e-05)
Initial search space (Z):              19632  [actual number of targets]
Domain search space  (domZ):               0  [number of targets reported over threshold]
# CPU time: 0.30u 0.19s 00:00:00.49 Elapsed: 00:00:00.36
# Mc/sec: 1043.90
//
Query:       orf4  [L=138]
Description: source=IMGVR_UViG_3300029799_000697_3300029799_Ga0311022_10990359/1-1127 coords=430..17 length=138 frame=5 desc=
Scores for complete sequence (score includes all domains):
   --- full sequence ---   --- best 1 domain ---    -#dom-
    E-value  score  bias    E-value  score  bias    exp  N  Model    Description
    ------- ------ -----    ------- ------ -----   ---- --  -------- -----------

   [No hits detected that satisfy reporting thresholds]


Domain annotation for each model (and alignments):

   [No targets detected that satisfy reporting thresholds]


Internal pipeline statistics summary:
-------------------------------------
Query sequence(s):                         1  (138 residues searched)
Target model(s):                       19632  (3329936 nodes)
Passed MSV filter:                       300  (0.0152812); expected 392.6 (0.02)
Passed bias filter:                      192  (0.00977995); expected 392.6 (0.02)
Passed Vit filter:                         7  (0.000356561); expected 19.6 (0.001)
Passed Fwd filter:                         0  (0); expected 0.2 (1e-05)
Initial search space (Z):              19632  [actual number of targets]
Domain search space  (domZ):               0  [number of targets reported over threshold]
# CPU time: 0.31u 0.20s 00:00:00.51 Elapsed: 00:00:00.37
# Mc/sec: 1219.08
//
[ok]
