# hmmscan :: search sequence(s) against a profile database
# HMMER 3.3.2 (Nov 2020); http://hmmer.org/
# Copyright (C) 2020 Howard Hughes Medical Institute.
# Freely distributed under the BSD open source license.
# - - - - - - - - - - - - - - - - - - - - - - - - - - - - - - - - - - - -
# query sequence file:             -
# target HMM database:             /n/eddy_lab/data/pfam-35.0/Pfam-A.hmm
# output directed to file:         ./c1_windows_new/hmmscan/out/IMGVR_UViG_3300045988_169457_3300045988_Ga0495776_090971_hmmscan_output.out
# per-seq hits tabular output:     ./c1_windows_new/hmmscan/tblout/IMGVR_UViG_3300045988_169457_3300045988_Ga0495776_090971_hmmscan_output.tblout
# - - - - - - - - - - - - - - - - - - - - - - - - - - - - - - - - - - - -

Query:       orf1  [L=286]
Description: source=IMGVR_UViG_3300045988_169457_3300045988_Ga0495776_090971/55752-57851 coords=1..858 length=286 frame=1 desc=
Scores for complete sequence (score includes all domains):
   --- full sequence ---   --- best 1 domain ---    -#dom-
    E-value  score  bias    E-value  score  bias    exp  N  Model    Description
    ------- ------ -----    ------- ------ -----   ---- --  -------- -----------
  ------ inclusion threshold ------
      0.025   15.0   0.0      0.065   13.7   0.0    1.7  2  ArdcN     N-terminal domain of anti-restriction factor ArdC


Domain annotation for each model (and alignments):
>> ArdcN  N-terminal domain of anti-restriction factor ArdC
   #    score  bias  c-Evalue  i-Evalue hmmfrom  hmm to    alifrom  ali to    envfrom  env to     acc
 ---   ------ ----- --------- --------- ------- -------    ------- -------    ------- -------    ----
   1 ?   13.7   0.0   3.3e-06     0.065      42      88 ..      49      91 ..      36     132 .. 0.84
   2 ?   -3.6   0.0      0.74   1.5e+04       7      22 ..     255     270 ..     252     282 .. 0.57

  Alignments for each domain:
  == domain 1  score: 13.7 bits;  conditional E-value: 3.3e-06
  ArdcN 42 pYsgiNqllLelqaeeagyespvwltfkqakklgaqvkkGekgtevv 88
            Y+  N+ll ++q ++a+    + + f+ + +++a ++kG+kg+e++
   orf1 49 DYTVTNTLLVYSQNPKAT----LLKDFSHWSDANAYLQKGSKGIEIL 91
           79****************....**********************998 PP

  == domain 2  score: -3.6 bits;  conditional E-value: 0.74
  ArdcN   7 itdqiieeleagtapW 22 
            + +qi e++e g    
   orf1 255 VSSQISERMEHGLYAL 270
            5677777777774333 PP



Internal pipeline statistics summary:
-------------------------------------
Query sequence(s):                         1  (286 residues searched)
Target model(s):                       19632  (3329936 nodes)
Passed MSV filter:                       672  (0.0342298); expected 392.6 (0.02)
Passed bias filter:                      435  (0.0221577); expected 392.6 (0.02)
Passed Vit filter:                        32  (0.00162999); expected 19.6 (0.001)
Passed Fwd filter:                         1  (5.09372e-05); expected 0.2 (1e-05)
Initial search space (Z):              19632  [actual number of targets]
Domain search space  (domZ):               1  [number of targets reported over threshold]
# CPU time: 0.32u 0.20s 00:00:00.52 Elapsed: 00:00:00.36
# Mc/sec: 2630.01
//
Query:       orf2  [L=175]
Description: source=IMGVR_UViG_3300045988_169457_3300045988_Ga0495776_090971/55752-57851 coords=996..1520 length=175 frame=3 desc=
Scores for complete sequence (score includes all domains):
   --- full sequence ---   --- best 1 domain ---    -#dom-
    E-value  score  bias    E-value  score  bias    exp  N  Model    Description
    ------- ------ -----    ------- ------ -----   ---- --  -------- -----------

   [No hits detected that satisfy reporting thresholds]


Domain annotation for each model (and alignments):

   [No targets detected that satisfy reporting thresholds]


Internal pipeline statistics summary:
-------------------------------------
Query sequence(s):                         1  (175 residues searched)
Target model(s):                       19632  (3329936 nodes)
Passed MSV filter:                       689  (0.0350958); expected 392.6 (0.02)
Passed bias filter:                      512  (0.0260799); expected 392.6 (0.02)
Passed Vit filter:                        60  (0.00305623); expected 19.6 (0.001)
Passed Fwd filter:                         0  (0); expected 0.2 (1e-05)
Initial search space (Z):              19632  [actual number of targets]
Domain search space  (domZ):               0  [number of targets reported over threshold]
# CPU time: 0.32u 0.16s 00:00:00.48 Elapsed: 00:00:00.32
# Mc/sec: 1815.71
//
Query:       orf3  [L=104]
Description: source=IMGVR_UViG_3300045988_169457_3300045988_Ga0495776_090971/55752-57851 coords=1730..2041 length=104 frame=2 desc=
Scores for complete sequence (score includes all domains):
   --- full sequence ---   --- best 1 domain ---    -#dom-
    E-value  score  bias    E-value  score  bias    exp  N  Model    Description
    ------- ------ -----    ------- ------ -----   ---- --  -------- -----------

   [No hits detected that satisfy reporting thresholds]


Domain annotation for each model (and alignments):

   [No targets detected that satisfy reporting thresholds]


Internal pipeline statistics summary:
-------------------------------------
Query sequence(s):                         1  (104 residues searched)
Target model(s):                       19632  (3329936 nodes)
Passed MSV filter:                       432  (0.0220049); expected 392.6 (0.02)
Passed bias filter:                      380  (0.0193562); expected 392.6 (0.02)
Passed Vit filter:                        25  (0.00127343); expected 19.6 (0.001)
Passed Fwd filter:                         0  (0); expected 0.2 (1e-05)
Initial search space (Z):              19632  [actual number of targets]
Domain search space  (domZ):               0  [number of targets reported over threshold]
# CPU time: 0.28u 0.19s 00:00:00.47 Elapsed: 00:00:00.32
# Mc/sec: 1059.03
//
[ok]
