# hmmscan :: search sequence(s) against a profile database
# HMMER 3.3.2 (Nov 2020); http://hmmer.org/
# Copyright (C) 2020 Howard Hughes Medical Institute.
# Freely distributed under the BSD open source license.
# - - - - - - - - - - - - - - - - - - - - - - - - - - - - - - - - - - - -
# query sequence file:             -
# target HMM database:             /n/eddy_lab/data/pfam-35.0/Pfam-A.hmm
# output directed to file:         ./c1_windows_new/hmmscan/out/IMGVR_UViG_3300037067_020172_3300037067_Ga0378408_0088392_hmmscan_output.out
# per-seq hits tabular output:     ./c1_windows_new/hmmscan/tblout/IMGVR_UViG_3300037067_020172_3300037067_Ga0378408_0088392_hmmscan_output.tblout
# - - - - - - - - - - - - - - - - - - - - - - - - - - - - - - - - - - - -

Query:       orf1  [L=98]
Description: source=IMGVR_UViG_3300037067_020172_3300037067_Ga0378408_0088392/3962-1822 coords=1100..1393 length=98 frame=2 desc=
Scores for complete sequence (score includes all domains):
   --- full sequence ---   --- best 1 domain ---    -#dom-
    E-value  score  bias    E-value  score  bias    exp  N  Model    Description
    ------- ------ -----    ------- ------ -----   ---- --  -------- -----------

   [No hits detected that satisfy reporting thresholds]


Domain annotation for each model (and alignments):

   [No targets detected that satisfy reporting thresholds]


Internal pipeline statistics summary:
-------------------------------------
Query sequence(s):                         1  (98 residues searched)
Target model(s):                       19632  (3329936 nodes)
Passed MSV filter:                       390  (0.0198655); expected 392.6 (0.02)
Passed bias filter:                      272  (0.0138549); expected 392.6 (0.02)
Passed Vit filter:                        21  (0.00106968); expected 19.6 (0.001)
Passed Fwd filter:                         0  (0); expected 0.2 (1e-05)
Initial search space (Z):              19632  [actual number of targets]
Domain search space  (domZ):               0  [number of targets reported over threshold]
# CPU time: 0.25u 0.22s 00:00:00.47 Elapsed: 00:00:00.34
# Mc/sec: 936.55
//
Query:       orf2  [L=109]
Description: source=IMGVR_UViG_3300037067_020172_3300037067_Ga0378408_0088392/3962-1822 coords=1086..1412 length=109 frame=3 desc=
Scores for complete sequence (score includes all domains):
   --- full sequence ---   --- best 1 domain ---    -#dom-
    E-value  score  bias    E-value  score  bias    exp  N  Model      Description
    ------- ------ -----    ------- ------ -----   ---- --  --------   -----------
  ------ inclusion threshold ------
      0.012   14.6   0.4      0.012   14.6   0.4    1.1  1  ABC_tran_2  Putative ATP-binding cassette
      0.045   13.8   0.5      0.054   13.6   0.5    1.1  1  DUF1361     Protein of unknown function (DUF1361)
        4.5    7.3   7.8        1.1    9.3   4.5    1.6  2  DUF4605     Domain of unknown function (DUF4605)


Domain annotation for each model (and alignments):
>> ABC_tran_2  Putative ATP-binding cassette
   #    score  bias  c-Evalue  i-Evalue hmmfrom  hmm to    alifrom  ali to    envfrom  env to     acc
 ---   ------ ----- --------- --------- ------- -------    ------- -------    ------- -------    ----
   1 ?   14.6   0.4   1.9e-06     0.012     118     156 ..      17      55 ..       8      96 .. 0.84

  Alignments for each domain:
  == domain 1  score: 14.6 bits;  conditional E-value: 1.9e-06
  ABC_tran_2 118 AyGltekakasfyalllvlllpFvvlPaavGslaailla 156
                  yG+    ++ +++++  +l+pF v+ a +G+++ +l+ 
        orf2  17 TYGIRCMDTTNYFPYFSTFLVPFCVVSAFLGAFGLVLVG 55 
                 699999****************************99975 PP

>> DUF1361  Protein of unknown function (DUF1361)
   #    score  bias  c-Evalue  i-Evalue hmmfrom  hmm to    alifrom  ali to    envfrom  env to     acc
 ---   ------ ----- --------- --------- ------- -------    ------- -------    ------- -------    ----
   1 ?   13.6   0.5   8.2e-06     0.054      71     135 ..      33      93 ..      17     105 .. 0.75

  Alignments for each domain:
  == domain 1  score: 13.6 bits;  conditional E-value: 8.2e-06
  DUF1361  71 vlllislallglllgflslvivlkvlrkrlkekallkallvaliillLsavGiYlGRflRlnSwd 135
               ++l+++ +++ +lg + lv+v   +           + +v+ i+++ +av +YlGR +R  S  
     orf2  33 STFLVPFCVVSAFLGAFGLVLVGLGYWVWNG---GS-VSAVLPIVSAYTAVLVYLGRLERPCSQS 93 
              4567777778888887777666544443333...44.799999*****************88865 PP

>> DUF4605  Domain of unknown function (DUF4605)
   #    score  bias  c-Evalue  i-Evalue hmmfrom  hmm to    alifrom  ali to    envfrom  env to     acc
 ---   ------ ----- --------- --------- ------- -------    ------- -------    ------- -------    ----
   1 ?    9.3   4.5   0.00016       1.1      30      54 ..      36      60 ..      34      64 .. 0.88
   2 ?   -2.5   0.1       0.8   5.2e+03      25      36 ..      69      80 ..      67      84 .. 0.56

  Alignments for each domain:
  == domain 1  score: 9.3 bits;  conditional E-value: 0.00016
  DUF4605 30 lvlllllllflGlrGlllvgllcfv 54
             lv + ++ +flG +Gl+lvgl + v
     orf2 36 LVPFCVVSAFLGAFGLVLVGLGYWV 60
             67799999************98887 PP

  == domain 2  score: -2.5 bits;  conditional E-value: 0.8
  DUF4605 25 vePvvlvlllll 36
             v P+v+    +l
     orf2 69 VLPIVSAYTAVL 80
             557777554443 PP



Internal pipeline statistics summary:
-------------------------------------
Query sequence(s):                         1  (109 residues searched)
Target model(s):                       19632  (3329936 nodes)
Passed MSV filter:                       519  (0.0264364); expected 392.6 (0.02)
Passed bias filter:                      285  (0.0145171); expected 392.6 (0.02)
Passed Vit filter:                        34  (0.00173187); expected 19.6 (0.001)
Passed Fwd filter:                         3  (0.000152812); expected 0.2 (1e-05)
Initial search space (Z):              19632  [actual number of targets]
Domain search space  (domZ):               3  [number of targets reported over threshold]
# CPU time: 0.28u 0.19s 00:00:00.47 Elapsed: 00:00:00.34
# Mc/sec: 1048.73
//
Query:       orf3  [L=217]
Description: source=IMGVR_UViG_3300037067_020172_3300037067_Ga0378408_0088392/3962-1822 coords=1476..2126 length=217 frame=3 desc=
Scores for complete sequence (score includes all domains):
   --- full sequence ---   --- best 1 domain ---    -#dom-
    E-value  score  bias    E-value  score  bias    exp  N  Model    Description
    ------- ------ -----    ------- ------ -----   ---- --  -------- -----------
  ------ inclusion threshold ------
        3.5    8.0   8.5       0.27   11.5   3.2    2.0  2  MSL2-CXC  CXC domain of E3 ubiquitin-protein ligase MSL2


Domain annotation for each model (and alignments):
>> MSL2-CXC  CXC domain of E3 ubiquitin-protein ligase MSL2
   #    score  bias  c-Evalue  i-Evalue hmmfrom  hmm to    alifrom  ali to    envfrom  env to     acc
 ---   ------ ----- --------- --------- ------- -------    ------- -------    ------- -------    ----
   1 ?   11.5   3.2   1.4e-05      0.27      16      51 ..      62      97 ..      45     101 .. 0.81
   2 ?   -3.1   0.1      0.52     1e+04       5      14 ..     145     154 ..     143     158 .. 0.65

  Alignments for each domain:
  == domain 1  score: 11.5 bits;  conditional E-value: 1.4e-05
  MSL2-CXC 16 kpskltCrnqRCpCYsngksCtdCkCrgCkNphkkd 51
              + + + C ++RC  +s ++  ++   rgC+Np +++
      orf3 62 SSEIIHCLGSRCCSFSRRQKSRNHYWRGCENPTESK 97
              455678**************************9876 PP

  == domain 2  score: -3.1 bits;  conditional E-value: 0.52
  MSL2-CXC   5 kkkCrCGtst 14 
               k++  CG ++
      orf3 145 KQGNACGAKG 154
               5666677765 PP



Internal pipeline statistics summary:
-------------------------------------
Query sequence(s):                         1  (217 residues searched)
Target model(s):                       19632  (3329936 nodes)
Passed MSV filter:                       354  (0.0180318); expected 392.6 (0.02)
Passed bias filter:                      255  (0.012989); expected 392.6 (0.02)
Passed Vit filter:                        10  (0.000509372); expected 19.6 (0.001)
Passed Fwd filter:                         1  (5.09372e-05); expected 0.2 (1e-05)
Initial search space (Z):              19632  [actual number of targets]
Domain search space  (domZ):               1  [number of targets reported over threshold]
# CPU time: 0.30u 0.15s 00:00:00.44 Elapsed: 00:00:00.31
# Mc/sec: 2308.65
//
Query:       orf4  [L=115]
Description: source=IMGVR_UViG_3300037067_020172_3300037067_Ga0378408_0088392/3962-1822 coords=1437..1093 length=115 frame=6 desc=
Scores for complete sequence (score includes all domains):
   --- full sequence ---   --- best 1 domain ---    -#dom-
    E-value  score  bias    E-value  score  bias    exp  N  Model    Description
    ------- ------ -----    ------- ------ -----   ---- --  -------- -----------

   [No hits detected that satisfy reporting thresholds]


Domain annotation for each model (and alignments):

   [No targets detected that satisfy reporting thresholds]


Internal pipeline statistics summary:
-------------------------------------
Query sequence(s):                         1  (115 residues searched)
Target model(s):                       19632  (3329936 nodes)
Passed MSV filter:                       463  (0.0235839); expected 392.6 (0.02)
Passed bias filter:                      359  (0.0182865); expected 392.6 (0.02)
Passed Vit filter:                        22  (0.00112062); expected 19.6 (0.001)
Passed Fwd filter:                         0  (0); expected 0.2 (1e-05)
Initial search space (Z):              19632  [actual number of targets]
Domain search space  (domZ):               0  [number of targets reported over threshold]
# CPU time: 0.25u 0.16s 00:00:00.41 Elapsed: 00:00:00.29
# Mc/sec: 1290.37
//
Query:       orf5  [L=130]
Description: source=IMGVR_UViG_3300037067_020172_3300037067_Ga0378408_0088392/3962-1822 coords=866..477 length=130 frame=4 desc=
Scores for complete sequence (score includes all domains):
   --- full sequence ---   --- best 1 domain ---    -#dom-
    E-value  score  bias    E-value  score  bias    exp  N  Model    Description
    ------- ------ -----    ------- ------ -----   ---- --  -------- -----------

   [No hits detected that satisfy reporting thresholds]


Domain annotation for each model (and alignments):

   [No targets detected that satisfy reporting thresholds]


Internal pipeline statistics summary:
-------------------------------------
Query sequence(s):                         1  (130 residues searched)
Target model(s):                       19632  (3329936 nodes)
Passed MSV filter:                       379  (0.0193052); expected 392.6 (0.02)
Passed bias filter:                      350  (0.017828); expected 392.6 (0.02)
Passed Vit filter:                        18  (0.00091687); expected 19.6 (0.001)
Passed Fwd filter:                         0  (0); expected 0.2 (1e-05)
Initial search space (Z):              19632  [actual number of targets]
Domain search space  (domZ):               0  [number of targets reported over threshold]
# CPU time: 0.26u 0.16s 00:00:00.42 Elapsed: 00:00:00.29
# Mc/sec: 1486.02
//
Query:       orf6  [L=91]
Description: source=IMGVR_UViG_3300037067_020172_3300037067_Ga0378408_0088392/3962-1822 coords=274..2 length=91 frame=5 desc=
Scores for complete sequence (score includes all domains):
   --- full sequence ---   --- best 1 domain ---    -#dom-
    E-value  score  bias    E-value  score  bias    exp  N  Model    Description
    ------- ------ -----    ------- ------ -----   ---- --  -------- -----------

   [No hits detected that satisfy reporting thresholds]


Domain annotation for each model (and alignments):

   [No targets detected that satisfy reporting thresholds]


Internal pipeline statistics summary:
-------------------------------------
Query sequence(s):                         1  (91 residues searched)
Target model(s):                       19632  (3329936 nodes)
Passed MSV filter:                       437  (0.0222596); expected 392.6 (0.02)
Passed bias filter:                      319  (0.016249); expected 392.6 (0.02)
Passed Vit filter:                        23  (0.00117156); expected 19.6 (0.001)
Passed Fwd filter:                         0  (0); expected 0.2 (1e-05)
Initial search space (Z):              19632  [actual number of targets]
Domain search space  (domZ):               0  [number of targets reported over threshold]
# CPU time: 0.28u 0.12s 00:00:00.40 Elapsed: 00:00:00.29
# Mc/sec: 1036.12
//
[ok]
