# hmmscan :: search sequence(s) against a profile database
# HMMER 3.3.2 (Nov 2020); http://hmmer.org/
# Copyright (C) 2020 Howard Hughes Medical Institute.
# Freely distributed under the BSD open source license.
# - - - - - - - - - - - - - - - - - - - - - - - - - - - - - - - - - - - -
# query sequence file:             -
# target HMM database:             /n/eddy_lab/data/pfam-35.0/Pfam-A.hmm
# output directed to file:         ./c1_windows_new/hmmscan/out/IMGVR_UViG_3300010093_000096_3300010093_Ga0127490_1020429_hmmscan_output.out
# per-seq hits tabular output:     ./c1_windows_new/hmmscan/tblout/IMGVR_UViG_3300010093_000096_3300010093_Ga0127490_1020429_hmmscan_output.tblout
# - - - - - - - - - - - - - - - - - - - - - - - - - - - - - - - - - - - -

Query:       orf1  [L=110]
Description: source=IMGVR_UViG_3300010093_000096_3300010093_Ga0127490_1020429/1-650 coords=308..637 length=110 frame=2 desc=
Scores for complete sequence (score includes all domains):
   --- full sequence ---   --- best 1 domain ---    -#dom-
    E-value  score  bias    E-value  score  bias    exp  N  Model    Description
    ------- ------ -----    ------- ------ -----   ---- --  -------- -----------

   [No hits detected that satisfy reporting thresholds]


Domain annotation for each model (and alignments):

   [No targets detected that satisfy reporting thresholds]


Internal pipeline statistics summary:
-------------------------------------
Query sequence(s):                         1  (110 residues searched)
Target model(s):                       19632  (3329936 nodes)
Passed MSV filter:                       211  (0.0107478); expected 392.6 (0.02)
Passed bias filter:                      182  (0.00927058); expected 392.6 (0.02)
Passed Vit filter:                        10  (0.000509372); expected 19.6 (0.001)
Passed Fwd filter:                         0  (0); expected 0.2 (1e-05)
Initial search space (Z):              19632  [actual number of targets]
Domain search space  (domZ):               0  [number of targets reported over threshold]
# CPU time: 0.29u 0.17s 00:00:00.46 Elapsed: 00:00:00.34
# Mc/sec: 1065.98
//
Query:       orf2  [L=95]
Description: source=IMGVR_UViG_3300010093_000096_3300010093_Ga0127490_1020429/1-650 coords=290..6 length=95 frame=4 desc=
Scores for complete sequence (score includes all domains):
   --- full sequence ---   --- best 1 domain ---    -#dom-
    E-value  score  bias    E-value  score  bias    exp  N  Model    Description
    ------- ------ -----    ------- ------ -----   ---- --  -------- -----------

   [No hits detected that satisfy reporting thresholds]


Domain annotation for each model (and alignments):

   [No targets detected that satisfy reporting thresholds]


Internal pipeline statistics summary:
-------------------------------------
Query sequence(s):                         1  (95 residues searched)
Target model(s):                       19632  (3329936 nodes)
Passed MSV filter:                       144  (0.00733496); expected 392.6 (0.02)
Passed bias filter:                      124  (0.00631622); expected 392.6 (0.02)
Passed Vit filter:                        11  (0.00056031); expected 19.6 (0.001)
Passed Fwd filter:                         0  (0); expected 0.2 (1e-05)
Initial search space (Z):              19632  [actual number of targets]
Domain search space  (domZ):               0  [number of targets reported over threshold]
# CPU time: 0.28u 0.18s 00:00:00.46 Elapsed: 00:00:00.33
# Mc/sec: 931.25
//
Query:       orf3  [L=136]
Description: source=IMGVR_UViG_3300010093_000096_3300010093_Ga0127490_1020429/1-650 coords=408..1 length=136 frame=6 desc=
Scores for complete sequence (score includes all domains):
   --- full sequence ---   --- best 1 domain ---    -#dom-
    E-value  score  bias    E-value  score  bias    exp  N  Model    Description
    ------- ------ -----    ------- ------ -----   ---- --  -------- -----------

   [No hits detected that satisfy reporting thresholds]


Domain annotation for each model (and alignments):

   [No targets detected that satisfy reporting thresholds]


Internal pipeline statistics summary:
-------------------------------------
Query sequence(s):                         1  (136 residues searched)
Target model(s):                       19632  (3329936 nodes)
Passed MSV filter:                       220  (0.0112062); expected 392.6 (0.02)
Passed bias filter:                      188  (0.0095762); expected 392.6 (0.02)
Passed Vit filter:                         6  (0.000305623); expected 19.6 (0.001)
Passed Fwd filter:                         0  (0); expected 0.2 (1e-05)
Initial search space (Z):              19632  [actual number of targets]
Domain search space  (domZ):               0  [number of targets reported over threshold]
# CPU time: 0.27u 0.18s 00:00:00.45 Elapsed: 00:00:00.33
# Mc/sec: 1355.23
//
[ok]
