# hmmscan :: search sequence(s) against a profile database
# HMMER 3.3.2 (Nov 2020); http://hmmer.org/
# Copyright (C) 2020 Howard Hughes Medical Institute.
# Freely distributed under the BSD open source license.
# - - - - - - - - - - - - - - - - - - - - - - - - - - - - - - - - - - - -
# query sequence file:             -
# target HMM database:             /n/eddy_lab/data/pfam-35.0/Pfam-A.hmm
# output directed to file:         ./c1_windows_new/hmmscan/out/IMGVR_UViG_3300014547_000108_3300014547_Ga0134415_103112_hmmscan_output.out
# per-seq hits tabular output:     ./c1_windows_new/hmmscan/tblout/IMGVR_UViG_3300014547_000108_3300014547_Ga0134415_103112_hmmscan_output.tblout
# - - - - - - - - - - - - - - - - - - - - - - - - - - - - - - - - - - - -

Query:       orf1  [L=291]
Description: source=IMGVR_UViG_3300014547_000108_3300014547_Ga0134415_103112/2547-4192 coords=108..980 length=291 frame=3 desc=
Scores for complete sequence (score includes all domains):
   --- full sequence ---   --- best 1 domain ---    -#dom-
    E-value  score  bias    E-value  score  bias    exp  N  Model    Description
    ------- ------ -----    ------- ------ -----   ---- --  -------- -----------
    7.4e-12   45.3   0.0      1e-11   44.9   0.0    1.2  1  AAA_25    AAA domain


Domain annotation for each model (and alignments):
>> AAA_25  AAA domain
   #    score  bias  c-Evalue  i-Evalue hmmfrom  hmm to    alifrom  ali to    envfrom  env to     acc
 ---   ------ ----- --------- --------- ------- -------    ------- -------    ------- -------    ----
   1 !   44.9   0.0   5.2e-16     1e-11      17     193 ..      38     209 ..      23     210 .. 0.82

  Alignments for each domain:
  == domain 1  score: 44.9 bits;  conditional E-value: 5.2e-16
  AAA_25  17 apppprrwlik.gllpagelgllaGapgtGKttlaldlalsvatGkpwlg...pvapeqgkVlyvsaEdprdelrrRlravladl.....dddarlllldlag 110
              +pp++ w+    +  +g +++ +G+ ++ Kt+ ++  +++ + Gk++l    +++  ++k lyv++E++r + ++ l+++l+ +     +d+++l+++ l  
    orf1  38 ETPPQIIWIDNsTIATLGNFSASTGKAKSKKTFNVSAIVAASLAGKQVLNyraHLPEGKRKILYVDTEQSRFHCHNVLERILRLAglpttTDSENLDFICL-- 138
             5778888888855677899********************************988888**************9****9999998863444444555555544.. PP

  AAA_25 111 veslplfaddrggtlltadveeleaaleevedvrlvviDplsralggdendnsdvgrlvkaldrlarrtgatvllvhHvgKeg 193
                      +  ++++   v  ++ al+++++++lv+iD ++ ++  d n+ ++  ++++++ +++ +++ ++ +v H++K++
    orf1 139 ---------REYSPAIRIGV--IDYALRQRKGYGLVIIDGIRDLM-LDINSTGESVEVINKMMEWSSKYDLHIHCVLHLNKGD 209
             .........44556654444..9********************77.5788889999*************************85 PP



Internal pipeline statistics summary:
-------------------------------------
Query sequence(s):                         1  (291 residues searched)
Target model(s):                       19632  (3329936 nodes)
Passed MSV filter:                       472  (0.0240424); expected 392.6 (0.02)
Passed bias filter:                      411  (0.0209352); expected 392.6 (0.02)
Passed Vit filter:                        26  (0.00132437); expected 19.6 (0.001)
Passed Fwd filter:                         1  (5.09372e-05); expected 0.2 (1e-05)
Initial search space (Z):              19632  [actual number of targets]
Domain search space  (domZ):               1  [number of targets reported over threshold]
# CPU time: 0.39u 0.16s 00:00:00.55 Elapsed: 00:00:00.36
# Mc/sec: 2666.59
//
Query:       orf2  [L=162]
Description: source=IMGVR_UViG_3300014547_000108_3300014547_Ga0134415_103112/2547-4192 coords=737..1222 length=162 frame=2 desc=
Scores for complete sequence (score includes all domains):
   --- full sequence ---   --- best 1 domain ---    -#dom-
    E-value  score  bias    E-value  score  bias    exp  N  Model    Description
    ------- ------ -----    ------- ------ -----   ---- --  -------- -----------

   [No hits detected that satisfy reporting thresholds]


Domain annotation for each model (and alignments):

   [No targets detected that satisfy reporting thresholds]


Internal pipeline statistics summary:
-------------------------------------
Query sequence(s):                         1  (162 residues searched)
Target model(s):                       19632  (3329936 nodes)
Passed MSV filter:                       615  (0.0313264); expected 392.6 (0.02)
Passed bias filter:                      500  (0.0254686); expected 392.6 (0.02)
Passed Vit filter:                        30  (0.00152812); expected 19.6 (0.001)
Passed Fwd filter:                         0  (0); expected 0.2 (1e-05)
Initial search space (Z):              19632  [actual number of targets]
Domain search space  (domZ):               0  [number of targets reported over threshold]
# CPU time: 0.33u 0.17s 00:00:00.50 Elapsed: 00:00:00.32
# Mc/sec: 1666.17
//
Query:       orf3  [L=91]
Description: source=IMGVR_UViG_3300014547_000108_3300014547_Ga0134415_103112/2547-4192 coords=1567..1295 length=91 frame=5 desc=
Scores for complete sequence (score includes all domains):
   --- full sequence ---   --- best 1 domain ---    -#dom-
    E-value  score  bias    E-value  score  bias    exp  N  Model    Description
    ------- ------ -----    ------- ------ -----   ---- --  -------- -----------

   [No hits detected that satisfy reporting thresholds]


Domain annotation for each model (and alignments):

   [No targets detected that satisfy reporting thresholds]


Internal pipeline statistics summary:
-------------------------------------
Query sequence(s):                         1  (91 residues searched)
Target model(s):                       19632  (3329936 nodes)
Passed MSV filter:                       334  (0.017013); expected 392.6 (0.02)
Passed bias filter:                      228  (0.0116137); expected 392.6 (0.02)
Passed Vit filter:                        15  (0.000764059); expected 19.6 (0.001)
Passed Fwd filter:                         0  (0); expected 0.2 (1e-05)
Initial search space (Z):              19632  [actual number of targets]
Domain search space  (domZ):               0  [number of targets reported over threshold]
# CPU time: 0.28u 0.17s 00:00:00.45 Elapsed: 00:00:00.31
# Mc/sec: 959.95
//
Query:       orf4  [L=94]
Description: source=IMGVR_UViG_3300014547_000108_3300014547_Ga0134415_103112/2547-4192 coords=844..563 length=94 frame=5 desc=
Scores for complete sequence (score includes all domains):
   --- full sequence ---   --- best 1 domain ---    -#dom-
    E-value  score  bias    E-value  score  bias    exp  N  Model    Description
    ------- ------ -----    ------- ------ -----   ---- --  -------- -----------

   [No hits detected that satisfy reporting thresholds]


Domain annotation for each model (and alignments):

   [No targets detected that satisfy reporting thresholds]


Internal pipeline statistics summary:
-------------------------------------
Query sequence(s):                         1  (94 residues searched)
Target model(s):                       19632  (3329936 nodes)
Passed MSV filter:                       458  (0.0233293); expected 392.6 (0.02)
Passed bias filter:                      287  (0.014619); expected 392.6 (0.02)
Passed Vit filter:                        21  (0.00106968); expected 19.6 (0.001)
Passed Fwd filter:                         0  (0); expected 0.2 (1e-05)
Initial search space (Z):              19632  [actual number of targets]
Domain search space  (domZ):               0  [number of targets reported over threshold]
# CPU time: 0.30u 0.15s 00:00:00.44 Elapsed: 00:00:00.30
# Mc/sec: 1019.49
//
[ok]
