# hmmscan :: search sequence(s) against a profile database
# HMMER 3.3.2 (Nov 2020); http://hmmer.org/
# Copyright (C) 2020 Howard Hughes Medical Institute.
# Freely distributed under the BSD open source license.
# - - - - - - - - - - - - - - - - - - - - - - - - - - - - - - - - - - - -
# query sequence file:             -
# target HMM database:             /n/eddy_lab/data/pfam-35.0/Pfam-A.hmm
# output directed to file:         ./c1_windows_new/hmmscan/out/IMGVR_UViG_3300011989_000065_3300011989_Ga0120380_1001695_hmmscan_output.out
# per-seq hits tabular output:     ./c1_windows_new/hmmscan/tblout/IMGVR_UViG_3300011989_000065_3300011989_Ga0120380_1001695_hmmscan_output.tblout
# - - - - - - - - - - - - - - - - - - - - - - - - - - - - - - - - - - - -

Query:       orf1  [L=436]
Description: source=IMGVR_UViG_3300011989_000065_3300011989_Ga0120380_1001695/12390-14146 coords=2..1309 length=436 frame=2 desc=
Scores for complete sequence (score includes all domains):
   --- full sequence ---   --- best 1 domain ---    -#dom-
    E-value  score  bias    E-value  score  bias    exp  N  Model          Description
    ------- ------ -----    ------- ------ -----   ---- --  --------       -----------
  ------ inclusion threshold ------
      0.024   15.0   0.0        1.7    9.0   0.0    2.3  1  RNA_pol_Rpb1_2  RNA polymerase Rpb1, domain 2


Domain annotation for each model (and alignments):
>> RNA_pol_Rpb1_2  RNA polymerase Rpb1, domain 2
   #    score  bias  c-Evalue  i-Evalue hmmfrom  hmm to    alifrom  ali to    envfrom  env to     acc
 ---   ------ ----- --------- --------- ------- -------    ------- -------    ------- -------    ----
   1 ?    9.0   0.0   8.5e-05       1.7      89     138 ..     378     431 ..     304     434 .. 0.54

  Alignments for each domain:
  == domain 1  score: 9.0 bits;  conditional E-value: 8.5e-05
                     SEEEEE-STTCEEEEEESSTTSGGGEEEEEEEEESS....SSEEEEGGGHHHHT CS
  RNA_pol_Rpb1_2  89 diverhvkdgdvvllNRqPsLhklsimahrvkvlek....ktlrlnlsvttayN 138
                     d +++  k +  ++l R+P+L+  s+m  +v+ +++    +tl +n s+ t+ N
            orf1 378 DYINETPKGKIPIMLGRNPTLNYGSMMLLYVRNFKTnpadETLEINASIVTPAN 431
                     455555566667899999999999999998887765555778888888877766 PP



Internal pipeline statistics summary:
-------------------------------------
Query sequence(s):                         1  (436 residues searched)
Target model(s):                       19632  (3329936 nodes)
Passed MSV filter:                       637  (0.032447); expected 392.6 (0.02)
Passed bias filter:                      464  (0.0236349); expected 392.6 (0.02)
Passed Vit filter:                        47  (0.00239405); expected 19.6 (0.001)
Passed Fwd filter:                         1  (5.09372e-05); expected 0.2 (1e-05)
Initial search space (Z):              19632  [actual number of targets]
Domain search space  (domZ):               1  [number of targets reported over threshold]
# CPU time: 0.30u 0.21s 00:00:00.51 Elapsed: 00:00:00.33
# Mc/sec: 4364.25
//
Query:       orf2  [L=117]
Description: source=IMGVR_UViG_3300011989_000065_3300011989_Ga0120380_1001695/12390-14146 coords=351..1 length=117 frame=6 desc=
Scores for complete sequence (score includes all domains):
   --- full sequence ---   --- best 1 domain ---    -#dom-
    E-value  score  bias    E-value  score  bias    exp  N  Model    Description
    ------- ------ -----    ------- ------ -----   ---- --  -------- -----------

   [No hits detected that satisfy reporting thresholds]


Domain annotation for each model (and alignments):

   [No targets detected that satisfy reporting thresholds]


Internal pipeline statistics summary:
-------------------------------------
Query sequence(s):                         1  (117 residues searched)
Target model(s):                       19632  (3329936 nodes)
Passed MSV filter:                       280  (0.0142624); expected 392.6 (0.02)
Passed bias filter:                      234  (0.0119193); expected 392.6 (0.02)
Passed Vit filter:                        12  (0.000611247); expected 19.6 (0.001)
Passed Fwd filter:                         0  (0); expected 0.2 (1e-05)
Initial search space (Z):              19632  [actual number of targets]
Domain search space  (domZ):               0  [number of targets reported over threshold]
# CPU time: 0.28u 0.14s 00:00:00.42 Elapsed: 00:00:00.28
# Mc/sec: 1359.11
//
[ok]
