# hmmscan :: search sequence(s) against a profile database
# HMMER 3.3.2 (Nov 2020); http://hmmer.org/
# Copyright (C) 2020 Howard Hughes Medical Institute.
# Freely distributed under the BSD open source license.
# - - - - - - - - - - - - - - - - - - - - - - - - - - - - - - - - - - - -
# query sequence file:             -
# target HMM database:             /n/eddy_lab/data/pfam-35.0/Pfam-A.hmm
# output directed to file:         ./c1_windows_new/hmmscan/out/IMGVR_UViG_3300045988_154934_3300045988_Ga0495776_029617_hmmscan_output.out
# per-seq hits tabular output:     ./c1_windows_new/hmmscan/tblout/IMGVR_UViG_3300045988_154934_3300045988_Ga0495776_029617_hmmscan_output.tblout
# - - - - - - - - - - - - - - - - - - - - - - - - - - - - - - - - - - - -

Query:       orf1  [L=104]
Description: source=IMGVR_UViG_3300045988_154934_3300045988_Ga0495776_029617/45567-47250 coords=1058..1369 length=104 frame=2 desc=
Scores for complete sequence (score includes all domains):
   --- full sequence ---   --- best 1 domain ---    -#dom-
    E-value  score  bias    E-value  score  bias    exp  N  Model    Description
    ------- ------ -----    ------- ------ -----   ---- --  -------- -----------

   [No hits detected that satisfy reporting thresholds]


Domain annotation for each model (and alignments):

   [No targets detected that satisfy reporting thresholds]


Internal pipeline statistics summary:
-------------------------------------
Query sequence(s):                         1  (104 residues searched)
Target model(s):                       19632  (3329936 nodes)
Passed MSV filter:                       312  (0.0158924); expected 392.6 (0.02)
Passed bias filter:                      276  (0.0140587); expected 392.6 (0.02)
Passed Vit filter:                        12  (0.000611247); expected 19.6 (0.001)
Passed Fwd filter:                         0  (0); expected 0.2 (1e-05)
Initial search space (Z):              19632  [actual number of targets]
Domain search space  (domZ):               0  [number of targets reported over threshold]
# CPU time: 0.28u 0.16s 00:00:00.44 Elapsed: 00:00:00.32
# Mc/sec: 1068.70
//
Query:       orf2  [L=487]
Description: source=IMGVR_UViG_3300045988_154934_3300045988_Ga0495776_029617/45567-47250 coords=49..1509 length=487 frame=1 desc=
Scores for complete sequence (score includes all domains):
   --- full sequence ---   --- best 1 domain ---    -#dom-
    E-value  score  bias    E-value  score  bias    exp  N  Model          Description
    ------- ------ -----    ------- ------ -----   ---- --  --------       -----------

   [No hits detected that satisfy reporting thresholds]


Domain annotation for each model (and alignments):

   [No targets detected that satisfy reporting thresholds]


Internal pipeline statistics summary:
-------------------------------------
Query sequence(s):                         1  (487 residues searched)
Target model(s):                       19632  (3329936 nodes)
Passed MSV filter:                      1310  (0.0667278); expected 392.6 (0.02)
Passed bias filter:                      497  (0.0253158); expected 392.6 (0.02)
Passed Vit filter:                        35  (0.0017828); expected 19.6 (0.001)
Passed Fwd filter:                         1  (5.09372e-05); expected 0.2 (1e-05)
Initial search space (Z):              19632  [actual number of targets]
Domain search space  (domZ):               0  [number of targets reported over threshold]
# CPU time: 0.36u 0.15s 00:00:00.51 Elapsed: 00:00:00.31
# Mc/sec: 5105.99
//
Query:       orf3  [L=117]
Description: source=IMGVR_UViG_3300045988_154934_3300045988_Ga0495776_029617/45567-47250 coords=1243..893 length=117 frame=4 desc=
Scores for complete sequence (score includes all domains):
   --- full sequence ---   --- best 1 domain ---    -#dom-
    E-value  score  bias    E-value  score  bias    exp  N  Model         Description
    ------- ------ -----    ------- ------ -----   ---- --  --------      -----------
  ------ inclusion threshold ------
      0.064   14.3   0.5      0.064   14.3   0.5    1.7  2  Gly-rich_Ago1  Glycine-rich region of argonaut


Domain annotation for each model (and alignments):
>> Gly-rich_Ago1  Glycine-rich region of argonaut
   #    score  bias  c-Evalue  i-Evalue hmmfrom  hmm to    alifrom  ali to    envfrom  env to     acc
 ---   ------ ----- --------- --------- ------- -------    ------- -------    ------- -------    ----
   1 ?   14.3   0.5   3.3e-06     0.064      24      74 ..      24      70 ..       8      75 .. 0.70
   2 ?   -1.2   0.1       0.2   3.9e+03      45      79 ..      80     114 ..      76     117 .] 0.56

  Alignments for each domain:
  == domain 1  score: 14.3 bits;  conditional E-value: 3.3e-06
  Gly-rich_Ago1 24 gggrggsggrgvssggpsRppvPELHqAtqaqyqavvtqpspseagsssqP 74
                   +++r     r+   + p++ pvPEL qA  a ++a      p +   ++qP
           orf3 24 SRDRRRCRHRQRKFSHPQK-PVPELEQAHPAVHEAGC---CPYSGVRTRQP 70
                   4444443344444446998.**************984...56666666666 PP

  == domain 2  score: -1.2 bits;  conditional E-value: 0.2
  Gly-rich_Ago1  45 vPELHqAtqaqyqavv.tqpspseagsssqPtaEvS 79 
                    vP L    q ++  +  +  sp++ + +  P   vS
           orf3  80 VPALWRCRQRTWITASlSPVSPAGESPALPP-RSVS 114
                    6666666666665554244455555555555.5555 PP



Internal pipeline statistics summary:
-------------------------------------
Query sequence(s):                         1  (117 residues searched)
Target model(s):                       19632  (3329936 nodes)
Passed MSV filter:                       409  (0.0208333); expected 392.6 (0.02)
Passed bias filter:                      234  (0.0119193); expected 392.6 (0.02)
Passed Vit filter:                        18  (0.00091687); expected 19.6 (0.001)
Passed Fwd filter:                         1  (5.09372e-05); expected 0.2 (1e-05)
Initial search space (Z):              19632  [actual number of targets]
Domain search space  (domZ):               1  [number of targets reported over threshold]
# CPU time: 0.27u 0.16s 00:00:00.43 Elapsed: 00:00:00.29
# Mc/sec: 1331.66
//
Query:       orf4  [L=90]
Description: source=IMGVR_UViG_3300045988_154934_3300045988_Ga0495776_029617/45567-47250 coords=867..598 length=90 frame=5 desc=
Scores for complete sequence (score includes all domains):
   --- full sequence ---   --- best 1 domain ---    -#dom-
    E-value  score  bias    E-value  score  bias    exp  N  Model    Description
    ------- ------ -----    ------- ------ -----   ---- --  -------- -----------
  ------ inclusion threshold ------
       0.12   12.1   0.0       0.12   12.1   0.0    1.1  1  CBF_beta  Core binding factor beta subunit


Domain annotation for each model (and alignments):
>> CBF_beta  Core binding factor beta subunit
   #    score  bias  c-Evalue  i-Evalue hmmfrom  hmm to    alifrom  ali to    envfrom  env to     acc
 ---   ------ ----- --------- --------- ------- -------    ------- -------    ------- -------    ----
   1 ?   12.1   0.0   6.3e-06      0.12      82     111 ..       7      36 ..       1      62 [. 0.85

  Alignments for each domain:
  == domain 1  score: 12.1 bits;  conditional E-value: 6.3e-06
  CBF_beta  82 skeevdfekeaGkvhlksrfilNgvcvkvk 111
               ++ ++d+ + +G    k +++ Ngvcv+++
      orf4   7 HRLDCDLSRLPGIGNRKLHLVENGVCVHYR 36 
               5779***********************987 PP



Internal pipeline statistics summary:
-------------------------------------
Query sequence(s):                         1  (90 residues searched)
Target model(s):                       19632  (3329936 nodes)
Passed MSV filter:                       298  (0.0151793); expected 392.6 (0.02)
Passed bias filter:                      225  (0.0114609); expected 392.6 (0.02)
Passed Vit filter:                        24  (0.00122249); expected 19.6 (0.001)
Passed Fwd filter:                         1  (5.09372e-05); expected 0.2 (1e-05)
Initial search space (Z):              19632  [actual number of targets]
Domain search space  (domZ):               1  [number of targets reported over threshold]
# CPU time: 0.27u 0.14s 00:00:00.41 Elapsed: 00:00:00.29
# Mc/sec: 1017.60
//
Query:       orf5  [L=130]
Description: source=IMGVR_UViG_3300045988_154934_3300045988_Ga0495776_029617/45567-47250 coords=578..189 length=130 frame=6 desc=
Scores for complete sequence (score includes all domains):
   --- full sequence ---   --- best 1 domain ---    -#dom-
    E-value  score  bias    E-value  score  bias    exp  N  Model    Description
    ------- ------ -----    ------- ------ -----   ---- --  -------- -----------

   [No hits detected that satisfy reporting thresholds]


Domain annotation for each model (and alignments):

   [No targets detected that satisfy reporting thresholds]


Internal pipeline statistics summary:
-------------------------------------
Query sequence(s):                         1  (130 residues searched)
Target model(s):                       19632  (3329936 nodes)
Passed MSV filter:                      1087  (0.0553688); expected 392.6 (0.02)
Passed bias filter:                      348  (0.0177262); expected 392.6 (0.02)
Passed Vit filter:                        24  (0.00122249); expected 19.6 (0.001)
Passed Fwd filter:                         0  (0); expected 0.2 (1e-05)
Initial search space (Z):              19632  [actual number of targets]
Domain search space  (domZ):               0  [number of targets reported over threshold]
# CPU time: 0.28u 0.13s 00:00:00.41 Elapsed: 00:00:00.27
# Mc/sec: 1569.78
//
[ok]
