# hmmscan :: search sequence(s) against a profile database
# HMMER 3.3.2 (Nov 2020); http://hmmer.org/
# Copyright (C) 2020 Howard Hughes Medical Institute.
# Freely distributed under the BSD open source license.
# - - - - - - - - - - - - - - - - - - - - - - - - - - - - - - - - - - - -
# query sequence file:             -
# target HMM database:             /n/eddy_lab/data/pfam-35.0/Pfam-A.hmm
# output directed to file:         ./c1_windows_new/hmmscan/out/IMGVR_UViG_3300045988_103210_3300045988_Ga0495776_161600_hmmscan_output.out
# per-seq hits tabular output:     ./c1_windows_new/hmmscan/tblout/IMGVR_UViG_3300045988_103210_3300045988_Ga0495776_161600_hmmscan_output.tblout
# - - - - - - - - - - - - - - - - - - - - - - - - - - - - - - - - - - - -

Query:       orf1  [L=352]
Description: source=IMGVR_UViG_3300045988_103210_3300045988_Ga0495776_161600/1771-1 coords=3..1058 length=352 frame=3 desc=
Scores for complete sequence (score includes all domains):
   --- full sequence ---   --- best 1 domain ---    -#dom-
    E-value  score  bias    E-value  score  bias    exp  N  Model    Description
    ------- ------ -----    ------- ------ -----   ---- --  -------- -----------

   [No hits detected that satisfy reporting thresholds]


Domain annotation for each model (and alignments):

   [No targets detected that satisfy reporting thresholds]


Internal pipeline statistics summary:
-------------------------------------
Query sequence(s):                         1  (352 residues searched)
Target model(s):                       19632  (3329936 nodes)
Passed MSV filter:                       534  (0.0272005); expected 392.6 (0.02)
Passed bias filter:                      452  (0.0230236); expected 392.6 (0.02)
Passed Vit filter:                        41  (0.00208843); expected 19.6 (0.001)
Passed Fwd filter:                         0  (0); expected 0.2 (1e-05)
Initial search space (Z):              19632  [actual number of targets]
Domain search space  (domZ):               0  [number of targets reported over threshold]
# CPU time: 0.34u 0.18s 00:00:00.52 Elapsed: 00:00:00.35
# Mc/sec: 3322.79
//
Query:       orf2  [L=158]
Description: source=IMGVR_UViG_3300045988_103210_3300045988_Ga0495776_161600/1771-1 coords=1036..1509 length=158 frame=1 desc=
Scores for complete sequence (score includes all domains):
   --- full sequence ---   --- best 1 domain ---    -#dom-
    E-value  score  bias    E-value  score  bias    exp  N  Model    Description
    ------- ------ -----    ------- ------ -----   ---- --  -------- -----------
  ------ inclusion threshold ------
       0.18   12.0   0.0       0.24   11.5   0.0    1.4  1  FlhE      Flagellar protein FlhE


Domain annotation for each model (and alignments):
>> FlhE  Flagellar protein FlhE
   #    score  bias  c-Evalue  i-Evalue hmmfrom  hmm to    alifrom  ali to    envfrom  env to     acc
 ---   ------ ----- --------- --------- ------- -------    ------- -------    ------- -------    ----
   1 ?   11.5   0.0   1.2e-05      0.24      37      94 ..      35      96 ..       1     108 [. 0.78

  Alignments for each domain:
  == domain 1  score: 11.5 bits;  conditional E-value: 1.2e-05
  FlhE 37 ellsaapaglrvkLCna...erCveldgasGkteafeGepAtselrfvfevpgrga.lvpal 94
           +++a + +++v+LC     +   el g +G+++  +G++++s++++   + g+   +vp  
  orf2 35 CIQEADKLDIKVALCGDtffSVSSELGGGKGESDIPAGTDSDSNYSLDIVIAGKNYnIVPLY 96
          5778999********987888999************************99999876465555 PP



Internal pipeline statistics summary:
-------------------------------------
Query sequence(s):                         1  (158 residues searched)
Target model(s):                       19632  (3329936 nodes)
Passed MSV filter:                       768  (0.0391198); expected 392.6 (0.02)
Passed bias filter:                      630  (0.0320905); expected 392.6 (0.02)
Passed Vit filter:                        48  (0.00244499); expected 19.6 (0.001)
Passed Fwd filter:                         1  (5.09372e-05); expected 0.2 (1e-05)
Initial search space (Z):              19632  [actual number of targets]
Domain search space  (domZ):               1  [number of targets reported over threshold]
# CPU time: 0.35u 0.15s 00:00:00.50 Elapsed: 00:00:00.32
# Mc/sec: 1622.84
//
[ok]
