# hmmscan :: search sequence(s) against a profile database
# HMMER 3.3.2 (Nov 2020); http://hmmer.org/
# Copyright (C) 2020 Howard Hughes Medical Institute.
# Freely distributed under the BSD open source license.
# - - - - - - - - - - - - - - - - - - - - - - - - - - - - - - - - - - - -
# query sequence file:             -
# target HMM database:             /n/eddy_lab/data/pfam-35.0/Pfam-A.hmm
# output directed to file:         ./c1_windows_new/hmmscan/out/IMGVR_UViG_3300039437_000101_3300039437_Ga0436365_0349124_hmmscan_output.out
# per-seq hits tabular output:     ./c1_windows_new/hmmscan/tblout/IMGVR_UViG_3300039437_000101_3300039437_Ga0436365_0349124_hmmscan_output.tblout
# - - - - - - - - - - - - - - - - - - - - - - - - - - - - - - - - - - - -

Query:       orf1  [L=94]
Description: source=IMGVR_UViG_3300039437_000101_3300039437_Ga0436365_0349124/1092-2827 coords=158..439 length=94 frame=2 desc=
Scores for complete sequence (score includes all domains):
   --- full sequence ---   --- best 1 domain ---    -#dom-
    E-value  score  bias    E-value  score  bias    exp  N  Model    Description
    ------- ------ -----    ------- ------ -----   ---- --  -------- -----------

   [No hits detected that satisfy reporting thresholds]


Domain annotation for each model (and alignments):

   [No targets detected that satisfy reporting thresholds]


Internal pipeline statistics summary:
-------------------------------------
Query sequence(s):                         1  (94 residues searched)
Target model(s):                       19632  (3329936 nodes)
Passed MSV filter:                       482  (0.0245518); expected 392.6 (0.02)
Passed bias filter:                      202  (0.0102893); expected 392.6 (0.02)
Passed Vit filter:                        18  (0.00091687); expected 19.6 (0.001)
Passed Fwd filter:                         0  (0); expected 0.2 (1e-05)
Initial search space (Z):              19632  [actual number of targets]
Domain search space  (domZ):               0  [number of targets reported over threshold]
# CPU time: 0.32u 0.16s 00:00:00.48 Elapsed: 00:00:00.33
# Mc/sec: 922.77
//QQuery:       orf2  [L=122]
Description: source=IMGVR_UViG_3300039437_000101_3300039437_Ga0436365_0349124/1092-2827 coords=470..835 length=122 frame=2 desc=
Scores for complete sequence (score includes all domains):
   --- full sequence ---   --- best 1 domain ---    -#dom-
    E-value  score  bias    E-value  score  bias    exp  N  Model    Description
    ------- ------ -----    ------- ------ -----   ---- --  -------- -----------

   [No hits detected that satisfy reporting thresholds]


Domain annotation for each model (and alignments):

   [No targets detected that satisfy reporting thresholds]


Internal pipeline statistics summary:
-------------------------------------
Query sequence(s):                         1  (122 residues searched)
Target model(s):                       19632  (3329936 nodes)
Passed MSV filter:                       567  (0.0288814); expected 392.6 (0.02)
Passed bias filter:                      277  (0.0141096); expected 392.6 (0.02)
Passed Vit filter:                        23  (0.00117156); expected 19.6 (0.001)
Passed Fwd filter:                         0  (0); expected 0.2 (1e-05)
Initial search space (Z):              19632  [actual number of targets]
Domain search space  (domZ):               0  [number of targets reported over threshold]
# CPU time: 0.31u 0.17s 00:00:00.48 Elapsed: 00:00:00.33
# Mc/sec: 1205Query: Query:       orf3  [L=137]
Description: source=IMGVR_UViG_3300039437_000101_3300039437_Ga0436365_0349124/1092-2827 coords=882..1292 length=137 frame=3 desc=
Scores for complete sequence (score includes all domains):
   --- full sequence ---   --- best 1 domain ---    -#dom-
    E-value  score  bias    E-value  score  bias    exp  N  Model    Description
    ------- ------ -----    ------- ------ -----   ---- --  -------- -----------

   [No hits detected that satisfy reporting thresholds]


Domain annotation for each model (and alignments):

   [No targets detected that satisfy reporting thresholds]


Internal pipeline statistics summary:
-------------------------------------
Query sequence(s):                         1  (137 residues searched)
Target model(s):                       19632  (3329936 nodes)
Passed MSV filter:                       166  (0.00845558); expected 392.6 (0.02)
Passed bias filter:                      108  (0.00550122); expected 392.6 (0.02)
Passed Vit filter:                         5  (0.000254686); expected 19.6 (0.001)
Passed Fwd filter:                         0  (0); expected 0.2 (1e-05)
Initial search space (Z):              19632  [actual number of targets]
Domain search space  (domZ):               0  [number of targets reported over threshold]
# CPU time: 0.29u 0.17s 00:00:00.46 Elapsed: 00:00:00.32
# Mc/sQuery:       orQuery:       orf4  [L=549]
Description: source=IMGVR_UViG_3300039437_000101_3300039437_Ga0436365_0349124/1092-2827 coords=1..1647 length=549 frame=1 desc=
Scores for complete sequence (score includes all domains):
   --- full sequence ---   --- best 1 domain ---    -#dom-
    E-value  score  bias    E-value  score  bias    exp  N  Model           Description
    ------- ------ -----    ------- ------ -----   ---- --  --------        -----------
    4.8e-34  117.9   0.0    2.4e-33  115.6   0.0    1.9  1  RVT_1            Reverse transcriptase (RNA-dependent DNA pol
    2.4e-12   47.1   0.0    6.7e-12   45.7   0.0    1.7  1  Intron_maturas2  Type II intron maturase
  ------ inclusion threshold ------
        1.3    9.1   5.1         15    5.7   0.2    3.7  4  TPR_10           Tetratricopeptide repeat


Domain annotation for each model (and alignments):
>> RVT_1  Reverse transcriptase (RNA-dependent DNA polymerase)
   #    score  bias  c-Evalue  i-Evalue hmmfrom  hmm to    alifrom  ali to    envfrom  env to     acc
 ---   ------ ----- --------- --------- ------- -------    ------- -------    ------- -------    ----
   1 !  115.6   0.0   3.7e-37   2.4e-33       1     222 []      28     295 ..      28     295 .. 0.95

  Alignments for each domain:
  == domain 1  score: 115.6 bits;  conditional E-value: 3.7e-37
            EE-TT.S-EEE....Query:       orf5  [L=161]
Description: source=IMGVR_UViG_3300039437_000101_3300039437_Ga0436365_0349124/1-948 coords=483..1 length=161 frame=4 desc=
Scores for complete sequence (score includes all domains):
   --- full sequence ---   --- best 1 domain ---    -#dom-
    E-value  score  bias    E-value  score  bias    exp  N  Model           Description
    ------- ------ -----    ------- ------ -----   ---- --  --------        -----------
  ------ inclusion threshold ------
       0.12   12.0   0.0        0.3   10.7   0.0    1.6  2  ATP-sulfurylase  ATP-sulfurylase


Domain annotation for each model (and alignments):
>> ATP-sulfurylase  ATP-sulfurylase
   #    score  bias  c-Evalue  i-Evalue hmmfrom  hmm to    alifrom  ali to    envfrom  env to     acc
 ---   ------ ----- --------- --------- ------- -------    ------- -------    ------- -------    ----
   1 ?   -1.9   0.0      0.11   2.1e+03      82     105 ..       4      27 ..       3      29 .. 0.81
   2 ?   10.7   0.0   1.5e-05       0.3      42      88 ..     101     145 ..      81     153 .. 0.83

  Alignments for each domain:
  == domain 1  score: -1.9 bits;  conditional E-value: 0.11
                      GGGEEE-BB-SB---SCHHHHHHH CS
  ATP-sulfurylase  82 kdrvvlallplamryaGprEallh 105
                      ++++v+ +  l++ry+ p++a ++
             orf5   4 PRSHVFRTPSLSERYSAPNDAAHD 27 
                      5678888889999*****999865 PP

  == domain 2  score: 10.7 bits;  conditional E-value: 1.5e-05
                      HHHH.TSEEEEEEB-SB-STTSTTHHHHHHHHHHHHHHHS-GGGEEE- CS
  ATP-sulfurylase  42 alee.eadlllhplvgetkpgdvpaevrvrayealleeylpkdrvvla 88 
                       +++ +a++l+h  +g  + +d++ e rv+a e+ +e  + +dr+  a
             orf5 101 LARHqAAQVLVH--LGLDRVDDFQSELRVQALEVAVEP-VADDRIAAA 145
                      45555777****..9*********************99.777776655 PP



Internal pipeline statistics summary:
-------------------------------------
Query sequence(s):                         1  (161 residues searched)
Target model(s):                       19632  (3329936 nodes)
Passed MSV filter:                       500  (0.0254686); expected 392.6 (0.02)
Passed bias filter:                      328  (0.0167074); expected 392.6 (0.02)
Passed Vit filter:                        22  (0.00112062); expected 19.6 (0.001)
Passed Fwd filter:                         1  (5.09372e-05); expected 0.2 (1e-05)
Initial search space (Z):              19632  [actual number of targets]
Domain search space  (domZ):               1  [number of targets reported over threshold]
# CPU time: 0.29u 0.18s 00:00:00.47 Elapsed: 00:00:00.33
# Mc/sec: 1615.61
//
[ok]
- -------    ------- -------    ----
   1 ?    5.7   0.2    0.0023        15       4      24 ..     194     214 ..     193     218 .. 0.86
   2 ?   -2.2   0.0       0.7   4.6e+03      29      41 ..     446     458 ..     445     459 .. 0.80
   3 ?   -3.6   0.0         2   1.3e+04      23      37 ..     467     481 ..     466     484 .. 0.81
   4 ?    3.7   0.0      0.01        66      31      40 ..     536     545 ..     535     547 .. 0.89

  Alignments for each domain:
  == domain 1  score: 5.7 bits;  conditional E-value: 0.0023
  TPR_10   4 slnNLanaysqrgrydeAeal 24 
             sl+  a++++++gr ++A++l
    orf4 194 SLSSKARYLRRMGRPEAARRL 214
             677789*************98 PP

  == domain 2  score: -2.2 bits;  conditional E-value: 0.7
  TPR_10  29 lairrrllGpdHP 41 
             l++ r++  +dHP
    orf4 446 LRTNRQAILDDHP 458
             7888888889**9 PP

  == domain 3  score: -3.6 bits;  conditional E-value: 2
  TPR_10  23 alleealairrrllG 37 
             +lle+ la   +l+G
    orf4 467 ELLERLLADTCELCG 481
             688999999999988 PP

  == domain 4  score: 3.7 bits;  conditional E-value: 0.01
  TPR_10  31 irrrllGpdH 40 
             +rr++lG+dH
    orf4 536 RRRKALGTDH 545
             69******** PP



Internal pipeline statistics summary:
-------------------------------------
Query sequence(s):                         1  (549 residues searched)
Target model(s):                       19632  (3329936 nodes)
Passed MSV filter:                       533  (0.0271496); expected 392.6 (0.02)
Passed bias filter:                      422  (0.0214955); expected 392.6 (0.02)
Passed Vit filter:                        44  (0.00224124); expected 19.6 (0.001)
Passed Fwd filter:                         3  (0.000152812); expected 0.2 (1e-05)
Initial search space (Z):              19632  [actual number of targets]
Domain search space  (domZ):               3  [number of targets reported over threshold]
# CPU time: 0.37u 0.18s 00:00:00.55 Elapsed: 00:00:00.33
# Mc/sec: 5469.38
//
Query:       orf5  [L=109]
Description: source=IMGVR_UViG_3300039437_000101_3300039437_Ga0436365_0349124/1092-2827 coords=1410..1736 length=109 frame=3 desc=
Scores for complete sequence (score includes all domains):
   --- full sequence ---   --- best 1 domain ---    -#dom-
    E-value  score  bias    E-value  score  bias    exp  N  Model    Description
    ------- ------ -----    ------- ------ -----   ---- --  -------- -----------
  ------ inclusion threshold ------
       0.12   12.8   0.1       0.23   11.9   0.1    1.4  1  FinO_N    Fertility inhibition protein N terminal


Domain annotation for each model (and alignments):
>> FinO_N  Fertility inhibition protein N terminal
   #    score  bias  c-Evalue  i-Evalue hmmfrom  hmm to    alifrom  ali to    envfrom  env to     acc
 ---   ------ ----- --------- --------- ------- -------    ------- -------    ------- -------    ----
   1 ?   11.9   0.1   1.2e-05      0.23       6      24 ..      53      72 ..      49      87 .. 0.79

  Alignments for each domain:
  == domain 1  score: 11.9 bits;  conditional E-value: 1.2e-05
  FinO_N  6 RPvLtLkRktegtAPars.R 24
             P L+L+R   +tAPa+s R
    orf5 53 LPCLSLRRPRGSTAPAESsR 72
            599**************962 PP



Internal pipeline statistics summary:
-------------------------------------
Query sequence(s):                         1  (109 residues searched)
Target model(s):                       19632  (3329936 nodes)
Passed MSV filter:                       207  (0.010544); expected 392.6 (0.02)
Passed bias filter:                      150  (0.00764059); expected 392.6 (0.02)
Passed Vit filter:                         9  (0.000458435); expected 19.6 (0.001)
Passed Fwd filter:                         1  (5.09372e-05); expected 0.2 (1e-05)
Initial search space (Z):              19632  [actual number of targets]
Domain search space  (domZ):               1  [number of targets reported over threshold]
# CPU time: 0.28u 0.16s 00:00:00.44 Elapsed: 00:00:00.30
# Mc/sec: 1200.28
//
Query:       orf6  [L=96]
Description: source=IMGVR_UViG_3300039437_000101_3300039437_Ga0436365_0349124/1092-2827 coords=1734..1447 length=96 frame=6 desc=
Scores for complete sequence (score includes all domains):
   --- full sequence ---   --- best 1 domain ---    -#dom-
    E-value  score  bias    E-value  score  bias    exp  N  Model    Description
    ------- ------ -----    ------- ------ -----   ---- --  -------- -----------

   [No hits detected that satisfy reporting thresholds]


Domain annotation for each model (and alignments):

   [No targets detected that satisfy reporting thresholds]


Internal pipeline statistics summary:
-------------------------------------
Query sequence(s):                         1  (96 residues searched)
Target model(s):                       19632  (3329936 nodes)
Passed MSV filter:                       179  (0.00911777); expected 392.6 (0.02)
Passed bias filter:                      155  (0.00789527); expected 392.6 (0.02)
Passed Vit filter:                         7  (0.000356561); expected 19.6 (0.001)
Passed Fwd filter:                         0  (0); expected 0.2 (1e-05)
Initial search space (Z):              19632  [actual number of targets]
Domain search space  (domZ):               0  [number of targets reported over threshold]
# CPU time: 0.26u 0.16s 00:00:00.42 Elapsed: 00:00:00.30
# Mc/sec: 1060.35
//
Query:       orf7  [L=279]
Description: source=IMGVR_UViG_3300039437_000101_3300039437_Ga0436365_0349124/1092-2827 coords=1443..607 length=279 frame=6 desc=
Scores for complete sequence (score includes all domains):
   --- full sequence ---   --- best 1 domain ---    -#dom-
    E-value  score  bias    E-value  score  bias    exp  N  Model    Description
    ------- ------ -----    ------- ------ -----   ---- --  -------- -----------

   [No hits detected that satisfy reporting thresholds]


Domain annotation for each model (and alignments):

   [No targets detected that satisfy reporting thresholds]


Internal pipeline statistics summary:
-------------------------------------
Query sequence(s):                         1  (279 residues searched)
Target model(s):                       19632  (3329936 nodes)
Passed MSV filter:                       190  (0.00967808); expected 392.6 (0.02)
Passed bias filter:                      171  (0.00871027); expected 392.6 (0.02)
Passed Vit filter:                         8  (0.000407498); expected 19.6 (0.001)
Passed Fwd filter:                         0  (0); expected 0.2 (1e-05)
Initial search space (Z):              19632  [actual number of targets]
Domain search space  (domZ):               0  [number of targets reported over threshold]
# CPU time: 0.30u 0.18s 00:00:00.48 Elapsed: 00:00:00.33
# Mc/sec: 2751.73
//
Query:       orf8  [L=201]
Description: source=IMGVR_UViG_3300039437_000101_3300039437_Ga0436365_0349124/1092-2827 coords=603..1 length=201 frame=6 desc=
Scores for complete sequence (score includes all domains):
   --- full sequence ---   --- best 1 domain ---    -#dom-
    E-value  score  bias    E-value  score  bias    exp  N  Model    Description
    ------- ------ -----    ------- ------ -----   ---- --  -------- -----------

   [No hits detected that satisfy reporting thresholds]


Domain annotation for each model (and alignments):

   [No targets detected that satisfy reporting thresholds]


Internal pipeline statistics summary:
-------------------------------------
Query sequence(s):                         1  (201 residues searched)
Target model(s):                       19632  (3329936 nodes)
Passed MSV filter:                       344  (0.0175224); expected 392.6 (0.02)
Passed bias filter:                      276  (0.0140587); expected 392.6 (0.02)
Passed Vit filter:                        11  (0.00056031); expected 19.6 (0.001)
Passed Fwd filter:                         0  (0); expected 0.2 (1e-05)
Initial search space (Z):              19632  [actual number of targets]
Domain search space  (domZ):               0  [number of targets reported over threshold]
# CPU time: 0.31u 0.16s 00:00:00.47 Elapsed: 00:00:00.32
# Mc/sec: 2063.00
//
[ok]
