# hmmscan :: search sequence(s) against a profile database
# HMMER 3.3.2 (Nov 2020); http://hmmer.org/
# Copyright (C) 2020 Howard Hughes Medical Institute.
# Freely distributed under the BSD open source license.
# - - - - - - - - - - - - - - - - - - - - - - - - - - - - - - - - - - - -
# query sequence file:             -
# target HMM database:             /n/eddy_lab/data/pfam-35.0/Pfam-A.hmm
# output directed to file:         ./c1_windows_new/hmmscan/out/IMGVR_UViG_3300046620_000020_3300046620_Ga0456514_000527_hmmscan_output.out
# per-seq hits tabular output:     ./c1_windows_new/hmmscan/tblout/IMGVR_UViG_3300046620_000020_3300046620_Ga0456514_000527_hmmscan_output.tblout
# - - - - - - - - - - - - - - - - - - - - - - - - - - - - - - - - - - - -

Query:       orf1  [L=91]
Description: source=IMGVR_UViG_3300046620_000020_3300046620_Ga0456514_000527/1-816 coords=309..37 length=91 frame=4 desc=
Scores for complete sequence (score includes all domains):
   --- full sequence ---   --- best 1 domain ---    -#dom-
    E-value  score  bias    E-value  score  bias    exp  N  Model    Description
    ------- ------ -----    ------- ------ -----   ---- --  -------- -----------
  ------ inclusion threshold ------
      0.022   14.9   0.9      0.047   13.9   0.9    1.6  1  CFEM      CFEM domain


Domain annotation for each model (and alignments):
>> CFEM  CFEM domain
   #    score  bias  c-Evalue  i-Evalue hmmfrom  hmm to    alifrom  ali to    envfrom  env to     acc
 ---   ------ ----- --------- --------- ------- -------    ------- -------    ------- -------    ----
   1 ?   13.9   0.9   2.4e-06     0.047       2      34 ..      37      73 ..      36      81 .. 0.78

  Alignments for each domain:
  == domain 1  score: 13.9 bits;  conditional E-value: 2.4e-06
          TTTS-GGGTCGGG---TT....SS..S-TT-HHHHHH- CS
  CFEM  2 lsalPkCaqdClaeavkk....ss.gCakddtaCiCtn 34
          l+++P+C++ C  +av+     s+ +C +d t C+C+ 
  orf1 37 LPSVPNCGRHCTFSAVQVvenySDiKC-LDGTLCVCNH 73
          6799*******9999865444677788.7778899954 PP



Internal pipeline statistics summary:
-------------------------------------
Query sequence(s):                         1  (91 residues searched)
Target model(s):                       19632  (3329936 nodes)
Passed MSV filter:                       362  (0.0184393); expected 392.6 (0.02)
Passed bias filter:                      207  (0.010544); expected 392.6 (0.02)
Passed Vit filter:                        11  (0.00056031); expected 19.6 (0.001)
Passed Fwd filter:                         1  (5.09372e-05); expected 0.2 (1e-05)
Initial search space (Z):              19632  [actual number of targets]
Domain search space  (domZ):               1  [number of targets reported over threshold]
# CPU time: 0.33u 0.16s 00:00:00.49 Elapsed: 00:00:00.32
# Mc/sec: 929.39
//
[ok]
