# hmmscan :: search sequence(s) against a profile database
# HMMER 3.3.2 (Nov 2020); http://hmmer.org/
# Copyright (C) 2020 Howard Hughes Medical Institute.
# Freely distributed under the BSD open source license.
# - - - - - - - - - - - - - - - - - - - - - - - - - - - - - - - - - - - -
# query sequence file:             -
# target HMM database:             /n/eddy_lab/data/pfam-35.0/Pfam-A.hmm
# output directed to file:         ./c1_windows_new/hmmscan/out/IMGVR_UViG_3300000032_000501_3300000032_Draft_c0010149_hmmscan_output.out
# per-seq hits tabular output:     ./c1_windows_new/hmmscan/tblout/IMGVR_UViG_3300000032_000501_3300000032_Draft_c0010149_hmmscan_output.tblout
# - - - - - - - - - - - - - - - - - - - - - - - - - - - - - - - - - - - -

Query:       orf1  [L=294]
Description: source=IMGVR_UViG_3300000032_000501_3300000032_Draft_c0010149/753-2839 coords=177..1058 length=294 frame=3 desc=
Scores for complete sequence (score includes all domains):
   --- full sequence ---   --- best 1 domain ---    -#dom-
    E-value  score  bias    E-value  score  bias    exp  N  Model    Description
    ------- ------ -----    ------- ------ -----   ---- --  -------- -----------
    0.00027   21.3   3.3    0.00068   20.0   3.3    1.8  1  Ig_7      Ig-like domain CHU_C associated
     0.0007   20.2   1.6     0.0011   19.6   0.7    1.8  2  Ig_3      Immunoglobulin domain


Domain annotation for each model (and alignments):
>> Ig_7  Ig-like domain CHU_C associated
   #    score  bias  c-Evalue  i-Evalue hmmfrom  hmm to    alifrom  ali to    envfrom  env to     acc
 ---   ------ ----- --------- --------- ------- -------    ------- -------    ------- -------    ----
   1 !   20.0   3.3   6.9e-08   0.00068      14      70 ..     218     281 ..     195     294 .] 0.64

  Alignments for each domain:
  == domain 1  score: 20.0 bits;  conditional E-value: 6.9e-08
  Ig_7  14 agesatLtvtnpsagvtynWY....taatggtlla..tgttfttpa.ltatttYYveav.sangC 70 
           +g+  ++  +n+s+ vty+WY    +++tggt++   t ++f +p+ l a+t YY  +v + +g 
  orf1 218 TGSLSVVASSNTSNPVTYQWYentiDSSTGGTPINgeTSASFDIPTdLLADTYYY-YCVlNLSGA 281
           34444555667899*******6666679******644888999996355555555.444366665 PP

>> Ig_3  Immunoglobulin domain
   #    score  bias  c-Evalue  i-Evalue hmmfrom  hmm to    alifrom  ali to    envfrom  env to     acc
 ---   ------ ----- --------- --------- ------- -------    ------- -------    ------- -------    ----
   1 ?   -2.4   0.0      0.85   8.3e+03       8      22 ..     129     143 ..     124     147 .. 0.69
   2 !   19.6   0.7   1.1e-07    0.0011       4      76 ..     202     275 ..     197     277 .. 0.78

  Alignments for each domain:
  == domain 1  score: -2.4 bits;  conditional E-value: 0.85
           CSCEEEETTS-EEEE CS
  Ig_3   8 pssttvtegenvtLt 22 
           p ++ +t+g+++t++
  orf1 129 PATSLATKGDSITFS 143
           444457999999975 PP

  == domain 2  score: 19.6 bits;  conditional E-value: 1.1e-07
           EECCCSCEE.EETTS.-EEEEEEEEEES--..EEEEEETTS---TTCSEEESSEECCCTEEEESS--GGG-EEEEEE CS
  Ig_3   4 itvppsstt.vtege.nvtLtCeaegnppp..titWykngkklssgstsssisssgsnssLtisnvtksdsGtYtCv 76 
           it++p   t vt g+ + +L+  a++n ++  t++Wy n  ++s+g t+    ++++++s+ i      d+  Y+Cv
  orf1 202 ITTQPAALTeVTVGSiTGSLSVVASSNTSNpvTYQWYENTIDSSTGGTP---INGETSASFDIPTDLLADTYYYYCV 275
           4455555458999998889*****55555559*********76666666...789999*******99*********8 PP



Internal pipeline statistics summary:
-------------------------------------
Query sequence(s):                         1  (294 residues searched)
Target model(s):                       19632  (3329936 nodes)
Passed MSV filter:                       412  (0.0209861); expected 392.6 (0.02)
Passed bias filter:                      320  (0.0162999); expected 392.6 (0.02)
Passed Vit filter:                        23  (0.00117156); expected 19.6 (0.001)
Passed Fwd filter:                         2  (0.000101874); expected 0.2 (1e-05)
Initial search space (Z):              19632  [actual number of targets]
Domain search space  (domZ):               2  [number of targets reported over threshold]
# CPU time: 0.34u 0.19s 00:00:00.53 Elapsed: 00:00:00.36
# Mc/sec: 2682.50
//
Query:       orf2  [L=136]
Description: source=IMGVR_UViG_3300000032_000501_3300000032_Draft_c0010149/753-2839 coords=1076..1483 length=136 frame=2 desc=
Scores for complete sequence (score includes all domains):
   --- full sequence ---   --- best 1 domain ---    -#dom-
    E-value  score  bias    E-value  score  bias    exp  N  Model    Description
    ------- ------ -----    ------- ------ -----   ---- --  -------- -----------

   [No hits detected that satisfy reporting thresholds]


Domain annotation for each model (and alignments):

   [No targets detected that satisfy reporting thresholds]


Internal pipeline statistics summary:
-------------------------------------
Query sequence(s):                         1  (136 residues searched)
Target model(s):                       19632  (3329936 nodes)
Passed MSV filter:                       583  (0.0296964); expected 392.6 (0.02)
Passed bias filter:                      356  (0.0181337); expected 392.6 (0.02)
Passed Vit filter:                        27  (0.00137531); expected 19.6 (0.001)
Passed Fwd filter:                         0  (0); expected 0.2 (1e-05)
Initial search space (Z):              19632  [actual number of targets]
Domain search space  (domZ):               0  [number of targets reported over threshold]
# CPU time: 0.31u 0.17s 00:00:00.48 Elapsed: 00:00:00.32
# Mc/sec: 1397.45
//
Query:       orf3  [L=112]
Description: source=IMGVR_UViG_3300000032_000501_3300000032_Draft_c0010149/753-2839 coords=2065..1730 length=112 frame=5 desc=
Scores for complete sequence (score includes all domains):
   --- full sequence ---   --- best 1 domain ---    -#dom-
    E-value  score  bias    E-value  score  bias    exp  N  Model    Description
    ------- ------ -----    ------- ------ -----   ---- --  -------- -----------

   [No hits detected that satisfy reporting thresholds]


Domain annotation for each model (and alignments):

   [No targets detected that satisfy reporting thresholds]


Internal pipeline statistics summary:
-------------------------------------
Query sequence(s):                         1  (112 residues searched)
Target model(s):                       19632  (3329936 nodes)
Passed MSV filter:                       355  (0.0180827); expected 392.6 (0.02)
Passed bias filter:                      236  (0.0120212); expected 392.6 (0.02)
Passed Vit filter:                        23  (0.00117156); expected 19.6 (0.001)
Passed Fwd filter:                         0  (0); expected 0.2 (1e-05)
Initial search space (Z):              19632  [actual number of targets]
Domain search space  (domZ):               0  [number of targets reported over threshold]
# CPU time: 0.28u 0.19s 00:00:00.47 Elapsed: 00:00:00.34
# Mc/sec: 1084.89
//
Query:       orf4  [L=110]
Description: source=IMGVR_UViG_3300000032_000501_3300000032_Draft_c0010149/753-2839 coords=1390..1061 length=110 frame=5 desc=
Scores for complete sequence (score includes all domains):
   --- full sequence ---   --- best 1 domain ---    -#dom-
    E-value  score  bias    E-value  score  bias    exp  N  Model    Description
    ------- ------ -----    ------- ------ -----   ---- --  -------- -----------

   [No hits detected that satisfy reporting thresholds]


Domain annotation for each model (and alignments):

   [No targets detected that satisfy reporting thresholds]


Internal pipeline statistics summary:
-------------------------------------
Query sequence(s):                         1  (110 residues searched)
Target model(s):                       19632  (3329936 nodes)
Passed MSV filter:                       319  (0.016249); expected 392.6 (0.02)
Passed bias filter:                      178  (0.00906683); expected 392.6 (0.02)
Passed Vit filter:                         6  (0.000305623); expected 19.6 (0.001)
Passed Fwd filter:                         0  (0); expected 0.2 (1e-05)
Initial search space (Z):              19632  [actual number of targets]
Domain search space  (domZ):               0  [number of targets reported over threshold]
# CPU time: 0.27u 0.17s 00:00:00.44 Elapsed: 00:00:00.32
# Mc/sec: 1133.67
//
Query:       orf5  [L=183]
Description: source=IMGVR_UViG_3300000032_000501_3300000032_Draft_c0010149/753-2839 coords=1007..459 length=183 frame=4 desc=
Scores for complete sequence (score includes all domains):
   --- full sequence ---   --- best 1 domain ---    -#dom-
    E-value  score  bias    E-value  score  bias    exp  N  Model    Description
    ------- ------ -----    ------- ------ -----   ---- --  -------- -----------

   [No hits detected that satisfy reporting thresholds]


Domain annotation for each model (and alignments):

   [No targets detected that satisfy reporting thresholds]


Internal pipeline statistics summary:
-------------------------------------
Query sequence(s):                         1  (183 residues searched)
Target model(s):                       19632  (3329936 nodes)
Passed MSV filter:                       422  (0.0214955); expected 392.6 (0.02)
Passed bias filter:                      246  (0.0125306); expected 392.6 (0.02)
Passed Vit filter:                        13  (0.000662184); expected 19.6 (0.001)
Passed Fwd filter:                         0  (0); expected 0.2 (1e-05)
Initial search space (Z):              19632  [actual number of targets]
Domain search space  (domZ):               0  [number of targets reported over threshold]
# CPU time: 0.28u 0.17s 00:00:00.45 Elapsed: 00:00:00.31
# Mc/sec: 1912.82
//
[ok]
