# hmmscan :: search sequence(s) against a profile database
# HMMER 3.3.2 (Nov 2020); http://hmmer.org/
# Copyright (C) 2020 Howard Hughes Medical Institute.
# Freely distributed under the BSD open source license.
# - - - - - - - - - - - - - - - - - - - - - - - - - - - - - - - - - - - -
# query sequence file:             -
# target HMM database:             /n/eddy_lab/data/pfam-35.0/Pfam-A.hmm
# output directed to file:         ./c1_windows_new/hmmscan/out/IMGVR_UViG_2814123294_000007_2814123294_2814193235_278406-323422_hmmscan_output.out
# per-seq hits tabular output:     ./c1_windows_new/hmmscan/tblout/IMGVR_UViG_2814123294_000007_2814123294_2814193235_278406-323422_hmmscan_output.tblout
# - - - - - - - - - - - - - - - - - - - - - - - - - - - - - - - - - - - -

Query:       orf1  [L=101]
Description: source=IMGVR_UViG_2814123294_000007_2814123294_2814193235_278406-323422/25094-23002 coords=1126..1428 length=101 frame=1 desc=
Scores for complete sequence (score includes all domains):
   --- full sequence ---   --- best 1 domain ---    -#dom-
    E-value  score  bias    E-value  score  bias    exp  N  Model    Description
    ------- ------ -----    ------- ------ -----   ---- --  -------- -----------

   [No hits detected that satisfy reporting thresholds]


Domain annotation for each model (and alignments):

   [No targets detected that satisfy reporting thresholds]


Internal pipeline statistics summary:
-------------------------------------
Query sequence(s):                         1  (101 residues searched)
Target model(s):                       19632  (3329936 nodes)
Passed MSV filter:                       390  (0.0198655); expected 392.6 (0.02)
Passed bias filter:                      189  (0.00962714); expected 392.6 (0.02)
Passed Vit filter:                        10  (0.000509372); expected 19.6 (0.001)
Passed Fwd filter:                         0  (0); expected 0.2 (1e-05)
Initial search space (Z):              19632  [actual number of targets]
Domain search space  (domZ):               0  [number of targets reported over threshold]
# CPU time: 0.30u 0.18s 00:00:00.48 Elapsed: 00:00:00.34
# Mc/sec: 965.99
//
Query:       orf2  [L=505]
Description: source=IMGVR_UViG_2814123294_000007_2814123294_2814193235_278406-323422/25094-23002 coords=3..1517 length=505 frame=3 desc=
Scores for complete sequence (score includes all domains):
   --- full sequence ---   --- best 1 domain ---    -#dom-
    E-value  score  bias    E-value  score  bias    exp  N  Model    Description
    ------- ------ -----    ------- ------ -----   ---- --  -------- -----------
  ------ inclusion threshold ------
      0.089   12.9   0.0       0.21   11.7   0.0    1.6  1  DUF5001   Ig-like domain


Domain annotation for each model (and alignments):
>> DUF5001  Ig-like domain
   #    score  bias  c-Evalue  i-Evalue hmmfrom  hmm to    alifrom  ali to    envfrom  env to     acc
 ---   ------ ----- --------- --------- ------- -------    ------- -------    ------- -------    ----
   1 ?   11.7   0.0   1.1e-05      0.21      40      78 ..     232     272 ..     213     275 .. 0.90

  Alignments for each domain:
  == domain 1  score: 11.7 bits;  conditional E-value: 1.1e-05
              -SEEEE-TTEEEEEEEE..E-TT---EEEEEEEEEEEEETT CS
  DUF5001  40 pevltlkanstktleik..taekkesldlkfeVlNaliapd 78 
               + ++++a+ ++ + +k  t  +++ ++++++V +a++a+d
     orf2 232 VNDIVIPAGDSQVVWVKwhTPSTPQTVTITVSVSGAYTAQD 272
              4899**********99999********************98 PP



Internal pipeline statistics summary:
-------------------------------------
Query sequence(s):                         1  (505 residues searched)
Target model(s):                       19632  (3329936 nodes)
Passed MSV filter:                       539  (0.0274552); expected 392.6 (0.02)
Passed bias filter:                      409  (0.0208333); expected 392.6 (0.02)
Passed Vit filter:                        17  (0.000865933); expected 19.6 (0.001)
Passed Fwd filter:                         1  (5.09372e-05); expected 0.2 (1e-05)
Initial search space (Z):              19632  [actual number of targets]
Domain search space  (domZ):               1  [number of targets reported over threshold]
# CPU time: 0.37u 0.19s 00:00:00.56 Elapsed: 00:00:00.35
# Mc/sec: 4696.81
//
Query:       orf3  [L=111]
Description: source=IMGVR_UViG_2814123294_000007_2814123294_2814193235_278406-323422/25094-23002 coords=1415..1083 length=111 frame=4 desc=
Scores for complete sequence (score includes all domains):
   --- full sequence ---   --- best 1 domain ---    -#dom-
    E-value  score  bias    E-value  score  bias    exp  N  Model    Description
    ------- ------ -----    ------- ------ -----   ---- --  -------- -----------

   [No hits detected that satisfy reporting thresholds]


Domain annotation for each model (and alignments):

   [No targets detected that satisfy reporting thresholds]


Internal pipeline statistics summary:
-------------------------------------
Query sequence(s):                         1  (111 residues searched)
Target model(s):                       19632  (3329936 nodes)
Passed MSV filter:                       254  (0.0129381); expected 392.6 (0.02)
Passed bias filter:                      148  (0.00753871); expected 392.6 (0.02)
Passed Vit filter:                        11  (0.00056031); expected 19.6 (0.001)
Passed Fwd filter:                         0  (0); expected 0.2 (1e-05)
Initial search space (Z):              19632  [actual number of targets]
Domain search space  (domZ):               0  [number of targets reported over threshold]
# CPU time: 0.30u 0.17s 00:00:00.47 Elapsed: 00:00:00.32
# Mc/sec: 1120.39
//
Query:       orf4  [L=160]
Description: source=IMGVR_UViG_2814123294_000007_2814123294_2814193235_278406-323422/25094-23002 coords=908..429 length=160 frame=4 desc=
Scores for complete sequence (score includes all domains):
   --- full sequence ---   --- best 1 domain ---    -#dom-
    E-value  score  bias    E-value  score  bias    exp  N  Model    Description
    ------- ------ -----    ------- ------ -----   ---- --  -------- -----------

   [No hits detected that satisfy reporting thresholds]


Domain annotation for each model (and alignments):

   [No targets detected that satisfy reporting thresholds]


Internal pipeline statistics summary:
-------------------------------------
Query sequence(s):                         1  (160 residues searched)
Target model(s):                       19632  (3329936 nodes)
Passed MSV filter:                       365  (0.0185921); expected 392.6 (0.02)
Passed bias filter:                      300  (0.0152812); expected 392.6 (0.02)
Passed Vit filter:                        29  (0.00147718); expected 19.6 (0.001)
Passed Fwd filter:                         0  (0); expected 0.2 (1e-05)
Initial search space (Z):              19632  [actual number of targets]
Domain search space  (domZ):               0  [number of targets reported over threshold]
# CPU time: 0.31u 0.20s 00:00:00.51 Elapsed: 00:00:00.36
# Mc/sec: 1459.88
//
Query:       orf5  [L=135]
Description: source=IMGVR_UViG_2814123294_000007_2814123294_2814193235_278406-323422/25094-23002 coords=425..21 length=135 frame=4 desc=
Scores for complete sequence (score includes all domains):
   --- full sequence ---   --- best 1 domain ---    -#dom-
    E-value  score  bias    E-value  score  bias    exp  N  Model    Description
    ------- ------ -----    ------- ------ -----   ---- --  -------- -----------

   [No hits detected that satisfy reporting thresholds]


Domain annotation for each model (and alignments):

   [No targets detected that satisfy reporting thresholds]


Internal pipeline statistics summary:
-------------------------------------
Query sequence(s):                         1  (135 residues searched)
Target model(s):                       19632  (3329936 nodes)
Passed MSV filter:                       150  (0.00764059); expected 392.6 (0.02)
Passed bias filter:                      147  (0.00748778); expected 392.6 (0.02)
Passed Vit filter:                        20  (0.00101874); expected 19.6 (0.001)
Passed Fwd filter:                         0  (0); expected 0.2 (1e-05)
Initial search space (Z):              19632  [actual number of targets]
Domain search space  (domZ):               0  [number of targets reported over threshold]
# CPU time: 0.32u 0.18s 00:00:00.50 Elapsed: 00:00:00.35
# Mc/sec: 1266.32
//
[ok]
