# hmmscan :: search sequence(s) against a profile database
# HMMER 3.3.2 (Nov 2020); http://hmmer.org/
# Copyright (C) 2020 Howard Hughes Medical Institute.
# Freely distributed under the BSD open source license.
# - - - - - - - - - - - - - - - - - - - - - - - - - - - - - - - - - - - -
# query sequence file:             -
# target HMM database:             /n/eddy_lab/data/pfam-35.0/Pfam-A.hmm
# output directed to file:         ./c1_windows_new/hmmscan/out/IMGVR_UViG_2576861531_000003_2576861531_2576893981_hmmscan_output.out
# per-seq hits tabular output:     ./c1_windows_new/hmmscan/tblout/IMGVR_UViG_2576861531_000003_2576861531_2576893981_hmmscan_output.tblout
# - - - - - - - - - - - - - - - - - - - - - - - - - - - - - - - - - - - -

Query:       orf1  [L=150]
Description: source=IMGVR_UViG_2576861531_000003_2576861531_2576893981/1-1552 coords=3..452 length=150 frame=3 desc=
Scores for complete sequence (score includes all domains):
   --- full sequence ---   --- best 1 domain ---    -#dom-
    E-value  score  bias    E-value  score  bias    exp  N  Model           Description
    ------- ------ -----    ------- ------ -----   ---- --  --------        -----------
    2.1e-23   83.1   0.0    2.5e-23   82.9   0.0    1.1  1  Phage_integrase  Phage integrase family


Domain annotation for each model (and alignments):
>> Phage_integrase  Phage integrase family
   #    score  bias  c-Evalue  i-Evalue hmmfrom  hmm to    alifrom  ali to    envfrom  env to     acc
 ---   ------ ----- --------- --------- ------- -------    ------- -------    ------- -------    ----
   1 !   82.9   0.0   1.3e-27   2.5e-23      61     170 ..       3     114 ..       1     116 [. 0.96

  Alignments for each domain:
  == domain 1  score: 82.9 bits;  conditional E-value: 1.3e-27
                      ECSSSSEEEEECTHHHHHHHHHHHHHHHHTTTTTSBSSBETTSSB--HHHHHHHHHHHHHHTT-S......SC--CCHHHHHHHHHHHHHCTTH CS
  Phage_integrase  61 egKgskeravplseealellkellskaleeaeksellfaskrgkplsrqtvrkafkraveeagie......kpltpHtlRhsfataLleagvdl 148
                      +gKg+ker+ pl e    llk  ++++     ++++lf+++ ++p+sr  +++++k++ +   ++      k+++pH +Rh+ at+Ll++g d+
             orf1   3 HGKGRKERNCPLWEDFWDLLKPFIDNK----LPDDYLFLNRFNQPMSRFCIYEMIKKYSQDVILNhpslakKRPSPHVIRHTTATHLLNSGTDI 92 
                      69*************************....******************************8888889999*********************** PP

                      HHHHHHHTTSSCCHHHHHHHHH CS
  Phage_integrase 149 rvvqkllGHssisttqiYthva 170
                      + v + +GHssi tt+iY++ +
             orf1  93 DMVRNWMGHSSIDTTNIYAEIS 114
                      ******************9865 PP



Internal pipeline statistics summary:
-------------------------------------
Query sequence(s):                         1  (150 residues searched)
Target model(s):                       19632  (3329936 nodes)
Passed MSV filter:                       513  (0.0261308); expected 392.6 (0.02)
Passed bias filter:                      406  (0.0206805); expected 392.6 (0.02)
Passed Vit filter:                        29  (0.00147718); expected 19.6 (0.001)
Passed Fwd filter:                         1  (5.09372e-05); expected 0.2 (1e-05)
Initial search space (Z):              19632  [actual number of targets]
Domain search space  (domZ):               1  [number of targets reported over threshold]
# CPU time: 0.29u 0.21s 00:00:00.50 Elapsed: 00:00:00.36
# Mc/sec: 1380.50
//
Query:       orf2  [L=156]
Description: source=IMGVR_UViG_2576861531_000003_2576861531_2576893981/1-1552 coords=512..979 length=156 frame=2 desc=
Scores for complete sequence (score includes all domains):
   --- full sequence ---   --- best 1 domain ---    -#dom-
    E-value  score  bias    E-value  score  bias    exp  N  Model    Description
    ------- ------ -----    ------- ------ -----   ---- --  -------- -----------
    4.2e-25   88.5   0.1    5.2e-25   88.2   0.1    1.0  1  ArdcN     N-terminal domain of anti-restriction factor ArdC


Domain annotation for each model (and alignments):
>> ArdcN  N-terminal domain of anti-restriction factor ArdC
   #    score  bias  c-Evalue  i-Evalue hmmfrom  hmm to    alifrom  ali to    envfrom  env to     acc
 ---   ------ ----- --------- --------- ------- -------    ------- -------    ------- -------    ----
   1 !   88.2   0.1   2.7e-29   5.2e-25      10     122 .]      14     146 ..      10     146 .. 0.92

  Alignments for each domain:
  == domain 1  score: 88.2 bits;  conditional E-value: 2.7e-29
  ArdcN  10 qiieeleagtapWqkPwatsgsa.apqnvssgrpYsgiNqllLelqaeeagyespvwltfkqakklgaq...........vkkGekgtevvyyktfkkekedk. 100
             +ie++e+ +++W+kPw+t+g+  +p+n+ sgr+Y+g+N+++L +++e++gy+ p+++tf   + l+ +           v+ Gek++++++++++  +k+   
   orf2  14 LMIEKIESIRKDWRKPWFTEGALqWPRNL-SGREYNGMNAIMLLIHCEKEGYKIPRFCTFECVQRLNKSdkdnqekprvsVLRGEKSFPIMLTTFTCIHKDSGe 116
            59*******************99******.**************************************888889999999***********9996655555556 PP

  ArdcN 101 ........eadeeeeeeekeipvlktytVF 122
                    + +++e++e++ +p ++ ++VF
   orf2 117 kikyddykKLSDNEKKEYNVYPKMQVFRVF 146
            7888989899999999*************9 PP



Internal pipeline statistics summary:
-------------------------------------
Query sequence(s):                         1  (156 residues searched)
Target model(s):                       19632  (3329936 nodes)
Passed MSV filter:                       653  (0.033262); expected 392.6 (0.02)
Passed bias filter:                      414  (0.021088); expected 392.6 (0.02)
Passed Vit filter:                        26  (0.00132437); expected 19.6 (0.001)
Passed Fwd filter:                         1  (5.09372e-05); expected 0.2 (1e-05)
Initial search space (Z):              19632  [actual number of targets]
Domain search space  (domZ):               1  [number of targets reported over threshold]
# CPU time: 0.30u 0.18s 00:00:00.48 Elapsed: 00:00:00.33
# Mc/sec: 1553.70
//
[ok]
