# hmmscan :: search sequence(s) against a profile database
# HMMER 3.3.2 (Nov 2020); http://hmmer.org/
# Copyright (C) 2020 Howard Hughes Medical Institute.
# Freely distributed under the BSD open source license.
# - - - - - - - - - - - - - - - - - - - - - - - - - - - - - - - - - - - -
# query sequence file:             -
# target HMM database:             /n/eddy_lab/data/pfam-35.0/Pfam-A.hmm
# output directed to file:         ./c1_windows_new/hmmscan/out/IMGVR_UViG_3300029362_000446_3300029362_Ga0243852_1004901_hmmscan_output.out
# per-seq hits tabular output:     ./c1_windows_new/hmmscan/tblout/IMGVR_UViG_3300029362_000446_3300029362_Ga0243852_1004901_hmmscan_output.tblout
# - - - - - - - - - - - - - - - - - - - - - - - - - - - - - - - - - - - -

Query:       orf1  [L=103]
Description: source=IMGVR_UViG_3300029362_000446_3300029362_Ga0243852_1004901/3028-5090 coords=550..858 length=103 frame=1 desc=
Scores for complete sequence (score includes all domains):
   --- full sequence ---   --- best 1 domain ---    -#dom-
    E-value  score  bias    E-value  score  bias    exp  N  Model    Description
    ------- ------ -----    ------- ------ -----   ---- --  -------- -----------

   [No hits detected that satisfy reporting thresholds]


Domain annotation for each model (and alignments):

   [No targets detected that satisfy reporting thresholds]


Internal pipeline statistics summary:
-------------------------------------
Query sequence(s):                         1  (103 residues searched)
Target model(s):                       19632  (3329936 nodes)
Passed MSV filter:                       371  (0.0188977); expected 392.6 (0.02)
Passed bias filter:                      228  (0.0116137); expected 392.6 (0.02)
Passed Vit filter:                        11  (0.00056031); expected 19.6 (0.001)
Passed Fwd filter:                         0  (0); expected 0.2 (1e-05)
Initial search space (Z):              19632  [actual number of targets]
Domain search space  (domZ):               0  [number of targets reported over threshold]
# CPU time: 0.30u 0.19s 00:00:00.49 Elapsed: 00:00:00.35
# Mc/sec: 973.84
//
Query:       orf2  [L=374]
Description: source=IMGVR_UViG_3300029362_000446_3300029362_Ga0243852_1004901/3028-5090 coords=2..1123 length=374 frame=2 desc=
Scores for complete sequence (score includes all domains):
   --- full sequence ---   --- best 1 domain ---    -#dom-
    E-value  score  bias    E-value  score  bias    exp  N  Model    Description
    ------- ------ -----    ------- ------ -----   ---- --  -------- -----------
    3.5e-07   30.1   0.0      5e-07   29.6   0.0    1.2  1  AAA_25    AAA domain
  ------ inclusion threshold ------
      0.066   13.3   0.0       0.15   12.1   0.0    1.6  1  DUF4743   Domain of unknown function (DUF4743)


Domain annotation for each model (and alignments):
>> AAA_25  AAA domain
   #    score  bias  c-Evalue  i-Evalue hmmfrom  hmm to    alifrom  ali to    envfrom  env to     acc
 ---   ------ ----- --------- --------- ------- -------    ------- -------    ------- -------    ----
   1 !   29.6   0.0   5.1e-11     5e-07      32     193 ..      63     218 ..      38     219 .. 0.83

  Alignments for each domain:
  == domain 1  score: 29.6 bits;  conditional E-value: 5.1e-11
  AAA_25  32 agelgllaGapgtGKttlaldlalsvatGkpwlg...pvapeqgkVlyvsaEdprdelrrRlravladl.....dddarlllldlagveslplfaddrggtll 126
             +g +++ +G+ ++ Kt+ ++  +++ ++   +l    +++  ++k lyv++E++  + +  +r+ l+ +     ++ ++l +l l             ++ + 
    orf2  63 LGNFSASIGKAKSKKTFNVSAIVAAALKNGTVLNytaELPENKRKILYVDTEQSTYHCEIVARRSLRMAglptdSNHENLEFLVL-------------RKYTP 152
             4889999999************9999977777778999999*************9988888888887764454444445555543.............22345 PP

  AAA_25 127 tadveeleaaleevedvrlvviDplsralggdendnsdvgrlvkaldrlarrtgatvllvhHvgKeg 193
             ++ ++ +++a+ ++e+v+lvviD ++ ++  d n++s+ ++++  l  +  + + ++  + H +K++
    orf2 153 EERIAIVREAIYRTENVGLVVIDGIRDMVY-DINSSSESTKVISLLMTWTGERNIHIHTILHQNKGD 218
             6778889********************874.899999*************************99976 PP

>> DUF4743  Domain of unknown function (DUF4743)
   #    score  bias  c-Evalue  i-Evalue hmmfrom  hmm to    alifrom  ali to    envfrom  env to     acc
 ---   ------ ----- --------- --------- ------- -------    ------- -------    ------- -------    ----
   1 ?   12.1   0.0   1.5e-05      0.15      63     109 ..     151     196 ..     139     199 .. 0.91

  Alignments for each domain:
  == domain 1  score: 12.1 bits;  conditional E-value: 1.5e-05
              SHHHHHHHHHHHHHHHHHTT...SS----S-EEEE-SSTTS---EEE CS
  DUF4743  63 tyeeRtaaveevleelreegsfvalkgwrdElYeVkasfsdppllkl 109
              t+eeR a v+e + + ++ g +v+++g+rd  Y++++s +++++++l
     orf2 151 TPEERIAIVREAIYRTENVG-LVVIDGIRDMVYDINSSSESTKVISL 196
              89**************9999.******************99998765 PP



Internal pipeline statistics summary:
-------------------------------------
Query sequence(s):                         1  (374 residues searched)
Target model(s):                       19632  (3329936 nodes)
Passed MSV filter:                       569  (0.0289833); expected 392.6 (0.02)
Passed bias filter:                      445  (0.0226671); expected 392.6 (0.02)
Passed Vit filter:                        36  (0.00183374); expected 19.6 (0.001)
Passed Fwd filter:                         2  (0.000101874); expected 0.2 (1e-05)
Initial search space (Z):              19632  [actual number of targets]
Domain search space  (domZ):               2  [number of targets reported over threshold]
# CPU time: 0.34u 0.19s 00:00:00.53 Elapsed: 00:00:00.33
# Mc/sec: 3728.66
//
Query:       orf3  [L=94]
Description: source=IMGVR_UViG_3300029362_000446_3300029362_Ga0243852_1004901/3028-5090 coords=1437..1156 length=94 frame=6 desc=
Scores for complete sequence (score includes all domains):
   --- full sequence ---   --- best 1 domain ---    -#dom-
    E-value  score  bias    E-value  score  bias    exp  N  Model    Description
    ------- ------ -----    ------- ------ -----   ---- --  -------- -----------

   [No hits detected that satisfy reporting thresholds]


Domain annotation for each model (and alignments):

   [No targets detected that satisfy reporting thresholds]


Internal pipeline statistics summary:
-------------------------------------
Query sequence(s):                         1  (94 residues searched)
Target model(s):                       19632  (3329936 nodes)
Passed MSV filter:                       341  (0.0173696); expected 392.6 (0.02)
Passed bias filter:                      219  (0.0111553); expected 392.6 (0.02)
Passed Vit filter:                        18  (0.00091687); expected 19.6 (0.001)
Passed Fwd filter:                         0  (0); expected 0.2 (1e-05)
Initial search space (Z):              19632  [actual number of targets]
Domain search space  (domZ):               0  [number of targets reported over threshold]
# CPU time: 0.28u 0.16s 00:00:00.44 Elapsed: 00:00:00.29
# Mc/sec: 1055.72
//
Query:       orf4  [L=153]
Description: source=IMGVR_UViG_3300029362_000446_3300029362_Ga0243852_1004901/3028-5090 coords=1147..689 length=153 frame=5 desc=
Scores for complete sequence (score includes all domains):
   --- full sequence ---   --- best 1 domain ---    -#dom-
    E-value  score  bias    E-value  score  bias    exp  N  Model    Description
    ------- ------ -----    ------- ------ -----   ---- --  -------- -----------
  ------ inclusion threshold ------
      0.014   15.3   0.1      0.023   14.6   0.1    1.2  1  SCAN      SCAN domain


Domain annotation for each model (and alignments):
>> SCAN  SCAN domain
   #    score  bias  c-Evalue  i-Evalue hmmfrom  hmm to    alifrom  ali to    envfrom  env to     acc
 ---   ------ ----- --------- --------- ------- -------    ------- -------    ------- -------    ----
   1 ?   14.6   0.1   1.2e-06     0.023      44      73 ..      99     129 ..      98     131 .. 0.86

  Alignments for each domain:
  == domain 1  score: 14.6 bits;  conditional E-value: 1.2e-06
  SCAN  44 ilellvLEqFltilpeelqa.wvrekkpesg 73 
           +lel+vL qF ++lp + ++ w++ ++p  +
  orf4  99 VLELVVLQQFGQCLPVDAESkWLEVHCPDMC 129
           79*************9997548998888765 PP



Internal pipeline statistics summary:
-------------------------------------
Query sequence(s):                         1  (153 residues searched)
Target model(s):                       19632  (3329936 nodes)
Passed MSV filter:                       346  (0.0176243); expected 392.6 (0.02)
Passed bias filter:                      269  (0.0137021); expected 392.6 (0.02)
Passed Vit filter:                        17  (0.000865933); expected 19.6 (0.001)
Passed Fwd filter:                         1  (5.09372e-05); expected 0.2 (1e-05)
Initial search space (Z):              19632  [actual number of targets]
Domain search space  (domZ):               1  [number of targets reported over threshold]
# CPU time: 0.31u 0.17s 00:00:00.48 Elapsed: 00:00:00.32
# Mc/sec: 1573.32
//
Query:       orf5  [L=93]
Description: source=IMGVR_UViG_3300029362_000446_3300029362_Ga0243852_1004901/3028-5090 coords=518..240 length=93 frame=4 desc=
Scores for complete sequence (score includes all domains):
   --- full sequence ---   --- best 1 domain ---    -#dom-
    E-value  score  bias    E-value  score  bias    exp  N  Model    Description
    ------- ------ -----    ------- ------ -----   ---- --  -------- -----------

   [No hits detected that satisfy reporting thresholds]


Domain annotation for each model (and alignments):

   [No targets detected that satisfy reporting thresholds]


Internal pipeline statistics summary:
-------------------------------------
Query sequence(s):                         1  (93 residues searched)
Target model(s):                       19632  (3329936 nodes)
Passed MSV filter:                       417  (0.0212408); expected 392.6 (0.02)
Passed bias filter:                      125  (0.00636716); expected 392.6 (0.02)
Passed Vit filter:                        11  (0.00056031); expected 19.6 (0.001)
Passed Fwd filter:                         0  (0); expected 0.2 (1e-05)
Initial search space (Z):              19632  [actual number of targets]
Domain search space  (domZ):               0  [number of targets reported over threshold]
# CPU time: 0.28u 0.18s 00:00:00.46 Elapsed: 00:00:00.33
# Mc/sec: 915.94
//
Query:       orf6  [L=159]
Description: source=IMGVR_UViG_3300029362_000446_3300029362_Ga0243852_1004901/3028-5090 coords=685..209 length=159 frame=5 desc=
Scores for complete sequence (score includes all domains):
   --- full sequence ---   --- best 1 domain ---    -#dom-
    E-value  score  bias    E-value  score  bias    exp  N  Model    Description
    ------- ------ -----    ------- ------ -----   ---- --  -------- -----------

   [No hits detected that satisfy reporting thresholds]


Domain annotation for each model (and alignments):

   [No targets detected that satisfy reporting thresholds]


Internal pipeline statistics summary:
-------------------------------------
Query sequence(s):                         1  (159 residues searched)
Target model(s):                       19632  (3329936 nodes)
Passed MSV filter:                       282  (0.0143643); expected 392.6 (0.02)
Passed bias filter:                      264  (0.0134474); expected 392.6 (0.02)
Passed Vit filter:                        15  (0.000764059); expected 19.6 (0.001)
Passed Fwd filter:                         0  (0); expected 0.2 (1e-05)
Initial search space (Z):              19632  [actual number of targets]
Domain search space  (domZ):               0  [number of targets reported over threshold]
# CPU time: 0.27u 0.21s 00:00:00.48 Elapsed: 00:00:00.35
# Mc/sec: 1512.46
//
Query:       orf7  [L=96]
Description: source=IMGVR_UViG_3300029362_000446_3300029362_Ga0243852_1004901/3028-5090 coords=288..1 length=96 frame=6 desc=
Scores for complete sequence (score includes all domains):
   --- full sequence ---   --- best 1 domain ---    -#dom-
    E-value  score  bias    E-value  score  bias    exp  N  Model    Description
    ------- ------ -----    ------- ------ -----   ---- --  -------- -----------

   [No hits detected that satisfy reporting thresholds]


Domain annotation for each model (and alignments):

   [No targets detected that satisfy reporting thresholds]


Internal pipeline statistics summary:
-------------------------------------
Query sequence(s):                         1  (96 residues searched)
Target model(s):                       19632  (3329936 nodes)
Passed MSV filter:                       283  (0.0144152); expected 392.6 (0.02)
Passed bias filter:                      224  (0.0114099); expected 392.6 (0.02)
Passed Vit filter:                         9  (0.000458435); expected 19.6 (0.001)
Passed Fwd filter:                         0  (0); expected 0.2 (1e-05)
Initial search space (Z):              19632  [actual number of targets]
Domain search space  (domZ):               0  [number of targets reported over threshold]
# CPU time: 0.27u 0.17s 00:00:00.44 Elapsed: 00:00:00.31
# Mc/sec: 1023.59
//
[ok]
