# hmmscan :: search sequence(s) against a profile database
# HMMER 3.3.2 (Nov 2020); http://hmmer.org/
# Copyright (C) 2020 Howard Hughes Medical Institute.
# Freely distributed under the BSD open source license.
# - - - - - - - - - - - - - - - - - - - - - - - - - - - - - - - - - - - -
# query sequence file:             -
# target HMM database:             /n/eddy_lab/data/pfam-35.0/Pfam-A.hmm
# output directed to file:         ./c1_windows_new/hmmscan/out/IMGVR_UViG_2721755676_000001_2721755676_2721801238_hmmscan_output.out
# per-seq hits tabular output:     ./c1_windows_new/hmmscan/tblout/IMGVR_UViG_2721755676_000001_2721755676_2721801238_hmmscan_output.tblout
# - - - - - - - - - - - - - - - - - - - - - - - - - - - - - - - - - - - -

Query:       orf1  [L=273]
Description: source=IMGVR_UViG_2721755676_000001_2721755676_2721801238/2202-3913 coords=1..819 length=273 frame=1 desc=
Scores for complete sequence (score includes all domains):
   --- full sequence ---   --- best 1 domain ---    -#dom-
    E-value  score  bias    E-value  score  bias    exp  N  Model      Description
    ------- ------ -----    ------- ------ -----   ---- --  --------   -----------
  ------ inclusion threshold ------
      0.015   15.8   0.1      0.037   14.5   0.1    1.7  1  N_NLPC_P60  NLPC_P60 stabilising domain, N term
      0.074   13.4   0.2       0.14   12.4   0.2    1.5  1  USP8_dimer  USP8 dimerisation domain


Domain annotation for each model (and alignments):
>> N_NLPC_P60  NLPC_P60 stabilising domain, N term
   #    score  bias  c-Evalue  i-Evalue hmmfrom  hmm to    alifrom  ali to    envfrom  env to     acc
 ---   ------ ----- --------- --------- ------- -------    ------- -------    ------- -------    ----
   1 ?   14.5   0.1   3.8e-06     0.037      60     109 ..     177     229 ..     164     242 .. 0.80

  Alignments for each domain:
  == domain 1  score: 14.5 bits;  conditional E-value: 3.8e-06
                 HHHHHHHHHHCGGGG-SS--S-HHHHHG...GG-G...--SB-TTSSB--HHH CS
  N_NLPC_P60  60 aldeefkrryFaPWnatkpsvsaediawataalgk...krgYgeNlrpvdkkr 109
                 +  + f++r+F+ W+at  +++++ +++a +  +    +  Y++N  p++++ 
        orf1 177 EIIRTFNERWFQGWSATPEEQKVKFVNIAESIRNHpdfESKYKNNPDPHNRNL 229
                 56789******************999994444444778999999999999864 PP

>> USP8_dimer  USP8 dimerisation domain
   #    score  bias  c-Evalue  i-Evalue hmmfrom  hmm to    alifrom  ali to    envfrom  env to     acc
 ---   ------ ----- --------- --------- ------- -------    ------- -------    ------- -------    ----
   1 ?   12.4   0.2   1.5e-05      0.14      61      88 ..     199     226 ..     197     248 .. 0.77

  Alignments for each domain:
  == domain 1  score: 12.4 bits;  conditional E-value: 1.5e-05
  USP8_dimer  61 mkylnllekIrkhpdYkskkakvkqllg 88 
                 +k++n+ e Ir+hpd++sk ++  +  +
        orf1 199 VKFVNIAESIRNHPDFESKYKNNPDPHN 226
                 69**************998776555444 PP



Internal pipeline statistics summary:
-------------------------------------
Query sequence(s):                         1  (273 residues searched)
Target model(s):                       19632  (3329936 nodes)
Passed MSV filter:                       472  (0.0240424); expected 392.6 (0.02)
Passed bias filter:                      329  (0.0167584); expected 392.6 (0.02)
Passed Vit filter:                        25  (0.00127343); expected 19.6 (0.001)
Passed Fwd filter:                         2  (0.000101874); expected 0.2 (1e-05)
Initial search space (Z):              19632  [actual number of targets]
Domain search space  (domZ):               2  [number of targets reported over threshold]
# CPU time: 0.33u 0.20s 00:00:00.53 Elapsed: 00:00:00.37
# Mc/sec: 2451.23
//
Query:       orf2  [L=96]
Description: source=IMGVR_UViG_2721755676_000001_2721755676_2721801238/2202-3913 coords=819..1106 length=96 frame=3 desc=
Scores for complete sequence (score includes all domains):
   --- full sequence ---   --- best 1 domain ---    -#dom-
    E-value  score  bias    E-value  score  bias    exp  N  Model    Description
    ------- ------ -----    ------- ------ -----   ---- --  -------- -----------

   [No hits detected that satisfy reporting thresholds]


Domain annotation for each model (and alignments):

   [No targets detected that satisfy reporting thresholds]


Internal pipeline statistics summary:
-------------------------------------
Query sequence(s):                         1  (96 residues searched)
Target model(s):                       19632  (3329936 nodes)
Passed MSV filter:                       250  (0.0127343); expected 392.6 (0.02)
Passed bias filter:                      232  (0.0118174); expected 392.6 (0.02)
Passed Vit filter:                        13  (0.000662184); expected 19.6 (0.001)
Passed Fwd filter:                         0  (0); expected 0.2 (1e-05)
Initial search space (Z):              19632  [actual number of targets]
Domain search space  (domZ):               0  [number of targets reported over threshold]
# CPU time: 0.33u 0.16s 00:00:00.49 Elapsed: 00:00:00.33
# Mc/sec: 954.61
//
Query:       orf3  [L=129]
Description: source=IMGVR_UViG_2721755676_000001_2721755676_2721801238/2202-3913 coords=1711..1325 length=129 frame=5 desc=
Scores for complete sequence (score includes all domains):
   --- full sequence ---   --- best 1 domain ---    -#dom-
    E-value  score  bias    E-value  score  bias    exp  N  Model    Description
    ------- ------ -----    ------- ------ -----   ---- --  -------- -----------

   [No hits detected that satisfy reporting thresholds]


Domain annotation for each model (and alignments):

   [No targets detected that satisfy reporting thresholds]


Internal pipeline statistics summary:
-------------------------------------
Query sequence(s):                         1  (129 residues searched)
Target model(s):                       19632  (3329936 nodes)
Passed MSV filter:                       320  (0.0162999); expected 392.6 (0.02)
Passed bias filter:                      270  (0.0137531); expected 392.6 (0.02)
Passed Vit filter:                        19  (0.000967808); expected 19.6 (0.001)
Passed Fwd filter:                         0  (0); expected 0.2 (1e-05)
Initial search space (Z):              19632  [actual number of targets]
Domain search space  (domZ):               0  [number of targets reported over threshold]
# CPU time: 0.29u 0.19s 00:00:00.48 Elapsed: 00:00:00.34
# Mc/sec: 1256.75
//
Query:       orf4  [L=132]
Description: source=IMGVR_UViG_2721755676_000001_2721755676_2721801238/2202-3913 coords=1434..1039 length=132 frame=6 desc=
Scores for complete sequence (score includes all domains):
   --- full sequence ---   --- best 1 domain ---    -#dom-
    E-value  score  bias    E-value  score  bias    exp  N  Model    Description
    ------- ------ -----    ------- ------ -----   ---- --  -------- -----------

   [No hits detected that satisfy reporting thresholds]


Domain annotation for each model (and alignments):

   [No targets detected that satisfy reporting thresholds]


Internal pipeline statistics summary:
-------------------------------------
Query sequence(s):                         1  (132 residues searched)
Target model(s):                       19632  (3329936 nodes)
Passed MSV filter:                       315  (0.0160452); expected 392.6 (0.02)
Passed bias filter:                      299  (0.0152302); expected 392.6 (0.02)
Passed Vit filter:                        12  (0.000611247); expected 19.6 (0.001)
Passed Fwd filter:                         0  (0); expected 0.2 (1e-05)
Initial search space (Z):              19632  [actual number of targets]
Domain search space  (domZ):               0  [number of targets reported over threshold]
# CPU time: 0.30u 0.18s 00:00:00.48 Elapsed: 00:00:00.33
# Mc/sec: 1323.17
//
Query:       orf5  [L=122]
Description: source=IMGVR_UViG_2721755676_000001_2721755676_2721801238/2202-3913 coords=768..403 length=122 frame=6 desc=
Scores for complete sequence (score includes all domains):
   --- full sequence ---   --- best 1 domain ---    -#dom-
    E-value  score  bias    E-value  score  bias    exp  N  Model    Description
    ------- ------ -----    ------- ------ -----   ---- --  -------- -----------

   [No hits detected that satisfy reporting thresholds]


Domain annotation for each model (and alignments):

   [No targets detected that satisfy reporting thresholds]


Internal pipeline statistics summary:
-------------------------------------
Query sequence(s):                         1  (122 residues searched)
Target model(s):                       19632  (3329936 nodes)
Passed MSV filter:                       375  (0.0191015); expected 392.6 (0.02)
Passed bias filter:                      251  (0.0127852); expected 392.6 (0.02)
Passed Vit filter:                        17  (0.000865933); expected 19.6 (0.001)
Passed Fwd filter:                         0  (0); expected 0.2 (1e-05)
Initial search space (Z):              19632  [actual number of targets]
Domain search space  (domZ):               0  [number of targets reported over threshold]
# CPU time: 0.26u 0.20s 00:00:00.46 Elapsed: 00:00:00.33
# Mc/sec: 1230.69
//
[ok]
