# hmmscan :: search sequence(s) against a profile database
# HMMER 3.3.2 (Nov 2020); http://hmmer.org/
# Copyright (C) 2020 Howard Hughes Medical Institute.
# Freely distributed under the BSD open source license.
# - - - - - - - - - - - - - - - - - - - - - - - - - - - - - - - - - - - -
# query sequence file:             -
# target HMM database:             /n/eddy_lab/data/pfam-35.0/Pfam-A.hmm
# output directed to file:         ./c1_windows_new/hmmscan/out/IMGVR_UViG_3300022932_000120_3300022932_Ga0247807_10000366_hmmscan_output.out
# per-seq hits tabular output:     ./c1_windows_new/hmmscan/tblout/IMGVR_UViG_3300022932_000120_3300022932_Ga0247807_10000366_hmmscan_output.tblout
# - - - - - - - - - - - - - - - - - - - - - - - - - - - - - - - - - - - -

Query:       orf1  [L=104]
Description: source=IMGVR_UViG_3300022932_000120_3300022932_Ga0247807_10000366/11548-13303 coords=1480..1169 length=104 frame=4 desc=
Scores for complete sequence (score includes all domains):
   --- full sequence ---   --- best 1 domain ---    -#dom-
    E-value  score  bias    E-value  score  bias    exp  N  Model    Description
    ------- ------ -----    ------- ------ -----   ---- --  -------- -----------
  ------ inclusion threshold ------
      0.027   14.0   0.1      0.043   13.4   0.1    1.2  1  DUF963    Schizosaccharomyces pombe repeat of unknown functio


Domain annotation for each model (and alignments):
>> DUF963  Schizosaccharomyces pombe repeat of unknown function (DUF963)
   #    score  bias  c-Evalue  i-Evalue hmmfrom  hmm to    alifrom  ali to    envfrom  env to     acc
 ---   ------ ----- --------- --------- ------- -------    ------- -------    ------- -------    ----
   1 ?   13.4   0.1   2.2e-06     0.043      17      36 .]      32      51 ..      30      51 .. 0.69

  Alignments for each domain:
  == domain 1  score: 13.4 bits;  conditional E-value: 2.2e-06
  DUF963 17 TpVnsSTPItsSsvvnsSTP 36
             +++sSTP+    ++  STP
    orf1 32 GALTSSTPVFQAGPLDNSTP 51
            56677777777777777776 PP



Internal pipeline statistics summary:
-------------------------------------
Query sequence(s):                         1  (104 residues searched)
Target model(s):                       19632  (3329936 nodes)
Passed MSV filter:                       209  (0.0106459); expected 392.6 (0.02)
Passed bias filter:                      180  (0.0091687); expected 392.6 (0.02)
Passed Vit filter:                         8  (0.000407498); expected 19.6 (0.001)
Passed Fwd filter:                         1  (5.09372e-05); expected 0.2 (1e-05)
Initial search space (Z):              19632  [actual number of targets]
Domain search space  (domZ):               1  [number of targets reported over threshold]
# CPU time: 0.27u 0.14s 00:00:00.41 Elapsed: 00:00:00.30
# Mc/sec: 1136.76
//
Query:       orf2  [L=92]
Description: source=IMGVR_UViG_3300022932_000120_3300022932_Ga0247807_10000366/11548-13303 coords=397..122 length=92 frame=4 desc=
Scores for complete sequence (score includes all domains):
   --- full sequence ---   --- best 1 domain ---    -#dom-
    E-value  score  bias    E-value  score  bias    exp  N  Model    Description
    ------- ------ -----    ------- ------ -----   ---- --  -------- -----------

   [No hits detected that satisfy reporting thresholds]


Domain annotation for each model (and alignments):

   [No targets detected that satisfy reporting thresholds]


Internal pipeline statistics summary:
-------------------------------------
Query sequence(s):                         1  (92 residues searched)
Target model(s):                       19632  (3329936 nodes)
Passed MSV filter:                       311  (0.0158415); expected 392.6 (0.02)
Passed bias filter:                      238  (0.0121231); expected 392.6 (0.02)
Passed Vit filter:                        20  (0.00101874); expected 19.6 (0.001)
Passed Fwd filter:                         0  (0); expected 0.2 (1e-05)
Initial search space (Z):              19632  [actual number of targets]
Domain search space  (domZ):               0  [number of targets reported over threshold]
# CPU time: 0.25u 0.16s 00:00:00.41 Elapsed: 00:00:00.28
# Mc/sec: 1075.32
//
[ok]
