# hmmscan :: search sequence(s) against a profile database
# HMMER 3.3.2 (Nov 2020); http://hmmer.org/
# Copyright (C) 2020 Howard Hughes Medical Institute.
# Freely distributed under the BSD open source license.
# - - - - - - - - - - - - - - - - - - - - - - - - - - - - - - - - - - - -
# query sequence file:             -
# target HMM database:             /n/eddy_lab/data/pfam-35.0/Pfam-A.hmm
# output directed to file:         ./c1_windows_new/hmmscan/out/IMGVR_UViG_3300005068_000028_3300005068_Ga0070769_1116659_hmmscan_output.out
# per-seq hits tabular output:     ./c1_windows_new/hmmscan/tblout/IMGVR_UViG_3300005068_000028_3300005068_Ga0070769_1116659_hmmscan_output.tblout
# - - - - - - - - - - - - - - - - - - - - - - - - - - - - - - - - - - - -

Query:       orf1  [L=113]
Description: source=IMGVR_UViG_3300005068_000028_3300005068_Ga0070769_1116659/15200-17257 coords=1..339 length=113 frame=1 desc=
Scores for complete sequence (score includes all domains):
   --- full sequence ---   --- best 1 domain ---    -#dom-
    E-value  score  bias    E-value  score  bias    exp  N  Model          Description
    ------- ------ -----    ------- ------ -----   ---- --  --------       -----------
      2e-05   25.5   0.3      2e-05   25.5   0.3    1.4  2  HK97-gp10_like  Bacteriophage HK97-gp10, putative tail-compon
  ------ inclusion threshold ------
      0.077   12.7   0.2       0.24   11.1   0.0    1.8  2  HTH_24          Winged helix-turn-helix DNA-binding


Domain annotation for each model (and alignments):
>> HK97-gp10_like  Bacteriophage HK97-gp10, putative tail-component
   #    score  bias  c-Evalue  i-Evalue hmmfrom  hmm to    alifrom  ali to    envfrom  env to     acc
 ---   ------ ----- --------- --------- ------- -------    ------- -------    ------- -------    ----
   1 !   25.5   0.3   2.1e-09     2e-05      23      81 .]       1      77 [.       1      77 [. 0.89
   2 ?   -3.4   0.0         2     2e+04       3       9 ..     102     108 ..      96     112 .. 0.52

  Alignments for each domain:
  == domain 1  score: 25.5 bits;  conditional E-value: 2.1e-09
  HK97-gp10_like 23 lkkaAkevldkakkrap.........svdtggdLrdsitv......qg...kvkkkggeyrvevgnnaeyAslvEfG 81
                    lk+++++v++k+k++           +++ +g+L+d  ++      ++   +vk++ +e r    +na+ A ++E+G
            orf1  1 LKAGGEVVKAKVKSNLQsvigketkePSRSTGELADALGItpsgvdNKgnyNVKVGFDEPRKDGESNAKLANIIEYG 77
                    79************************55666*********997776225669999999999999************9 PP

  == domain 2  score: -3.4 bits;  conditional E-value: 2
  HK97-gp10_like   3 lakklek 9  
                     +++kl++
            orf1 102 MKRKLDE 108
                     4444444 PP

>> HTH_24  Winged helix-turn-helix DNA-binding
   #    score  bias  c-Evalue  i-Evalue hmmfrom  hmm to    alifrom  ali to    envfrom  env to     acc
 ---   ------ ----- --------- --------- ------- -------    ------- -------    ------- -------    ----
   1 ?   11.1   0.0   2.4e-05      0.24      14      34 ..      25      45 ..      24      45 .. 0.90
   2 ?   -2.3   0.0      0.38   3.7e+03      30      45 ..      94     109 ..      94     110 .. 0.74

  Alignments for each domain:
  == domain 1  score: 11.1 bits;  conditional E-value: 2.4e-05
  HTH_24 14 knprisqreLAerlglSpstv 34
            k+p+ s  eLA++lg++ps v
    orf1 25 KEPSRSTGELADALGITPSGV 45
            7889999***********987 PP

  == domain 2  score: -2.3 bits;  conditional E-value: 0.38
  HTH_24  30 SpstvnrrlkrLeeeG 45 
             S+ ++ + +kr  +e+
    orf1  94 SRKACIETMKRKLDEE 109
             6778888899877776 PP



Internal pipeline statistics summary:
-------------------------------------
Query sequence(s):                         1  (113 residues searched)
Target model(s):                       19632  (3329936 nodes)
Passed MSV filter:                       461  (0.0234821); expected 392.6 (0.02)
Passed bias filter:                      378  (0.0192543); expected 392.6 (0.02)
Passed Vit filter:                        43  (0.0021903); expected 19.6 (0.001)
Passed Fwd filter:                         2  (0.000101874); expected 0.2 (1e-05)
Initial search space (Z):              19632  [actual number of targets]
Domain search space  (domZ):               2  [number of targets reported over threshold]
# CPU time: 0.30u 0.23s 00:00:00.53 Elapsed: 00:00:00.35
# Mc/sec: 1062.88
//
Query:       orf2  [L=121]
Description: source=IMGVR_UViG_3300005068_000028_3300005068_Ga0070769_1116659/15200-17257 coords=343..705 length=121 frame=1 desc=
Scores for complete sequence (score includes all domains):
   --- full sequence ---   --- best 1 domain ---    -#dom-
    E-value  score  bias    E-value  score  bias    exp  N  Model    Description
    ------- ------ -----    ------- ------ -----   ---- --  -------- -----------

   [No hits detected that satisfy reporting thresholds]


Domain annotation for each model (and alignments):

   [No targets detected that satisfy reporting thresholds]


Internal pipeline statistics summary:
-------------------------------------
Query sequence(s):                         1  (121 residues searched)
Target model(s):                       19632  (3329936 nodes)
Passed MSV filter:                       334  (0.017013); expected 392.6 (0.02)
Passed bias filter:                      305  (0.0155359); expected 392.6 (0.02)
Passed Vit filter:                        28  (0.00142624); expected 19.6 (0.001)
Passed Fwd filter:                         0  (0); expected 0.2 (1e-05)
Initial search space (Z):              19632  [actual number of targets]
Domain search space  (domZ):               0  [number of targets reported over threshold]
# CPU time: 0.32u 0.16s 00:00:00.48 Elapsed: 00:00:00.31
# Mc/sec: 1286.39
//
Query:       orf3  [L=188]
Description: source=IMGVR_UViG_3300005068_000028_3300005068_Ga0070769_1116659/15200-17257 coords=2023..1460 length=188 frame=6 desc=
Scores for complete sequence (score includes all domains):
   --- full sequence ---   --- best 1 domain ---    -#dom-
    E-value  score  bias    E-value  score  bias    exp  N  Model    Description
    ------- ------ -----    ------- ------ -----   ---- --  -------- -----------

   [No hits detected that satisfy reporting thresholds]


Domain annotation for each model (and alignments):

   [No targets detected that satisfy reporting thresholds]


Internal pipeline statistics summary:
-------------------------------------
Query sequence(s):                         1  (188 residues searched)
Target model(s):                       19632  (3329936 nodes)
Passed MSV filter:                       333  (0.0169621); expected 392.6 (0.02)
Passed bias filter:                      257  (0.0130909); expected 392.6 (0.02)
Passed Vit filter:                        18  (0.00091687); expected 19.6 (0.001)
Passed Fwd filter:                         0  (0); expected 0.2 (1e-05)
Initial search space (Z):              19632  [actual number of targets]
Domain search space  (domZ):               0  [number of targets reported over threshold]
# CPU time: 0.34u 0.17s 00:00:00.51 Elapsed: 00:00:00.32
# Mc/sec: 1933.02
//
Query:       orf4  [L=272]
Description: source=IMGVR_UViG_3300005068_000028_3300005068_Ga0070769_1116659/15200-17257 coords=1542..727 length=272 frame=4 desc=
Scores for complete sequence (score includes all domains):
   --- full sequence ---   --- best 1 domain ---    -#dom-
    E-value  score  bias    E-value  score  bias    exp  N  Model    Description
    ------- ------ -----    ------- ------ -----   ---- --  -------- -----------

   [No hits detected that satisfy reporting thresholds]


Domain annotation for each model (and alignments):

   [No targets detected that satisfy reporting thresholds]


Internal pipeline statistics summary:
-------------------------------------
Query sequence(s):                         1  (272 residues searched)
Target model(s):                       19632  (3329936 nodes)
Passed MSV filter:                       640  (0.0325998); expected 392.6 (0.02)
Passed bias filter:                      319  (0.016249); expected 392.6 (0.02)
Passed Vit filter:                        24  (0.00122249); expected 19.6 (0.001)
Passed Fwd filter:                         0  (0); expected 0.2 (1e-05)
Initial search space (Z):              19632  [actual number of targets]
Domain search space  (domZ):               0  [number of targets reported over threshold]
# CPU time: 0.36u 0.16s 00:00:00.52 Elapsed: 00:00:00.32
# Mc/sec: 2794.42
//
[ok]
