# hmmscan :: search sequence(s) against a profile database
# HMMER 3.3.2 (Nov 2020); http://hmmer.org/
# Copyright (C) 2020 Howard Hughes Medical Institute.
# Freely distributed under the BSD open source license.
# - - - - - - - - - - - - - - - - - - - - - - - - - - - - - - - - - - - -
# query sequence file:             -
# target HMM database:             /n/eddy_lab/data/pfam-35.0/Pfam-A.hmm
# output directed to file:         ./c1_windows_new/hmmscan/out/IMGVR_UViG_3300014791_000170_3300014791_Ga0134447_1000496_hmmscan_output.out
# per-seq hits tabular output:     ./c1_windows_new/hmmscan/tblout/IMGVR_UViG_3300014791_000170_3300014791_Ga0134447_1000496_hmmscan_output.tblout
# - - - - - - - - - - - - - - - - - - - - - - - - - - - - - - - - - - - -

Query:       orf1  [L=160]
Description: source=IMGVR_UViG_3300014791_000170_3300014791_Ga0134447_1000496/1-596 coords=1..480 length=160 frame=1 desc=
Scores for complete sequence (score includes all domains):
   --- full sequence ---   --- best 1 domain ---    -#dom-
    E-value  score  bias    E-value  score  bias    exp  N  Model           Description
    ------- ------ -----    ------- ------ -----   ---- --  --------        -----------
    1.3e-06   28.6   3.1    1.9e-06   28.1   3.1    1.5  1  Intron_maturas2  Type II intron maturase
    0.00025   21.0   0.0    0.00065   19.7   0.0    1.6  1  YjdM_Zn_Ribbon   PhnA Zinc-Ribbon
  ------ inclusion threshold ------
      0.027   14.7   1.1       0.11   12.8   1.1    2.0  1  Ribosomal_L28    Ribosomal L28 family
      0.064   13.6   0.2       0.14   12.5   0.2    1.6  1  FpoO             F420H2 dehydrogenase subunit FpoO
       0.77    9.5   7.4        0.6    9.9   0.2    3.0  3  Sgf11            Sgf11 (transcriptional regulation protein)


Domain annotation for each model (and alignments):
>> Intron_maturas2  Type II intron maturase
   #    score  bias  c-Evalue  i-Evalue hmmfrom  hmm to    alifrom  ali to    envfrom  env to     acc
 ---   ------ ----- --------- --------- ------- -------    ------- -------    ------- -------    ----
   1 !   28.1   3.1   4.7e-10   1.9e-06      57     114 ..       1      55 [.       1     107 [. 0.82

  Alignments for each domain:
  == domain 1  score: 28.1 bits;  conditional E-value: 4.7e-10
  Intron_maturas2  57 llnYYsfadnkkrlrerikyilrkscvkTLArKlklktvrkvikkfGkklsdlekeef 114
                      l nYY fa+n  + ++   y++  s  kTLA K+++  +rk+ k++  k sd+   ++
             orf1   1 LYNYYAFAHNVSQVVGSFGYVMTFSFFKTLAAKHRS-SIRKINKRYR-KGSDFV-VKY 55 
                      57**********************************.9999999996.555555.333 PP

>> YjdM_Zn_Ribbon  PhnA Zinc-Ribbon
   #    score  bias  c-Evalue  i-Evalue hmmfrom  hmm to    alifrom  ali to    envfrom  env to     acc
 ---   ------ ----- --------- --------- ------- -------    ------- -------    ------- -------    ----
   1 !   19.7   0.0   1.7e-07   0.00065       2      25 ..     104     151 ..     102     153 .. 0.96

  Alignments for each domain:
  == domain 1  score: 19.7 bits;  conditional E-value: 1.7e-07
  YjdM_Zn_Ribbon   2 lpkCplCaSeytY........................edndvliCpeC 25 
                     l+kC+lC+S++ +                          +++ +C++C
            orf1 104 LGKCELCGSSSDLvmyqvrnlrllkpdtnwhklmiekNRKTLAVCENC 151
                     79**********************************9999******** PP

>> Ribosomal_L28  Ribosomal L28 family
   #    score  bias  c-Evalue  i-Evalue hmmfrom  hmm to    alifrom  ali to    envfrom  env to     acc
 ---   ------ ----- --------- --------- ------- -------    ------- -------    ------- -------    ----
   1 ?   12.8   1.1   2.8e-05      0.11       2      57 ..     106     155 ..     106     157 .. 0.84

  Alignments for each domain:
  == domain 1  score: 12.8 bits;  conditional E-value: 2.8e-05
                    --TTT-.-----------S-..-SSS-BTTEEEEEEEE.TTTEEEEEEEEHHHHHH- CS
  Ribosomal_L28   2 vCeitG.kkpqfGnnvshskkktkRtwkPNlqkkrlwseelgrsvrikvstraLRti 57 
                    +Ce++G     + ++v   +  + R  kP   +++l++  ++  +++ v+ ++ Rti
           orf1 106 KCELCGsSSDLVMYQV---R--NLRLLKPDTNWHKLMI--EKNRKTLAVCENCYRTI 155
                    5777776677777777...4..78999***********..8999************9 PP

>> FpoO  F420H2 dehydrogenase subunit FpoO
   #    score  bias  c-Evalue  i-Evalue hmmfrom  hmm to    alifrom  ali to    envfrom  env to     acc
 ---   ------ ----- --------- --------- ------- -------    ------- -------    ------- -------    ----
   1 ?   12.5   0.2   3.6e-05      0.14      55     101 ..      99     155 ..      86     159 .. 0.59

  Alignments for each domain:
  == domain 1  score: 12.5 bits;  conditional E-value: 3.6e-05
  FpoO  55 easgtkGkcdlcgkktqlydvevq.....vps..fskgv...ekkdaklckkcleav 101
           +   + Gkc+lcg+++ l   +v+      p+  ++k +   ++k+  +c++c +++
  orf1  99 VDRLKLGKCELCGSSSDLVMYQVRnlrllKPDtnWHKLMiekNRKTLAVCENCYRTI 155
           566789*******99987555543111115652233433111334556777777665 PP

>> Sgf11  Sgf11 (transcriptional regulation protein)
   #    score  bias  c-Evalue  i-Evalue hmmfrom  hmm to    alifrom  ali to    envfrom  env to     acc
 ---   ------ ----- --------- --------- ------- -------    ------- -------    ------- -------    ----
   1 ?    3.0   0.2     0.021        81      11      20 ..      73      82 ..      73      83 .. 0.86
   2 ?   -1.4   0.2      0.52     2e+03       6      11 ..     106     111 ..     103     112 .. 0.85
   3 ?    9.9   0.2   0.00015       0.6       4      15 ..     145     156 ..     142     158 .. 0.84

  Alignments for each domain:
  == domain 1  score: 3.0 bits;  conditional E-value: 0.021
           TEEEEGGGHH CS
  Sgf11 11 gRqiaasRFA 20
           +R+  a+RFA
   orf1 73 KRKAEANRFA 82
           68899****9 PP

  == domain 2  score: -1.4 bits;  conditional E-value: 0.52
            EETTTT CS
  Sgf11   6 tCpnCg 11 
            +C+ Cg
   orf1 106 KCELCG 111
            699997 PP

  == domain 3  score: 9.9 bits;  conditional E-value: 0.00015
            EEEETTTTEEEE CS
  Sgf11   4 yvtCpnCgRqia 15 
            + +C+nC R+i+
   orf1 145 LAVCENCYRTIH 156
            679********7 PP



Internal pipeline statistics summary:
-------------------------------------
Query sequence(s):                         1  (160 residues searched)
Target model(s):                       19632  (3329936 nodes)
Passed MSV filter:                      1026  (0.0522616); expected 392.6 (0.02)
Passed bias filter:                      712  (0.0362673); expected 392.6 (0.02)
Passed Vit filter:                        51  (0.0025978); expected 19.6 (0.001)
Passed Fwd filter:                         5  (0.000254686); expected 0.2 (1e-05)
Initial search space (Z):              19632  [actual number of targets]
Domain search space  (domZ):               5  [number of targets reported over threshold]
# CPU time: 0.33u 0.19s 00:00:00.52 Elapsed: 00:00:00.35
# Mc/sec: 1520.74
//
Query:       orf2  [L=96]
Description: source=IMGVR_UViG_3300014791_000170_3300014791_Ga0134447_1000496/1-596 coords=324..37 length=96 frame=6 desc=
Scores for complete sequence (score includes all domains):
   --- full sequence ---   --- best 1 domain ---    -#dom-
    E-value  score  bias    E-value  score  bias    exp  N  Model    Description
    ------- ------ -----    ------- ------ -----   ---- --  -------- -----------
  ------ inclusion threshold ------
      0.071   13.0   0.0       0.11   12.4   0.0    1.3  1  TetR_N    Bacterial regulatory proteins, tetR family


Domain annotation for each model (and alignments):
>> TetR_N  Bacterial regulatory proteins, tetR family
   #    score  bias  c-Evalue  i-Evalue hmmfrom  hmm to    alifrom  ali to    envfrom  env to     acc
 ---   ------ ----- --------- --------- ------- -------    ------- -------    ------- -------    ----
   1 ?   12.4   0.0   5.6e-06      0.11       6      26 ..      73      93 ..      69      95 .. 0.90

  Alignments for each domain:
  == domain 1  score: 12.4 bits;  conditional E-value: 5.6e-06
            HHHHHHHHTTTS.HHHHHHHH CS
  TetR_N  6 relfaerGydattvreIAkrA 26
             ++f ++G+++t   +IA+rA
    orf2 73 TAVFRRKGFEETECHDIAERA 93
            689*****************9 PP



Internal pipeline statistics summary:
-------------------------------------
Query sequence(s):                         1  (96 residues searched)
Target model(s):                       19632  (3329936 nodes)
Passed MSV filter:                       601  (0.0306133); expected 392.6 (0.02)
Passed bias filter:                      317  (0.0161471); expected 392.6 (0.02)
Passed Vit filter:                        18  (0.00091687); expected 19.6 (0.001)
Passed Fwd filter:                         1  (5.09372e-05); expected 0.2 (1e-05)
Initial search space (Z):              19632  [actual number of targets]
Domain search space  (domZ):               1  [number of targets reported over threshold]
# CPU time: 0.31u 0.15s 00:00:00.46 Elapsed: 00:00:00.31
# Mc/sec: 1015.94
//
[ok]
