# hmmscan :: search sequence(s) against a profile database
# HMMER 3.3.2 (Nov 2020); http://hmmer.org/
# Copyright (C) 2020 Howard Hughes Medical Institute.
# Freely distributed under the BSD open source license.
# - - - - - - - - - - - - - - - - - - - - - - - - - - - - - - - - - - - -
# query sequence file:             -
# target HMM database:             /n/eddy_lab/data/pfam-35.0/Pfam-A.hmm
# output directed to file:         ./c1_windows_new/hmmscan/out/IMGVR_UViG_2879731240_000005_2879731240_2879731240_2922949-2971649_hmmscan_output.out
# per-seq hits tabular output:     ./c1_windows_new/hmmscan/tblout/IMGVR_UViG_2879731240_000005_2879731240_2879731240_2922949-2971649_hmmscan_output.tblout
# - - - - - - - - - - - - - - - - - - - - - - - - - - - - - - - - - - - -

Query:       orf1  [L=97]
Description: source=IMGVR_UViG_2879731240_000005_2879731240_2879731240_2922949-2971649/14883-16606 coords=1..291 length=97 frame=1 desc=
Scores for complete sequence (score includes all domains):
   --- full sequence ---   --- best 1 domain ---    -#dom-
    E-value  score  bias    E-value  score  bias    exp  N  Model    Description
    ------- ------ -----    ------- ------ -----   ---- --  -------- -----------

   [No hits detected that satisfy reporting thresholds]


Domain annotation for each model (and alignments):

   [No targets detected that satisfy reporting thresholds]


Internal pipeline statistics summary:
-------------------------------------
Query sequence(s):                         1  (97 residues searched)
Target model(s):                       19632  (3329936 nodes)
Passed MSV filter:                       699  (0.0356051); expected 392.6 (0.02)
Passed bias filter:                      420  (0.0213936); expected 392.6 (0.02)
Passed Vit filter:                        29  (0.00147718); expected 19.6 (0.001)
Passed Fwd filter:                         0  (0); expected 0.2 (1e-05)
Initial search space (Z):              19632  [actual number of targets]
Domain search space  (domZ):               0  [number of targets reported over threshold]
# CPU time: 0.33u 0.21s 00:00:00.54 Elapsed: 00:00:00.37
# Mc/sec: 861.61
//
Query:       orf2  [L=125]
Description: source=IMGVR_UViG_2879731240_000005_2879731240_2879731240_2922949-2971649/14883-16606 coords=269..643 length=125 frame=2 desc=
Scores for complete sequence (score includes all domains):
   --- full sequence ---   --- best 1 domain ---    -#dom-
    E-value  score  bias    E-value  score  bias    exp  N  Model     Description
    ------- ------ -----    ------- ------ -----   ---- --  --------  -----------
    1.8e-12   47.5   0.9    5.2e-12   46.0   0.9    1.7  1  HTH_Tnp_1  Transposase
  ------ inclusion threshold ------
      0.013   15.5   0.3       0.16   12.1   0.3    2.3  1  HTH_23     Homeodomain-like domain
      0.045   14.1   0.4       0.16   12.3   0.6    1.7  2  TSC22      TSC-22/dip/bun family
      0.056   13.7   0.2      0.099   12.9   0.2    1.6  1  HTH_28     Helix-turn-helix domain


Domain annotation for each model (and alignments):
>> HTH_Tnp_1  Transposase
   #    score  bias  c-Evalue  i-Evalue hmmfrom  hmm to    alifrom  ali to    envfrom  env to     acc
 ---   ------ ----- --------- --------- ------- -------    ------- -------    ------- -------    ----
   1 !   46.0   0.9   1.1e-15   5.2e-12       1      74 [.      18     104 ..      18     105 .. 0.84

  Alignments for each domain:
  == domain 1  score: 46.0 bits;  conditional E-value: 1.1e-15
  HTH_Tnp_1   1 merrrrfseefklravkeslepg.......asvsevArrhgvspnqLykWrkqyr......egeealpaeseltaleeeireLkrel 74 
                m +++rfs+e++ rav+ +le +       a++ ++A + g  p++L+ W++q++      +g +++  +++l++le+e+reL+r +
       orf2  18 MTKNTRFSPEVRQRAVRMVLESQgeydsqwATICSIAPKIGCTPETLRVWVRQHErdtgggDGGLTTAERQRLKELERENRELRRSN 104
                7899***************9988444444457889************************984444444446*************976 PP

>> HTH_23  Homeodomain-like domain
   #    score  bias  c-Evalue  i-Evalue hmmfrom  hmm to    alifrom  ali to    envfrom  env to     acc
 ---   ------ ----- --------- --------- ------- -------    ------- -------    ------- -------    ----
   1 ?   12.1   0.3   3.2e-05      0.16       5      42 ..      27      72 ..      25      83 .. 0.78

  Alignments for each domain:
  == domain 1  score: 12.1 bits;  conditional E-value: 3.2e-05
  HTH_23  5 reRlrillllae........GlsvreIAeaLgvsrrTvyrwlkryr 42
            + R+r++++++e         ++++ IA + g+++ T++ w+++ +
    orf2 27 EVRQRAVRMVLEsqgeydsqWATICSIAPKIGCTPETLRVWVRQHE 72
            67999999999555445555789999999************99864 PP

>> TSC22  TSC-22/dip/bun family
   #    score  bias  c-Evalue  i-Evalue hmmfrom  hmm to    alifrom  ali to    envfrom  env to     acc
 ---   ------ ----- --------- --------- ------- -------    ------- -------    ------- -------    ----
   1 ?   -2.6   0.0       1.5   7.2e+03      43      50 ..      58      65 ..      56      70 .. 0.75
   2 ?   12.3   0.6   3.2e-05      0.16      20      43 ..      87     110 ..      86     115 .. 0.75

  Alignments for each domain:
  == domain 1  score: -2.6 bits;  conditional E-value: 1.5
  TSC22 43 naspetle 50
            ++petl 
   orf2 58 GCTPETLR 65
           58999986 PP

  == domain 2  score: 12.3 bits;  conditional E-value: 3.2e-05
  TSC22  20 kekIkeLeeknseleeENsiLran 43 
            +++ keLe +n+el++ N iLr+ 
   orf2  87 RQRLKELERENRELRRSNDILRQA 110
            567788888888888888888865 PP

>> HTH_28  Helix-turn-helix domain
   #    score  bias  c-Evalue  i-Evalue hmmfrom  hmm to    alifrom  ali to    envfrom  env to     acc
 ---   ------ ----- --------- --------- ------- -------    ------- -------    ------- -------    ----
   1 ?   12.9   0.2     2e-05     0.099       2      35 ..      29      70 ..      28      91 .. 0.76

  Alignments for each domain:
  == domain 1  score: 12.9 bits;  conditional E-value: 2e-05
  HTH_28  2 Rleivllla.aGesvre.......aArelgisrrtvyrWikr 35
            R ++v+ ++ +++ ++        +A + g++++t+++W+++
    orf2 29 RQRAVRMVLeSQGEYDSqwaticsIAPKIGCTPETLRVWVRQ 70
            677777777344455556667777999*************98 PP



Internal pipeline statistics summary:
-------------------------------------
Query sequence(s):                         1  (125 residues searched)
Target model(s):                       19632  (3329936 nodes)
Passed MSV filter:                       971  (0.0494601); expected 392.6 (0.02)
Passed bias filter:                      623  (0.0317339); expected 392.6 (0.02)
Passed Vit filter:                        73  (0.00371842); expected 19.6 (0.001)
Passed Fwd filter:                         4  (0.000203749); expected 0.2 (1e-05)
Initial search space (Z):              19632  [actual number of targets]
Domain search space  (domZ):               4  [number of targets reported over threshold]
# CPU time: 0.35u 0.18s 00:00:00.53 Elapsed: 00:00:00.34
# Mc/sec: 1222.49
//
Query:       orf3  [L=139]
Description: source=IMGVR_UViG_2879731240_000005_2879731240_2879731240_2922949-2971649/14883-16606 coords=580..996 length=139 frame=1 desc=
Scores for complete sequence (score includes all domains):
   --- full sequence ---   --- best 1 domain ---    -#dom-
    E-value  score  bias    E-value  score  bias    exp  N  Model       Description
    ------- ------ -----    ------- ------ -----   ---- --  --------    -----------
  ------ inclusion threshold ------
      0.064   13.5   0.0      0.081   13.2   0.0    1.1  1  HTH_Tnp_1_2  Helix-turn-helix of insertion element transposas
      0.076   13.3   0.1       0.19   12.0   0.1    1.6  2  HTH_21       HTH-like domain


Domain annotation for each model (and alignments):
>> HTH_Tnp_1_2  Helix-turn-helix of insertion element transposase
   #    score  bias  c-Evalue  i-Evalue hmmfrom  hmm to    alifrom  ali to    envfrom  env to     acc
 ---   ------ ----- --------- --------- ------- -------    ------- -------    ------- -------    ----
   1 ?   13.2   0.0   8.3e-06     0.081      27      74 ..      33      82 ..      21      95 .. 0.82

  Alignments for each domain:
  == domain 1  score: 13.2 bits;  conditional E-value: 8.3e-06
                 S-HHHHHHHHTS-HHHHHHHHH-HHHHHHHHH..HHHHHHHTTHHHHHHH CS
  HTH_Tnp_1_2 27 ltldeiaeevgvsrsTlykWkkkkeFieyvne..laeefleeeraevyka 74
                   +  +++e+ ++ sT+y+ +++++  +  +   + +++l++e ++vy +
         orf3 33 YGVGPLCSELHIAPSTYYHCQQQRHHPDKRSAraQRDDWLKKEIQRVYDE 82
                 466789*******************9988876115689**********86 PP

>> HTH_21  HTH-like domain
   #    score  bias  c-Evalue  i-Evalue hmmfrom  hmm to    alifrom  ali to    envfrom  env to     acc
 ---   ------ ----- --------- --------- ------- -------    ------- -------    ------- -------    ----
   1 ?   -2.9   0.0      0.91   8.9e+03      31      36 ..      30      35 ..      27      46 .. 0.56
   2 ?   12.0   0.1     2e-05      0.19       3      24 ..      69      90 ..      66      91 .. 0.85

  Alignments for each domain:
  == domain 1  score: -2.9 bits;  conditional E-value: 0.91
  HTH_21 31 rreggv 36
            r ++gv
    orf3 30 REQYGV 35
            444443 PP

  == domain 2  score: 12.0 bits;  conditional E-value: 2e-05
  HTH_21  3 ddallelireifeeskgrYGyr 24
            dd l++ i+++++e++ +YG++
    orf3 69 DDWLKKEIQRVYDENHKVYGVK 90
            5559999*************97 PP



Internal pipeline statistics summary:
-------------------------------------
Query sequence(s):                         1  (139 residues searched)
Target model(s):                       19632  (3329936 nodes)
Passed MSV filter:                       548  (0.0279136); expected 392.6 (0.02)
Passed bias filter:                      455  (0.0231764); expected 392.6 (0.02)
Passed Vit filter:                        27  (0.00137531); expected 19.6 (0.001)
Passed Fwd filter:                         2  (0.000101874); expected 0.2 (1e-05)
Initial search space (Z):              19632  [actual number of targets]
Domain search space  (domZ):               2  [number of targets reported over threshold]
# CPU time: 0.31u 0.17s 00:00:00.48 Elapsed: 00:00:00.32
# Mc/sec: 1430.33
//
Query:       orf4  [L=98]
Description: source=IMGVR_UViG_2879731240_000005_2879731240_2879731240_2922949-2971649/14883-16606 coords=825..1118 length=98 frame=3 desc=
Scores for complete sequence (score includes all domains):
   --- full sequence ---   --- best 1 domain ---    -#dom-
    E-value  score  bias    E-value  score  bias    exp  N  Model    Description
    ------- ------ -----    ------- ------ -----   ---- --  -------- -----------
      1e-08   35.3   2.6      1e-08   35.3   2.6    1.9  2  HTH_21    HTH-like domain


Domain annotation for each model (and alignments):
>> HTH_21  HTH-like domain
   #    score  bias  c-Evalue  i-Evalue hmmfrom  hmm to    alifrom  ali to    envfrom  env to     acc
 ---   ------ ----- --------- --------- ------- -------    ------- -------    ------- -------    ----
   1 !   35.3   2.6   5.3e-13     1e-08      25      60 .]       8      42 ..       6      42 .. 0.95
   2 ?   -0.9   0.0      0.11   2.1e+03      11      24 ..      59      80 ..      49      83 .. 0.56

  Alignments for each domain:
  == domain 1  score: 35.3 bits;  conditional E-value: 5.3e-13
  HTH_21 25 riwaaLrreggvrvnhkrVrRlMrelGLrgvtrrkr 60
            ++w++L re g+rv++++V+RlM  +GL+gv r k+
    orf4  8 KVWRQLLRE-GIRVARCTVARLMAVMGLAGVLRGKK 42
            8********.8********************99986 PP

  == domain 2  score: -0.9 bits;  conditional E-value: 0.11
  HTH_21 11 reifeeskg........rYGyr 24
            ++ f + ++        +YG++
    orf4 59 NRQFVAERPdqlwvadfTYGVP 80
            4444444444444445577776 PP



Internal pipeline statistics summary:
-------------------------------------
Query sequence(s):                         1  (98 residues searched)
Target model(s):                       19632  (3329936 nodes)
Passed MSV filter:                       460  (0.0234311); expected 392.6 (0.02)
Passed bias filter:                      387  (0.0197127); expected 392.6 (0.02)
Passed Vit filter:                        26  (0.00132437); expected 19.6 (0.001)
Passed Fwd filter:                         1  (5.09372e-05); expected 0.2 (1e-05)
Initial search space (Z):              19632  [actual number of targets]
Domain search space  (domZ):               1  [number of targets reported over threshold]
# CPU time: 0.31u 0.15s 00:00:00.46 Elapsed: 00:00:00.32
# Mc/sec: 1015.83
//
Query:       orf5  [L=129]
Description: source=IMGVR_UViG_2879731240_000005_2879731240_2879731240_2922949-2971649/14883-16606 coords=1723..1337 length=129 frame=5 desc=
Scores for complete sequence (score includes all domains):
   --- full sequence ---   --- best 1 domain ---    -#dom-
    E-value  score  bias    E-value  score  bias    exp  N  Model    Description
    ------- ------ -----    ------- ------ -----   ---- --  -------- -----------

   [No hits detected that satisfy reporting thresholds]


Domain annotation for each model (and alignments):

   [No targets detected that satisfy reporting thresholds]


Internal pipeline statistics summary:
-------------------------------------
Query sequence(s):                         1  (129 residues searched)
Target model(s):                       19632  (3329936 nodes)
Passed MSV filter:                       316  (0.0160962); expected 392.6 (0.02)
Passed bias filter:                      268  (0.0136512); expected 392.6 (0.02)
Passed Vit filter:                        19  (0.000967808); expected 19.6 (0.001)
Passed Fwd filter:                         0  (0); expected 0.2 (1e-05)
Initial search space (Z):              19632  [actual number of targets]
Domain search space  (domZ):               0  [number of targets reported over threshold]
# CPU time: 0.30u 0.15s 00:00:00.44 Elapsed: 00:00:00.31
# Mc/sec: 1346.48
//
Query:       orf6  [L=132]
Description: source=IMGVR_UViG_2879731240_000005_2879731240_2879731240_2922949-2971649/14883-16606 coords=1446..1051 length=132 frame=6 desc=
Scores for complete sequence (score includes all domains):
   --- full sequence ---   --- best 1 domain ---    -#dom-
    E-value  score  bias    E-value  score  bias    exp  N  Model    Description
    ------- ------ -----    ------- ------ -----   ---- --  -------- -----------

   [No hits detected that satisfy reporting thresholds]


Domain annotation for each model (and alignments):

   [No targets detected that satisfy reporting thresholds]


Internal pipeline statistics summary:
-------------------------------------
Query sequence(s):                         1  (132 residues searched)
Target model(s):                       19632  (3329936 nodes)
Passed MSV filter:                       304  (0.0154849); expected 392.6 (0.02)
Passed bias filter:                      288  (0.0146699); expected 392.6 (0.02)
Passed Vit filter:                        11  (0.00056031); expected 19.6 (0.001)
Passed Fwd filter:                         0  (0); expected 0.2 (1e-05)
Initial search space (Z):              19632  [actual number of targets]
Domain search space  (domZ):               0  [number of targets reported over threshold]
# CPU time: 0.28u 0.18s 00:00:00.46 Elapsed: 00:00:00.31
# Mc/sec: 1383.86
//
Query:       orf7  [L=151]
Description: source=IMGVR_UViG_2879731240_000005_2879731240_2879731240_2922949-2971649/14883-16606 coords=856..404 length=151 frame=5 desc=
Scores for complete sequence (score includes all domains):
   --- full sequence ---   --- best 1 domain ---    -#dom-
    E-value  score  bias    E-value  score  bias    exp  N  Model    Description
    ------- ------ -----    ------- ------ -----   ---- --  -------- -----------

   [No hits detected that satisfy reporting thresholds]


Domain annotation for each model (and alignments):

   [No targets detected that satisfy reporting thresholds]


Internal pipeline statistics summary:
-------------------------------------
Query sequence(s):                         1  (151 residues searched)
Target model(s):                       19632  (3329936 nodes)
Passed MSV filter:                       264  (0.0134474); expected 392.6 (0.02)
Passed bias filter:                      244  (0.0124287); expected 392.6 (0.02)
Passed Vit filter:                        20  (0.00101874); expected 19.6 (0.001)
Passed Fwd filter:                         0  (0); expected 0.2 (1e-05)
Initial search space (Z):              19632  [actual number of targets]
Domain search space  (domZ):               0  [number of targets reported over threshold]
# CPU time: 0.30u 0.17s 00:00:00.47 Elapsed: 00:00:00.31
# Mc/sec: 1609.13
//
Query:       orf8  [L=133]
Description: source=IMGVR_UViG_2879731240_000005_2879731240_2879731240_2922949-2971649/14883-16606 coords=400..2 length=133 frame=5 desc=
Scores for complete sequence (score includes all domains):
   --- full sequence ---   --- best 1 domain ---    -#dom-
    E-value  score  bias    E-value  score  bias    exp  N  Model    Description
    ------- ------ -----    ------- ------ -----   ---- --  -------- -----------

   [No hits detected that satisfy reporting thresholds]


Domain annotation for each model (and alignments):

   [No targets detected that satisfy reporting thresholds]


Internal pipeline statistics summary:
-------------------------------------
Query sequence(s):                         1  (133 residues searched)
Target model(s):                       19632  (3329936 nodes)
Passed MSV filter:                       311  (0.0158415); expected 392.6 (0.02)
Passed bias filter:                      196  (0.0099837); expected 392.6 (0.02)
Passed Vit filter:                        20  (0.00101874); expected 19.6 (0.001)
Passed Fwd filter:                         0  (0); expected 0.2 (1e-05)
Initial search space (Z):              19632  [actual number of targets]
Domain search space  (domZ):               0  [number of targets reported over threshold]
# CPU time: 0.31u 0.13s 00:00:00.44 Elapsed: 00:00:00.31
# Mc/sec: 1426.65
//
[ok]
