# hmmscan :: search sequence(s) against a profile database
# HMMER 3.3.2 (Nov 2020); http://hmmer.org/
# Copyright (C) 2020 Howard Hughes Medical Institute.
# Freely distributed under the BSD open source license.
# - - - - - - - - - - - - - - - - - - - - - - - - - - - - - - - - - - - -
# query sequence file:             -
# target HMM database:             /n/eddy_lab/data/pfam-35.0/Pfam-A.hmm
# output directed to file:         ./c1_windows_new/hmmscan/out/IMGVR_UViG_3300036760_001400_3300036760_Ga0373620_0000132_hmmscan_output.out
# per-seq hits tabular output:     ./c1_windows_new/hmmscan/tblout/IMGVR_UViG_3300036760_001400_3300036760_Ga0373620_0000132_hmmscan_output.tblout
# - - - - - - - - - - - - - - - - - - - - - - - - - - - - - - - - - - - -

Query:       orf1  [L=97]
Description: source=IMGVR_UViG_3300036760_001400_3300036760_Ga0373620_0000132/137806-139536 coords=1..291 length=97 frame=1 desc=
Scores for complete sequence (score includes all domains):
   --- full sequence ---   --- best 1 domain ---    -#dom-
    E-value  score  bias    E-value  score  bias    exp  N  Model    Description
    ------- ------ -----    ------- ------ -----   ---- --  -------- -----------

   [No hits detected that satisfy reporting thresholds]


Domain annotation for each model (and alignments):

   [No targets detected that satisfy reporting thresholds]


Internal pipeline statistics summary:
-------------------------------------
Query sequence(s):                         1  (97 residues searched)
Target model(s):                       19632  (3329936 nodes)
Passed MSV filter:                       260  (0.0132437); expected 392.6 (0.02)
Passed bias filter:                      171  (0.00871027); expected 392.6 (0.02)
Passed Vit filter:                         6  (0.000305623); expected 19.6 (0.001)
Passed Fwd filter:                         0  (0); expected 0.2 (1e-05)
Initial search space (Z):              19632  [actual number of targets]
Domain search space  (domZ):               0  [number of targets reported over threshold]
# CPU time: 0.29u 0.15s 00:00:00.43 Elapsed: 00:00:00.32
# Mc/sec: 993.75
//
Query:       orf2  [L=97]
Description: source=IMGVR_UViG_3300036760_001400_3300036760_Ga0373620_0000132/137806-139536 coords=488..778 length=97 frame=2 desc=
Scores for complete sequence (score includes all domains):
   --- full sequence ---   --- best 1 domain ---    -#dom-
    E-value  score  bias    E-value  score  bias    exp  N  Model    Description
    ------- ------ -----    ------- ------ -----   ---- --  -------- -----------

   [No hits detected that satisfy reporting thresholds]


Domain annotation for each model (and alignments):

   [No targets detected that satisfy reporting thresholds]


Internal pipeline statistics summary:
-------------------------------------
Query sequence(s):                         1  (97 residues searched)
Target model(s):                       19632  (3329936 nodes)
Passed MSV filter:                       223  (0.011359); expected 392.6 (0.02)
Passed bias filter:                      150  (0.00764059); expected 392.6 (0.02)
Passed Vit filter:                         9  (0.000458435); expected 19.6 (0.001)
Passed Fwd filter:                         0  (0); expected 0.2 (1e-05)
Initial search space (Z):              19632  [actual number of targets]
Domain search space  (domZ):               0  [number of targets reported over threshold]
# CPU time: 0.27u 0.17s 00:00:00.44 Elapsed: 00:00:00.31
# Mc/sec: 1019.42
//
Query:       orf3  [L=290]
Description: source=IMGVR_UViG_3300036760_001400_3300036760_Ga0373620_0000132/137806-139536 coords=3..872 length=290 frame=3 desc=
Scores for complete sequence (score includes all domains):
   --- full sequence ---   --- best 1 domain ---    -#dom-
    E-value  score  bias    E-value  score  bias    exp  N  Model    Description
    ------- ------ -----    ------- ------ -----   ---- --  -------- -----------
    9.6e-12   44.7   0.0    1.8e-11   43.8   0.0    1.4  1  ThiF      ThiF family


Domain annotation for each model (and alignments):
>> ThiF  ThiF family
   #    score  bias  c-Evalue  i-Evalue hmmfrom  hmm to    alifrom  ali to    envfrom  env to     acc
 ---   ------ ----- --------- --------- ------- -------    ------- -------    ------- -------    ----
   1 !   43.8   0.0   9.2e-16   1.8e-11      31     186 ..       1     203 [.       1     233 [. 0.77

  Alignments for each domain:
  == domain 1  score: 43.8 bits;  conditional E-value: 9.2e-16
           HHHHHHHHHHHHTT......SEEEEEESSB--GGGGCTBTTS-GGGTTSBHHHHHHHHHHHT-TTSEEEEEES-CCG.....CT....HHHHCTESEEEEESSSH CS
           xxxxxxxxxxxxxx......xxxxxxxxxxxxxxxxxxxxxxxxxxxxxxxxxxxxxxxxxxxxxxxxxxxxxxxxx.....xx...xxxxxxxxxxxxxxxxxx RF
  ThiF  31 lGsellknLalaGv......gkitlvDnDtielsNLnRQflfreedigkpKaevaaealqelnpdveveayterlsk.....ee...ledfiesfdvVvdalDni 121
           +Gs l+  La+         +++ l+D D  +  NL RQ +  e+d+gk+Ka++ a+ l++ + +++v+a+ + ++k     ++    +++  +  +V++++Dn+
  orf3   1 IGSKLADELARYMSytskapKELLLIDGDVYSQGNLERQSI-LESDVGKSKAQAWADGLAAEFHNLSVSAMCGYVGKegtkkDNvvpIDKISLEGSIVILGVDNH 104
           5777777777655556667799*****************98.579******************************99885543366555555599********** PP

           HHHHHHHHHHHH..HT-EEEEEEEETTEEEEEEEE........................................HHHCTCCCB-HHHHHHHHHHHHHHHHHHHT CS
           xxxxxxxxxxxx..xxxxxxxxxxxxxxxxxxxxx........................................xxxxxxxxxxxxxxxxxxxxxxxxxxxxxx RF
  ThiF 122 earrlvnracvs..arkplieagtlgfkGqvtvii........................................viagniipaiatttavvaglaalellklls 184
           ++r l    c     +  li++g   f+G v  +                                         +        +   +++ a ++  e+  +++
  orf3 105 KTRNLFYLWCLVhvPSVYLISGGNNKFDGSVINLWknngnrlidgfafhpeilnpqdknpadlscaelakidggtQ--------VIWANGMAATVIGNEVHSIVT 201
           *****99999773358889************988666777888888888888888888888888887776655442........566666666666667666666 PP

           TB CS
           xx RF
  ThiF 185 gk 186
           g+
  orf3 202 GE 203
           66 PP



Internal pipeline statistics summary:
-------------------------------------
Query sequence(s):                         1  (290 residues searched)
Target model(s):                       19632  (3329936 nodes)
Passed MSV filter:                       511  (0.0260289); expected 392.6 (0.02)
Passed bias filter:                      421  (0.0214446); expected 392.6 (0.02)
Passed Vit filter:                        35  (0.0017828); expected 19.6 (0.001)
Passed Fwd filter:                         1  (5.09372e-05); expected 0.2 (1e-05)
Initial search space (Z):              19632  [actual number of targets]
Domain search space  (domZ):               1  [number of targets reported over threshold]
# CPU time: 0.32u 0.15s 00:00:00.47 Elapsed: 00:00:00.31
# Mc/sec: 3095.31
//
Query:       orf4  [L=95]
Description: source=IMGVR_UViG_3300036760_001400_3300036760_Ga0373620_0000132/137806-139536 coords=782..1066 length=95 frame=2 desc=
Scores for complete sequence (score includes all domains):
   --- full sequence ---   --- best 1 domain ---    -#dom-
    E-value  score  bias    E-value  score  bias    exp  N  Model    Description
    ------- ------ -----    ------- ------ -----   ---- --  -------- -----------

   [No hits detected that satisfy reporting thresholds]


Domain annotation for each model (and alignments):

   [No targets detected that satisfy reporting thresholds]


Internal pipeline statistics summary:
-------------------------------------
Query sequence(s):                         1  (95 residues searched)
Target model(s):                       19632  (3329936 nodes)
Passed MSV filter:                       247  (0.0125815); expected 392.6 (0.02)
Passed bias filter:                      213  (0.0108496); expected 392.6 (0.02)
Passed Vit filter:                         8  (0.000407498); expected 19.6 (0.001)
Passed Fwd filter:                         0  (0); expected 0.2 (1e-05)
Initial search space (Z):              19632  [actual number of targets]
Domain search space  (domZ):               0  [number of targets reported over threshold]
# CPU time: 0.26u 0.14s 00:00:00.40 Elapsed: 00:00:00.28
# Mc/sec: 1104.80
//
Query:       orf5  [L=92]
Description: source=IMGVR_UViG_3300036760_001400_3300036760_Ga0373620_0000132/137806-139536 coords=876..1151 length=92 frame=3 desc=
Scores for complete sequence (score includes all domains):
   --- full sequence ---   --- best 1 domain ---    -#dom-
    E-value  score  bias    E-value  score  bias    exp  N  Model    Description
    ------- ------ -----    ------- ------ -----   ---- --  -------- -----------

   [No hits detected that satisfy reporting thresholds]


Domain annotation for each model (and alignments):

   [No targets detected that satisfy reporting thresholds]


Internal pipeline statistics summary:
-------------------------------------
Query sequence(s):                         1  (92 residues searched)
Target model(s):                       19632  (3329936 nodes)
Passed MSV filter:                       333  (0.0169621); expected 392.6 (0.02)
Passed bias filter:                      315  (0.0160452); expected 392.6 (0.02)
Passed Vit filter:                        21  (0.00106968); expected 19.6 (0.001)
Passed Fwd filter:                         0  (0); expected 0.2 (1e-05)
Initial search space (Z):              19632  [actual number of targets]
Domain search space  (domZ):               0  [number of targets reported over threshold]
# CPU time: 0.28u 0.13s 00:00:00.41 Elapsed: 00:00:00.28
# Mc/sec: 1069.74
//
Query:       orf6  [L=107]
Description: source=IMGVR_UViG_3300036760_001400_3300036760_Ga0373620_0000132/137806-139536 coords=1220..900 length=107 frame=5 desc=
Scores for complete sequence (score includes all domains):
   --- full sequence ---   --- best 1 domain ---    -#dom-
    E-value  score  bias    E-value  score  bias    exp  N  Model    Description
    ------- ------ -----    ------- ------ -----   ---- --  -------- -----------

   [No hits detected that satisfy reporting thresholds]


Domain annotation for each model (and alignments):

   [No targets detected that satisfy reporting thresholds]


Internal pipeline statistics summary:
-------------------------------------
Query sequence(s):                         1  (107 residues searched)
Target model(s):                       19632  (3329936 nodes)
Passed MSV filter:                       233  (0.0118684); expected 392.6 (0.02)
Passed bias filter:                      196  (0.0099837); expected 392.6 (0.02)
Passed Vit filter:                        11  (0.00056031); expected 19.6 (0.001)
Passed Fwd filter:                         0  (0); expected 0.2 (1e-05)
Initial search space (Z):              19632  [actual number of targets]
Domain search space  (domZ):               0  [number of targets reported over threshold]
# CPU time: 0.26u 0.16s 00:00:00.42 Elapsed: 00:00:00.28
# Mc/sec: 1230.25
//
Query:       orf7  [L=130]
Description: source=IMGVR_UViG_3300036760_001400_3300036760_Ga0373620_0000132/137806-139536 coords=896..507 length=130 frame=5 desc=
Scores for complete sequence (score includes all domains):
   --- full sequence ---   --- best 1 domain ---    -#dom-
    E-value  score  bias    E-value  score  bias    exp  N  Model    Description
    ------- ------ -----    ------- ------ -----   ---- --  -------- -----------

   [No hits detected that satisfy reporting thresholds]


Domain annotation for each model (and alignments):

   [No targets detected that satisfy reporting thresholds]


Internal pipeline statistics summary:
-------------------------------------
Query sequence(s):                         1  (130 residues searched)
Target model(s):                       19632  (3329936 nodes)
Passed MSV filter:                       279  (0.0142115); expected 392.6 (0.02)
Passed bias filter:                      252  (0.0128362); expected 392.6 (0.02)
Passed Vit filter:                        25  (0.00127343); expected 19.6 (0.001)
Passed Fwd filter:                         0  (0); expected 0.2 (1e-05)
Initial search space (Z):              19632  [actual number of targets]
Domain search space  (domZ):               0  [number of targets reported over threshold]
# CPU time: 0.28u 0.13s 00:00:00.41 Elapsed: 00:00:00.28
# Mc/sec: 1526.64
//
Query:       orf8  [L=167]
Description: source=IMGVR_UViG_3300036760_001400_3300036760_Ga0373620_0000132/137806-139536 coords=503..3 length=167 frame=5 desc=
Scores for complete sequence (score includes all domains):
   --- full sequence ---   --- best 1 domain ---    -#dom-
    E-value  score  bias    E-value  score  bias    exp  N  Model    Description
    ------- ------ -----    ------- ------ -----   ---- --  -------- -----------
  ------ inclusion threshold ------
      0.093   13.4   0.1       0.13   12.9   0.1    1.2  1  Pyocin_S  S-type Pyocin


Domain annotation for each model (and alignments):
>> Pyocin_S  S-type Pyocin
   #    score  bias  c-Evalue  i-Evalue hmmfrom  hmm to    alifrom  ali to    envfrom  env to     acc
 ---   ------ ----- --------- --------- ------- -------    ------- -------    ------- -------    ----
   1 ?   12.9   0.1   6.5e-06      0.13      69     133 ..      38      95 ..      14      97 .. 0.83

  Alignments for each domain:
  == domain 1  score: 12.9 bits;  conditional E-value: 6.5e-06
               ECCETTC-SECCCECSTTSSS-TT-TCEESSSEECEE...-EC-STTTCCCEEEEEEEEETSSSE CS
  Pyocin_S  69 ilwtpaaaplssssttshpaappslpvitgtpipeeqgenietlPaleerdfnDfIivfPadsGl 133
               +++ p+ ++     +t+h  + p++++++g  + + q+  + t+   +  d+nD+++  P  s++
      orf8  38 LVV-PSGNQ----VHTGHVYKAPEVEQVPGLVVIDTQDH-NRTFE-RDLVDWNDIVLLSPLLSNV 95 
               443.55444....99*********************998.99999.89************88877 PP



Internal pipeline statistics summary:
-------------------------------------
Query sequence(s):                         1  (167 residues searched)
Target model(s):                       19632  (3329936 nodes)
Passed MSV filter:                       330  (0.0168093); expected 392.6 (0.02)
Passed bias filter:                      318  (0.016198); expected 392.6 (0.02)
Passed Vit filter:                        18  (0.00091687); expected 19.6 (0.001)
Passed Fwd filter:                         1  (5.09372e-05); expected 0.2 (1e-05)
Initial search space (Z):              19632  [actual number of targets]
Domain search space  (domZ):               1  [number of targets reported over threshold]
# CPU time: 0.27u 0.14s 00:00:00.41 Elapsed: 00:00:00.28
# Mc/sec: 1956.79
//
[ok]
