# hmmscan :: search sequence(s) against a profile database
# HMMER 3.3.2 (Nov 2020); http://hmmer.org/
# Copyright (C) 2020 Howard Hughes Medical Institute.
# Freely distributed under the BSD open source license.
# - - - - - - - - - - - - - - - - - - - - - - - - - - - - - - - - - - - -
# query sequence file:             -
# target HMM database:             /n/eddy_lab/data/pfam-35.0/Pfam-A.hmm
# output directed to file:         ./c1_windows_new/hmmscan/out/IMGVR_UViG_3300029122_000153_3300029122_Ga0168799_1004777_hmmscan_output.out
# per-seq hits tabular output:     ./c1_windows_new/hmmscan/tblout/IMGVR_UViG_3300029122_000153_3300029122_Ga0168799_1004777_hmmscan_output.tblout
# - - - - - - - - - - - - - - - - - - - - - - - - - - - - - - - - - - - -

Query:       orf1  [L=93]
Description: source=IMGVR_UViG_3300029122_000153_3300029122_Ga0168799_1004777/1-768 coords=1..279 length=93 frame=1 desc=
Scores for complete sequence (score includes all domains):
   --- full sequence ---   --- best 1 domain ---    -#dom-
    E-value  score  bias    E-value  score  bias    exp  N  Model    Description
    ------- ------ -----    ------- ------ -----   ---- --  -------- -----------

   [No hits detected that satisfy reporting thresholds]


Domain annotation for each model (and alignments):

   [No targets detected that satisfy reporting thresholds]


Internal pipeline statistics summary:
-------------------------------------
Query sequence(s):                         1  (93 residues searched)
Target model(s):                       19632  (3329936 nodes)
Passed MSV filter:                       306  (0.0155868); expected 392.6 (0.02)
Passed bias filter:                      241  (0.0122759); expected 392.6 (0.02)
Passed Vit filter:                        17  (0.000865933); expected 19.6 (0.001)
Passed Fwd filter:                         0  (0); expected 0.2 (1e-05)
Initial search space (Z):              19632  [actual number of targets]
Domain search space  (domZ):               0  [number of targets reported over threshold]
# CPU time: 0.36u 0.20s 00:00:00.56 Elapsed: 00:00:00.38
# Mc/sec: 801.74
//
Query:       orf2  [L=96]
Description: source=IMGVR_UViG_3300029122_000153_3300029122_Ga0168799_1004777/1-768 coords=317..30 length=96 frame=5 desc=
Scores for complete sequence (score includes all domains):
   --- full sequence ---   --- best 1 domain ---    -#dom-
    E-value  score  bias    E-value  score  bias    exp  N  Model    Description
    ------- ------ -----    ------- ------ -----   ---- --  -------- -----------

   [No hits detected that satisfy reporting thresholds]


Domain annotation for each model (and alignments):

   [No targets detected that satisfy reporting thresholds]


Internal pipeline statistics summary:
-------------------------------------
Query sequence(s):                         1  (96 residues searched)
Target model(s):                       19632  (3329936 nodes)
Passed MSV filter:                       326  (0.0166055); expected 392.6 (0.02)
Passed bias filter:                      269  (0.0137021); expected 392.6 (0.02)
Passed Vit filter:                        20  (0.00101874); expected 19.6 (0.001)
Passed Fwd filter:                         0  (0); expected 0.2 (1e-05)
Initial search space (Z):              19632  [actual number of targets]
Domain search space  (domZ):               0  [number of targets reported over threshold]
# CPU time: 0.33u 0.18s 00:00:00.51 Elapsed: 00:00:00.34
# Mc/sec: 929.09
//
[ok]
