# hmmscan :: search sequence(s) against a profile database
# HMMER 3.3.2 (Nov 2020); http://hmmer.org/
# Copyright (C) 2020 Howard Hughes Medical Institute.
# Freely distributed under the BSD open source license.
# - - - - - - - - - - - - - - - - - - - - - - - - - - - - - - - - - - - -
# query sequence file:             -
# target HMM database:             /n/eddy_lab/data/pfam-35.0/Pfam-A.hmm
# output directed to file:         ./c1_windows_new/hmmscan/out/IMGVR_UViG_2786546906_000006_2786546906_2786663483_151-19580_hmmscan_output.out
# per-seq hits tabular output:     ./c1_windows_new/hmmscan/tblout/IMGVR_UViG_2786546906_000006_2786546906_2786663483_151-19580_hmmscan_output.tblout
# - - - - - - - - - - - - - - - - - - - - - - - - - - - - - - - - - - - -

Query:       orf1  [L=116]
Description: source=IMGVR_UViG_2786546906_000006_2786546906_2786663483_151-19580/4788-6485 coords=73..420 length=116 frame=1 desc=
Scores for complete sequence (score includes all domains):
   --- full sequence ---   --- best 1 domain ---    -#dom-
    E-value  score  bias    E-value  score  bias    exp  N  Model    Description
    ------- ------ -----    ------- ------ -----   ---- --  -------- -----------
  ------ inclusion threshold ------
       0.16   11.8   0.0        0.3   10.9   0.0    1.4  1  Big_4     Bacterial Ig-like domain (group 4)


Domain annotation for each model (and alignments):
>> Big_4  Bacterial Ig-like domain (group 4)
   #    score  bias  c-Evalue  i-Evalue hmmfrom  hmm to    alifrom  ali to    envfrom  env to     acc
 ---   ------ ----- --------- --------- ------- -------    ------- -------    ------- -------    ----
   1 ?   10.9   0.0   1.5e-05       0.3      17      32 ..      35      50 ..      33      53 .. 0.92

  Alignments for each domain:
  == domain 1  score: 10.9 bits;  conditional E-value: 1.5e-05
  Big_4 17 PttVeatlsdgseeev 32
           PttV+++lsdg e+e+
   orf1 35 PTTVQVKLSDGHEDEF 50
           9***********9876 PP



Internal pipeline statistics summary:
-------------------------------------
Query sequence(s):                         1  (116 residues searched)
Target model(s):                       19632  (3329936 nodes)
Passed MSV filter:                       405  (0.0206296); expected 392.6 (0.02)
Passed bias filter:                      351  (0.017879); expected 392.6 (0.02)
Passed Vit filter:                        31  (0.00157905); expected 19.6 (0.001)
Passed Fwd filter:                         1  (5.09372e-05); expected 0.2 (1e-05)
Initial search space (Z):              19632  [actual number of targets]
Domain search space  (domZ):               1  [number of targets reported over threshold]
# CPU time: 0.28u 0.20s 00:00:00.48 Elapsed: 00:00:00.35
# Mc/sec: 1101.87
//
Query:       orf2  [L=119]
Description: source=IMGVR_UViG_2786546906_000006_2786546906_2786663483_151-19580/4788-6485 coords=353..709 length=119 frame=2 desc=
Scores for complete sequence (score includes all domains):
   --- full sequence ---   --- best 1 domain ---    -#dom-
    E-value  score  bias    E-value  score  bias    exp  N  Model    Description
    ------- ------ -----    ------- ------ -----   ---- --  -------- -----------

   [No hits detected that satisfy reporting thresholds]


Domain annotation for each model (and alignments):

   [No targets detected that satisfy reporting thresholds]


Internal pipeline statistics summary:
-------------------------------------
Query sequence(s):                         1  (119 residues searched)
Target model(s):                       19632  (3329936 nodes)
Passed MSV filter:                       448  (0.0228199); expected 392.6 (0.02)
Passed bias filter:                      252  (0.0128362); expected 392.6 (0.02)
Passed Vit filter:                        15  (0.000764059); expected 19.6 (0.001)
Passed Fwd filter:                         0  (0); expected 0.2 (1e-05)
Initial search space (Z):              19632  [actual number of targets]
Domain search space  (domZ):               0  [number of targets reported over threshold]
# CPU time: 0.27u 0.20s 00:00:00.47 Elapsed: 00:00:00.34
# Mc/sec: 1158.39
//
Query:       orf3  [L=242]
Description: source=IMGVR_UViG_2786546906_000006_2786546906_2786663483_151-19580/4788-6485 coords=120..845 length=242 frame=3 desc=
Scores for complete sequence (score includes all domains):
   --- full sequence ---   --- best 1 domain ---    -#dom-
    E-value  score  bias    E-value  score  bias    exp  N  Model    Description
    ------- ------ -----    ------- ------ -----   ---- --  -------- -----------

   [No hits detected that satisfy reporting thresholds]


Domain annotation for each model (and alignments):

   [No targets detected that satisfy reporting thresholds]


Internal pipeline statistics summary:
-------------------------------------
Query sequence(s):                         1  (242 residues searched)
Target model(s):                       19632  (3329936 nodes)
Passed MSV filter:                       588  (0.0299511); expected 392.6 (0.02)
Passed bias filter:                      283  (0.0144152); expected 392.6 (0.02)
Passed Vit filter:                        26  (0.00132437); expected 19.6 (0.001)
Passed Fwd filter:                         0  (0); expected 0.2 (1e-05)
Initial search space (Z):              19632  [actual number of targets]
Domain search space  (domZ):               0  [number of targets reported over threshold]
# CPU time: 0.30u 0.18s 00:00:00.48 Elapsed: 00:00:00.31
# Mc/sec: 2592.55
//
Query:       orf4  [L=102]
Description: source=IMGVR_UViG_2786546906_000006_2786546906_2786663483_151-19580/4788-6485 coords=713..1018 length=102 frame=2 desc=
Scores for complete sequence (score includes all domains):
   --- full sequence ---   --- best 1 domain ---    -#dom-
    E-value  score  bias    E-value  score  bias    exp  N  Model    Description
    ------- ------ -----    ------- ------ -----   ---- --  -------- -----------

   [No hits detected that satisfy reporting thresholds]


Domain annotation for each model (and alignments):

   [No targets detected that satisfy reporting thresholds]


Internal pipeline statistics summary:
-------------------------------------
Query sequence(s):                         1  (102 residues searched)
Target model(s):                       19632  (3329936 nodes)
Passed MSV filter:                       431  (0.021954); expected 392.6 (0.02)
Passed bias filter:                      267  (0.0136002); expected 392.6 (0.02)
Passed Vit filter:                        10  (0.000509372); expected 19.6 (0.001)
Passed Fwd filter:                         0  (0); expected 0.2 (1e-05)
Initial search space (Z):              19632  [actual number of targets]
Domain search space  (domZ):               0  [number of targets reported over threshold]
# CPU time: 0.28u 0.19s 00:00:00.47 Elapsed: 00:00:00.34
# Mc/sec: 992.49
//
Query:       orf5  [L=95]
Description: source=IMGVR_UViG_2786546906_000006_2786546906_2786663483_151-19580/4788-6485 coords=1254..970 length=95 frame=4 desc=
Scores for complete sequence (score includes all domains):
   --- full sequence ---   --- best 1 domain ---    -#dom-
    E-value  score  bias    E-value  score  bias    exp  N  Model    Description
    ------- ------ -----    ------- ------ -----   ---- --  -------- -----------

   [No hits detected that satisfy reporting thresholds]


Domain annotation for each model (and alignments):

   [No targets detected that satisfy reporting thresholds]


Internal pipeline statistics summary:
-------------------------------------
Query sequence(s):                         1  (95 residues searched)
Target model(s):                       19632  (3329936 nodes)
Passed MSV filter:                       285  (0.0145171); expected 392.6 (0.02)
Passed bias filter:                      243  (0.0123778); expected 392.6 (0.02)
Passed Vit filter:                        14  (0.000713121); expected 19.6 (0.001)
Passed Fwd filter:                         0  (0); expected 0.2 (1e-05)
Initial search space (Z):              19632  [actual number of targets]
Domain search space  (domZ):               0  [number of targets reported over threshold]
# CPU time: 0.30u 0.20s 00:00:00.50 Elapsed: 00:00:00.36
# Mc/sec: 876.32
//
Query:       orf6  [L=245]
Description: source=IMGVR_UViG_2786546906_000006_2786546906_2786663483_151-19580/4788-6485 coords=1034..300 length=245 frame=5 desc=
Scores for complete sequence (score includes all domains):
   --- full sequence ---   --- best 1 domain ---    -#dom-
    E-value  score  bias    E-value  score  bias    exp  N  Model    Description
    ------- ------ -----    ------- ------ -----   ---- --  -------- -----------

   [No hits detected that satisfy reporting thresholds]


Domain annotation for each model (and alignments):

   [No targets detected that satisfy reporting thresholds]


Internal pipeline statistics summary:
-------------------------------------
Query sequence(s):                         1  (245 residues searched)
Target model(s):                       19632  (3329936 nodes)
Passed MSV filter:                       233  (0.0118684); expected 392.6 (0.02)
Passed bias filter:                      198  (0.0100856); expected 392.6 (0.02)
Passed Vit filter:                        11  (0.00056031); expected 19.6 (0.001)
Passed Fwd filter:                         0  (0); expected 0.2 (1e-05)
Initial search space (Z):              19632  [actual number of targets]
Domain search space  (domZ):               0  [number of targets reported over threshold]
# CPU time: 0.31u 0.19s 00:00:00.50 Elapsed: 00:00:00.35
# Mc/sec: 2319.15
//
Query:       orf7  [L=98]
Description: source=IMGVR_UViG_2786546906_000006_2786546906_2786663483_151-19580/4788-6485 coords=435..142 length=98 frame=4 desc=
Scores for complete sequence (score includes all domains):
   --- full sequence ---   --- best 1 domain ---    -#dom-
    E-value  score  bias    E-value  score  bias    exp  N  Model    Description
    ------- ------ -----    ------- ------ -----   ---- --  -------- -----------

   [No hits detected that satisfy reporting thresholds]


Domain annotation for each model (and alignments):

   [No targets detected that satisfy reporting thresholds]


Internal pipeline statistics summary:
-------------------------------------
Query sequence(s):                         1  (98 residues searched)
Target model(s):                       19632  (3329936 nodes)
Passed MSV filter:                       286  (0.0145681); expected 392.6 (0.02)
Passed bias filter:                      255  (0.012989); expected 392.6 (0.02)
Passed Vit filter:                        15  (0.000764059); expected 19.6 (0.001)
Passed Fwd filter:                         0  (0); expected 0.2 (1e-05)
Initial search space (Z):              19632  [actual number of targets]
Domain search space  (domZ):               0  [number of targets reported over threshold]
# CPU time: 0.27u 0.20s 00:00:00.47 Elapsed: 00:00:00.34
# Mc/sec: 950.40
//
[ok]
