# hmmscan :: search sequence(s) against a profile database
# HMMER 3.3.2 (Nov 2020); http://hmmer.org/
# Copyright (C) 2020 Howard Hughes Medical Institute.
# Freely distributed under the BSD open source license.
# - - - - - - - - - - - - - - - - - - - - - - - - - - - - - - - - - - - -
# query sequence file:             -
# target HMM database:             /n/eddy_lab/data/pfam-35.0/Pfam-A.hmm
# output directed to file:         ./c1_windows_new/hmmscan/out/IMGVR_UViG_3300039376_000163_3300039376_Ga0169868_01238_hmmscan_output.out
# per-seq hits tabular output:     ./c1_windows_new/hmmscan/tblout/IMGVR_UViG_3300039376_000163_3300039376_Ga0169868_01238_hmmscan_output.tblout
# - - - - - - - - - - - - - - - - - - - - - - - - - - - - - - - - - - - -

Query:       orf1  [L=543]
Description: source=IMGVR_UViG_3300039376_000163_3300039376_Ga0169868_01238/8607-10356 coords=2..1630 length=543 frame=2 desc=
Scores for complete sequence (score includes all domains):
   --- full sequence ---   --- best 1 domain ---    -#dom-
    E-value  score  bias    E-value  score  bias    exp  N  Model           Description
    ------- ------ -----    ------- ------ -----   ---- --  --------        -----------
    1.2e-39  136.3   0.1    2.4e-29  102.6   0.0    2.2  2  RVT_1            Reverse transcriptase (RNA-dependent DNA pol
      4e-15   56.1   0.9    1.6e-14   54.2   0.7    2.1  2  Intron_maturas2  Type II intron maturase
    1.5e-05   24.9   0.1    5.3e-05   23.2   0.1    1.8  1  MatK_N           MatK/TrnK amino terminal region
  ------ inclusion threshold ------
      0.011   15.9   0.1      0.056   13.6   0.1    2.3  1  GIIM             Group II intron, maturase-specific domain
      0.097   12.9   0.6        5.2    7.3   0.1    2.7  3  Inhibitor_I78    Peptidase inhibitor I78 family


Domain annotation for each model (and alignments):
>> RVT_1  Reverse transcriptase (RNA-dependent DNA polymerase)
   #    score  bias  c-Evalue  i-Evalue hmmfrom  hmm to    alifrom  ali to    envfrom  env to     acc
 ---   ------ ----- --------- --------- ------- -------    ------- -------    ------- -------    ----
   1 !  1Query:       orf2  [L=503]
Description: source=IMGVR_UViG_3300039376_000163_3300039376_Ga0169868_01238/6359-8470 coords=1..1509 length=503 frame=1 desc=
Scores for complete sequence (score includes all domains):
   --- full sequence ---   --- best 1 domain ---    -#dom-
    E-value  score  bias    E-value  score  bias    exp  N  Model           Description
    ------- ------ -----    ------- ------ -----   ---- --  --------        -----------
    7.1e-26   90.2  12.8    1.1e-10   41.5   0.2    4.2  4  SpaA             Prealbumin-like fold domain
    1.2e-05   25.6   2.0    1.2e-05   25.6   2.0    4.5  4  CarboxypepD_reg  Carboxypeptidase regulatory-like domain
     0.0052   17.1  17.9       0.07   13.5   1.4    4.5  4  SdrD_B           SdrD B-like domain
     0.0096   16.4   0.5      0.025   15.1   0.5    1.7  1  TED              Thioester domain
  ------ inclusion threshold ------
      0.023   15.5   0.9      0.023   15.5   0.9    3.6  3  DUF5979          Domain of unknown function (DUF5979)
      0.088   13.3   0.2       0.42   11.1   0.2    2.3  1  Por_Secre_tail   Secretion system C-terminal sorting domain
        1.7    8.6   8.8       0.47   10.4   1.0    3.7  4  fn3_3            Polysaccharide lyase family 4, domain II


Domain annotation for each model (and alignments):
>> SpaA  Prealbumin-like fold domain
   #    score  bias  c-Evalue  i-Evalue hmmfrom  hmm to    alifrom  ali to    envfrom  env to     acc
 ---   ------ ----- --------- --------- ------- -------    ------- -------    ------- -------    ----
   1 !   28.8   2.8   3.6e-10     1e-06       5      66 ..     226     282 ..     222     285 .. 0.87
   2 ?    0.3   0.1       0.3   8.3e+02      20      45 ..     276     302 ..     268     311 .. 0.79
   3 !   24.4   0.0   8.6e-09   2.4e-05       6      58 ..     311     366 ..     306     375 .. 0.85
   4 !   41.5   0.2     4e-14   1.1e-10       2      63 ..     405     465 ..     404     468 .. 0.93

  Alignments for each domain:
  == domain 1  score: 28.8 bits;  conditional E-value: 3.6e-10
           E--S-EEEEEETTSTT-BS-EE--TTSEEEEEEEESEEEEEEEEE--TTEE---SEEEEEE- CS
  SpaA   5 pLaGAeFelykkdkgkvvdtlttdedGkatfkgLppGtYtlkEtkaPeGYvldeepieftvt 66 
           +++G  F+++ +      +t tt+e G++ +++L pG Yt++E +  e Y+ ++e++ +t+ 
  orf2 226 KVEGISFTITGEG---YSATKTTNEAGEIDITDLNPGVYTVTE-QSIEKYE-PQETQRVTIV 282
           689*******998...79*************************.5788999.5788888875 PP

  == domain 2  score: 0.3 bits;  conditional E-value: 0.3
           T-BS-EE--TTSEEEEE.EEESEEEEE CS
  SpaA  20 kvvdtlttdedGkatfk.gLppGtYtl 45 
           ++  t++++++ ++tf+ +L+ G  ++
  orf2 276 TQRVTIVSGQTATVTFNnKLKRGSLEV 302
           667799999999999998888887665 PP

  == domain 3  score: 24.4 bits;  conditional E-value: 8.6e-09
           --S-EEEEEETT.STT-B.S-EE--TTSEEEEEEEESE.EEEEEEEE--TTEE--- CS
  SpaA   6 LaGAeFelykkd.kgkvv.dtlttdedGkatfkgLppG.tYtlkEtkaPeGYvlde 58 
           ++G +F l   + +g++v + ++td +G a+f+++  G  Y+l+E+ +P  Yv++e
  orf2 311 VEGMTFHLSGTSlSGQPVdEYAVTDGNGVARFENVLIGtGYVLEEVDTPIRYVVPE 366
           799******999*5555526789***************99************9854 PP

  == domain 4  score: 41.5 bits;  conditional E-value: 4e-14
           EEEE--S-EEEEEETTSTT-BS-EE--TTSEEEEEEEESE.EEEEEEEE--TTEE---SEEEE CS
  SpaA   2 tgkpLaGAeFelykkdkgkvvdtlttdedGkatfkgLppG.tYtlkEtkaPeGYvldeepief 63 
           +++ LaGA++ lyk d  + +d++ttde+G++t++    + ++t++E+ + eGY+ld++ +++
  orf2 405 GDASLAGATYGLYKGD--TLIDSYTTDENGQFTTDYYVCDsDWTIREINPSEGYLLDSTIHKV 465
           5689************..9****************777777******************9997 PP

>> CarboxypepD_reg  Carboxypeptidase regulatory-like domain
   #    score  bias  c-Evalue  i-Evalue hmmfrom  hmm to    alifrom  ali to    envfrom  env to     acc
 ---   ------ ----- --------- --------- ------- -------    ------- -------    ------- -------    ----
   1 ?   -1.2   0.1         1   2.9e+03      34      54 ..     104     123 ..      99     141 .. 0.69
   2 !   25.6   2.0   4.4e-09   1.2e-05      14      80 ..     227     292 ..     219     295 .. 0.89
   3 ?    3.1   0.1     0.044   1.2e+02      26      49 ..     326     349 ..     301     354 .. 0.75
   4 ?    4.4   0.9     0.019        52      11      42 ..     401     436 ..     377     441 .. 0.67

  Alignments for each domain:
  == domain 1  score: -1.2 bits;  conditional E-value: 1
  CarboxypepD_reg  34 tdadGefrlrglppgtysvtv 54 
                      t+++G++ l+  + ++ys+t 
             orf2 104 TADAGAYELK-WDGQQYSLTL 123
                      6777777775.6666666665 PP

  == domain 2  score: 25.6 bits;  conditional E-value: 4.4e-09
  CarboxypepD_reg  14 iagatVtvtnadtgtvastttdadGefrlrglppgtysvtv.sapGyatatreevtltagqtttldit 80 
                      ++g + t+t  ++g +a+ tt+++Ge  +++l pg y+vt  s + y++++ + vt+  gqt+t++++
             orf2 227 VEGISFTIT--GEGYSATKTTNEAGEIDITDLNPGVYTVTEqSIEKYEPQETQRVTIVSGQTATVTFN 292
                      677777778..899**************************978899*******************985 PP

  == domain 3  score: 3.1 bits;  conditional E-value: 0.044
  CarboxypepD_reg  26 tgtvastttdadGefrlrglppgt 49 
                      + +  +++td +G  r++++  gt
             orf2 326 QPVDEYAVTDGNGVARFENVLIGT 349
                      3467899***********998865 PP

  == domain 4  score: 4.4 bits;  conditional E-value: 0.019
  CarboxypepD_reg  11 gapiagatVt.....vtnadtgtvastttdadGefrl 42 
                      gap   a+++     ++ +++    s ttd++G+f+ 
             orf2 401 GAPQGDASLAgatygLY-KGDTLIDSYTTDENGQFTT 436
                      44444444442111144.35567899*********95 PP

>> SdrD_B  SdrD B-like domain
   #    score  bias  c-Evalue  i-Evalue hmmfrom  hmm to    alifrom  ali to    envfrom  env to     acc
 ---   ------ ----- --------- --------- ------- -------    ------- -------    ------- -------    ----
   1 ?    2.4   0.2     0.071     2e+02      36      58 ..     116     141 ..     103     173 .. 0.66
   2 !   13.5   1.4   2.5e-05      0.07      20      74 ..     223     275 ..     214     289 .. 0.79
   3 !    7.4   0.2    0.0019       5.5      23      78 ..     310     370 ..     301     402 .. 0.74
   4 ?    3.5   0.5     0.032        89      20      66 ..     405     451 ..     396     488 .. 0.73

  Alignments for each domain:
  == domain 1  score: 2.4 bits;  conditional E-value: 0.071
  SdrD_B  36 gevvatttTdas...GkYaFtnlapG 58 
             g++ + t Td++   G Y+Ft+   G
    orf2 116 GQQYSLTLTDTNgvlGDYTFTSNITG 141
             44445555665534478999876665 PP

  == domain 2  score: 13.5 bits;  conditional E-value: 2.5e-05
  SdrD_B  20 gekgvsgvtVtLkdakgevvatttTdasGkYaFtnlapGeYkveftapagyvvta 74 
             ++  v+g+  t+ + +g   at tT++ G+   t+l+pG Y+v+ ++ ++y+ ++
    orf2 223 EDGKVEGISFTI-TGEGY-SATKTTNEAGEIDITDLNPGVYTVTEQSIEKYEPQE 275
             455688998888.33333.369*********************998887776554 PP

  == domain 3  score: 7.4 bits;  conditional E-value: 0.0019
  SdrD_B  23 gvsgvtVtL..kdakgevv.atttTdasGkYaFtnlapGe.Ykvefta.pagyvvtakkag 78 
              v+g+t +L  ++ +g+ v + ++Td +G  +F+n+  G+ Y +e +  p  yvv +++++
    orf2 310 LVEGMTFHLsgTSLSGQPVdEYAVTDGNGVARFENVLIGTgYVLEEVDtPIRYVVPEAQSA 370
             48899999966667888997899****************9787765443888876655544 PP

  == domain 4  score: 3.5 bits;  conditional E-value: 0.032
  SdrD_B  20 gekgvsgvtVtLkdakgevvatttTdasGkYaFtn.lapGeYkvefta 66 
             g+++ +g t  L ++ ++ + + tTd++G+++ +  +++ +++++  +
    orf2 405 GDASLAGATYGL-YKGDTLIDSYTTDENGQFTTDYyVCDSDWTIREIN 451
             677788888888.56677889********9986632556666666555 PP

>> TED  Thioester domain
   #    score  bias  c-Evalue  i-Evalue hmmfrom  hmm to    alifrom  ali to    envfrom  env to     acc
 ---   ------ ----- --------- --------- ------- -------    ------- -------    ------- -------    ----
   1 !   15.1   0.5   8.8e-06     0.025      33      87 ..       3      69 ..       1      86 [. 0.68

  Alignments for each domain:
  == domain 1  score: 15.1 bits;  conditional E-value: 8.8e-06
          HHHHHHHHSTTTS.....-HHHHT-SSHHHHHHHHHHHHHHHTTS--.............GGGEE-S CS
   TED 33 kinwildngypnk.....lseeeggltdddayaaTQaAIWyftdgvn.......asgassgdggqer 87
           i +i+ +g++ +      +++ + +++++ ++aTQ+ +W+ + g         +++a+ +++ +e 
  orf2  3 YIGRIMTYGWQGNastswMTDDPEDASKMAGAIATQLLVWETVVGERdsqfnhvDANAQGKNNIAEY 69
          5889**************666666889999***********99443333333443333333344444 PP

>> DUF5979  Domain of unknown function (DUF5979)
   #    score  bias  c-Evalue  i-Evalue hmmfrom  hmm to    alifrom  ali to    envfrom  env to     acc
 ---   ------ ----- --------- --------- ------- -------    ------- -------    ------- -------    ----
   1 ?    0.6   0.1      0.36     1e+03      38      78 ..     119     168 ..     101     193 .. 0.50
   2 ?    4.9   3.5     0.016        46      34     105 ..     237     294 ..     210     296 .. 0.62
   3 ?   15.5   0.9   8.3e-06     0.023      18      88 ..     311     385 ..     300     414 .. 0.68

  Alignments for each domain:
  == domain 1  score: 0.6 bits;  conditional E-value: 0.36
              EEEEEETT........-EEEEEEEET...TEEEEEEE-HHHHHHTSEEEEE CS
  DUF5979  38 gtvtlaagg.......evatidglPv...GttCtvtEtdtakgagttwtvp 78 
              +++tl++ +        +  i+gl +   G++ t+t +++   +++t++++
     orf2 119 YSLTLTDTNgvlgdytFTSNITGLNFsvdGNQLTITSSQA-IKGSVTVKAE 168
              4444444334444444333344443333566666666666.2222233333 PP

  == domain 2  score: 4.9 bits;  conditional E-value: 0.016
              ....EEEEEETT.-EEEEEEEETTEEEEEEE-HHHHHHTSEEEEEEEESTT--EE.ECCTTEEEEECSBSEE CS
  DUF5979  34 pgstgtvtlaaggevatidglPvGttCtvtEtdtakgagttwtvpatsangttvtestiadgetvtvtvtNt 105
              +g+++t t +++ ++ +i++l  G  +tvtE++    + ++ +      +++ vt   i +g+t+tvt+ N+
     orf2 237 EGYSATKTTNEA-GEIDITDLNPGV-YTVTEQSI---EKYEPQ------ETQRVT---IVSGQTATVTFNNK 294
              333344444444.667777777776.77777777...444222......233344...78999999999997 PP

  == domain 3  score: 15.5 bits;  conditional E-value: 8.3e-06
              G-EEEEEEEETTTTEE....EEEEEETT.-EEEEEEEETTEEEEEEE-HH........HHHHTSEEEEEEEESTT--EE CS
  DUF5979  18 dktftftysCtdpggtpgstgtvtlaaggevatidglPvGttCtvtEtdt........akgagttwtvpatsangttvt 88 
               +  tf++s t   g+p+  +++ +++g++va+++++ +Gt + ++E dt        a+ a  +w+  +    ++  +
     orf2 311 VEGMTFHLSGTSLSGQPV--DEYAVTDGNGVARFENVLIGTGYVLEEVDTpiryvvpeAQSATIAWNEVTH--KSVNNV 385
              456778888877778744..599999999*********************888755554444444444444..222222 PP

>> Por_Secre_tail  Secretion system C-terminal sorting domain
   #    score  bias  c-Evalue  i-Evalue hmmfrom  hmm to    alifrom  ali to    envfrom  env to     acc
 ---   ------ ----- --------- --------- ------- -------    ------- -------    ------- -------    ----
   1 ?   11.1   0.2   0.00015      0.42      27      64 ..     232     267 ..     207     281 .. 0.73

  Alignments for each domain:
  == domain 1  score: 11.1 bits;  conditional E-value: 0.00015
  Por_Secre_tail  27 ydilGklVkkkskknsenkkkidvsnlssGiYfvkies 64 
                     + i+G+   ++ +k++++  +id+ +l+ G+Y v+ +s
            orf2 232 FTITGE--GYSATKTTNEAGEIDITDLNPGVYTVTEQS 267
                     556665..4456666777889************98655 PP

>> fn3_3  Polysaccharide lyase family 4, domain II
   #    score  bias  c-Evalue  i-Evalue hmmfrom  hmm to    alifrom  ali to    envfrom  env to     acc
 ---   ------ ----- --------- --------- ------- -------    ------- -------    ------- -------    ----
   1 ?   -1.5   0.1      0.87   2.4e+03      58      66 ..     131     140 ..     118     173 .. 0.61
   2 ?   -0.3   0.1      0.38   1.1e+03      49      63 ..     177     191 ..     159     194 .. 0.83
   3 ?   10.4   1.0   0.00017      0.47      28      74 ..     242     288 ..     215     289 .. 0.74
   4 ?   -0.5   0.1      0.43   1.2e+03       5      43 ..     403     451 ..     399     454 .. 0.51

  Alignments for each domain:
  == domain 1  score: -1.5 bits;  conditional E-value: 0.87
  fn3_3  58 gdyk.qdsvt 66 
            gdy+ ++++t
   orf2 131 GDYTfTSNIT 140
            4444444443 PP

  == domain 2  score: -0.3 bits;  conditional E-value: 0.38
  fn3_3  49 ltaYadglfgdykqd 63 
            ++++ dg++g  kqd
   orf2 177 VVVWTDGIIGGGKQD 191
            679999999988765 PP

  == domain 3  score: 10.4 bits;  conditional E-value: 0.00017
  fn3_3  28 wteadssGsftipnVkpGtYrltaYadglfgdy..k.qdsvtVtagkttt 74 
            + ++++ G++ i +  pG Y++t  + +   +y  + ++ vt+ +g+t+t
   orf2 242 TKTTNEAGEIDITDLNPGVYTVTEQSIE---KYepQeTQRVTIVSGQTAT 288
            3345666****************43333...45232499*********98 PP

  == domain 4  score: -0.5 bits;  conditional E-value: 0.43
  fn3_3   5 vsglavltgs.........vvsfqnntkayQYwteadss.GsftipnVk 43 
            ++g a+l+g           ++ ++  ++ Q++t+   +   +ti  + 
   orf2 403 PQGDASLAGAtyglykgdtLIDSYTTDENGQFTTDYYVCdSDWTIREIN 451
            5555555555443333333223333345777777775554667766665 PP



Internal pipeline statistics summary:
-------------------------------------
Query sequence(s):                         1  (503 residues searched)
Target model(s):                       19632  (3329936 nodes)
Passed MSV filter:                       769  (0.0391707); expected 392.6 (0.02)
Passed bias filter:                      493  (0.0251121); expected 392.6 (0.02)
Passed Vit filter:                        39  (0.00198655); expected 19.6 (0.001)
Passed Fwd filter:                         9  (0.000458435); expected 0.2 (1e-05)
Initial search space (Z):              19632  [actual number of targets]
Domain search space  (domZ):               7  [number of targets reported over threshold]
# CPU time: 0.39u 0.20s 00:00:00.59 Elapsed: 00:00:00.35
# Mc/sec: 4664.96
//
Query:       orf3  [L=109]
Description: source=IMGVR_UViG_3300039376_000163_3300039376_Ga0169868_01238/6359-8470 coords=2044..1718 length=109 frame=6 desc=
Scores for complete sequence (score includes all domains):
   --- full sequence ---   --- best 1 domain ---    -#dom-
    E-value  score  bias    E-value  score  bias    exp  N  Model    Description
    ------- ------ -----    ------- ------ -----   ---- --  -------- -----------

   [No hits detected that satisfy reporting thresholds]


Domain annotation for each model (and alignments):

   [No targets detected that satisfy reporting thresholds]


Internal pipeline statistics summary:
-------------------------------------
Query sequence(s):                         1  (109 residues searched)
Target model(s):                       19632  (3329936 nodes)
Passed MSV filter:                       270  (0.0137531); expected 392.6 (0.02)
Passed bias filter:                      167  (0.00850652); expected 392.6 (0.02)
Passed Vit filter:                         7  (0.000356561); expected 19.6 (0.001)
Passed Fwd filter:                         0  (0); expected 0.2 (1e-05)
Initial search space (Z):              19632  [actual number of targets]
Domain search space  (domZ):               0  [number of targets reported over threshold]
# CPU time: 0.31u 0.15s 00:00:00.46 Elapsed: 00:00:00.31
# Mc/sec: 1167.24
//
Query:       orf4  [L=526]
Description: source=IMGVR_UViG_3300039376_000163_3300039376_Ga0169868_01238/6359-8470 coords=1635..58 length=526 frame=4 desc=
Scores for complete sequence (score includes all domains):
   --- full sequence ---   --- best 1 domain ---    -#dom-
    E-value  score  bias    E-value  score  bias    exp  N  Model    Description
    ------- ------ -----    ------- ------ -----   ---- --  -------- -----------

   [No hits detected that satisfy reporting thresholds]


Domain annotation for each model (and alignments):

   [No targets detected that satisfy reporting thresholds]


Internal pipeline statistics summary:
-------------------------------------
Query sequence(s):                         1  (526 residues searched)
Target model(s):                       19632  (3329936 nodes)
Passed MSV filter:                       300  (0.0152812); expected 392.6 (0.02)
Passed bias filter:                      268  (0.0136512); expected 392.6 (0.02)
Passed Vit filter:                        17  (0.000865933); expected 19.6 (0.001)
Passed Fwd filter:                         0  (0); expected 0.2 (1e-05)
Initial search space (Z):              19632  [actual number of targets]
Domain search space  (domZ):               0  [number of targets reported over threshold]
# CPU time: 0.33u 0.15s 00:00:00.48 Elapsed: 00:00:00.31
# Mc/sec: 5617.86
//
[ok]
