# hmmscan :: search sequence(s) against a profile database
# HMMER 3.3.2 (Nov 2020); http://hmmer.org/
# Copyright (C) 2020 Howard Hughes Medical Institute.
# Freely distributed under the BSD open source license.
# - - - - - - - - - - - - - - - - - - - - - - - - - - - - - - - - - - - -
# query sequence file:             -
# target HMM database:             /n/eddy_lab/data/pfam-35.0/Pfam-A.hmm
# output directed to file:         ./c1_windows_new/hmmscan/out/IMGVR_UViG_3300029704_000348_3300029704_Ga0245212_100051_96162-187009_hmmscan_output.out
# per-seq hits tabular output:     ./c1_windows_new/hmmscan/tblout/IMGVR_UViG_3300029704_000348_3300029704_Ga0245212_100051_96162-187009_hmmscan_output.tblout
# - - - - - - - - - - - - - - - - - - - - - - - - - - - - - - - - - - - -

Query:       orf1  [L=128]
Description: source=IMGVR_UViG_3300029704_000348_3300029704_Ga0245212_100051_96162-187009/49214-51295 coords=468..851 length=128 frame=3 desc=
Scores for complete sequence (score includes all domains):
   --- full sequence ---   --- best 1 domain ---    -#dom-
    E-value  score  bias    E-value  score  bias    exp  N  Model    Description
    ------- ------ -----    ------- ------ -----   ---- --  -------- -----------

   [No hits detected that satisfy reporting thresholds]


Domain annotation for each model (and alignments):

   [No targets detected that satisfy reporting thresholds]


Internal pipeline statistics summary:
-------------------------------------
Query sequence(s):                         1  (128 residues searched)
Target model(s):                       19632  (3329936 nodes)
Passed MSV filter:                       378  (0.0192543); expected 392.6 (0.02)
Passed bias filter:                      235  (0.0119703); expected 392.6 (0.02)
Passed Vit filter:                        11  (0.00056031); expected 19.6 (0.001)
Passed Fwd filter:                         0  (0); expected 0.2 (1e-05)
Initial search space (Z):              19632  [actual number of targets]
Domain search space  (domZ):               0  [number of targets reported over threshold]
# CPU time: 0.34u 0.20s 00:00:00.54 Elapsed: 00:00:00.36
# Mc/sec: 1156.55
//
Query:       orf2  [L=503]
Description: source=IMGVR_UViG_3300029704_000348_3300029704_Ga0245212_100051_96162-187009/49214-51295 coords=1..1509 length=503 frame=1 desc=
Scores for complete sequence (score includes all domains):
   --- full sequence ---   --- best 1 domain ---    -#dom-
    E-value  score  bias    E-value  score  bias    exp  N  Model    Description
    ------- ------ -----    ------- ------ -----   ---- --  -------- -----------

   [No hits detected that satisfy reporting thresholds]


Domain annotation for each model (and alignments):

   [No targets detected that satisfy reporting thresholds]


Internal pipeline statistics summary:
-------------------------------------
Query sequence(s):                         1  (503 residues searched)
Target model(s):                       19632  (3329936 nodes)
Passed MSV filter:                       581  (0.0295945); expected 392.6 (0.02)
Passed bias filter:                      536  (0.0273024); expected 392.6 (0.02)
Passed Vit filter:                        39  (0.00198655); expected 19.6 (0.001)
Passed Fwd filter:                         0  (0); expected 0.2 (1e-05)
Initial search space (Z):              19632  [actual number of targets]
Domain search space  (domZ):               0  [number of targets reported over threshold]
# CPU time: 0.43u 0.21s 00:00:00.64 Elapsed: 00:00:00.36
# Mc/sec: 4566.25
//
Query:       orf3  [L=127]
Description: source=IMGVR_UViG_3300029704_000348_3300029704_Ga0245212_100051_96162-187009/49214-51295 coords=1576..1956 length=127 frame=1 desc=
Scores for complete sequence (score includes all domains):
   --- full sequence ---   --- best 1 domain ---    -#dom-
    E-value  score  bias    E-value  score  bias    exp  N  Model    Description
    ------- ------ -----    ------- ------ -----   ---- --  -------- -----------

   [No hits detected that satisfy reporting thresholds]


Domain annotation for each model (and alignments):

   [No targets detected that satisfy reporting thresholds]


Internal pipeline statistics summary:
-------------------------------------
Query sequence(s):                         1  (127 residues searched)
Target model(s):                       19632  (3329936 nodes)
Passed MSV filter:                       692  (0.0352486); expected 392.6 (0.02)
Passed bias filter:                      533  (0.0271496); expected 392.6 (0.02)
Passed Vit filter:                        22  (0.00112062); expected 19.6 (0.001)
Passed Fwd filter:                         0  (0); expected 0.2 (1e-05)
Initial search space (Z):              19632  [actual number of targets]
Domain search space  (domZ):               0  [number of targets reported over threshold]
# CPU time: 0.33u 0.19s 00:00:00.52 Elapsed: 00:00:00.33
# Mc/sec: 1270.05
//
Query:       orf4  [L=106]
Description: source=IMGVR_UViG_3300029704_000348_3300029704_Ga0245212_100051_96162-187009/49214-51295 coords=1430..1113 length=106 frame=5 desc=
Scores for complete sequence (score includes all domains):
   --- full sequence ---   --- best 1 domain ---    -#dom-
    E-value  score  bias    E-value  score  bias    exp  N  Model    Description
    ------- ------ -----    ------- ------ -----   ---- --  -------- -----------

   [No hits detected that satisfy reporting thresholds]


Domain annotation for each model (and alignments):

   [No targets detected that satisfy reporting thresholds]


Internal pipeline statistics summary:
-------------------------------------
Query sequence(s):                         1  (106 residues searched)
Target model(s):                       19632  (3329936 nodes)
Passed MSV filter:                       380  (0.0193562); expected 392.6 (0.02)
Passed bias filter:                      225  (0.0114609); expected 392.6 (0.02)
Passed Vit filter:                        23  (0.00117156); expected 19.6 (0.001)
Passed Fwd filter:                         0  (0); expected 0.2 (1e-05)
Initial search space (Z):              19632  [actual number of targets]
Domain search space  (domZ):               0  [number of targets reported over threshold]
# CPU time: 0.31u 0.18s 00:00:00.49 Elapsed: 00:00:00.32
# Mc/sec: 1092.08
//
Query:       orf5  [L=148]
Description: source=IMGVR_UViG_3300029704_000348_3300029704_Ga0245212_100051_96162-187009/49214-51295 coords=1533..1090 length=148 frame=4 desc=
Scores for complete sequence (score includes all domains):
   --- full sequence ---   --- best 1 domain ---    -#dom-
    E-value  score  bias    E-value  score  bias    exp  N  Model    Description
    ------- ------ -----    ------- ------ -----   ---- --  -------- -----------

   [No hits detected that satisfy reporting thresholds]


Domain annotation for each model (and alignments):

   [No targets detected that satisfy reporting thresholds]


Internal pipeline statistics summary:
-------------------------------------
Query sequence(s):                         1  (148 residues searched)
Target model(s):                       19632  (3329936 nodes)
Passed MSV filter:                       365  (0.0185921); expected 392.6 (0.02)
Passed bias filter:                      236  (0.0120212); expected 392.6 (0.02)
Passed Vit filter:                        17  (0.000865933); expected 19.6 (0.001)
Passed Fwd filter:                         0  (0); expected 0.2 (1e-05)
Initial search space (Z):              19632  [actual number of targets]
Domain search space  (domZ):               0  [number of targets reported over threshold]
# CPU time: 0.33u 0.18s 00:00:00.51 Elapsed: 00:00:00.33
# Mc/sec: 1484.49
//
Query:       orf6  [L=279]
Description: source=IMGVR_UViG_3300029704_000348_3300029704_Ga0245212_100051_96162-187009/49214-51295 coords=1086..250 length=279 frame=4 desc=
Scores for complete sequence (score includes all domains):
   --- full sequence ---   --- best 1 domain ---    -#dom-
    E-value  score  bias    E-value  score  bias    exp  N  Model    Description
    ------- ------ -----    ------- ------ -----   ---- --  -------- -----------

   [No hits detected that satisfy reporting thresholds]


Domain annotation for each model (and alignments):

   [No targets detected that satisfy reporting thresholds]


Internal pipeline statistics summary:
-------------------------------------
Query sequence(s):                         1  (279 residues searched)
Target model(s):                       19632  (3329936 nodes)
Passed MSV filter:                       280  (0.0142624); expected 392.6 (0.02)
Passed bias filter:                      229  (0.0116646); expected 392.6 (0.02)
Passed Vit filter:                        10  (0.000509372); expected 19.6 (0.001)
Passed Fwd filter:                         0  (0); expected 0.2 (1e-05)
Initial search space (Z):              19632  [actual number of targets]
Domain search space  (domZ):               0  [number of targets reported over threshold]
# CPU time: 0.35u 0.19s 00:00:00.54 Elapsed: 00:00:00.34
# Mc/sec: 2677.21
//
[ok]
