# hmmscan :: search sequence(s) against a profile database
# HMMER 3.3.2 (Nov 2020); http://hmmer.org/
# Copyright (C) 2020 Howard Hughes Medical Institute.
# Freely distributed under the BSD open source license.
# - - - - - - - - - - - - - - - - - - - - - - - - - - - - - - - - - - - -
# query sequence file:             -
# target HMM database:             /n/eddy_lab/data/pfam-35.0/Pfam-A.hmm
# output directed to file:         ./c1_windows_new/hmmscan/out/IMGVR_UViG_3300029480_000121_3300029480_Ga0244079_104438_hmmscan_output.out
# per-seq hits tabular output:     ./c1_windows_new/hmmscan/tblout/IMGVR_UViG_3300029480_000121_3300029480_Ga0244079_104438_hmmscan_output.tblout
# - - - - - - - - - - - - - - - - - - - - - - - - - - - - - - - - - - - -

Query:       orf1  [L=103]
Description: source=IMGVR_UViG_3300029480_000121_3300029480_Ga0244079_104438/3377-5127 coords=548..856 length=103 frame=2 desc=
Scores for complete sequence (score includes all domains):
   --- full sequence ---   --- best 1 domain ---    -#dom-
    E-value  score  bias    E-value  score  bias    exp  N  Model    Description
    ------- ------ -----    ------- ------ -----   ---- --  -------- -----------

   [No hits detected that satisfy reporting thresholds]


Domain annotation for each model (and alignments):

   [No targets detected that satisfy reporting thresholds]


Internal pipeline statistics summary:
-------------------------------------
Query sequence(s):                         1  (103 residues searched)
Target model(s):                       19632  (3329936 nodes)
Passed MSV filter:                       362  (0.0184393); expected 392.6 (0.02)
Passed bias filter:                      215  (0.0109515); expected 392.6 (0.02)
Passed Vit filter:                        12  (0.000611247); expected 19.6 (0.001)
Passed Fwd filter:                         0  (0); expected 0.2 (1e-05)
Initial search space (Z):              19632  [actual number of targets]
Domain search space  (domZ):               0  [number of targets reported over threshold]
# CPU time: 0.29u 0.21s 00:00:00.50 Elapsed: 00:00:00.37
# Mc/sec: 922.01
//
Query:       orf2  [L=373]
Description: source=IMGVR_UViG_3300029480_000121_3300029480_Ga0244079_104438/3377-5127 coords=3..1121 length=373 frame=3 desc=
Scores for complete sequence (score includes all domains):
   --- full sequence ---   --- best 1 domain ---    -#dom-
    E-value  score  bias    E-value  score  bias    exp  N  Model    Description
    ------- ------ -----    ------- ------ -----   ---- --  -------- -----------
    3.5e-07   30.1   0.0      5e-07   29.6   0.0    1.2  1  AAA_25    AAA domain
  ------ inclusion threshold ------
      0.066   13.3   0.0       0.15   12.1   0.0    1.6  1  DUF4743   Domain of unknown function (DUF4743)


Domain annotation for each model (and alignments):
>> AAA_25  AAA domain
   #    score  bias  c-Evalue  i-Evalue hmmfrom  hmm to    alifrom  ali to    envfrom  env to     acc
 ---   ------ ----- --------- --------- ------- -------    ------- -------    ------- -------    ----
   1 !   29.6   0.0   5.1e-11     5e-07      32     193 ..      62     217 ..      37     218 .. 0.83

  Alignments for each domain:
  == domain 1  score: 29.6 bits;  conditional E-value: 5.1e-11
  AAA_25  32 agelgllaGapgtGKttlaldlalsvatGkpwlg...pvapeqgkVlyvsaEdprdelrrRlravladl.....dddarlllldlagveslplfaddrggtll 126
             +g +++ +G+ ++ Kt+ ++  +++ ++   +l    +++  ++k lyv++E++  + +  +r+ l+ +     ++ ++l +l l             ++ + 
    orf2  62 LGNFSASIGKAKSKKTFNVSAIVAAALKNGTVLNytaELPENKRKILYVDTEQSTYHCEIVARRSLRMAglptdSNHENLEFLVL-------------RKYTP 151
             4889999999************9999977777778999999*************9988888888887764454444445555543.............22345 PP

  AAA_25 127 tadveeleaaleevedvrlvviDplsralggdendnsdvgrlvkaldrlarrtgatvllvhHvgKeg 193
             ++ ++ +++a+ ++e+v+lvviD ++ ++  d n++s+ ++++  l  +  + + ++  + H +K++
    orf2 152 EERIAIVREAIYRTENVGLVVIDGIRDMVY-DINSSSESTKVISLLMTWTGERNIHIHTILHQNKGD 217
             6778889********************874.899999*************************99976 PP

>> DUF4743  Domain of unknown function (DUF4743)
   #    score  bias  c-Evalue  i-Evalue hmmfrom  hmm to    alifrom  ali to    envfrom  env to     acc
 ---   ------ ----- --------- --------- ------- -------    ------- -------    ------- -------    ----
   1 ?   12.1   0.0   1.5e-05      0.15      63     109 ..     150     195 ..     138     198 .. 0.91

  Alignments for each domain:
  == domain 1  score: 12.1 bits;  conditional E-value: 1.5e-05
              SHHHHHHHHHHHHHHHHHTT...SS----S-EEEE-SSTTS---EEE CS
  DUF4743  63 tyeeRtaaveevleelreegsfvalkgwrdElYeVkasfsdppllkl 109
              t+eeR a v+e + + ++ g +v+++g+rd  Y++++s +++++++l
     orf2 150 TPEERIAIVREAIYRTENVG-LVVIDGIRDMVYDINSSSESTKVISL 195
              89**************9999.******************99998765 PP



Internal pipeline statistics summary:
-------------------------------------
Query sequence(s):                         1  (373 residues searched)
Target model(s):                       19632  (3329936 nodes)
Passed MSV filter:                       563  (0.0286777); expected 392.6 (0.02)
Passed bias filter:                      444  (0.0226161); expected 392.6 (0.02)
Passed Vit filter:                        36  (0.00183374); expected 19.6 (0.001)
Passed Fwd filter:                         2  (0.000101874); expected 0.2 (1e-05)
Initial search space (Z):              19632  [actual number of targets]
Domain search space  (domZ):               2  [number of targets reported over threshold]
# CPU time: 0.36u 0.20s 00:00:00.56 Elapsed: 00:00:00.36
# Mc/sec: 3357.67
//
Query:       orf3  [L=111]
Description: source=IMGVR_UViG_3300029480_000121_3300029480_Ga0244079_104438/3377-5127 coords=1437..1105 length=111 frame=6 desc=
Scores for complete sequence (score includes all domains):
   --- full sequence ---   --- best 1 domain ---    -#dom-
    E-value  score  bias    E-value  score  bias    exp  N  Model        Description
    ------- ------ -----    ------- ------ -----   ---- --  --------     -----------
  ------ inclusion threshold ------
      0.042   14.2   1.1      0.069   13.5   1.1    1.3  1  Megourin      Aphid Megourins
       0.51   10.7   1.9       0.44   10.8   0.9    1.4  2  Babuvirus_MP  Movement and RNA silencing protein


Domain annotation for each model (and alignments):
>> Megourin  Aphid Megourins
   #    score  bias  c-Evalue  i-Evalue hmmfrom  hmm to    alifrom  ali to    envfrom  env to     acc
 ---   ------ ----- --------- --------- ------- -------    ------- -------    ------- -------    ----
   1 ?   13.5   1.1     7e-06     0.069      25      59 ..       3      37 ..       1      39 [. 0.82

  Alignments for each domain:
  == domain 1  score: 13.5 bits;  conditional E-value: 7e-06
  Megourin 25 tcqiGcraacqqpGcgGykeceqip...nirlhkyrch 59
              tc iGc  a   pGc+  +ec  ip      lh y c+
      orf3  3 TCTIGCLPAV-LPGCS--QECADIPlcvSALLHSYSCK 37
              9*****9886.6***9..7******4333569*99996 PP

>> Babuvirus_MP  Movement and RNA silencing protein
   #    score  bias  c-Evalue  i-Evalue hmmfrom  hmm to    alifrom  ali to    envfrom  env to     acc
 ---   ------ ----- --------- --------- ------- -------    ------- -------    ------- -------    ----
   1 ?   -3.6   0.0       1.4   1.4e+04      87      96 ..      10      19 ..       9      24 .. 0.74
   2 ?   10.8   0.9   4.5e-05      0.44       7      49 ..      35      78 ..      29      83 .. 0.80

  Alignments for each domain:
  == domain 1  score: -3.6 bits;  conditional E-value: 1.4
  Babuvirus_MP 87 paviphvsqv 96
                  pav+p  sq 
          orf3 10 PAVLPGCSQE 19
                  8899988885 PP

  == domain 2  score: 10.8 bits;  conditional E-value: 4.5e-05
  Babuvirus_MP  7 rvklffewflffgaifiai.tilyillvllfevpryikelvrcl 49
                    k++f+w+lff     ++   lyi   l f + ry +e+ r l
          orf3 35 SCKFLFKWILFFLFARTCLrYGLYISASLHFRIYRYGNEVKRFL 78
                  6799*******9755555414699*************9998865 PP



Internal pipeline statistics summary:
-------------------------------------
Query sequence(s):                         1  (111 residues searched)
Target model(s):                       19632  (3329936 nodes)
Passed MSV filter:                       341  (0.0173696); expected 392.6 (0.02)
Passed bias filter:                      206  (0.0104931); expected 392.6 (0.02)
Passed Vit filter:                        19  (0.000967808); expected 19.6 (0.001)
Passed Fwd filter:                         2  (0.000101874); expected 0.2 (1e-05)
Initial search space (Z):              19632  [actual number of targets]
Domain search space  (domZ):               2  [number of targets reported over threshold]
# CPU time: 0.29u 0.19s 00:00:00.48 Elapsed: 00:00:00.33
# Mc/sec: 1088.73
//
Query:       orf4  [L=93]
Description: source=IMGVR_UViG_3300029480_000121_3300029480_Ga0244079_104438/3377-5127 coords=516..238 length=93 frame=6 desc=
Scores for complete sequence (score includes all domains):
   --- full sequence ---   --- best 1 domain ---    -#dom-
    E-value  score  bias    E-value  score  bias    exp  N  Model    Description
    ------- ------ -----    ------- ------ -----   ---- --  -------- -----------

   [No hits detected that satisfy reporting thresholds]


Domain annotation for each model (and alignments):

   [No targets detected that satisfy reporting thresholds]


Internal pipeline statistics summary:
-------------------------------------
Query sequence(s):                         1  (93 residues searched)
Target model(s):                       19632  (3329936 nodes)
Passed MSV filter:                       416  (0.0211899); expected 392.6 (0.02)
Passed bias filter:                      127  (0.00646903); expected 392.6 (0.02)
Passed Vit filter:                        11  (0.00056031); expected 19.6 (0.001)
Passed Fwd filter:                         0  (0); expected 0.2 (1e-05)
Initial search space (Z):              19632  [actual number of targets]
Domain search space  (domZ):               0  [number of targets reported over threshold]
# CPU time: 0.27u 0.16s 00:00:00.43 Elapsed: 00:00:00.29
# Mc/sec: 1035.20
//
Query:       orf5  [L=159]
Description: source=IMGVR_UViG_3300029480_000121_3300029480_Ga0244079_104438/3377-5127 coords=683..207 length=159 frame=4 desc=
Scores for complete sequence (score includes all domains):
   --- full sequence ---   --- best 1 domain ---    -#dom-
    E-value  score  bias    E-value  score  bias    exp  N  Model    Description
    ------- ------ -----    ------- ------ -----   ---- --  -------- -----------

   [No hits detected that satisfy reporting thresholds]


Domain annotation for each model (and alignments):

   [No targets detected that satisfy reporting thresholds]


Internal pipeline statistics summary:
-------------------------------------
Query sequence(s):                         1  (159 residues searched)
Target model(s):                       19632  (3329936 nodes)
Passed MSV filter:                       293  (0.0149246); expected 392.6 (0.02)
Passed bias filter:                      278  (0.0141606); expected 392.6 (0.02)
Passed Vit filter:                        20  (0.00101874); expected 19.6 (0.001)
Passed Fwd filter:                         0  (0); expected 0.2 (1e-05)
Initial search space (Z):              19632  [actual number of targets]
Domain search space  (domZ):               0  [number of targets reported over threshold]
# CPU time: 0.28u 0.17s 00:00:00.45 Elapsed: 00:00:00.31
# Mc/sec: 1697.41
//
Query:       orf6  [L=95]
Description: source=IMGVR_UViG_3300029480_000121_3300029480_Ga0244079_104438/3377-5127 coords=286..2 length=95 frame=5 desc=
Scores for complete sequence (score includes all domains):
   --- full sequence ---   --- best 1 domain ---    -#dom-
    E-value  score  bias    E-value  score  bias    exp  N  Model    Description
    ------- ------ -----    ------- ------ -----   ---- --  -------- -----------

   [No hits detected that satisfy reporting thresholds]


Domain annotation for each model (and alignments):

   [No targets detected that satisfy reporting thresholds]


Internal pipeline statistics summary:
-------------------------------------
Query sequence(s):                         1  (95 residues searched)
Target model(s):                       19632  (3329936 nodes)
Passed MSV filter:                       276  (0.0140587); expected 392.6 (0.02)
Passed bias filter:                      222  (0.0113081); expected 392.6 (0.02)
Passed Vit filter:                         9  (0.000458435); expected 19.6 (0.001)
Passed Fwd filter:                         0  (0); expected 0.2 (1e-05)
Initial search space (Z):              19632  [actual number of targets]
Domain search space  (domZ):               0  [number of targets reported over threshold]
# CPU time: 0.30u 0.15s 00:00:00.44 Elapsed: 00:00:00.31
# Mc/sec: 1010.80
//
[ok]
