# hmmscan :: search sequence(s) against a profile database
# HMMER 3.3.2 (Nov 2020); http://hmmer.org/
# Copyright (C) 2020 Howard Hughes Medical Institute.
# Freely distributed under the BSD open source license.
# - - - - - - - - - - - - - - - - - - - - - - - - - - - - - - - - - - - -
# query sequence file:             -
# target HMM database:             /n/eddy_lab/data/pfam-35.0/Pfam-A.hmm
# output directed to file:         ./c1_windows_new/hmmscan/out/IMGVR_UViG_3300042270_000428_3300042270_Ga0451653_014644_hmmscan_output.out
# per-seq hits tabular output:     ./c1_windows_new/hmmscan/tblout/IMGVR_UViG_3300042270_000428_3300042270_Ga0451653_014644_hmmscan_output.tblout
# - - - - - - - - - - - - - - - - - - - - - - - - - - - - - - - - - - - -

Query:       orf1  [L=124]
Description: source=IMGVR_UViG_3300042270_000428_3300042270_Ga0451653_014644/1-1004 coords=14..385 length=124 frame=2 desc=
Scores for complete sequence (score includes all domains):
   --- full sequence ---   --- best 1 domain ---    -#dom-
    E-value  score  bias    E-value  score  bias    exp  N  Model    Description
    ------- ------ -----    ------- ------ -----   ---- --  -------- -----------

   [No hits detected that satisfy reporting thresholds]


Domain annotation for each model (and alignments):

   [No targets detected that satisfy reporting thresholds]


Internal pipeline statistics summary:
-------------------------------------
Query sequence(s):                         1  (124 residues searched)
Target model(s):                       19632  (3329936 nodes)
Passed MSV filter:                       350  (0.017828); expected 392.6 (0.02)
Passed bias filter:                      337  (0.0171659); expected 392.6 (0.02)
Passed Vit filter:                        24  (0.00122249); expected 19.6 (0.001)
Passed Fwd filter:                         0  (0); expected 0.2 (1e-05)
Initial search space (Z):              19632  [actual number of targets]
Domain search space  (domZ):               0  [number of targets reported over threshold]
# CPU time: 0.29u 0.19s 00:00:00.48 Elapsed: 00:00:00.33
# Mc/sec: 1232.37
//
Query:       orf2  [L=189]
Description: source=IMGVR_UViG_3300042270_000428_3300042270_Ga0451653_014644/1-1004 coords=969..403 length=189 frame=6 desc=
Scores for complete sequence (score includes all domains):
   --- full sequence ---   --- best 1 domain ---    -#dom-
    E-value  score  bias    E-value  score  bias    exp  N  Model    Description
    ------- ------ -----    ------- ------ -----   ---- --  -------- -----------

   [No hits detected that satisfy reporting thresholds]


Domain annotation for each model (and alignments):

   [No targets detected that satisfy reporting thresholds]


Internal pipeline statistics summary:
-------------------------------------
Query sequence(s):                         1  (189 residues searched)
Target model(s):                       19632  (3329936 nodes)
Passed MSV filter:                       332  (0.0169112); expected 392.6 (0.02)
Passed bias filter:                      262  (0.0133456); expected 392.6 (0.02)
Passed Vit filter:                        21  (0.00106968); expected 19.6 (0.001)
Passed Fwd filter:                         0  (0); expected 0.2 (1e-05)
Initial search space (Z):              19632  [actual number of targets]
Domain search space  (domZ):               0  [number of targets reported over threshold]
# CPU time: 0.31u 0.19s 00:00:00.50 Elapsed: 00:00:00.33
# Mc/sec: 1854.23
//
Query:       orf3  [L=100]
Description: source=IMGVR_UViG_3300042270_000428_3300042270_Ga0451653_014644/1-1004 coords=580..281 length=100 frame=5 desc=
Scores for complete sequence (score includes all domains):
   --- full sequence ---   --- best 1 domain ---    -#dom-
    E-value  score  bias    E-value  score  bias    exp  N  Model    Description
    ------- ------ -----    ------- ------ -----   ---- --  -------- -----------

   [No hits detected that satisfy reporting thresholds]


Domain annotation for each model (and alignments):

   [No targets detected that satisfy reporting thresholds]


Internal pipeline statistics summary:
-------------------------------------
Query sequence(s):                         1  (100 residues searched)
Target model(s):                       19632  (3329936 nodes)
Passed MSV filter:                       366  (0.018643); expected 392.6 (0.02)
Passed bias filter:                      286  (0.0145681); expected 392.6 (0.02)
Passed Vit filter:                        15  (0.000764059); expected 19.6 (0.001)
Passed Fwd filter:                         0  (0); expected 0.2 (1e-05)
Initial search space (Z):              19632  [actual number of targets]
Domain search space  (domZ):               0  [number of targets reported over threshold]
# CPU time: 0.28u 0.16s 00:00:00.44 Elapsed: 00:00:00.30
# Mc/sec: 1095.44
//
[ok]
