# hmmscan :: search sequence(s) against a profile database
# HMMER 3.3.2 (Nov 2020); http://hmmer.org/
# Copyright (C) 2020 Howard Hughes Medical Institute.
# Freely distributed under the BSD open source license.
# - - - - - - - - - - - - - - - - - - - - - - - - - - - - - - - - - - - -
# query sequence file:             -
# target HMM database:             /n/eddy_lab/data/pfam-35.0/Pfam-A.hmm
# output directed to file:         ./c1_windows_new/hmmscan/out/IMGVR_UViG_3300009093_001187_3300009093_Ga0105240_10018887_hmmscan_output.out
# per-seq hits tabular output:     ./c1_windows_new/hmmscan/tblout/IMGVR_UViG_3300009093_001187_3300009093_Ga0105240_10018887_hmmscan_output.tblout
# - - - - - - - - - - - - - - - - - - - - - - - - - - - - - - - - - - - -

Query:       orf1  [L=117]
Description: source=IMGVR_UViG_3300009093_001187_3300009093_Ga0105240_10018887/5306-3575 coords=355..705 length=117 frame=1 desc=
Scores for complete sequence (score includes all domains):
   --- full sequence ---   --- best 1 domain ---    -#dom-
    E-value  score  bias    E-value  score  bias    exp  N  Model    Description
    ------- ------ -----    ------- ------ -----   ---- --  -------- -----------
      4e-06   26.6   0.1    2.3e-05   24.2   0.1    2.1  1  RVT_1     Reverse transcriptase (RNA-dependent DNA polymerase


Domain annotation for each model (and alignments):
>> RVT_1  Reverse transcriptase (RNA-dependent DNA polymerase)
   #    score  bias  c-Evalue  i-Evalue hmmfrom  hmm to    alifrom  ali to    envfrom  env to     acc
 ---   ------ ----- --------- --------- ------- -------    ------- -------    ------- -------    ----
   1 !   24.2   0.1   1.2e-09   2.3e-05     119     156 ..       9      44 ..       2     117 .] 0.74

  Alignments for each domain:
  == domain 1  score: 24.2 bits;  conditional E-value: 1.2e-09
            .....TEEEEESB--ST-TTHHHHHHHHHHHHHTT-T. CS
  RVT_1 119 ngeeskgryekkglpqGsvlSPllfnlfmnellrelrk 156
            n+   k+ ++  g+pqG+vlSPll+n++++e++  +++
   orf1   9 NNG--KFTVSHLGVPQGGVLSPLLSNIYLHEFDLYMKE 44 
            333..7888999******************99865555 PP



Internal pipeline statistics summary:
-------------------------------------
Query sequence(s):                         1  (117 residues searched)
Target model(s):                       19632  (3329936 nodes)
Passed MSV filter:                      1095  (0.0557763); expected 392.6 (0.02)
Passed bias filter:                      562  (0.0286267); expected 392.6 (0.02)
Passed Vit filter:                        35  (0.0017828); expected 19.6 (0.001)
Passed Fwd filter:                         1  (5.09372e-05); expected 0.2 (1e-05)
Initial search space (Z):              19632  [actual number of targets]
Domain search space  (domZ):               1  [number of targets reported over threshold]
# CPU time: 0.31u 0.17s 00:00:00.48 Elapsed: 00:00:00.33
# Mc/sec: 1153.13
//
Query:       orf2  [L=100]
Description: source=IMGVR_UViG_3300009093_001187_3300009093_Ga0105240_10018887/5306-3575 coords=709..1008 length=100 frame=1 desc=
Scores for complete sequence (score includes all domains):
   --- full sequence ---   --- best 1 domain ---    -#dom-
    E-value  score  bias    E-value  score  bias    exp  N  Model    Description
    ------- ------ -----    ------- ------ -----   ---- --  -------- -----------
    0.00046   19.9   0.0    0.00075   19.2   0.0    1.4  1  RVT_1     Reverse transcriptase (RNA-dependent DNA polymerase


Domain annotation for each model (and alignments):
>> RVT_1  Reverse transcriptase (RNA-dependent DNA polymerase)
   #    score  bias  c-Evalue  i-Evalue hmmfrom  hmm to    alifrom  ali to    envfrom  env to     acc
 ---   ------ ----- --------- --------- ------- -------    ------- -------    ------- -------    ----
   1 !   19.2   0.0   3.8e-08   0.00075     180     222 .]      11      52 ..       1      52 [. 0.86

  Alignments for each domain:
  == domain 1  score: 19.2 bits;  conditional E-value: 3.8e-08
            HHHHHHHHHHHHHH.TT--BEGGG-EEE.....ESSEEETTEEE CS
  RVT_1 180 lqelleaveewlke.sglkinpeKtklvlftvkseevkyLGvtl 222
            ++++ ++v ++l++  ++++++eKtk+++  v++++v+yLG+++
   orf2  11 AERIKDEVNAFLRDeLKIELSQEKTKITH--VTQDKVNYLGFQI 52 
            789999*******989************6..69*********86 PP



Internal pipeline statistics summary:
-------------------------------------
Query sequence(s):                         1  (100 residues searched)
Target model(s):                       19632  (3329936 nodes)
Passed MSV filter:                       940  (0.047881); expected 392.6 (0.02)
Passed bias filter:                      583  (0.0296964); expected 392.6 (0.02)
Passed Vit filter:                        49  (0.00249593); expected 19.6 (0.001)
Passed Fwd filter:                         1  (5.09372e-05); expected 0.2 (1e-05)
Initial search space (Z):              19632  [actual number of targets]
Domain search space  (domZ):               1  [number of targets reported over threshold]
# CPU time: 0.29u 0.17s 00:00:00.46 Elapsed: 00:00:00.30
# Mc/sec: 1074.85
//
Query:       orf3  [L=122]
Description: source=IMGVR_UViG_3300009093_001187_3300009093_Ga0105240_10018887/5306-3575 coords=416..51 length=122 frame=6 desc=
Scores for complete sequence (score includes all domains):
   --- full sequence ---   --- best 1 domain ---    -#dom-
    E-value  score  bias    E-value  score  bias    exp  N  Model    Description
    ------- ------ -----    ------- ------ -----   ---- --  -------- -----------

   [No hits detected that satisfy reporting thresholds]


Domain annotation for each model (and alignments):

   [No targets detected that satisfy reporting thresholds]


Internal pipeline statistics summary:
-------------------------------------
Query sequence(s):                         1  (122 residues searched)
Target model(s):                       19632  (3329936 nodes)
Passed MSV filter:                       408  (0.0207824); expected 392.6 (0.02)
Passed bias filter:                      262  (0.0133456); expected 392.6 (0.02)
Passed Vit filter:                        11  (0.00056031); expected 19.6 (0.001)
Passed Fwd filter:                         0  (0); expected 0.2 (1e-05)
Initial search space (Z):              19632  [actual number of targets]
Domain search space  (domZ):               0  [number of targets reported over threshold]
# CPU time: 0.29u 0.17s 00:00:00.46 Elapsed: 00:00:00.31
# Mc/sec: 1269.82
//
[ok]
