# hmmscan :: search sequence(s) against a profile database
# HMMER 3.3.2 (Nov 2020); http://hmmer.org/
# Copyright (C) 2020 Howard Hughes Medical Institute.
# Freely distributed under the BSD open source license.
# - - - - - - - - - - - - - - - - - - - - - - - - - - - - - - - - - - - -
# query sequence file:             -
# target HMM database:             /n/eddy_lab/data/pfam-35.0/Pfam-A.hmm
# output directed to file:         ./c1_windows_new/hmmscan/out/IMGVR_UViG_3300006147_000704_3300006147_Ga0080710_1003739_hmmscan_output.out
# per-seq hits tabular output:     ./c1_windows_new/hmmscan/tblout/IMGVR_UViG_3300006147_000704_3300006147_Ga0080710_1003739_hmmscan_output.tblout
# - - - - - - - - - - - - - - - - - - - - - - - - - - - - - - - - - - - -

Query:       orf1  [L=102]
Description: source=IMGVR_UViG_3300006147_000704_3300006147_Ga0080710_1003739/5382-3263 coords=88..393 length=102 frame=1 desc=
Scores for complete sequence (score includes all domains):
   --- full sequence ---   --- best 1 domain ---    -#dom-
    E-value  score  bias    E-value  score  bias    exp  N  Model    Description
    ------- ------ -----    ------- ------ -----   ---- --  -------- -----------

   [No hits detected that satisfy reporting thresholds]


Domain annotation for each model (and alignments):

   [No targets detected that satisfy reporting thresholds]


Internal pipeline statistics summary:
-------------------------------------
Query sequence(s):                         1  (102 residues searched)
Target model(s):                       19632  (3329936 nodes)
Passed MSV filter:                       262  (0.0133456); expected 392.6 (0.02)
Passed bias filter:                      247  (0.0125815); expected 392.6 (0.02)
Passed Vit filter:                        10  (0.000509372); expected 19.6 (0.001)
Passed Fwd filter:                         0  (0); expected 0.2 (1e-05)
Initial search space (Z):              19632  [actual number of targets]
Domain search space  (domZ):               0  [number of targets reported over threshold]
# CPU time: 0.30u 0.20s 00:00:00.50 Elapsed: 00:00:00.37
# Mc/sec: 909.45
//
Query:       orf2  [L=147]
Description: source=IMGVR_UViG_3300006147_000704_3300006147_Ga0080710_1003739/5382-3263 coords=3..443 length=147 frame=3 desc=
Scores for complete sequence (score includes all domains):
   --- full sequence ---   --- best 1 domain ---    -#dom-
    E-value  score  bias    E-value  score  bias    exp  N  Model    Description
    ------- ------ -----    ------- ------ -----   ---- --  -------- -----------

   [No hits detected that satisfy reporting thresholds]


Domain annotation for each model (and alignments):

   [No targets detected that satisfy reporting thresholds]


Internal pipeline statistics summary:
-------------------------------------
Query sequence(s):                         1  (147 residues searched)
Target model(s):                       19632  (3329936 nodes)
Passed MSV filter:                       394  (0.0200693); expected 392.6 (0.02)
Passed bias filter:                      330  (0.0168093); expected 392.6 (0.02)
Passed Vit filter:                        21  (0.00106968); expected 19.6 (0.001)
Passed Fwd filter:                         0  (0); expected 0.2 (1e-05)
Initial search space (Z):              19632  [actual number of targets]
Domain search space  (domZ):               0  [number of targets reported over threshold]
# CPU time: 0.32u 0.18s 00:00:00.50 Elapsed: 00:00:00.35
# Mc/sec: 1370.18
//
Query:       orf3  [L=110]
Description: source=IMGVR_UViG_3300006147_000704_3300006147_Ga0080710_1003739/5382-3263 coords=368..697 length=110 frame=2 desc=
Scores for complete sequence (score includes all domains):
   --- full sequence ---   --- best 1 domain ---    -#dom-
    E-value  score  bias    E-value  score  bias    exp  N  Model    Description
    ------- ------ -----    ------- ------ -----   ---- --  -------- -----------

   [No hits detected that satisfy reporting thresholds]


Domain annotation for each model (and alignments):

   [No targets detected that satisfy reporting thresholds]


Internal pipeline statistics summary:
-------------------------------------
Query sequence(s):                         1  (110 residues searched)
Target model(s):                       19632  (3329936 nodes)
Passed MSV filter:                       296  (0.0150774); expected 392.6 (0.02)
Passed bias filter:                      140  (0.00713121); expected 392.6 (0.02)
Passed Vit filter:                        16  (0.000814996); expected 19.6 (0.001)
Passed Fwd filter:                         0  (0); expected 0.2 (1e-05)
Initial search space (Z):              19632  [actual number of targets]
Domain search space  (domZ):               0  [number of targets reported over threshold]
# CPU time: 0.29u 0.19s 00:00:00.48 Elapsed: 00:00:00.35
# Mc/sec: 1038.69
//
Query:       orf4  [L=106]
Description: source=IMGVR_UViG_3300006147_000704_3300006147_Ga0080710_1003739/5382-3263 coords=571..888 length=106 frame=1 desc=
Scores for complete sequence (score includes all domains):
   --- full sequence ---   --- best 1 domain ---    -#dom-
    E-value  score  bias    E-value  score  bias    exp  N  Model    Description
    ------- ------ -----    ------- ------ -----   ---- --  -------- -----------

   [No hits detected that satisfy reporting thresholds]


Domain annotation for each model (and alignments):

   [No targets detected that satisfy reporting thresholds]


Internal pipeline statistics summary:
-------------------------------------
Query sequence(s):                         1  (106 residues searched)
Target model(s):                       19632  (3329936 nodes)
Passed MSV filter:                       548  (0.0279136); expected 392.6 (0.02)
Passed bias filter:                      234  (0.0119193); expected 392.6 (0.02)
Passed Vit filter:                        14  (0.000713121); expected 19.6 (0.001)
Passed Fwd filter:                         0  (0); expected 0.2 (1e-05)
Initial search space (Z):              19632  [actual number of targets]
Domain search space  (domZ):               0  [number of targets reported over threshold]
# CPU time: 0.27u 0.20s 00:00:00.47 Elapsed: 00:00:00.33
# Mc/sec: 1045.40
//
Query:       orf5  [L=266]
Description: source=IMGVR_UViG_3300006147_000704_3300006147_Ga0080710_1003739/5382-3263 coords=447..1244 length=266 frame=3 desc=
Scores for complete sequence (score includes all domains):
   --- full sequence ---   --- best 1 domain ---    -#dom-
    E-value  score  bias    E-value  score  bias    exp  N  Model    Description
    ------- ------ -----    ------- ------ -----   ---- --  -------- -----------

   [No hits detected that satisfy reporting thresholds]


Domain annotation for each model (and alignments):

   [No targets detected that satisfy reporting thresholds]


Internal pipeline statistics summary:
-------------------------------------
Query sequence(s):                         1  (266 residues searched)
Target model(s):                       19632  (3329936 nodes)
Passed MSV filter:                       644  (0.0328036); expected 392.6 (0.02)
Passed bias filter:                      470  (0.0239405); expected 392.6 (0.02)
Passed Vit filter:                        37  (0.00188468); expected 19.6 (0.001)
Passed Fwd filter:                         0  (0); expected 0.2 (1e-05)
Initial search space (Z):              19632  [actual number of targets]
Domain search space  (domZ):               0  [number of targets reported over threshold]
# CPU time: 0.31u 0.19s 00:00:00.50 Elapsed: 00:00:00.33
# Mc/sec: 2668.46
//
Query:       orf6  [L=118]
Description: source=IMGVR_UViG_3300006147_000704_3300006147_Ga0080710_1003739/5382-3263 coords=2118..1765 length=118 frame=6 desc=
Scores for complete sequence (score includes all domains):
   --- full sequence ---   --- best 1 domain ---    -#dom-
    E-value  score  bias    E-value  score  bias    exp  N  Model        Description
    ------- ------ -----    ------- ------ -----   ---- --  --------     -----------
  ------ inclusion threshold ------
      0.043   14.3   0.4      0.083   13.3   0.1    1.7  2  Defensin_big  Big defensin


Domain annotation for each model (and alignments):
>> Defensin_big  Big defensin
   #    score  bias  c-Evalue  i-Evalue hmmfrom  hmm to    alifrom  ali to    envfrom  env to     acc
 ---   ------ ----- --------- --------- ------- -------    ------- -------    ------- -------    ----
   1 ?   13.3   0.1   4.2e-06     0.083      35      55 ..      13      33 ..       3      36 .. 0.79
   2 ?   -2.7   0.0      0.45   8.7e+03       8      18 ..      56      66 ..      50      77 .. 0.70

  Alignments for each domain:
  == domain 1  score: 13.3 bits;  conditional E-value: 4.2e-06
  Defensin_big 35 daraCgknrgfCrpkCkkeYc 55
                    + C k++g C + C++ Y 
          orf6 13 TVLSCIKMIGRCPSPCGRHYS 33
                  5678********888***995 PP

  == domain 2  score: -2.7 bits;  conditional E-value: 0.45
  Defensin_big  8 ylllvalygaa 18
                   +++ a++ +a
          orf6 56 WRIFRAAFLIA 66
                  56777888766 PP



Internal pipeline statistics summary:
-------------------------------------
Query sequence(s):                         1  (118 residues searched)
Target model(s):                       19632  (3329936 nodes)
Passed MSV filter:                       284  (0.0144662); expected 392.6 (0.02)
Passed bias filter:                      220  (0.0112062); expected 392.6 (0.02)
Passed Vit filter:                        13  (0.000662184); expected 19.6 (0.001)
Passed Fwd filter:                         1  (5.09372e-05); expected 0.2 (1e-05)
Initial search space (Z):              19632  [actual number of targets]
Domain search space  (domZ):               1  [number of targets reported over threshold]
# CPU time: 0.25u 0.15s 00:00:00.40 Elapsed: 00:00:00.28
# Mc/sec: 1372.81
//
Query:       orf7  [L=169]
Description: source=IMGVR_UViG_3300006147_000704_3300006147_Ga0080710_1003739/5382-3263 coords=1674..1168 length=169 frame=6 desc=
Scores for complete sequence (score includes all domains):
   --- full sequence ---   --- best 1 domain ---    -#dom-
    E-value  score  bias    E-value  score  bias    exp  N  Model    Description
    ------- ------ -----    ------- ------ -----   ---- --  -------- -----------

   [No hits detected that satisfy reporting thresholds]


Domain annotation for each model (and alignments):

   [No targets detected that satisfy reporting thresholds]


Internal pipeline statistics summary:
-------------------------------------
Query sequence(s):                         1  (169 residues searched)
Target model(s):                       19632  (3329936 nodes)
Passed MSV filter:                       292  (0.0148737); expected 392.6 (0.02)
Passed bias filter:                      246  (0.0125306); expected 392.6 (0.02)
Passed Vit filter:                        19  (0.000967808); expected 19.6 (0.001)
Passed Fwd filter:                         0  (0); expected 0.2 (1e-05)
Initial search space (Z):              19632  [actual number of targets]
Domain search space  (domZ):               0  [number of targets reported over threshold]
# CPU time: 0.28u 0.15s 00:00:00.43 Elapsed: 00:00:00.29
# Mc/sec: 1892.16
//
Query:       orf8  [L=223]
Description: source=IMGVR_UViG_3300006147_000704_3300006147_Ga0080710_1003739/5382-3263 coords=1154..486 length=223 frame=4 desc=
Scores for complete sequence (score includes all domains):
   --- full sequence ---   --- best 1 domain ---    -#dom-
    E-value  score  bias    E-value  score  bias    exp  N  Model    Description
    ------- ------ -----    ------- ------ -----   ---- --  -------- -----------
  ------ inclusion threshold ------
      0.068   13.3   0.2        1.5    9.0   0.0    2.5  3  DUF2199   Uncharacterized protein conserved in bacteria (DUF2


Domain annotation for each model (and alignments):
>> DUF2199  Uncharacterized protein conserved in bacteria (DUF2199)
   #    score  bias  c-Evalue  i-Evalue hmmfrom  hmm to    alifrom  ali to    envfrom  env to     acc
 ---   ------ ----- --------- --------- ------- -------    ------- -------    ------- -------    ----
   1 ?   -0.1   0.0     0.049   9.6e+02      98     133 ..      26      61 ..      22      71 .. 0.82
   2 ?    1.2   0.0     0.019   3.8e+02      32      61 ..      68      97 ..      52     100 .. 0.77
   3 ?    9.0   0.0   7.4e-05       1.5      10      55 ..      99     143 ..      96     148 .. 0.83

  Alignments for each domain:
  == domain 1  score: -0.1 bits;  conditional E-value: 0.049
  DUF2199  98 fgwlaneipvYestaslelkvhtrakgqrPeielee 133
               ++l+ e+    ++++ + +v + +++ +P++ + +
     orf8  26 TARLKEEMVAIAENEDTKYTVYLTEDKGYPSLSVCK 61 
              678888999999999999999999999999998865 PP

  == domain 2  score: 1.2 bits;  conditional E-value: 0.019
  DUF2199 32 eeraelseDlCviagerffiRgvleipiad 61
              ++ ++seD C+ + +++++R +  + + +
     orf8 68 YQEGAISEDDCTDTAKKCYVRYLFPVMVNN 97
             44566999999999*******999888876 PP

  == domain 3  score: 9.0 bits;  conditional E-value: 7.4e-05
  DUF2199  10 eelpslsfkaPdayaalseeereeraelseDlCviagerffiRgvl 55 
              ++ p  sf+ Pd +++l+e++r++++ + eD  ++     f+++ l
     orf8  99 KGFPKSSFEEPDDLEDLTEQDRQDNVYVREDELRF-AMCDFLKVAL 143
              578999************************98877.4455666666 PP



Internal pipeline statistics summary:
-------------------------------------
Query sequence(s):                         1  (223 residues searched)
Target model(s):                       19632  (3329936 nodes)
Passed MSV filter:                       484  (0.0246536); expected 392.6 (0.02)
Passed bias filter:                      406  (0.0206805); expected 392.6 (0.02)
Passed Vit filter:                        26  (0.00132437); expected 19.6 (0.001)
Passed Fwd filter:                         1  (5.09372e-05); expected 0.2 (1e-05)
Initial search space (Z):              19632  [actual number of targets]
Domain search space  (domZ):               1  [number of targets reported over threshold]
# CPU time: 0.27u 0.19s 00:00:00.46 Elapsed: 00:00:00.32
# Mc/sec: 2308.80
//
Query:       orf9  [L=142]
Description: source=IMGVR_UViG_3300006147_000704_3300006147_Ga0080710_1003739/5382-3263 coords=428..3 length=142 frame=4 desc=
Scores for complete sequence (score includes all domains):
   --- full sequence ---   --- best 1 domain ---    -#dom-
    E-value  score  bias    E-value  score  bias    exp  N  Model    Description
    ------- ------ -----    ------- ------ -----   ---- --  -------- -----------
  ------ inclusion threshold ------
      0.035   14.5   0.2      0.055   13.8   0.2    1.3  1  CBM26     Starch-binding module 26


Domain annotation for each model (and alignments):
>> CBM26  Starch-binding module 26
   #    score  bias  c-Evalue  i-Evalue hmmfrom  hmm to    alifrom  ali to    envfrom  env to     acc
 ---   ------ ----- --------- --------- ------- -------    ------- -------    ------- -------    ----
   1 ?   13.8   0.2   2.8e-06     0.055      12      43 ..      96     129 ..      85     135 .. 0.75

  Alignments for each domain:
  == domain 1  score: 13.8 bits;  conditional E-value: 2.8e-06
            EEEEEEEEES-----.-TT--B-....EEEETTEEE CS
  CBM26  12 vyiYiyddspassvkeaWPGvam....kkegngwys 43 
            ++ Y ++ ++++++  +WPG+++    ++ g+++y+
   orf9  96 PQRYPWNRNDTNEG--SWPGTQLchrmNDRGGDIYQ 129
            44599***996655..8****987776888888886 PP



Internal pipeline statistics summary:
-------------------------------------
Query sequence(s):                         1  (142 residues searched)
Target model(s):                       19632  (3329936 nodes)
Passed MSV filter:                       215  (0.0109515); expected 392.6 (0.02)
Passed bias filter:                      203  (0.0103403); expected 392.6 (0.02)
Passed Vit filter:                        14  (0.000713121); expected 19.6 (0.001)
Passed Fwd filter:                         1  (5.09372e-05); expected 0.2 (1e-05)
Initial search space (Z):              19632  [actual number of targets]
Domain search space  (domZ):               1  [number of targets reported over threshold]
# CPU time: 0.28u 0.15s 00:00:00.43 Elapsed: 00:00:00.30
# Mc/sec: 1552.18
//
[ok]
