# hmmscan :: search sequence(s) against a profile database
# HMMER 3.3.2 (Nov 2020); http://hmmer.org/
# Copyright (C) 2020 Howard Hughes Medical Institute.
# Freely distributed under the BSD open source license.
# - - - - - - - - - - - - - - - - - - - - - - - - - - - - - - - - - - - -
# query sequence file:             -
# target HMM database:             /n/eddy_lab/data/pfam-35.0/Pfam-A.hmm
# output directed to file:         ./c1_windows_new/hmmscan/out/IMGVR_UViG_3300021045_000098_3300021045_Ga0214976_1005475_hmmscan_output.out
# per-seq hits tabular output:     ./c1_windows_new/hmmscan/tblout/IMGVR_UViG_3300021045_000098_3300021045_Ga0214976_1005475_hmmscan_output.tblout
# - - - - - - - - - - - - - - - - - - - - - - - - - - - - - - - - - - - -

Query:       orf1  [L=221]
Description: source=IMGVR_UViG_3300021045_000098_3300021045_Ga0214976_1005475/5212-3159 coords=3..665 length=221 frame=3 desc=
Scores for complete sequence (score includes all domains):
   --- full sequence ---   --- best 1 domain ---    -#dom-
    E-value  score  bias    E-value  score  bias    exp  N  Model    Description
    ------- ------ -----    ------- ------ -----   ---- --  -------- -----------
  ------ inclusion threshold ------
       0.23   11.2   0.2       0.23   11.2   0.2    1.8  2  DUF1351   Protein of unknown function (DUF1351)


Domain annotation for each model (and alignments):
>> DUF1351  Protein of unknown function (DUF1351)
   #    score  bias  c-Evalue  i-Evalue hmmfrom  hmm to    alifrom  ali to    envfrom  env to     acc
 ---   ------ ----- --------- --------- ------- -------    ------- -------    ------- -------    ----
   1 ?   -2.1   0.2      0.14   2.8e+03      56      66 ..      61      71 ..      40      81 .. 0.56
   2 ?   11.2   0.2   1.2e-05      0.23      28      62 ..     138     172 ..     133     194 .. 0.91

  Alignments for each domain:
  == domain 1  score: -2.1 bits;  conditional E-value: 0.14
  DUF1351 56 LddkRkevkkk 66
             L+d +ke++++
     orf1 61 LEDEKKETDEQ 71
             33333333332 PP

  == domain 2  score: 11.2 bits;  conditional E-value: 1.2e-05
  DUF1351  28 kYeglvvTedtvkeaKkeraeLnkikkaLddkRke 62 
              ++ ++v+ ++  k+aK + a L+k + +L+ +Rk+
     orf1 138 SWRNRVFRSERTKSAKRNSAGLRKSQTMLSRQRKQ 172
              7999*****************************97 PP



Internal pipeline statistics summary:
-------------------------------------
Query sequence(s):                         1  (221 residues searched)
Target model(s):                       19632  (3329936 nodes)
Passed MSV filter:                       828  (0.042176); expected 392.6 (0.02)
Passed bias filter:                      339  (0.0172677); expected 392.6 (0.02)
Passed Vit filter:                        18  (0.00091687); expected 19.6 (0.001)
Passed Fwd filter:                         1  (5.09372e-05); expected 0.2 (1e-05)
Initial search space (Z):              19632  [actual number of targets]
Domain search space  (domZ):               1  [number of targets reported over threshold]
# CPU time: 0.32u 0.19s 00:00:00.51 Elapsed: 00:00:00.35
# Mc/sec: 2048.09
//
Query:       orf2  [L=154]
Description: source=IMGVR_UViG_3300021045_000098_3300021045_Ga0214976_1005475/5212-3159 coords=299..760 length=154 frame=2 desc=
Scores for complete sequence (score includes all domains):
   --- full sequence ---   --- best 1 domain ---    -#dom-
    E-value  score  bias    E-value  score  bias    exp  N  Model    Description
    ------- ------ -----    ------- ------ -----   ---- --  -------- -----------
  ------ inclusion threshold ------
        0.1   12.5   3.9      0.096   12.6   2.8    1.5  2  DUF2937   Protein of unknown function (DUF2937)


Domain annotation for each model (and alignments):
>> DUF2937  Protein of unknown function (DUF2937)
   #    score  bias  c-Evalue  i-Evalue hmmfrom  hmm to    alifrom  ali to    envfrom  env to     acc
 ---   ------ ----- --------- --------- ------- -------    ------- -------    ------- -------    ----
   1 ?   12.6   2.8   4.9e-06     0.096      29      75 ..       4      51 ..       2      82 .. 0.80
   2 ?   -3.5   0.0      0.42   8.3e+03      22      33 ..     137     148 ..     137     149 .. 0.86

  Alignments for each domain:
  == domain 1  score: 12.6 bits;  conditional E-value: 4.9e-06
  DUF2937 29 qrLeghldeakrqlagfqetAqrf.fkgdlealiahyrqsedpvvrad 75
             qrL+ ++ ++++q+++f++++++  +k+  ++l++++++s + +  ++
     orf2  4 QRLKQQVLALQKQVQEFEAESKAAaNKARAQKLVEKLEKSGVSFGTDE 51
             9*****************998764167899**********98665554 PP

  == domain 2  score: -3.5 bits;  conditional E-value: 0.42
  DUF2937  22 efidqYqqrLeg 33 
              +f+  Y+ r+++
     orf2 137 GFMAAYRDRIGA 148
              69999*999998 PP



Internal pipeline statistics summary:
-------------------------------------
Query sequence(s):                         1  (154 residues searched)
Target model(s):                       19632  (3329936 nodes)
Passed MSV filter:                      1888  (0.0961695); expected 392.6 (0.02)
Passed bias filter:                      937  (0.0477282); expected 392.6 (0.02)
Passed Vit filter:                       106  (0.00539935); expected 19.6 (0.001)
Passed Fwd filter:                         2  (0.000101874); expected 0.2 (1e-05)
Initial search space (Z):              19632  [actual number of targets]
Domain search space  (domZ):               1  [number of targets reported over threshold]
# CPU time: 0.35u 0.18s 00:00:00.53 Elapsed: 00:00:00.35
# Mc/sec: 1456.05
//
Query:       orf3  [L=124]
Description: source=IMGVR_UViG_3300021045_000098_3300021045_Ga0214976_1005475/5212-3159 coords=768..1139 length=124 frame=3 desc=
Scores for complete sequence (score includes all domains):
   --- full sequence ---   --- best 1 domain ---    -#dom-
    E-value  score  bias    E-value  score  bias    exp  N  Model      Description
    ------- ------ -----    ------- ------ -----   ---- --  --------   -----------
  ------ inclusion threshold ------
      0.018   15.7   0.1      0.022   15.4   0.1    1.2  1  DUF2190     Uncharacterized conserved protein (DUF2190)
      0.049   14.1   0.0      0.071   13.5   0.0    1.3  1  Bactofilin  Polymer-forming cytoskeletal


Domain annotation for each model (and alignments):
>> DUF2190  Uncharacterized conserved protein (DUF2190)
   #    score  bias  c-Evalue  i-Evalue hmmfrom  hmm to    alifrom  ali to    envfrom  env to     acc
 ---   ------ ----- --------- --------- ------- -------    ------- -------    ------- -------    ----
   1 ?   15.4   0.1   2.2e-06     0.022      27      88 ..      36     112 ..       2     122 .. 0.66

  Alignments for each domain:
  == domain 1  score: 15.4 bits;  conditional E-value: 2.2e-06
  DUF2190  27 a.....l........lGVAatdaaaGetvtv.aveGvfelpaaaaaiaaGdkVywdasgkvltt..tatgn.viGvale 88 
              +     +        +G+   d +aG+   +  + Gv+e  +  + i+aGd + + a+gk  t+   a+    ++ a++
     orf3  36 GndlfaVntdpvvksFGILIKDYKAGQMPGIfCMGGVYETDVFEGNISAGDDLKVSANGKL-TAgvGAE-DlIVAHAIS 112
              244443034444566**9988*****9966615699**88877799**************7.5533333.233355554 PP

>> Bactofilin  Polymer-forming cytoskeletal
   #    score  bias  c-Evalue  i-Evalue hmmfrom  hmm to    alifrom  ali to    envfrom  env to     acc
 ---   ------ ----- --------- --------- ------- -------    ------- -------    ------- -------    ----
   1 ?   13.5   0.0   7.2e-06     0.071      24      55 ..      77     108 ..      61     121 .. 0.85

  Alignments for each domain:
  == domain 1  score: 13.5 bits;  conditional E-value: 7.2e-06
                 EEES-EEEEEEEEE-TT-EEEEEEE-SEEEES CS
  Bactofilin  24 kveGdieakgklvvgeggkvegnikaeevvva 55 
                  +eG+i+a+++l+v+ +gk+++ + ae+++va
        orf3  77 VFEGNISAGDDLKVSANGKLTAGVGAEDLIVA 108
                 589************************99986 PP



Internal pipeline statistics summary:
-------------------------------------
Query sequence(s):                         1  (124 residues searched)
Target model(s):                       19632  (3329936 nodes)
Passed MSV filter:                       244  (0.0124287); expected 392.6 (0.02)
Passed bias filter:                      218  (0.0111043); expected 392.6 (0.02)
Passed Vit filter:                        21  (0.00106968); expected 19.6 (0.001)
Passed Fwd filter:                         2  (0.000101874); expected 0.2 (1e-05)
Initial search space (Z):              19632  [actual number of targets]
Domain search space  (domZ):               2  [number of targets reported over threshold]
# CPU time: 0.29u 0.17s 00:00:00.46 Elapsed: 00:00:00.32
# Mc/sec: 1269.19
//
Query:       orf4  [L=90]
Description: source=IMGVR_UViG_3300021045_000098_3300021045_Ga0214976_1005475/5212-3159 coords=1239..1508 length=90 frame=3 desc=
Scores for complete sequence (score includes all domains):
   --- full sequence ---   --- best 1 domain ---    -#dom-
    E-value  score  bias    E-value  score  bias    exp  N  Model    Description
    ------- ------ -----    ------- ------ -----   ---- --  -------- -----------

   [No hits detected that satisfy reporting thresholds]


Domain annotation for each model (and alignments):

   [No targets detected that satisfy reporting thresholds]


Internal pipeline statistics summary:
-------------------------------------
Query sequence(s):                         1  (90 residues searched)
Target model(s):                       19632  (3329936 nodes)
Passed MSV filter:                       288  (0.0146699); expected 392.6 (0.02)
Passed bias filter:                      162  (0.00825183); expected 392.6 (0.02)
Passed Vit filter:                         7  (0.000356561); expected 19.6 (0.001)
Passed Fwd filter:                         0  (0); expected 0.2 (1e-05)
Initial search space (Z):              19632  [actual number of targets]
Domain search space  (domZ):               0  [number of targets reported over threshold]
# CPU time: 0.28u 0.17s 00:00:00.45 Elapsed: 00:00:00.32
# Mc/sec: 936.33
//
Query:       orf5  [L=132]
Description: source=IMGVR_UViG_3300021045_000098_3300021045_Ga0214976_1005475/5212-3159 coords=1138..1533 length=132 frame=1 desc=
Scores for complete sequence (score includes all domains):
   --- full sequence ---   --- best 1 domain ---    -#dom-
    E-value  score  bias    E-value  score  bias    exp  N  Model    Description
    ------- ------ -----    ------- ------ -----   ---- --  -------- -----------

   [No hits detected that satisfy reporting thresholds]


Domain annotation for each model (and alignments):

   [No targets detected that satisfy reporting thresholds]


Internal pipeline statistics summary:
-------------------------------------
Query sequence(s):                         1  (132 residues searched)
Target model(s):                       19632  (3329936 nodes)
Passed MSV filter:                       736  (0.0374898); expected 392.6 (0.02)
Passed bias filter:                      540  (0.0275061); expected 392.6 (0.02)
Passed Vit filter:                        51  (0.0025978); expected 19.6 (0.001)
Passed Fwd filter:                         0  (0); expected 0.2 (1e-05)
Initial search space (Z):              19632  [actual number of targets]
Domain search space  (domZ):               0  [number of targets reported over threshold]
# CPU time: 0.29u 0.16s 00:00:00.44 Elapsed: 00:00:00.32
# Mc/sec: 1359.27
//
Query:       orf6  [L=97]
Description: source=IMGVR_UViG_3300021045_000098_3300021045_Ga0214976_1005475/5212-3159 coords=1826..1536 length=97 frame=4 desc=
Scores for complete sequence (score includes all domains):
   --- full sequence ---   --- best 1 domain ---    -#dom-
    E-value  score  bias    E-value  score  bias    exp  N  Model    Description
    ------- ------ -----    ------- ------ -----   ---- --  -------- -----------

   [No hits detected that satisfy reporting thresholds]


Domain annotation for each model (and alignments):

   [No targets detected that satisfy reporting thresholds]


Internal pipeline statistics summary:
-------------------------------------
Query sequence(s):                         1  (97 residues searched)
Target model(s):                       19632  (3329936 nodes)
Passed MSV filter:                       224  (0.0114099); expected 392.6 (0.02)
Passed bias filter:                      205  (0.0104421); expected 392.6 (0.02)
Passed Vit filter:                        13  (0.000662184); expected 19.6 (0.001)
Passed Fwd filter:                         0  (0); expected 0.2 (1e-05)
Initial search space (Z):              19632  [actual number of targets]
Domain search space  (domZ):               0  [number of targets reported over threshold]
# CPU time: 0.25u 0.17s 00:00:00.42 Elapsed: 00:00:00.31
# Mc/sec: 1034.49
//
Query:       orf7  [L=168]
Description: source=IMGVR_UViG_3300021045_000098_3300021045_Ga0214976_1005475/5212-3159 coords=1560..1057 length=168 frame=6 desc=
Scores for complete sequence (score includes all domains):
   --- full sequence ---   --- best 1 domain ---    -#dom-
    E-value  score  bias    E-value  score  bias    exp  N  Model    Description
    ------- ------ -----    ------- ------ -----   ---- --  -------- -----------

   [No hits detected that satisfy reporting thresholds]


Domain annotation for each model (and alignments):

   [No targets detected that satisfy reporting thresholds]


Internal pipeline statistics summary:
-------------------------------------
Query sequence(s):                         1  (168 residues searched)
Target model(s):                       19632  (3329936 nodes)
Passed MSV filter:                       414  (0.021088); expected 392.6 (0.02)
Passed bias filter:                      360  (0.0183374); expected 392.6 (0.02)
Passed Vit filter:                        27  (0.00137531); expected 19.6 (0.001)
Passed Fwd filter:                         0  (0); expected 0.2 (1e-05)
Initial search space (Z):              19632  [actual number of targets]
Domain search space  (domZ):               0  [number of targets reported over threshold]
# CPU time: 0.27u 0.18s 00:00:00.45 Elapsed: 00:00:00.30
# Mc/sec: 1814.55
//
Query:       orf8  [L=102]
Description: source=IMGVR_UViG_3300021045_000098_3300021045_Ga0214976_1005475/5212-3159 coords=487..182 length=102 frame=5 desc=
Scores for complete sequence (score includes all domains):
   --- full sequence ---   --- best 1 domain ---    -#dom-
    E-value  score  bias    E-value  score  bias    exp  N  Model    Description
    ------- ------ -----    ------- ------ -----   ---- --  -------- -----------

   [No hits detected that satisfy reporting thresholds]


Domain annotation for each model (and alignments):

   [No targets detected that satisfy reporting thresholds]


Internal pipeline statistics summary:
-------------------------------------
Query sequence(s):                         1  (102 residues searched)
Target model(s):                       19632  (3329936 nodes)
Passed MSV filter:                       383  (0.019509); expected 392.6 (0.02)
Passed bias filter:                      275  (0.0140077); expected 392.6 (0.02)
Passed Vit filter:                        12  (0.000611247); expected 19.6 (0.001)
Passed Fwd filter:                         0  (0); expected 0.2 (1e-05)
Initial search space (Z):              19632  [actual number of targets]
Domain search space  (domZ):               0  [number of targets reported over threshold]
# CPU time: 0.25u 0.17s 00:00:00.42 Elapsed: 00:00:00.30
# Mc/sec: 1128.19
//
[ok]
