# hmmscan :: search sequence(s) against a profile database
# HMMER 3.3.2 (Nov 2020); http://hmmer.org/
# Copyright (C) 2020 Howard Hughes Medical Institute.
# Freely distributed under the BSD open source license.
# - - - - - - - - - - - - - - - - - - - - - - - - - - - - - - - - - - - -
# query sequence file:             -
# target HMM database:             /n/eddy_lab/data/pfam-35.0/Pfam-A.hmm
# output directed to file:         ./c1_windows_new/hmmscan/out/IMGVR_UViG_3300020075_000958_3300020075_Ga0206349_1091816_hmmscan_output.out
# per-seq hits tabular output:     ./c1_windows_new/hmmscan/tblout/IMGVR_UViG_3300020075_000958_3300020075_Ga0206349_1091816_hmmscan_output.tblout
# - - - - - - - - - - - - - - - - - - - - - - - - - - - - - - - - - - - -

Query:       orf1  [L=275]
Description: source=IMGVR_UViG_3300020075_000958_3300020075_Ga0206349_1091816/1-850 coords=25..849 length=275 frame=1 desc=
Scores for complete sequence (score includes all domains):
   --- full sequence ---   --- best 1 domain ---    -#dom-
    E-value  score  bias    E-value  score  bias    exp  N  Model        Description
    ------- ------ -----    ------- ------ -----   ---- --  --------     -----------
    4.6e-10   39.1   0.6    5.9e-10   38.7   0.6    1.1  1  COX1          Cytochrome C and Quinol oxidase polypeptide I
  ------ inclusion threshold ------
      0.033   13.5   0.2      0.037   13.4   0.2    1.1  1  Voltage_CLC   Voltage gated chloride channel
       0.16   11.7   0.8       0.22   11.2   0.8    1.2  1  Ni_hydr_CYTB  Prokaryotic cytochrome b561
       0.31   10.9   3.0       0.58   10.0   3.0    1.4  1  DUF5381       Family of unknown function (DUF5381)


Domain annotation for each model (and alignments):
>> COX1  Cytochrome C and Quinol oxidase polypeptide I
   #    score  bias  c-Evalue  i-Evalue hmmfrom  hmm to    alifrom  ali to    envfrom  env to     acc
 ---   ------ ----- --------- --------- ------- -------    ------- -------    ------- -------    ----
   1 !   38.7   0.6   1.2e-13   5.9e-10       1      61 [.      25      92 ..      25     106 .. 0.87

  Alignments for each domain:
  == domain 1  score: 38.7 bits;  conditional E-value: 1.2e-13
          HHHHHHHHHHHHHHHHHHHHHHHHHHHCTCT.......-HHCHHHHHHHHHHHHHHHHHHHHCHHHHH CS
  COX1  1 kigllylivalvlllvggllgllirlqlafp.......dletynqlrtlHgnlmiflfatpfilgfgn 61
          +ig+ly+i+++v +++g+l++ l+rl+l +p       d+++yn+++t+H+ +m+fl a ++++ +++
  orf1 25 DIGILYFIIGIVSGIIGTLFSFLMRLELSQPgdpilngDFQFYNVVVTAHAFVMVFLCASALLIRLFL 92
          599**************************98877777777*******************999666555 PP

>> Voltage_CLC  Voltage gated chloride channel
   #    score  bias  c-Evalue  i-Evalue hmmfrom  hmm to    alifrom  ali to    envfrom  env to     acc
 ---   ------ ----- --------- --------- ------- -------    ------- -------    ------- -------    ----
   1 ?   13.4   0.2   7.5e-06     0.037     135     239 ..       5     109 ..       1     157 [. 0.63

  Alignments for each domain:
  == domain 1  score: 13.4 bits;  conditional E-value: 7.5e-06
                  HHHHHHHHCTTS-SS--TT-----GGGHHHHHHHHHHHHHHHHHHHHHHHHHHHHHH.....CHHCCHHHHHHHHHHHHHHHHC..CCSCCCSSSSCC CS
  Voltage_CLC 135 aalvsslilgeeplfsveekaslsllelilflllGvlcGllgalfvrlllkvlrlrrkl...kklklprvlkpalggllvglla..llfpealgsgye 227
                  +++++ + + ++ lfs++     +    il++++G++ G++g lf++l++  l+   +       + ++v+  a ++++v l+a  ll++ +l+   +
         orf1   5 GTVTKIMTFAQRWLFSTN-----HKDIGILYFIIGIVSGIIGTLFSFLMRLELSQPGDPilnGDFQFYNVVVTAHAFVMVFLCAsaLLIRLFLSREPK 97 
                  555556666666666666.....6666789999************99998665555433555223334443333333333333345555556777777 PP

                  HHHHHCTT-S.. CS
  Voltage_CLC 228 liqtllsgrtel 239
                  l+q l++g t+l
         orf1  98 LTQRLVKGMTHL 109
                  777777776654 PP

>> Ni_hydr_CYTB  Prokaryotic cytochrome b561
   #    score  bias  c-Evalue  i-Evalue hmmfrom  hmm to    alifrom  ali to    envfrom  env to     acc
 ---   ------ ----- --------- --------- ------- -------    ------- -------    ------- -------    ----
   1 ?   11.2   0.8   4.6e-05      0.22     104     156 ..      26      84 ..      10     108 .. 0.82

  Alignments for each domain:
  == domain 1  score: 11.2 bits;  conditional E-value: 4.6e-05
                   THHHHHHHHHHHHHHHHHHHT.....HHHHHHHH...HTS-THHHHHHH.HHHHHHH.H CS
  Ni_hydr_CYTB 104 vhlllyvllvvliltGlllsf.....aatagfplllddkggaqlarelHellaaall.a 156
                   +++l+++  +v  + G l sf      +++g p+l+ d+++ +++ ++H +++++l   
          orf1  26 IGILYFIIGIVSGIIGTLFSFlmrleLSQPGDPILNGDFQFYNVVVTAHAFVMVFLCaS 84 
                   78999**************9999999789999999**************8888887743 PP

>> DUF5381  Family of unknown function (DUF5381)
   #    score  bias  c-Evalue  i-Evalue hmmfrom  hmm to    alifrom  ali to    envfrom  env to     acc
 ---   ------ ----- --------- --------- ------- -------    ------- -------    ------- -------    ----
   1 ?   10.0   3.0   0.00012      0.58      18      58 ..       7      48 ..       1      54 [. 0.85

  Alignments for each domain:
  == domain 1  score: 10.0 bits;  conditional E-value: 0.00012
  DUF5381 18 gtagmglaglwlffegitfes.kysllyiiigllgvifglii 58
              t +m+ a  wlf++  +  +  y +++i+ g++g++f + +
     orf1  7 VTKIMTFAQRWLFSTNHKDIGiLYFIIGIVSGIIGTLFSFLM 48
             4689**************9999999*************8765 PP



Internal pipeline statistics summary:
-------------------------------------
Query sequence(s):                         1  (275 residues searched)
Target model(s):                       19632  (3329936 nodes)
Passed MSV filter:                       577  (0.0293908); expected 392.6 (0.02)
Passed bias filter:                      440  (0.0224124); expected 392.6 (0.02)
Passed Vit filter:                        40  (0.00203749); expected 19.6 (0.001)
Passed Fwd filter:                         4  (0.000203749); expected 0.2 (1e-05)
Initial search space (Z):              19632  [actual number of targets]
Domain search space  (domZ):               4  [number of targets reported over threshold]
# CPU time: 0.28u 0.17s 00:00:00.45 Elapsed: 00:00:00.31
# Mc/sec: 2943.47
//
[ok]
