# hmmscan :: search sequence(s) against a profile database
# HMMER 3.3.2 (Nov 2020); http://hmmer.org/
# Copyright (C) 2020 Howard Hughes Medical Institute.
# Freely distributed under the BSD open source license.
# - - - - - - - - - - - - - - - - - - - - - - - - - - - - - - - - - - - -
# query sequence file:             -
# target HMM database:             /n/eddy_lab/data/pfam-35.0/Pfam-A.hmm
# output directed to file:         ./c1_windows_new/hmmscan/out/IMGVR_UViG_3300029575_000138_3300029575_Ga0244903_103101_hmmscan_output.out
# per-seq hits tabular output:     ./c1_windows_new/hmmscan/tblout/IMGVR_UViG_3300029575_000138_3300029575_Ga0244903_103101_hmmscan_output.tblout
# - - - - - - - - - - - - - - - - - - - - - - - - - - - - - - - - - - - -

Query:       orf1  [L=171]
Description: source=IMGVR_UViG_3300029575_000138_3300029575_Ga0244903_103101/4332-2190 coords=3..515 length=171 frame=3 desc=
Scores for complete sequence (score includes all domains):
   --- full sequence ---   --- best 1 domain ---    -#dom-
    E-value  score  bias    E-value  score  bias    exp  N  Model    Description
    ------- ------ -----    ------- ------ -----   ---- --  -------- -----------

   [No hits detected that satisfy reporting thresholds]


Domain annotation for each model (and alignments):

   [No targets detected that satisfy reporting thresholds]


Internal pipeline statistics summary:
-------------------------------------
Query sequence(s):                         1  (171 residues searched)
Target model(s):                       19632  (3329936 nodes)
Passed MSV filter:                       157  (0.00799715); expected 392.6 (0.02)
Passed bias filter:                       76  (0.00387123); expected 392.6 (0.02)
Passed Vit filter:                         8  (0.000407498); expected 19.6 (0.001)
Passed Fwd filter:                         0  (0); expected 0.2 (1e-05)
Initial search space (Z):              19632  [actual number of targets]
Domain search space  (domZ):               0  [number of targets reported over threshold]
# CPU time: 0.30u 0.18s 00:00:00.48 Elapsed: 00:00:00.33
# Mc/sec: 1684.55
//
Query:       orf2  [L=111]
Description: source=IMGVR_UViG_3300029575_000138_3300029575_Ga0244903_103101/4332-2190 coords=236..568 length=111 frame=2 desc=
Scores for complete sequence (score includes all domains):
   --- full sequence ---   --- best 1 domain ---    -#dom-
    E-value  score  bias    E-value  score  bias    exp  N  Model    Description
    ------- ------ -----    ------- ------ -----   ---- --  -------- -----------

   [No hits detected that satisfy reporting thresholds]


Domain annotation for each model (and alignments):

   [No targets detected that satisfy reporting thresholds]


Internal pipeline statistics summary:
-------------------------------------
Query sequence(s):                         1  (111 residues searched)
Target model(s):                       19632  (3329936 nodes)
Passed MSV filter:                       250  (0.0127343); expected 392.6 (0.02)
Passed bias filter:                      108  (0.00550122); expected 392.6 (0.02)
Passed Vit filter:                        10  (0.000509372); expected 19.6 (0.001)
Passed Fwd filter:                         0  (0); expected 0.2 (1e-05)
Initial search space (Z):              19632  [actual number of targets]
Domain search space  (domZ):               0  [number of targets reported over threshold]
# CPU time: 0.32u 0.16s 00:00:00.48 Elapsed: 00:00:00.33
# Mc/sec: 1108.59
//
Query:       orf3  [L=93]
Description: source=IMGVR_UViG_3300029575_000138_3300029575_Ga0244903_103101/4332-2190 coords=572..850 length=93 frame=2 desc=
Scores for complete sequence (score includes all domains):
   --- full sequence ---   --- best 1 domain ---    -#dom-
    E-value  score  bias    E-value  score  bias    exp  N  Model    Description
    ------- ------ -----    ------- ------ -----   ---- --  -------- -----------

   [No hits detected that satisfy reporting thresholds]


Domain annotation for each model (and alignments):

   [No targets detected that satisfy reporting thresholds]


Internal pipeline statistics summary:
-------------------------------------
Query sequence(s):                         1  (93 residues searched)
Target model(s):                       19632  (3329936 nodes)
Passed MSV filter:                       353  (0.0179808); expected 392.6 (0.02)
Passed bias filter:                      192  (0.00977995); expected 392.6 (0.02)
Passed Vit filter:                        13  (0.000662184); expected 19.6 (0.001)
Passed Fwd filter:                         0  (0); expected 0.2 (1e-05)
Initial search space (Z):              19632  [actual number of targets]
Domain search space  (domZ):               0  [number of targets reported over threshold]
# CPU time: 0.30u 0.18s 00:00:00.48 Elapsed: 00:00:00.34
# Mc/sec: 887.76
//
Query:       orf4  [L=516]
Description: source=IMGVR_UViG_3300029575_000138_3300029575_Ga0244903_103101/4332-2190 coords=1..1548 length=516 frame=1 desc=
Scores for complete sequence (score includes all domains):
   --- full sequence ---   --- best 1 domain ---    -#dom-
    E-value  score  bias    E-value  score  bias    exp  N  Model           Description
    ------- ------ -----    ------- ------ -----   ---- --  --------        -----------
    5.4e-18   65.1   0.0    1.3e-17   63.8   0.0    1.7  1  NLPC_P60         NlpC/P60 family
    2.5e-05   24.9   0.4    2.5e-05   24.9   0.4    2.1  2  CHAP             CHAP domain
      0.006   17.0   0.1      0.024   15.0   0.0    2.0  2  LRAT             Lecithin retinol acyltransferase
  ------ inclusion threshold ------
       0.17   12.2   0.1       0.78   10.1   0.0    2.1  2  Auxin_inducible  Auxin responsive protein


Domain annotation for each model (and alignments):
>> NLPC_P60  NlpC/P60 family
   #    score  bias  c-Evalue  i-Evalue hmmfrom  hmm to    alifrom  ali to    envfrom  env to     acc
 ---   ------ ----- --------- --------- ------- -------    ------- -------    ------- -------    ----
   1 !   63.8   0.0   2.7e-21   1.3e-17       1      81 [.     417     498 ..     417     513 .. 0.88

  Alignments for each domain:
  == domain 1  score: 63.8 bits;  conditional E-value: 2.7e-21
               T-BB-TT--BTT.EB-HHHHHHHHHHTTT----SSHHHH.CCCSEE..EEGGG--TTEEEEESG...TGGESEEEEEEETTEEEEE CS
  NLPC_P60   1 gkpYrwGGksps.gfDCsglvryafakagielprssgeq.eaagkkkeiskselkrGDLvffkt...kkgisHvgiYlgngkmlha 81 
               g pY+wGG+sp+  fDCsg+v+++ ++ g ++ r   +  ++         s++++GDLvffk+     g+sHvgiY+g+g+m+h 
      orf4 417 GYPYVWGGSSPAtSFDCSGFVSWVINHSGWNVGRLGAQGlYNIC----TRTSSPRPGDLVFFKGtydTPGVSHVGIYVGDGMMIHC 498
               679*******9989********************9887734443....5689************999999***************6 PP

>> CHAP  CHAP domain
   #    score  bias  c-Evalue  i-Evalue hmmfrom  hmm to    alifrom  ali to    envfrom  env to     acc
 ---   ------ ----- --------- --------- ------- -------    ------- -------    ------- -------    ----
   1 ?   -1.7   0.1         1   4.9e+03      25      53 ..     145     170 ..     118     178 .. 0.62
   2 !   24.9   0.4     5e-09   2.5e-05       8      70 ..     431     489 ..     422     501 .. 0.71

  Alignments for each domain:
  == domain 1  score: -1.7 bits;  conditional E-value: 1
           SSSSECTTT--EEE-EEECSSBS--TTEE CS
  CHAP  25 addWnnakkakgyknqanvgsstpkvGdi 53 
            + W+++  +k+y+   ++ +++ + G++
  orf4 145 SRYWQKRRLRKQYQ---KRAKEAARQGAV 170
           44565555556666...344444566666 PP

  == domain 2  score: 24.9 bits;  conditional E-value: 5e-09
           TSHHHHHHHHHHHCSSSSSSSECTTT-.-E.EE-EEECSSBS--TTEEECC--CTTBC.S-EEEEE CS
  CHAP   8 wqCvefaywrlrqaggnaddWnnakka.kg.yknqanvgsstpkvGdivvfdrggegg.yGHVaiV 70 
           ++C  f++w++++       Wn      +g y+  ++++   p++Gd+v+f+++ +++   HV+i 
  orf4 431 FDCSGFVSWVINHS-----GWNVGRLGaQGlYNICTRTS--SPRPGDLVFFKGTYDTPgVSHVGIY 489
           38********6655.....56443333245777444444..599*******9888777999***96 PP

>> LRAT  Lecithin retinol acyltransferase
   #    score  bias  c-Evalue  i-Evalue hmmfrom  hmm to    alifrom  ali to    envfrom  env to     acc
 ---   ------ ----- --------- --------- ------- -------    ------- -------    ------- -------    ----
   1 ?   -1.5   0.0      0.65   3.2e+03      88     109 ..     106     129 ..      65     136 .. 0.76
   2 !   15.0   0.0     5e-06     0.024       3      32 ..     466     499 ..     464     514 .. 0.82

  Alignments for each domain:
  == domain 1  score: -1.5 bits;  conditional E-value: 0.65
           ---HHHHHHHHHHHTT-..E-SCG CS
  LRAT  88 slpneeviqrAeelvGe..veYsl 109
           +  + + ++rAe++ G+   +Y+ 
  orf4 106 REHPARAVRRAEARYGKaaADYQF 129
           556778899999999997777765 PP

  == domain 2  score: 15.0 bits;  conditional E-value: 5e-06
           --TT-EEEEE-....SSSEEEEEEEETTEEEEEE CS
  LRAT   3 lkrGdllevsR....tlyeHhgiyvGdgkVvHlt 32 
           +++Gdl+ ++        +H giyvGdg+ +H  
  orf4 466 PRPGDLVFFKGtydtPGVSHVGIYVGDGMMIHCG 499
           789999998888888899**************75 PP

>> Auxin_inducible  Auxin responsive protein
   #    score  bias  c-Evalue  i-Evalue hmmfrom  hmm to    alifrom  ali to    envfrom  env to     acc
 ---   ------ ----- --------- --------- ------- -------    ------- -------    ------- -------    ----
   1 ?   10.1   0.0   0.00016      0.78      35      69 ..     385     419 ..     371     433 .. 0.88
   2 ?   -3.6   0.1       3.1   1.5e+04      27      38 ..     481     492 ..     477     494 .. 0.78

  Alignments for each domain:
  == domain 1  score: 10.1 bits;  conditional E-value: 0.00016
  Auxin_inducible  35 yvgderrRFvvpleyLnhpvfreLLrrseeefgfd 69 
                      yv++    ++vp eyL+ + f+++L ++e+  g++
             orf4 385 YVTNPPAGYEVPGEYLDDETFAAMLSEAEKYLGYP 419
                      666667779*********************99986 PP

  == domain 2  score: -3.6 bits;  conditional E-value: 3.1
  Auxin_inducible  27 pekGhvvVyvgd 38 
                      p   hv +yvgd
             orf4 481 PGVSHVGIYVGD 492
                      5567999***98 PP



Internal pipeline statistics summary:
-------------------------------------
Query sequence(s):                         1  (516 residues searched)
Target model(s):                       19632  (3329936 nodes)
Passed MSV filter:                      1133  (0.0577119); expected 392.6 (0.02)
Passed bias filter:                      680  (0.0346373); expected 392.6 (0.02)
Passed Vit filter:                        54  (0.00275061); expected 19.6 (0.001)
Passed Fwd filter:                         5  (0.000254686); expected 0.2 (1e-05)
Initial search space (Z):              19632  [actual number of targets]
Domain search space  (domZ):               4  [number of targets reported over threshold]
# CPU time: 0.41u 0.17s 00:00:00.57 Elapsed: 00:00:00.34
# Mc/sec: 5012.03
//
Query:       orf5  [L=91]
Description: source=IMGVR_UViG_3300029575_000138_3300029575_Ga0244903_103101/4332-2190 coords=1766..2038 length=91 frame=2 desc=
Scores for complete sequence (score includes all domains):
   --- full sequence ---   --- best 1 domain ---    -#dom-
    E-value  score  bias    E-value  score  bias    exp  N  Model    Description
    ------- ------ -----    ------- ------ -----   ---- --  -------- -----------

   [No hits detected that satisfy reporting thresholds]


Domain annotation for each model (and alignments):

   [No targets detected that satisfy reporting thresholds]


Internal pipeline statistics summary:
-------------------------------------
Query sequence(s):                         1  (91 residues searched)
Target model(s):                       19632  (3329936 nodes)
Passed MSV filter:                       211  (0.0107478); expected 392.6 (0.02)
Passed bias filter:                      188  (0.0095762); expected 392.6 (0.02)
Passed Vit filter:                        10  (0.000509372); expected 19.6 (0.001)
Passed Fwd filter:                         0  (0); expected 0.2 (1e-05)
Initial search space (Z):              19632  [actual number of targets]
Domain search space  (domZ):               0  [number of targets reported over threshold]
# CPU time: 0.30u 0.13s 00:00:00.43 Elapsed: 00:00:00.29
# Mc/sec: 1028.77
//
Query:       orf6  [L=154]
Description: source=IMGVR_UViG_3300029575_000138_3300029575_Ga0244903_103101/4332-2190 coords=616..155 length=154 frame=4 desc=
Scores for complete sequence (score includes all domains):
   --- full sequence ---   --- best 1 domain ---    -#dom-
    E-value  score  bias    E-value  score  bias    exp  N  Model    Description
    ------- ------ -----    ------- ------ -----   ---- --  -------- -----------

   [No hits detected that satisfy reporting thresholds]


Domain annotation for each model (and alignments):

   [No targets detected that satisfy reporting thresholds]


Internal pipeline statistics summary:
-------------------------------------
Query sequence(s):                         1  (154 residues searched)
Target model(s):                       19632  (3329936 nodes)
Passed MSV filter:                       329  (0.0167584); expected 392.6 (0.02)
Passed bias filter:                      134  (0.00682559); expected 392.6 (0.02)
Passed Vit filter:                        13  (0.000662184); expected 19.6 (0.001)
Passed Fwd filter:                         0  (0); expected 0.2 (1e-05)
Initial search space (Z):              19632  [actual number of targets]
Domain search space  (domZ):               0  [number of targets reported over threshold]
# CPU time: 0.29u 0.15s 00:00:00.43 Elapsed: 00:00:00.30
# Mc/sec: 1692.93
//
Query:       orf7  [L=548]
Description: source=IMGVR_UViG_3300029575_000138_3300029575_Ga0244903_103101/4332-2190 coords=1644..1 length=548 frame=5 desc=
Scores for complete sequence (score includes all domains):
   --- full sequence ---   --- best 1 domain ---    -#dom-
    E-value  score  bias    E-value  score  bias    exp  N  Model    Description
    ------- ------ -----    ------- ------ -----   ---- --  -------- -----------

   [No hits detected that satisfy reporting thresholds]


Domain annotation for each model (and alignments):

   [No targets detected that satisfy reporting thresholds]


Internal pipeline statistics summary:
-------------------------------------
Query sequence(s):                         1  (548 residues searched)
Target model(s):                       19632  (3329936 nodes)
Passed MSV filter:                       251  (0.0127852); expected 392.6 (0.02)
Passed bias filter:                      193  (0.00983089); expected 392.6 (0.02)
Passed Vit filter:                        18  (0.00091687); expected 19.6 (0.001)
Passed Fwd filter:                         0  (0); expected 0.2 (1e-05)
Initial search space (Z):              19632  [actual number of targets]
Domain search space  (domZ):               0  [number of targets reported over threshold]
# CPU time: 0.35u 0.18s 00:00:00.53 Elapsed: 00:00:00.32
# Mc/sec: 5557.45
//
[ok]
