# hmmscan :: search sequence(s) against a profile database
# HMMER 3.3.2 (Nov 2020); http://hmmer.org/
# Copyright (C) 2020 Howard Hughes Medical Institute.
# Freely distributed under the BSD open source license.
# - - - - - - - - - - - - - - - - - - - - - - - - - - - - - - - - - - - -
# query sequence file:             -
# target HMM database:             /n/eddy_lab/data/pfam-35.0/Pfam-A.hmm
# output directed to file:         ./c1_windows_new/hmmscan/out/IMGVR_UViG_3300035652_000105_3300035652_Ga0134453_01703_hmmscan_output.out
# per-seq hits tabular output:     ./c1_windows_new/hmmscan/tblout/IMGVR_UViG_3300035652_000105_3300035652_Ga0134453_01703_hmmscan_output.tblout
# - - - - - - - - - - - - - - - - - - - - - - - - - - - - - - - - - - - -

Query:       orf1  [L=96]
Description: source=IMGVR_UViG_3300035652_000105_3300035652_Ga0134453_01703/3703-5765 coords=31..318 length=96 frame=1 desc=
Scores for complete sequence (score includes all domains):
   --- full sequence ---   --- best 1 domain ---    -#dom-
    E-value  score  bias    E-value  score  bias    exp  N  Model    Description
    ------- ------ -----    ------- ------ -----   ---- --  -------- -----------

   [No hits detected that satisfy reporting thresholds]


Domain annotation for each model (and alignments):

   [No targets detected that satisfy reporting thresholds]


Internal pipeline statistics summary:
-------------------------------------
Query sequence(s):                         1  (96 residues searched)
Target model(s):                       19632  (3329936 nodes)
Passed MSV filter:                       345  (0.0175733); expected 392.6 (0.02)
Passed bias filter:                      258  (0.0131418); expected 392.6 (0.02)
Passed Vit filter:                        11  (0.00056031); expected 19.6 (0.001)
Passed Fwd filter:                         0  (0); expected 0.2 (1e-05)
Initial search space (Z):              19632  [actual number of targets]
Domain search space  (domZ):               0  [number of targets reported over threshold]
# CPU time: 0.30u 0.20s 00:00:00.50 Elapsed: 00:00:00.35
# Mc/sec: 896.39
//
Query:       orf2  [L=102]
Description: source=IMGVR_UViG_3300035652_000105_3300035652_Ga0134453_01703/3703-5765 coords=331..636 length=102 frame=1 desc=
Scores for complete sequence (score includes all domains):
   --- full sequence ---   --- best 1 domain ---    -#dom-
    E-value  score  bias    E-value  score  bias    exp  N  Model    Description
    ------- ------ -----    ------- ------ -----   ---- --  -------- -----------
  ------ inclusion threshold ------
       0.11   12.9   0.0       0.24   11.9   0.0    1.5  1  DUF2880   Protein of unknown function (DUF2880)


Domain annotation for each model (and alignments):
>> DUF2880  Protein of unknown function (DUF2880)
   #    score  bias  c-Evalue  i-Evalue hmmfrom  hmm to    alifrom  ali to    envfrom  env to     acc
 ---   ------ ----- --------- --------- ------- -------    ------- -------    ------- -------    ----
   1 ?   11.9   0.0   1.2e-05      0.24       2      59 ..       8      69 ..       7      74 .. 0.74

  Alignments for each domain:
  == domain 1  score: 11.9 bits;  conditional E-value: 1.2e-05
  DUF2880  2 malsvtaasaalaavqvelgkrrGkdeaPeaPvacmk.....avkaalPnPdsfkwvrGkark 59
             +al +t a +a  av    ++  G++  Pe P +c+        +  lP P +f+  r +a +
     orf2  8 IALPATRAETAYPAVGIRRTQ-HGQEYIPELPESCVSkqchfQYQRGLPQPVQFRLGRKTAHR 69
             688888999999888888776.5777788888887752221146789********99988876 PP



Internal pipeline statistics summary:
-------------------------------------
Query sequence(s):                         1  (102 residues searched)
Target model(s):                       19632  (3329936 nodes)
Passed MSV filter:                       294  (0.0149756); expected 392.6 (0.02)
Passed bias filter:                      235  (0.0119703); expected 392.6 (0.02)
Passed Vit filter:                        11  (0.00056031); expected 19.6 (0.001)
Passed Fwd filter:                         1  (5.09372e-05); expected 0.2 (1e-05)
Initial search space (Z):              19632  [actual number of targets]
Domain search space  (domZ):               1  [number of targets reported over threshold]
# CPU time: 0.31u 0.17s 00:00:00.48 Elapsed: 00:00:00.35
# Mc/sec: 970.10
//
Query:       orf3  [L=402]
Description: source=IMGVR_UViG_3300035652_000105_3300035652_Ga0134453_01703/3703-5765 coords=2..1207 length=402 frame=2 desc=
Scores for complete sequence (score includes all domains):
   --- full sequence ---   --- best 1 domain ---    -#dom-
    E-value  score  bias    E-value  score  bias    exp  N  Model        Description
    ------- ------ -----    ------- ------ -----   ---- --  --------     -----------
    4.7e-19   69.3   0.1      1e-18   68.2   0.1    1.5  1  DUF5906       Family of unknown function (DUF5906)
    0.00054   19.6   0.1    0.00096   18.8   0.1    1.4  1  VirE          Virulence-associated protein E
     0.0021   18.6   0.0     0.0039   17.7   0.0    1.5  1  RNA_helicase  RNA helicase
     0.0061   16.3   0.4     0.0086   15.8   0.4    1.3  1  AAA_15        AAA ATPase domain


Domain annotation for each model (and alignments):
>> DUF5906  Family of unknown function (DUF5906)
   #    score  bias  c-Evalue  i-Evalue hmmfrom  hmm to    alifrom  ali to    envfrom  env to     acc
 ---   ------ ----- --------- --------- ------- -------    ------- -------    ------- -------    ----
   1 !   68.2   0.1   2.1e-22     1e-18       2     103 ..     133     231 ..     132     245 .. 0.81

  Alignments for each domain:
  == domain 1  score: 68.2 bits;  conditional E-value: 2.1e-22
  DUF5906   2 iGkeqgvGKstlaeyllgkllgsenvtisd.ek.lgkfnsahlegkllvvvdemev.sqedqkasdalKslitnksvsierKgkdaisvsnyarfifssNkp 100
              +++e ++GKst+++ +l++++ ++nvt+++ e+ +++fns  + gkll+vvde+   ++ed   s++lK+l+t+ s ++e+Kgkd  ++  +a+f+++sN++
     orf3 133 VSEERNTGKSTFLN-FLKAVF-QNNVTFNTnEDfRSQFNSD-WAGKLLIVVDEVLLnRRED---SERLKNLSTTLSYKVEAKGKDRDEIAFFAKFVLCSNNE 228
              677899********.**9999.567885553446999**98.9*********954434444...9*******8679************************76 PP

  DUF5906 101 kip 103
               +p
     orf3 229 YLP 231
              444 PP

>> VirE  Virulence-associated protein E
   #    score  bias  c-Evalue  i-Evalue hmmfrom  hmm to    alifrom  ali to    envfrom  env to     acc
 ---   ------ ----- --------- --------- ------- -------    ------- -------    ------- -------    ----
   1 !   18.8   0.1     2e-07   0.00096      45     181 ..     122     264 ..     105     297 .. 0.74

  Alignments for each domain:
  == domain 1  score: 18.8 bits;  conditional E-value: 2e-07
  VirE  45 epGckfdtvlvleGeqgigKstflkkLagekwfsdsledlkdkdaveklqgaw....ivelgElealkkadveaiKaflsrkedkfrppYg.rkaeklpRrcvfv 144
           +p  k+ ++l ++ e  +gKstfl+ L    +f+++++  +++d   + ++ w    ++ ++E    +++d e++K+  ++ + k+ ++ + r ++ +  ++v++
  orf3 122 QPVQKLPILLLVSEERNTGKSTFLNFLKA--VFQNNVTFNTNEDFRSQFNSDWagklLIVVDEVLLNRREDSERLKNLSTTLSYKVEAKGKdRDEIAFFAKFVLC 224
           6767777777777779*********9988..999988777777776665555522227889****************9999999998876515666777777776 PP

  VirE 145 gTtNeeefLkDetGnRRfwpikv...ekkkid.vdkleeer 181
            + Ne      + G+ R+w+ k+   +++++d ++kl++e+
  orf3 225 -SNNEYLPVIIDAGETRYWVRKIdrlQSDDTDfLQKLKAEI 264
           .667777777778********99444444444445554444 PP

>> RNA_helicase  RNA helicase
   #    score  bias  c-Evalue  i-Evalue hmmfrom  hmm to    alifrom  ali to    envfrom  env to     acc
 ---   ------ ----- --------- --------- ------- -------    ------- -------    ------- -------    ----
   1 !   17.7   0.0   7.9e-07    0.0039       6     106 ..     136     227 ..     130     228 .. 0.90

  Alignments for each domain:
  == domain 1  score: 17.7 bits;  conditional E-value: 7.9e-07
  RNA_helicase   6 psgeGKStlakeLakallkklklkkkdsvysrnpeddfwdgYtgqevvvidDfgqvkdeenpsdlaelirlvsstpyplnmasleekgtlftSkvvi 102
                   ++++GKSt+ + L + +++++ +++++++     +++f + + g+  +v+d++  ++ e    d + l +l ++  y+++ +  +  ++ f +k+v+
          orf3 136 ERNTGKSTFLNFLKAVFQNNVTFNTNEDF-----RSQFNSDWAGKLLIVVDEVLLNRRE----DSERLKNLSTTLSYKVEAKGKDRDEIAFFAKFVL 223
                   559*********99999988888888888.....89********************988....999******************************* PP

  RNA_helicase 103 vtsN 106
                   ++ N
          orf3 224 CSNN 227
                   *988 PP

>> AAA_15  AAA ATPase domain
   #    score  bias  c-Evalue  i-Evalue hmmfrom  hmm to    alifrom  ali to    envfrom  env to     acc
 ---   ------ ----- --------- --------- ------- -------    ------- -------    ------- -------    ----
   1 !   15.8   0.4   1.8e-06    0.0086      33      87 ..     138     217 ..     130     320 .. 0.77

  Alignments for each domain:
  == domain 1  score: 15.8 bits;  conditional E-value: 1.8e-06
  AAA_15  33 nsGKssilealdlflnnkekfkldd............kkvikiekedleifenideskdieIdvef.............a 87 
             n+GKs++l +l+  ++n+  f++++            k +i++++  l+  e+ +++k+++ ++ +              
    orf3 138 NTGKSTFLNFLKAVFQNNVTFNTNEdfrsqfnsdwagKLLIVVDEVLLNRREDSERLKNLSTTLSYkveakgkdrdeiaF 217
             9*****************999999999999*******8899999999999999999999998888844444444333330 PP



Internal pipeline statistics summary:
-------------------------------------
Query sequence(s):                         1  (402 residues searched)
Target model(s):                       19632  (3329936 nodes)
Passed MSV filter:                       756  (0.0385086); expected 392.6 (0.02)
Passed bias filter:                      563  (0.0286777); expected 392.6 (0.02)
Passed Vit filter:                        42  (0.00213936); expected 19.6 (0.001)
Passed Fwd filter:                         4  (0.000203749); expected 0.2 (1e-05)
Initial search space (Z):              19632  [actual number of targets]
Domain search space  (domZ):               4  [number of targets reported over threshold]
# CPU time: 0.37u 0.18s 00:00:00.55 Elapsed: 00:00:00.33
# Mc/sec: 3942.17
//
Query:       orf4  [L=101]
Description: source=IMGVR_UViG_3300035652_000105_3300035652_Ga0134453_01703/3703-5765 coords=1113..811 length=101 frame=6 desc=
Scores for complete sequence (score includes all domains):
   --- full sequence ---   --- best 1 domain ---    -#dom-
    E-value  score  bias    E-value  score  bias    exp  N  Model    Description
    ------- ------ -----    ------- ------ -----   ---- --  -------- -----------

   [No hits detected that satisfy reporting thresholds]


Domain annotation for each model (and alignments):

   [No targets detected that satisfy reporting thresholds]


Internal pipeline statistics summary:
-------------------------------------
Query sequence(s):                         1  (101 residues searched)
Target model(s):                       19632  (3329936 nodes)
Passed MSV filter:                       615  (0.0313264); expected 392.6 (0.02)
Passed bias filter:                      272  (0.0138549); expected 392.6 (0.02)
Passed Vit filter:                        17  (0.000865933); expected 19.6 (0.001)
Passed Fwd filter:                         0  (0); expected 0.2 (1e-05)
Initial search space (Z):              19632  [actual number of targets]
Domain search space  (domZ):               0  [number of targets reported over threshold]
# CPU time: 0.27u 0.19s 00:00:00.46 Elapsed: 00:00:00.31
# Mc/sec: 1059.21
//
Query:       orf5  [L=257]
Description: source=IMGVR_UViG_3300035652_000105_3300035652_Ga0134453_01703/3703-5765 coords=1441..671 length=257 frame=5 desc=
Scores for complete sequence (score includes all domains):
   --- full sequence ---   --- best 1 domain ---    -#dom-
    E-value  score  bias    E-value  score  bias    exp  N  Model    Description
    ------- ------ -----    ------- ------ -----   ---- --  -------- -----------

   [No hits detected that satisfy reporting thresholds]


Domain annotation for each model (and alignments):

   [No targets detected that satisfy reporting thresholds]


Internal pipeline statistics summary:
-------------------------------------
Query sequence(s):                         1  (257 residues searched)
Target model(s):                       19632  (3329936 nodes)
Passed MSV filter:                       632  (0.0321923); expected 392.6 (0.02)
Passed bias filter:                      449  (0.0228708); expected 392.6 (0.02)
Passed Vit filter:                        35  (0.0017828); expected 19.6 (0.001)
Passed Fwd filter:                         0  (0); expected 0.2 (1e-05)
Initial search space (Z):              19632  [actual number of targets]
Domain search space  (domZ):               0  [number of targets reported over threshold]
# CPU time: 0.34u 0.16s 00:00:00.50 Elapsed: 00:00:00.32
# Mc/sec: 2606.26
//
Query:       orf6  [L=110]
Description: source=IMGVR_UViG_3300035652_000105_3300035652_Ga0134453_01703/3703-5765 coords=383..54 length=110 frame=4 desc=
Scores for complete sequence (score includes all domains):
   --- full sequence ---   --- best 1 domain ---    -#dom-
    E-value  score  bias    E-value  score  bias    exp  N  Model    Description
    ------- ------ -----    ------- ------ -----   ---- --  -------- -----------

   [No hits detected that satisfy reporting thresholds]


Domain annotation for each model (and alignments):

   [No targets detected that satisfy reporting thresholds]


Internal pipeline statistics summary:
-------------------------------------
Query sequence(s):                         1  (110 residues searched)
Target model(s):                       19632  (3329936 nodes)
Passed MSV filter:                       306  (0.0155868); expected 392.6 (0.02)
Passed bias filter:                      146  (0.00743684); expected 392.6 (0.02)
Passed Vit filter:                        13  (0.000662184); expected 19.6 (0.001)
Passed Fwd filter:                         0  (0); expected 0.2 (1e-05)
Initial search space (Z):              19632  [actual number of targets]
Domain search space  (domZ):               0  [number of targets reported over threshold]
# CPU time: 0.31u 0.18s 00:00:00.49 Elapsed: 00:00:00.35
# Mc/sec: 1032.69
//
[ok]
