# hmmscan :: search sequence(s) against a profile database
# HMMER 3.3.2 (Nov 2020); http://hmmer.org/
# Copyright (C) 2020 Howard Hughes Medical Institute.
# Freely distributed under the BSD open source license.
# - - - - - - - - - - - - - - - - - - - - - - - - - - - - - - - - - - - -
# query sequence file:             -
# target HMM database:             /n/eddy_lab/data/pfam-35.0/Pfam-A.hmm
# output directed to file:         ./c1_windows_new/hmmscan/out/IMGVR_UViG_3300009543_001376_3300009543_Ga0115099_10428059_hmmscan_output.out
# per-seq hits tabular output:     ./c1_windows_new/hmmscan/tblout/IMGVR_UViG_3300009543_001376_3300009543_Ga0115099_10428059_hmmscan_output.tblout
# - - - - - - - - - - - - - - - - - - - - - - - - - - - - - - - - - - - -

Query:       orf1  [L=166]
Description: source=IMGVR_UViG_3300009543_001376_3300009543_Ga0115099_10428059/1-588 coords=91..588 length=166 frame=1 desc=
Scores for complete sequence (score includes all domains):
   --- full sequence ---   --- best 1 domain ---    -#dom-
    E-value  score  bias    E-value  score  bias    exp  N  Model    Description
    ------- ------ -----    ------- ------ -----   ---- --  -------- -----------
  ------ inclusion threshold ------
      0.059   13.7   0.0        2.1    8.7   0.0    2.2  2  MRP-L51   Mitochondrial ribosomal subunit


Domain annotation for each model (and alignments):
>> MRP-L51  Mitochondrial ribosomal subunit
   #    score  bias  c-Evalue  i-Evalue hmmfrom  hmm to    alifrom  ali to    envfrom  env to     acc
 ---   ------ ----- --------- --------- ------- -------    ------- -------    ------- -------    ----
   1 ?    2.8   0.0    0.0076   1.5e+02      30      79 ..       5      59 ..       3      63 .. 0.67
   2 ?    8.7   0.0   0.00011       2.1       5      37 ..     105     137 ..     102     143 .. 0.90

  Alignments for each domain:
  == domain 1  score: 2.8 bits;  conditional E-value: 0.0076
  MRP-L51 30 klhpaqllyevPkwlrgvkGnElqrllrkr..klvke...klkrarpekwkelek 79
             ++h ++++++  ++lrg+  +    ++++   ++ +e   ++ +a+++++++l+ 
     orf1  5 SIHTNSIMVNHRTYLRGLTSKGTVACTKRSseRVGAEiigIYTKAFMDRLTNLNS 59
             689999***********99887777776543323333223466666666666665 PP

  == domain 2  score: 8.7 bits;  conditional E-value: 0.00011
  MRP-L51   5 kpkdsWtekralfGqnDyidiLGdgklhpaqll 37 
               pk+ +  k++ fG   +  +LG  ++h++ ++
     orf1 105 SPKNVFYRKQTEFGISRNTKVLGRRRIHSTAFI 137
              689999**********************99875 PP



Internal pipeline statistics summary:
-------------------------------------
Query sequence(s):                         1  (166 residues searched)
Target model(s):                       19632  (3329936 nodes)
Passed MSV filter:                       517  (0.0263346); expected 392.6 (0.02)
Passed bias filter:                      408  (0.0207824); expected 392.6 (0.02)
Passed Vit filter:                        25  (0.00127343); expected 19.6 (0.001)
Passed Fwd filter:                         1  (5.09372e-05); expected 0.2 (1e-05)
Initial search space (Z):              19632  [actual number of targets]
Domain search space  (domZ):               1  [number of targets reported over threshold]
# CPU time: 0.35u 0.20s 00:00:00.55 Elapsed: 00:00:00.37
# Mc/sec: 1478.32
//
[ok]
