# hmmscan :: search sequence(s) against a profile database
# HMMER 3.3.2 (Nov 2020); http://hmmer.org/
# Copyright (C) 2020 Howard Hughes Medical Institute.
# Freely distributed under the BSD open source license.
# - - - - - - - - - - - - - - - - - - - - - - - - - - - - - - - - - - - -
# query sequence file:             -
# target HMM database:             /n/eddy_lab/data/pfam-35.0/Pfam-A.hmm
# output directed to file:         ./c1_windows_new/hmmscan/out/IMGVR_UViG_3300014537_000093_3300014537_Ga0134397_101545_hmmscan_output.out
# per-seq hits tabular output:     ./c1_windows_new/hmmscan/tblout/IMGVR_UViG_3300014537_000093_3300014537_Ga0134397_101545_hmmscan_output.tblout
# - - - - - - - - - - - - - - - - - - - - - - - - - - - - - - - - - - - -

Query:       orf1  [L=372]
Description: source=IMGVR_UViG_3300014537_000093_3300014537_Ga0134397_101545/4240-2181 coords=1..1116 length=372 frame=1 desc=
Scores for complete sequence (score includes all domains):
   --- full sequence ---   --- best 1 domain ---    -#dom-
    E-value  score  bias    E-value  score  bias    exp  N  Model    Description
    ------- ------ -----    ------- ------ -----   ---- --  -------- -----------
    2.7e-09   37.0   0.0    3.9e-09   36.5   0.0    1.2  1  AAA_25    AAA domain


Domain annotation for each model (and alignments):
>> AAA_25  AAA domain
   #    score  bias  c-Evalue  i-Evalue hmmfrom  hmm to    alifrom  ali to    envfrom  env to     acc
 ---   ------ ----- --------- --------- ------- -------    ------- -------    ------- -------    ----
   1 !   36.5   0.0     2e-13   3.9e-09      33     193 ..      62     216 ..      45     217 .. 0.87

  Alignments for each domain:
  == domain 1  score: 36.5 bits;  conditional E-value: 2e-13
  AAA_25  33 gelgllaGapgtGKttlaldlalsvatGkpwlg...pvapeqgkVlyvsaEdprdelrrRlravladl.....dddarlllldlagveslplfaddrggtllt 127
             g +++ +G+ ++ Kt+ ++  +++ ++   +l    +++  ++kVlyv++E++  +  + + ++l+ +     +d+++l +l l++              + +
    orf1  62 GNFSASIGKAKSKKTFNVSAIVAAALKNGTVLRyvaELPEDKRKVLYVDTEQSPYHCLKVMTRILRMAglpddRDNENLEFLALRK-------------YTPE 151
             78999999***************99977777778999999**************99999999999888667666677777776533.............3456 PP

  AAA_25 128 adveeleaaleevedvrlvviDplsralggdendnsdvgrlvkaldrlarrtgatvllvhHvgKeg 193
             + ++ +e+a+  ++d++lv+iD ++ ++  d n+ ++ +r++ +l ++ +  + ++  + H +K++
    orf1 152 QRIRIVEQAIYNTPDIGLVIIDGIRDMVY-DINSPGESTRIISKLMQWTDDRQIHIHTILHQNKGD 216
             78899*********************874.89999***************************9986 PP



Internal pipeline statistics summary:
-------------------------------------
Query sequence(s):                         1  (372 residues searched)
Target model(s):                       19632  (3329936 nodes)
Passed MSV filter:                       577  (0.0293908); expected 392.6 (0.02)
Passed bias filter:                      453  (0.0230746); expected 392.6 (0.02)
Passed Vit filter:                        34  (0.00173187); expected 19.6 (0.001)
Passed Fwd filter:                         1  (5.09372e-05); expected 0.2 (1e-05)
Initial search space (Z):              19632  [actual number of targets]
Domain search space  (domZ):               1  [number of targets reported over threshold]
# CPU time: 0.36u 0.19s 00:00:00.55 Elapsed: 00:00:00.36
# Mc/sec: 3398.54
//
Query:       orf2  [L=90]
Description: source=IMGVR_UViG_3300014537_000093_3300014537_Ga0134397_101545/4240-2181 coords=1907..1638 length=90 frame=4 desc=
Scores for complete sequence (score includes all domains):
   --- full sequence ---   --- best 1 domain ---    -#dom-
    E-value  score  bias    E-value  score  bias    exp  N  Model    Description
    ------- ------ -----    ------- ------ -----   ---- --  -------- -----------

   [No hits detected that satisfy reporting thresholds]


Domain annotation for each model (and alignments):

   [No targets detected that satisfy reporting thresholds]


Internal pipeline statistics summary:
-------------------------------------
Query sequence(s):                         1  (90 residues searched)
Target model(s):                       19632  (3329936 nodes)
Passed MSV filter:                       250  (0.0127343); expected 392.6 (0.02)
Passed bias filter:                      165  (0.00840465); expected 392.6 (0.02)
Passed Vit filter:                         8  (0.000407498); expected 19.6 (0.001)
Passed Fwd filter:                         0  (0); expected 0.2 (1e-05)
Initial search space (Z):              19632  [actual number of targets]
Domain search space  (domZ):               0  [number of targets reported over threshold]
# CPU time: 0.30u 0.17s 00:00:00.47 Elapsed: 00:00:00.33
# Mc/sec: 889.06
//
Query:       orf3  [L=213]
Description: source=IMGVR_UViG_3300014537_000093_3300014537_Ga0134397_101545/4240-2181 coords=747..109 length=213 frame=6 desc=
Scores for complete sequence (score includes all domains):
   --- full sequence ---   --- best 1 domain ---    -#dom-
    E-value  score  bias    E-value  score  bias    exp  N  Model    Description
    ------- ------ -----    ------- ------ -----   ---- --  -------- -----------

   [No hits detected that satisfy reporting thresholds]


Domain annotation for each model (and alignments):

   [No targets detected that satisfy reporting thresholds]


Internal pipeline statistics summary:
-------------------------------------
Query sequence(s):                         1  (213 residues searched)
Target model(s):                       19632  (3329936 nodes)
Passed MSV filter:                       303  (0.015434); expected 392.6 (0.02)
Passed bias filter:                      253  (0.0128871); expected 392.6 (0.02)
Passed Vit filter:                        28  (0.00142624); expected 19.6 (0.001)
Passed Fwd filter:                         0  (0); expected 0.2 (1e-05)
Initial search space (Z):              19632  [actual number of targets]
Domain search space  (domZ):               0  [number of targets reported over threshold]
# CPU time: 0.31u 0.21s 00:00:00.52 Elapsed: 00:00:00.35
# Mc/sec: 1974.40
//
[ok]
