# hmmscan :: search sequence(s) against a profile database
# HMMER 3.3.2 (Nov 2020); http://hmmer.org/
# Copyright (C) 2020 Howard Hughes Medical Institute.
# Freely distributed under the BSD open source license.
# - - - - - - - - - - - - - - - - - - - - - - - - - - - - - - - - - - - -
# query sequence file:             -
# target HMM database:             /n/eddy_lab/data/pfam-35.0/Pfam-A.hmm
# output directed to file:         ./c1_windows_new/hmmscan/out/IMGVR_UViG_3300042092_000877_3300042092_Ga0453238_004426_hmmscan_output.out
# per-seq hits tabular output:     ./c1_windows_new/hmmscan/tblout/IMGVR_UViG_3300042092_000877_3300042092_Ga0453238_004426_hmmscan_output.tblout
# - - - - - - - - - - - - - - - - - - - - - - - - - - - - - - - - - - - -

Query:       orf1  [L=90]
Description: source=IMGVR_UViG_3300042092_000877_3300042092_Ga0453238_004426/1-828 coords=559..828 length=90 frame=1 desc=
Scores for complete sequence (score includes all domains):
   --- full sequence ---   --- best 1 domain ---    -#dom-
    E-value  score  bias    E-value  score  bias    exp  N  Model    Description
    ------- ------ -----    ------- ------ -----   ---- --  -------- -----------
  ------ inclusion threshold ------
       0.14   12.6   0.0        0.2   12.1   0.0    1.3  1  QueF_N    Nitrile reductase, 7-cyano-7-deazaguanine-reductase


Domain annotation for each model (and alignments):
>> QueF_N  Nitrile reductase, 7-cyano-7-deazaguanine-reductase N-term
   #    score  bias  c-Evalue  i-Evalue hmmfrom  hmm to    alifrom  ali to    envfrom  env to     acc
 ---   ------ ----- --------- --------- ------- -------    ------- -------    ------- -------    ----
   1 ?   12.1   0.0     1e-05       0.2      63     109 ..      20      69 ..       3      71 .. 0.86

  Alignments for each domain:
  == domain 1  score: 12.1 bits;  conditional E-value: 1e-05
             TSSEEE-HHHHH...HHHHTTTT-B-S-HHHHHHHHHHHHHHHHTS--EE CS
  QueF_N  63 esenliesksfk...lYlnsfnqtrfesaeeveetlekDlsaaagaevkv 109
               ++l+es s +   ++l s+n+t+ + + + +  +++Dls++ ++ev++
    orf1  20 GWPKLVESDSVRavpIWLRSLNSTQGRLVMSSTVGIQSDLSTTYKSEVTM 69 
             5689****998755589******************************987 PP



Internal pipeline statistics summary:
-------------------------------------
Query sequence(s):                         1  (90 residues searched)
Target model(s):                       19632  (3329936 nodes)
Passed MSV filter:                       344  (0.0175224); expected 392.6 (0.02)
Passed bias filter:                      277  (0.0141096); expected 392.6 (0.02)
Passed Vit filter:                        15  (0.000764059); expected 19.6 (0.001)
Passed Fwd filter:                         1  (5.09372e-05); expected 0.2 (1e-05)
Initial search space (Z):              19632  [actual number of targets]
Domain search space  (domZ):               1  [number of targets reported over threshold]
# CPU time: 0.34u 0.20s 00:00:00.54 Elapsed: 00:00:00.36
# Mc/sec: 824.76
//
Query:       orf2  [L=93]
Description: source=IMGVR_UViG_3300042092_000877_3300042092_Ga0453238_004426/1-828 coords=827..549 length=93 frame=5 desc=
Scores for complete sequence (score includes all domains):
   --- full sequence ---   --- best 1 domain ---    -#dom-
    E-value  score  bias    E-value  score  bias    exp  N  Model    Description
    ------- ------ -----    ------- ------ -----   ---- --  -------- -----------

   [No hits detected that satisfy reporting thresholds]


Domain annotation for each model (and alignments):

   [No targets detected that satisfy reporting thresholds]


Internal pipeline statistics summary:
-------------------------------------
Query sequence(s):                         1  (93 residues searched)
Target model(s):                       19632  (3329936 nodes)
Passed MSV filter:                       182  (0.00927058); expected 392.6 (0.02)
Passed bias filter:                      166  (0.00845558); expected 392.6 (0.02)
Passed Vit filter:                        12  (0.000611247); expected 19.6 (0.001)
Passed Fwd filter:                         0  (0); expected 0.2 (1e-05)
Initial search space (Z):              19632  [actual number of targets]
Domain search space  (domZ):               0  [number of targets reported over threshold]
# CPU time: 0.33u 0.15s 00:00:00.48 Elapsed: 00:00:00.30
# Mc/sec: 999.23
//
[ok]
