# hmmscan :: search sequence(s) against a profile database
# HMMER 3.3.2 (Nov 2020); http://hmmer.org/
# Copyright (C) 2020 Howard Hughes Medical Institute.
# Freely distributed under the BSD open source license.
# - - - - - - - - - - - - - - - - - - - - - - - - - - - - - - - - - - - -
# query sequence file:             -
# target HMM database:             /n/eddy_lab/data/pfam-35.0/Pfam-A.hmm
# output directed to file:         ./c1_windows_new/hmmscan/out/IMGVR_UViG_3300016727_000597_3300016727_Ga0182051_1025068_hmmscan_output.out
# per-seq hits tabular output:     ./c1_windows_new/hmmscan/tblout/IMGVR_UViG_3300016727_000597_3300016727_Ga0182051_1025068_hmmscan_output.tblout
# - - - - - - - - - - - - - - - - - - - - - - - - - - - - - - - - - - - -

Query:       orf1  [L=101]
Description: source=IMGVR_UViG_3300016727_000597_3300016727_Ga0182051_1025068/1-1435 coords=129..431 length=101 frame=3 desc=
Scores for complete sequence (score includes all domains):
   --- full sequence ---   --- best 1 domain ---    -#dom-
    E-value  score  bias    E-value  score  bias    exp  N  Model        Description
    ------- ------ -----    ------- ------ -----   ---- --  --------     -----------
    0.00014   21.8   0.7    0.00023   21.0   0.7    1.5  1  RHH_9         Ribbon-helix-helix protein
  ------ inclusion threshold ------
      0.014   15.4   0.2      0.029   14.4   0.2    1.6  1  RHH_1         Ribbon-helix-helix protein, copG family
      0.096   12.2   0.0       0.12   11.8   0.0    1.1  1  Mg_chelatase  Magnesium chelatase, subunit ChlI


Domain annotation for each model (and alignments):
>> RHH_9  Ribbon-helix-helix protein
   #    score  bias  c-Evalue  i-Evalue hmmfrom  hmm to    alifrom  ali to    envfrom  env to     acc
 ---   ------ ----- --------- --------- ------- -------    ------- -------    ------- -------    ----
   1 !   21.0   0.7   3.6e-08   0.00023      14      60 ..      42      85 ..      21      89 .. 0.85

  Alignments for each domain:
  == domain 1  score: 21.0 bits;  conditional E-value: 3.6e-08
  RHH_9 14 PrkkqifeeiCarqdLnasqvvrkLirqyvidhagerelPdWLkass 60
              kq++ ++C   d+n  q v++L+ +     ++er  P+WL++  
   orf1 42 KESKQLLKKLCRDFDMNRHQLVQRLLVR---AAVAERSAPEWLRSEK 85
           5679******************998744...5678999******975 PP

>> RHH_1  Ribbon-helix-helix protein, copG family
   #    score  bias  c-Evalue  i-Evalue hmmfrom  hmm to    alifrom  ali to    envfrom  env to     acc
 ---   ------ ----- --------- --------- ------- -------    ------- -------    ------- -------    ----
   1 ?   14.4   0.2   4.5e-06     0.029       1      33 [.      35      67 ..      35      75 .. 0.91

  Alignments for each domain:
  == domain 1  score: 14.4 bits;  conditional E-value: 4.5e-06
           EEEEEEEHHHHHHHHHHHHHTTSSHHHHHHHHH CS
  RHH_1  1 rvsisldeellerLdelarargrSrSelIReAl 33
           rv+i+l++e +  L++l+r+  ++r++l+ ++l
   orf1 35 RVEIKLSKESKQLLKKLCRDFDMNRHQLVQRLL 67
           8**************************986665 PP

>> Mg_chelatase  Magnesium chelatase, subunit ChlI
   #    score  bias  c-Evalue  i-Evalue hmmfrom  hmm to    alifrom  ali to    envfrom  env to     acc
 ---   ------ ----- --------- --------- ------- -------    ------- -------    ------- -------    ----
   1 ?   11.8   0.0   1.9e-05      0.12     161     199 ..       4      42 ..       1      49 [. 0.89

  Alignments for each domain:
  == domain 1  score: 11.8 bits;  conditional E-value: 1.9e-05
  Mg_chelatase 161 cgklgdkekecacsekeierYlsklsgplldRidlqvev 199
                   +g + d+ek+c+++++++++Y+ kl +  l+R++++++ 
          orf1   4 AGAVMDPEKQCQSNAERQRTYRLKLRKKGLERVEIKLSK 42 
                   79999******************************9875 PP



Internal pipeline statistics summary:
-------------------------------------
Query sequence(s):                         1  (101 residues searched)
Target model(s):                       19632  (3329936 nodes)
Passed MSV filter:                      1333  (0.0678993); expected 392.6 (0.02)
Passed bias filter:                      779  (0.0396801); expected 392.6 (0.02)
Passed Vit filter:                        49  (0.00249593); expected 19.6 (0.001)
Passed Fwd filter:                         3  (0.000152812); expected 0.2 (1e-05)
Initial search space (Z):              19632  [actual number of targets]
Domain search space  (domZ):               3  [number of targets reported over threshold]
# CPU time: 0.32u 0.18s 00:00:00.50 Elapsed: 00:00:00.34
# Mc/sec: 984.94
//
Query:       orf2  [L=108]
Description: source=IMGVR_UViG_3300016727_000597_3300016727_Ga0182051_1025068/1-1435 coords=474..797 length=108 frame=3 desc=
Scores for complete sequence (score includes all domains):
   --- full sequence ---   --- best 1 domain ---    -#dom-
    E-value  score  bias    E-value  score  bias    exp  N  Model     Description
    ------- ------ -----    ------- ------ -----   ---- --  --------  -----------
    7.3e-11   42.4   0.0      1e-10   41.9   0.0    1.1  1  AdoMet_dc  S-adenosylmethionine decarboxylase


Domain annotation for each model (and alignments):
>> AdoMet_dc  S-adenosylmethionine decarboxylase
   #    score  bias  c-Evalue  i-Evalue hmmfrom  hmm to    alifrom  ali to    envfrom  env to     acc
 ---   ------ ----- --------- --------- ------- -------    ------- -------    ------- -------    ----
   1 !   41.9   0.0   5.2e-15     1e-10      16      80 ..      25      96 ..      21     103 .. 0.88

  Alignments for each domain:
  == domain 1  score: 41.9 bits;  conditional E-value: 5.2e-15
               SHHHHHHHHHHHHHHCT-EEEEEEEEE-....SSS-EEEEEEETTEEEEEEEEGGGTE..EEEEEEEEST.H CS
  AdoMet_dc 16 daerleqilteaaeaigatvlsvavhkf....epeGvsvvvliaeShisiHTwpetgy..aaiDvftcge.i 80
               +++++ + ++++++ i ++vl   +  +     ++G++ v +i++Shi++H w e ++  +++Dv++c e +
       orf2 25 NPSAMDDWMRQLVQDIRMKVLMGPFSVYsdmpGNQGLTSVTIIETSHIAVHVWDEVSPalMQMDVYSCAEcA 96
               56788999***********9988888887777779**********************977899*****9943 PP



Internal pipeline statistics summary:
-------------------------------------
Query sequence(s):                         1  (108 residues searched)
Target model(s):                       19632  (3329936 nodes)
Passed MSV filter:                       391  (0.0199165); expected 392.6 (0.02)
Passed bias filter:                      341  (0.0173696); expected 392.6 (0.02)
Passed Vit filter:                        22  (0.00112062); expected 19.6 (0.001)
Passed Fwd filter:                         1  (5.09372e-05); expected 0.2 (1e-05)
Initial search space (Z):              19632  [actual number of targets]
Domain search space  (domZ):               1  [number of targets reported over threshold]
# CPU time: 0.28u 0.16s 00:00:00.44 Elapsed: 00:00:00.30
# Mc/sec: 1194.60
//
Query:       orf3  [L=108]
Description: source=IMGVR_UViG_3300016727_000597_3300016727_Ga0182051_1025068/1-1435 coords=813..1136 length=108 frame=3 desc=
Scores for complete sequence (score includes all domains):
   --- full sequence ---   --- best 1 domain ---    -#dom-
    E-value  score  bias    E-value  score  bias    exp  N  Model    Description
    ------- ------ -----    ------- ------ -----   ---- --  -------- -----------

   [No hits detected that satisfy reporting thresholds]


Domain annotation for each model (and alignments):

   [No targets detected that satisfy reporting thresholds]


Internal pipeline statistics summary:
-------------------------------------
Query sequence(s):                         1  (108 residues searched)
Target model(s):                       19632  (3329936 nodes)
Passed MSV filter:                       346  (0.0176243); expected 392.6 (0.02)
Passed bias filter:                      242  (0.0123268); expected 392.6 (0.02)
Passed Vit filter:                        15  (0.000764059); expected 19.6 (0.001)
Passed Fwd filter:                         0  (0); expected 0.2 (1e-05)
Initial search space (Z):              19632  [actual number of targets]
Domain search space  (domZ):               0  [number of targets reported over threshold]
# CPU time: 0.29u 0.18s 00:00:00.47 Elapsed: 00:00:00.32
# Mc/sec: 1101.90
//
Query:       orf4  [L=130]
Description: source=IMGVR_UViG_3300016727_000597_3300016727_Ga0182051_1025068/1-1435 coords=663..274 length=130 frame=5 desc=
Scores for complete sequence (score includes all domains):
   --- full sequence ---   --- best 1 domain ---    -#dom-
    E-value  score  bias    E-value  score  bias    exp  N  Model    Description
    ------- ------ -----    ------- ------ -----   ---- --  -------- -----------

   [No hits detected that satisfy reporting thresholds]


Domain annotation for each model (and alignments):

   [No targets detected that satisfy reporting thresholds]


Internal pipeline statistics summary:
-------------------------------------
Query sequence(s):                         1  (130 residues searched)
Target model(s):                       19632  (3329936 nodes)
Passed MSV filter:                       386  (0.0196618); expected 392.6 (0.02)
Passed bias filter:                      239  (0.012174); expected 392.6 (0.02)
Passed Vit filter:                         9  (0.000458435); expected 19.6 (0.001)
Passed Fwd filter:                         0  (0); expected 0.2 (1e-05)
Initial search space (Z):              19632  [actual number of targets]
Domain search space  (domZ):               0  [number of targets reported over threshold]
# CPU time: 0.29u 0.18s 00:00:00.47 Elapsed: 00:00:00.31
# Mc/sec: 1356.62
//
[ok]
