# hmmscan :: search sequence(s) against a profile database
# HMMER 3.3.2 (Nov 2020); http://hmmer.org/
# Copyright (C) 2020 Howard Hughes Medical Institute.
# Freely distributed under the BSD open source license.
# - - - - - - - - - - - - - - - - - - - - - - - - - - - - - - - - - - - -
# query sequence file:             -
# target HMM database:             /n/eddy_lab/data/pfam-35.0/Pfam-A.hmm
# output directed to file:         ./c1_windows_new/hmmscan/out/IMGVR_UViG_3300006226_001272_3300006226_Ga0099364_10043915_hmmscan_output.out
# per-seq hits tabular output:     ./c1_windows_new/hmmscan/tblout/IMGVR_UViG_3300006226_001272_3300006226_Ga0099364_10043915_hmmscan_output.tblout
# - - - - - - - - - - - - - - - - - - - - - - - - - - - - - - - - - - - -

Query:       orf1  [L=271]
Description: source=IMGVR_UViG_3300006226_001272_3300006226_Ga0099364_10043915/3594-1913 coords=29..841 length=271 frame=2 desc=
Scores for complete sequence (score includes all domains):
   --- full sequence ---   --- best 1 domain ---    -#dom-
    E-value  score  bias    E-value  score  bias    exp  N  Model     Description
    ------- ------ -----    ------- ------ -----   ---- --  --------  -----------
    1.1e-10   42.3   0.0    1.6e-10   41.8   0.0    1.2  1  ABC_tran   ABC transporter
     0.0009   19.1   0.0     0.0014   18.5   0.0    1.3  1  AAA_30     AAA domain
     0.0047   17.3   0.0      0.024   15.0   0.0    1.9  2  AAA_22     AAA domain
  ------ inclusion threshold ------
      0.011   16.2   0.2      0.049   14.1   0.1    2.1  2  AAA_16     AAA ATPase domain
       0.04   13.4   0.2      0.064   12.8   0.2    1.2  1  Gtr1_RagA  Gtr1/RagA G protein conserved region


Domain annotation for each model (and alignments):
>> ABC_tran  ABC transporter
   #    score  bias  c-Evalue  i-Evalue hmmfrom  hmm to    alifrom  ali to    envfrom  env to     acc
 ---   ------ ----- --------- --------- ------- -------    ------- -------    ------- -------    ----
   1 !   41.8   0.0   4.1e-14   1.6e-10       4     136 ..      84     219 ..      82     220 .. 0.85

  Alignments for each domain:
  == domain 1  score: 41.8 bits;  conditional E-value: 4.1e-14
               EEEEEETTSEEEE.EESTTSSHHHHHHHHTTSS--SEEEEEETTCEGGG..B-HHHCCHCEEEE-SS.--S-TTSB.HHHHHHHTCHHHHHHHSTTGGTTC CS
               xxxxxxxxxxxxx.xxxxxxxxxxxxxxxxxxxxxxxxxxxxxxxxxxx..xxxxxxxxxxxxxxxx.xxxxxxxx.xxxxxxxxxxxxxxxxxxxxxxxx RF
  ABC_tran   4 vslklkegekvai.vGenGaGKStLlkllagllkpteGeilldgkdlke..qeleslrkeigvlpqe.pqlfpelt.vrenesdeeiekalsklglkelkd 99 
               v+l+l  + +++i vG++G+GK+++ k++   +++ +++++ +    ++  +++e   +ei  + +  pq +p +  +  n s +e++ al+++gl ++++
      orf1  84 VELDLTGDWTIGIvVGPSGSGKTSVGKMIFDGMSKSNESLHKNTGAAQRggDDTEAEGEEIHDYCKRwPQDKPIIDaIIPNGSFDEVTGALASVGLGDVPA 184
               566666666776637*************************99977777789888888888887776668999988878889*****************665 PP

               BGESTTSGGS-HHHHHHHHHHHHHHHTSSEEEEESTT CS
               xxxxxxxxxxxxxxxxxxxxxxxxxxxxxxxxxxxxx RF
  ABC_tran 100 tvvksspssLSgGqkqrvalarallkkpkllllDEpt 136
                   +  + LS G++ r  lar++++kp+ +++DE t
      orf1 185 WL--RPFHVLSNGEQFRAGLARLICEKPQQVVVDEFT 219
               54..355****************************88 PP

>> AAA_30  AAA domain
   #    score  bias  c-Evalue  i-Evalue hmmfrom  hmm to    alifrom  ali to    envfrom  env to     acc
 ---   ------ ----- --------- --------- ------- -------    ------- -------    ------- -------    ----
   1 !   18.5   0.0   3.6e-07    0.0014      16     112 ..      90     233 ..      84     240 .. 0.89

  Alignments for each domain:
  == domain 1  score: 18.5 bits;  conditional E-value: 3.6e-07
  AAA_30  16 sgdrvavltGpAGtGKttalkalreaweaeggrvvglAptakaAkvLaeelgieaetiakllhrlk..................................... 81 
             ++  + +++Gp G+GKt + k + + + +++     l  +  aA++ ++++++e+e i+   +r+                                      
    orf1  90 GDWTIGIVVGPSGSGKTSVGKMIFDGMSKSN---ESLHKNTGAAQRGGDDTEAEGEEIHDYCKRWPqdkpiidaiipngsfdevtgalasvglgdvpawlrpf 189
             4556789****************99999887...67889999***********************9************************************* PP

  AAA_30  82 .............grarlapgtllvvDEagmvdtkdlarlleaa 112
                           r  +++ + +vvDE + v  + +a++ ++a
    orf1 190 hvlsngeqfraglARLICEKPQQVVVDEFTSVIDRRIAQIGSQA 233
             ***********8755666777********999888888887666 PP

>> AAA_22  AAA domain
   #    score  bias  c-Evalue  i-Evalue hmmfrom  hmm to    alifrom  ali to    envfrom  env to     acc
 ---   ------ ----- --------- --------- ------- -------    ------- -------    ------- -------    ----
   1 !   15.0   0.0   6.2e-06     0.024       6      28 ..      93     115 ..      89     147 .. 0.87
   2 ?   -0.3   0.0      0.32   1.3e+03      92     127 ..     210     250 ..     174     259 .. 0.70

  Alignments for each domain:
  == domain 1  score: 15.0 bits;  conditional E-value: 6.2e-06
  AAA_22   6 gilvvtGesGtGKTtllrrlleq 28 
             +i++v+G+sG+GKT + +++++ 
    orf1  93 TIGIVVGPSGSGKTSVGKMIFDG 115
             689*************9999876 PP

  == domain 2  score: -0.3 bits;  conditional E-value: 0.32
  AAA_22  92 ielliiDEaqhlr..s.....eealeeLrsllnlsrkgvqliL 127
             ++ +++DE+  ++  +      +a+++  +++n   +g +++L
    orf1 210 PQQVVVDEFTSVIdrRiaqigSQAFQKAWRRSN--PTGKAVLL 250
             567899999996556244566888888888888..66655555 PP

>> AAA_16  AAA ATPase domain
   #    score  bias  c-Evalue  i-Evalue hmmfrom  hmm to    alifrom  ali to    envfrom  env to     acc
 ---   ------ ----- --------- --------- ------- -------    ------- -------    ------- -------    ----
   1 ?   -3.4   0.0       2.9   1.1e+04      53      63 ..      50      60 ..      41      75 .. 0.61
   2 ?   14.1   0.1   1.2e-05     0.049      25      52 ..      93     127 ..      85     251 .. 0.64

  Alignments for each domain:
  == domain 1  score: -3.4 bits;  conditional E-value: 2.9
  AAA_16 53 giflrgkcdqn 63
            ++ +r +cd++
    orf1 50 VLSIRHRCDDY 60
            44488899998 PP

  == domain 2  score: 14.1 bits;  conditional E-value: 1.2e-05
  AAA_16  25 esvllsGesGvGKsalvrellealekd.......g 52 
              + +++G+sG+GK+++ + +++ ++k+        
    orf1  93 TIGIVVGPSGSGKTSVGKMIFDGMSKSneslhknT 127
             6779************9999997777744444431 PP

>> Gtr1_RagA  Gtr1/RagA G protein conserved region
   #    score  bias  c-Evalue  i-Evalue hmmfrom  hmm to    alifrom  ali to    envfrom  env to     acc
 ---   ------ ----- --------- --------- ------- -------    ------- -------    ------- -------    ----
   1 ?   12.8   0.2   1.6e-05     0.064       4      26 ..      97     119 ..      96     131 .. 0.86

  Alignments for each domain:
  == domain 1  score: 12.8 bits;  conditional E-value: 1.6e-05
  Gtr1_RagA   4 LmGksgsGKtsmrsiiFsnylar 26 
                 +G+sgsGKts+ ++iF+ ++  
       orf1  97 VVGPSGSGKTSVGKMIFDGMSKS 119
                68****************99865 PP



Internal pipeline statistics summary:
-------------------------------------
Query sequence(s):                         1  (271 residues searched)
Target model(s):                       19632  (3329936 nodes)
Passed MSV filter:                       389  (0.0198146); expected 392.6 (0.02)
Passed bias filter:                      379  (0.0193052); expected 392.6 (0.02)
Passed Vit filter:                        72  (0.00366748); expected 19.6 (0.001)
Passed Fwd filter:                         5  (0.000254686); expected 0.2 (1e-05)
Initial search space (Z):              19632  [actual number of targets]
Domain search space  (domZ):               5  [number of targets reported over threshold]
# CPU time: 0.32u 0.20s 00:00:00.52 Elapsed: 00:00:00.35
# Mc/sec: 2527.86
//
Query:       orf2  [L=109]
Description: source=IMGVR_UViG_3300006226_001272_3300006226_Ga0099364_10043915/3594-1913 coords=1441..1115 length=109 frame=5 desc=
Scores for complete sequence (score includes all domains):
   --- full sequence ---   --- best 1 domain ---    -#dom-
    E-value  score  bias    E-value  score  bias    exp  N  Model    Description
    ------- ------ -----    ------- ------ -----   ---- --  -------- -----------

   [No hits detected that satisfy reporting thresholds]


Domain annotation for each model (and alignments):

   [No targets detected that satisfy reporting thresholds]


Internal pipeline statistics summary:
-------------------------------------
Query sequence(s):                         1  (109 residues searched)
Target model(s):                       19632  (3329936 nodes)
Passed MSV filter:                       233  (0.0118684); expected 392.6 (0.02)
Passed bias filter:                      217  (0.0110534); expected 392.6 (0.02)
Passed Vit filter:                        14  (0.000713121); expected 19.6 (0.001)
Passed Fwd filter:                         0  (0); expected 0.2 (1e-05)
Initial search space (Z):              19632  [actual number of targets]
Domain search space  (domZ):               0  [number of targets reported over threshold]
# CPU time: 0.27u 0.17s 00:00:00.44 Elapsed: 00:00:00.31
# Mc/sec: 1167.19
//
Query:       orf3  [L=109]
Description: source=IMGVR_UViG_3300006226_001272_3300006226_Ga0099364_10043915/3594-1913 coords=1203..877 length=109 frame=6 desc=
Scores for complete sequence (score includes all domains):
   --- full sequence ---   --- best 1 domain ---    -#dom-
    E-value  score  bias    E-value  score  bias    exp  N  Model    Description
    ------- ------ -----    ------- ------ -----   ---- --  -------- -----------

   [No hits detected that satisfy reporting thresholds]


Domain annotation for each model (and alignments):

   [No targets detected that satisfy reporting thresholds]


Internal pipeline statistics summary:
-------------------------------------
Query sequence(s):                         1  (109 residues searched)
Target model(s):                       19632  (3329936 nodes)
Passed MSV filter:                       202  (0.0102893); expected 392.6 (0.02)
Passed bias filter:                      152  (0.00774246); expected 392.6 (0.02)
Passed Vit filter:                        11  (0.00056031); expected 19.6 (0.001)
Passed Fwd filter:                         0  (0); expected 0.2 (1e-05)
Initial search space (Z):              19632  [actual number of targets]
Domain search space  (domZ):               0  [number of targets reported over threshold]
# CPU time: 0.28u 0.19s 00:00:00.47 Elapsed: 00:00:00.33
# Mc/sec: 1069.27
//
Query:       orf4  [L=106]
Description: source=IMGVR_UViG_3300006226_001272_3300006226_Ga0099364_10043915/3594-1913 coords=786..469 length=106 frame=6 desc=
Scores for complete sequence (score includes all domains):
   --- full sequence ---   --- best 1 domain ---    -#dom-
    E-value  score  bias    E-value  score  bias    exp  N  Model    Description
    ------- ------ -----    ------- ------ -----   ---- --  -------- -----------

   [No hits detected that satisfy reporting thresholds]


Domain annotation for each model (and alignments):

   [No targets detected that satisfy reporting thresholds]


Internal pipeline statistics summary:
-------------------------------------
Query sequence(s):                         1  (106 residues searched)
Target model(s):                       19632  (3329936 nodes)
Passed MSV filter:                       244  (0.0124287); expected 392.6 (0.02)
Passed bias filter:                      152  (0.00774246); expected 392.6 (0.02)
Passed Vit filter:                         6  (0.000305623); expected 19.6 (0.001)
Passed Fwd filter:                         0  (0); expected 0.2 (1e-05)
Initial search space (Z):              19632  [actual number of targets]
Domain search space  (domZ):               0  [number of targets reported over threshold]
# CPU time: 0.26u 0.19s 00:00:00.45 Elapsed: 00:00:00.33
# Mc/sec: 1050.86
//
Query:       orf5  [L=142]
Description: source=IMGVR_UViG_3300006226_001272_3300006226_Ga0099364_10043915/3594-1913 coords=823..398 length=142 frame=5 desc=
Scores for complete sequence (score includes all domains):
   --- full sequence ---   --- best 1 domain ---    -#dom-
    E-value  score  bias    E-value  score  bias    exp  N  Model    Description
    ------- ------ -----    ------- ------ -----   ---- --  -------- -----------

   [No hits detected that satisfy reporting thresholds]


Domain annotation for each model (and alignments):

   [No targets detected that satisfy reporting thresholds]


Internal pipeline statistics summary:
-------------------------------------
Query sequence(s):                         1  (142 residues searched)
Target model(s):                       19632  (3329936 nodes)
Passed MSV filter:                       225  (0.0114609); expected 392.6 (0.02)
Passed bias filter:                      211  (0.0107478); expected 392.6 (0.02)
Passed Vit filter:                        19  (0.000967808); expected 19.6 (0.001)
Passed Fwd filter:                         0  (0); expected 0.2 (1e-05)
Initial search space (Z):              19632  [actual number of targets]
Domain search space  (domZ):               0  [number of targets reported over threshold]
# CPU time: 0.29u 0.18s 00:00:00.47 Elapsed: 00:00:00.33
# Mc/sec: 1408.66
//
Query:       orf6  [L=90]
Description: source=IMGVR_UViG_3300006226_001272_3300006226_Ga0099364_10043915/3594-1913 coords=394..125 length=90 frame=5 desc=
Scores for complete sequence (score includes all domains):
   --- full sequence ---   --- best 1 domain ---    -#dom-
    E-value  score  bias    E-value  score  bias    exp  N  Model    Description
    ------- ------ -----    ------- ------ -----   ---- --  -------- -----------

   [No hits detected that satisfy reporting thresholds]


Domain annotation for each model (and alignments):

   [No targets detected that satisfy reporting thresholds]


Internal pipeline statistics summary:
-------------------------------------
Query sequence(s):                         1  (90 residues searched)
Target model(s):                       19632  (3329936 nodes)
Passed MSV filter:                       195  (0.00993276); expected 392.6 (0.02)
Passed bias filter:                      179  (0.00911777); expected 392.6 (0.02)
Passed Vit filter:                         4  (0.000203749); expected 19.6 (0.001)
Passed Fwd filter:                         0  (0); expected 0.2 (1e-05)
Initial search space (Z):              19632  [actual number of targets]
Domain search space  (domZ):               0  [number of targets reported over threshold]
# CPU time: 0.26u 0.20s 00:00:00.46 Elapsed: 00:00:00.33
# Mc/sec: 906.80
//
[ok]
