# hmmscan :: search sequence(s) against a profile database
# HMMER 3.3.2 (Nov 2020); http://hmmer.org/
# Copyright (C) 2020 Howard Hughes Medical Institute.
# Freely distributed under the BSD open source license.
# - - - - - - - - - - - - - - - - - - - - - - - - - - - - - - - - - - - -
# query sequence file:             -
# target HMM database:             /n/eddy_lab/data/pfam-35.0/Pfam-A.hmm
# output directed to file:         ./c1_windows_new/hmmscan/out/IMGVR_UViG_3300035507_000466_3300035507_Ga0376462_0007747_hmmscan_output.out
# per-seq hits tabular output:     ./c1_windows_new/hmmscan/tblout/IMGVR_UViG_3300035507_000466_3300035507_Ga0376462_0007747_hmmscan_output.tblout
# - - - - - - - - - - - - - - - - - - - - - - - - - - - - - - - - - - - -

Query:       orf1  [L=105]
Description: source=IMGVR_UViG_3300035507_000466_3300035507_Ga0376462_0007747/4242-2137 coords=228..542 length=105 frame=3 desc=
Scores for complete sequence (score includes all domains):
   --- full sequence ---   --- best 1 domain ---    -#dom-
    E-value  score  bias    E-value  score  bias    exp  N  Model    Description
    ------- ------ -----    ------- ------ -----   ---- --  -------- -----------

   [No hits detected that satisfy reporting thresholds]


Domain annotation for each model (and alignments):

   [No targets detected that satisfy reporting thresholds]


Internal pipeline statistics summary:
-------------------------------------
Query sequence(s):                         1  (105 residues searched)
Target model(s):                       19632  (3329936 nodes)
Passed MSV filter:                       257  (0.0130909); expected 392.6 (0.02)
Passed bias filter:                      143  (0.00728403); expected 392.6 (0.02)
Passed Vit filter:                         9  (0.000458435); expected 19.6 (0.001)
Passed Fwd filter:                         0  (0); expected 0.2 (1e-05)
Initial search space (Z):              19632  [actual number of targets]
Domain search space  (domZ):               0  [number of targets reported over threshold]
# CPU time: 0.31u 0.18s 00:00:00.49 Elapsed: 00:00:00.35
# Mc/sec: 983.39
//
Query:       orf2  [L=214]
Description: source=IMGVR_UViG_3300035507_000466_3300035507_Ga0376462_0007747/4242-2137 coords=1..642 length=214 frame=1 desc=
Scores for complete sequence (score includes all domains):
   --- full sequence ---   --- best 1 domain ---    -#dom-
    E-value  score  bias    E-value  score  bias    exp  N  Model    Description
    ------- ------ -----    ------- ------ -----   ---- --  -------- -----------

   [No hits detected that satisfy reporting thresholds]


Domain annotation for each model (and alignments):

   [No targets detected that satisfy reporting thresholds]


Internal pipeline statistics summary:
-------------------------------------
Query sequence(s):                         1  (214 residues searched)
Target model(s):                       19632  (3329936 nodes)
Passed MSV filter:                       581  (0.0295945); expected 392.6 (0.02)
Passed bias filter:                      398  (0.020273); expected 392.6 (0.02)
Passed Vit filter:                        33  (0.00168093); expected 19.6 (0.001)
Passed Fwd filter:                         0  (0); expected 0.2 (1e-05)
Initial search space (Z):              19632  [actual number of targets]
Domain search space  (domZ):               0  [number of targets reported over threshold]
# CPU time: 0.34u 0.20s 00:00:00.54 Elapsed: 00:00:00.36
# Mc/sec: 1961.08
//
Query:       orf3  [L=106]
Description: source=IMGVR_UViG_3300035507_000466_3300035507_Ga0376462_0007747/4242-2137 coords=623..940 length=106 frame=2 desc=
Scores for complete sequence (score includes all domains):
   --- full sequence ---   --- best 1 domain ---    -#dom-
    E-value  score  bias    E-value  score  bias    exp  N  Model    Description
    ------- ------ -----    ------- ------ -----   ---- --  -------- -----------

   [No hits detected that satisfy reporting thresholds]


Domain annotation for each model (and alignments):

   [No targets detected that satisfy reporting thresholds]


Internal pipeline statistics summary:
-------------------------------------
Query sequence(s):                         1  (106 residues searched)
Target model(s):                       19632  (3329936 nodes)
Passed MSV filter:                       676  (0.0344336); expected 392.6 (0.02)
Passed bias filter:                      524  (0.0266911); expected 392.6 (0.02)
Passed Vit filter:                        42  (0.00213936); expected 19.6 (0.001)
Passed Fwd filter:                         0  (0); expected 0.2 (1e-05)
Initial search space (Z):              19632  [actual number of targets]
Domain search space  (domZ):               0  [number of targets reported over threshold]
# CPU time: 0.33u 0.17s 00:00:00.50 Elapsed: 00:00:00.35
# Mc/sec: 987.86
//
Query:       orf4  [L=184]
Description: source=IMGVR_UViG_3300035507_000466_3300035507_Ga0376462_0007747/4242-2137 coords=1003..1554 length=184 frame=1 desc=
Scores for complete sequence (score includes all domains):
   --- full sequence ---   --- best 1 domain ---    -#dom-
    E-value  score  bias    E-value  score  bias    exp  N  Model    Description
    ------- ------ -----    ------- ------ -----   ---- --  -------- -----------
  ------ inclusion threshold ------
       0.13   12.8   0.2       0.31   11.6   0.1    1.7  2  ParD      Antitoxin ParD


Domain annotation for each model (and alignments):
>> ParD  Antitoxin ParD
   #    score  bias  c-Evalue  i-Evalue hmmfrom  hmm to    alifrom  ali to    envfrom  env to     acc
 ---   ------ ----- --------- --------- ------- -------    ------- -------    ------- -------    ----
   1 ?   -2.9   0.0      0.52     1e+04       3      11 ..       8      16 ..       7      23 .. 0.61
   2 ?   11.6   0.1   1.6e-05      0.31       3      36 ..     107     140 ..     106     161 .. 0.74

  Alignments for each domain:
  == domain 1  score: -2.9 bits;  conditional E-value: 0.52
  ParD  3 rLsIditpe 11
          +Ls+d++++
  orf4  8 KLSVDLSDK 16
          566666654 PP

  == domain 2  score: 11.6 bits;  conditional E-value: 1.6e-05
  ParD   3 rLsIditpeqhqrlkAvAAlqGksikeYvLerll 36 
            L I++tpeq+q l+  A   G + + Y +  + 
  orf4 107 HLHIELTPEQYQLLSQQAKQCGLTKRAYLVRIIE 140
           599***************999*999999665443 PP



Internal pipeline statistics summary:
-------------------------------------
Query sequence(s):                         1  (184 residues searched)
Target model(s):                       19632  (3329936 nodes)
Passed MSV filter:                       646  (0.0329055); expected 392.6 (0.02)
Passed bias filter:                      499  (0.0254177); expected 392.6 (0.02)
Passed Vit filter:                        31  (0.00157905); expected 19.6 (0.001)
Passed Fwd filter:                         1  (5.09372e-05); expected 0.2 (1e-05)
Initial search space (Z):              19632  [actual number of targets]
Domain search space  (domZ):               1  [number of targets reported over threshold]
# CPU time: 0.30u 0.20s 00:00:00.50 Elapsed: 00:00:00.34
# Mc/sec: 1764.65
//
Query:       orf5  [L=105]
Description: source=IMGVR_UViG_3300035507_000466_3300035507_Ga0376462_0007747/4242-2137 coords=1340..1654 length=105 frame=2 desc=
Scores for complete sequence (score includes all domains):
   --- full sequence ---   --- best 1 domain ---    -#dom-
    E-value  score  bias    E-value  score  bias    exp  N  Model    Description
    ------- ------ -----    ------- ------ -----   ---- --  -------- -----------

   [No hits detected that satisfy reporting thresholds]


Domain annotation for each model (and alignments):

   [No targets detected that satisfy reporting thresholds]


Internal pipeline statistics summary:
-------------------------------------
Query sequence(s):                         1  (105 residues searched)
Target model(s):                       19632  (3329936 nodes)
Passed MSV filter:                       383  (0.019509); expected 392.6 (0.02)
Passed bias filter:                      166  (0.00845558); expected 392.6 (0.02)
Passed Vit filter:                         9  (0.000458435); expected 19.6 (0.001)
Passed Fwd filter:                         0  (0); expected 0.2 (1e-05)
Initial search space (Z):              19632  [actual number of targets]
Domain search space  (domZ):               0  [number of targets reported over threshold]
# CPU time: 0.26u 0.18s 00:00:00.44 Elapsed: 00:00:00.30
# Mc/sec: 1145.73
//
Query:       orf6  [L=91]
Description: source=IMGVR_UViG_3300035507_000466_3300035507_Ga0376462_0007747/4242-2137 coords=2070..1798 length=91 frame=4 desc=
Scores for complete sequence (score includes all domains):
   --- full sequence ---   --- best 1 domain ---    -#dom-
    E-value  score  bias    E-value  score  bias    exp  N  Model    Description
    ------- ------ -----    ------- ------ -----   ---- --  -------- -----------

   [No hits detected that satisfy reporting thresholds]


Domain annotation for each model (and alignments):

   [No targets detected that satisfy reporting thresholds]


Internal pipeline statistics summary:
-------------------------------------
Query sequence(s):                         1  (91 residues searched)
Target model(s):                       19632  (3329936 nodes)
Passed MSV filter:                       239  (0.012174); expected 392.6 (0.02)
Passed bias filter:                      218  (0.0111043); expected 392.6 (0.02)
Passed Vit filter:                         7  (0.000356561); expected 19.6 (0.001)
Passed Fwd filter:                         0  (0); expected 0.2 (1e-05)
Initial search space (Z):              19632  [actual number of targets]
Domain search space  (domZ):               0  [number of targets reported over threshold]
# CPU time: 0.27u 0.18s 00:00:00.45 Elapsed: 00:00:00.33
# Mc/sec: 913.77
//
Query:       orf7  [L=115]
Description: source=IMGVR_UViG_3300035507_000466_3300035507_Ga0376462_0007747/4242-2137 coords=1683..1339 length=115 frame=4 desc=
Scores for complete sequence (score includes all domains):
   --- full sequence ---   --- best 1 domain ---    -#dom-
    E-value  score  bias    E-value  score  bias    exp  N  Model    Description
    ------- ------ -----    ------- ------ -----   ---- --  -------- -----------

   [No hits detected that satisfy reporting thresholds]


Domain annotation for each model (and alignments):

   [No targets detected that satisfy reporting thresholds]


Internal pipeline statistics summary:
-------------------------------------
Query sequence(s):                         1  (115 residues searched)
Target model(s):                       19632  (3329936 nodes)
Passed MSV filter:                       246  (0.0125306); expected 392.6 (0.02)
Passed bias filter:                      190  (0.00967808); expected 392.6 (0.02)
Passed Vit filter:                        14  (0.000713121); expected 19.6 (0.001)
Passed Fwd filter:                         0  (0); expected 0.2 (1e-05)
Initial search space (Z):              19632  [actual number of targets]
Domain search space  (domZ):               0  [number of targets reported over threshold]
# CPU time: 0.28u 0.18s 00:00:00.46 Elapsed: 00:00:00.32
# Mc/sec: 1163.23
//
Query:       orf8  [L=113]
Description: source=IMGVR_UViG_3300035507_000466_3300035507_Ga0376462_0007747/4242-2137 coords=902..564 length=113 frame=5 desc=
Scores for complete sequence (score includes all domains):
   --- full sequence ---   --- best 1 domain ---    -#dom-
    E-value  score  bias    E-value  score  bias    exp  N  Model    Description
    ------- ------ -----    ------- ------ -----   ---- --  -------- -----------

   [No hits detected that satisfy reporting thresholds]


Domain annotation for each model (and alignments):

   [No targets detected that satisfy reporting thresholds]


Internal pipeline statistics summary:
-------------------------------------
Query sequence(s):                         1  (113 residues searched)
Target model(s):                       19632  (3329936 nodes)
Passed MSV filter:                       277  (0.0141096); expected 392.6 (0.02)
Passed bias filter:                      210  (0.0106968); expected 392.6 (0.02)
Passed Vit filter:                        14  (0.000713121); expected 19.6 (0.001)
Passed Fwd filter:                         0  (0); expected 0.2 (1e-05)
Initial search space (Z):              19632  [actual number of targets]
Domain search space  (domZ):               0  [number of targets reported over threshold]
# CPU time: 0.27u 0.18s 00:00:00.45 Elapsed: 00:00:00.31
# Mc/sec: 1178.07
//
Query:       orf9  [L=100]
Description: source=IMGVR_UViG_3300035507_000466_3300035507_Ga0376462_0007747/4242-2137 coords=580..281 length=100 frame=6 desc=
Scores for complete sequence (score includes all domains):
   --- full sequence ---   --- best 1 domain ---    -#dom-
    E-value  score  bias    E-value  score  bias    exp  N  Model    Description
    ------- ------ -----    ------- ------ -----   ---- --  -------- -----------

   [No hits detected that satisfy reporting thresholds]


Domain annotation for each model (and alignments):

   [No targets detected that satisfy reporting thresholds]


Internal pipeline statistics summary:
-------------------------------------
Query sequence(s):                         1  (100 residues searched)
Target model(s):                       19632  (3329936 nodes)
Passed MSV filter:                       293  (0.0149246); expected 392.6 (0.02)
Passed bias filter:                      191  (0.00972901); expected 392.6 (0.02)
Passed Vit filter:                         9  (0.000458435); expected 19.6 (0.001)
Passed Fwd filter:                         0  (0); expected 0.2 (1e-05)
Initial search space (Z):              19632  [actual number of targets]
Domain search space  (domZ):               0  [number of targets reported over threshold]
# CPU time: 0.27u 0.14s 00:00:00.41 Elapsed: 00:00:00.29
# Mc/sec: 1147.78
//
[ok]
