Discrepancy Report Results

Summary
FATAL: MISSING_PROTEIN_ID:26 proteins have invalid IDs.
DISC_SOURCE_QUALS_ASNDISC:strain (all present, all unique)
DISC_SOURCE_QUALS_ASNDISC:taxname (all present, all unique)
DISC_FEATURE_COUNT:CDS: 26 present
DISC_COUNT_NUCLEOTIDES:1 nucleotide Bioseqs are present
FEATURE_LOCATION_CONFLICT:26 features have inconsistent gene locations.
OVERLAPPING_CDS:4 coding regions overlap another coding region with a similar or identical name.
DISC_QUALITY_SCORES:Quality scores are missing on all sequences.
ONCALLER_COMMENT_PRESENT:1 comment descriptors were found (all same)
MISSING_GENOMEASSEMBLY_COMMENTS:1 bioseqs are missing GenomeAssembly structured comments
MOLTYPE_NOT_MRNA:1 molecule types are not set as mRNA.
TECHNIQUE_NOT_TSA:1 technique are not set as TSA
MISSING_STRUCTURED_COMMENT:1 sequences do not include structured comments.
MISSING_PROJECT:27 sequences do not include project.
DISC_INCONSISTENT_MOLINFO_TECH:Molinfo Technique Report (some missing, all same)


Detailed Report

FATAL: DiscRep_ALL:MISSING_PROTEIN_ID::26 proteins have invalid IDs.
GenomesDB/MT836071/MT836071:MT836071_1 (length 415)
GenomesDB/MT836071/MT836071:MT836071_2 (length 253)
GenomesDB/MT836071/MT836071:MT836071_3 (length 193)
GenomesDB/MT836071/MT836071:MT836071_4 (length 212)
GenomesDB/MT836071/MT836071:MT836071_5 (length 83)
GenomesDB/MT836071/MT836071:MT836071_6 (length 774)
GenomesDB/MT836071/MT836071:MT836071_7 (length 448)
GenomesDB/MT836071/MT836071:MT836071_8 (length 351)
GenomesDB/MT836071/MT836071:MT836071_9 (length 239)
GenomesDB/MT836071/MT836071:MT836071_10 (length 297)
GenomesDB/MT836071/MT836071:MT836071_11 (length 74)
GenomesDB/MT836071/MT836071:MT836071_12 (length 161)
GenomesDB/MT836071/MT836071:MT836071_13 (length 141)
GenomesDB/MT836071/MT836071:MT836071_14 (length 421)
GenomesDB/MT836071/MT836071:MT836071_15 (length 114)
GenomesDB/MT836071/MT836071:MT836071_16 (length 64)
GenomesDB/MT836071/MT836071:MT836071_17 (length 94)
GenomesDB/MT836071/MT836071:MT836071_18 (length 55)
GenomesDB/MT836071/MT836071:MT836071_19 (length 122)
GenomesDB/MT836071/MT836071:MT836071_20 (length 538)
GenomesDB/MT836071/MT836071:MT836071_21 (length 601)
GenomesDB/MT836071/MT836071:MT836071_22 (length 72)
GenomesDB/MT836071/MT836071:MT836071_23 (length 202)
GenomesDB/MT836071/MT836071:MT836071_24 (length 58)
GenomesDB/MT836071/MT836071:MT836071_25 (length 515)
GenomesDB/MT836071/MT836071:MT836071_26 (length 432)

DiscRep_ALL:DISC_SOURCE_QUALS_ASNDISC::strain (all present, all unique)
DiscRep_SUB:DISC_SOURCE_QUALS_ASNDISC::1 sources have unique values for strain
DiscRep_ALL:DISC_SOURCE_QUALS_ASNDISC::taxname (all present, all unique)
DiscRep_SUB:DISC_SOURCE_QUALS_ASNDISC::1 sources have unique values for taxname
DiscRep_ALL:DISC_FEATURE_COUNT::CDS: 26 present
DiscRep_ALL:DISC_COUNT_NUCLEOTIDES::1 nucleotide Bioseqs are present
GenomesDB/MT836071/MT836071:MT836071 (length 25949)

DiscRep_ALL:FEATURE_LOCATION_CONFLICT::26 features have inconsistent gene locations.
DiscRep_SUB:FEATURE_LOCATION_CONFLICT::Coding region xref gene does not exist
GenomesDB/MT836071/MT836071:CDS	unannotated protein	MT836071:c1864-617	MT836071_00001

DiscRep_SUB:FEATURE_LOCATION_CONFLICT::Coding region xref gene does not exist
GenomesDB/MT836071/MT836071:CDS	unannotated protein	MT836071:c2956-2195	MT836071_00002

DiscRep_SUB:FEATURE_LOCATION_CONFLICT::Coding region xref gene does not exist
GenomesDB/MT836071/MT836071:CDS	unannotated protein	MT836071:3325-3906	MT836071_00003

DiscRep_SUB:FEATURE_LOCATION_CONFLICT::Coding region xref gene does not exist
GenomesDB/MT836071/MT836071:CDS	unannotated protein	MT836071:3920-4558	MT836071_00004

DiscRep_SUB:FEATURE_LOCATION_CONFLICT::Coding region xref gene does not exist
GenomesDB/MT836071/MT836071:CDS	unannotated protein	MT836071:c4856-4605	MT836071_00005

DiscRep_SUB:FEATURE_LOCATION_CONFLICT::Coding region xref gene does not exist
GenomesDB/MT836071/MT836071:CDS	unannotated protein	MT836071:5007-7331	MT836071_00006

DiscRep_SUB:FEATURE_LOCATION_CONFLICT::Coding region xref gene does not exist
GenomesDB/MT836071/MT836071:CDS	unannotated protein	MT836071:c9516-8170	MT836071_00007

DiscRep_SUB:FEATURE_LOCATION_CONFLICT::Coding region xref gene does not exist
GenomesDB/MT836071/MT836071:CDS	unannotated protein	MT836071:c10615-9560	MT836071_00008

DiscRep_SUB:FEATURE_LOCATION_CONFLICT::Coding region xref gene does not exist
GenomesDB/MT836071/MT836071:CDS	unannotated protein	MT836071:c11331-10612	MT836071_00009

DiscRep_SUB:FEATURE_LOCATION_CONFLICT::Coding region xref gene does not exist
GenomesDB/MT836071/MT836071:CDS	unannotated protein	MT836071:c12238-11345	MT836071_00010

DiscRep_SUB:FEATURE_LOCATION_CONFLICT::Coding region xref gene does not exist
GenomesDB/MT836071/MT836071:CDS	unannotated protein	MT836071:c13334-13110	MT836071_00011

DiscRep_SUB:FEATURE_LOCATION_CONFLICT::Coding region xref gene does not exist
GenomesDB/MT836071/MT836071:CDS	unannotated protein	MT836071:13795-14280	MT836071_00012

DiscRep_SUB:FEATURE_LOCATION_CONFLICT::Coding region xref gene does not exist
GenomesDB/MT836071/MT836071:CDS	unannotated protein	MT836071:14298-14723	MT836071_00013

DiscRep_SUB:FEATURE_LOCATION_CONFLICT::Coding region xref gene does not exist
GenomesDB/MT836071/MT836071:CDS	unannotated protein	MT836071:14726-15991	MT836071_00014

DiscRep_SUB:FEATURE_LOCATION_CONFLICT::Coding region xref gene does not exist
GenomesDB/MT836071/MT836071:CDS	unannotated protein	MT836071:16424-16768	MT836071_00015

DiscRep_SUB:FEATURE_LOCATION_CONFLICT::Coding region xref gene does not exist
GenomesDB/MT836071/MT836071:CDS	unannotated protein	MT836071:16770-16964	MT836071_00016

DiscRep_SUB:FEATURE_LOCATION_CONFLICT::Coding region xref gene does not exist
GenomesDB/MT836071/MT836071:CDS	unannotated protein	MT836071:16977-17261	MT836071_00017

DiscRep_SUB:FEATURE_LOCATION_CONFLICT::Coding region xref gene does not exist
GenomesDB/MT836071/MT836071:CDS	unannotated protein	MT836071:c17510-17343	MT836071_00018

DiscRep_SUB:FEATURE_LOCATION_CONFLICT::Coding region xref gene does not exist
GenomesDB/MT836071/MT836071:CDS	unannotated protein	MT836071:17605-17973	MT836071_00019

DiscRep_SUB:FEATURE_LOCATION_CONFLICT::Coding region xref gene does not exist
GenomesDB/MT836071/MT836071:CDS	unannotated protein	MT836071:c19648-18032	MT836071_00020

DiscRep_SUB:FEATURE_LOCATION_CONFLICT::Coding region xref gene does not exist
GenomesDB/MT836071/MT836071:CDS	unannotated protein	MT836071:c21446-19641	MT836071_00021

DiscRep_SUB:FEATURE_LOCATION_CONFLICT::Coding region xref gene does not exist
GenomesDB/MT836071/MT836071:CDS	unannotated protein	MT836071:c22210-21992	MT836071_00022

DiscRep_SUB:FEATURE_LOCATION_CONFLICT::Coding region xref gene does not exist
GenomesDB/MT836071/MT836071:CDS	unannotated protein	MT836071:c22824-22216	MT836071_00023

DiscRep_SUB:FEATURE_LOCATION_CONFLICT::Coding region xref gene does not exist
GenomesDB/MT836071/MT836071:CDS	unannotated protein	MT836071:c23080-22904	MT836071_00024

DiscRep_SUB:FEATURE_LOCATION_CONFLICT::Coding region xref gene does not exist
GenomesDB/MT836071/MT836071:CDS	unannotated protein	MT836071:c24639-23092	MT836071_00025

DiscRep_SUB:FEATURE_LOCATION_CONFLICT::Coding region xref gene does not exist
GenomesDB/MT836071/MT836071:CDS	unannotated protein	MT836071:c25942-24644	MT836071_00026

DiscRep_ALL:OVERLAPPING_CDS::4 coding regions overlap another coding region with a similar or identical name.
DiscRep_SUB:OVERLAPPING_CDS::4 coding regions overlap another coding region with a similar or identical name that do not have the appropriate note text
GenomesDB/MT836071/MT836071:CDS	unannotated protein	MT836071:c10615-9560	MT836071_00008
GenomesDB/MT836071/MT836071:CDS	unannotated protein	MT836071:c11331-10612	MT836071_00009
GenomesDB/MT836071/MT836071:CDS	unannotated protein	MT836071:c19648-18032	MT836071_00020
GenomesDB/MT836071/MT836071:CDS	unannotated protein	MT836071:c21446-19641	MT836071_00021

DiscRep_ALL:DISC_QUALITY_SCORES::Quality scores are missing on all sequences.

DiscRep_ALL:ONCALLER_COMMENT_PRESENT::1 comment descriptors were found (all same)
GenomesDB/MT836071/MT836071:MT836071:Annotated using prokka 1.14.6 from https://github.com/tseemann/prokka

DiscRep_ALL:MISSING_GENOMEASSEMBLY_COMMENTS::1 bioseqs are missing GenomeAssembly structured comments
GenomesDB/MT836071/MT836071:MT836071 (length 25949)

DiscRep_ALL:MOLTYPE_NOT_MRNA::1 molecule types are not set as mRNA.
GenomesDB/MT836071/MT836071:MT836071 (length 25949)

DiscRep_ALL:TECHNIQUE_NOT_TSA::1 technique are not set as TSA
GenomesDB/MT836071/MT836071:MT836071 (length 25949)

DiscRep_ALL:MISSING_STRUCTURED_COMMENT::1 sequences do not include structured comments.
GenomesDB/MT836071/MT836071:MT836071 (length 25949)

DiscRep_ALL:MISSING_PROJECT::27 sequences do not include project.
GenomesDB/MT836071/MT836071:MT836071 (length 25949)
GenomesDB/MT836071/MT836071:MT836071_1 (length 415)
GenomesDB/MT836071/MT836071:MT836071_2 (length 253)
GenomesDB/MT836071/MT836071:MT836071_3 (length 193)
GenomesDB/MT836071/MT836071:MT836071_4 (length 212)
GenomesDB/MT836071/MT836071:MT836071_5 (length 83)
GenomesDB/MT836071/MT836071:MT836071_6 (length 774)
GenomesDB/MT836071/MT836071:MT836071_7 (length 448)
GenomesDB/MT836071/MT836071:MT836071_8 (length 351)
GenomesDB/MT836071/MT836071:MT836071_9 (length 239)
GenomesDB/MT836071/MT836071:MT836071_10 (length 297)
GenomesDB/MT836071/MT836071:MT836071_11 (length 74)
GenomesDB/MT836071/MT836071:MT836071_12 (length 161)
GenomesDB/MT836071/MT836071:MT836071_13 (length 141)
GenomesDB/MT836071/MT836071:MT836071_14 (length 421)
GenomesDB/MT836071/MT836071:MT836071_15 (length 114)
GenomesDB/MT836071/MT836071:MT836071_16 (length 64)
GenomesDB/MT836071/MT836071:MT836071_17 (length 94)
GenomesDB/MT836071/MT836071:MT836071_18 (length 55)
GenomesDB/MT836071/MT836071:MT836071_19 (length 122)
GenomesDB/MT836071/MT836071:MT836071_20 (length 538)
GenomesDB/MT836071/MT836071:MT836071_21 (length 601)
GenomesDB/MT836071/MT836071:MT836071_22 (length 72)
GenomesDB/MT836071/MT836071:MT836071_23 (length 202)
GenomesDB/MT836071/MT836071:MT836071_24 (length 58)
GenomesDB/MT836071/MT836071:MT836071_25 (length 515)
GenomesDB/MT836071/MT836071:MT836071_26 (length 432)

DiscRep_ALL:DISC_INCONSISTENT_MOLINFO_TECH::Molinfo Technique Report (some missing, all same)
DiscRep_SUB:DISC_INCONSISTENT_MOLINFO_TECH::technique (all missing)
DiscRep_SUB:DISC_INCONSISTENT_MOLINFO_TECH::1 Molinfos are missing field technique
GenomesDB/MT836071/MT836071:MT836071 (length 25949)

