16:40:01.514 - INFO - UTILS - version=1.9.1
16:40:01.515 - INFO - UTILS - developer: Oliver Schwengers, github.com/oschwengers
16:40:01.515 - INFO - UTILS - command: /n/home07/lmerk/.conda/envs/bakta/bin/bakta --force --db /n/eddy_lab/users/lmerk/databases/full/db -o ../data/bakta_output/MN270258 ../data/genomes/groupII_millard/MN270258/MN270258.fna
16:40:01.515 - INFO - UTILS - local time: 2024-03-13 16:40:01
16:40:01.523 - INFO - UTILS - machine: type=x86_64, cores=64
16:40:01.523 - INFO - UTILS - system: type=Linux, release=4.18.0-425.10.1.el8_7.x86_64
16:40:01.523 - INFO - UTILS - python: version=3.10.13, implementation=CPython
16:40:01.523 - INFO - CONFIG - threads=64
16:40:01.523 - INFO - CONFIG - verbose=False
16:40:01.523 - INFO - CONFIG - debug=False
16:40:01.527 - INFO - CONFIG - database: type=parameter, path=/net/holy-nfsisilon/ifs/rc_labs/eddy_lab/users/lmerk/databases/full/db
16:40:01.528 - INFO - CONFIG - tmp-path=/tmp/tmp7ghk02fn
16:40:01.535 - INFO - CONFIG - genome-path=/net/holy-nfsisilon/ifs/rc_labs/eddy_lab/users/lmerk/phage_groupII/data/genomes/groupII_millard/MN270258/MN270258.fna
16:40:01.535 - INFO - CONFIG - min_contig_length=1
16:40:01.535 - INFO - CONFIG - prefix=MN270258
16:40:01.535 - INFO - CONFIG - output-path=/net/holy-nfsisilon/ifs/rc_labs/eddy_lab/users/lmerk/phage_groupII/data/bakta_output/MN270258
16:40:01.535 - INFO - CONFIG - force=True
16:40:01.535 - INFO - CONFIG - genus=None
16:40:01.536 - INFO - CONFIG - species=None
16:40:01.536 - INFO - CONFIG - strain=None
16:40:01.536 - INFO - CONFIG - plasmid=None
16:40:01.536 - INFO - CONFIG - complete=False
16:40:01.536 - INFO - CONFIG - prodigal_tf=None
16:40:01.536 - INFO - CONFIG - translation_table=11
16:40:01.536 - INFO - CONFIG - gram=?
16:40:01.536 - INFO - CONFIG - compliant=False
16:40:01.536 - INFO - CONFIG - meta=False
16:40:01.536 - INFO - CONFIG - locus=None
16:40:01.536 - INFO - CONFIG - locus-tag=None
16:40:01.536 - INFO - CONFIG - keep_contig_headers=False
16:40:01.536 - INFO - CONFIG - replicon-table=None
16:40:01.537 - INFO - CONFIG - regions=None
16:40:01.537 - INFO - CONFIG - skip-tRNA=False
16:40:01.537 - INFO - CONFIG - skip-tmRNA=False
16:40:01.537 - INFO - CONFIG - skip-rRNA=False
16:40:01.537 - INFO - CONFIG - skip-ncRNA=False
16:40:01.537 - INFO - CONFIG - skip-ncRNA-region=False
16:40:01.537 - INFO - CONFIG - skip-CRISPR=False
16:40:01.537 - INFO - CONFIG - skip-CDS=False
16:40:01.537 - INFO - CONFIG - skip-pseudo=False
16:40:01.537 - INFO - CONFIG - skip-sORF=False
16:40:01.537 - INFO - CONFIG - skip-gap=False
16:40:01.537 - INFO - CONFIG - skip-ori=False
16:40:01.537 - INFO - CONFIG - skip-plot=False
16:40:01.539 - INFO - DB - detected: major=5, minor=0, type=full, date=2023-02-20
16:40:02.166 - INFO - UTILS - dependency: tool=tRNAscan-SE, version=v2.0.12, path=/n/home07/lmerk/.conda/envs/bakta/bin/tRNAscan-SE
16:40:02.200 - INFO - UTILS - dependency: tool=Aragorn, version=v1.2.41, path=/n/home07/lmerk/.conda/envs/bakta/bin/aragorn
16:40:02.219 - INFO - UTILS - dependency: tool=CMscan, version=v1.1.4, path=/n/home07/lmerk/goodies/bin/cmscan
16:40:02.244 - INFO - UTILS - dependency: tool=PilerCR, version=v1.6.0, path=/n/home07/lmerk/.conda/envs/bakta/bin/pilercr
16:40:03.375 - INFO - UTILS - dependency: tool=Pyrodigal, version=v3.2.1, path=/n/home07/lmerk/.conda/envs/bakta/bin/pyrodigal
16:40:03.402 - INFO - UTILS - dependency: tool=AMRFinderPlus, version=v3.11.26, path=/n/home07/lmerk/.conda/envs/bakta/bin/amrfinder
16:40:03.904 - INFO - UTILS - dependency: tool=Pyhmmer, version=v0.10.4, path=/n/home07/lmerk/.conda/envs/bakta/bin/python
16:40:03.966 - INFO - UTILS - dependency: tool=Diamond, version=v2.1.8, path=/n/home07/lmerk/.conda/envs/bakta/bin/diamond
16:40:04.328 - INFO - UTILS - dependency: tool=Blastn, version=v2.15.0, path=/n/home07/lmerk/.conda/envs/bakta/bin/blastn
16:40:06.527 - INFO - UTILS - dependency: tool=Circos, version=v0.69.8, path=/n/home07/lmerk/.conda/envs/bakta/bin/circos
16:40:06.646 - INFO - FASTA - imported: id=MN270258, length=110666, description=, genomic=True, dna=True
16:40:06.647 - INFO - MAIN - imported sequences=1
16:40:06.647 - INFO - UTILS - qc: revised sequence: id=contig_1, orig-id=MN270258, type=contig, complete=False, topology=linear, name=, description='[gcode=11] [topology=linear]', orig-description=''
16:40:06.647 - INFO - FASTA - write genome sequences: path=/tmp/tmp7ghk02fn/contigs.fna, description=False, wrap=False
16:40:07.808 - INFO - T_RNA - predicted=0
16:40:07.861 - INFO - TM_RNA - predicted=0
16:40:08.107 - INFO - R_RNA - predicted=0
16:40:09.363 - INFO - NC_RNA - predicted=0
16:40:09.911 - INFO - NC_RNA_REGION - contig=contig_1, start=102420, stop=102482, strand=+, label=pemK, product=pemK RNA, length=63, truncated=None, score=46.7, evalue=2.7e-05
16:40:09.911 - INFO - NC_RNA_REGION - predicted=1
16:40:09.969 - INFO - CRISPR - predicted=0
16:40:09.969 - INFO - CDS - create prodigal training info object: meta=False, closed=True
16:40:10.054 - INFO - CDS - contig=contig_1, start=36, stop=347, strand=+, frame=3, truncated=no, start-type=ATG, RBS-motif=GGA/GAG/AGG
16:40:10.055 - INFO - CDS - contig=contig_1, start=503, stop=778, strand=-, frame=2, truncated=no, start-type=ATG, RBS-motif=AGGAG
16:40:10.055 - INFO - CDS - contig=contig_1, start=901, stop=1128, strand=-, frame=3, truncated=no, start-type=ATG, RBS-motif=GGxGG
16:40:10.055 - INFO - CDS - contig=contig_1, start=1131, stop=1820, strand=-, frame=1, truncated=no, start-type=ATG, RBS-motif=GGxGG
16:40:10.055 - INFO - CDS - contig=contig_1, start=1945, stop=3006, strand=-, frame=3, truncated=no, start-type=ATG, RBS-motif=AGGAGG
16:40:10.055 - INFO - CDS - contig=contig_1, start=3033, stop=4145, strand=+, frame=3, truncated=no, start-type=ATG, RBS-motif=GGA/GAG/AGG
16:40:10.055 - INFO - CDS - contig=contig_1, start=4269, stop=5318, strand=-, frame=1, truncated=no, start-type=ATG, RBS-motif=GGAGG
16:40:10.055 - INFO - CDS - contig=contig_1, start=5412, stop=7280, strand=+, frame=3, truncated=no, start-type=ATG, RBS-motif=GGAG/GAGG
16:40:10.055 - INFO - CDS - contig=contig_1, start=7683, stop=8288, strand=+, frame=3, truncated=no, start-type=ATG, RBS-motif=GGA/GAG/AGG
16:40:10.055 - INFO - CDS - contig=contig_1, start=8328, stop=10283, strand=-, frame=1, truncated=no, start-type=ATG, RBS-motif=AGGA
16:40:10.055 - INFO - CDS - contig=contig_1, start=10331, stop=10498, strand=-, frame=2, truncated=no, start-type=ATG, RBS-motif=GGA/GAG/AGG
16:40:10.055 - INFO - CDS - contig=contig_1, start=10517, stop=11065, strand=-, frame=2, truncated=no, start-type=ATG, RBS-motif=GGAG/GAGG
16:40:10.056 - INFO - CDS - contig=contig_1, start=11070, stop=12191, strand=-, frame=1, truncated=no, start-type=ATG, RBS-motif=GGAGG
16:40:10.056 - INFO - CDS - contig=contig_1, start=12184, stop=12507, strand=-, frame=3, truncated=no, start-type=ATG, RBS-motif=AGGAGG
16:40:10.056 - INFO - CDS - contig=contig_1, start=12482, stop=12616, strand=-, frame=2, truncated=no, start-type=ATG, RBS-motif=AGGAGG
16:40:10.056 - INFO - CDS - contig=contig_1, start=12926, stop=15208, strand=+, frame=2, truncated=no, start-type=ATG, RBS-motif=GGAGG
16:40:10.056 - INFO - CDS - contig=contig_1, start=15555, stop=15836, strand=+, frame=3, truncated=no, start-type=ATG, RBS-motif=GGAG/GAGG
16:40:10.056 - INFO - CDS - contig=contig_1, start=15817, stop=17193, strand=+, frame=1, truncated=no, start-type=ATG, RBS-motif=GGAG/GAGG
16:40:10.056 - INFO - CDS - contig=contig_1, start=17186, stop=17689, strand=+, frame=2, truncated=no, start-type=ATG, RBS-motif=AGGAGG
16:40:10.056 - INFO - CDS - contig=contig_1, start=17855, stop=18070, strand=+, frame=2, truncated=no, start-type=ATG, RBS-motif=GGA/GAG/AGG
16:40:10.056 - INFO - CDS - contig=contig_1, start=18115, stop=19152, strand=+, frame=1, truncated=no, start-type=ATG, RBS-motif=GGAG/GAGG
16:40:10.056 - INFO - CDS - contig=contig_1, start=19154, stop=19519, strand=+, frame=2, truncated=no, start-type=ATG, RBS-motif=GGAG/GAGG
16:40:10.056 - INFO - CDS - contig=contig_1, start=19818, stop=20279, strand=+, frame=3, truncated=no, start-type=ATG, RBS-motif=AGGA
16:40:10.057 - INFO - CDS - contig=contig_1, start=20251, stop=21507, strand=+, frame=1, truncated=no, start-type=ATG, RBS-motif=AGGAG
16:40:10.057 - INFO - CDS - contig=contig_1, start=21504, stop=22763, strand=+, frame=3, truncated=no, start-type=ATG, RBS-motif=GGAGG
16:40:10.057 - INFO - CDS - contig=contig_1, start=22857, stop=23105, strand=+, frame=3, truncated=no, start-type=ATG, RBS-motif=AGGAG
16:40:10.057 - INFO - CDS - contig=contig_1, start=23107, stop=23319, strand=+, frame=1, truncated=no, start-type=ATG, RBS-motif=GGAG/GAGG
16:40:10.057 - INFO - CDS - contig=contig_1, start=23321, stop=23551, strand=+, frame=2, truncated=no, start-type=ATG, RBS-motif=GGA/GAG/AGG
16:40:10.057 - INFO - CDS - contig=contig_1, start=23602, stop=24075, strand=+, frame=1, truncated=no, start-type=GTG, RBS-motif=AGGAGG
16:40:10.057 - INFO - CDS - contig=contig_1, start=24072, stop=25664, strand=+, frame=3, truncated=no, start-type=ATG, RBS-motif=AGGAGG
16:40:10.057 - INFO - CDS - contig=contig_1, start=25735, stop=25992, strand=+, frame=1, truncated=no, start-type=ATG, RBS-motif=AGGAGG
16:40:10.057 - INFO - CDS - contig=contig_1, start=25989, stop=26360, strand=+, frame=3, truncated=no, start-type=ATG, RBS-motif=AGGA
16:40:10.057 - INFO - CDS - contig=contig_1, start=26501, stop=27784, strand=+, frame=2, truncated=no, start-type=ATG, RBS-motif=AGGAGG
16:40:10.058 - INFO - CDS - contig=contig_1, start=27777, stop=28472, strand=+, frame=3, truncated=no, start-type=ATG, RBS-motif=AGGAGG
16:40:10.058 - INFO - CDS - contig=contig_1, start=28491, stop=29696, strand=+, frame=3, truncated=no, start-type=ATG, RBS-motif=AGGA
16:40:10.058 - INFO - CDS - contig=contig_1, start=29699, stop=29956, strand=+, frame=2, truncated=no, start-type=ATG, RBS-motif=GGA/GAG/AGG
16:40:10.058 - INFO - CDS - contig=contig_1, start=29956, stop=30294, strand=+, frame=1, truncated=no, start-type=ATG, RBS-motif=AGGA
16:40:10.058 - INFO - CDS - contig=contig_1, start=30287, stop=30655, strand=+, frame=2, truncated=no, start-type=ATG, RBS-motif=GGAGG
16:40:10.058 - INFO - CDS - contig=contig_1, start=30662, stop=30988, strand=+, frame=2, truncated=no, start-type=ATG, RBS-motif=None
16:40:10.058 - INFO - CDS - contig=contig_1, start=30990, stop=31559, strand=+, frame=3, truncated=no, start-type=ATG, RBS-motif=GGAGG
16:40:10.058 - INFO - CDS - contig=contig_1, start=31571, stop=31990, strand=+, frame=2, truncated=no, start-type=ATG, RBS-motif=GGAG/GAGG
16:40:10.058 - INFO - CDS - contig=contig_1, start=32173, stop=35031, strand=+, frame=1, truncated=no, start-type=ATG, RBS-motif=AGGAGG
16:40:10.059 - INFO - CDS - contig=contig_1, start=35028, stop=35750, strand=+, frame=3, truncated=no, start-type=ATG, RBS-motif=AGGAG
16:40:10.059 - INFO - CDS - contig=contig_1, start=35750, stop=40297, strand=+, frame=2, truncated=no, start-type=GTG, RBS-motif=GGxGG
16:40:10.059 - INFO - CDS - contig=contig_1, start=40310, stop=40516, strand=+, frame=2, truncated=no, start-type=ATG, RBS-motif=AGGAG
16:40:10.059 - INFO - CDS - contig=contig_1, start=40522, stop=40890, strand=+, frame=1, truncated=no, start-type=ATG, RBS-motif=AGGAG
16:40:10.059 - INFO - CDS - contig=contig_1, start=40868, stop=41263, strand=+, frame=2, truncated=no, start-type=ATG, RBS-motif=GGAG/GAGG
16:40:10.059 - INFO - CDS - contig=contig_1, start=41270, stop=42739, strand=+, frame=2, truncated=no, start-type=ATG, RBS-motif=GGAG/GAGG
16:40:10.059 - INFO - CDS - contig=contig_1, start=42963, stop=44204, strand=+, frame=3, truncated=no, start-type=ATG, RBS-motif=AGGAG
16:40:10.059 - INFO - CDS - contig=contig_1, start=44167, stop=45459, strand=+, frame=1, truncated=no, start-type=GTG, RBS-motif=None
16:40:10.059 - INFO - CDS - contig=contig_1, start=45727, stop=46101, strand=+, frame=1, truncated=no, start-type=ATG, RBS-motif=GGAGG
16:40:10.060 - INFO - CDS - contig=contig_1, start=46491, stop=48410, strand=+, frame=3, truncated=no, start-type=ATG, RBS-motif=AGGAGG
16:40:10.060 - INFO - CDS - contig=contig_1, start=48860, stop=49897, strand=+, frame=2, truncated=no, start-type=ATG, RBS-motif=AGGAGG
16:40:10.060 - INFO - CDS - contig=contig_1, start=49921, stop=50415, strand=+, frame=1, truncated=no, start-type=ATG, RBS-motif=GGAG/GAGG
16:40:10.060 - INFO - CDS - contig=contig_1, start=50844, stop=51743, strand=+, frame=3, truncated=no, start-type=GTG, RBS-motif=GGxGG
16:40:10.060 - INFO - CDS - contig=contig_1, start=51969, stop=52571, strand=+, frame=3, truncated=no, start-type=TTG, RBS-motif=None
16:40:10.060 - INFO - CDS - contig=contig_1, start=52903, stop=53070, strand=+, frame=1, truncated=no, start-type=ATG, RBS-motif=AGGAGG
16:40:10.060 - INFO - CDS - contig=contig_1, start=53073, stop=53891, strand=+, frame=3, truncated=no, start-type=ATG, RBS-motif=GGAGG
16:40:10.060 - INFO - CDS - contig=contig_1, start=54040, stop=55395, strand=+, frame=1, truncated=no, start-type=ATG, RBS-motif=GGA/GAG/AGG
16:40:10.060 - INFO - CDS - contig=contig_1, start=55379, stop=55807, strand=+, frame=2, truncated=no, start-type=ATG, RBS-motif=GGAG/GAGG
16:40:10.061 - INFO - CDS - contig=contig_1, start=55818, stop=56201, strand=+, frame=3, truncated=no, start-type=ATG, RBS-motif=AGGAGG
16:40:10.061 - INFO - CDS - contig=contig_1, start=56210, stop=56443, strand=+, frame=2, truncated=no, start-type=ATG, RBS-motif=AGGAG
16:40:10.061 - INFO - CDS - contig=contig_1, start=56446, stop=57030, strand=+, frame=1, truncated=no, start-type=ATG, RBS-motif=GGAG/GAGG
16:40:10.061 - INFO - CDS - contig=contig_1, start=57108, stop=57596, strand=+, frame=3, truncated=no, start-type=ATG, RBS-motif=AGGAGG
16:40:10.061 - INFO - CDS - contig=contig_1, start=57596, stop=59413, strand=+, frame=2, truncated=no, start-type=ATG, RBS-motif=AGGAGG
16:40:10.061 - INFO - CDS - contig=contig_1, start=59431, stop=59673, strand=+, frame=1, truncated=no, start-type=ATG, RBS-motif=GGAG/GAGG
16:40:10.061 - INFO - CDS - contig=contig_1, start=59698, stop=60546, strand=+, frame=1, truncated=no, start-type=ATG, RBS-motif=None
16:40:10.061 - INFO - CDS - contig=contig_1, start=60608, stop=60961, strand=+, frame=2, truncated=no, start-type=ATG, RBS-motif=GGAG/GAGG
16:40:10.061 - INFO - CDS - contig=contig_1, start=60918, stop=63269, strand=+, frame=3, truncated=no, start-type=GTG, RBS-motif=AGGAG
16:40:10.062 - INFO - CDS - contig=contig_1, start=63271, stop=66072, strand=+, frame=1, truncated=no, start-type=ATG, RBS-motif=GGAG/GAGG
16:40:10.062 - INFO - CDS - contig=contig_1, start=66210, stop=67220, strand=+, frame=3, truncated=no, start-type=ATG, RBS-motif=None
16:40:10.062 - INFO - CDS - contig=contig_1, start=67331, stop=67618, strand=+, frame=2, truncated=no, start-type=GTG, RBS-motif=GGAGG
16:40:10.062 - INFO - CDS - contig=contig_1, start=67680, stop=68525, strand=-, frame=1, truncated=no, start-type=ATG, RBS-motif=GGAGG
16:40:10.062 - INFO - CDS - contig=contig_1, start=68522, stop=69112, strand=-, frame=2, truncated=no, start-type=ATG, RBS-motif=GGAGG
16:40:10.062 - INFO - CDS - contig=contig_1, start=69392, stop=74287, strand=+, frame=2, truncated=no, start-type=ATG, RBS-motif=AGxAGG/AGGxGG
16:40:10.062 - INFO - CDS - contig=contig_1, start=74288, stop=74479, strand=+, frame=2, truncated=no, start-type=ATG, RBS-motif=AGGAGG
16:40:10.062 - INFO - CDS - contig=contig_1, start=74463, stop=75014, strand=+, frame=3, truncated=no, start-type=ATG, RBS-motif=AGGAG
16:40:10.063 - INFO - CDS - contig=contig_1, start=75063, stop=80525, strand=+, frame=3, truncated=no, start-type=ATG, RBS-motif=GGAG/GAGG
16:40:10.063 - INFO - CDS - contig=contig_1, start=81023, stop=82801, strand=+, frame=2, truncated=no, start-type=ATG, RBS-motif=GGA/GAG/AGG
16:40:10.063 - INFO - CDS - contig=contig_1, start=82939, stop=84282, strand=+, frame=1, truncated=no, start-type=ATG, RBS-motif=None
16:40:10.063 - INFO - CDS - contig=contig_1, start=84353, stop=84652, strand=+, frame=2, truncated=no, start-type=ATG, RBS-motif=AGGAG
16:40:10.063 - INFO - CDS - contig=contig_1, start=84666, stop=84956, strand=+, frame=3, truncated=no, start-type=ATG, RBS-motif=GGAG/GAGG
16:40:10.063 - INFO - CDS - contig=contig_1, start=85052, stop=85690, strand=+, frame=2, truncated=no, start-type=ATG, RBS-motif=AGGAG
16:40:10.063 - INFO - CDS - contig=contig_1, start=85730, stop=86806, strand=+, frame=2, truncated=no, start-type=ATG, RBS-motif=GGAG/GAGG
16:40:10.063 - INFO - CDS - contig=contig_1, start=86860, stop=87087, strand=+, frame=1, truncated=no, start-type=ATG, RBS-motif=AGGAGG
16:40:10.064 - INFO - CDS - contig=contig_1, start=87084, stop=87473, strand=+, frame=3, truncated=no, start-type=ATG, RBS-motif=GGAG/GAGG
16:40:10.064 - INFO - CDS - contig=contig_1, start=87523, stop=87813, strand=+, frame=1, truncated=no, start-type=ATG, RBS-motif=AGGAG
16:40:10.064 - INFO - CDS - contig=contig_1, start=87883, stop=88359, strand=+, frame=1, truncated=no, start-type=ATG, RBS-motif=AGGAGG
16:40:10.064 - INFO - CDS - contig=contig_1, start=88359, stop=89141, strand=+, frame=3, truncated=no, start-type=ATG, RBS-motif=GGxGG
16:40:10.064 - INFO - CDS - contig=contig_1, start=89138, stop=90367, strand=+, frame=2, truncated=no, start-type=ATG, RBS-motif=GGA/GAG/AGG
16:40:10.064 - INFO - CDS - contig=contig_1, start=90357, stop=91976, strand=+, frame=3, truncated=no, start-type=ATG, RBS-motif=GGxGG
16:40:10.064 - INFO - CDS - contig=contig_1, start=92360, stop=92722, strand=+, frame=2, truncated=no, start-type=ATG, RBS-motif=AGGAG
16:40:10.064 - INFO - CDS - contig=contig_1, start=92725, stop=93090, strand=+, frame=1, truncated=no, start-type=ATG, RBS-motif=GGAGG
16:40:10.064 - INFO - CDS - contig=contig_1, start=93077, stop=94960, strand=+, frame=2, truncated=no, start-type=ATG, RBS-motif=GGA/GAG/AGG
16:40:10.065 - INFO - CDS - contig=contig_1, start=95057, stop=96430, strand=+, frame=2, truncated=no, start-type=ATG, RBS-motif=AGGAG
16:40:10.065 - INFO - CDS - contig=contig_1, start=96471, stop=97169, strand=+, frame=3, truncated=no, start-type=ATG, RBS-motif=GGAG/GAGG
16:40:10.065 - INFO - CDS - contig=contig_1, start=97147, stop=98490, strand=+, frame=1, truncated=no, start-type=ATG, RBS-motif=GGA/GAG/AGG
16:40:10.065 - INFO - CDS - contig=contig_1, start=98680, stop=99381, strand=+, frame=1, truncated=no, start-type=ATG, RBS-motif=GGAGG
16:40:10.065 - INFO - CDS - contig=contig_1, start=99374, stop=100111, strand=+, frame=2, truncated=no, start-type=ATG, RBS-motif=GGAGG
16:40:10.065 - INFO - CDS - contig=contig_1, start=100089, stop=100775, strand=+, frame=3, truncated=no, start-type=ATG, RBS-motif=GGAGG
16:40:10.065 - INFO - CDS - contig=contig_1, start=100836, stop=101552, strand=+, frame=3, truncated=no, start-type=ATG, RBS-motif=AGGAGG
16:40:10.065 - INFO - CDS - contig=contig_1, start=101820, stop=102224, strand=+, frame=3, truncated=no, start-type=ATG, RBS-motif=GGAGG
16:40:10.065 - INFO - CDS - contig=contig_1, start=102729, stop=104483, strand=+, frame=3, truncated=no, start-type=ATG, RBS-motif=AGGAGG
16:40:10.065 - INFO - CDS - contig=contig_1, start=104726, stop=105049, strand=-, frame=2, truncated=no, start-type=ATG, RBS-motif=GGA/GAG/AGG
16:40:10.066 - INFO - CDS - contig=contig_1, start=105277, stop=105702, strand=+, frame=1, truncated=no, start-type=ATG, RBS-motif=GGA/GAG/AGG
16:40:10.066 - INFO - CDS - contig=contig_1, start=105753, stop=106034, strand=+, frame=3, truncated=no, start-type=ATG, RBS-motif=None
16:40:10.066 - INFO - CDS - contig=contig_1, start=107018, stop=107380, strand=+, frame=2, truncated=no, start-type=ATG, RBS-motif=None
16:40:10.066 - INFO - CDS - contig=contig_1, start=107413, stop=108303, strand=+, frame=1, truncated=no, start-type=GTG, RBS-motif=None
16:40:10.066 - INFO - CDS - contig=contig_1, start=108432, stop=109151, strand=+, frame=3, truncated=no, start-type=ATG, RBS-motif=AGGAGG
16:40:10.066 - INFO - CDS - contig=contig_1, start=109637, stop=109903, strand=-, frame=2, truncated=no, start-type=ATG, RBS-motif=None
16:40:10.066 - INFO - CDS - contig=contig_1, start=110170, stop=110361, strand=+, frame=1, truncated=no, start-type=ATG, RBS-motif=AGGAG
16:40:10.066 - INFO - CDS - contig=contig_1, start=36, stop=347, strand=+, nt=[ATGACAGATA..TAATCTCTAA]
16:40:10.066 - INFO - CDS - contig=contig_1, start=503, stop=778, strand=-, nt=[ATGGGCTATA..CTCGAGTTGA]
16:40:10.066 - INFO - CDS - contig=contig_1, start=901, stop=1128, strand=-, nt=[ATGAATCTAA..TGAATGTTAA]
16:40:10.066 - INFO - CDS - contig=contig_1, start=1131, stop=1820, strand=-, nt=[ATGTTTTCTG..GGGGGTATAA]
16:40:10.066 - INFO - CDS - contig=contig_1, start=1945, stop=3006, strand=-, nt=[ATGGAAGTAA..TCAGCACTAA]
16:40:10.066 - INFO - CDS - contig=contig_1, start=3033, stop=4145, strand=+, nt=[ATGTCGAATT..TCTTATTTAG]
16:40:10.066 - INFO - CDS - contig=contig_1, start=4269, stop=5318, strand=-, nt=[ATGACAGCAA..CTTAATTTAA]
16:40:10.066 - INFO - CDS - contig=contig_1, start=5412, stop=7280, strand=+, nt=[ATGTTCGATA..GACACTATAG]
16:40:10.066 - INFO - CDS - contig=contig_1, start=7683, stop=8288, strand=+, nt=[ATGTCAATTA..AAATCAATAA]
16:40:10.066 - INFO - CDS - contig=contig_1, start=8328, stop=10283, strand=-, nt=[ATGCCGATAA..AAAAGACTAG]
16:40:10.067 - INFO - CDS - contig=contig_1, start=10331, stop=10498, strand=-, nt=[ATGATGTATA..AAACAAATAG]
16:40:10.067 - INFO - CDS - contig=contig_1, start=10517, stop=11065, strand=-, nt=[ATGACAACTA..TTTGAACTAG]
16:40:10.067 - INFO - CDS - contig=contig_1, start=11070, stop=12191, strand=-, nt=[ATGACTAACC..AGAGGAATAA]
16:40:10.067 - INFO - CDS - contig=contig_1, start=12184, stop=12507, strand=-, nt=[ATGAGCAAAA..TAATGACTAA]
16:40:10.067 - INFO - CDS - contig=contig_1, start=12482, stop=12616, strand=-, nt=[ATGACTAAAG..AACTGAATAG]
16:40:10.067 - INFO - CDS - contig=contig_1, start=12926, stop=15208, strand=+, nt=[ATGCAATTTA..CCTTGATTAA]
16:40:10.067 - INFO - CDS - contig=contig_1, start=15555, stop=15836, strand=+, nt=[ATGCGAGAAA..CATTACATAA]
16:40:10.067 - INFO - CDS - contig=contig_1, start=15817, stop=17193, strand=+, nt=[ATGAAATTGA..AGATGGATAA]
16:40:10.067 - INFO - CDS - contig=contig_1, start=17186, stop=17689, strand=+, nt=[ATGGATAAGG..TCCTATCTAG]
16:40:10.067 - INFO - CDS - contig=contig_1, start=17855, stop=18070, strand=+, nt=[ATGTACACAA..AGTAAAATAA]
16:40:10.067 - INFO - CDS - contig=contig_1, start=18115, stop=19152, strand=+, nt=[ATGATTATTA..GGAGAAGTAA]
16:40:10.067 - INFO - CDS - contig=contig_1, start=19154, stop=19519, strand=+, nt=[ATGCCACGAA..TCGATTTTAG]
16:40:10.067 - INFO - CDS - contig=contig_1, start=19818, stop=20279, strand=+, nt=[ATGGACGAAA..TGGAAATTAG]
16:40:10.067 - INFO - CDS - contig=contig_1, start=20251, stop=21507, strand=+, nt=[ATGACAAGTC..GACGGTATGA]
16:40:10.067 - INFO - CDS - contig=contig_1, start=21504, stop=22763, strand=+, nt=[ATGAGCCTAA..TGAAAAATAG]
16:40:10.067 - INFO - CDS - contig=contig_1, start=22857, stop=23105, strand=+, nt=[ATGACAACAA..TGGAGAATAA]
16:40:10.067 - INFO - CDS - contig=contig_1, start=23107, stop=23319, strand=+, nt=[ATGGACGCAA..GGTAAAGTAA]
16:40:10.067 - INFO - CDS - contig=contig_1, start=23321, stop=23551, strand=+, nt=[ATGTGGGAAA..TGAACTTTAG]
16:40:10.067 - INFO - CDS - contig=contig_1, start=23602, stop=24075, strand=+, nt=[GTGGCAATCA..AATTTTATGA]
16:40:10.067 - INFO - CDS - contig=contig_1, start=24072, stop=25664, strand=+, nt=[ATGAGCTATC..GAGTTTTTAG]
16:40:10.067 - INFO - CDS - contig=contig_1, start=25735, stop=25992, strand=+, nt=[ATGCAAATCA..GGCAAAATGA]
16:40:10.067 - INFO - CDS - contig=contig_1, start=25989, stop=26360, strand=+, nt=[ATGAAAGTAT..GAATCATTAA]
16:40:10.067 - INFO - CDS - contig=contig_1, start=26501, stop=27784, strand=+, nt=[ATGGGATTAC..GGATGCATAA]
16:40:10.067 - INFO - CDS - contig=contig_1, start=27777, stop=28472, strand=+, nt=[ATGCATAAGT..GCTTAAATAA]
16:40:10.067 - INFO - CDS - contig=contig_1, start=28491, stop=29696, strand=+, nt=[ATGTCTAAAT..GGCTAAGTAG]
16:40:10.067 - INFO - CDS - contig=contig_1, start=29699, stop=29956, strand=+, nt=[ATGGTTAGTT..TGTGTTCTGA]
16:40:10.067 - INFO - CDS - contig=contig_1, start=29956, stop=30294, strand=+, nt=[ATGAAGATTG..TTATGACTAG]
16:40:10.067 - INFO - CDS - contig=contig_1, start=30287, stop=30655, strand=+, nt=[ATGACTAGAA..GCGAGTGTGA]
16:40:10.067 - INFO - CDS - contig=contig_1, start=30662, stop=30988, strand=+, nt=[ATGTTACTGA..TGGAGGATAA]
16:40:10.068 - INFO - CDS - contig=contig_1, start=30990, stop=31559, strand=+, nt=[ATGGCTGAAA..TCGTAGGTAA]
16:40:10.068 - INFO - CDS - contig=contig_1, start=31571, stop=31990, strand=+, nt=[ATGAGAGAAA..TTCACAGTAG]
16:40:10.068 - INFO - CDS - contig=contig_1, start=32173, stop=35031, strand=+, nt=[ATGGCTGGAA..GAAACCATGA]
16:40:10.068 - INFO - CDS - contig=contig_1, start=35028, stop=35750, strand=+, nt=[ATGATTAGAC..GTGGGCTTAG]
16:40:10.068 - INFO - CDS - contig=contig_1, start=35750, stop=40297, strand=+, nt=[GTGTTATCAT..AATTAAATAA]
16:40:10.068 - INFO - CDS - contig=contig_1, start=40310, stop=40516, strand=+, nt=[ATGAATCTAG..AGGAGAATAG]
16:40:10.068 - INFO - CDS - contig=contig_1, start=40522, stop=40890, strand=+, nt=[ATGGCACTTC..TAACTCTTAA]
16:40:10.068 - INFO - CDS - contig=contig_1, start=40868, stop=41263, strand=+, nt=[ATGAAGGAAC..CGAGAGGTGA]
16:40:10.068 - INFO - CDS - contig=contig_1, start=41270, stop=42739, strand=+, nt=[ATGGGAAAAC..AATATCATAA]
16:40:10.068 - INFO - CDS - contig=contig_1, start=42963, stop=44204, strand=+, nt=[ATGTCCGTAA..CAAGTTATGA]
16:40:10.068 - INFO - CDS - contig=contig_1, start=44167, stop=45459, strand=+, nt=[GTGTCCACCG..AGATTTATAA]
16:40:10.068 - INFO - CDS - contig=contig_1, start=45727, stop=46101, strand=+, nt=[ATGGCAAAGA..TTTTGCATAA]
16:40:10.068 - INFO - CDS - contig=contig_1, start=46491, stop=48410, strand=+, nt=[ATGAAAATAA..GTTAGCTTAA]
16:40:10.068 - INFO - CDS - contig=contig_1, start=48860, stop=49897, strand=+, nt=[ATGCCTACTA..GGTCGCCTAA]
16:40:10.068 - INFO - CDS - contig=contig_1, start=49921, stop=50415, strand=+, nt=[ATGGTCAATA..GTATAGATAA]
16:40:10.068 - INFO - CDS - contig=contig_1, start=50844, stop=51743, strand=+, nt=[GTGAATATTA..TACCTTTTAA]
16:40:10.068 - INFO - CDS - contig=contig_1, start=51969, stop=52571, strand=+, nt=[TTGAATTTCA..AGAAGAGTAA]
16:40:10.068 - INFO - CDS - contig=contig_1, start=52903, stop=53070, strand=+, nt=[ATGAAAAAGA..GGAGGGATAA]
16:40:10.068 - INFO - CDS - contig=contig_1, start=53073, stop=53891, strand=+, nt=[ATGAAACGTA..AGGTGATTAA]
16:40:10.068 - INFO - CDS - contig=contig_1, start=54040, stop=55395, strand=+, nt=[ATGAAATTTT..TACTACATAA]
16:40:10.068 - INFO - CDS - contig=contig_1, start=55379, stop=55807, strand=+, nt=[ATGAACCTAC..AACCCTATAA]
16:40:10.068 - INFO - CDS - contig=contig_1, start=55818, stop=56201, strand=+, nt=[ATGCTTGAGG..GACAGGATAG]
16:40:10.068 - INFO - CDS - contig=contig_1, start=56210, stop=56443, strand=+, nt=[ATGAATGAAC..TAAGAGGTGA]
16:40:10.068 - INFO - CDS - contig=contig_1, start=56446, stop=57030, strand=+, nt=[ATGATAAGGA..TTTCTTGTGA]
16:40:10.068 - INFO - CDS - contig=contig_1, start=57108, stop=57596, strand=+, nt=[ATGTCATCTG..GACCTTGTAA]
16:40:10.068 - INFO - CDS - contig=contig_1, start=57596, stop=59413, strand=+, nt=[ATGTATTCAA..ACTACATTAA]
16:40:10.068 - INFO - CDS - contig=contig_1, start=59431, stop=59673, strand=+, nt=[ATGAATCAAA..TACCATTTAG]
16:40:10.068 - INFO - CDS - contig=contig_1, start=59698, stop=60546, strand=+, nt=[ATGAATTTTA..GGGGATGTAG]
16:40:10.068 - INFO - CDS - contig=contig_1, start=60608, stop=60961, strand=+, nt=[ATGAACACTC..CATCTTCTAA]
16:40:10.068 - INFO - CDS - contig=contig_1, start=60918, stop=63269, strand=+, nt=[GTGAAAAAAT..GAGGACATGA]
16:40:10.068 - INFO - CDS - contig=contig_1, start=63271, stop=66072, strand=+, nt=[ATGAAAGAGG..GACGAAATAA]
16:40:10.068 - INFO - CDS - contig=contig_1, start=66210, stop=67220, strand=+, nt=[ATGGAAACAA..ACGAAATTAG]
16:40:10.069 - INFO - CDS - contig=contig_1, start=67331, stop=67618, strand=+, nt=[GTGCTGCCGA..GACAAAATAA]
16:40:10.069 - INFO - CDS - contig=contig_1, start=67680, stop=68525, strand=-, nt=[ATGAATAAAG..TTCTGATTAA]
16:40:10.069 - INFO - CDS - contig=contig_1, start=68522, stop=69112, strand=-, nt=[ATGTCAAAAA..CCTAGTATGA]
16:40:10.069 - INFO - CDS - contig=contig_1, start=69392, stop=74287, strand=+, nt=[ATGACCAAAA..GGAGAAGTAG]
16:40:10.069 - INFO - CDS - contig=contig_1, start=74288, stop=74479, strand=+, nt=[ATGAATCCAA..GGAACTTTGA]
16:40:10.069 - INFO - CDS - contig=contig_1, start=74463, stop=75014, strand=+, nt=[ATGGCTTGGA..CCTAGATTAA]
16:40:10.069 - INFO - CDS - contig=contig_1, start=75063, stop=80525, strand=+, nt=[ATGAATCAAG..GCGCTGTTAA]
16:40:10.069 - INFO - CDS - contig=contig_1, start=81023, stop=82801, strand=+, nt=[ATGCGTACAG..ACGTTTATGA]
16:40:10.069 - INFO - CDS - contig=contig_1, start=82939, stop=84282, strand=+, nt=[ATGCGGTTGA..CGAGATATAA]
16:40:10.069 - INFO - CDS - contig=contig_1, start=84353, stop=84652, strand=+, nt=[ATGACCCAAA..ATTAGCCTAG]
16:40:10.069 - INFO - CDS - contig=contig_1, start=84666, stop=84956, strand=+, nt=[ATGTTGGAGC..AATAGTTTAA]
16:40:10.069 - INFO - CDS - contig=contig_1, start=85052, stop=85690, strand=+, nt=[ATGTTAAATA..GAACAACTAG]
16:40:10.069 - INFO - CDS - contig=contig_1, start=85730, stop=86806, strand=+, nt=[ATGACACGAA..GGAATTGTGA]
16:40:10.069 - INFO - CDS - contig=contig_1, start=86860, stop=87087, strand=+, nt=[ATGAGTGTGA..TACAGAATGA]
16:40:10.069 - INFO - CDS - contig=contig_1, start=87084, stop=87473, strand=+, nt=[ATGAGTAAAA..TGATTTATAA]
16:40:10.069 - INFO - CDS - contig=contig_1, start=87523, stop=87813, strand=+, nt=[ATGAAATTTT..AAACGGATAA]
16:40:10.069 - INFO - CDS - contig=contig_1, start=87883, stop=88359, strand=+, nt=[ATGATTGGAG..GGTGGCTTAA]
16:40:10.069 - INFO - CDS - contig=contig_1, start=88359, stop=89141, strand=+, nt=[ATGAGGTTGG..TAGTTTATGA]
16:40:10.069 - INFO - CDS - contig=contig_1, start=89138, stop=90367, strand=+, nt=[ATGAAAGAAT..TGCGGATTGA]
16:40:10.069 - INFO - CDS - contig=contig_1, start=90357, stop=91976, strand=+, nt=[ATGCGGATTG..GCAAGATTGA]
16:40:10.069 - INFO - CDS - contig=contig_1, start=92360, stop=92722, strand=+, nt=[ATGACAGAAA..GGGAGGTTAG]
16:40:10.069 - INFO - CDS - contig=contig_1, start=92725, stop=93090, strand=+, nt=[ATGGAAAATC..TAGTCACTAA]
16:40:10.069 - INFO - CDS - contig=contig_1, start=93077, stop=94960, strand=+, nt=[ATGGTAGTCA..GAAAGAATAG]
16:40:10.069 - INFO - CDS - contig=contig_1, start=95057, stop=96430, strand=+, nt=[ATGAAAAAGA..TGTGCAATAA]
16:40:10.069 - INFO - CDS - contig=contig_1, start=96471, stop=97169, strand=+, nt=[ATGTATAAGA..ATTCAATTAA]
16:40:10.069 - INFO - CDS - contig=contig_1, start=97147, stop=98490, strand=+, nt=[ATGATGAAAA..AAAATTTTAG]
16:40:10.069 - INFO - CDS - contig=contig_1, start=98680, stop=99381, strand=+, nt=[ATGGAAGTTA..AAATGACTAA]
16:40:10.069 - INFO - CDS - contig=contig_1, start=99374, stop=100111, strand=+, nt=[ATGACTAATA..TAAAAAGTGA]
16:40:10.069 - INFO - CDS - contig=contig_1, start=100089, stop=100775, strand=+, nt=[ATGAACAAAA..AAAGAGGTAA]
16:40:10.069 - INFO - CDS - contig=contig_1, start=100836, stop=101552, strand=+, nt=[ATGAGGAAAA..CATAGAATAA]
16:40:10.070 - INFO - CDS - contig=contig_1, start=101820, stop=102224, strand=+, nt=[ATGAAATATT..TGAAAAATAA]
16:40:10.070 - INFO - CDS - contig=contig_1, start=102729, stop=104483, strand=+, nt=[ATGAAAAAAA..CACACGTTGA]
16:40:10.070 - INFO - CDS - contig=contig_1, start=104726, stop=105049, strand=-, nt=[ATGAAGTCAA..TTGTCTTTGA]
16:40:10.070 - INFO - CDS - contig=contig_1, start=105277, stop=105702, strand=+, nt=[ATGAAAGTTG..ACTGCTTTGA]
16:40:10.070 - INFO - CDS - contig=contig_1, start=105753, stop=106034, strand=+, nt=[ATGGCAGATA..TACGAAATAA]
16:40:10.070 - INFO - CDS - contig=contig_1, start=107018, stop=107380, strand=+, nt=[ATGTCAGGCA..CAATAGGTAA]
16:40:10.070 - INFO - CDS - contig=contig_1, start=107413, stop=108303, strand=+, nt=[GTGAATATAA..GAATAATTGA]
16:40:10.070 - INFO - CDS - contig=contig_1, start=108432, stop=109151, strand=+, nt=[ATGAAGAAGA..TTTCAGCTAG]
16:40:10.070 - INFO - CDS - contig=contig_1, start=109637, stop=109903, strand=-, nt=[ATGACTGAGA..AAATGACTGA]
16:40:10.070 - INFO - CDS - contig=contig_1, start=110170, stop=110361, strand=+, nt=[ATGTCTAGAA..AGATGAGTAG]
16:40:10.070 - INFO - CDS - predicted=111
16:40:10.290 - INFO - ORF - discarded=0
16:40:10.875 - INFO - UPS - looked-up=109
16:40:11.144 - INFO - IPS - looked-up=109
16:40:11.145 - INFO - ORF - write internal aa seqs: # seqs=2, path=/tmp/tmp7ghk02fn/cds.psc.faa
16:41:24.472 - INFO - PSC - found: PSC=0, PSCC=2
16:41:24.820 - INFO - PSC - looked-up=111
16:41:25.086 - INFO - PSCC - looked-up=110
16:41:25.086 - INFO - ORF - write internal aa seqs: # seqs=111, path=/tmp/tmp7ghk02fn/cds.expert.faa
16:41:26.872 - INFO - EXPERT-AMRFINDER - found=2
16:41:28.083 - INFO - EXPERT_AA_SEQ - found=2
16:41:28.084 - INFO - ANNOTATION - fix gene: extract symbol from protein name. symbol=ccmD
16:41:28.084 - INFO - ANNOTATION - fix product: revise DUF. new=DUF2815 domain-containing protein, old=DUF2815 family protein
16:41:28.085 - INFO - ANNOTATION - fix gene: extract symbol from protein name. symbol=vbhA
16:41:28.087 - INFO - ANNOTATION - fix gene: extract symbol from protein name. symbol=zapB
16:41:28.087 - INFO - ANNOTATION - fix gene: extract symbol from protein name. symbol=amiB
16:41:28.088 - INFO - ANNOTATION - fix gene: extract symbol from protein name. symbol=tnpV
16:41:28.088 - INFO - ANNOTATION - fix product: replace domain name underscores. new=RepA-N domain-containing protein, old=RepA_N domain-containing protein
16:41:28.089 - INFO - ANNOTATION - fix gene: lowercase first char. new=arsC, old=ArsC
16:41:28.089 - INFO - ANNOTATION - fix gene: lowercase first char. new=arsC, old=ArsC
16:41:28.089 - INFO - ANNOTATION - fix gene: extract symbol from protein name. symbol=virD4
16:41:28.089 - INFO - ANNOTATION - fix gene: lowercase first char. new=virD4, old=VirD4
16:41:28.090 - INFO - ANNOTATION - fix gene: lowercase first char. new=virD4, old=VirD4
16:41:28.090 - INFO - ANNOTATION - fix gene: extract symbol from protein name. symbol=trbC
16:41:28.090 - INFO - ANNOTATION - fix gene: extract symbol from protein name. symbol=trbL
16:41:28.090 - INFO - ANNOTATION - fix gene: extract symbol from protein name. symbol=prgI
16:41:28.090 - INFO - ANNOTATION - fix gene: extract symbol from protein name. symbol=virB4
16:41:28.090 - INFO - ANNOTATION - fix gene: lowercase first char. new=virB4, old=VirB4
16:41:28.091 - INFO - ANNOTATION - fix gene: lowercase first char. new=virB4, old=VirB4
16:41:28.091 - INFO - ANNOTATION - fix gene: lowercase first char. new=abiF, old=AbiF
16:41:28.091 - INFO - ANNOTATION - fix gene: lowercase first char. new=abiF, old=AbiF
16:41:28.091 - INFO - ANNOTATION - fix product: replace putative synonyms. new=putative nucleotidyltransferase component of viral defense system, old=Predicted nucleotidyltransferase component of viral defense system
16:41:28.091 - INFO - ANNOTATION - fix gene: lowercase first char. new=abiEi, old=AbiEi
16:41:28.092 - INFO - ANNOTATION - fix gene: lowercase first char. new=abiEi, old=AbiEi
16:41:28.092 - INFO - ANNOTATION - fix gene: extract symbol from protein name. symbol=tolA
16:41:28.092 - INFO - ANNOTATION - fix gene: lowercase first char. new=tolA, old=TolA
16:41:28.092 - INFO - ANNOTATION - fix gene: lowercase first char. new=tolA, old=TolA
16:41:28.093 - INFO - ANNOTATION - fix gene: lowercase first char. new=hipB, old=HipB
16:41:28.093 - INFO - ANNOTATION - fix gene: lowercase first char. new=hipB, old=HipB
16:41:28.093 - INFO - ANNOTATION - fix product: replace domain name underscores. new=SIR2-2 domain-containing protein, old=SIR2_2 domain-containing protein
16:41:28.094 - INFO - ANNOTATION - fix gene: extract symbol from protein name. symbol=mobC
16:41:28.094 - INFO - ANNOTATION - fix gene: extract symbol from protein name. symbol=mutR
16:41:28.095 - INFO - ANNOTATION - fix product: replace domain name underscores. new=Big-8 domain-containing protein, old=Big_8 domain-containing protein
16:41:28.206 - INFO - S_ORF - predicted=1714
16:41:28.545 - INFO - S_ORF - sORF filter: # valid=191, # discarded=1523
16:41:28.715 - INFO - ORF - discarded=0
16:41:29.603 - INFO - UPS - looked-up=0
16:41:29.605 - INFO - IPS - looked-up=0
16:41:29.606 - INFO - ORF - write internal aa seqs: # seqs=191, path=/tmp/tmp7ghk02fn/sorf.faa
16:41:29.912 - INFO - S_ORF - homology: contig=contig_1, start=105130, stop=105201, strand=+, aa-length=23, query-cov=1.000, identity=0.957, UniRef90=A0A4T2H2M5
16:41:29.912 - INFO - S_ORF - found=1
16:41:29.916 - INFO - PSC - looked-up=1
16:41:29.920 - INFO - PSCC - looked-up=1
16:41:31.363 - INFO - ORI - predicted=0
16:41:31.768 - INFO - ORI - predicted=0
16:41:31.769 - INFO - UTILS - generated sequence tag prefix: prefix=BIHPCMCCHN, length=10, MD5=B219C6CC17889B50239B70ACB5C37F43
16:41:31.770 - INFO - MAIN - selected features=113
16:41:31.770 - INFO - UTILS - generated sequence tag prefix: prefix=BIHPCM, length=6, MD5=B219C6CC17889B50239B70ACB5C37F43
16:41:31.771 - INFO - MAIN - locus tag prefix=BIHPCM
16:41:31.771 - INFO - UTILS - genome-size=110666
16:41:31.774 - INFO - UTILS - GC=0.386
16:41:31.774 - INFO - UTILS - N=0.000
16:41:31.775 - INFO - UTILS - N50=110666
16:41:31.775 - INFO - UTILS - coding-ratio=0.900
16:41:31.775 - INFO - TSV - write tsv: path=/net/holy-nfsisilon/ifs/rc_labs/eddy_lab/users/lmerk/phage_groupII/data/bakta_output/MN270258/MN270258.tsv
16:41:31.785 - INFO - GFF - write GFF3: path=/net/holy-nfsisilon/ifs/rc_labs/eddy_lab/users/lmerk/phage_groupII/data/bakta_output/MN270258/MN270258.gff3
16:41:31.804 - INFO - INSDC - write GenBank: path=/net/holy-nfsisilon/ifs/rc_labs/eddy_lab/users/lmerk/phage_groupII/data/bakta_output/MN270258/MN270258.gbff
16:41:31.837 - INFO - INSDC - write EMBL: path=/net/holy-nfsisilon/ifs/rc_labs/eddy_lab/users/lmerk/phage_groupII/data/bakta_output/MN270258/MN270258.embl
16:41:31.860 - INFO - FASTA - write genome sequences: path=/net/holy-nfsisilon/ifs/rc_labs/eddy_lab/users/lmerk/phage_groupII/data/bakta_output/MN270258/MN270258.fna, description=True, wrap=True
16:41:31.866 - INFO - FASTA - write feature nucleotide sequences: path=/net/holy-nfsisilon/ifs/rc_labs/eddy_lab/users/lmerk/phage_groupII/data/bakta_output/MN270258/MN270258.ffn
16:41:31.872 - INFO - FASTA - write translated CDS/sORF: path=/net/holy-nfsisilon/ifs/rc_labs/eddy_lab/users/lmerk/phage_groupII/data/bakta_output/MN270258/MN270258.faa
16:41:31.922 - INFO - PLOT - write circular genome plot: file-name=MN270258, output-dir=/net/holy-nfsisilon/ifs/rc_labs/eddy_lab/users/lmerk/phage_groupII/data/bakta_output/MN270258
16:41:45.881 - INFO - TSV - write hypothetical tsv: path=/net/holy-nfsisilon/ifs/rc_labs/eddy_lab/users/lmerk/phage_groupII/data/bakta_output/MN270258/MN270258.hypotheticals.tsv
16:41:45.885 - INFO - FASTA - write translated CDS/sORF: path=/net/holy-nfsisilon/ifs/rc_labs/eddy_lab/users/lmerk/phage_groupII/data/bakta_output/MN270258/MN270258.hypotheticals.faa
16:41:45.890 - INFO - JSON - write JSON: path=/net/holy-nfsisilon/ifs/rc_labs/eddy_lab/users/lmerk/phage_groupII/data/bakta_output/MN270258/MN270258.json
16:41:45.930 - INFO - MAIN - removed tmp dir: /tmp/tmp7ghk02fn
