16:39:57.943 - INFO - UTILS - version=1.9.1
16:39:57.943 - INFO - UTILS - developer: Oliver Schwengers, github.com/oschwengers
16:39:57.943 - INFO - UTILS - command: /n/home07/lmerk/.conda/envs/bakta/bin/bakta --force --db /n/eddy_lab/users/lmerk/databases/full/db -o ../data/bakta_output/MN091626 ../data/genomes/groupII_millard/MN091626/MN091626.fna
16:39:57.943 - INFO - UTILS - local time: 2024-03-13 16:39:57
16:39:57.949 - INFO - UTILS - machine: type=x86_64, cores=64
16:39:57.949 - INFO - UTILS - system: type=Linux, release=4.18.0-425.10.1.el8_7.x86_64
16:39:57.949 - INFO - UTILS - python: version=3.10.13, implementation=CPython
16:39:57.949 - INFO - CONFIG - threads=64
16:39:57.949 - INFO - CONFIG - verbose=False
16:39:57.949 - INFO - CONFIG - debug=False
16:39:57.952 - INFO - CONFIG - database: type=parameter, path=/net/holy-nfsisilon/ifs/rc_labs/eddy_lab/users/lmerk/databases/full/db
16:39:57.954 - INFO - CONFIG - tmp-path=/tmp/tmp8ddl6vq7
16:39:57.959 - INFO - CONFIG - genome-path=/net/holy-nfsisilon/ifs/rc_labs/eddy_lab/users/lmerk/phage_groupII/data/genomes/groupII_millard/MN091626/MN091626.fna
16:39:57.960 - INFO - CONFIG - min_contig_length=1
16:39:57.960 - INFO - CONFIG - prefix=MN091626
16:39:57.960 - INFO - CONFIG - output-path=/net/holy-nfsisilon/ifs/rc_labs/eddy_lab/users/lmerk/phage_groupII/data/bakta_output/MN091626
16:39:57.960 - INFO - CONFIG - force=True
16:39:57.960 - INFO - CONFIG - genus=None
16:39:57.960 - INFO - CONFIG - species=None
16:39:57.960 - INFO - CONFIG - strain=None
16:39:57.960 - INFO - CONFIG - plasmid=None
16:39:57.960 - INFO - CONFIG - complete=False
16:39:57.960 - INFO - CONFIG - prodigal_tf=None
16:39:57.960 - INFO - CONFIG - translation_table=11
16:39:57.961 - INFO - CONFIG - gram=?
16:39:57.961 - INFO - CONFIG - compliant=False
16:39:57.961 - INFO - CONFIG - meta=False
16:39:57.961 - INFO - CONFIG - locus=None
16:39:57.961 - INFO - CONFIG - locus-tag=None
16:39:57.961 - INFO - CONFIG - keep_contig_headers=False
16:39:57.961 - INFO - CONFIG - replicon-table=None
16:39:57.961 - INFO - CONFIG - regions=None
16:39:57.961 - INFO - CONFIG - skip-tRNA=False
16:39:57.961 - INFO - CONFIG - skip-tmRNA=False
16:39:57.961 - INFO - CONFIG - skip-rRNA=False
16:39:57.961 - INFO - CONFIG - skip-ncRNA=False
16:39:57.961 - INFO - CONFIG - skip-ncRNA-region=False
16:39:57.961 - INFO - CONFIG - skip-CRISPR=False
16:39:57.961 - INFO - CONFIG - skip-CDS=False
16:39:57.962 - INFO - CONFIG - skip-pseudo=False
16:39:57.962 - INFO - CONFIG - skip-sORF=False
16:39:57.962 - INFO - CONFIG - skip-gap=False
16:39:57.962 - INFO - CONFIG - skip-ori=False
16:39:57.962 - INFO - CONFIG - skip-plot=False
16:39:57.963 - INFO - DB - detected: major=5, minor=0, type=full, date=2023-02-20
16:39:58.615 - INFO - UTILS - dependency: tool=tRNAscan-SE, version=v2.0.12, path=/n/home07/lmerk/.conda/envs/bakta/bin/tRNAscan-SE
16:39:58.623 - INFO - UTILS - dependency: tool=Aragorn, version=v1.2.41, path=/n/home07/lmerk/.conda/envs/bakta/bin/aragorn
16:39:58.638 - INFO - UTILS - dependency: tool=CMscan, version=v1.1.4, path=/n/home07/lmerk/goodies/bin/cmscan
16:39:58.656 - INFO - UTILS - dependency: tool=PilerCR, version=v1.6.0, path=/n/home07/lmerk/.conda/envs/bakta/bin/pilercr
16:39:59.955 - INFO - UTILS - dependency: tool=Pyrodigal, version=v3.2.1, path=/n/home07/lmerk/.conda/envs/bakta/bin/pyrodigal
16:39:59.972 - INFO - UTILS - dependency: tool=AMRFinderPlus, version=v3.11.26, path=/n/home07/lmerk/.conda/envs/bakta/bin/amrfinder
16:40:00.505 - INFO - UTILS - dependency: tool=Pyhmmer, version=v0.10.4, path=/n/home07/lmerk/.conda/envs/bakta/bin/python
16:40:00.527 - INFO - UTILS - dependency: tool=Diamond, version=v2.1.8, path=/n/home07/lmerk/.conda/envs/bakta/bin/diamond
16:40:00.933 - INFO - UTILS - dependency: tool=Blastn, version=v2.15.0, path=/n/home07/lmerk/.conda/envs/bakta/bin/blastn
16:40:03.344 - INFO - UTILS - dependency: tool=Circos, version=v0.69.8, path=/n/home07/lmerk/.conda/envs/bakta/bin/circos
16:40:03.500 - INFO - FASTA - imported: id=MN091626, length=268748, description=, genomic=True, dna=True
16:40:03.501 - INFO - MAIN - imported sequences=1
16:40:03.501 - INFO - UTILS - qc: revised sequence: id=contig_1, orig-id=MN091626, type=contig, complete=False, topology=linear, name=, description='[gcode=11] [topology=linear]', orig-description=''
16:40:03.501 - INFO - FASTA - write genome sequences: path=/tmp/tmp8ddl6vq7/contigs.fna, description=False, wrap=False
16:40:06.306 - INFO - T_RNA - contig=contig_1, start=241265, stop=241336, strand=+, gene=trnN, product=tRNA-Asn(gtt), score=63.3, nt=[TGTCCCATAG..TCTGGGACAG]
16:40:06.307 - INFO - T_RNA - predicted=1
16:40:06.385 - INFO - TM_RNA - predicted=0
16:40:06.634 - INFO - R_RNA - predicted=0
16:40:08.104 - INFO - NC_RNA - predicted=0
16:40:08.896 - INFO - NC_RNA_REGION - predicted=0
16:40:09.043 - INFO - CRISPR - predicted=0
16:40:09.043 - INFO - CDS - create prodigal training info object: meta=False, closed=True
16:40:09.157 - INFO - CDS - contig=contig_1, start=1, stop=2988, strand=+, frame=1, truncated=no, start-type=ATG, RBS-motif=None
16:40:09.157 - INFO - CDS - contig=contig_1, start=3027, stop=4007, strand=+, frame=3, truncated=no, start-type=ATG, RBS-motif=GGAG/GAGG
16:40:09.157 - INFO - CDS - contig=contig_1, start=4063, stop=5805, strand=-, frame=3, truncated=no, start-type=ATG, RBS-motif=GGA/GAG/AGG
16:40:09.157 - INFO - CDS - contig=contig_1, start=5830, stop=6972, strand=-, frame=3, truncated=no, start-type=ATG, RBS-motif=AGGA
16:40:09.158 - INFO - CDS - contig=contig_1, start=6965, stop=7348, strand=-, frame=2, truncated=no, start-type=ATG, RBS-motif=4Base/6BMM
16:40:09.158 - INFO - CDS - contig=contig_1, start=7354, stop=7830, strand=-, frame=3, truncated=no, start-type=GTG, RBS-motif=AGGAG/GGAGG
16:40:09.158 - INFO - CDS - contig=contig_1, start=8176, stop=9075, strand=+, frame=1, truncated=no, start-type=TTG, RBS-motif=GGA/GAG/AGG
16:40:09.158 - INFO - CDS - contig=contig_1, start=9152, stop=14107, strand=+, frame=2, truncated=no, start-type=TTG, RBS-motif=AGGAG/GGAGG
16:40:09.158 - INFO - CDS - contig=contig_1, start=14206, stop=19449, strand=+, frame=1, truncated=no, start-type=ATG, RBS-motif=AGGAG
16:40:09.159 - INFO - CDS - contig=contig_1, start=19562, stop=20221, strand=+, frame=2, truncated=no, start-type=ATG, RBS-motif=None
16:40:09.159 - INFO - CDS - contig=contig_1, start=20243, stop=21709, strand=+, frame=2, truncated=no, start-type=TTG, RBS-motif=AGGAG
16:40:09.159 - INFO - CDS - contig=contig_1, start=21783, stop=23093, strand=+, frame=3, truncated=no, start-type=ATG, RBS-motif=GGA/GAG/AGG
16:40:09.159 - INFO - CDS - contig=contig_1, start=23117, stop=23269, strand=+, frame=2, truncated=no, start-type=ATG, RBS-motif=AGGA
16:40:09.159 - INFO - CDS - contig=contig_1, start=23269, stop=23601, strand=+, frame=1, truncated=no, start-type=ATG, RBS-motif=AGGAG
16:40:09.159 - INFO - CDS - contig=contig_1, start=24879, stop=26381, strand=+, frame=3, truncated=no, start-type=ATG, RBS-motif=AGGAG/GGAGG
16:40:09.159 - INFO - CDS - contig=contig_1, start=26383, stop=27207, strand=+, frame=1, truncated=no, start-type=ATG, RBS-motif=3Base/5BMM
16:40:09.160 - INFO - CDS - contig=contig_1, start=27291, stop=28472, strand=+, frame=3, truncated=no, start-type=ATG, RBS-motif=AGGAG
16:40:09.160 - INFO - CDS - contig=contig_1, start=28494, stop=29201, strand=+, frame=3, truncated=no, start-type=ATG, RBS-motif=AGGA/GGAG/GAGG
16:40:09.160 - INFO - CDS - contig=contig_1, start=29308, stop=30045, strand=+, frame=1, truncated=no, start-type=ATG, RBS-motif=AGGAG(G)/GGAGG
16:40:09.160 - INFO - CDS - contig=contig_1, start=30111, stop=30683, strand=+, frame=3, truncated=no, start-type=ATG, RBS-motif=AGGAG/GGAGG
16:40:09.160 - INFO - CDS - contig=contig_1, start=30687, stop=31616, strand=+, frame=3, truncated=no, start-type=ATG, RBS-motif=GGA/GAG/AGG
16:40:09.160 - INFO - CDS - contig=contig_1, start=31619, stop=32551, strand=+, frame=2, truncated=no, start-type=ATG, RBS-motif=AGGAG
16:40:09.160 - INFO - CDS - contig=contig_1, start=32625, stop=33956, strand=+, frame=3, truncated=no, start-type=ATG, RBS-motif=AGGAG(G)/GGAGG
16:40:09.161 - INFO - CDS - contig=contig_1, start=33943, stop=34362, strand=+, frame=1, truncated=no, start-type=GTG, RBS-motif=GGA/GAG/AGG
16:40:09.161 - INFO - CDS - contig=contig_1, start=34385, stop=35926, strand=+, frame=2, truncated=no, start-type=ATG, RBS-motif=AGxAGG/AGGxGG
16:40:09.161 - INFO - CDS - contig=contig_1, start=35977, stop=36840, strand=+, frame=1, truncated=no, start-type=ATG, RBS-motif=AGGA/GGAG/GAGG
16:40:09.161 - INFO - CDS - contig=contig_1, start=37172, stop=37933, strand=+, frame=2, truncated=no, start-type=TTG, RBS-motif=None
16:40:09.161 - INFO - CDS - contig=contig_1, start=38049, stop=38942, strand=+, frame=3, truncated=no, start-type=ATG, RBS-motif=AGGAG/GGAGG
16:40:09.161 - INFO - CDS - contig=contig_1, start=38968, stop=39357, strand=+, frame=1, truncated=no, start-type=ATG, RBS-motif=AGGAG/GGAGG
16:40:09.161 - INFO - CDS - contig=contig_1, start=39587, stop=39925, strand=+, frame=2, truncated=no, start-type=ATG, RBS-motif=AGGA
16:40:09.162 - INFO - CDS - contig=contig_1, start=39943, stop=40725, strand=+, frame=1, truncated=no, start-type=ATG, RBS-motif=AGGA
16:40:09.162 - INFO - CDS - contig=contig_1, start=40823, stop=41158, strand=+, frame=2, truncated=no, start-type=ATG, RBS-motif=AGGAG
16:40:09.162 - INFO - CDS - contig=contig_1, start=41236, stop=42051, strand=+, frame=1, truncated=no, start-type=ATG, RBS-motif=AGGAG/GGAGG
16:40:09.162 - INFO - CDS - contig=contig_1, start=42057, stop=42608, strand=+, frame=3, truncated=no, start-type=ATG, RBS-motif=AGGAG
16:40:09.162 - INFO - CDS - contig=contig_1, start=42654, stop=43085, strand=+, frame=3, truncated=no, start-type=TTG, RBS-motif=AGxAG
16:40:09.162 - INFO - CDS - contig=contig_1, start=43181, stop=43552, strand=+, frame=2, truncated=no, start-type=ATG, RBS-motif=AGGA
16:40:09.162 - INFO - CDS - contig=contig_1, start=43637, stop=44170, strand=+, frame=2, truncated=no, start-type=TTG, RBS-motif=AGGA/GGAG/GAGG
16:40:09.163 - INFO - CDS - contig=contig_1, start=44556, stop=48110, strand=+, frame=3, truncated=no, start-type=ATG, RBS-motif=AGGA/GGAG/GAGG
16:40:09.163 - INFO - CDS - contig=contig_1, start=48131, stop=48310, strand=+, frame=2, truncated=no, start-type=ATG, RBS-motif=3Base/5BMM
16:40:09.163 - INFO - CDS - contig=contig_1, start=48427, stop=50166, strand=+, frame=1, truncated=no, start-type=TTG, RBS-motif=GGA/GAG/AGG
16:40:09.163 - INFO - CDS - contig=contig_1, start=50745, stop=51053, strand=+, frame=3, truncated=no, start-type=ATG, RBS-motif=None
16:40:09.163 - INFO - CDS - contig=contig_1, start=51138, stop=51566, strand=+, frame=3, truncated=no, start-type=ATG, RBS-motif=AGGAG/GGAGG
16:40:09.163 - INFO - CDS - contig=contig_1, start=51635, stop=51784, strand=+, frame=2, truncated=no, start-type=ATG, RBS-motif=AGGAG
16:40:09.163 - INFO - CDS - contig=contig_1, start=51965, stop=52210, strand=+, frame=2, truncated=no, start-type=TTG, RBS-motif=AGxAGG/AGGxGG
16:40:09.163 - INFO - CDS - contig=contig_1, start=52300, stop=52647, strand=+, frame=1, truncated=no, start-type=ATG, RBS-motif=AGGAG/GGAGG
16:40:09.163 - INFO - CDS - contig=contig_1, start=52669, stop=52956, strand=+, frame=1, truncated=no, start-type=ATG, RBS-motif=AGGAG
16:40:09.164 - INFO - CDS - contig=contig_1, start=52976, stop=53239, strand=+, frame=2, truncated=no, start-type=TTG, RBS-motif=AGxAGG/AGGxGG
16:40:09.164 - INFO - CDS - contig=contig_1, start=53246, stop=53620, strand=+, frame=2, truncated=no, start-type=ATG, RBS-motif=GGA/GAG/AGG
16:40:09.164 - INFO - CDS - contig=contig_1, start=53620, stop=54213, strand=+, frame=1, truncated=no, start-type=ATG, RBS-motif=GGA/GAG/AGG
16:40:09.164 - INFO - CDS - contig=contig_1, start=54232, stop=54615, strand=+, frame=1, truncated=no, start-type=ATG, RBS-motif=GGA/GAG/AGG
16:40:09.164 - INFO - CDS - contig=contig_1, start=54659, stop=55435, strand=+, frame=2, truncated=no, start-type=ATG, RBS-motif=AGGAG/GGAGG
16:40:09.164 - INFO - CDS - contig=contig_1, start=55462, stop=56556, strand=+, frame=1, truncated=no, start-type=ATG, RBS-motif=AGGAG/GGAGG
16:40:09.164 - INFO - CDS - contig=contig_1, start=56573, stop=57736, strand=+, frame=2, truncated=no, start-type=ATG, RBS-motif=AGxAGG/AGGxGG
16:40:09.164 - INFO - CDS - contig=contig_1, start=57744, stop=58580, strand=+, frame=3, truncated=no, start-type=TTG, RBS-motif=AGGAG
16:40:09.165 - INFO - CDS - contig=contig_1, start=58600, stop=58989, strand=+, frame=1, truncated=no, start-type=ATG, RBS-motif=AGGAG/GGAGG
16:40:09.165 - INFO - CDS - contig=contig_1, start=59079, stop=60173, strand=+, frame=3, truncated=no, start-type=ATG, RBS-motif=AGGAG
16:40:09.165 - INFO - CDS - contig=contig_1, start=60187, stop=61593, strand=+, frame=1, truncated=no, start-type=ATG, RBS-motif=GGAGG
16:40:09.165 - INFO - CDS - contig=contig_1, start=61633, stop=61950, strand=+, frame=1, truncated=no, start-type=ATG, RBS-motif=AGGAG
16:40:09.165 - INFO - CDS - contig=contig_1, start=61953, stop=62495, strand=+, frame=3, truncated=no, start-type=ATG, RBS-motif=GGAG/GAGG
16:40:09.165 - INFO - CDS - contig=contig_1, start=62492, stop=62632, strand=+, frame=2, truncated=no, start-type=ATG, RBS-motif=AGGA/GGAG/GAGG
16:40:09.165 - INFO - CDS - contig=contig_1, start=62663, stop=62836, strand=+, frame=2, truncated=no, start-type=ATG, RBS-motif=GGAG/GAGG
16:40:09.165 - INFO - CDS - contig=contig_1, start=62861, stop=63052, strand=+, frame=2, truncated=no, start-type=ATG, RBS-motif=GGAG/GAGG
16:40:09.166 - INFO - CDS - contig=contig_1, start=63082, stop=63351, strand=+, frame=1, truncated=no, start-type=GTG, RBS-motif=GGAG/GAGG
16:40:09.166 - INFO - CDS - contig=contig_1, start=63869, stop=65170, strand=+, frame=2, truncated=no, start-type=ATG, RBS-motif=GGA/GAG/AGG
16:40:09.166 - INFO - CDS - contig=contig_1, start=65323, stop=67464, strand=+, frame=1, truncated=no, start-type=ATG, RBS-motif=AGGAG(G)/GGAGG
16:40:09.166 - INFO - CDS - contig=contig_1, start=67518, stop=68072, strand=+, frame=3, truncated=no, start-type=GTG, RBS-motif=None
16:40:09.166 - INFO - CDS - contig=contig_1, start=68192, stop=70069, strand=+, frame=2, truncated=no, start-type=ATG, RBS-motif=AGGAG/GGAGG
16:40:09.166 - INFO - CDS - contig=contig_1, start=70086, stop=70643, strand=+, frame=3, truncated=no, start-type=ATG, RBS-motif=AGGAG
16:40:09.166 - INFO - CDS - contig=contig_1, start=70661, stop=71395, strand=+, frame=2, truncated=no, start-type=ATG, RBS-motif=AGGAG/GGAGG
16:40:09.167 - INFO - CDS - contig=contig_1, start=71413, stop=72582, strand=+, frame=1, truncated=no, start-type=ATG, RBS-motif=AGGAG
16:40:09.167 - INFO - CDS - contig=contig_1, start=72835, stop=73062, strand=+, frame=1, truncated=no, start-type=ATG, RBS-motif=AGGAG
16:40:09.167 - INFO - CDS - contig=contig_1, start=73090, stop=75081, strand=+, frame=1, truncated=no, start-type=ATG, RBS-motif=AGGAG
16:40:09.167 - INFO - CDS - contig=contig_1, start=75082, stop=75528, strand=+, frame=1, truncated=no, start-type=ATG, RBS-motif=GGA/GAG/AGG
16:40:09.167 - INFO - CDS - contig=contig_1, start=75547, stop=76002, strand=+, frame=1, truncated=no, start-type=ATG, RBS-motif=AGGAG
16:40:09.167 - INFO - CDS - contig=contig_1, start=76019, stop=76477, strand=+, frame=2, truncated=no, start-type=ATG, RBS-motif=AGGAG
16:40:09.167 - INFO - CDS - contig=contig_1, start=76498, stop=76947, strand=+, frame=1, truncated=no, start-type=ATG, RBS-motif=GGA/GAG/AGG
16:40:09.167 - INFO - CDS - contig=contig_1, start=76964, stop=77413, strand=+, frame=2, truncated=no, start-type=TTG, RBS-motif=AGGAG
16:40:09.168 - INFO - CDS - contig=contig_1, start=77508, stop=77924, strand=+, frame=3, truncated=no, start-type=ATG, RBS-motif=AGGA/GGAG/GAGG
16:40:09.168 - INFO - CDS - contig=contig_1, start=77982, stop=78635, strand=+, frame=3, truncated=no, start-type=TTG, RBS-motif=GGA/GAG/AGG
16:40:09.168 - INFO - CDS - contig=contig_1, start=78661, stop=78954, strand=+, frame=1, truncated=no, start-type=ATG, RBS-motif=AGGAG
16:40:09.168 - INFO - CDS - contig=contig_1, start=78954, stop=79169, strand=+, frame=3, truncated=no, start-type=ATG, RBS-motif=AGGA
16:40:09.168 - INFO - CDS - contig=contig_1, start=79251, stop=79634, strand=+, frame=3, truncated=no, start-type=ATG, RBS-motif=AGGAG
16:40:09.168 - INFO - CDS - contig=contig_1, start=79660, stop=79968, strand=+, frame=1, truncated=no, start-type=ATG, RBS-motif=GGAG/GAGG
16:40:09.168 - INFO - CDS - contig=contig_1, start=80014, stop=80316, strand=-, frame=3, truncated=no, start-type=ATG, RBS-motif=AGGA
16:40:09.168 - INFO - CDS - contig=contig_1, start=80507, stop=82129, strand=+, frame=2, truncated=no, start-type=TTG, RBS-motif=AGGAG/GGAGG
16:40:09.169 - INFO - CDS - contig=contig_1, start=82129, stop=83439, strand=+, frame=1, truncated=no, start-type=ATG, RBS-motif=GGAG/GAGG
16:40:09.169 - INFO - CDS - contig=contig_1, start=83508, stop=84140, strand=+, frame=3, truncated=no, start-type=ATG, RBS-motif=GGAG/GAGG
16:40:09.169 - INFO - CDS - contig=contig_1, start=84159, stop=85211, strand=+, frame=3, truncated=no, start-type=ATG, RBS-motif=None
16:40:09.169 - INFO - CDS - contig=contig_1, start=85295, stop=85795, strand=+, frame=2, truncated=no, start-type=ATG, RBS-motif=AGGAG/GGAGG
16:40:09.169 - INFO - CDS - contig=contig_1, start=85825, stop=86445, strand=+, frame=1, truncated=no, start-type=ATG, RBS-motif=AGGAG
16:40:09.169 - INFO - CDS - contig=contig_1, start=86460, stop=87191, strand=+, frame=3, truncated=no, start-type=ATG, RBS-motif=AGGAG
16:40:09.169 - INFO - CDS - contig=contig_1, start=87302, stop=87547, strand=+, frame=2, truncated=no, start-type=ATG, RBS-motif=GGAGG
16:40:09.170 - INFO - CDS - contig=contig_1, start=87645, stop=87923, strand=+, frame=3, truncated=no, start-type=ATG, RBS-motif=AGGAG
16:40:09.170 - INFO - CDS - contig=contig_1, start=87971, stop=88594, strand=+, frame=2, truncated=no, start-type=ATG, RBS-motif=GGA/GAG/AGG
16:40:09.170 - INFO - CDS - contig=contig_1, start=88684, stop=88854, strand=+, frame=1, truncated=no, start-type=ATG, RBS-motif=GGAGG
16:40:09.170 - INFO - CDS - contig=contig_1, start=88957, stop=89271, strand=+, frame=1, truncated=no, start-type=ATG, RBS-motif=AGGAG
16:40:09.170 - INFO - CDS - contig=contig_1, start=89396, stop=89542, strand=+, frame=2, truncated=no, start-type=ATG, RBS-motif=AGGAG
16:40:09.170 - INFO - CDS - contig=contig_1, start=89659, stop=89841, strand=+, frame=1, truncated=no, start-type=ATG, RBS-motif=GGAG/GAGG
16:40:09.170 - INFO - CDS - contig=contig_1, start=89847, stop=90149, strand=+, frame=3, truncated=no, start-type=ATG, RBS-motif=GGAG/GAGG
16:40:09.170 - INFO - CDS - contig=contig_1, start=90170, stop=90406, strand=+, frame=2, truncated=no, start-type=ATG, RBS-motif=GGAGG
16:40:09.170 - INFO - CDS - contig=contig_1, start=90406, stop=90606, strand=+, frame=1, truncated=no, start-type=ATG, RBS-motif=AGGAG(G)/GGAGG
16:40:09.170 - INFO - CDS - contig=contig_1, start=90652, stop=90759, strand=+, frame=1, truncated=no, start-type=ATG, RBS-motif=AGGAG
16:40:09.170 - INFO - CDS - contig=contig_1, start=90837, stop=91343, strand=+, frame=3, truncated=no, start-type=ATG, RBS-motif=GGAG/GAGG
16:40:09.171 - INFO - CDS - contig=contig_1, start=91367, stop=91834, strand=+, frame=2, truncated=no, start-type=ATG, RBS-motif=GGA/GAG/AGG
16:40:09.171 - INFO - CDS - contig=contig_1, start=91866, stop=92342, strand=+, frame=3, truncated=no, start-type=ATG, RBS-motif=GGAG/GAGG
16:40:09.171 - INFO - CDS - contig=contig_1, start=92364, stop=92609, strand=+, frame=3, truncated=no, start-type=ATG, RBS-motif=AGGAG
16:40:09.171 - INFO - CDS - contig=contig_1, start=92700, stop=93389, strand=+, frame=3, truncated=no, start-type=GTG, RBS-motif=GGA/GAG/AGG
16:40:09.171 - INFO - CDS - contig=contig_1, start=93457, stop=93987, strand=+, frame=1, truncated=no, start-type=ATG, RBS-motif=AGGAG
16:40:09.171 - INFO - CDS - contig=contig_1, start=94236, stop=94733, strand=+, frame=3, truncated=no, start-type=ATG, RBS-motif=AGGA/GGAG/GAGG
16:40:09.171 - INFO - CDS - contig=contig_1, start=94775, stop=95314, strand=+, frame=2, truncated=no, start-type=ATG, RBS-motif=GGA/GAG/AGG
16:40:09.171 - INFO - CDS - contig=contig_1, start=95311, stop=95934, strand=+, frame=1, truncated=no, start-type=ATG, RBS-motif=GGAG/GAGG
16:40:09.171 - INFO - CDS - contig=contig_1, start=95924, stop=96388, strand=+, frame=2, truncated=no, start-type=ATG, RBS-motif=AGGAG
16:40:09.171 - INFO - CDS - contig=contig_1, start=96406, stop=96864, strand=+, frame=1, truncated=no, start-type=ATG, RBS-motif=AGGAG
16:40:09.171 - INFO - CDS - contig=contig_1, start=96884, stop=97354, strand=+, frame=2, truncated=no, start-type=GTG, RBS-motif=AGGA
16:40:09.171 - INFO - CDS - contig=contig_1, start=97416, stop=97757, strand=+, frame=3, truncated=no, start-type=ATG, RBS-motif=AGGAG/GGAGG
16:40:09.171 - INFO - CDS - contig=contig_1, start=97777, stop=98262, strand=+, frame=1, truncated=no, start-type=ATG, RBS-motif=AGGAG
16:40:09.172 - INFO - CDS - contig=contig_1, start=98358, stop=98651, strand=+, frame=3, truncated=no, start-type=ATG, RBS-motif=AGGAG
16:40:09.172 - INFO - CDS - contig=contig_1, start=98735, stop=99346, strand=+, frame=2, truncated=no, start-type=ATG, RBS-motif=GGA/GAG/AGG
16:40:09.172 - INFO - CDS - contig=contig_1, start=99346, stop=99894, strand=+, frame=1, truncated=no, start-type=ATG, RBS-motif=AGGAG
16:40:09.172 - INFO - CDS - contig=contig_1, start=99911, stop=100444, strand=+, frame=2, truncated=no, start-type=TTG, RBS-motif=GGA/GAG/AGG
16:40:09.172 - INFO - CDS - contig=contig_1, start=100462, stop=101235, strand=+, frame=1, truncated=no, start-type=ATG, RBS-motif=GGA/GAG/AGG
16:40:09.172 - INFO - CDS - contig=contig_1, start=101314, stop=101973, strand=+, frame=1, truncated=no, start-type=ATG, RBS-motif=GGA/GAG/AGG
16:40:09.172 - INFO - CDS - contig=contig_1, start=101987, stop=102697, strand=+, frame=2, truncated=no, start-type=ATG, RBS-motif=AGGAG
16:40:09.172 - INFO - CDS - contig=contig_1, start=102894, stop=103460, strand=+, frame=3, truncated=no, start-type=ATG, RBS-motif=AGGAG/GGAGG
16:40:09.172 - INFO - CDS - contig=contig_1, start=103531, stop=103989, strand=-, frame=3, truncated=no, start-type=TTG, RBS-motif=AGGA
16:40:09.172 - INFO - CDS - contig=contig_1, start=104017, stop=107013, strand=-, frame=3, truncated=no, start-type=ATG, RBS-motif=None
16:40:09.172 - INFO - CDS - contig=contig_1, start=107076, stop=107582, strand=-, frame=1, truncated=no, start-type=ATG, RBS-motif=AGGA/GGAG/GAGG
16:40:09.173 - INFO - CDS - contig=contig_1, start=107585, stop=108217, strand=-, frame=2, truncated=no, start-type=ATG, RBS-motif=AGGA
16:40:09.173 - INFO - CDS - contig=contig_1, start=108329, stop=108865, strand=-, frame=2, truncated=no, start-type=TTG, RBS-motif=AGGAG
16:40:09.173 - INFO - CDS - contig=contig_1, start=108905, stop=109465, strand=-, frame=2, truncated=no, start-type=ATG, RBS-motif=GGA/GAG/AGG
16:40:09.173 - INFO - CDS - contig=contig_1, start=109452, stop=109946, strand=-, frame=1, truncated=no, start-type=ATG, RBS-motif=4Base/6BMM
16:40:09.173 - INFO - CDS - contig=contig_1, start=110219, stop=110584, strand=-, frame=2, truncated=no, start-type=ATG, RBS-motif=AGGAGG
16:40:09.173 - INFO - CDS - contig=contig_1, start=110600, stop=110953, strand=-, frame=2, truncated=no, start-type=ATG, RBS-motif=AGGAG
16:40:09.173 - INFO - CDS - contig=contig_1, start=110993, stop=118987, strand=-, frame=2, truncated=no, start-type=TTG, RBS-motif=4Base/6BMM
16:40:09.173 - INFO - CDS - contig=contig_1, start=119042, stop=119464, strand=-, frame=2, truncated=no, start-type=ATG, RBS-motif=AGGAG
16:40:09.173 - INFO - CDS - contig=contig_1, start=119669, stop=120844, strand=+, frame=2, truncated=no, start-type=ATG, RBS-motif=AGGAG/GGAGG
16:40:09.173 - INFO - CDS - contig=contig_1, start=120904, stop=121692, strand=-, frame=3, truncated=no, start-type=ATG, RBS-motif=AGGA/GGAG/GAGG
16:40:09.174 - INFO - CDS - contig=contig_1, start=121792, stop=122436, strand=-, frame=3, truncated=no, start-type=ATG, RBS-motif=AGGA
16:40:09.174 - INFO - CDS - contig=contig_1, start=122960, stop=125503, strand=+, frame=2, truncated=no, start-type=ATG, RBS-motif=GGA/GAG/AGG
16:40:09.174 - INFO - CDS - contig=contig_1, start=125509, stop=126345, strand=+, frame=1, truncated=no, start-type=TTG, RBS-motif=GGAG/GAGG
16:40:09.174 - INFO - CDS - contig=contig_1, start=126387, stop=126605, strand=-, frame=1, truncated=no, start-type=TTG, RBS-motif=GGAGG
16:40:09.174 - INFO - CDS - contig=contig_1, start=126675, stop=127343, strand=+, frame=3, truncated=no, start-type=ATG, RBS-motif=None
16:40:09.174 - INFO - CDS - contig=contig_1, start=127361, stop=127945, strand=+, frame=2, truncated=no, start-type=ATG, RBS-motif=GGAG/GAGG
16:40:09.174 - INFO - CDS - contig=contig_1, start=128321, stop=129034, strand=-, frame=2, truncated=no, start-type=ATG, RBS-motif=3Base/5BMM
16:40:09.174 - INFO - CDS - contig=contig_1, start=129059, stop=129901, strand=-, frame=2, truncated=no, start-type=ATG, RBS-motif=AGGA
16:40:09.174 - INFO - CDS - contig=contig_1, start=130011, stop=131021, strand=+, frame=3, truncated=no, start-type=TTG, RBS-motif=AGGA
16:40:09.174 - INFO - CDS - contig=contig_1, start=130999, stop=131685, strand=+, frame=1, truncated=no, start-type=GTG, RBS-motif=AGGA/GGAG/GAGG
16:40:09.175 - INFO - CDS - contig=contig_1, start=131864, stop=133468, strand=+, frame=2, truncated=no, start-type=ATG, RBS-motif=AGGAG/GGAGG
16:40:09.175 - INFO - CDS - contig=contig_1, start=133562, stop=134716, strand=+, frame=2, truncated=no, start-type=ATG, RBS-motif=AGGAG(G)/GGAGG
16:40:09.175 - INFO - CDS - contig=contig_1, start=134742, stop=135554, strand=+, frame=3, truncated=no, start-type=ATG, RBS-motif=GGA/GAG/AGG
16:40:09.175 - INFO - CDS - contig=contig_1, start=135747, stop=136847, strand=+, frame=3, truncated=no, start-type=TTG, RBS-motif=AGGAG
16:40:09.175 - INFO - CDS - contig=contig_1, start=137048, stop=138286, strand=+, frame=2, truncated=no, start-type=TTG, RBS-motif=None
16:40:09.175 - INFO - CDS - contig=contig_1, start=138465, stop=139256, strand=+, frame=3, truncated=no, start-type=TTG, RBS-motif=3Base/5BMM
16:40:09.175 - INFO - CDS - contig=contig_1, start=139281, stop=140027, strand=+, frame=3, truncated=no, start-type=ATG, RBS-motif=AGGAG
16:40:09.175 - INFO - CDS - contig=contig_1, start=140070, stop=140309, strand=+, frame=3, truncated=no, start-type=ATG, RBS-motif=AGGA/GGAG/GAGG
16:40:09.175 - INFO - CDS - contig=contig_1, start=140334, stop=140534, strand=+, frame=3, truncated=no, start-type=ATG, RBS-motif=AGGAG
16:40:09.175 - INFO - CDS - contig=contig_1, start=140622, stop=141026, strand=+, frame=3, truncated=no, start-type=ATG, RBS-motif=GGAG/GAGG
16:40:09.175 - INFO - CDS - contig=contig_1, start=141053, stop=143254, strand=+, frame=2, truncated=no, start-type=ATG, RBS-motif=AGGAG/GGAGG
16:40:09.176 - INFO - CDS - contig=contig_1, start=143270, stop=143488, strand=+, frame=2, truncated=no, start-type=ATG, RBS-motif=GGAGG
16:40:09.176 - INFO - CDS - contig=contig_1, start=143514, stop=144584, strand=+, frame=3, truncated=no, start-type=ATG, RBS-motif=AGGA
16:40:09.176 - INFO - CDS - contig=contig_1, start=144775, stop=145521, strand=+, frame=1, truncated=no, start-type=TTG, RBS-motif=AGGAG
16:40:09.176 - INFO - CDS - contig=contig_1, start=145545, stop=145739, strand=+, frame=3, truncated=no, start-type=ATG, RBS-motif=4Base/6BMM
16:40:09.176 - INFO - CDS - contig=contig_1, start=145868, stop=149020, strand=+, frame=2, truncated=no, start-type=ATG, RBS-motif=GGA/GAG/AGG
16:40:09.176 - INFO - CDS - contig=contig_1, start=149174, stop=149980, strand=+, frame=2, truncated=no, start-type=ATG, RBS-motif=AGGAG
16:40:09.176 - INFO - CDS - contig=contig_1, start=150043, stop=152208, strand=-, frame=3, truncated=no, start-type=ATG, RBS-motif=GGA/GAG/AGG
16:40:09.176 - INFO - CDS - contig=contig_1, start=152239, stop=153729, strand=-, frame=3, truncated=no, start-type=TTG, RBS-motif=4Base/6BMM
16:40:09.176 - INFO - CDS - contig=contig_1, start=153856, stop=159735, strand=-, frame=3, truncated=no, start-type=TTG, RBS-motif=AGGAGG
16:40:09.177 - INFO - CDS - contig=contig_1, start=159759, stop=165737, strand=-, frame=1, truncated=no, start-type=TTG, RBS-motif=3Base/5BMM
16:40:09.177 - INFO - CDS - contig=contig_1, start=165888, stop=166541, strand=-, frame=1, truncated=no, start-type=ATG, RBS-motif=GGAGG
16:40:09.177 - INFO - CDS - contig=contig_1, start=166571, stop=167482, strand=-, frame=2, truncated=no, start-type=ATG, RBS-motif=AGGAG
16:40:09.177 - INFO - CDS - contig=contig_1, start=167835, stop=169043, strand=+, frame=3, truncated=no, start-type=ATG, RBS-motif=AGGA/GGAG/GAGG
16:40:09.177 - INFO - CDS - contig=contig_1, start=169064, stop=169315, strand=+, frame=2, truncated=no, start-type=GTG, RBS-motif=AGGA
16:40:09.177 - INFO - CDS - contig=contig_1, start=169327, stop=169524, strand=+, frame=1, truncated=no, start-type=TTG, RBS-motif=GGA/GAG/AGG
16:40:09.177 - INFO - CDS - contig=contig_1, start=169524, stop=169979, strand=+, frame=3, truncated=no, start-type=ATG, RBS-motif=AGGAG/GGAGG
16:40:09.177 - INFO - CDS - contig=contig_1, start=169991, stop=170269, strand=+, frame=2, truncated=no, start-type=ATG, RBS-motif=AGGAG
16:40:09.177 - INFO - CDS - contig=contig_1, start=170290, stop=170565, strand=+, frame=1, truncated=no, start-type=TTG, RBS-motif=3Base/5BMM
16:40:09.177 - INFO - CDS - contig=contig_1, start=170579, stop=170851, strand=+, frame=2, truncated=no, start-type=ATG, RBS-motif=AGGA
16:40:09.178 - INFO - CDS - contig=contig_1, start=170857, stop=171084, strand=+, frame=1, truncated=no, start-type=ATG, RBS-motif=AGGAG/GGAGG
16:40:09.178 - INFO - CDS - contig=contig_1, start=171110, stop=171301, strand=+, frame=2, truncated=no, start-type=TTG, RBS-motif=GGA/GAG/AGG
16:40:09.178 - INFO - CDS - contig=contig_1, start=171338, stop=173566, strand=-, frame=2, truncated=no, start-type=TTG, RBS-motif=GGA/GAG/AGG
16:40:09.178 - INFO - CDS - contig=contig_1, start=173752, stop=175296, strand=+, frame=1, truncated=no, start-type=ATG, RBS-motif=AGGAG
16:40:09.178 - INFO - CDS - contig=contig_1, start=175373, stop=177298, strand=+, frame=2, truncated=no, start-type=ATG, RBS-motif=AGGAG(G)/GGAGG
16:40:09.178 - INFO - CDS - contig=contig_1, start=177376, stop=179439, strand=+, frame=1, truncated=no, start-type=ATG, RBS-motif=AGGAG
16:40:09.178 - INFO - CDS - contig=contig_1, start=179512, stop=180699, strand=+, frame=1, truncated=no, start-type=ATG, RBS-motif=AGGAG
16:40:09.178 - INFO - CDS - contig=contig_1, start=180714, stop=181427, strand=+, frame=3, truncated=no, start-type=ATG, RBS-motif=AGGAG
16:40:09.178 - INFO - CDS - contig=contig_1, start=181461, stop=182120, strand=+, frame=3, truncated=no, start-type=ATG, RBS-motif=AGxAGG/AGGxGG
16:40:09.178 - INFO - CDS - contig=contig_1, start=182123, stop=182734, strand=+, frame=2, truncated=no, start-type=ATG, RBS-motif=AGxAGG/AGGxGG
16:40:09.179 - INFO - CDS - contig=contig_1, start=182826, stop=183467, strand=+, frame=3, truncated=no, start-type=ATG, RBS-motif=GGAG/GAGG
16:40:09.179 - INFO - CDS - contig=contig_1, start=183523, stop=183798, strand=-, frame=3, truncated=no, start-type=ATG, RBS-motif=AGGA/GGAG/GAGG
16:40:09.179 - INFO - CDS - contig=contig_1, start=183946, stop=185880, strand=+, frame=1, truncated=no, start-type=ATG, RBS-motif=GGA/GAG/AGG
16:40:09.179 - INFO - CDS - contig=contig_1, start=185903, stop=186454, strand=+, frame=2, truncated=no, start-type=ATG, RBS-motif=GGAG/GAGG
16:40:09.179 - INFO - CDS - contig=contig_1, start=186505, stop=187224, strand=+, frame=1, truncated=no, start-type=ATG, RBS-motif=AGGAG/GGAGG
16:40:09.179 - INFO - CDS - contig=contig_1, start=187314, stop=188825, strand=+, frame=3, truncated=no, start-type=ATG, RBS-motif=3Base/5BMM
16:40:09.179 - INFO - CDS - contig=contig_1, start=188864, stop=190573, strand=+, frame=2, truncated=no, start-type=ATG, RBS-motif=AGGAG
16:40:09.179 - INFO - CDS - contig=contig_1, start=190718, stop=191017, strand=+, frame=2, truncated=no, start-type=ATG, RBS-motif=AGGA
16:40:09.179 - INFO - CDS - contig=contig_1, start=191178, stop=191660, strand=+, frame=3, truncated=no, start-type=ATG, RBS-motif=AGGA/GGAG/GAGG
16:40:09.179 - INFO - CDS - contig=contig_1, start=191676, stop=192377, strand=+, frame=3, truncated=no, start-type=ATG, RBS-motif=AGGAG
16:40:09.179 - INFO - CDS - contig=contig_1, start=192388, stop=192879, strand=+, frame=1, truncated=no, start-type=ATG, RBS-motif=AGGA
16:40:09.180 - INFO - CDS - contig=contig_1, start=192894, stop=193070, strand=+, frame=3, truncated=no, start-type=ATG, RBS-motif=AGGAG
16:40:09.180 - INFO - CDS - contig=contig_1, start=193072, stop=193725, strand=+, frame=1, truncated=no, start-type=ATG, RBS-motif=AGGAG
16:40:09.180 - INFO - CDS - contig=contig_1, start=193818, stop=194426, strand=+, frame=3, truncated=no, start-type=ATG, RBS-motif=AGGAG/GGAGG
16:40:09.180 - INFO - CDS - contig=contig_1, start=194441, stop=195061, strand=+, frame=2, truncated=no, start-type=ATG, RBS-motif=AGGAG
16:40:09.180 - INFO - CDS - contig=contig_1, start=195075, stop=195638, strand=+, frame=3, truncated=no, start-type=ATG, RBS-motif=AGGA
16:40:09.180 - INFO - CDS - contig=contig_1, start=195656, stop=196279, strand=+, frame=2, truncated=no, start-type=TTG, RBS-motif=AGGAG
16:40:09.180 - INFO - CDS - contig=contig_1, start=196281, stop=196892, strand=+, frame=3, truncated=no, start-type=ATG, RBS-motif=AGGA
16:40:09.180 - INFO - CDS - contig=contig_1, start=196950, stop=197729, strand=+, frame=3, truncated=no, start-type=ATG, RBS-motif=3Base/5BMM
16:40:09.180 - INFO - CDS - contig=contig_1, start=197799, stop=198164, strand=+, frame=3, truncated=no, start-type=ATG, RBS-motif=GGAGG
16:40:09.180 - INFO - CDS - contig=contig_1, start=198185, stop=198310, strand=+, frame=2, truncated=no, start-type=ATG, RBS-motif=AGGAG/GGAGG
16:40:09.180 - INFO - CDS - contig=contig_1, start=198330, stop=198731, strand=+, frame=3, truncated=no, start-type=ATG, RBS-motif=AGGA
16:40:09.180 - INFO - CDS - contig=contig_1, start=198812, stop=199588, strand=+, frame=2, truncated=no, start-type=ATG, RBS-motif=AGGAG
16:40:09.180 - INFO - CDS - contig=contig_1, start=199590, stop=200399, strand=+, frame=3, truncated=no, start-type=ATG, RBS-motif=AGGA
16:40:09.181 - INFO - CDS - contig=contig_1, start=200399, stop=201139, strand=+, frame=2, truncated=no, start-type=ATG, RBS-motif=AGGA
16:40:09.181 - INFO - CDS - contig=contig_1, start=201154, stop=201951, strand=+, frame=1, truncated=no, start-type=ATG, RBS-motif=AGGAG
16:40:09.181 - INFO - CDS - contig=contig_1, start=202008, stop=204743, strand=+, frame=3, truncated=no, start-type=ATG, RBS-motif=AGGAG(G)/GGAGG
16:40:09.181 - INFO - CDS - contig=contig_1, start=204780, stop=205067, strand=+, frame=3, truncated=no, start-type=TTG, RBS-motif=AGGAG
16:40:09.181 - INFO - CDS - contig=contig_1, start=205084, stop=205236, strand=+, frame=1, truncated=no, start-type=ATG, RBS-motif=AGGA
16:40:09.181 - INFO - CDS - contig=contig_1, start=205359, stop=205871, strand=+, frame=3, truncated=no, start-type=ATG, RBS-motif=AGGAG/GGAGG
16:40:09.181 - INFO - CDS - contig=contig_1, start=206012, stop=206134, strand=+, frame=2, truncated=no, start-type=TTG, RBS-motif=GGA/GAG/AGG
16:40:09.181 - INFO - CDS - contig=contig_1, start=206100, stop=206639, strand=+, frame=3, truncated=no, start-type=TTG, RBS-motif=None
16:40:09.181 - INFO - CDS - contig=contig_1, start=206915, stop=208105, strand=+, frame=2, truncated=no, start-type=GTG, RBS-motif=None
16:40:09.181 - INFO - CDS - contig=contig_1, start=208105, stop=208887, strand=+, frame=1, truncated=no, start-type=ATG, RBS-motif=AGGAGG
16:40:09.181 - INFO - CDS - contig=contig_1, start=208952, stop=211399, strand=+, frame=2, truncated=no, start-type=TTG, RBS-motif=AGGAG
16:40:09.181 - INFO - CDS - contig=contig_1, start=211500, stop=213413, strand=+, frame=3, truncated=no, start-type=ATG, RBS-motif=AGGAG/GGAGG
16:40:09.181 - INFO - CDS - contig=contig_1, start=213488, stop=213781, strand=+, frame=2, truncated=no, start-type=ATG, RBS-motif=AGGAG
16:40:09.181 - INFO - CDS - contig=contig_1, start=213849, stop=214295, strand=+, frame=3, truncated=no, start-type=ATG, RBS-motif=AGGAG(G)/GGAGG
16:40:09.181 - INFO - CDS - contig=contig_1, start=214313, stop=215860, strand=+, frame=2, truncated=no, start-type=ATG, RBS-motif=AGxAG
16:40:09.181 - INFO - CDS - contig=contig_1, start=215881, stop=216591, strand=+, frame=1, truncated=no, start-type=GTG, RBS-motif=GGA/GAG/AGG
16:40:09.182 - INFO - CDS - contig=contig_1, start=216603, stop=217259, strand=+, frame=3, truncated=no, start-type=ATG, RBS-motif=AGGAG
16:40:09.182 - INFO - CDS - contig=contig_1, start=217260, stop=217859, strand=+, frame=3, truncated=no, start-type=ATG, RBS-motif=3Base/5BMM
16:40:09.182 - INFO - CDS - contig=contig_1, start=217942, stop=219186, strand=+, frame=1, truncated=no, start-type=ATG, RBS-motif=GGA/GAG/AGG
16:40:09.182 - INFO - CDS - contig=contig_1, start=219286, stop=220122, strand=+, frame=1, truncated=no, start-type=ATG, RBS-motif=GGA/GAG/AGG
16:40:09.182 - INFO - CDS - contig=contig_1, start=220178, stop=221848, strand=-, frame=2, truncated=no, start-type=ATG, RBS-motif=4Base/6BMM
16:40:09.182 - INFO - CDS - contig=contig_1, start=221872, stop=222420, strand=-, frame=3, truncated=no, start-type=ATG, RBS-motif=AGGAG/GGAGG
16:40:09.182 - INFO - CDS - contig=contig_1, start=222493, stop=223290, strand=-, frame=3, truncated=no, start-type=ATG, RBS-motif=3Base/5BMM
16:40:09.182 - INFO - CDS - contig=contig_1, start=223456, stop=224406, strand=-, frame=3, truncated=no, start-type=ATG, RBS-motif=AGGAGG
16:40:09.182 - INFO - CDS - contig=contig_1, start=224474, stop=226813, strand=-, frame=2, truncated=no, start-type=ATG, RBS-motif=AGGAG/GGAGG
16:40:09.182 - INFO - CDS - contig=contig_1, start=226993, stop=228918, strand=-, frame=3, truncated=no, start-type=ATG, RBS-motif=AGGAGG
16:40:09.182 - INFO - CDS - contig=contig_1, start=228939, stop=230207, strand=-, frame=1, truncated=no, start-type=ATG, RBS-motif=GGA/GAG/AGG
16:40:09.182 - INFO - CDS - contig=contig_1, start=230343, stop=230852, strand=-, frame=1, truncated=no, start-type=ATG, RBS-motif=AGGA
16:40:09.182 - INFO - CDS - contig=contig_1, start=230894, stop=231454, strand=-, frame=2, truncated=no, start-type=ATG, RBS-motif=GGAG/GAGG
16:40:09.182 - INFO - CDS - contig=contig_1, start=231551, stop=232555, strand=-, frame=2, truncated=no, start-type=ATG, RBS-motif=GGA/GAG/AGG
16:40:09.182 - INFO - CDS - contig=contig_1, start=232900, stop=233832, strand=-, frame=3, truncated=no, start-type=TTG, RBS-motif=GGA/GAG/AGG
16:40:09.183 - INFO - CDS - contig=contig_1, start=233946, stop=237104, strand=-, frame=1, truncated=no, start-type=TTG, RBS-motif=AGGA
16:40:09.183 - INFO - CDS - contig=contig_1, start=237565, stop=238791, strand=+, frame=1, truncated=no, start-type=TTG, RBS-motif=AGxAG
16:40:09.183 - INFO - CDS - contig=contig_1, start=238948, stop=241023, strand=+, frame=1, truncated=no, start-type=ATG, RBS-motif=AGGA/GGAG/GAGG
16:40:09.183 - INFO - CDS - contig=contig_1, start=241898, stop=243847, strand=+, frame=2, truncated=no, start-type=ATG, RBS-motif=AGGA/GGAG/GAGG
16:40:09.183 - INFO - CDS - contig=contig_1, start=243899, stop=244582, strand=-, frame=2, truncated=no, start-type=ATG, RBS-motif=AGxAGG/AGGxGG
16:40:09.183 - INFO - CDS - contig=contig_1, start=244757, stop=246829, strand=+, frame=2, truncated=no, start-type=ATG, RBS-motif=AGGAG/GGAGG
16:40:09.183 - INFO - CDS - contig=contig_1, start=246936, stop=247550, strand=+, frame=3, truncated=no, start-type=TTG, RBS-motif=GGA/GAG/AGG
16:40:09.183 - INFO - CDS - contig=contig_1, start=247551, stop=248105, strand=+, frame=3, truncated=no, start-type=ATG, RBS-motif=GGAG/GAGG
16:40:09.183 - INFO - CDS - contig=contig_1, start=248110, stop=248289, strand=+, frame=1, truncated=no, start-type=ATG, RBS-motif=GGAGG
16:40:09.183 - INFO - CDS - contig=contig_1, start=248283, stop=248774, strand=+, frame=3, truncated=no, start-type=ATG, RBS-motif=GGAG/GAGG
16:40:09.183 - INFO - CDS - contig=contig_1, start=248826, stop=249593, strand=-, frame=1, truncated=no, start-type=GTG, RBS-motif=AGGAG
16:40:09.183 - INFO - CDS - contig=contig_1, start=249665, stop=249799, strand=-, frame=2, truncated=no, start-type=ATG, RBS-motif=AGGAG
16:40:09.183 - INFO - CDS - contig=contig_1, start=249844, stop=250404, strand=-, frame=3, truncated=no, start-type=ATG, RBS-motif=AGGAG/GGAGG
16:40:09.183 - INFO - CDS - contig=contig_1, start=250481, stop=251212, strand=-, frame=2, truncated=no, start-type=ATG, RBS-motif=None
16:40:09.183 - INFO - CDS - contig=contig_1, start=251392, stop=251793, strand=+, frame=1, truncated=no, start-type=ATG, RBS-motif=None
16:40:09.184 - INFO - CDS - contig=contig_1, start=251836, stop=253350, strand=+, frame=1, truncated=no, start-type=ATG, RBS-motif=GGAG/GAGG
16:40:09.184 - INFO - CDS - contig=contig_1, start=253416, stop=253616, strand=+, frame=3, truncated=no, start-type=TTG, RBS-motif=None
16:40:09.184 - INFO - CDS - contig=contig_1, start=253645, stop=253938, strand=+, frame=1, truncated=no, start-type=TTG, RBS-motif=AGGAG/GGAGG
16:40:09.184 - INFO - CDS - contig=contig_1, start=253956, stop=255698, strand=+, frame=3, truncated=no, start-type=ATG, RBS-motif=GGAG/GAGG
16:40:09.184 - INFO - CDS - contig=contig_1, start=255868, stop=256641, strand=+, frame=1, truncated=no, start-type=TTG, RBS-motif=AGGAGG
16:40:09.184 - INFO - CDS - contig=contig_1, start=256718, stop=258451, strand=+, frame=2, truncated=no, start-type=TTG, RBS-motif=AGGAG/GGAGG
16:40:09.184 - INFO - CDS - contig=contig_1, start=258537, stop=259676, strand=-, frame=1, truncated=no, start-type=ATG, RBS-motif=GGA/GAG/AGG
16:40:09.184 - INFO - CDS - contig=contig_1, start=259804, stop=261078, strand=+, frame=1, truncated=no, start-type=TTG, RBS-motif=None
16:40:09.184 - INFO - CDS - contig=contig_1, start=261106, stop=261840, strand=-, frame=3, truncated=no, start-type=TTG, RBS-motif=AGGAG/GGAGG
16:40:09.184 - INFO - CDS - contig=contig_1, start=261928, stop=262722, strand=-, frame=3, truncated=no, start-type=ATG, RBS-motif=GGAGG
16:40:09.184 - INFO - CDS - contig=contig_1, start=262767, stop=263798, strand=-, frame=1, truncated=no, start-type=GTG, RBS-motif=GGAG/GAGG
16:40:09.184 - INFO - CDS - contig=contig_1, start=263976, stop=265445, strand=-, frame=1, truncated=no, start-type=TTG, RBS-motif=AGxAGG/AGGxGG
16:40:09.184 - INFO - CDS - contig=contig_1, start=265623, stop=265757, strand=-, frame=1, truncated=no, start-type=TTG, RBS-motif=GGA/GAG/AGG
16:40:09.184 - INFO - CDS - contig=contig_1, start=266095, stop=266616, strand=-, frame=3, truncated=no, start-type=ATG, RBS-motif=AGGA
16:40:09.184 - INFO - CDS - contig=contig_1, start=266648, stop=267163, strand=-, frame=2, truncated=no, start-type=ATG, RBS-motif=AGGA
16:40:09.184 - INFO - CDS - contig=contig_1, start=267178, stop=267630, strand=-, frame=3, truncated=no, start-type=ATG, RBS-motif=AGGA
16:40:09.184 - INFO - CDS - contig=contig_1, start=267775, stop=268743, strand=+, frame=1, truncated=no, start-type=TTG, RBS-motif=GGxGG
16:40:09.185 - INFO - CDS - contig=contig_1, start=1, stop=2988, strand=+, nt=[ATGGCTATAA..AATCTCATAA]
16:40:09.185 - INFO - CDS - contig=contig_1, start=3027, stop=4007, strand=+, nt=[ATGGCTAAAA..CGAAGAATAA]
16:40:09.185 - INFO - CDS - contig=contig_1, start=4063, stop=5805, strand=-, nt=[ATGGCATTTT..TGACTTTTAA]
16:40:09.185 - INFO - CDS - contig=contig_1, start=5830, stop=6972, strand=-, nt=[ATGAGTAATG..AGAAAAATAA]
16:40:09.185 - INFO - CDS - contig=contig_1, start=6965, stop=7348, strand=-, nt=[ATGATTGATG..AAATGAGTAA]
16:40:09.185 - INFO - CDS - contig=contig_1, start=7354, stop=7830, strand=-, nt=[GTGGAAATTA..AGATGAATAA]
16:40:09.185 - INFO - CDS - contig=contig_1, start=8176, stop=9075, strand=+, nt=[TTGAAAACTT..TTTCTTTTAA]
16:40:09.185 - INFO - CDS - contig=contig_1, start=9152, stop=14107, strand=+, nt=[TTGAGTATTA..AGAAATATAA]
16:40:09.185 - INFO - CDS - contig=contig_1, start=14206, stop=19449, strand=+, nt=[ATGGTCCTCA..AAACTTTTAA]
16:40:09.185 - INFO - CDS - contig=contig_1, start=19562, stop=20221, strand=+, nt=[ATGTTTATTA..CAAAATATAA]
16:40:09.185 - INFO - CDS - contig=contig_1, start=20243, stop=21709, strand=+, nt=[TTGGGTCGTT..AAAAGCCTAA]
16:40:09.185 - INFO - CDS - contig=contig_1, start=21783, stop=23093, strand=+, nt=[ATGACTTATG..AGATTTATAA]
16:40:09.185 - INFO - CDS - contig=contig_1, start=23117, stop=23269, strand=+, nt=[ATGAGTAAAG..TAATAAATAA]
16:40:09.185 - INFO - CDS - contig=contig_1, start=23269, stop=23601, strand=+, nt=[ATGGCAGGTA..TAAAGCTTAA]
16:40:09.185 - INFO - CDS - contig=contig_1, start=24879, stop=26381, strand=+, nt=[ATGTTTAAAT..GGTGAATTAA]
16:40:09.185 - INFO - CDS - contig=contig_1, start=26383, stop=27207, strand=+, nt=[ATGTTGGATA..ATTGATTTAG]
16:40:09.185 - INFO - CDS - contig=contig_1, start=27291, stop=28472, strand=+, nt=[ATGAGTAATG..TAGCTATTAA]
16:40:09.185 - INFO - CDS - contig=contig_1, start=28494, stop=29201, strand=+, nt=[ATGAGTAACA..TGACAAATAA]
16:40:09.185 - INFO - CDS - contig=contig_1, start=29308, stop=30045, strand=+, nt=[ATGGCAAATT..AAATAATTAA]
16:40:09.185 - INFO - CDS - contig=contig_1, start=30111, stop=30683, strand=+, nt=[ATGAATAAAC..GAGTGAATAA]
16:40:09.185 - INFO - CDS - contig=contig_1, start=30687, stop=31616, strand=+, nt=[ATGACTAGAA..AGAGAAATAA]
16:40:09.185 - INFO - CDS - contig=contig_1, start=31619, stop=32551, strand=+, nt=[ATGGTTAAAA..ATTAGTTTAA]
16:40:09.185 - INFO - CDS - contig=contig_1, start=32625, stop=33956, strand=+, nt=[ATGAGTAAAG..TAAAAAATAA]
16:40:09.185 - INFO - CDS - contig=contig_1, start=33943, stop=34362, strand=+, nt=[GTGATAAAAA..ATCTAAATAA]
16:40:09.185 - INFO - CDS - contig=contig_1, start=34385, stop=35926, strand=+, nt=[ATGTCAAGTA..ATTTATTTAA]
16:40:09.185 - INFO - CDS - contig=contig_1, start=35977, stop=36840, strand=+, nt=[ATGACAAAAA..TTTTAAATAA]
16:40:09.185 - INFO - CDS - contig=contig_1, start=37172, stop=37933, strand=+, nt=[TTGTTACACA..AACTGTATAG]
16:40:09.185 - INFO - CDS - contig=contig_1, start=38049, stop=38942, strand=+, nt=[ATGTCAAATA..TTTTAAATAA]
16:40:09.185 - INFO - CDS - contig=contig_1, start=38968, stop=39357, strand=+, nt=[ATGAAAAAAT..TGTTGAGTAG]
16:40:09.186 - INFO - CDS - contig=contig_1, start=39587, stop=39925, strand=+, nt=[ATGTATAAAG..TAATATTTAA]
16:40:09.186 - INFO - CDS - contig=contig_1, start=39943, stop=40725, strand=+, nt=[ATGGAAAATT..TTTTAAATAA]
16:40:09.186 - INFO - CDS - contig=contig_1, start=40823, stop=41158, strand=+, nt=[ATGTCAGAGG..TGAAAAGTAA]
16:40:09.186 - INFO - CDS - contig=contig_1, start=41236, stop=42051, strand=+, nt=[ATGTTGACAT..AGGAGAGTAA]
16:40:09.186 - INFO - CDS - contig=contig_1, start=42057, stop=42608, strand=+, nt=[ATGACTAAAG..TAATTCATAA]
16:40:09.186 - INFO - CDS - contig=contig_1, start=42654, stop=43085, strand=+, nt=[TTGTCACAAG..ATATATTTAA]
16:40:09.186 - INFO - CDS - contig=contig_1, start=43181, stop=43552, strand=+, nt=[ATGGGCGATA..CAATATTTAA]
16:40:09.186 - INFO - CDS - contig=contig_1, start=43637, stop=44170, strand=+, nt=[TTGAATAAGT..TTTATTATAA]
16:40:09.186 - INFO - CDS - contig=contig_1, start=44556, stop=48110, strand=+, nt=[ATGGCAGAAG..ACATAATTAG]
16:40:09.186 - INFO - CDS - contig=contig_1, start=48131, stop=48310, strand=+, nt=[ATGAAACCAT..TTATAAATAA]
16:40:09.186 - INFO - CDS - contig=contig_1, start=48427, stop=50166, strand=+, nt=[TTGGAAAAGA..TGTGGCATAA]
16:40:09.186 - INFO - CDS - contig=contig_1, start=50745, stop=51053, strand=+, nt=[ATGAAGACAG..AGAAGAATAA]
16:40:09.186 - INFO - CDS - contig=contig_1, start=51138, stop=51566, strand=+, nt=[ATGGAAAAAG..AGAATTATAA]
16:40:09.186 - INFO - CDS - contig=contig_1, start=51635, stop=51784, strand=+, nt=[ATGATTACTT..ATTCAGGTAG]
16:40:09.186 - INFO - CDS - contig=contig_1, start=51965, stop=52210, strand=+, nt=[TTGGGTGCGT..CATTAAATAA]
16:40:09.186 - INFO - CDS - contig=contig_1, start=52300, stop=52647, strand=+, nt=[ATGAATAAAG..AATTATTTAA]
16:40:09.186 - INFO - CDS - contig=contig_1, start=52669, stop=52956, strand=+, nt=[ATGAGAAAAG..TAAAATTTAA]
16:40:09.186 - INFO - CDS - contig=contig_1, start=52976, stop=53239, strand=+, nt=[TTGGATGAAG..GGGGATGTAA]
16:40:09.186 - INFO - CDS - contig=contig_1, start=53246, stop=53620, strand=+, nt=[ATGAAAAAAT..GGAAAAATAA]
16:40:09.186 - INFO - CDS - contig=contig_1, start=53620, stop=54213, strand=+, nt=[ATGAAAAAGT..AATAAAATAA]
16:40:09.186 - INFO - CDS - contig=contig_1, start=54232, stop=54615, strand=+, nt=[ATGAAATTAA..TTCAATATAA]
16:40:09.186 - INFO - CDS - contig=contig_1, start=54659, stop=55435, strand=+, nt=[ATGACAGAAA..ATATGTATAA]
16:40:09.186 - INFO - CDS - contig=contig_1, start=55462, stop=56556, strand=+, nt=[ATGGAAAATA..AGAAATGTAA]
16:40:09.186 - INFO - CDS - contig=contig_1, start=56573, stop=57736, strand=+, nt=[ATGTTAGATA..AAAGGAGTGA]
16:40:09.186 - INFO - CDS - contig=contig_1, start=57744, stop=58580, strand=+, nt=[TTGAGTAAAG..AGTATTTTAA]
16:40:09.186 - INFO - CDS - contig=contig_1, start=58600, stop=58989, strand=+, nt=[ATGGGAAGTT..TAATCTATAA]
16:40:09.186 - INFO - CDS - contig=contig_1, start=59079, stop=60173, strand=+, nt=[ATGAAAAAAT..AGAAGAATAA]
16:40:09.186 - INFO - CDS - contig=contig_1, start=60187, stop=61593, strand=+, nt=[ATGAAGAGAA..AGACAAATAA]
16:40:09.186 - INFO - CDS - contig=contig_1, start=61633, stop=61950, strand=+, nt=[ATGTTTTCAA..GAGAAGATGA]
16:40:09.186 - INFO - CDS - contig=contig_1, start=61953, stop=62495, strand=+, nt=[ATGGGATTAA..TACTTTATGA]
16:40:09.186 - INFO - CDS - contig=contig_1, start=62492, stop=62632, strand=+, nt=[ATGACAGTAT..GATAATCTAA]
16:40:09.186 - INFO - CDS - contig=contig_1, start=62663, stop=62836, strand=+, nt=[ATGATTATAG..AGGTTTATAA]
16:40:09.186 - INFO - CDS - contig=contig_1, start=62861, stop=63052, strand=+, nt=[ATGGGTACAT..CTATTATTAA]
16:40:09.186 - INFO - CDS - contig=contig_1, start=63082, stop=63351, strand=+, nt=[GTGAATTTAT..TGTAATTTAA]
16:40:09.186 - INFO - CDS - contig=contig_1, start=63869, stop=65170, strand=+, nt=[ATGTCAAAAT..TAAAGATTAA]
16:40:09.187 - INFO - CDS - contig=contig_1, start=65323, stop=67464, strand=+, nt=[ATGACAAAAG..AAGTAAATAA]
16:40:09.187 - INFO - CDS - contig=contig_1, start=67518, stop=68072, strand=+, nt=[GTGTTTAAAA..TTTTTCATAA]
16:40:09.187 - INFO - CDS - contig=contig_1, start=68192, stop=70069, strand=+, nt=[ATGGAAAATA..GTTTAGATAA]
16:40:09.187 - INFO - CDS - contig=contig_1, start=70086, stop=70643, strand=+, nt=[ATGGATGTTA..CTTTAAATAA]
16:40:09.187 - INFO - CDS - contig=contig_1, start=70661, stop=71395, strand=+, nt=[ATGAATGGAT..TTTTAAATAA]
16:40:09.187 - INFO - CDS - contig=contig_1, start=71413, stop=72582, strand=+, nt=[ATGTCAAATT..AGCTTTTTAA]
16:40:09.187 - INFO - CDS - contig=contig_1, start=72835, stop=73062, strand=+, nt=[ATGTTTGCTT..AAGCATGTAA]
16:40:09.187 - INFO - CDS - contig=contig_1, start=73090, stop=75081, strand=+, nt=[ATGTTAAAAT..GTTGTTATAA]
16:40:09.187 - INFO - CDS - contig=contig_1, start=75082, stop=75528, strand=+, nt=[ATGAAATATT..TTTTAAATAA]
16:40:09.187 - INFO - CDS - contig=contig_1, start=75547, stop=76002, strand=+, nt=[ATGAAATATT..TTTTAAATAA]
16:40:09.187 - INFO - CDS - contig=contig_1, start=76019, stop=76477, strand=+, nt=[ATGAAATATT..TTTTAAATAA]
16:40:09.187 - INFO - CDS - contig=contig_1, start=76498, stop=76947, strand=+, nt=[ATGGAAAAAT..TTTTAAATAA]
16:40:09.187 - INFO - CDS - contig=contig_1, start=76964, stop=77413, strand=+, nt=[TTGAAATATT..ATTTAAGTAA]
16:40:09.187 - INFO - CDS - contig=contig_1, start=77508, stop=77924, strand=+, nt=[ATGAGTTCTA..TTTTAAATAA]
16:40:09.187 - INFO - CDS - contig=contig_1, start=77982, stop=78635, strand=+, nt=[TTGATAAAAA..ATTTAATTAA]
16:40:09.187 - INFO - CDS - contig=contig_1, start=78661, stop=78954, strand=+, nt=[ATGAAGAAAA..AATTGCGTAA]
16:40:09.187 - INFO - CDS - contig=contig_1, start=78954, stop=79169, strand=+, nt=[ATGTTCGAGG..TATTATTTAA]
16:40:09.187 - INFO - CDS - contig=contig_1, start=79251, stop=79634, strand=+, nt=[ATGAAGAAAT..TAAAGATTAA]
16:40:09.187 - INFO - CDS - contig=contig_1, start=79660, stop=79968, strand=+, nt=[ATGTCTAAGA..TAAGAAATAA]
16:40:09.187 - INFO - CDS - contig=contig_1, start=80014, stop=80316, strand=-, nt=[ATGCTAAATC..TGAAAAATAA]
16:40:09.187 - INFO - CDS - contig=contig_1, start=80507, stop=82129, strand=+, nt=[TTGGGTAATT..TGACGAATAA]
16:40:09.187 - INFO - CDS - contig=contig_1, start=82129, stop=83439, strand=+, nt=[ATGGCTAGAT..TAGTAAATAG]
16:40:09.187 - INFO - CDS - contig=contig_1, start=83508, stop=84140, strand=+, nt=[ATGAACAAAA..TATTTTATAA]
16:40:09.187 - INFO - CDS - contig=contig_1, start=84159, stop=85211, strand=+, nt=[ATGTCCAAAT..TAATCAATAA]
16:40:09.187 - INFO - CDS - contig=contig_1, start=85295, stop=85795, strand=+, nt=[ATGGCAAAAG..AGTATCTTAA]
16:40:09.187 - INFO - CDS - contig=contig_1, start=85825, stop=86445, strand=+, nt=[ATGAGAGATA..AGAAGAATAA]
16:40:09.187 - INFO - CDS - contig=contig_1, start=86460, stop=87191, strand=+, nt=[ATGATTGAAG..AAATAAATGA]
16:40:09.187 - INFO - CDS - contig=contig_1, start=87302, stop=87547, strand=+, nt=[ATGATATTTA..AAAAATGTAG]
16:40:09.187 - INFO - CDS - contig=contig_1, start=87645, stop=87923, strand=+, nt=[ATGACAGAAT..CAAATTTTAA]
16:40:09.187 - INFO - CDS - contig=contig_1, start=87971, stop=88594, strand=+, nt=[ATGATTAAAG..AAAAGCGTAA]
16:40:09.187 - INFO - CDS - contig=contig_1, start=88684, stop=88854, strand=+, nt=[ATGAAAAAGA..TTTAAAATAA]
16:40:09.187 - INFO - CDS - contig=contig_1, start=88957, stop=89271, strand=+, nt=[ATGAATAACA..ACAAGATTAA]
16:40:09.187 - INFO - CDS - contig=contig_1, start=89396, stop=89542, strand=+, nt=[ATGAAAAACT..TAATAATTAA]
16:40:09.187 - INFO - CDS - contig=contig_1, start=89659, stop=89841, strand=+, nt=[ATGTTAGACT..GGGAGTGTAA]
16:40:09.187 - INFO - CDS - contig=contig_1, start=89847, stop=90149, strand=+, nt=[ATGGTTAGAG..AATTCAATAA]
16:40:09.188 - INFO - CDS - contig=contig_1, start=90170, stop=90406, strand=+, nt=[ATGAAAATTT..ATTTAAATAA]
16:40:09.188 - INFO - CDS - contig=contig_1, start=90406, stop=90606, strand=+, nt=[ATGAATAAAG..AAGTGATTAG]
16:40:09.188 - INFO - CDS - contig=contig_1, start=90652, stop=90759, strand=+, nt=[ATGTTATTAG..TAACAAATAA]
16:40:09.188 - INFO - CDS - contig=contig_1, start=90837, stop=91343, strand=+, nt=[ATGAAAAAAT..AAATTACTGA]
16:40:09.188 - INFO - CDS - contig=contig_1, start=91367, stop=91834, strand=+, nt=[ATGAAAAAAA..TGAAGAATAA]
16:40:09.188 - INFO - CDS - contig=contig_1, start=91866, stop=92342, strand=+, nt=[ATGAAAAAAT..AGAACTATAA]
16:40:09.188 - INFO - CDS - contig=contig_1, start=92364, stop=92609, strand=+, nt=[ATGATCAAAT..AGGAATTTAA]
16:40:09.188 - INFO - CDS - contig=contig_1, start=92700, stop=93389, strand=+, nt=[GTGTATGAAA..TCAGATTTAA]
16:40:09.188 - INFO - CDS - contig=contig_1, start=93457, stop=93987, strand=+, nt=[ATGGAAAATA..AGAATTATAA]
16:40:09.188 - INFO - CDS - contig=contig_1, start=94236, stop=94733, strand=+, nt=[ATGTTAAAAA..TGCTTATTAA]
16:40:09.188 - INFO - CDS - contig=contig_1, start=94775, stop=95314, strand=+, nt=[ATGAAAAATA..GAACATATGA]
16:40:09.188 - INFO - CDS - contig=contig_1, start=95311, stop=95934, strand=+, nt=[ATGAAAAATA..TGAACACTAA]
16:40:09.188 - INFO - CDS - contig=contig_1, start=95924, stop=96388, strand=+, nt=[ATGAACACTA..TAAAATTTAA]
16:40:09.188 - INFO - CDS - contig=contig_1, start=96406, stop=96864, strand=+, nt=[ATGAGATACT..TTTTAAATAA]
16:40:09.188 - INFO - CDS - contig=contig_1, start=96884, stop=97354, strand=+, nt=[GTGAGAAATA..TTATATTTAA]
16:40:09.188 - INFO - CDS - contig=contig_1, start=97416, stop=97757, strand=+, nt=[ATGTTAAACG..GGTTGAATAA]
16:40:09.188 - INFO - CDS - contig=contig_1, start=97777, stop=98262, strand=+, nt=[ATGAATTATT..TTTAGATTAA]
16:40:09.188 - INFO - CDS - contig=contig_1, start=98358, stop=98651, strand=+, nt=[ATGACAAAAT..TGTAATTTAA]
16:40:09.188 - INFO - CDS - contig=contig_1, start=98735, stop=99346, strand=+, nt=[ATGAATTATT..TTTCTTATAA]
16:40:09.188 - INFO - CDS - contig=contig_1, start=99346, stop=99894, strand=+, nt=[ATGTATGAAG..CTTTAAATAG]
16:40:09.188 - INFO - CDS - contig=contig_1, start=99911, stop=100444, strand=+, nt=[TTGAATAAAT..TTTTAAATAA]
16:40:09.188 - INFO - CDS - contig=contig_1, start=100462, stop=101235, strand=+, nt=[ATGGAATATA..ATTTAAATAA]
16:40:09.188 - INFO - CDS - contig=contig_1, start=101314, stop=101973, strand=+, nt=[ATGAGTAATT..GTTTATTTAA]
16:40:09.188 - INFO - CDS - contig=contig_1, start=101987, stop=102697, strand=+, nt=[ATGAAGGTTT..TTTCATTTAA]
16:40:09.188 - INFO - CDS - contig=contig_1, start=102894, stop=103460, strand=+, nt=[ATGGAAAAAT..CTTTGGTTAA]
16:40:09.188 - INFO - CDS - contig=contig_1, start=103531, stop=103989, strand=-, nt=[TTGTCAGAAG..TTTTAGATAA]
16:40:09.188 - INFO - CDS - contig=contig_1, start=104017, stop=107013, strand=-, nt=[ATGGAAGATA..TAGAAACTAA]
16:40:09.188 - INFO - CDS - contig=contig_1, start=107076, stop=107582, strand=-, nt=[ATGAGAAATA..ATTCGTTTAA]
16:40:09.188 - INFO - CDS - contig=contig_1, start=107585, stop=108217, strand=-, nt=[ATGAAAATGC..GAATAAATAA]
16:40:09.188 - INFO - CDS - contig=contig_1, start=108329, stop=108865, strand=-, nt=[TTGGCAAAAA..ATCAAATTAA]
16:40:09.188 - INFO - CDS - contig=contig_1, start=108905, stop=109465, strand=-, nt=[ATGGAAGAAG..TGGAGGATAG]
16:40:09.188 - INFO - CDS - contig=contig_1, start=109452, stop=109946, strand=-, nt=[ATGACGGACG..AAGAAGATAA]
16:40:09.189 - INFO - CDS - contig=contig_1, start=110219, stop=110584, strand=-, nt=[ATGAAAATTG..TAGTCAGTAA]
16:40:09.189 - INFO - CDS - contig=contig_1, start=110600, stop=110953, strand=-, nt=[ATGGCACTTG..TAAAAAATAG]
16:40:09.189 - INFO - CDS - contig=contig_1, start=110993, stop=118987, strand=-, nt=[TTGATTAGTA..AGAAAAATAA]
16:40:09.189 - INFO - CDS - contig=contig_1, start=119042, stop=119464, strand=-, nt=[ATGGTAGAAA..AGACTATTAA]
16:40:09.189 - INFO - CDS - contig=contig_1, start=119669, stop=120844, strand=+, nt=[ATGTGGAACT..CATATTTTAG]
16:40:09.189 - INFO - CDS - contig=contig_1, start=120904, stop=121692, strand=-, nt=[ATGGAAGAAT..TGTAAAATAA]
16:40:09.189 - INFO - CDS - contig=contig_1, start=121792, stop=122436, strand=-, nt=[ATGAGTAGTA..AGATATATAA]
16:40:09.189 - INFO - CDS - contig=contig_1, start=122960, stop=125503, strand=+, nt=[ATGGCTATAG..GGGAGATTAA]
16:40:09.189 - INFO - CDS - contig=contig_1, start=125509, stop=126345, strand=+, nt=[TTGTTTAATT..TTATATTTAA]
16:40:09.189 - INFO - CDS - contig=contig_1, start=126387, stop=126605, strand=-, nt=[TTGATACAGC..TAAAAAATAA]
16:40:09.189 - INFO - CDS - contig=contig_1, start=126675, stop=127343, strand=+, nt=[ATGAATTATA..TTATTGTTAG]
16:40:09.189 - INFO - CDS - contig=contig_1, start=127361, stop=127945, strand=+, nt=[ATGTATTATG..AATGAAATAA]
16:40:09.189 - INFO - CDS - contig=contig_1, start=128321, stop=129034, strand=-, nt=[ATGTTAACCA..TTTCGGTTAA]
16:40:09.189 - INFO - CDS - contig=contig_1, start=129059, stop=129901, strand=-, nt=[ATGTCTAAAG..CTTCAAATAA]
16:40:09.189 - INFO - CDS - contig=contig_1, start=130011, stop=131021, strand=+, nt=[TTGAAGAATT..TGACTATTAA]
16:40:09.189 - INFO - CDS - contig=contig_1, start=130999, stop=131685, strand=+, nt=[GTGGGTCAGC..AAGCAAATAG]
16:40:09.189 - INFO - CDS - contig=contig_1, start=131864, stop=133468, strand=+, nt=[ATGTTAAACC..CGCTCGATAA]
16:40:09.189 - INFO - CDS - contig=contig_1, start=133562, stop=134716, strand=+, nt=[ATGAATTTAC..TAGAATGTAG]
16:40:09.189 - INFO - CDS - contig=contig_1, start=134742, stop=135554, strand=+, nt=[ATGACTACTA..GACTGGGTGA]
16:40:09.189 - INFO - CDS - contig=contig_1, start=135747, stop=136847, strand=+, nt=[TTGAATTTTT..TACATCGTGA]
16:40:09.189 - INFO - CDS - contig=contig_1, start=137048, stop=138286, strand=+, nt=[TTGAGTACTT..ATTGGATTGA]
16:40:09.189 - INFO - CDS - contig=contig_1, start=138465, stop=139256, strand=+, nt=[TTGGCAAAAA..GTATAAATAA]
16:40:09.189 - INFO - CDS - contig=contig_1, start=139281, stop=140027, strand=+, nt=[ATGACTGAAG..GAAATACTAA]
16:40:09.189 - INFO - CDS - contig=contig_1, start=140070, stop=140309, strand=+, nt=[ATGGAACAAA..TACTGCTTAA]
16:40:09.189 - INFO - CDS - contig=contig_1, start=140334, stop=140534, strand=+, nt=[ATGCAAACTA..TAATCAATAA]
16:40:09.189 - INFO - CDS - contig=contig_1, start=140622, stop=141026, strand=+, nt=[ATGAAATTAC..TATAAATTAA]
16:40:09.189 - INFO - CDS - contig=contig_1, start=141053, stop=143254, strand=+, nt=[ATGCCAAAAG..TTCTATTTAA]
16:40:09.189 - INFO - CDS - contig=contig_1, start=143270, stop=143488, strand=+, nt=[ATGACATTAA..ATTAGTTTAA]
16:40:09.189 - INFO - CDS - contig=contig_1, start=143514, stop=144584, strand=+, nt=[ATGGATAGAG..TATAGATTAA]
16:40:09.190 - INFO - CDS - contig=contig_1, start=144775, stop=145521, strand=+, nt=[TTGAAACTTA..GAAATATTAA]
16:40:09.190 - INFO - CDS - contig=contig_1, start=145545, stop=145739, strand=+, nt=[ATGTTCTGGA..TTTTAAATAA]
16:40:09.190 - INFO - CDS - contig=contig_1, start=145868, stop=149020, strand=+, nt=[ATGGCAGACT..TGAAAAATAA]
16:40:09.190 - INFO - CDS - contig=contig_1, start=149174, stop=149980, strand=+, nt=[ATGATTTTAC..TCTTAAATAA]
16:40:09.190 - INFO - CDS - contig=contig_1, start=150043, stop=152208, strand=-, nt=[ATGAAGCTTT..TAATAAATAA]
16:40:09.190 - INFO - CDS - contig=contig_1, start=152239, stop=153729, strand=-, nt=[TTGCCTAATG..ATTATCATAA]
16:40:09.190 - INFO - CDS - contig=contig_1, start=153856, stop=159735, strand=-, nt=[TTGGCTAGAG..AGGTAAATAA]
16:40:09.190 - INFO - CDS - contig=contig_1, start=159759, stop=165737, strand=-, nt=[TTGGCTAAAA..ATTGAAATAG]
16:40:09.190 - INFO - CDS - contig=contig_1, start=165888, stop=166541, strand=-, nt=[ATGAAACATT..GAATAAATAA]
16:40:09.190 - INFO - CDS - contig=contig_1, start=166571, stop=167482, strand=-, nt=[ATGGCAATTA..TTTTAGATAA]
16:40:09.190 - INFO - CDS - contig=contig_1, start=167835, stop=169043, strand=+, nt=[ATGGGTTTAA..AGTTCAATAA]
16:40:09.190 - INFO - CDS - contig=contig_1, start=169064, stop=169315, strand=+, nt=[GTGGATAATA..ATTTAAATAA]
16:40:09.190 - INFO - CDS - contig=contig_1, start=169327, stop=169524, strand=+, nt=[TTGAATTCAG..TTTAAAATAA]
16:40:09.190 - INFO - CDS - contig=contig_1, start=169524, stop=169979, strand=+, nt=[ATGTCAAATG..AATTAAATAG]
16:40:09.190 - INFO - CDS - contig=contig_1, start=169991, stop=170269, strand=+, nt=[ATGGATAAAG..TTTTAAATAA]
16:40:09.190 - INFO - CDS - contig=contig_1, start=170290, stop=170565, strand=+, nt=[TTGAATAATG..TCTTAAATAA]
16:40:09.190 - INFO - CDS - contig=contig_1, start=170579, stop=170851, strand=+, nt=[ATGAAGACTA..AGGGAAATAA]
16:40:09.190 - INFO - CDS - contig=contig_1, start=170857, stop=171084, strand=+, nt=[ATGAACTCAA..TATGAAATAG]
16:40:09.190 - INFO - CDS - contig=contig_1, start=171110, stop=171301, strand=+, nt=[TTGGTTGAAA..TAAGAGGTAA]
16:40:09.190 - INFO - CDS - contig=contig_1, start=171338, stop=173566, strand=-, nt=[TTGCTTATTC..TGATGACTAA]
16:40:09.190 - INFO - CDS - contig=contig_1, start=173752, stop=175296, strand=+, nt=[ATGGCAAAAG..CTTAGGATAA]
16:40:09.190 - INFO - CDS - contig=contig_1, start=175373, stop=177298, strand=+, nt=[ATGAATGATA..TAAAAGATAA]
16:40:09.190 - INFO - CDS - contig=contig_1, start=177376, stop=179439, strand=+, nt=[ATGTTAAAAA..ATTTATTTAA]
16:40:09.190 - INFO - CDS - contig=contig_1, start=179512, stop=180699, strand=+, nt=[ATGGATATGA..ATTTATTTAA]
16:40:09.190 - INFO - CDS - contig=contig_1, start=180714, stop=181427, strand=+, nt=[ATGTTAGTTA..ATTAGAATAA]
16:40:09.190 - INFO - CDS - contig=contig_1, start=181461, stop=182120, strand=+, nt=[ATGAAAAAAT..GTTCAAATAG]
16:40:09.190 - INFO - CDS - contig=contig_1, start=182123, stop=182734, strand=+, nt=[ATGGGTGATA..TTTCAAATAA]
16:40:09.190 - INFO - CDS - contig=contig_1, start=182826, stop=183467, strand=+, nt=[ATGGAAGAGA..TTTTAAATAA]
16:40:09.190 - INFO - CDS - contig=contig_1, start=183523, stop=183798, strand=-, nt=[ATGAAAAATA..CATGAAATAA]
16:40:09.191 - INFO - CDS - contig=contig_1, start=183946, stop=185880, strand=+, nt=[ATGTCTAATC..TAAATTCTAA]
16:40:09.191 - INFO - CDS - contig=contig_1, start=185903, stop=186454, strand=+, nt=[ATGGAAAAAT..TTTTATATAA]
16:40:09.191 - INFO - CDS - contig=contig_1, start=186505, stop=187224, strand=+, nt=[ATGTATAAAG..AGTTAATTAA]
16:40:09.191 - INFO - CDS - contig=contig_1, start=187314, stop=188825, strand=+, nt=[ATGAAAATAG..TAAAGAATAA]
16:40:09.191 - INFO - CDS - contig=contig_1, start=188864, stop=190573, strand=+, nt=[ATGAATGATA..TAAAGAATAA]
16:40:09.191 - INFO - CDS - contig=contig_1, start=190718, stop=191017, strand=+, nt=[ATGAATGAAA..AACAATCTAG]
16:40:09.191 - INFO - CDS - contig=contig_1, start=191178, stop=191660, strand=+, nt=[ATGATATATT..TTTTAAATAA]
16:40:09.191 - INFO - CDS - contig=contig_1, start=191676, stop=192377, strand=+, nt=[ATGGAAAATA..ATTTAAATAA]
16:40:09.191 - INFO - CDS - contig=contig_1, start=192388, stop=192879, strand=+, nt=[ATGGATATGA..TTTTAGATAA]
16:40:09.191 - INFO - CDS - contig=contig_1, start=192894, stop=193070, strand=+, nt=[ATGAGAAAAG..AGAAGAATAA]
16:40:09.191 - INFO - CDS - contig=contig_1, start=193072, stop=193725, strand=+, nt=[ATGTTTAATC..ATTTAGATGA]
16:40:09.191 - INFO - CDS - contig=contig_1, start=193818, stop=194426, strand=+, nt=[ATGATTTTAA..TTTTATATAA]
16:40:09.191 - INFO - CDS - contig=contig_1, start=194441, stop=195061, strand=+, nt=[ATGAATGTAA..TTTTAAATAA]
16:40:09.191 - INFO - CDS - contig=contig_1, start=195075, stop=195638, strand=+, nt=[ATGAATTTAG..TTTTAAGTAG]
16:40:09.191 - INFO - CDS - contig=contig_1, start=195656, stop=196279, strand=+, nt=[TTGGATAAGT..ATTTAGATAA]
16:40:09.191 - INFO - CDS - contig=contig_1, start=196281, stop=196892, strand=+, nt=[ATGAAAATAG..TTTTAAATAA]
16:40:09.191 - INFO - CDS - contig=contig_1, start=196950, stop=197729, strand=+, nt=[ATGTCTGAAA..AGAATTTTAA]
16:40:09.191 - INFO - CDS - contig=contig_1, start=197799, stop=198164, strand=+, nt=[ATGGGATTTG..ATCATTTTAA]
16:40:09.191 - INFO - CDS - contig=contig_1, start=198185, stop=198310, strand=+, nt=[ATGTTAAAAA..TAATATATAA]
16:40:09.191 - INFO - CDS - contig=contig_1, start=198330, stop=198731, strand=+, nt=[ATGTTATCAG..TGAAAATTAG]
16:40:09.191 - INFO - CDS - contig=contig_1, start=198812, stop=199588, strand=+, nt=[ATGGAGAAAA..ATTTTCCTAA]
16:40:09.191 - INFO - CDS - contig=contig_1, start=199590, stop=200399, strand=+, nt=[ATGAAAAATA..ATTTTCATAA]
16:40:09.191 - INFO - CDS - contig=contig_1, start=200399, stop=201139, strand=+, nt=[ATGGAATATA..TTTTAAATAA]
16:40:09.191 - INFO - CDS - contig=contig_1, start=201154, stop=201951, strand=+, nt=[ATGAGTGCAA..TTTCAAATAA]
16:40:09.191 - INFO - CDS - contig=contig_1, start=202008, stop=204743, strand=+, nt=[ATGAAGATTA..AGTAAACTAA]
16:40:09.191 - INFO - CDS - contig=contig_1, start=204780, stop=205067, strand=+, nt=[TTGAATATTA..GTTTAAATAG]
16:40:09.191 - INFO - CDS - contig=contig_1, start=205084, stop=205236, strand=+, nt=[ATGAATAAAA..ATTTATATAG]
16:40:09.191 - INFO - CDS - contig=contig_1, start=205359, stop=205871, strand=+, nt=[ATGGGTAGAT..AGCTTTTTAA]
16:40:09.191 - INFO - CDS - contig=contig_1, start=206012, stop=206134, strand=+, nt=[TTGGAAATAT..ATATTTATAA]
16:40:09.191 - INFO - CDS - contig=contig_1, start=206100, stop=206639, strand=+, nt=[TTGAAAAAAA..GAAAAAATAA]
16:40:09.191 - INFO - CDS - contig=contig_1, start=206915, stop=208105, strand=+, nt=[GTGGACTGGA..AATTGGTTAA]
16:40:09.191 - INFO - CDS - contig=contig_1, start=208105, stop=208887, strand=+, nt=[ATGTCTATTA..TAATATATAA]
16:40:09.191 - INFO - CDS - contig=contig_1, start=208952, stop=211399, strand=+, nt=[TTGGCTGATG..CGATTTCTAA]
16:40:09.191 - INFO - CDS - contig=contig_1, start=211500, stop=213413, strand=+, nt=[ATGGCAAATG..TGATATTTAA]
16:40:09.191 - INFO - CDS - contig=contig_1, start=213488, stop=213781, strand=+, nt=[ATGAAAGCAG..TAATTCTTAA]
16:40:09.192 - INFO - CDS - contig=contig_1, start=213849, stop=214295, strand=+, nt=[ATGGAAATTT..TAAACAATAA]
16:40:09.192 - INFO - CDS - contig=contig_1, start=214313, stop=215860, strand=+, nt=[ATGGTAGTAT..AATTAAATAA]
16:40:09.192 - INFO - CDS - contig=contig_1, start=215881, stop=216591, strand=+, nt=[GTGTCCATTA..TACTATATAA]
16:40:09.192 - INFO - CDS - contig=contig_1, start=216603, stop=217259, strand=+, nt=[ATGAATAGAG..GAAATTTTAA]
16:40:09.192 - INFO - CDS - contig=contig_1, start=217260, stop=217859, strand=+, nt=[ATGACTGAAG..ATTAAAATAA]
16:40:09.192 - INFO - CDS - contig=contig_1, start=217942, stop=219186, strand=+, nt=[ATGTTAACAA..AGGAATTTAA]
16:40:09.192 - INFO - CDS - contig=contig_1, start=219286, stop=220122, strand=+, nt=[ATGGCAAATA..TAAGAAATAA]
16:40:09.192 - INFO - CDS - contig=contig_1, start=220178, stop=221848, strand=-, nt=[ATGGCTACTA..AACAGAATAA]
16:40:09.192 - INFO - CDS - contig=contig_1, start=221872, stop=222420, strand=-, nt=[ATGTTAAATT..AGAAAAATAA]
16:40:09.192 - INFO - CDS - contig=contig_1, start=222493, stop=223290, strand=-, nt=[ATGAAAACTA..ATTTAGTTAA]
16:40:09.192 - INFO - CDS - contig=contig_1, start=223456, stop=224406, strand=-, nt=[ATGGCTAAAA..ATTTAGCTAA]
16:40:09.192 - INFO - CDS - contig=contig_1, start=224474, stop=226813, strand=-, nt=[ATGGAAGATA..CAAGTATTAA]
16:40:09.192 - INFO - CDS - contig=contig_1, start=226993, stop=228918, strand=-, nt=[ATGTCTGAAG..TAATGGTTAA]
16:40:09.192 - INFO - CDS - contig=contig_1, start=228939, stop=230207, strand=-, nt=[ATGGGTACAT..TAGAAAATAA]
16:40:09.192 - INFO - CDS - contig=contig_1, start=230343, stop=230852, strand=-, nt=[ATGGAAGATT..TGGTCTTTAA]
16:40:09.192 - INFO - CDS - contig=contig_1, start=230894, stop=231454, strand=-, nt=[ATGGATTTTA..ATTAAACTAA]
16:40:09.192 - INFO - CDS - contig=contig_1, start=231551, stop=232555, strand=-, nt=[ATGCTTGTTG..TATGCTATAA]
16:40:09.192 - INFO - CDS - contig=contig_1, start=232900, stop=233832, strand=-, nt=[TTGAATAAAC..TATCCCTTAG]
16:40:09.192 - INFO - CDS - contig=contig_1, start=233946, stop=237104, strand=-, nt=[TTGAAATATC..TAGAGCTTAA]
16:40:09.192 - INFO - CDS - contig=contig_1, start=237565, stop=238791, strand=+, nt=[TTGGCTAATA..TATAGAATAA]
16:40:09.192 - INFO - CDS - contig=contig_1, start=238948, stop=241023, strand=+, nt=[ATGTTAGGTA..GATTTACTAA]
16:40:09.192 - INFO - CDS - contig=contig_1, start=241898, stop=243847, strand=+, nt=[ATGATAGGTT..TGTATTTTAA]
16:40:09.192 - INFO - CDS - contig=contig_1, start=243899, stop=244582, strand=-, nt=[ATGCAAATGC..AATTCAATAA]
16:40:09.192 - INFO - CDS - contig=contig_1, start=244757, stop=246829, strand=+, nt=[ATGAGTAGAA..CATGGTTTAA]
16:40:09.192 - INFO - CDS - contig=contig_1, start=246936, stop=247550, strand=+, nt=[TTGATAGACT..GGTATTGTAA]
16:40:09.192 - INFO - CDS - contig=contig_1, start=247551, stop=248105, strand=+, nt=[ATGGCAACTA..GGAGGTCTAG]
16:40:09.192 - INFO - CDS - contig=contig_1, start=248110, stop=248289, strand=+, nt=[ATGTCTTGGT..TAGATGTTAG]
16:40:09.192 - INFO - CDS - contig=contig_1, start=248283, stop=248774, strand=+, nt=[ATGTTAGATA..AAATTCTTAA]
16:40:09.192 - INFO - CDS - contig=contig_1, start=248826, stop=249593, strand=-, nt=[GTGTCTAATT..TTTATTATAA]
16:40:09.192 - INFO - CDS - contig=contig_1, start=249665, stop=249799, strand=-, nt=[ATGGGATTTT..AGGATTATAA]
16:40:09.192 - INFO - CDS - contig=contig_1, start=249844, stop=250404, strand=-, nt=[ATGAAAAAAT..TAAGAATTAA]
16:40:09.192 - INFO - CDS - contig=contig_1, start=250481, stop=251212, strand=-, nt=[ATGGCTACAA..TAAATCATAA]
16:40:09.192 - INFO - CDS - contig=contig_1, start=251392, stop=251793, strand=+, nt=[ATGGCTCAAA..CTTAAGCTAA]
16:40:09.192 - INFO - CDS - contig=contig_1, start=251836, stop=253350, strand=+, nt=[ATGGTAAAAA..TTTGGTTTAG]
16:40:09.192 - INFO - CDS - contig=contig_1, start=253416, stop=253616, strand=+, nt=[TTGCTTGATT..AAATAATTAA]
16:40:09.192 - INFO - CDS - contig=contig_1, start=253645, stop=253938, strand=+, nt=[TTGGTTACTA..AATTGTATAA]
16:40:09.192 - INFO - CDS - contig=contig_1, start=253956, stop=255698, strand=+, nt=[ATGTTAGATA..TCCACAATAA]
16:40:09.192 - INFO - CDS - contig=contig_1, start=255868, stop=256641, strand=+, nt=[TTGACTAATT..ACGAAAATGA]
16:40:09.192 - INFO - CDS - contig=contig_1, start=256718, stop=258451, strand=+, nt=[TTGGATAAAG..TCAATACTAA]
16:40:09.192 - INFO - CDS - contig=contig_1, start=258537, stop=259676, strand=-, nt=[ATGGATATTA..AAATAGGTAA]
16:40:09.193 - INFO - CDS - contig=contig_1, start=259804, stop=261078, strand=+, nt=[TTGATAGAAA..CAATACCTAA]
16:40:09.193 - INFO - CDS - contig=contig_1, start=261106, stop=261840, strand=-, nt=[TTGTTAGAAA..CATCGGTTAA]
16:40:09.193 - INFO - CDS - contig=contig_1, start=261928, stop=262722, strand=-, nt=[ATGTTACAAA..TGAAAAATAA]
16:40:09.193 - INFO - CDS - contig=contig_1, start=262767, stop=263798, strand=-, nt=[GTGGAACTTC..TAGTTTCTGA]
16:40:09.193 - INFO - CDS - contig=contig_1, start=263976, stop=265445, strand=-, nt=[TTGGCCAATA..AAAACGTTAA]
16:40:09.193 - INFO - CDS - contig=contig_1, start=265623, stop=265757, strand=-, nt=[TTGAATAAAG..TTATAAATAA]
16:40:09.193 - INFO - CDS - contig=contig_1, start=266095, stop=266616, strand=-, nt=[ATGTTAAATA..TTATAGATAA]
16:40:09.193 - INFO - CDS - contig=contig_1, start=266648, stop=267163, strand=-, nt=[ATGAGTAAAA..ATTAGTTTAA]
16:40:09.193 - INFO - CDS - contig=contig_1, start=267178, stop=267630, strand=-, nt=[ATGTTAATGT..AAAAAAATAA]
16:40:09.193 - INFO - CDS - contig=contig_1, start=267775, stop=268743, strand=+, nt=[TTGGCTGAAG..ATTTTTATAA]
16:40:09.193 - INFO - CDS - predicted=274
16:40:09.424 - INFO - ORF - discarded=0
16:40:10.800 - INFO - UPS - looked-up=243
16:40:11.019 - INFO - IPS - looked-up=243
16:40:11.020 - INFO - ORF - write internal aa seqs: # seqs=31, path=/tmp/tmp8ddl6vq7/cds.psc.faa
16:41:19.611 - INFO - PSC - found: PSC=30, PSCC=1
16:41:19.864 - INFO - PSC - looked-up=274
16:41:20.098 - INFO - PSCC - looked-up=256
16:41:20.099 - INFO - ORF - write internal aa seqs: # seqs=274, path=/tmp/tmp8ddl6vq7/cds.expert.faa
16:41:21.847 - INFO - EXPERT-AMRFINDER - found=0
16:41:23.016 - INFO - EXPERT_AA_SEQ - found=0
16:41:23.017 - INFO - ANNOTATION - marked as hypothetical: contig=contig_1, start=8176, stop=9075, strand=+
16:41:23.018 - INFO - ANNOTATION - fix product: replace domain name underscores. new=Ig-like-bact domain-containing protein, old=Ig-like_bact domain-containing protein
16:41:23.019 - INFO - ANNOTATION - fix gene: extract symbol from protein name. symbol=traM
16:41:23.020 - INFO - ANNOTATION - fix product: replace domain name underscores. new=Ig-like-bact domain-containing protein, old=Ig-like_bact domain-containing protein
16:41:23.020 - INFO - ANNOTATION - marked as hypothetical: contig=contig_1, start=42057, stop=42608, strand=+
16:41:23.021 - INFO - ANNOTATION - fix gene: extract symbol from protein name. symbol=yezG
16:41:23.021 - INFO - ANNOTATION - fix product: replace domain name underscores. new=CdiI-4 domain-containing protein, old=CdiI_4 domain-containing protein
16:41:23.021 - INFO - ANNOTATION - marked as hypothetical: contig=contig_1, start=54659, stop=55435, strand=+
16:41:23.022 - INFO - ANNOTATION - fix product: revise DUF. new=DUF4300 domain-containing protein, old=DUF4300 family protein
16:41:23.022 - INFO - ANNOTATION - marked as hypothetical: contig=contig_1, start=61953, stop=62495, strand=+
16:41:23.022 - INFO - ANNOTATION - fix gene: extract symbol from protein name. symbol=mbpZ
16:41:23.023 - INFO - ANNOTATION - fix gene: extract symbol from protein name. symbol=mbpZ
16:41:23.023 - INFO - ANNOTATION - marked as hypothetical: contig=contig_1, start=70661, stop=71395, strand=+
16:41:23.024 - INFO - ANNOTATION - fix product: revise DUF. new=DUF5085 domain-containing protein, old=DUF5085 family protein
16:41:23.025 - INFO - ANNOTATION - fix gene: extract symbol from protein name. symbol=mbpI
16:41:23.025 - INFO - ANNOTATION - marked as hypothetical: contig=contig_1, start=87645, stop=87923, strand=+
16:41:23.025 - INFO - ANNOTATION - marked as hypothetical: contig=contig_1, start=90652, stop=90759, strand=+
16:41:23.026 - INFO - ANNOTATION - marked as hypothetical: contig=contig_1, start=95311, stop=95934, strand=+
16:41:23.026 - INFO - ANNOTATION - fix product: replace domain name underscores. new=CNDH2-N domain-containing protein, old=CNDH2_N domain-containing protein
16:41:23.027 - INFO - ANNOTATION - fix product: revise DUF. new=DUF2951 domain-containing protein, old=DUF2951 family protein
16:41:23.028 - INFO - ANNOTATION - fix product: replace domain name underscores. new=PG-binding-1 domain-containing protein, old=PG_binding_1 domain-containing protein
16:41:23.028 - INFO - ANNOTATION - fix product: replace domain name underscores. new=Terminase-6 domain-containing protein, old=Terminase_6 domain-containing protein
16:41:23.029 - INFO - ANNOTATION - fix product: replace domain name underscores. new=Terminase-6C domain-containing protein, old=Terminase_6C domain-containing protein
16:41:23.029 - INFO - ANNOTATION - marked as hypothetical: contig=contig_1, start=145545, stop=145739, strand=+
16:41:23.030 - INFO - ANNOTATION - fix gene: extract symbol from protein name. symbol=mazG
16:41:23.030 - INFO - ANNOTATION - marked as hypothetical: contig=contig_1, start=169064, stop=169315, strand=+
16:41:23.030 - INFO - ANNOTATION - marked as hypothetical: contig=contig_1, start=169327, stop=169524, strand=+
16:41:23.030 - INFO - ANNOTATION - marked as hypothetical: contig=contig_1, start=169991, stop=170269, strand=+
16:41:23.030 - INFO - ANNOTATION - fix product: revise DUF. new=DUF507 domain-containing protein, old=DUF507 family protein
16:41:23.031 - INFO - ANNOTATION - fix gene: extract symbol from protein name. symbol=zapB
16:41:23.031 - INFO - ANNOTATION - fix product: replace domain name underscores. new=Baseplate-J domain-containing protein, old=Baseplate_J domain-containing protein
16:41:23.031 - INFO - ANNOTATION - fix gene: extract symbol from protein name. symbol=ftsQ
16:41:23.031 - INFO - ANNOTATION - fix product: replace domain name underscores. new=BPH-3 domain-containing protein, old=BPH_3 domain-containing protein
16:41:23.031 - INFO - ANNOTATION - fix product: revise DUF. new=DUF3822 domain-containing protein, old=DUF3822 family protein
16:41:23.032 - INFO - ANNOTATION - fix product: replace domain name underscores. new=Sulfotransfer-1 domain-containing protein, old=Sulfotransfer_1 domain-containing protein
16:41:23.032 - INFO - ANNOTATION - fix product: replace domain name underscores. new=RPOLA-N domain-containing protein, old=RPOLA_N domain-containing protein
16:41:23.033 - INFO - ANNOTATION - fix gene: extract symbol from protein name. symbol=fbpA
16:41:23.033 - INFO - ANNOTATION - fix product: revise DUF. new=DUF3822 domain-containing protein, old=DUF3822 family protein
16:41:23.034 - INFO - ANNOTATION - marked as hypothetical: contig=contig_1, start=204780, stop=205067, strand=+
16:41:23.034 - INFO - ANNOTATION - marked as hypothetical: contig=contig_1, start=205359, stop=205871, strand=+
16:41:23.034 - INFO - ANNOTATION - fix gene: extract symbol from protein name. symbol=yopX
16:41:23.034 - INFO - ANNOTATION - marked as hypothetical: contig=contig_1, start=215881, stop=216591, strand=+
16:41:23.034 - INFO - ANNOTATION - marked as hypothetical: contig=contig_1, start=216603, stop=217259, strand=+
16:41:23.035 - INFO - ANNOTATION - marked as hypothetical: contig=contig_1, start=243899, stop=244582, strand=-
16:41:23.035 - INFO - ANNOTATION - fix product: replace domain name underscores. new=GPW-gp25 domain-containing protein, old=GPW_gp25 domain-containing protein
16:41:23.036 - INFO - ANNOTATION - marked as hypothetical: contig=contig_1, start=253416, stop=253616, strand=+
16:41:23.036 - INFO - ANNOTATION - fix product: replace domain name underscores. new=Cas9-PI domain-containing protein, old=Cas9_PI domain-containing protein
16:41:23.036 - INFO - ORF - write internal aa seqs: # seqs=18, path=/tmp/tmp8ddl6vq7/cds.pseudo.candidates.faa
16:42:41.771 - INFO - CDS - found: pseudogene-candidates=0
16:42:41.774 - INFO - PSC - looked-up=0
16:42:41.775 - INFO - PSCC - looked-up=0
16:42:45.484 - INFO - CDS - predicted-pfams=0, CDS-w/-pfams=0
16:42:45.766 - INFO - S_ORF - predicted=4114
16:42:46.267 - INFO - S_ORF - sORF filter: # valid=426, # discarded=3688
16:42:46.440 - INFO - ORF - discarded=0
16:42:48.877 - INFO - UPS - looked-up=0
16:42:48.879 - INFO - IPS - looked-up=0
16:42:48.879 - INFO - ORF - write internal aa seqs: # seqs=426, path=/tmp/tmp8ddl6vq7/sorf.faa
16:42:49.223 - INFO - S_ORF - homology: contig=contig_1, start=63377, stop=63460, strand=+, aa-length=27, query-cov=1.000, identity=0.926, UniRef90=A0A7T8ETJ5
16:42:49.224 - INFO - S_ORF - found=1
16:42:49.226 - INFO - PSC - looked-up=1
16:42:49.228 - INFO - PSCC - looked-up=1
16:42:50.729 - INFO - ORI - predicted=0
16:42:51.175 - INFO - ORI - predicted=0
16:42:51.178 - INFO - UTILS - generated sequence tag prefix: prefix=JCCBMOAPIG, length=10, MD5=3CCB68A92034A0043B3620C6C3081D8C
16:42:51.179 - INFO - MAIN - selected features=276
16:42:51.181 - INFO - UTILS - generated sequence tag prefix: prefix=JCCBMO, length=6, MD5=3CCB68A92034A0043B3620C6C3081D8C
16:42:51.181 - INFO - MAIN - locus tag prefix=JCCBMO
16:42:51.183 - INFO - UTILS - genome-size=268748
16:42:51.187 - INFO - UTILS - GC=0.251
16:42:51.187 - INFO - UTILS - N=0.000
16:42:51.187 - INFO - UTILS - N50=268748
16:42:51.188 - INFO - UTILS - coding-ratio=0.918
16:42:51.189 - INFO - TSV - write tsv: path=/net/holy-nfsisilon/ifs/rc_labs/eddy_lab/users/lmerk/phage_groupII/data/bakta_output/MN091626/MN091626.tsv
16:42:51.201 - INFO - GFF - write GFF3: path=/net/holy-nfsisilon/ifs/rc_labs/eddy_lab/users/lmerk/phage_groupII/data/bakta_output/MN091626/MN091626.gff3
16:42:51.234 - INFO - INSDC - write GenBank: path=/net/holy-nfsisilon/ifs/rc_labs/eddy_lab/users/lmerk/phage_groupII/data/bakta_output/MN091626/MN091626.gbff
16:42:51.286 - INFO - INSDC - write EMBL: path=/net/holy-nfsisilon/ifs/rc_labs/eddy_lab/users/lmerk/phage_groupII/data/bakta_output/MN091626/MN091626.embl
16:42:51.328 - INFO - FASTA - write genome sequences: path=/net/holy-nfsisilon/ifs/rc_labs/eddy_lab/users/lmerk/phage_groupII/data/bakta_output/MN091626/MN091626.fna, description=True, wrap=True
16:42:51.338 - INFO - FASTA - write feature nucleotide sequences: path=/net/holy-nfsisilon/ifs/rc_labs/eddy_lab/users/lmerk/phage_groupII/data/bakta_output/MN091626/MN091626.ffn
16:42:51.347 - INFO - FASTA - write translated CDS/sORF: path=/net/holy-nfsisilon/ifs/rc_labs/eddy_lab/users/lmerk/phage_groupII/data/bakta_output/MN091626/MN091626.faa
16:42:51.418 - INFO - PLOT - write circular genome plot: file-name=MN091626, output-dir=/net/holy-nfsisilon/ifs/rc_labs/eddy_lab/users/lmerk/phage_groupII/data/bakta_output/MN091626
16:43:03.976 - INFO - TSV - write hypothetical tsv: path=/net/holy-nfsisilon/ifs/rc_labs/eddy_lab/users/lmerk/phage_groupII/data/bakta_output/MN091626/MN091626.hypotheticals.tsv
16:43:03.982 - INFO - FASTA - write translated CDS/sORF: path=/net/holy-nfsisilon/ifs/rc_labs/eddy_lab/users/lmerk/phage_groupII/data/bakta_output/MN091626/MN091626.hypotheticals.faa
16:43:03.987 - INFO - JSON - write JSON: path=/net/holy-nfsisilon/ifs/rc_labs/eddy_lab/users/lmerk/phage_groupII/data/bakta_output/MN091626/MN091626.json
16:43:04.048 - INFO - MAIN - removed tmp dir: /tmp/tmp8ddl6vq7
