[04:38:42] This is prokka 1.14.6
[04:38:42] Written by Torsten Seemann <torsten.seemann@gmail.com>
[04:38:42] Homepage is https://github.com/tseemann/prokka
[04:38:42] Local time is Fri Dec 15 04:38:42 2023
[04:38:42] You are lmerk
[04:38:42] Operating system is linux
[04:38:42] You have BioPerl 1.006923
[04:38:42] System has 36 cores.
[04:38:42] Will use maximum of 20 cores.
[04:38:42] Annotating as >>> Bacteria <<<
[04:38:42] Creating new output folder: GenomesDB/ON470608
[04:38:42] Running: mkdir -p GenomesDB\/ON470608
[04:38:42] Using filename prefix: ON470608.XXX
[04:38:42] Setting HMMER_NCPU=1
[04:38:42] Writing log to: GenomesDB/ON470608/ON470608.log
[04:38:42] Command: /n/home07/lmerk/.conda/envs/defensefinder/bin/prokka --noanno --outdir GenomesDB/ON470608 --prefix ON470608 --locustag ON470608 GenomesDB/ON470608.fasta --cpus 20
[04:38:42] Appending to PATH: /n/home07/lmerk/.conda/envs/defensefinder/bin
[04:38:42] Looking for 'aragorn' - found /n/home07/lmerk/.conda/envs/defensefinder/bin/aragorn
[04:38:42] Determined aragorn version is 001002 from 'ARAGORN v1.2.41 Dean Laslett'
[04:38:42] Looking for 'barrnap' - found /n/home07/lmerk/.conda/envs/defensefinder/bin/barrnap
[04:38:42] Determined barrnap version is 000009 from 'barrnap 0.9'
[04:38:42] Looking for 'blastp' - found /n/home07/lmerk/.conda/envs/defensefinder/bin/blastp
[04:38:42] Determined blastp version is 002015 from 'blastp: 2.15.0+'
[04:38:42] Looking for 'cmpress' - found /n/home07/lmerk/.conda/envs/defensefinder/bin/cmpress
[04:38:42] Determined cmpress version is 001001 from '# INFERNAL 1.1.4 (Dec 2020)'
[04:38:42] Looking for 'cmscan' - found /n/home07/lmerk/.conda/envs/defensefinder/bin/cmscan
[04:38:42] Determined cmscan version is 001001 from '# INFERNAL 1.1.4 (Dec 2020)'
[04:38:42] Looking for 'egrep' - found /usr/bin/egrep
[04:38:42] Looking for 'find' - found /usr/bin/find
[04:38:42] Looking for 'grep' - found /usr/bin/grep
[04:38:42] Looking for 'hmmpress' - found /n/home07/lmerk/.conda/envs/defensefinder/bin/hmmpress
[04:38:42] Determined hmmpress version is 003004 from '# HMMER 3.4 (Aug 2023); http://hmmer.org/'
[04:38:42] Looking for 'hmmscan' - found /n/home07/lmerk/.conda/envs/defensefinder/bin/hmmscan
[04:38:42] Determined hmmscan version is 003004 from '# HMMER 3.4 (Aug 2023); http://hmmer.org/'
[04:38:42] Looking for 'java' - found /n/home07/lmerk/.conda/envs/defensefinder/bin/java
[04:38:42] Looking for 'makeblastdb' - found /n/home07/lmerk/.conda/envs/defensefinder/bin/makeblastdb
[04:38:42] Determined makeblastdb version is 002015 from 'makeblastdb: 2.15.0+'
[04:38:42] Looking for 'minced' - found /n/home07/lmerk/.conda/envs/defensefinder/bin/minced
[04:38:43] Determined minced version is 004002 from 'minced 0.4.2'
[04:38:43] Looking for 'parallel' - found /n/home07/lmerk/.conda/envs/defensefinder/bin/parallel
[04:38:43] Determined parallel version is 20230922 from 'GNU parallel 20230922'
[04:38:43] Looking for 'prodigal' - found /n/home07/lmerk/.conda/envs/defensefinder/bin/prodigal
[04:38:43] Determined prodigal version is 002006 from 'Prodigal V2.6.3: February, 2016'
[04:38:43] Looking for 'prokka-genbank_to_fasta_db' - found /n/home07/lmerk/.conda/envs/defensefinder/bin/prokka-genbank_to_fasta_db
[04:38:43] Looking for 'sed' - found /usr/bin/sed
[04:38:43] Looking for 'tbl2asn' - found /n/home07/lmerk/.conda/envs/defensefinder/bin/tbl2asn
[04:38:43] Determined tbl2asn version is 025007 from 'tbl2asn 25.7   arguments:'
[04:38:43] Using genetic code table 11.
[04:38:43] Loading and checking input file: GenomesDB/ON470608.fasta
[04:38:43] Wrote 1 contigs totalling 46651 bp.
[04:38:43] Predicting tRNAs and tmRNAs
[04:38:43] Running: aragorn -l -gc11  -w GenomesDB\/ON470608\/ON470608\.fna
[04:38:43] 1 tRNA-Arg [42253,42327] 34 (cct)
[04:38:43] Found 1 tRNAs
[04:38:43] Predicting Ribosomal RNAs
[04:38:43] Running Barrnap with 20 threads
[04:38:43] Found 0 rRNAs
[04:38:43] Skipping ncRNA search, enable with --rfam if desired.
[04:38:43] Total of 1 tRNA + rRNA features
[04:38:43] Searching for CRISPR repeats
[04:38:43] Found 0 CRISPRs
[04:38:43] Predicting coding sequences
[04:38:43] Contigs total 46651 bp, so using meta mode
[04:38:43] Running: prodigal -i GenomesDB\/ON470608\/ON470608\.fna -c -m -g 11 -p meta -f sco -q
[04:38:44] Found 60 CDS
[04:38:44] Connecting features back to sequences
[04:38:44] Not using genus-specific database. Try --usegenus to enable it.
[04:38:44] Option --noanno enabled, so skipping CDS similarity searches
[04:38:44] Labelling remaining 60 proteins as 'unannotated protein'
[04:38:44] Found 0 unique /gene codes.
[04:38:44] Fixed 0 colliding /gene names.
[04:38:44] Adding /locus_tag identifiers
[04:38:44] Assigned 61 locus_tags to CDS and RNA features.
[04:38:44] Writing outputs to GenomesDB/ON470608/
[04:38:44] Generating annotation statistics file
[04:38:44] Generating Genbank and Sequin files
[04:38:44] Running: tbl2asn -V b -a r10k -l paired-ends -M n -N 1 -y 'Annotated using prokka 1.14.6 from https://github.com/tseemann/prokka' -Z GenomesDB\/ON470608\/ON470608\.err -i GenomesDB\/ON470608\/ON470608\.fsa 2> /dev/null
[04:38:44] Deleting unwanted file: GenomesDB/ON470608/errorsummary.val
[04:38:44] Deleting unwanted file: GenomesDB/ON470608/ON470608.dr
[04:38:44] Deleting unwanted file: GenomesDB/ON470608/ON470608.fixedproducts
[04:38:44] Deleting unwanted file: GenomesDB/ON470608/ON470608.ecn
[04:38:44] Deleting unwanted file: GenomesDB/ON470608/ON470608.val
[04:38:44] Repairing broken .GBK output that tbl2asn produces...
[04:38:44] Running: sed 's/COORDINATES: profile/COORDINATES:profile/' < GenomesDB\/ON470608\/ON470608\.gbf > GenomesDB\/ON470608\/ON470608\.gbk
[04:38:44] Deleting unwanted file: GenomesDB/ON470608/ON470608.gbf
[04:38:44] Output files:
[04:38:44] GenomesDB/ON470608/ON470608.fna
[04:38:44] GenomesDB/ON470608/ON470608.faa
[04:38:44] GenomesDB/ON470608/ON470608.err
[04:38:44] GenomesDB/ON470608/ON470608.tbl
[04:38:44] GenomesDB/ON470608/ON470608.log
[04:38:44] GenomesDB/ON470608/ON470608.gbk
[04:38:44] GenomesDB/ON470608/ON470608.gff
[04:38:44] GenomesDB/ON470608/ON470608.txt
[04:38:44] GenomesDB/ON470608/ON470608.ffn
[04:38:44] GenomesDB/ON470608/ON470608.fsa
[04:38:44] GenomesDB/ON470608/ON470608.sqn
[04:38:44] GenomesDB/ON470608/ON470608.tsv
[04:38:44] Annotation finished successfully.
[04:38:44] Walltime used: 0.03 minutes
[04:38:44] If you use this result please cite the Prokka paper:
[04:38:44] Seemann T (2014) Prokka: rapid prokaryotic genome annotation. Bioinformatics. 30(14):2068-9.
[04:38:44] Type 'prokka --citation' for more details.
[04:38:44] Thank you, come again.
