Discrepancy Report Results

Summary
FATAL: MISSING_PROTEIN_ID:195 proteins have invalid IDs.
DISC_SOURCE_QUALS_ASNDISC:strain (all present, all unique)
DISC_SOURCE_QUALS_ASNDISC:taxname (all present, all unique)
DISC_FEATURE_COUNT:CDS: 195 present
DISC_COUNT_NUCLEOTIDES:1 nucleotide Bioseqs are present
FEATURE_LOCATION_CONFLICT:195 features have inconsistent gene locations.
OVERLAPPING_CDS:61 coding regions overlap another coding region with a similar or identical name.
DISC_QUALITY_SCORES:Quality scores are missing on all sequences.
ONCALLER_COMMENT_PRESENT:1 comment descriptors were found (all same)
SHORT_PROT_SEQUENCES:12 protein sequences are shorter than 50 aa.
MISSING_GENOMEASSEMBLY_COMMENTS:1 bioseqs are missing GenomeAssembly structured comments
MOLTYPE_NOT_MRNA:1 molecule types are not set as mRNA.
TECHNIQUE_NOT_TSA:1 technique are not set as TSA
MISSING_STRUCTURED_COMMENT:1 sequences do not include structured comments.
MISSING_PROJECT:196 sequences do not include project.
DISC_INCONSISTENT_MOLINFO_TECH:Molinfo Technique Report (some missing, all same)


Detailed Report

FATAL: DiscRep_ALL:MISSING_PROTEIN_ID::195 proteins have invalid IDs.
GenomesDB/ON107264/ON107264:ON107264_1 (length 49)
GenomesDB/ON107264/ON107264:ON107264_2 (length 52)
GenomesDB/ON107264/ON107264:ON107264_3 (length 405)
GenomesDB/ON107264/ON107264:ON107264_4 (length 284)
GenomesDB/ON107264/ON107264:ON107264_5 (length 305)
GenomesDB/ON107264/ON107264:ON107264_6 (length 200)
GenomesDB/ON107264/ON107264:ON107264_7 (length 598)
GenomesDB/ON107264/ON107264:ON107264_8 (length 89)
GenomesDB/ON107264/ON107264:ON107264_9 (length 67)
GenomesDB/ON107264/ON107264:ON107264_10 (length 79)
GenomesDB/ON107264/ON107264:ON107264_11 (length 90)
GenomesDB/ON107264/ON107264:ON107264_12 (length 108)
GenomesDB/ON107264/ON107264:ON107264_13 (length 65)
GenomesDB/ON107264/ON107264:ON107264_14 (length 110)
GenomesDB/ON107264/ON107264:ON107264_15 (length 77)
GenomesDB/ON107264/ON107264:ON107264_16 (length 91)
GenomesDB/ON107264/ON107264:ON107264_17 (length 211)
GenomesDB/ON107264/ON107264:ON107264_18 (length 76)
GenomesDB/ON107264/ON107264:ON107264_19 (length 170)
GenomesDB/ON107264/ON107264:ON107264_20 (length 59)
GenomesDB/ON107264/ON107264:ON107264_21 (length 83)
GenomesDB/ON107264/ON107264:ON107264_22 (length 71)
GenomesDB/ON107264/ON107264:ON107264_23 (length 43)
GenomesDB/ON107264/ON107264:ON107264_24 (length 130)
GenomesDB/ON107264/ON107264:ON107264_25 (length 383)
GenomesDB/ON107264/ON107264:ON107264_26 (length 43)
GenomesDB/ON107264/ON107264:ON107264_27 (length 51)
GenomesDB/ON107264/ON107264:ON107264_28 (length 68)
GenomesDB/ON107264/ON107264:ON107264_29 (length 81)
GenomesDB/ON107264/ON107264:ON107264_30 (length 65)
GenomesDB/ON107264/ON107264:ON107264_31 (length 353)
GenomesDB/ON107264/ON107264:ON107264_32 (length 448)
GenomesDB/ON107264/ON107264:ON107264_33 (length 323)
GenomesDB/ON107264/ON107264:ON107264_34 (length 73)
GenomesDB/ON107264/ON107264:ON107264_35 (length 111)
GenomesDB/ON107264/ON107264:ON107264_36 (length 79)
GenomesDB/ON107264/ON107264:ON107264_37 (length 79)
GenomesDB/ON107264/ON107264:ON107264_38 (length 93)
GenomesDB/ON107264/ON107264:ON107264_39 (length 126)
GenomesDB/ON107264/ON107264:ON107264_40 (length 115)
GenomesDB/ON107264/ON107264:ON107264_41 (length 143)
GenomesDB/ON107264/ON107264:ON107264_42 (length 228)
GenomesDB/ON107264/ON107264:ON107264_43 (length 244)
GenomesDB/ON107264/ON107264:ON107264_44 (length 115)
GenomesDB/ON107264/ON107264:ON107264_45 (length 59)
GenomesDB/ON107264/ON107264:ON107264_46 (length 64)
GenomesDB/ON107264/ON107264:ON107264_47 (length 130)
GenomesDB/ON107264/ON107264:ON107264_48 (length 78)
GenomesDB/ON107264/ON107264:ON107264_49 (length 223)
GenomesDB/ON107264/ON107264:ON107264_50 (length 205)
GenomesDB/ON107264/ON107264:ON107264_51 (length 66)
GenomesDB/ON107264/ON107264:ON107264_52 (length 60)
GenomesDB/ON107264/ON107264:ON107264_53 (length 71)
GenomesDB/ON107264/ON107264:ON107264_54 (length 160)
GenomesDB/ON107264/ON107264:ON107264_55 (length 118)
GenomesDB/ON107264/ON107264:ON107264_56 (length 33)
GenomesDB/ON107264/ON107264:ON107264_57 (length 49)
GenomesDB/ON107264/ON107264:ON107264_58 (length 86)
GenomesDB/ON107264/ON107264:ON107264_59 (length 270)
GenomesDB/ON107264/ON107264:ON107264_60 (length 224)
GenomesDB/ON107264/ON107264:ON107264_61 (length 71)
GenomesDB/ON107264/ON107264:ON107264_62 (length 400)
GenomesDB/ON107264/ON107264:ON107264_63 (length 67)
GenomesDB/ON107264/ON107264:ON107264_64 (length 295)
GenomesDB/ON107264/ON107264:ON107264_65 (length 90)
GenomesDB/ON107264/ON107264:ON107264_66 (length 48)
GenomesDB/ON107264/ON107264:ON107264_67 (length 49)
GenomesDB/ON107264/ON107264:ON107264_68 (length 126)
GenomesDB/ON107264/ON107264:ON107264_69 (length 208)
GenomesDB/ON107264/ON107264:ON107264_70 (length 126)
GenomesDB/ON107264/ON107264:ON107264_71 (length 304)
GenomesDB/ON107264/ON107264:ON107264_72 (length 323)
GenomesDB/ON107264/ON107264:ON107264_73 (length 156)
GenomesDB/ON107264/ON107264:ON107264_74 (length 505)
GenomesDB/ON107264/ON107264:ON107264_75 (length 378)
GenomesDB/ON107264/ON107264:ON107264_76 (length 576)
GenomesDB/ON107264/ON107264:ON107264_77 (length 1305)
GenomesDB/ON107264/ON107264:ON107264_78 (length 216)
GenomesDB/ON107264/ON107264:ON107264_79 (length 71)
GenomesDB/ON107264/ON107264:ON107264_80 (length 51)
GenomesDB/ON107264/ON107264:ON107264_81 (length 165)
GenomesDB/ON107264/ON107264:ON107264_82 (length 75)
GenomesDB/ON107264/ON107264:ON107264_83 (length 140)
GenomesDB/ON107264/ON107264:ON107264_84 (length 86)
GenomesDB/ON107264/ON107264:ON107264_85 (length 69)
GenomesDB/ON107264/ON107264:ON107264_86 (length 72)
GenomesDB/ON107264/ON107264:ON107264_87 (length 121)
GenomesDB/ON107264/ON107264:ON107264_88 (length 75)
GenomesDB/ON107264/ON107264:ON107264_89 (length 63)
GenomesDB/ON107264/ON107264:ON107264_90 (length 87)
GenomesDB/ON107264/ON107264:ON107264_91 (length 182)
GenomesDB/ON107264/ON107264:ON107264_92 (length 59)
GenomesDB/ON107264/ON107264:ON107264_93 (length 135)
GenomesDB/ON107264/ON107264:ON107264_94 (length 115)
GenomesDB/ON107264/ON107264:ON107264_95 (length 41)
GenomesDB/ON107264/ON107264:ON107264_96 (length 120)
GenomesDB/ON107264/ON107264:ON107264_97 (length 115)
GenomesDB/ON107264/ON107264:ON107264_98 (length 131)
GenomesDB/ON107264/ON107264:ON107264_99 (length 240)
GenomesDB/ON107264/ON107264:ON107264_100 (length 786)
GenomesDB/ON107264/ON107264:ON107264_101 (length 60)
GenomesDB/ON107264/ON107264:ON107264_102 (length 195)
GenomesDB/ON107264/ON107264:ON107264_103 (length 173)
GenomesDB/ON107264/ON107264:ON107264_104 (length 123)
GenomesDB/ON107264/ON107264:ON107264_105 (length 80)
GenomesDB/ON107264/ON107264:ON107264_106 (length 142)
GenomesDB/ON107264/ON107264:ON107264_107 (length 149)
GenomesDB/ON107264/ON107264:ON107264_108 (length 81)
GenomesDB/ON107264/ON107264:ON107264_109 (length 42)
GenomesDB/ON107264/ON107264:ON107264_110 (length 101)
GenomesDB/ON107264/ON107264:ON107264_111 (length 71)
GenomesDB/ON107264/ON107264:ON107264_112 (length 138)
GenomesDB/ON107264/ON107264:ON107264_113 (length 279)
GenomesDB/ON107264/ON107264:ON107264_114 (length 339)
GenomesDB/ON107264/ON107264:ON107264_115 (length 243)
GenomesDB/ON107264/ON107264:ON107264_116 (length 96)
GenomesDB/ON107264/ON107264:ON107264_117 (length 117)
GenomesDB/ON107264/ON107264:ON107264_118 (length 62)
GenomesDB/ON107264/ON107264:ON107264_119 (length 70)
GenomesDB/ON107264/ON107264:ON107264_120 (length 101)
GenomesDB/ON107264/ON107264:ON107264_121 (length 138)
GenomesDB/ON107264/ON107264:ON107264_122 (length 140)
GenomesDB/ON107264/ON107264:ON107264_123 (length 127)
GenomesDB/ON107264/ON107264:ON107264_124 (length 72)
GenomesDB/ON107264/ON107264:ON107264_125 (length 54)
GenomesDB/ON107264/ON107264:ON107264_126 (length 83)
GenomesDB/ON107264/ON107264:ON107264_127 (length 94)
GenomesDB/ON107264/ON107264:ON107264_128 (length 199)
GenomesDB/ON107264/ON107264:ON107264_129 (length 48)
GenomesDB/ON107264/ON107264:ON107264_130 (length 693)
GenomesDB/ON107264/ON107264:ON107264_131 (length 279)
GenomesDB/ON107264/ON107264:ON107264_132 (length 293)
GenomesDB/ON107264/ON107264:ON107264_133 (length 296)
GenomesDB/ON107264/ON107264:ON107264_134 (length 83)
GenomesDB/ON107264/ON107264:ON107264_135 (length 177)
GenomesDB/ON107264/ON107264:ON107264_136 (length 600)
GenomesDB/ON107264/ON107264:ON107264_137 (length 152)
GenomesDB/ON107264/ON107264:ON107264_138 (length 152)
GenomesDB/ON107264/ON107264:ON107264_139 (length 192)
GenomesDB/ON107264/ON107264:ON107264_140 (length 177)
GenomesDB/ON107264/ON107264:ON107264_141 (length 119)
GenomesDB/ON107264/ON107264:ON107264_142 (length 103)
GenomesDB/ON107264/ON107264:ON107264_143 (length 110)
GenomesDB/ON107264/ON107264:ON107264_144 (length 227)
GenomesDB/ON107264/ON107264:ON107264_145 (length 603)
GenomesDB/ON107264/ON107264:ON107264_146 (length 204)
GenomesDB/ON107264/ON107264:ON107264_147 (length 40)
GenomesDB/ON107264/ON107264:ON107264_148 (length 371)
GenomesDB/ON107264/ON107264:ON107264_149 (length 83)
GenomesDB/ON107264/ON107264:ON107264_150 (length 130)
GenomesDB/ON107264/ON107264:ON107264_151 (length 367)
GenomesDB/ON107264/ON107264:ON107264_152 (length 644)
GenomesDB/ON107264/ON107264:ON107264_153 (length 103)
GenomesDB/ON107264/ON107264:ON107264_154 (length 221)
GenomesDB/ON107264/ON107264:ON107264_155 (length 880)
GenomesDB/ON107264/ON107264:ON107264_156 (length 253)
GenomesDB/ON107264/ON107264:ON107264_157 (length 2294)
GenomesDB/ON107264/ON107264:ON107264_158 (length 208)
GenomesDB/ON107264/ON107264:ON107264_159 (length 136)
GenomesDB/ON107264/ON107264:ON107264_160 (length 118)
GenomesDB/ON107264/ON107264:ON107264_161 (length 60)
GenomesDB/ON107264/ON107264:ON107264_162 (length 334)
GenomesDB/ON107264/ON107264:ON107264_163 (length 140)
GenomesDB/ON107264/ON107264:ON107264_164 (length 162)
GenomesDB/ON107264/ON107264:ON107264_165 (length 63)
GenomesDB/ON107264/ON107264:ON107264_166 (length 116)
GenomesDB/ON107264/ON107264:ON107264_167 (length 405)
GenomesDB/ON107264/ON107264:ON107264_168 (length 118)
GenomesDB/ON107264/ON107264:ON107264_169 (length 75)
GenomesDB/ON107264/ON107264:ON107264_170 (length 169)
GenomesDB/ON107264/ON107264:ON107264_171 (length 265)
GenomesDB/ON107264/ON107264:ON107264_172 (length 236)
GenomesDB/ON107264/ON107264:ON107264_173 (length 168)
GenomesDB/ON107264/ON107264:ON107264_174 (length 216)
GenomesDB/ON107264/ON107264:ON107264_175 (length 84)
GenomesDB/ON107264/ON107264:ON107264_176 (length 131)
GenomesDB/ON107264/ON107264:ON107264_177 (length 156)
GenomesDB/ON107264/ON107264:ON107264_178 (length 338)
GenomesDB/ON107264/ON107264:ON107264_179 (length 178)
GenomesDB/ON107264/ON107264:ON107264_180 (length 478)
GenomesDB/ON107264/ON107264:ON107264_181 (length 506)
GenomesDB/ON107264/ON107264:ON107264_182 (length 589)
GenomesDB/ON107264/ON107264:ON107264_183 (length 306)
GenomesDB/ON107264/ON107264:ON107264_184 (length 174)
GenomesDB/ON107264/ON107264:ON107264_185 (length 123)
GenomesDB/ON107264/ON107264:ON107264_186 (length 151)
GenomesDB/ON107264/ON107264:ON107264_187 (length 399)
GenomesDB/ON107264/ON107264:ON107264_188 (length 69)
GenomesDB/ON107264/ON107264:ON107264_189 (length 91)
GenomesDB/ON107264/ON107264:ON107264_190 (length 231)
GenomesDB/ON107264/ON107264:ON107264_191 (length 300)
GenomesDB/ON107264/ON107264:ON107264_192 (length 625)
GenomesDB/ON107264/ON107264:ON107264_193 (length 59)
GenomesDB/ON107264/ON107264:ON107264_194 (length 39)
GenomesDB/ON107264/ON107264:ON107264_195 (length 126)

DiscRep_ALL:DISC_SOURCE_QUALS_ASNDISC::strain (all present, all unique)
DiscRep_SUB:DISC_SOURCE_QUALS_ASNDISC::1 sources have unique values for strain
DiscRep_ALL:DISC_SOURCE_QUALS_ASNDISC::taxname (all present, all unique)
DiscRep_SUB:DISC_SOURCE_QUALS_ASNDISC::1 sources have unique values for taxname
DiscRep_ALL:DISC_FEATURE_COUNT::CDS: 195 present
DiscRep_ALL:DISC_COUNT_NUCLEOTIDES::1 nucleotide Bioseqs are present
GenomesDB/ON107264/ON107264:ON107264 (length 133818)

DiscRep_ALL:FEATURE_LOCATION_CONFLICT::195 features have inconsistent gene locations.
DiscRep_SUB:FEATURE_LOCATION_CONFLICT::Coding region xref gene does not exist
GenomesDB/ON107264/ON107264:CDS	unannotated protein	ON107264:c539-390	ON107264_00001

DiscRep_SUB:FEATURE_LOCATION_CONFLICT::Coding region xref gene does not exist
GenomesDB/ON107264/ON107264:CDS	unannotated protein	ON107264:1138-1296	ON107264_00002

DiscRep_SUB:FEATURE_LOCATION_CONFLICT::Coding region xref gene does not exist
GenomesDB/ON107264/ON107264:CDS	unannotated protein	ON107264:1384-2601	ON107264_00003

DiscRep_SUB:FEATURE_LOCATION_CONFLICT::Coding region xref gene does not exist
GenomesDB/ON107264/ON107264:CDS	unannotated protein	ON107264:2961-3815	ON107264_00004

DiscRep_SUB:FEATURE_LOCATION_CONFLICT::Coding region xref gene does not exist
GenomesDB/ON107264/ON107264:CDS	unannotated protein	ON107264:3821-4738	ON107264_00005

DiscRep_SUB:FEATURE_LOCATION_CONFLICT::Coding region xref gene does not exist
GenomesDB/ON107264/ON107264:CDS	unannotated protein	ON107264:4740-5342	ON107264_00006

DiscRep_SUB:FEATURE_LOCATION_CONFLICT::Coding region xref gene does not exist
GenomesDB/ON107264/ON107264:CDS	unannotated protein	ON107264:5344-7140	ON107264_00007

DiscRep_SUB:FEATURE_LOCATION_CONFLICT::Coding region xref gene does not exist
GenomesDB/ON107264/ON107264:CDS	unannotated protein	ON107264:7186-7455	ON107264_00008

DiscRep_SUB:FEATURE_LOCATION_CONFLICT::Coding region xref gene does not exist
GenomesDB/ON107264/ON107264:CDS	unannotated protein	ON107264:7489-7692	ON107264_00009

DiscRep_SUB:FEATURE_LOCATION_CONFLICT::Coding region xref gene does not exist
GenomesDB/ON107264/ON107264:CDS	unannotated protein	ON107264:7727-7966	ON107264_00010

DiscRep_SUB:FEATURE_LOCATION_CONFLICT::Coding region xref gene does not exist
GenomesDB/ON107264/ON107264:CDS	unannotated protein	ON107264:7966-8238	ON107264_00011

DiscRep_SUB:FEATURE_LOCATION_CONFLICT::Coding region xref gene does not exist
GenomesDB/ON107264/ON107264:CDS	unannotated protein	ON107264:8271-8597	ON107264_00012

DiscRep_SUB:FEATURE_LOCATION_CONFLICT::Coding region xref gene does not exist
GenomesDB/ON107264/ON107264:CDS	unannotated protein	ON107264:8700-8897	ON107264_00013

DiscRep_SUB:FEATURE_LOCATION_CONFLICT::Coding region xref gene does not exist
GenomesDB/ON107264/ON107264:CDS	unannotated protein	ON107264:8967-9299	ON107264_00014

DiscRep_SUB:FEATURE_LOCATION_CONFLICT::Coding region xref gene does not exist
GenomesDB/ON107264/ON107264:CDS	unannotated protein	ON107264:9667-9900	ON107264_00015

DiscRep_SUB:FEATURE_LOCATION_CONFLICT::Coding region xref gene does not exist
GenomesDB/ON107264/ON107264:CDS	unannotated protein	ON107264:9947-10222	ON107264_00016

DiscRep_SUB:FEATURE_LOCATION_CONFLICT::Coding region xref gene does not exist
GenomesDB/ON107264/ON107264:CDS	unannotated protein	ON107264:10270-10905	ON107264_00017

DiscRep_SUB:FEATURE_LOCATION_CONFLICT::Coding region xref gene does not exist
GenomesDB/ON107264/ON107264:CDS	unannotated protein	ON107264:10934-11164	ON107264_00018

DiscRep_SUB:FEATURE_LOCATION_CONFLICT::Coding region xref gene does not exist
GenomesDB/ON107264/ON107264:CDS	unannotated protein	ON107264:11219-11731	ON107264_00019

DiscRep_SUB:FEATURE_LOCATION_CONFLICT::Coding region xref gene does not exist
GenomesDB/ON107264/ON107264:CDS	unannotated protein	ON107264:c12004-11825	ON107264_00020

DiscRep_SUB:FEATURE_LOCATION_CONFLICT::Coding region xref gene does not exist
GenomesDB/ON107264/ON107264:CDS	unannotated protein	ON107264:12074-12325	ON107264_00021

DiscRep_SUB:FEATURE_LOCATION_CONFLICT::Coding region xref gene does not exist
GenomesDB/ON107264/ON107264:CDS	unannotated protein	ON107264:12329-12544	ON107264_00022

DiscRep_SUB:FEATURE_LOCATION_CONFLICT::Coding region xref gene does not exist
GenomesDB/ON107264/ON107264:CDS	unannotated protein	ON107264:12555-12686	ON107264_00023

DiscRep_SUB:FEATURE_LOCATION_CONFLICT::Coding region xref gene does not exist
GenomesDB/ON107264/ON107264:CDS	unannotated protein	ON107264:13028-13420	ON107264_00024

DiscRep_SUB:FEATURE_LOCATION_CONFLICT::Coding region xref gene does not exist
GenomesDB/ON107264/ON107264:CDS	unannotated protein	ON107264:13691-14842	ON107264_00025

DiscRep_SUB:FEATURE_LOCATION_CONFLICT::Coding region xref gene does not exist
GenomesDB/ON107264/ON107264:CDS	unannotated protein	ON107264:14873-15004	ON107264_00026

DiscRep_SUB:FEATURE_LOCATION_CONFLICT::Coding region xref gene does not exist
GenomesDB/ON107264/ON107264:CDS	unannotated protein	ON107264:15136-15291	ON107264_00027

DiscRep_SUB:FEATURE_LOCATION_CONFLICT::Coding region xref gene does not exist
GenomesDB/ON107264/ON107264:CDS	unannotated protein	ON107264:15442-15648	ON107264_00028

DiscRep_SUB:FEATURE_LOCATION_CONFLICT::Coding region xref gene does not exist
GenomesDB/ON107264/ON107264:CDS	unannotated protein	ON107264:15665-15910	ON107264_00029

DiscRep_SUB:FEATURE_LOCATION_CONFLICT::Coding region xref gene does not exist
GenomesDB/ON107264/ON107264:CDS	unannotated protein	ON107264:15907-16104	ON107264_00030

DiscRep_SUB:FEATURE_LOCATION_CONFLICT::Coding region xref gene does not exist
GenomesDB/ON107264/ON107264:CDS	unannotated protein	ON107264:16115-17176	ON107264_00031

DiscRep_SUB:FEATURE_LOCATION_CONFLICT::Coding region xref gene does not exist
GenomesDB/ON107264/ON107264:CDS	unannotated protein	ON107264:17261-18607	ON107264_00032

DiscRep_SUB:FEATURE_LOCATION_CONFLICT::Coding region xref gene does not exist
GenomesDB/ON107264/ON107264:CDS	unannotated protein	ON107264:18626-19597	ON107264_00033

DiscRep_SUB:FEATURE_LOCATION_CONFLICT::Coding region xref gene does not exist
GenomesDB/ON107264/ON107264:CDS	unannotated protein	ON107264:c20049-19828	ON107264_00034

DiscRep_SUB:FEATURE_LOCATION_CONFLICT::Coding region xref gene does not exist
GenomesDB/ON107264/ON107264:CDS	unannotated protein	ON107264:20183-20518	ON107264_00035

DiscRep_SUB:FEATURE_LOCATION_CONFLICT::Coding region xref gene does not exist
GenomesDB/ON107264/ON107264:CDS	unannotated protein	ON107264:20591-20830	ON107264_00036

DiscRep_SUB:FEATURE_LOCATION_CONFLICT::Coding region xref gene does not exist
GenomesDB/ON107264/ON107264:CDS	unannotated protein	ON107264:20949-21188	ON107264_00037

DiscRep_SUB:FEATURE_LOCATION_CONFLICT::Coding region xref gene does not exist
GenomesDB/ON107264/ON107264:CDS	unannotated protein	ON107264:21221-21502	ON107264_00038

DiscRep_SUB:FEATURE_LOCATION_CONFLICT::Coding region xref gene does not exist
GenomesDB/ON107264/ON107264:CDS	unannotated protein	ON107264:21499-21879	ON107264_00039

DiscRep_SUB:FEATURE_LOCATION_CONFLICT::Coding region xref gene does not exist
GenomesDB/ON107264/ON107264:CDS	unannotated protein	ON107264:21879-22226	ON107264_00040

DiscRep_SUB:FEATURE_LOCATION_CONFLICT::Coding region xref gene does not exist
GenomesDB/ON107264/ON107264:CDS	unannotated protein	ON107264:22223-22654	ON107264_00041

DiscRep_SUB:FEATURE_LOCATION_CONFLICT::Coding region xref gene does not exist
GenomesDB/ON107264/ON107264:CDS	unannotated protein	ON107264:22693-23379	ON107264_00042

DiscRep_SUB:FEATURE_LOCATION_CONFLICT::Coding region xref gene does not exist
GenomesDB/ON107264/ON107264:CDS	unannotated protein	ON107264:23425-24159	ON107264_00043

DiscRep_SUB:FEATURE_LOCATION_CONFLICT::Coding region xref gene does not exist
GenomesDB/ON107264/ON107264:CDS	unannotated protein	ON107264:24159-24506	ON107264_00044

DiscRep_SUB:FEATURE_LOCATION_CONFLICT::Coding region xref gene does not exist
GenomesDB/ON107264/ON107264:CDS	unannotated protein	ON107264:24551-24730	ON107264_00045

DiscRep_SUB:FEATURE_LOCATION_CONFLICT::Coding region xref gene does not exist
GenomesDB/ON107264/ON107264:CDS	unannotated protein	ON107264:24764-24958	ON107264_00046

DiscRep_SUB:FEATURE_LOCATION_CONFLICT::Coding region xref gene does not exist
GenomesDB/ON107264/ON107264:CDS	unannotated protein	ON107264:25009-25401	ON107264_00047

DiscRep_SUB:FEATURE_LOCATION_CONFLICT::Coding region xref gene does not exist
GenomesDB/ON107264/ON107264:CDS	unannotated protein	ON107264:25426-25662	ON107264_00048

DiscRep_SUB:FEATURE_LOCATION_CONFLICT::Coding region xref gene does not exist
GenomesDB/ON107264/ON107264:CDS	unannotated protein	ON107264:25699-26370	ON107264_00049

DiscRep_SUB:FEATURE_LOCATION_CONFLICT::Coding region xref gene does not exist
GenomesDB/ON107264/ON107264:CDS	unannotated protein	ON107264:26389-27006	ON107264_00050

DiscRep_SUB:FEATURE_LOCATION_CONFLICT::Coding region xref gene does not exist
GenomesDB/ON107264/ON107264:CDS	unannotated protein	ON107264:27081-27281	ON107264_00051

DiscRep_SUB:FEATURE_LOCATION_CONFLICT::Coding region xref gene does not exist
GenomesDB/ON107264/ON107264:CDS	unannotated protein	ON107264:27301-27483	ON107264_00052

DiscRep_SUB:FEATURE_LOCATION_CONFLICT::Coding region xref gene does not exist
GenomesDB/ON107264/ON107264:CDS	unannotated protein	ON107264:27470-27685	ON107264_00053

DiscRep_SUB:FEATURE_LOCATION_CONFLICT::Coding region xref gene does not exist
GenomesDB/ON107264/ON107264:CDS	unannotated protein	ON107264:27700-28182	ON107264_00054

DiscRep_SUB:FEATURE_LOCATION_CONFLICT::Coding region xref gene does not exist
GenomesDB/ON107264/ON107264:CDS	unannotated protein	ON107264:28175-28531	ON107264_00055

DiscRep_SUB:FEATURE_LOCATION_CONFLICT::Coding region xref gene does not exist
GenomesDB/ON107264/ON107264:CDS	unannotated protein	ON107264:28533-28634	ON107264_00056

DiscRep_SUB:FEATURE_LOCATION_CONFLICT::Coding region xref gene does not exist
GenomesDB/ON107264/ON107264:CDS	unannotated protein	ON107264:c29113-28964	ON107264_00057

DiscRep_SUB:FEATURE_LOCATION_CONFLICT::Coding region xref gene does not exist
GenomesDB/ON107264/ON107264:CDS	unannotated protein	ON107264:29288-29548	ON107264_00058

DiscRep_SUB:FEATURE_LOCATION_CONFLICT::Coding region xref gene does not exist
GenomesDB/ON107264/ON107264:CDS	unannotated protein	ON107264:c30479-29667	ON107264_00059

DiscRep_SUB:FEATURE_LOCATION_CONFLICT::Coding region xref gene does not exist
GenomesDB/ON107264/ON107264:CDS	unannotated protein	ON107264:c31223-30549	ON107264_00060

DiscRep_SUB:FEATURE_LOCATION_CONFLICT::Coding region xref gene does not exist
GenomesDB/ON107264/ON107264:CDS	unannotated protein	ON107264:31295-31510	ON107264_00061

DiscRep_SUB:FEATURE_LOCATION_CONFLICT::Coding region xref gene does not exist
GenomesDB/ON107264/ON107264:CDS	unannotated protein	ON107264:31573-32775	ON107264_00062

DiscRep_SUB:FEATURE_LOCATION_CONFLICT::Coding region xref gene does not exist
GenomesDB/ON107264/ON107264:CDS	unannotated protein	ON107264:32804-33007	ON107264_00063

DiscRep_SUB:FEATURE_LOCATION_CONFLICT::Coding region xref gene does not exist
GenomesDB/ON107264/ON107264:CDS	unannotated protein	ON107264:33251-34138	ON107264_00064

DiscRep_SUB:FEATURE_LOCATION_CONFLICT::Coding region xref gene does not exist
GenomesDB/ON107264/ON107264:CDS	unannotated protein	ON107264:34128-34400	ON107264_00065

DiscRep_SUB:FEATURE_LOCATION_CONFLICT::Coding region xref gene does not exist
GenomesDB/ON107264/ON107264:CDS	unannotated protein	ON107264:34423-34569	ON107264_00066

DiscRep_SUB:FEATURE_LOCATION_CONFLICT::Coding region xref gene does not exist
GenomesDB/ON107264/ON107264:CDS	unannotated protein	ON107264:34575-34724	ON107264_00067

DiscRep_SUB:FEATURE_LOCATION_CONFLICT::Coding region xref gene does not exist
GenomesDB/ON107264/ON107264:CDS	unannotated protein	ON107264:34787-35167	ON107264_00068

DiscRep_SUB:FEATURE_LOCATION_CONFLICT::Coding region xref gene does not exist
GenomesDB/ON107264/ON107264:CDS	unannotated protein	ON107264:35448-36074	ON107264_00069

DiscRep_SUB:FEATURE_LOCATION_CONFLICT::Coding region xref gene does not exist
GenomesDB/ON107264/ON107264:CDS	unannotated protein	ON107264:36208-36588	ON107264_00070

DiscRep_SUB:FEATURE_LOCATION_CONFLICT::Coding region xref gene does not exist
GenomesDB/ON107264/ON107264:CDS	unannotated protein	ON107264:36607-37521	ON107264_00071

DiscRep_SUB:FEATURE_LOCATION_CONFLICT::Coding region xref gene does not exist
GenomesDB/ON107264/ON107264:CDS	unannotated protein	ON107264:37605-38576	ON107264_00072

DiscRep_SUB:FEATURE_LOCATION_CONFLICT::Coding region xref gene does not exist
GenomesDB/ON107264/ON107264:CDS	unannotated protein	ON107264:38618-39088	ON107264_00073

DiscRep_SUB:FEATURE_LOCATION_CONFLICT::Coding region xref gene does not exist
GenomesDB/ON107264/ON107264:CDS	unannotated protein	ON107264:39103-40620	ON107264_00074

DiscRep_SUB:FEATURE_LOCATION_CONFLICT::Coding region xref gene does not exist
GenomesDB/ON107264/ON107264:CDS	unannotated protein	ON107264:40636-41772	ON107264_00075

DiscRep_SUB:FEATURE_LOCATION_CONFLICT::Coding region xref gene does not exist
GenomesDB/ON107264/ON107264:CDS	unannotated protein	ON107264:41772-43502	ON107264_00076

DiscRep_SUB:FEATURE_LOCATION_CONFLICT::Coding region xref gene does not exist
GenomesDB/ON107264/ON107264:CDS	unannotated protein	ON107264:43515-47432	ON107264_00077

DiscRep_SUB:FEATURE_LOCATION_CONFLICT::Coding region xref gene does not exist
GenomesDB/ON107264/ON107264:CDS	unannotated protein	ON107264:47507-48157	ON107264_00078

DiscRep_SUB:FEATURE_LOCATION_CONFLICT::Coding region xref gene does not exist
GenomesDB/ON107264/ON107264:CDS	unannotated protein	ON107264:48169-48384	ON107264_00079

DiscRep_SUB:FEATURE_LOCATION_CONFLICT::Coding region xref gene does not exist
GenomesDB/ON107264/ON107264:CDS	unannotated protein	ON107264:48377-48532	ON107264_00080

DiscRep_SUB:FEATURE_LOCATION_CONFLICT::Coding region xref gene does not exist
GenomesDB/ON107264/ON107264:CDS	unannotated protein	ON107264:48532-49029	ON107264_00081

DiscRep_SUB:FEATURE_LOCATION_CONFLICT::Coding region xref gene does not exist
GenomesDB/ON107264/ON107264:CDS	unannotated protein	ON107264:49058-49285	ON107264_00082

DiscRep_SUB:FEATURE_LOCATION_CONFLICT::Coding region xref gene does not exist
GenomesDB/ON107264/ON107264:CDS	unannotated protein	ON107264:49338-49760	ON107264_00083

DiscRep_SUB:FEATURE_LOCATION_CONFLICT::Coding region xref gene does not exist
GenomesDB/ON107264/ON107264:CDS	unannotated protein	ON107264:49727-49987	ON107264_00084

DiscRep_SUB:FEATURE_LOCATION_CONFLICT::Coding region xref gene does not exist
GenomesDB/ON107264/ON107264:CDS	unannotated protein	ON107264:50025-50234	ON107264_00085

DiscRep_SUB:FEATURE_LOCATION_CONFLICT::Coding region xref gene does not exist
GenomesDB/ON107264/ON107264:CDS	unannotated protein	ON107264:50278-50496	ON107264_00086

DiscRep_SUB:FEATURE_LOCATION_CONFLICT::Coding region xref gene does not exist
GenomesDB/ON107264/ON107264:CDS	unannotated protein	ON107264:50499-50864	ON107264_00087

DiscRep_SUB:FEATURE_LOCATION_CONFLICT::Coding region xref gene does not exist
GenomesDB/ON107264/ON107264:CDS	unannotated protein	ON107264:50904-51131	ON107264_00088

DiscRep_SUB:FEATURE_LOCATION_CONFLICT::Coding region xref gene does not exist
GenomesDB/ON107264/ON107264:CDS	unannotated protein	ON107264:51403-51594	ON107264_00089

DiscRep_SUB:FEATURE_LOCATION_CONFLICT::Coding region xref gene does not exist
GenomesDB/ON107264/ON107264:CDS	unannotated protein	ON107264:51646-51909	ON107264_00090

DiscRep_SUB:FEATURE_LOCATION_CONFLICT::Coding region xref gene does not exist
GenomesDB/ON107264/ON107264:CDS	unannotated protein	ON107264:51934-52482	ON107264_00091

DiscRep_SUB:FEATURE_LOCATION_CONFLICT::Coding region xref gene does not exist
GenomesDB/ON107264/ON107264:CDS	unannotated protein	ON107264:52543-52722	ON107264_00092

DiscRep_SUB:FEATURE_LOCATION_CONFLICT::Coding region xref gene does not exist
GenomesDB/ON107264/ON107264:CDS	unannotated protein	ON107264:52765-53172	ON107264_00093

DiscRep_SUB:FEATURE_LOCATION_CONFLICT::Coding region xref gene does not exist
GenomesDB/ON107264/ON107264:CDS	unannotated protein	ON107264:53187-53534	ON107264_00094

DiscRep_SUB:FEATURE_LOCATION_CONFLICT::Coding region xref gene does not exist
GenomesDB/ON107264/ON107264:CDS	unannotated protein	ON107264:53548-53673	ON107264_00095

DiscRep_SUB:FEATURE_LOCATION_CONFLICT::Coding region xref gene does not exist
GenomesDB/ON107264/ON107264:CDS	unannotated protein	ON107264:53716-54078	ON107264_00096

DiscRep_SUB:FEATURE_LOCATION_CONFLICT::Coding region xref gene does not exist
GenomesDB/ON107264/ON107264:CDS	unannotated protein	ON107264:54534-54881	ON107264_00097

DiscRep_SUB:FEATURE_LOCATION_CONFLICT::Coding region xref gene does not exist
GenomesDB/ON107264/ON107264:CDS	unannotated protein	ON107264:54881-55276	ON107264_00098

DiscRep_SUB:FEATURE_LOCATION_CONFLICT::Coding region xref gene does not exist
GenomesDB/ON107264/ON107264:CDS	unannotated protein	ON107264:55239-55961	ON107264_00099

DiscRep_SUB:FEATURE_LOCATION_CONFLICT::Coding region xref gene does not exist
GenomesDB/ON107264/ON107264:CDS	unannotated protein	ON107264:56385-58745	ON107264_00100

DiscRep_SUB:FEATURE_LOCATION_CONFLICT::Coding region xref gene does not exist
GenomesDB/ON107264/ON107264:CDS	unannotated protein	ON107264:c58897-58715	ON107264_00101

DiscRep_SUB:FEATURE_LOCATION_CONFLICT::Coding region xref gene does not exist
GenomesDB/ON107264/ON107264:CDS	unannotated protein	ON107264:59008-59595	ON107264_00102

DiscRep_SUB:FEATURE_LOCATION_CONFLICT::Coding region xref gene does not exist
GenomesDB/ON107264/ON107264:CDS	unannotated protein	ON107264:59700-60221	ON107264_00103

DiscRep_SUB:FEATURE_LOCATION_CONFLICT::Coding region xref gene does not exist
GenomesDB/ON107264/ON107264:CDS	unannotated protein	ON107264:60434-60805	ON107264_00104

DiscRep_SUB:FEATURE_LOCATION_CONFLICT::Coding region xref gene does not exist
GenomesDB/ON107264/ON107264:CDS	unannotated protein	ON107264:60802-61044	ON107264_00105

DiscRep_SUB:FEATURE_LOCATION_CONFLICT::Coding region xref gene does not exist
GenomesDB/ON107264/ON107264:CDS	unannotated protein	ON107264:61090-61518	ON107264_00106

DiscRep_SUB:FEATURE_LOCATION_CONFLICT::Coding region xref gene does not exist
GenomesDB/ON107264/ON107264:CDS	unannotated protein	ON107264:61613-62062	ON107264_00107

DiscRep_SUB:FEATURE_LOCATION_CONFLICT::Coding region xref gene does not exist
GenomesDB/ON107264/ON107264:CDS	unannotated protein	ON107264:c62346-62101	ON107264_00108

DiscRep_SUB:FEATURE_LOCATION_CONFLICT::Coding region xref gene does not exist
GenomesDB/ON107264/ON107264:CDS	unannotated protein	ON107264:62523-62651	ON107264_00109

DiscRep_SUB:FEATURE_LOCATION_CONFLICT::Coding region xref gene does not exist
GenomesDB/ON107264/ON107264:CDS	unannotated protein	ON107264:62656-62961	ON107264_00110

DiscRep_SUB:FEATURE_LOCATION_CONFLICT::Coding region xref gene does not exist
GenomesDB/ON107264/ON107264:CDS	unannotated protein	ON107264:62945-63160	ON107264_00111

DiscRep_SUB:FEATURE_LOCATION_CONFLICT::Coding region xref gene does not exist
GenomesDB/ON107264/ON107264:CDS	unannotated protein	ON107264:63203-63619	ON107264_00112

DiscRep_SUB:FEATURE_LOCATION_CONFLICT::Coding region xref gene does not exist
GenomesDB/ON107264/ON107264:CDS	unannotated protein	ON107264:63676-64515	ON107264_00113

DiscRep_SUB:FEATURE_LOCATION_CONFLICT::Coding region xref gene does not exist
GenomesDB/ON107264/ON107264:CDS	unannotated protein	ON107264:64899-65918	ON107264_00114

DiscRep_SUB:FEATURE_LOCATION_CONFLICT::Coding region xref gene does not exist
GenomesDB/ON107264/ON107264:CDS	unannotated protein	ON107264:65995-66726	ON107264_00115

DiscRep_SUB:FEATURE_LOCATION_CONFLICT::Coding region xref gene does not exist
GenomesDB/ON107264/ON107264:CDS	unannotated protein	ON107264:66899-67189	ON107264_00116

DiscRep_SUB:FEATURE_LOCATION_CONFLICT::Coding region xref gene does not exist
GenomesDB/ON107264/ON107264:CDS	unannotated protein	ON107264:67539-67892	ON107264_00117

DiscRep_SUB:FEATURE_LOCATION_CONFLICT::Coding region xref gene does not exist
GenomesDB/ON107264/ON107264:CDS	unannotated protein	ON107264:68157-68345	ON107264_00118

DiscRep_SUB:FEATURE_LOCATION_CONFLICT::Coding region xref gene does not exist
GenomesDB/ON107264/ON107264:CDS	unannotated protein	ON107264:c68638-68426	ON107264_00119

DiscRep_SUB:FEATURE_LOCATION_CONFLICT::Coding region xref gene does not exist
GenomesDB/ON107264/ON107264:CDS	unannotated protein	ON107264:68908-69213	ON107264_00120

DiscRep_SUB:FEATURE_LOCATION_CONFLICT::Coding region xref gene does not exist
GenomesDB/ON107264/ON107264:CDS	unannotated protein	ON107264:69358-69774	ON107264_00121

DiscRep_SUB:FEATURE_LOCATION_CONFLICT::Coding region xref gene does not exist
GenomesDB/ON107264/ON107264:CDS	unannotated protein	ON107264:69764-70186	ON107264_00122

DiscRep_SUB:FEATURE_LOCATION_CONFLICT::Coding region xref gene does not exist
GenomesDB/ON107264/ON107264:CDS	unannotated protein	ON107264:70167-70550	ON107264_00123

DiscRep_SUB:FEATURE_LOCATION_CONFLICT::Coding region xref gene does not exist
GenomesDB/ON107264/ON107264:CDS	unannotated protein	ON107264:70492-70710	ON107264_00124

DiscRep_SUB:FEATURE_LOCATION_CONFLICT::Coding region xref gene does not exist
GenomesDB/ON107264/ON107264:CDS	unannotated protein	ON107264:70711-70875	ON107264_00125

DiscRep_SUB:FEATURE_LOCATION_CONFLICT::Coding region xref gene does not exist
GenomesDB/ON107264/ON107264:CDS	unannotated protein	ON107264:70872-71123	ON107264_00126

DiscRep_SUB:FEATURE_LOCATION_CONFLICT::Coding region xref gene does not exist
GenomesDB/ON107264/ON107264:CDS	unannotated protein	ON107264:c71471-71187	ON107264_00127

DiscRep_SUB:FEATURE_LOCATION_CONFLICT::Coding region xref gene does not exist
GenomesDB/ON107264/ON107264:CDS	unannotated protein	ON107264:71507-72106	ON107264_00128

DiscRep_SUB:FEATURE_LOCATION_CONFLICT::Coding region xref gene does not exist
GenomesDB/ON107264/ON107264:CDS	unannotated protein	ON107264:72103-72249	ON107264_00129

DiscRep_SUB:FEATURE_LOCATION_CONFLICT::Coding region xref gene does not exist
GenomesDB/ON107264/ON107264:CDS	unannotated protein	ON107264:72338-74419	ON107264_00130

DiscRep_SUB:FEATURE_LOCATION_CONFLICT::Coding region xref gene does not exist
GenomesDB/ON107264/ON107264:CDS	unannotated protein	ON107264:74744-75583	ON107264_00131

DiscRep_SUB:FEATURE_LOCATION_CONFLICT::Coding region xref gene does not exist
GenomesDB/ON107264/ON107264:CDS	unannotated protein	ON107264:75676-76557	ON107264_00132

DiscRep_SUB:FEATURE_LOCATION_CONFLICT::Coding region xref gene does not exist
GenomesDB/ON107264/ON107264:CDS	unannotated protein	ON107264:c77524-76634	ON107264_00133

DiscRep_SUB:FEATURE_LOCATION_CONFLICT::Coding region xref gene does not exist
GenomesDB/ON107264/ON107264:CDS	unannotated protein	ON107264:77706-77957	ON107264_00134

DiscRep_SUB:FEATURE_LOCATION_CONFLICT::Coding region xref gene does not exist
GenomesDB/ON107264/ON107264:CDS	unannotated protein	ON107264:78049-78582	ON107264_00135

DiscRep_SUB:FEATURE_LOCATION_CONFLICT::Coding region xref gene does not exist
GenomesDB/ON107264/ON107264:CDS	unannotated protein	ON107264:78715-80517	ON107264_00136

DiscRep_SUB:FEATURE_LOCATION_CONFLICT::Coding region xref gene does not exist
GenomesDB/ON107264/ON107264:CDS	unannotated protein	ON107264:80527-80985	ON107264_00137

DiscRep_SUB:FEATURE_LOCATION_CONFLICT::Coding region xref gene does not exist
GenomesDB/ON107264/ON107264:CDS	unannotated protein	ON107264:81075-81533	ON107264_00138

DiscRep_SUB:FEATURE_LOCATION_CONFLICT::Coding region xref gene does not exist
GenomesDB/ON107264/ON107264:CDS	unannotated protein	ON107264:81589-82167	ON107264_00139

DiscRep_SUB:FEATURE_LOCATION_CONFLICT::Coding region xref gene does not exist
GenomesDB/ON107264/ON107264:CDS	unannotated protein	ON107264:82203-82736	ON107264_00140

DiscRep_SUB:FEATURE_LOCATION_CONFLICT::Coding region xref gene does not exist
GenomesDB/ON107264/ON107264:CDS	unannotated protein	ON107264:83399-83758	ON107264_00141

DiscRep_SUB:FEATURE_LOCATION_CONFLICT::Coding region xref gene does not exist
GenomesDB/ON107264/ON107264:CDS	unannotated protein	ON107264:c84113-83802	ON107264_00142

DiscRep_SUB:FEATURE_LOCATION_CONFLICT::Coding region xref gene does not exist
GenomesDB/ON107264/ON107264:CDS	unannotated protein	ON107264:84311-84643	ON107264_00143

DiscRep_SUB:FEATURE_LOCATION_CONFLICT::Coding region xref gene does not exist
GenomesDB/ON107264/ON107264:CDS	unannotated protein	ON107264:84636-85319	ON107264_00144

DiscRep_SUB:FEATURE_LOCATION_CONFLICT::Coding region xref gene does not exist
GenomesDB/ON107264/ON107264:CDS	unannotated protein	ON107264:85897-87708	ON107264_00145

DiscRep_SUB:FEATURE_LOCATION_CONFLICT::Coding region xref gene does not exist
GenomesDB/ON107264/ON107264:CDS	unannotated protein	ON107264:87749-88363	ON107264_00146

DiscRep_SUB:FEATURE_LOCATION_CONFLICT::Coding region xref gene does not exist
GenomesDB/ON107264/ON107264:CDS	unannotated protein	ON107264:c88540-88418	ON107264_00147

DiscRep_SUB:FEATURE_LOCATION_CONFLICT::Coding region xref gene does not exist
GenomesDB/ON107264/ON107264:CDS	unannotated protein	ON107264:c89652-88537	ON107264_00148

DiscRep_SUB:FEATURE_LOCATION_CONFLICT::Coding region xref gene does not exist
GenomesDB/ON107264/ON107264:CDS	unannotated protein	ON107264:c90058-89807	ON107264_00149

DiscRep_SUB:FEATURE_LOCATION_CONFLICT::Coding region xref gene does not exist
GenomesDB/ON107264/ON107264:CDS	unannotated protein	ON107264:c90472-90080	ON107264_00150

DiscRep_SUB:FEATURE_LOCATION_CONFLICT::Coding region xref gene does not exist
GenomesDB/ON107264/ON107264:CDS	unannotated protein	ON107264:c91691-90588	ON107264_00151

DiscRep_SUB:FEATURE_LOCATION_CONFLICT::Coding region xref gene does not exist
GenomesDB/ON107264/ON107264:CDS	unannotated protein	ON107264:c93799-91865	ON107264_00152

DiscRep_SUB:FEATURE_LOCATION_CONFLICT::Coding region xref gene does not exist
GenomesDB/ON107264/ON107264:CDS	unannotated protein	ON107264:c94147-93836	ON107264_00153

DiscRep_SUB:FEATURE_LOCATION_CONFLICT::Coding region xref gene does not exist
GenomesDB/ON107264/ON107264:CDS	unannotated protein	ON107264:c94793-94128	ON107264_00154

DiscRep_SUB:FEATURE_LOCATION_CONFLICT::Coding region xref gene does not exist
GenomesDB/ON107264/ON107264:CDS	unannotated protein	ON107264:c97442-94800	ON107264_00155

DiscRep_SUB:FEATURE_LOCATION_CONFLICT::Coding region xref gene does not exist
GenomesDB/ON107264/ON107264:CDS	unannotated protein	ON107264:c98216-97455	ON107264_00156

DiscRep_SUB:FEATURE_LOCATION_CONFLICT::Coding region xref gene does not exist
GenomesDB/ON107264/ON107264:CDS	unannotated protein	ON107264:c105141-98257	ON107264_00157

DiscRep_SUB:FEATURE_LOCATION_CONFLICT::Coding region xref gene does not exist
GenomesDB/ON107264/ON107264:CDS	unannotated protein	ON107264:c105821-105195	ON107264_00158

DiscRep_SUB:FEATURE_LOCATION_CONFLICT::Coding region xref gene does not exist
GenomesDB/ON107264/ON107264:CDS	unannotated protein	ON107264:106028-106438	ON107264_00159

DiscRep_SUB:FEATURE_LOCATION_CONFLICT::Coding region xref gene does not exist
GenomesDB/ON107264/ON107264:CDS	unannotated protein	ON107264:c106858-106502	ON107264_00160

DiscRep_SUB:FEATURE_LOCATION_CONFLICT::Coding region xref gene does not exist
GenomesDB/ON107264/ON107264:CDS	unannotated protein	ON107264:c107041-106859	ON107264_00161

DiscRep_SUB:FEATURE_LOCATION_CONFLICT::Coding region xref gene does not exist
GenomesDB/ON107264/ON107264:CDS	unannotated protein	ON107264:c108256-107252	ON107264_00162

DiscRep_SUB:FEATURE_LOCATION_CONFLICT::Coding region xref gene does not exist
GenomesDB/ON107264/ON107264:CDS	unannotated protein	ON107264:c108692-108270	ON107264_00163

DiscRep_SUB:FEATURE_LOCATION_CONFLICT::Coding region xref gene does not exist
GenomesDB/ON107264/ON107264:CDS	unannotated protein	ON107264:c109177-108689	ON107264_00164

DiscRep_SUB:FEATURE_LOCATION_CONFLICT::Coding region xref gene does not exist
GenomesDB/ON107264/ON107264:CDS	unannotated protein	ON107264:c109420-109229	ON107264_00165

DiscRep_SUB:FEATURE_LOCATION_CONFLICT::Coding region xref gene does not exist
GenomesDB/ON107264/ON107264:CDS	unannotated protein	ON107264:c109767-109417	ON107264_00166

DiscRep_SUB:FEATURE_LOCATION_CONFLICT::Coding region xref gene does not exist
GenomesDB/ON107264/ON107264:CDS	unannotated protein	ON107264:c110995-109778	ON107264_00167

DiscRep_SUB:FEATURE_LOCATION_CONFLICT::Coding region xref gene does not exist
GenomesDB/ON107264/ON107264:CDS	unannotated protein	ON107264:c111353-110997	ON107264_00168

DiscRep_SUB:FEATURE_LOCATION_CONFLICT::Coding region xref gene does not exist
GenomesDB/ON107264/ON107264:CDS	unannotated protein	ON107264:c111644-111417	ON107264_00169

DiscRep_SUB:FEATURE_LOCATION_CONFLICT::Coding region xref gene does not exist
GenomesDB/ON107264/ON107264:CDS	unannotated protein	ON107264:c112153-111644	ON107264_00170

DiscRep_SUB:FEATURE_LOCATION_CONFLICT::Coding region xref gene does not exist
GenomesDB/ON107264/ON107264:CDS	unannotated protein	ON107264:c113070-112273	ON107264_00171

DiscRep_SUB:FEATURE_LOCATION_CONFLICT::Coding region xref gene does not exist
GenomesDB/ON107264/ON107264:CDS	unannotated protein	ON107264:c113823-113113	ON107264_00172

DiscRep_SUB:FEATURE_LOCATION_CONFLICT::Coding region xref gene does not exist
GenomesDB/ON107264/ON107264:CDS	unannotated protein	ON107264:c114326-113820	ON107264_00173

DiscRep_SUB:FEATURE_LOCATION_CONFLICT::Coding region xref gene does not exist
GenomesDB/ON107264/ON107264:CDS	unannotated protein	ON107264:c114973-114323	ON107264_00174

DiscRep_SUB:FEATURE_LOCATION_CONFLICT::Coding region xref gene does not exist
GenomesDB/ON107264/ON107264:CDS	unannotated protein	ON107264:c115211-114957	ON107264_00175

DiscRep_SUB:FEATURE_LOCATION_CONFLICT::Coding region xref gene does not exist
GenomesDB/ON107264/ON107264:CDS	unannotated protein	ON107264:c115603-115208	ON107264_00176

DiscRep_SUB:FEATURE_LOCATION_CONFLICT::Coding region xref gene does not exist
GenomesDB/ON107264/ON107264:CDS	unannotated protein	ON107264:c116088-115618	ON107264_00177

DiscRep_SUB:FEATURE_LOCATION_CONFLICT::Coding region xref gene does not exist
GenomesDB/ON107264/ON107264:CDS	unannotated protein	ON107264:c117140-116124	ON107264_00178

DiscRep_SUB:FEATURE_LOCATION_CONFLICT::Coding region xref gene does not exist
GenomesDB/ON107264/ON107264:CDS	unannotated protein	ON107264:c117715-117179	ON107264_00179

DiscRep_SUB:FEATURE_LOCATION_CONFLICT::Coding region xref gene does not exist
GenomesDB/ON107264/ON107264:CDS	unannotated protein	ON107264:c119176-117740	ON107264_00180

DiscRep_SUB:FEATURE_LOCATION_CONFLICT::Coding region xref gene does not exist
GenomesDB/ON107264/ON107264:CDS	unannotated protein	ON107264:c120727-119207	ON107264_00181

DiscRep_SUB:FEATURE_LOCATION_CONFLICT::Coding region xref gene does not exist
GenomesDB/ON107264/ON107264:CDS	unannotated protein	ON107264:c122514-120745	ON107264_00182

DiscRep_SUB:FEATURE_LOCATION_CONFLICT::Coding region xref gene does not exist
GenomesDB/ON107264/ON107264:CDS	unannotated protein	ON107264:c123421-122501	ON107264_00183

DiscRep_SUB:FEATURE_LOCATION_CONFLICT::Coding region xref gene does not exist
GenomesDB/ON107264/ON107264:CDS	unannotated protein	ON107264:c124048-123524	ON107264_00184

DiscRep_SUB:FEATURE_LOCATION_CONFLICT::Coding region xref gene does not exist
GenomesDB/ON107264/ON107264:CDS	unannotated protein	ON107264:c124409-124038	ON107264_00185

DiscRep_SUB:FEATURE_LOCATION_CONFLICT::Coding region xref gene does not exist
GenomesDB/ON107264/ON107264:CDS	unannotated protein	ON107264:c124901-124446	ON107264_00186

DiscRep_SUB:FEATURE_LOCATION_CONFLICT::Coding region xref gene does not exist
GenomesDB/ON107264/ON107264:CDS	unannotated protein	ON107264:c126114-124915	ON107264_00187

DiscRep_SUB:FEATURE_LOCATION_CONFLICT::Coding region xref gene does not exist
GenomesDB/ON107264/ON107264:CDS	unannotated protein	ON107264:c126335-126126	ON107264_00188

DiscRep_SUB:FEATURE_LOCATION_CONFLICT::Coding region xref gene does not exist
GenomesDB/ON107264/ON107264:CDS	unannotated protein	ON107264:c128288-128013	ON107264_00189

DiscRep_SUB:FEATURE_LOCATION_CONFLICT::Coding region xref gene does not exist
GenomesDB/ON107264/ON107264:CDS	unannotated protein	ON107264:c129236-128541	ON107264_00190

DiscRep_SUB:FEATURE_LOCATION_CONFLICT::Coding region xref gene does not exist
GenomesDB/ON107264/ON107264:CDS	unannotated protein	ON107264:c130296-129394	ON107264_00191

DiscRep_SUB:FEATURE_LOCATION_CONFLICT::Coding region xref gene does not exist
GenomesDB/ON107264/ON107264:CDS	unannotated protein	ON107264:c132356-130479	ON107264_00192

DiscRep_SUB:FEATURE_LOCATION_CONFLICT::Coding region xref gene does not exist
GenomesDB/ON107264/ON107264:CDS	unannotated protein	ON107264:c132580-132401	ON107264_00193

DiscRep_SUB:FEATURE_LOCATION_CONFLICT::Coding region xref gene does not exist
GenomesDB/ON107264/ON107264:CDS	unannotated protein	ON107264:132955-133074	ON107264_00194

DiscRep_SUB:FEATURE_LOCATION_CONFLICT::Coding region xref gene does not exist
GenomesDB/ON107264/ON107264:CDS	unannotated protein	ON107264:133074-133454	ON107264_00195

DiscRep_ALL:OVERLAPPING_CDS::61 coding regions overlap another coding region with a similar or identical name.
DiscRep_SUB:OVERLAPPING_CDS::61 coding regions overlap another coding region with a similar or identical name that do not have the appropriate note text
GenomesDB/ON107264/ON107264:CDS	unannotated protein	ON107264:7727-7966	ON107264_00010
GenomesDB/ON107264/ON107264:CDS	unannotated protein	ON107264:7966-8238	ON107264_00011
GenomesDB/ON107264/ON107264:CDS	unannotated protein	ON107264:15665-15910	ON107264_00029
GenomesDB/ON107264/ON107264:CDS	unannotated protein	ON107264:15907-16104	ON107264_00030
GenomesDB/ON107264/ON107264:CDS	unannotated protein	ON107264:21221-21502	ON107264_00038
GenomesDB/ON107264/ON107264:CDS	unannotated protein	ON107264:21499-21879	ON107264_00039
GenomesDB/ON107264/ON107264:CDS	unannotated protein	ON107264:21879-22226	ON107264_00040
GenomesDB/ON107264/ON107264:CDS	unannotated protein	ON107264:22223-22654	ON107264_00041
GenomesDB/ON107264/ON107264:CDS	unannotated protein	ON107264:23425-24159	ON107264_00043
GenomesDB/ON107264/ON107264:CDS	unannotated protein	ON107264:24159-24506	ON107264_00044
GenomesDB/ON107264/ON107264:CDS	unannotated protein	ON107264:27301-27483	ON107264_00052
GenomesDB/ON107264/ON107264:CDS	unannotated protein	ON107264:27470-27685	ON107264_00053
GenomesDB/ON107264/ON107264:CDS	unannotated protein	ON107264:27700-28182	ON107264_00054
GenomesDB/ON107264/ON107264:CDS	unannotated protein	ON107264:28175-28531	ON107264_00055
GenomesDB/ON107264/ON107264:CDS	unannotated protein	ON107264:33251-34138	ON107264_00064
GenomesDB/ON107264/ON107264:CDS	unannotated protein	ON107264:34128-34400	ON107264_00065
GenomesDB/ON107264/ON107264:CDS	unannotated protein	ON107264:40636-41772	ON107264_00075
GenomesDB/ON107264/ON107264:CDS	unannotated protein	ON107264:41772-43502	ON107264_00076
GenomesDB/ON107264/ON107264:CDS	unannotated protein	ON107264:48169-48384	ON107264_00079
GenomesDB/ON107264/ON107264:CDS	unannotated protein	ON107264:48377-48532	ON107264_00080
GenomesDB/ON107264/ON107264:CDS	unannotated protein	ON107264:48532-49029	ON107264_00081
GenomesDB/ON107264/ON107264:CDS	unannotated protein	ON107264:49338-49760	ON107264_00083
GenomesDB/ON107264/ON107264:CDS	unannotated protein	ON107264:49727-49987	ON107264_00084
GenomesDB/ON107264/ON107264:CDS	unannotated protein	ON107264:54534-54881	ON107264_00097
GenomesDB/ON107264/ON107264:CDS	unannotated protein	ON107264:54881-55276	ON107264_00098
GenomesDB/ON107264/ON107264:CDS	unannotated protein	ON107264:55239-55961	ON107264_00099
GenomesDB/ON107264/ON107264:CDS	unannotated protein	ON107264:60434-60805	ON107264_00104
GenomesDB/ON107264/ON107264:CDS	unannotated protein	ON107264:60802-61044	ON107264_00105
GenomesDB/ON107264/ON107264:CDS	unannotated protein	ON107264:62656-62961	ON107264_00110
GenomesDB/ON107264/ON107264:CDS	unannotated protein	ON107264:62945-63160	ON107264_00111
GenomesDB/ON107264/ON107264:CDS	unannotated protein	ON107264:69358-69774	ON107264_00121
GenomesDB/ON107264/ON107264:CDS	unannotated protein	ON107264:69764-70186	ON107264_00122
GenomesDB/ON107264/ON107264:CDS	unannotated protein	ON107264:70167-70550	ON107264_00123
GenomesDB/ON107264/ON107264:CDS	unannotated protein	ON107264:70492-70710	ON107264_00124
GenomesDB/ON107264/ON107264:CDS	unannotated protein	ON107264:70711-70875	ON107264_00125
GenomesDB/ON107264/ON107264:CDS	unannotated protein	ON107264:70872-71123	ON107264_00126
GenomesDB/ON107264/ON107264:CDS	unannotated protein	ON107264:71507-72106	ON107264_00128
GenomesDB/ON107264/ON107264:CDS	unannotated protein	ON107264:72103-72249	ON107264_00129
GenomesDB/ON107264/ON107264:CDS	unannotated protein	ON107264:84311-84643	ON107264_00143
GenomesDB/ON107264/ON107264:CDS	unannotated protein	ON107264:84636-85319	ON107264_00144
GenomesDB/ON107264/ON107264:CDS	unannotated protein	ON107264:c88540-88418	ON107264_00147
GenomesDB/ON107264/ON107264:CDS	unannotated protein	ON107264:c89652-88537	ON107264_00148
GenomesDB/ON107264/ON107264:CDS	unannotated protein	ON107264:c94147-93836	ON107264_00153
GenomesDB/ON107264/ON107264:CDS	unannotated protein	ON107264:c94793-94128	ON107264_00154
GenomesDB/ON107264/ON107264:CDS	unannotated protein	ON107264:c108692-108270	ON107264_00163
GenomesDB/ON107264/ON107264:CDS	unannotated protein	ON107264:c109177-108689	ON107264_00164
GenomesDB/ON107264/ON107264:CDS	unannotated protein	ON107264:c109420-109229	ON107264_00165
GenomesDB/ON107264/ON107264:CDS	unannotated protein	ON107264:c109767-109417	ON107264_00166
GenomesDB/ON107264/ON107264:CDS	unannotated protein	ON107264:c111644-111417	ON107264_00169
GenomesDB/ON107264/ON107264:CDS	unannotated protein	ON107264:c112153-111644	ON107264_00170
GenomesDB/ON107264/ON107264:CDS	unannotated protein	ON107264:c113823-113113	ON107264_00172
GenomesDB/ON107264/ON107264:CDS	unannotated protein	ON107264:c114326-113820	ON107264_00173
GenomesDB/ON107264/ON107264:CDS	unannotated protein	ON107264:c114973-114323	ON107264_00174
GenomesDB/ON107264/ON107264:CDS	unannotated protein	ON107264:c115211-114957	ON107264_00175
GenomesDB/ON107264/ON107264:CDS	unannotated protein	ON107264:c115603-115208	ON107264_00176
GenomesDB/ON107264/ON107264:CDS	unannotated protein	ON107264:c122514-120745	ON107264_00182
GenomesDB/ON107264/ON107264:CDS	unannotated protein	ON107264:c123421-122501	ON107264_00183
GenomesDB/ON107264/ON107264:CDS	unannotated protein	ON107264:c124048-123524	ON107264_00184
GenomesDB/ON107264/ON107264:CDS	unannotated protein	ON107264:c124409-124038	ON107264_00185
GenomesDB/ON107264/ON107264:CDS	unannotated protein	ON107264:132955-133074	ON107264_00194
GenomesDB/ON107264/ON107264:CDS	unannotated protein	ON107264:133074-133454	ON107264_00195

DiscRep_ALL:DISC_QUALITY_SCORES::Quality scores are missing on all sequences.

DiscRep_ALL:ONCALLER_COMMENT_PRESENT::1 comment descriptors were found (all same)
GenomesDB/ON107264/ON107264:ON107264:Annotated using prokka 1.14.6 from https://github.com/tseemann/prokka

DiscRep_ALL:SHORT_PROT_SEQUENCES::12 protein sequences are shorter than 50 aa.
GenomesDB/ON107264/ON107264:ON107264_1 (length 49)
GenomesDB/ON107264/ON107264:ON107264_23 (length 43)
GenomesDB/ON107264/ON107264:ON107264_26 (length 43)
GenomesDB/ON107264/ON107264:ON107264_56 (length 33)
GenomesDB/ON107264/ON107264:ON107264_57 (length 49)
GenomesDB/ON107264/ON107264:ON107264_66 (length 48)
GenomesDB/ON107264/ON107264:ON107264_67 (length 49)
GenomesDB/ON107264/ON107264:ON107264_95 (length 41)
GenomesDB/ON107264/ON107264:ON107264_109 (length 42)
GenomesDB/ON107264/ON107264:ON107264_129 (length 48)
GenomesDB/ON107264/ON107264:ON107264_147 (length 40)
GenomesDB/ON107264/ON107264:ON107264_194 (length 39)

DiscRep_ALL:MISSING_GENOMEASSEMBLY_COMMENTS::1 bioseqs are missing GenomeAssembly structured comments
GenomesDB/ON107264/ON107264:ON107264 (length 133818)

DiscRep_ALL:MOLTYPE_NOT_MRNA::1 molecule types are not set as mRNA.
GenomesDB/ON107264/ON107264:ON107264 (length 133818)

DiscRep_ALL:TECHNIQUE_NOT_TSA::1 technique are not set as TSA
GenomesDB/ON107264/ON107264:ON107264 (length 133818)

DiscRep_ALL:MISSING_STRUCTURED_COMMENT::1 sequences do not include structured comments.
GenomesDB/ON107264/ON107264:ON107264 (length 133818)

DiscRep_ALL:MISSING_PROJECT::196 sequences do not include project.
GenomesDB/ON107264/ON107264:ON107264 (length 133818)
GenomesDB/ON107264/ON107264:ON107264_1 (length 49)
GenomesDB/ON107264/ON107264:ON107264_2 (length 52)
GenomesDB/ON107264/ON107264:ON107264_3 (length 405)
GenomesDB/ON107264/ON107264:ON107264_4 (length 284)
GenomesDB/ON107264/ON107264:ON107264_5 (length 305)
GenomesDB/ON107264/ON107264:ON107264_6 (length 200)
GenomesDB/ON107264/ON107264:ON107264_7 (length 598)
GenomesDB/ON107264/ON107264:ON107264_8 (length 89)
GenomesDB/ON107264/ON107264:ON107264_9 (length 67)
GenomesDB/ON107264/ON107264:ON107264_10 (length 79)
GenomesDB/ON107264/ON107264:ON107264_11 (length 90)
GenomesDB/ON107264/ON107264:ON107264_12 (length 108)
GenomesDB/ON107264/ON107264:ON107264_13 (length 65)
GenomesDB/ON107264/ON107264:ON107264_14 (length 110)
GenomesDB/ON107264/ON107264:ON107264_15 (length 77)
GenomesDB/ON107264/ON107264:ON107264_16 (length 91)
GenomesDB/ON107264/ON107264:ON107264_17 (length 211)
GenomesDB/ON107264/ON107264:ON107264_18 (length 76)
GenomesDB/ON107264/ON107264:ON107264_19 (length 170)
GenomesDB/ON107264/ON107264:ON107264_20 (length 59)
GenomesDB/ON107264/ON107264:ON107264_21 (length 83)
GenomesDB/ON107264/ON107264:ON107264_22 (length 71)
GenomesDB/ON107264/ON107264:ON107264_23 (length 43)
GenomesDB/ON107264/ON107264:ON107264_24 (length 130)
GenomesDB/ON107264/ON107264:ON107264_25 (length 383)
GenomesDB/ON107264/ON107264:ON107264_26 (length 43)
GenomesDB/ON107264/ON107264:ON107264_27 (length 51)
GenomesDB/ON107264/ON107264:ON107264_28 (length 68)
GenomesDB/ON107264/ON107264:ON107264_29 (length 81)
GenomesDB/ON107264/ON107264:ON107264_30 (length 65)
GenomesDB/ON107264/ON107264:ON107264_31 (length 353)
GenomesDB/ON107264/ON107264:ON107264_32 (length 448)
GenomesDB/ON107264/ON107264:ON107264_33 (length 323)
GenomesDB/ON107264/ON107264:ON107264_34 (length 73)
GenomesDB/ON107264/ON107264:ON107264_35 (length 111)
GenomesDB/ON107264/ON107264:ON107264_36 (length 79)
GenomesDB/ON107264/ON107264:ON107264_37 (length 79)
GenomesDB/ON107264/ON107264:ON107264_38 (length 93)
GenomesDB/ON107264/ON107264:ON107264_39 (length 126)
GenomesDB/ON107264/ON107264:ON107264_40 (length 115)
GenomesDB/ON107264/ON107264:ON107264_41 (length 143)
GenomesDB/ON107264/ON107264:ON107264_42 (length 228)
GenomesDB/ON107264/ON107264:ON107264_43 (length 244)
GenomesDB/ON107264/ON107264:ON107264_44 (length 115)
GenomesDB/ON107264/ON107264:ON107264_45 (length 59)
GenomesDB/ON107264/ON107264:ON107264_46 (length 64)
GenomesDB/ON107264/ON107264:ON107264_47 (length 130)
GenomesDB/ON107264/ON107264:ON107264_48 (length 78)
GenomesDB/ON107264/ON107264:ON107264_49 (length 223)
GenomesDB/ON107264/ON107264:ON107264_50 (length 205)
GenomesDB/ON107264/ON107264:ON107264_51 (length 66)
GenomesDB/ON107264/ON107264:ON107264_52 (length 60)
GenomesDB/ON107264/ON107264:ON107264_53 (length 71)
GenomesDB/ON107264/ON107264:ON107264_54 (length 160)
GenomesDB/ON107264/ON107264:ON107264_55 (length 118)
GenomesDB/ON107264/ON107264:ON107264_56 (length 33)
GenomesDB/ON107264/ON107264:ON107264_57 (length 49)
GenomesDB/ON107264/ON107264:ON107264_58 (length 86)
GenomesDB/ON107264/ON107264:ON107264_59 (length 270)
GenomesDB/ON107264/ON107264:ON107264_60 (length 224)
GenomesDB/ON107264/ON107264:ON107264_61 (length 71)
GenomesDB/ON107264/ON107264:ON107264_62 (length 400)
GenomesDB/ON107264/ON107264:ON107264_63 (length 67)
GenomesDB/ON107264/ON107264:ON107264_64 (length 295)
GenomesDB/ON107264/ON107264:ON107264_65 (length 90)
GenomesDB/ON107264/ON107264:ON107264_66 (length 48)
GenomesDB/ON107264/ON107264:ON107264_67 (length 49)
GenomesDB/ON107264/ON107264:ON107264_68 (length 126)
GenomesDB/ON107264/ON107264:ON107264_69 (length 208)
GenomesDB/ON107264/ON107264:ON107264_70 (length 126)
GenomesDB/ON107264/ON107264:ON107264_71 (length 304)
GenomesDB/ON107264/ON107264:ON107264_72 (length 323)
GenomesDB/ON107264/ON107264:ON107264_73 (length 156)
GenomesDB/ON107264/ON107264:ON107264_74 (length 505)
GenomesDB/ON107264/ON107264:ON107264_75 (length 378)
GenomesDB/ON107264/ON107264:ON107264_76 (length 576)
GenomesDB/ON107264/ON107264:ON107264_77 (length 1305)
GenomesDB/ON107264/ON107264:ON107264_78 (length 216)
GenomesDB/ON107264/ON107264:ON107264_79 (length 71)
GenomesDB/ON107264/ON107264:ON107264_80 (length 51)
GenomesDB/ON107264/ON107264:ON107264_81 (length 165)
GenomesDB/ON107264/ON107264:ON107264_82 (length 75)
GenomesDB/ON107264/ON107264:ON107264_83 (length 140)
GenomesDB/ON107264/ON107264:ON107264_84 (length 86)
GenomesDB/ON107264/ON107264:ON107264_85 (length 69)
GenomesDB/ON107264/ON107264:ON107264_86 (length 72)
GenomesDB/ON107264/ON107264:ON107264_87 (length 121)
GenomesDB/ON107264/ON107264:ON107264_88 (length 75)
GenomesDB/ON107264/ON107264:ON107264_89 (length 63)
GenomesDB/ON107264/ON107264:ON107264_90 (length 87)
GenomesDB/ON107264/ON107264:ON107264_91 (length 182)
GenomesDB/ON107264/ON107264:ON107264_92 (length 59)
GenomesDB/ON107264/ON107264:ON107264_93 (length 135)
GenomesDB/ON107264/ON107264:ON107264_94 (length 115)
GenomesDB/ON107264/ON107264:ON107264_95 (length 41)
GenomesDB/ON107264/ON107264:ON107264_96 (length 120)
GenomesDB/ON107264/ON107264:ON107264_97 (length 115)
GenomesDB/ON107264/ON107264:ON107264_98 (length 131)
GenomesDB/ON107264/ON107264:ON107264_99 (length 240)
GenomesDB/ON107264/ON107264:ON107264_100 (length 786)
GenomesDB/ON107264/ON107264:ON107264_101 (length 60)
GenomesDB/ON107264/ON107264:ON107264_102 (length 195)
GenomesDB/ON107264/ON107264:ON107264_103 (length 173)
GenomesDB/ON107264/ON107264:ON107264_104 (length 123)
GenomesDB/ON107264/ON107264:ON107264_105 (length 80)
GenomesDB/ON107264/ON107264:ON107264_106 (length 142)
GenomesDB/ON107264/ON107264:ON107264_107 (length 149)
GenomesDB/ON107264/ON107264:ON107264_108 (length 81)
GenomesDB/ON107264/ON107264:ON107264_109 (length 42)
GenomesDB/ON107264/ON107264:ON107264_110 (length 101)
GenomesDB/ON107264/ON107264:ON107264_111 (length 71)
GenomesDB/ON107264/ON107264:ON107264_112 (length 138)
GenomesDB/ON107264/ON107264:ON107264_113 (length 279)
GenomesDB/ON107264/ON107264:ON107264_114 (length 339)
GenomesDB/ON107264/ON107264:ON107264_115 (length 243)
GenomesDB/ON107264/ON107264:ON107264_116 (length 96)
GenomesDB/ON107264/ON107264:ON107264_117 (length 117)
GenomesDB/ON107264/ON107264:ON107264_118 (length 62)
GenomesDB/ON107264/ON107264:ON107264_119 (length 70)
GenomesDB/ON107264/ON107264:ON107264_120 (length 101)
GenomesDB/ON107264/ON107264:ON107264_121 (length 138)
GenomesDB/ON107264/ON107264:ON107264_122 (length 140)
GenomesDB/ON107264/ON107264:ON107264_123 (length 127)
GenomesDB/ON107264/ON107264:ON107264_124 (length 72)
GenomesDB/ON107264/ON107264:ON107264_125 (length 54)
GenomesDB/ON107264/ON107264:ON107264_126 (length 83)
GenomesDB/ON107264/ON107264:ON107264_127 (length 94)
GenomesDB/ON107264/ON107264:ON107264_128 (length 199)
GenomesDB/ON107264/ON107264:ON107264_129 (length 48)
GenomesDB/ON107264/ON107264:ON107264_130 (length 693)
GenomesDB/ON107264/ON107264:ON107264_131 (length 279)
GenomesDB/ON107264/ON107264:ON107264_132 (length 293)
GenomesDB/ON107264/ON107264:ON107264_133 (length 296)
GenomesDB/ON107264/ON107264:ON107264_134 (length 83)
GenomesDB/ON107264/ON107264:ON107264_135 (length 177)
GenomesDB/ON107264/ON107264:ON107264_136 (length 600)
GenomesDB/ON107264/ON107264:ON107264_137 (length 152)
GenomesDB/ON107264/ON107264:ON107264_138 (length 152)
GenomesDB/ON107264/ON107264:ON107264_139 (length 192)
GenomesDB/ON107264/ON107264:ON107264_140 (length 177)
GenomesDB/ON107264/ON107264:ON107264_141 (length 119)
GenomesDB/ON107264/ON107264:ON107264_142 (length 103)
GenomesDB/ON107264/ON107264:ON107264_143 (length 110)
GenomesDB/ON107264/ON107264:ON107264_144 (length 227)
GenomesDB/ON107264/ON107264:ON107264_145 (length 603)
GenomesDB/ON107264/ON107264:ON107264_146 (length 204)
GenomesDB/ON107264/ON107264:ON107264_147 (length 40)
GenomesDB/ON107264/ON107264:ON107264_148 (length 371)
GenomesDB/ON107264/ON107264:ON107264_149 (length 83)
GenomesDB/ON107264/ON107264:ON107264_150 (length 130)
GenomesDB/ON107264/ON107264:ON107264_151 (length 367)
GenomesDB/ON107264/ON107264:ON107264_152 (length 644)
GenomesDB/ON107264/ON107264:ON107264_153 (length 103)
GenomesDB/ON107264/ON107264:ON107264_154 (length 221)
GenomesDB/ON107264/ON107264:ON107264_155 (length 880)
GenomesDB/ON107264/ON107264:ON107264_156 (length 253)
GenomesDB/ON107264/ON107264:ON107264_157 (length 2294)
GenomesDB/ON107264/ON107264:ON107264_158 (length 208)
GenomesDB/ON107264/ON107264:ON107264_159 (length 136)
GenomesDB/ON107264/ON107264:ON107264_160 (length 118)
GenomesDB/ON107264/ON107264:ON107264_161 (length 60)
GenomesDB/ON107264/ON107264:ON107264_162 (length 334)
GenomesDB/ON107264/ON107264:ON107264_163 (length 140)
GenomesDB/ON107264/ON107264:ON107264_164 (length 162)
GenomesDB/ON107264/ON107264:ON107264_165 (length 63)
GenomesDB/ON107264/ON107264:ON107264_166 (length 116)
GenomesDB/ON107264/ON107264:ON107264_167 (length 405)
GenomesDB/ON107264/ON107264:ON107264_168 (length 118)
GenomesDB/ON107264/ON107264:ON107264_169 (length 75)
GenomesDB/ON107264/ON107264:ON107264_170 (length 169)
GenomesDB/ON107264/ON107264:ON107264_171 (length 265)
GenomesDB/ON107264/ON107264:ON107264_172 (length 236)
GenomesDB/ON107264/ON107264:ON107264_173 (length 168)
GenomesDB/ON107264/ON107264:ON107264_174 (length 216)
GenomesDB/ON107264/ON107264:ON107264_175 (length 84)
GenomesDB/ON107264/ON107264:ON107264_176 (length 131)
GenomesDB/ON107264/ON107264:ON107264_177 (length 156)
GenomesDB/ON107264/ON107264:ON107264_178 (length 338)
GenomesDB/ON107264/ON107264:ON107264_179 (length 178)
GenomesDB/ON107264/ON107264:ON107264_180 (length 478)
GenomesDB/ON107264/ON107264:ON107264_181 (length 506)
GenomesDB/ON107264/ON107264:ON107264_182 (length 589)
GenomesDB/ON107264/ON107264:ON107264_183 (length 306)
GenomesDB/ON107264/ON107264:ON107264_184 (length 174)
GenomesDB/ON107264/ON107264:ON107264_185 (length 123)
GenomesDB/ON107264/ON107264:ON107264_186 (length 151)
GenomesDB/ON107264/ON107264:ON107264_187 (length 399)
GenomesDB/ON107264/ON107264:ON107264_188 (length 69)
GenomesDB/ON107264/ON107264:ON107264_189 (length 91)
GenomesDB/ON107264/ON107264:ON107264_190 (length 231)
GenomesDB/ON107264/ON107264:ON107264_191 (length 300)
GenomesDB/ON107264/ON107264:ON107264_192 (length 625)
GenomesDB/ON107264/ON107264:ON107264_193 (length 59)
GenomesDB/ON107264/ON107264:ON107264_194 (length 39)
GenomesDB/ON107264/ON107264:ON107264_195 (length 126)

DiscRep_ALL:DISC_INCONSISTENT_MOLINFO_TECH::Molinfo Technique Report (some missing, all same)
DiscRep_SUB:DISC_INCONSISTENT_MOLINFO_TECH::technique (all missing)
DiscRep_SUB:DISC_INCONSISTENT_MOLINFO_TECH::1 Molinfos are missing field technique
GenomesDB/ON107264/ON107264:ON107264 (length 133818)

