2024-03-13 16:57:13.595 | INFO     | __main__:main:105 - Starting Pharokka v1.5.1
2024-03-13 16:57:13.595 | INFO     | __main__:main:106 - Command executed: Namespace(infile='../data/genomes/groupII_millard/MK448731/MK448731.fna', outdir='../data/pharokka_output/MK448731', database='/n/eddy_lab/data/pharokka', threads='8', force=True, prefix='MK448731', locustag='Default', gene_predictor='phanotate', meta=False, split=False, coding_table='11', evalue='1E-05', fast=False, mmseqs2_only=False, meta_hmm=False, dnaapler=False, custom_hmm='', genbank=False, terminase=False, terminase_strand='nothing', terminase_start='nothing', skip_extra_annotations=False, skip_mash=False, citation=False)
2024-03-13 16:57:13.596 | INFO     | __main__:main:107 - Repository homepage is https://github.com/gbouras13/pharokka
2024-03-13 16:57:13.596 | INFO     | __main__:main:108 - Written by George Bouras: george.bouras@adelaide.edu.au
2024-03-13 16:57:13.597 | INFO     | __main__:main:110 - Checking database installation in /n/eddy_lab/data/pharokka.
2024-03-13 16:57:13.604 | INFO     | __main__:main:113 - All databases have been successfully checked.
2024-03-13 16:57:13.605 | INFO     | __main__:main:129 - Checking dependencies.
2024-03-13 16:57:16.153 | INFO     | input_commands:check_dependencies:367 - Phanotate version found is v1.5.1
2024-03-13 16:57:16.153 | INFO     | input_commands:check_dependencies:376 - Phanotate version is ok.
2024-03-13 16:57:16.276 | INFO     | input_commands:check_dependencies:398 - MMseqs2 version found is v13.45111
2024-03-13 16:57:16.277 | INFO     | input_commands:check_dependencies:407 - MMseqs2 version is ok.
2024-03-13 16:57:17.705 | INFO     | input_commands:check_dependencies:431 - tRNAscan-SE version found is v2.0.12
2024-03-13 16:57:17.706 | INFO     | input_commands:check_dependencies:442 - tRNAscan-SE version is ok.
2024-03-13 16:57:19.131 | INFO     | input_commands:check_dependencies:466 - MinCED version found is v0.4.2
2024-03-13 16:57:19.131 | INFO     | input_commands:check_dependencies:477 - MinCED version is ok.
2024-03-13 16:57:19.138 | INFO     | input_commands:check_dependencies:503 - ARAGORN version found is v1.2.41
2024-03-13 16:57:19.138 | INFO     | input_commands:check_dependencies:514 - ARAGORN version is ok.
2024-03-13 16:57:19.334 | INFO     | input_commands:check_dependencies:531 - mash version found is v2.3
2024-03-13 16:57:19.335 | INFO     | input_commands:check_dependencies:538 - mash version is ok.
2024-03-13 16:57:23.541 | INFO     | input_commands:check_dependencies:557 - Dnaapler version found is v0.5.0
2024-03-13 16:57:23.542 | INFO     | input_commands:check_dependencies:564 - Dnaapler version is ok.
2024-03-13 16:57:23.543 | INFO     | input_commands:check_dependencies:576 - Pyrodigal version is v3.2.1
2024-03-13 16:57:23.543 | INFO     | input_commands:check_dependencies:577 - Pyrodigal version is ok.
2024-03-13 16:57:23.543 | INFO     | input_commands:check_dependencies:589 - Pyrodigal_gv version is v0.3.1
2024-03-13 16:57:23.544 | INFO     | input_commands:check_dependencies:590 - Pyrodigal_gv version is ok.
2024-03-13 16:57:23.643 | INFO     | input_commands:validate_fasta:218 - Checking input ../data/genomes/groupII_millard/MK448731/MK448731.fna.
2024-03-13 16:57:23.646 | INFO     | input_commands:validate_fasta:220 - Input ../data/genomes/groupII_millard/MK448731/MK448731.fna is in FASTA format.
2024-03-13 16:57:23.646 | INFO     | input_commands:validate_fasta:225 - Checking input ../data/genomes/groupII_millard/MK448731/MK448731.fna for duplicate FASTA headers.
2024-03-13 16:57:23.647 | INFO     | input_commands:validate_fasta:227 - All headers in ../data/genomes/groupII_millard/MK448731/MK448731.fna are unique.
2024-03-13 16:57:23.648 | INFO     | input_commands:validate_gene_predictor:252 - Phanotate will be used for gene prediction.
2024-03-13 16:57:23.649 | INFO     | __main__:main:292 - Running Phanotate.
2024-03-13 16:57:23.656 | INFO     | external_tools:run:50 - Started running phanotate.py -f fasta -o ../data/pharokka_output/MK448731/phanotate_out_tmp.fasta ../data/genomes/groupII_millard/MK448731/MK448731.fna ...
2024-03-13 16:57:33.350 | INFO     | external_tools:run:52 - Done running phanotate.py -f fasta -o ../data/pharokka_output/MK448731/phanotate_out_tmp.fasta ../data/genomes/groupII_millard/MK448731/MK448731.fna
2024-03-13 16:57:33.355 | INFO     | external_tools:run:50 - Started running phanotate.py -f tabular -o ../data/pharokka_output/MK448731/phanotate_out.txt ../data/genomes/groupII_millard/MK448731/MK448731.fna ...
2024-03-13 16:57:42.580 | INFO     | external_tools:run:52 - Done running phanotate.py -f tabular -o ../data/pharokka_output/MK448731/phanotate_out.txt ../data/genomes/groupII_millard/MK448731/MK448731.fna
2024-03-13 16:57:42.626 | INFO     | __main__:main:321 - Starting tRNA-scanSE.
2024-03-13 16:57:42.629 | INFO     | external_tools:run:50 - Started running tRNAscan-SE --thread 8 -G -Q -j ../data/pharokka_output/MK448731/trnascan_out.gff ../data/genomes/groupII_millard/MK448731/MK448731.fna ...
2024-03-13 16:57:43.151 | INFO     | external_tools:run:52 - Done running tRNAscan-SE --thread 8 -G -Q -j ../data/pharokka_output/MK448731/trnascan_out.gff ../data/genomes/groupII_millard/MK448731/MK448731.fna
2024-03-13 16:57:43.152 | INFO     | processes:run_minced:786 - Running MinCED.
2024-03-13 16:57:43.156 | INFO     | external_tools:run:50 - Started running minced ../data/genomes/groupII_millard/MK448731/MK448731.fna ../data/pharokka_output/MK448731/MK448731_minced_spacers.txt ../data/pharokka_output/MK448731/MK448731_minced.gff ...
2024-03-13 16:57:43.385 | INFO     | external_tools:run:52 - Done running minced ../data/genomes/groupII_millard/MK448731/MK448731.fna ../data/pharokka_output/MK448731/MK448731_minced_spacers.txt ../data/pharokka_output/MK448731/MK448731_minced.gff
2024-03-13 16:57:43.387 | INFO     | processes:run_aragorn:815 - Running Aragorn.
2024-03-13 16:57:43.390 | INFO     | external_tools:run:50 - Started running aragorn -l -gcbact -w -m -o ../data/pharokka_output/MK448731/MK448731_aragorn.txt ../data/genomes/groupII_millard/MK448731/MK448731.fna ...
2024-03-13 16:57:43.421 | INFO     | external_tools:run:52 - Done running aragorn -l -gcbact -w -m -o ../data/pharokka_output/MK448731/MK448731_aragorn.txt ../data/genomes/groupII_millard/MK448731/MK448731.fna
2024-03-13 16:57:43.423 | INFO     | __main__:main:329 - Starting MMseqs2.
2024-03-13 16:57:43.423 | INFO     | processes:run_mmseqs:643 - Running MMseqs2 on PHROG Database.
2024-03-13 16:57:43.428 | INFO     | external_tools:run:50 - Started running mmseqs createdb ../data/pharokka_output/MK448731/phanotate_aas_tmp.fasta ../data/pharokka_output/MK448731/target_dir/target_seqs ...
2024-03-13 16:57:43.966 | INFO     | external_tools:run:52 - Done running mmseqs createdb ../data/pharokka_output/MK448731/phanotate_aas_tmp.fasta ../data/pharokka_output/MK448731/target_dir/target_seqs
2024-03-13 16:57:43.970 | INFO     | external_tools:run:50 - Started running mmseqs search -e 1E-05 /n/eddy_lab/data/pharokka/phrogs_profile_db ../data/pharokka_output/MK448731/target_dir/target_seqs ../data/pharokka_output/MK448731/mmseqs/results_mmseqs ../data/pharokka_output/MK448731/tmp_dir/ -s 8.5 --threads 8 ...
2024-03-13 16:59:19.762 | INFO     | external_tools:run:52 - Done running mmseqs search -e 1E-05 /n/eddy_lab/data/pharokka/phrogs_profile_db ../data/pharokka_output/MK448731/target_dir/target_seqs ../data/pharokka_output/MK448731/mmseqs/results_mmseqs ../data/pharokka_output/MK448731/tmp_dir/ -s 8.5 --threads 8
2024-03-13 16:59:19.769 | INFO     | external_tools:run:50 - Started running mmseqs createtsv /n/eddy_lab/data/pharokka/phrogs_profile_db ../data/pharokka_output/MK448731/target_dir/target_seqs ../data/pharokka_output/MK448731/mmseqs/results_mmseqs ../data/pharokka_output/MK448731/mmseqs_results.tsv --full-header --threads 8 ...
2024-03-13 16:59:19.961 | INFO     | external_tools:run:52 - Done running mmseqs createtsv /n/eddy_lab/data/pharokka/phrogs_profile_db ../data/pharokka_output/MK448731/target_dir/target_seqs ../data/pharokka_output/MK448731/mmseqs/results_mmseqs ../data/pharokka_output/MK448731/mmseqs_results.tsv --full-header --threads 8
2024-03-13 16:59:19.973 | INFO     | processes:run_mmseqs:643 - Running MMseqs2 on CARD Database.
2024-03-13 16:59:19.977 | INFO     | external_tools:run:50 - Started running mmseqs createdb ../data/pharokka_output/MK448731/phanotate_aas_tmp.fasta ../data/pharokka_output/MK448731/CARD_target_dir/target_seqs ...
2024-03-13 16:59:20.541 | INFO     | external_tools:run:52 - Done running mmseqs createdb ../data/pharokka_output/MK448731/phanotate_aas_tmp.fasta ../data/pharokka_output/MK448731/CARD_target_dir/target_seqs
2024-03-13 16:59:20.546 | INFO     | external_tools:run:50 - Started running mmseqs search --min-seq-id 0.8 -c 0.4 /n/eddy_lab/data/pharokka/CARD ../data/pharokka_output/MK448731/CARD_target_dir/target_seqs ../data/pharokka_output/MK448731/CARD/results_mmseqs ../data/pharokka_output/MK448731/CARD_dir/ -s 8.5 --threads 8 ...
2024-03-13 16:59:36.394 | INFO     | external_tools:run:52 - Done running mmseqs search --min-seq-id 0.8 -c 0.4 /n/eddy_lab/data/pharokka/CARD ../data/pharokka_output/MK448731/CARD_target_dir/target_seqs ../data/pharokka_output/MK448731/CARD/results_mmseqs ../data/pharokka_output/MK448731/CARD_dir/ -s 8.5 --threads 8
2024-03-13 16:59:36.398 | INFO     | external_tools:run:50 - Started running mmseqs createtsv /n/eddy_lab/data/pharokka/CARD ../data/pharokka_output/MK448731/CARD_target_dir/target_seqs ../data/pharokka_output/MK448731/CARD/results_mmseqs ../data/pharokka_output/MK448731/CARD_results.tsv --full-header --threads 8 ...
2024-03-13 16:59:36.490 | INFO     | external_tools:run:52 - Done running mmseqs createtsv /n/eddy_lab/data/pharokka/CARD ../data/pharokka_output/MK448731/CARD_target_dir/target_seqs ../data/pharokka_output/MK448731/CARD/results_mmseqs ../data/pharokka_output/MK448731/CARD_results.tsv --full-header --threads 8
2024-03-13 16:59:36.501 | INFO     | processes:run_mmseqs:643 - Running MMseqs2 on VFDB Database.
2024-03-13 16:59:36.506 | INFO     | external_tools:run:50 - Started running mmseqs createdb ../data/pharokka_output/MK448731/phanotate_aas_tmp.fasta ../data/pharokka_output/MK448731/VFDB_target_dir/target_seqs ...
2024-03-13 16:59:37.069 | INFO     | external_tools:run:52 - Done running mmseqs createdb ../data/pharokka_output/MK448731/phanotate_aas_tmp.fasta ../data/pharokka_output/MK448731/VFDB_target_dir/target_seqs
2024-03-13 16:59:37.074 | INFO     | external_tools:run:50 - Started running mmseqs search --min-seq-id 0.8 -c 0.4 /n/eddy_lab/data/pharokka/vfdb ../data/pharokka_output/MK448731/VFDB_target_dir/target_seqs ../data/pharokka_output/MK448731/VFDB/results_mmseqs ../data/pharokka_output/MK448731/VFDB_dir/ -s 8.5 --threads 8 ...
2024-03-13 17:00:03.369 | INFO     | external_tools:run:52 - Done running mmseqs search --min-seq-id 0.8 -c 0.4 /n/eddy_lab/data/pharokka/vfdb ../data/pharokka_output/MK448731/VFDB_target_dir/target_seqs ../data/pharokka_output/MK448731/VFDB/results_mmseqs ../data/pharokka_output/MK448731/VFDB_dir/ -s 8.5 --threads 8
2024-03-13 17:00:03.379 | INFO     | external_tools:run:50 - Started running mmseqs createtsv /n/eddy_lab/data/pharokka/vfdb ../data/pharokka_output/MK448731/VFDB_target_dir/target_seqs ../data/pharokka_output/MK448731/VFDB/results_mmseqs ../data/pharokka_output/MK448731/vfdb_results.tsv --full-header --threads 8 ...
2024-03-13 17:00:03.550 | INFO     | external_tools:run:52 - Done running mmseqs createtsv /n/eddy_lab/data/pharokka/vfdb ../data/pharokka_output/MK448731/VFDB_target_dir/target_seqs ../data/pharokka_output/MK448731/VFDB/results_mmseqs ../data/pharokka_output/MK448731/vfdb_results.tsv --full-header --threads 8
2024-03-13 17:00:03.569 | INFO     | __main__:main:360 - Running PyHMMER on PHROGs.
2024-03-13 17:00:23.116 | INFO     | __main__:main:376 - Post Processing Output.
2024-03-13 17:00:23.128 | INFO     | post_processing:create_mmseqs_tophits:2128 - Processing MMseqs2 outputs.
2024-03-13 17:00:23.129 | INFO     | post_processing:create_mmseqs_tophits:2129 - Processing PHROGs output.
2024-03-13 17:00:23.336 | INFO     | post_processing:process_vfdb_results:2332 - Processing VFDB output.
2024-03-13 17:00:23.349 | INFO     | post_processing:process_vfdb_results:2415 - 0 VFDB virulence factors identified.
2024-03-13 17:00:23.350 | INFO     | post_processing:process_card_results:2432 - Processing CARD output.
2024-03-13 17:00:23.363 | INFO     | post_processing:process_card_results:2550 - 0 CARD AMR genes identified.
2024-03-13 17:00:23.519 | INFO     | __main__:main:447 - Converting gff to genbank.
2024-03-13 17:00:23.594 | INFO     | post_processing:extract_terl:1966 - Terminase large subunit found.
2024-03-13 17:00:23.612 | INFO     | __main__:main:460 - Finding the closest match for each contig in INPHARED using mash.
2024-03-13 17:00:23.623 | INFO     | external_tools:run:50 - Started running mash sketch ../data/genomes/groupII_millard/MK448731/MK448731.fna -o ../data/pharokka_output/MK448731/input_mash_sketch.msh -i ...
2024-03-13 17:00:23.681 | INFO     | external_tools:run:52 - Done running mash sketch ../data/genomes/groupII_millard/MK448731/MK448731.fna -o ../data/pharokka_output/MK448731/input_mash_sketch.msh -i
2024-03-13 17:00:23.692 | INFO     | external_tools:run_to_stdout:59 - Started running mash dist ../data/pharokka_output/MK448731/input_mash_sketch.msh /n/eddy_lab/data/pharokka/1Aug2023_genomes.fa.msh -d 0.2 -i ...
2024-03-13 17:00:26.505 | INFO     | external_tools:run_to_stdout:61 - Done running mash dist ../data/pharokka_output/MK448731/input_mash_sketch.msh /n/eddy_lab/data/pharokka/1Aug2023_genomes.fa.msh -d 0.2 -i
2024-03-13 17:00:26.954 | INFO     | __main__:main:480 - Pharokka has finished.
2024-03-13 17:00:26.954 | INFO     | __main__:main:481 - Elapsed time: 193.37 seconds
2024-03-13 17:00:26.955 | INFO     | __main__:main:483 - If you use Pharokka in your research, please cite:
2024-03-13 17:00:26.955 | INFO     | __main__:main:484 - George Bouras, Roshan Nepal, Ghais Houtak, Alkis James Psaltis, Peter-John Wormald, Sarah Vreugde.
2024-03-13 17:00:26.956 | INFO     | __main__:main:487 - Pharokka: a fast scalable bacteriophage annotation tool.
2024-03-13 17:00:26.956 | INFO     | __main__:main:488 - Bioinformatics, Volume 39, Issue 1, January 2023, btac776.
2024-03-13 17:00:26.956 | INFO     | __main__:main:489 - https://doi.org/10.1093/bioinformatics/btac776.
2024-03-13 17:00:26.957 | INFO     | __main__:main:490 - You should also cite the full list of tools Pharokka uses, which can be found at https://github.com/gbouras13/pharokka#citation.
