Discrepancy Report Results

Summary
FATAL: MISSING_PROTEIN_ID:64 proteins have invalid IDs.
DISC_SOURCE_QUALS_ASNDISC:strain (all present, all unique)
DISC_SOURCE_QUALS_ASNDISC:taxname (all present, all unique)
DISC_FEATURE_COUNT:CDS: 64 present
DISC_COUNT_NUCLEOTIDES:1 nucleotide Bioseqs are present
FEATURE_LOCATION_CONFLICT:64 features have inconsistent gene locations.
OVERLAPPING_CDS:29 coding regions overlap another coding region with a similar or identical name.
DISC_QUALITY_SCORES:Quality scores are missing on all sequences.
ONCALLER_COMMENT_PRESENT:1 comment descriptors were found (all same)
SHORT_PROT_SEQUENCES:4 protein sequences are shorter than 50 aa.
MISSING_GENOMEASSEMBLY_COMMENTS:1 bioseqs are missing GenomeAssembly structured comments
MOLTYPE_NOT_MRNA:1 molecule types are not set as mRNA.
TECHNIQUE_NOT_TSA:1 technique are not set as TSA
MISSING_STRUCTURED_COMMENT:1 sequences do not include structured comments.
MISSING_PROJECT:65 sequences do not include project.
DISC_INCONSISTENT_MOLINFO_TECH:Molinfo Technique Report (some missing, all same)


Detailed Report

FATAL: DiscRep_ALL:MISSING_PROTEIN_ID::64 proteins have invalid IDs.
GenomesDB/MK448781/MK448781:MK448781_1 (length 359)
GenomesDB/MK448781/MK448781:MK448781_2 (length 67)
GenomesDB/MK448781/MK448781:MK448781_3 (length 185)
GenomesDB/MK448781/MK448781:MK448781_4 (length 265)
GenomesDB/MK448781/MK448781:MK448781_5 (length 47)
GenomesDB/MK448781/MK448781:MK448781_6 (length 74)
GenomesDB/MK448781/MK448781:MK448781_7 (length 52)
GenomesDB/MK448781/MK448781:MK448781_8 (length 62)
GenomesDB/MK448781/MK448781:MK448781_9 (length 268)
GenomesDB/MK448781/MK448781:MK448781_10 (length 63)
GenomesDB/MK448781/MK448781:MK448781_11 (length 267)
GenomesDB/MK448781/MK448781:MK448781_12 (length 47)
GenomesDB/MK448781/MK448781:MK448781_13 (length 76)
GenomesDB/MK448781/MK448781:MK448781_14 (length 74)
GenomesDB/MK448781/MK448781:MK448781_15 (length 286)
GenomesDB/MK448781/MK448781:MK448781_16 (length 77)
GenomesDB/MK448781/MK448781:MK448781_17 (length 84)
GenomesDB/MK448781/MK448781:MK448781_18 (length 160)
GenomesDB/MK448781/MK448781:MK448781_19 (length 224)
GenomesDB/MK448781/MK448781:MK448781_20 (length 138)
GenomesDB/MK448781/MK448781:MK448781_21 (length 58)
GenomesDB/MK448781/MK448781:MK448781_22 (length 439)
GenomesDB/MK448781/MK448781:MK448781_23 (length 67)
GenomesDB/MK448781/MK448781:MK448781_24 (length 158)
GenomesDB/MK448781/MK448781:MK448781_25 (length 115)
GenomesDB/MK448781/MK448781:MK448781_26 (length 100)
GenomesDB/MK448781/MK448781:MK448781_27 (length 43)
GenomesDB/MK448781/MK448781:MK448781_28 (length 138)
GenomesDB/MK448781/MK448781:MK448781_29 (length 54)
GenomesDB/MK448781/MK448781:MK448781_30 (length 89)
GenomesDB/MK448781/MK448781:MK448781_31 (length 110)
GenomesDB/MK448781/MK448781:MK448781_32 (length 43)
GenomesDB/MK448781/MK448781:MK448781_33 (length 177)
GenomesDB/MK448781/MK448781:MK448781_34 (length 88)
GenomesDB/MK448781/MK448781:MK448781_35 (length 141)
GenomesDB/MK448781/MK448781:MK448781_36 (length 139)
GenomesDB/MK448781/MK448781:MK448781_37 (length 118)
GenomesDB/MK448781/MK448781:MK448781_38 (length 422)
GenomesDB/MK448781/MK448781:MK448781_39 (length 406)
GenomesDB/MK448781/MK448781:MK448781_40 (length 62)
GenomesDB/MK448781/MK448781:MK448781_41 (length 471)
GenomesDB/MK448781/MK448781:MK448781_42 (length 154)
GenomesDB/MK448781/MK448781:MK448781_43 (length 300)
GenomesDB/MK448781/MK448781:MK448781_44 (length 71)
GenomesDB/MK448781/MK448781:MK448781_45 (length 143)
GenomesDB/MK448781/MK448781:MK448781_46 (length 112)
GenomesDB/MK448781/MK448781:MK448781_47 (length 78)
GenomesDB/MK448781/MK448781:MK448781_48 (length 111)
GenomesDB/MK448781/MK448781:MK448781_49 (length 185)
GenomesDB/MK448781/MK448781:MK448781_50 (length 81)
GenomesDB/MK448781/MK448781:MK448781_51 (length 123)
GenomesDB/MK448781/MK448781:MK448781_52 (length 670)
GenomesDB/MK448781/MK448781:MK448781_53 (length 506)
GenomesDB/MK448781/MK448781:MK448781_54 (length 1374)
GenomesDB/MK448781/MK448781:MK448781_55 (length 668)
GenomesDB/MK448781/MK448781:MK448781_56 (length 109)
GenomesDB/MK448781/MK448781:MK448781_57 (length 70)
GenomesDB/MK448781/MK448781:MK448781_58 (length 100)
GenomesDB/MK448781/MK448781:MK448781_59 (length 111)
GenomesDB/MK448781/MK448781:MK448781_60 (length 239)
GenomesDB/MK448781/MK448781:MK448781_61 (length 323)
GenomesDB/MK448781/MK448781:MK448781_62 (length 66)
GenomesDB/MK448781/MK448781:MK448781_63 (length 56)
GenomesDB/MK448781/MK448781:MK448781_64 (length 59)

DiscRep_ALL:DISC_SOURCE_QUALS_ASNDISC::strain (all present, all unique)
DiscRep_SUB:DISC_SOURCE_QUALS_ASNDISC::1 sources have unique values for strain
DiscRep_ALL:DISC_SOURCE_QUALS_ASNDISC::taxname (all present, all unique)
DiscRep_SUB:DISC_SOURCE_QUALS_ASNDISC::1 sources have unique values for taxname
DiscRep_ALL:DISC_FEATURE_COUNT::CDS: 64 present
DiscRep_ALL:DISC_COUNT_NUCLEOTIDES::1 nucleotide Bioseqs are present
GenomesDB/MK448781/MK448781:MK448781 (length 40382)

DiscRep_ALL:FEATURE_LOCATION_CONFLICT::64 features have inconsistent gene locations.
DiscRep_SUB:FEATURE_LOCATION_CONFLICT::Coding region xref gene does not exist
GenomesDB/MK448781/MK448781:CDS	unannotated protein	MK448781:c1080-1	MK448781_00001

DiscRep_SUB:FEATURE_LOCATION_CONFLICT::Coding region xref gene does not exist
GenomesDB/MK448781/MK448781:CDS	unannotated protein	MK448781:c1406-1203	MK448781_00002

DiscRep_SUB:FEATURE_LOCATION_CONFLICT::Coding region xref gene does not exist
GenomesDB/MK448781/MK448781:CDS	unannotated protein	MK448781:c2066-1509	MK448781_00003

DiscRep_SUB:FEATURE_LOCATION_CONFLICT::Coding region xref gene does not exist
GenomesDB/MK448781/MK448781:CDS	unannotated protein	MK448781:c2865-2068	MK448781_00004

DiscRep_SUB:FEATURE_LOCATION_CONFLICT::Coding region xref gene does not exist
GenomesDB/MK448781/MK448781:CDS	unannotated protein	MK448781:3226-3369	MK448781_00005

DiscRep_SUB:FEATURE_LOCATION_CONFLICT::Coding region xref gene does not exist
GenomesDB/MK448781/MK448781:CDS	unannotated protein	MK448781:c3590-3366	MK448781_00006

DiscRep_SUB:FEATURE_LOCATION_CONFLICT::Coding region xref gene does not exist
GenomesDB/MK448781/MK448781:CDS	unannotated protein	MK448781:3649-3807	MK448781_00007

DiscRep_SUB:FEATURE_LOCATION_CONFLICT::Coding region xref gene does not exist
GenomesDB/MK448781/MK448781:CDS	unannotated protein	MK448781:3837-4025	MK448781_00008

DiscRep_SUB:FEATURE_LOCATION_CONFLICT::Coding region xref gene does not exist
GenomesDB/MK448781/MK448781:CDS	unannotated protein	MK448781:c4814-4008	MK448781_00009

DiscRep_SUB:FEATURE_LOCATION_CONFLICT::Coding region xref gene does not exist
GenomesDB/MK448781/MK448781:CDS	unannotated protein	MK448781:4866-5057	MK448781_00010

DiscRep_SUB:FEATURE_LOCATION_CONFLICT::Coding region xref gene does not exist
GenomesDB/MK448781/MK448781:CDS	unannotated protein	MK448781:5071-5874	MK448781_00011

DiscRep_SUB:FEATURE_LOCATION_CONFLICT::Coding region xref gene does not exist
GenomesDB/MK448781/MK448781:CDS	unannotated protein	MK448781:5886-6029	MK448781_00012

DiscRep_SUB:FEATURE_LOCATION_CONFLICT::Coding region xref gene does not exist
GenomesDB/MK448781/MK448781:CDS	unannotated protein	MK448781:6179-6409	MK448781_00013

DiscRep_SUB:FEATURE_LOCATION_CONFLICT::Coding region xref gene does not exist
GenomesDB/MK448781/MK448781:CDS	unannotated protein	MK448781:6547-6771	MK448781_00014

DiscRep_SUB:FEATURE_LOCATION_CONFLICT::Coding region xref gene does not exist
GenomesDB/MK448781/MK448781:CDS	unannotated protein	MK448781:6782-7642	MK448781_00015

DiscRep_SUB:FEATURE_LOCATION_CONFLICT::Coding region xref gene does not exist
GenomesDB/MK448781/MK448781:CDS	unannotated protein	MK448781:7623-7856	MK448781_00016

DiscRep_SUB:FEATURE_LOCATION_CONFLICT::Coding region xref gene does not exist
GenomesDB/MK448781/MK448781:CDS	unannotated protein	MK448781:8004-8258	MK448781_00017

DiscRep_SUB:FEATURE_LOCATION_CONFLICT::Coding region xref gene does not exist
GenomesDB/MK448781/MK448781:CDS	unannotated protein	MK448781:8424-8906	MK448781_00018

DiscRep_SUB:FEATURE_LOCATION_CONFLICT::Coding region xref gene does not exist
GenomesDB/MK448781/MK448781:CDS	unannotated protein	MK448781:8907-9581	MK448781_00019

DiscRep_SUB:FEATURE_LOCATION_CONFLICT::Coding region xref gene does not exist
GenomesDB/MK448781/MK448781:CDS	unannotated protein	MK448781:9574-9990	MK448781_00020

DiscRep_SUB:FEATURE_LOCATION_CONFLICT::Coding region xref gene does not exist
GenomesDB/MK448781/MK448781:CDS	unannotated protein	MK448781:10275-10451	MK448781_00021

DiscRep_SUB:FEATURE_LOCATION_CONFLICT::Coding region xref gene does not exist
GenomesDB/MK448781/MK448781:CDS	unannotated protein	MK448781:10571-11890	MK448781_00022

DiscRep_SUB:FEATURE_LOCATION_CONFLICT::Coding region xref gene does not exist
GenomesDB/MK448781/MK448781:CDS	unannotated protein	MK448781:12016-12219	MK448781_00023

DiscRep_SUB:FEATURE_LOCATION_CONFLICT::Coding region xref gene does not exist
GenomesDB/MK448781/MK448781:CDS	unannotated protein	MK448781:12209-12685	MK448781_00024

DiscRep_SUB:FEATURE_LOCATION_CONFLICT::Coding region xref gene does not exist
GenomesDB/MK448781/MK448781:CDS	unannotated protein	MK448781:12675-13022	MK448781_00025

DiscRep_SUB:FEATURE_LOCATION_CONFLICT::Coding region xref gene does not exist
GenomesDB/MK448781/MK448781:CDS	unannotated protein	MK448781:13034-13336	MK448781_00026

DiscRep_SUB:FEATURE_LOCATION_CONFLICT::Coding region xref gene does not exist
GenomesDB/MK448781/MK448781:CDS	unannotated protein	MK448781:13340-13471	MK448781_00027

DiscRep_SUB:FEATURE_LOCATION_CONFLICT::Coding region xref gene does not exist
GenomesDB/MK448781/MK448781:CDS	unannotated protein	MK448781:13471-13887	MK448781_00028

DiscRep_SUB:FEATURE_LOCATION_CONFLICT::Coding region xref gene does not exist
GenomesDB/MK448781/MK448781:CDS	unannotated protein	MK448781:13884-14048	MK448781_00029

DiscRep_SUB:FEATURE_LOCATION_CONFLICT::Coding region xref gene does not exist
GenomesDB/MK448781/MK448781:CDS	unannotated protein	MK448781:14045-14314	MK448781_00030

DiscRep_SUB:FEATURE_LOCATION_CONFLICT::Coding region xref gene does not exist
GenomesDB/MK448781/MK448781:CDS	unannotated protein	MK448781:14317-14649	MK448781_00031

DiscRep_SUB:FEATURE_LOCATION_CONFLICT::Coding region xref gene does not exist
GenomesDB/MK448781/MK448781:CDS	unannotated protein	MK448781:14732-14863	MK448781_00032

DiscRep_SUB:FEATURE_LOCATION_CONFLICT::Coding region xref gene does not exist
GenomesDB/MK448781/MK448781:CDS	unannotated protein	MK448781:14956-15489	MK448781_00033

DiscRep_SUB:FEATURE_LOCATION_CONFLICT::Coding region xref gene does not exist
GenomesDB/MK448781/MK448781:CDS	unannotated protein	MK448781:15486-15752	MK448781_00034

DiscRep_SUB:FEATURE_LOCATION_CONFLICT::Coding region xref gene does not exist
GenomesDB/MK448781/MK448781:CDS	unannotated protein	MK448781:16143-16568	MK448781_00035

DiscRep_SUB:FEATURE_LOCATION_CONFLICT::Coding region xref gene does not exist
GenomesDB/MK448781/MK448781:CDS	unannotated protein	MK448781:17109-17528	MK448781_00036

DiscRep_SUB:FEATURE_LOCATION_CONFLICT::Coding region xref gene does not exist
GenomesDB/MK448781/MK448781:CDS	unannotated protein	MK448781:17680-18036	MK448781_00037

DiscRep_SUB:FEATURE_LOCATION_CONFLICT::Coding region xref gene does not exist
GenomesDB/MK448781/MK448781:CDS	unannotated protein	MK448781:18033-19301	MK448781_00038

DiscRep_SUB:FEATURE_LOCATION_CONFLICT::Coding region xref gene does not exist
GenomesDB/MK448781/MK448781:CDS	unannotated protein	MK448781:19294-20514	MK448781_00039

DiscRep_SUB:FEATURE_LOCATION_CONFLICT::Coding region xref gene does not exist
GenomesDB/MK448781/MK448781:CDS	unannotated protein	MK448781:20514-20702	MK448781_00040

DiscRep_SUB:FEATURE_LOCATION_CONFLICT::Coding region xref gene does not exist
GenomesDB/MK448781/MK448781:CDS	unannotated protein	MK448781:20810-22225	MK448781_00041

DiscRep_SUB:FEATURE_LOCATION_CONFLICT::Coding region xref gene does not exist
GenomesDB/MK448781/MK448781:CDS	unannotated protein	MK448781:22306-22770	MK448781_00042

DiscRep_SUB:FEATURE_LOCATION_CONFLICT::Coding region xref gene does not exist
GenomesDB/MK448781/MK448781:CDS	unannotated protein	MK448781:22773-23675	MK448781_00043

DiscRep_SUB:FEATURE_LOCATION_CONFLICT::Coding region xref gene does not exist
GenomesDB/MK448781/MK448781:CDS	unannotated protein	MK448781:23672-23887	MK448781_00044

DiscRep_SUB:FEATURE_LOCATION_CONFLICT::Coding region xref gene does not exist
GenomesDB/MK448781/MK448781:CDS	unannotated protein	MK448781:23901-24332	MK448781_00045

DiscRep_SUB:FEATURE_LOCATION_CONFLICT::Coding region xref gene does not exist
GenomesDB/MK448781/MK448781:CDS	unannotated protein	MK448781:24283-24621	MK448781_00046

DiscRep_SUB:FEATURE_LOCATION_CONFLICT::Coding region xref gene does not exist
GenomesDB/MK448781/MK448781:CDS	unannotated protein	MK448781:24614-24850	MK448781_00047

DiscRep_SUB:FEATURE_LOCATION_CONFLICT::Coding region xref gene does not exist
GenomesDB/MK448781/MK448781:CDS	unannotated protein	MK448781:24851-25186	MK448781_00048

DiscRep_SUB:FEATURE_LOCATION_CONFLICT::Coding region xref gene does not exist
GenomesDB/MK448781/MK448781:CDS	unannotated protein	MK448781:25196-25753	MK448781_00049

DiscRep_SUB:FEATURE_LOCATION_CONFLICT::Coding region xref gene does not exist
GenomesDB/MK448781/MK448781:CDS	unannotated protein	MK448781:25753-25998	MK448781_00050

DiscRep_SUB:FEATURE_LOCATION_CONFLICT::Coding region xref gene does not exist
GenomesDB/MK448781/MK448781:CDS	unannotated protein	MK448781:26013-26384	MK448781_00051

DiscRep_SUB:FEATURE_LOCATION_CONFLICT::Coding region xref gene does not exist
GenomesDB/MK448781/MK448781:CDS	unannotated protein	MK448781:26384-28396	MK448781_00052

DiscRep_SUB:FEATURE_LOCATION_CONFLICT::Coding region xref gene does not exist
GenomesDB/MK448781/MK448781:CDS	unannotated protein	MK448781:28390-29910	MK448781_00053

DiscRep_SUB:FEATURE_LOCATION_CONFLICT::Coding region xref gene does not exist
GenomesDB/MK448781/MK448781:CDS	unannotated protein	MK448781:29911-34035	MK448781_00054

DiscRep_SUB:FEATURE_LOCATION_CONFLICT::Coding region xref gene does not exist
GenomesDB/MK448781/MK448781:CDS	unannotated protein	MK448781:34046-36052	MK448781_00055

DiscRep_SUB:FEATURE_LOCATION_CONFLICT::Coding region xref gene does not exist
GenomesDB/MK448781/MK448781:CDS	unannotated protein	MK448781:36078-36407	MK448781_00056

DiscRep_SUB:FEATURE_LOCATION_CONFLICT::Coding region xref gene does not exist
GenomesDB/MK448781/MK448781:CDS	unannotated protein	MK448781:36382-36594	MK448781_00057

DiscRep_SUB:FEATURE_LOCATION_CONFLICT::Coding region xref gene does not exist
GenomesDB/MK448781/MK448781:CDS	unannotated protein	MK448781:36607-36909	MK448781_00058

DiscRep_SUB:FEATURE_LOCATION_CONFLICT::Coding region xref gene does not exist
GenomesDB/MK448781/MK448781:CDS	unannotated protein	MK448781:36911-37246	MK448781_00059

DiscRep_SUB:FEATURE_LOCATION_CONFLICT::Coding region xref gene does not exist
GenomesDB/MK448781/MK448781:CDS	unannotated protein	MK448781:37248-37967	MK448781_00060

DiscRep_SUB:FEATURE_LOCATION_CONFLICT::Coding region xref gene does not exist
GenomesDB/MK448781/MK448781:CDS	unannotated protein	MK448781:38300-39271	MK448781_00061

DiscRep_SUB:FEATURE_LOCATION_CONFLICT::Coding region xref gene does not exist
GenomesDB/MK448781/MK448781:CDS	unannotated protein	MK448781:39375-39575	MK448781_00062

DiscRep_SUB:FEATURE_LOCATION_CONFLICT::Coding region xref gene does not exist
GenomesDB/MK448781/MK448781:CDS	unannotated protein	MK448781:c39786-39616	MK448781_00063

DiscRep_SUB:FEATURE_LOCATION_CONFLICT::Coding region xref gene does not exist
GenomesDB/MK448781/MK448781:CDS	unannotated protein	MK448781:40203-40382	MK448781_00064

DiscRep_ALL:OVERLAPPING_CDS::29 coding regions overlap another coding region with a similar or identical name.
DiscRep_SUB:OVERLAPPING_CDS::29 coding regions overlap another coding region with a similar or identical name that do not have the appropriate note text
GenomesDB/MK448781/MK448781:CDS	unannotated protein	MK448781:6782-7642	MK448781_00015
GenomesDB/MK448781/MK448781:CDS	unannotated protein	MK448781:7623-7856	MK448781_00016
GenomesDB/MK448781/MK448781:CDS	unannotated protein	MK448781:8907-9581	MK448781_00019
GenomesDB/MK448781/MK448781:CDS	unannotated protein	MK448781:9574-9990	MK448781_00020
GenomesDB/MK448781/MK448781:CDS	unannotated protein	MK448781:12016-12219	MK448781_00023
GenomesDB/MK448781/MK448781:CDS	unannotated protein	MK448781:12209-12685	MK448781_00024
GenomesDB/MK448781/MK448781:CDS	unannotated protein	MK448781:12675-13022	MK448781_00025
GenomesDB/MK448781/MK448781:CDS	unannotated protein	MK448781:13340-13471	MK448781_00027
GenomesDB/MK448781/MK448781:CDS	unannotated protein	MK448781:13471-13887	MK448781_00028
GenomesDB/MK448781/MK448781:CDS	unannotated protein	MK448781:13884-14048	MK448781_00029
GenomesDB/MK448781/MK448781:CDS	unannotated protein	MK448781:14045-14314	MK448781_00030
GenomesDB/MK448781/MK448781:CDS	unannotated protein	MK448781:14956-15489	MK448781_00033
GenomesDB/MK448781/MK448781:CDS	unannotated protein	MK448781:15486-15752	MK448781_00034
GenomesDB/MK448781/MK448781:CDS	unannotated protein	MK448781:17680-18036	MK448781_00037
GenomesDB/MK448781/MK448781:CDS	unannotated protein	MK448781:18033-19301	MK448781_00038
GenomesDB/MK448781/MK448781:CDS	unannotated protein	MK448781:19294-20514	MK448781_00039
GenomesDB/MK448781/MK448781:CDS	unannotated protein	MK448781:20514-20702	MK448781_00040
GenomesDB/MK448781/MK448781:CDS	unannotated protein	MK448781:22773-23675	MK448781_00043
GenomesDB/MK448781/MK448781:CDS	unannotated protein	MK448781:23672-23887	MK448781_00044
GenomesDB/MK448781/MK448781:CDS	unannotated protein	MK448781:23901-24332	MK448781_00045
GenomesDB/MK448781/MK448781:CDS	unannotated protein	MK448781:24283-24621	MK448781_00046
GenomesDB/MK448781/MK448781:CDS	unannotated protein	MK448781:24614-24850	MK448781_00047
GenomesDB/MK448781/MK448781:CDS	unannotated protein	MK448781:25196-25753	MK448781_00049
GenomesDB/MK448781/MK448781:CDS	unannotated protein	MK448781:25753-25998	MK448781_00050
GenomesDB/MK448781/MK448781:CDS	unannotated protein	MK448781:26013-26384	MK448781_00051
GenomesDB/MK448781/MK448781:CDS	unannotated protein	MK448781:26384-28396	MK448781_00052
GenomesDB/MK448781/MK448781:CDS	unannotated protein	MK448781:28390-29910	MK448781_00053
GenomesDB/MK448781/MK448781:CDS	unannotated protein	MK448781:36078-36407	MK448781_00056
GenomesDB/MK448781/MK448781:CDS	unannotated protein	MK448781:36382-36594	MK448781_00057

DiscRep_ALL:DISC_QUALITY_SCORES::Quality scores are missing on all sequences.

DiscRep_ALL:ONCALLER_COMMENT_PRESENT::1 comment descriptors were found (all same)
GenomesDB/MK448781/MK448781:MK448781:Annotated using prokka 1.14.6 from https://github.com/tseemann/prokka

DiscRep_ALL:SHORT_PROT_SEQUENCES::4 protein sequences are shorter than 50 aa.
GenomesDB/MK448781/MK448781:MK448781_5 (length 47)
GenomesDB/MK448781/MK448781:MK448781_12 (length 47)
GenomesDB/MK448781/MK448781:MK448781_27 (length 43)
GenomesDB/MK448781/MK448781:MK448781_32 (length 43)

DiscRep_ALL:MISSING_GENOMEASSEMBLY_COMMENTS::1 bioseqs are missing GenomeAssembly structured comments
GenomesDB/MK448781/MK448781:MK448781 (length 40382)

DiscRep_ALL:MOLTYPE_NOT_MRNA::1 molecule types are not set as mRNA.
GenomesDB/MK448781/MK448781:MK448781 (length 40382)

DiscRep_ALL:TECHNIQUE_NOT_TSA::1 technique are not set as TSA
GenomesDB/MK448781/MK448781:MK448781 (length 40382)

DiscRep_ALL:MISSING_STRUCTURED_COMMENT::1 sequences do not include structured comments.
GenomesDB/MK448781/MK448781:MK448781 (length 40382)

DiscRep_ALL:MISSING_PROJECT::65 sequences do not include project.
GenomesDB/MK448781/MK448781:MK448781 (length 40382)
GenomesDB/MK448781/MK448781:MK448781_1 (length 359)
GenomesDB/MK448781/MK448781:MK448781_2 (length 67)
GenomesDB/MK448781/MK448781:MK448781_3 (length 185)
GenomesDB/MK448781/MK448781:MK448781_4 (length 265)
GenomesDB/MK448781/MK448781:MK448781_5 (length 47)
GenomesDB/MK448781/MK448781:MK448781_6 (length 74)
GenomesDB/MK448781/MK448781:MK448781_7 (length 52)
GenomesDB/MK448781/MK448781:MK448781_8 (length 62)
GenomesDB/MK448781/MK448781:MK448781_9 (length 268)
GenomesDB/MK448781/MK448781:MK448781_10 (length 63)
GenomesDB/MK448781/MK448781:MK448781_11 (length 267)
GenomesDB/MK448781/MK448781:MK448781_12 (length 47)
GenomesDB/MK448781/MK448781:MK448781_13 (length 76)
GenomesDB/MK448781/MK448781:MK448781_14 (length 74)
GenomesDB/MK448781/MK448781:MK448781_15 (length 286)
GenomesDB/MK448781/MK448781:MK448781_16 (length 77)
GenomesDB/MK448781/MK448781:MK448781_17 (length 84)
GenomesDB/MK448781/MK448781:MK448781_18 (length 160)
GenomesDB/MK448781/MK448781:MK448781_19 (length 224)
GenomesDB/MK448781/MK448781:MK448781_20 (length 138)
GenomesDB/MK448781/MK448781:MK448781_21 (length 58)
GenomesDB/MK448781/MK448781:MK448781_22 (length 439)
GenomesDB/MK448781/MK448781:MK448781_23 (length 67)
GenomesDB/MK448781/MK448781:MK448781_24 (length 158)
GenomesDB/MK448781/MK448781:MK448781_25 (length 115)
GenomesDB/MK448781/MK448781:MK448781_26 (length 100)
GenomesDB/MK448781/MK448781:MK448781_27 (length 43)
GenomesDB/MK448781/MK448781:MK448781_28 (length 138)
GenomesDB/MK448781/MK448781:MK448781_29 (length 54)
GenomesDB/MK448781/MK448781:MK448781_30 (length 89)
GenomesDB/MK448781/MK448781:MK448781_31 (length 110)
GenomesDB/MK448781/MK448781:MK448781_32 (length 43)
GenomesDB/MK448781/MK448781:MK448781_33 (length 177)
GenomesDB/MK448781/MK448781:MK448781_34 (length 88)
GenomesDB/MK448781/MK448781:MK448781_35 (length 141)
GenomesDB/MK448781/MK448781:MK448781_36 (length 139)
GenomesDB/MK448781/MK448781:MK448781_37 (length 118)
GenomesDB/MK448781/MK448781:MK448781_38 (length 422)
GenomesDB/MK448781/MK448781:MK448781_39 (length 406)
GenomesDB/MK448781/MK448781:MK448781_40 (length 62)
GenomesDB/MK448781/MK448781:MK448781_41 (length 471)
GenomesDB/MK448781/MK448781:MK448781_42 (length 154)
GenomesDB/MK448781/MK448781:MK448781_43 (length 300)
GenomesDB/MK448781/MK448781:MK448781_44 (length 71)
GenomesDB/MK448781/MK448781:MK448781_45 (length 143)
GenomesDB/MK448781/MK448781:MK448781_46 (length 112)
GenomesDB/MK448781/MK448781:MK448781_47 (length 78)
GenomesDB/MK448781/MK448781:MK448781_48 (length 111)
GenomesDB/MK448781/MK448781:MK448781_49 (length 185)
GenomesDB/MK448781/MK448781:MK448781_50 (length 81)
GenomesDB/MK448781/MK448781:MK448781_51 (length 123)
GenomesDB/MK448781/MK448781:MK448781_52 (length 670)
GenomesDB/MK448781/MK448781:MK448781_53 (length 506)
GenomesDB/MK448781/MK448781:MK448781_54 (length 1374)
GenomesDB/MK448781/MK448781:MK448781_55 (length 668)
GenomesDB/MK448781/MK448781:MK448781_56 (length 109)
GenomesDB/MK448781/MK448781:MK448781_57 (length 70)
GenomesDB/MK448781/MK448781:MK448781_58 (length 100)
GenomesDB/MK448781/MK448781:MK448781_59 (length 111)
GenomesDB/MK448781/MK448781:MK448781_60 (length 239)
GenomesDB/MK448781/MK448781:MK448781_61 (length 323)
GenomesDB/MK448781/MK448781:MK448781_62 (length 66)
GenomesDB/MK448781/MK448781:MK448781_63 (length 56)
GenomesDB/MK448781/MK448781:MK448781_64 (length 59)

DiscRep_ALL:DISC_INCONSISTENT_MOLINFO_TECH::Molinfo Technique Report (some missing, all same)
DiscRep_SUB:DISC_INCONSISTENT_MOLINFO_TECH::technique (all missing)
DiscRep_SUB:DISC_INCONSISTENT_MOLINFO_TECH::1 Molinfos are missing field technique
GenomesDB/MK448781/MK448781:MK448781 (length 40382)

