Discrepancy Report Results

Summary
FATAL: MISSING_PROTEIN_ID:60 proteins have invalid IDs.
DISC_SOURCE_QUALS_ASNDISC:strain (all present, all unique)
DISC_SOURCE_QUALS_ASNDISC:taxname (all present, all unique)
DISC_FEATURE_COUNT:CDS: 60 present
DISC_FEATURE_COUNT:tRNA: 1 present
DISC_COUNT_NUCLEOTIDES:1 nucleotide Bioseqs are present
FEATURE_LOCATION_CONFLICT:61 features have inconsistent gene locations.
OVERLAPPING_CDS:29 coding regions overlap another coding region with a similar or identical name.
DISC_QUALITY_SCORES:Quality scores are missing on all sequences.
ONCALLER_COMMENT_PRESENT:1 comment descriptors were found (all same)
SHORT_PROT_SEQUENCES:1 protein sequences are shorter than 50 aa.
MISSING_GENOMEASSEMBLY_COMMENTS:1 bioseqs are missing GenomeAssembly structured comments
MOLTYPE_NOT_MRNA:1 molecule types are not set as mRNA.
TECHNIQUE_NOT_TSA:1 technique are not set as TSA
MISSING_STRUCTURED_COMMENT:1 sequences do not include structured comments.
MISSING_PROJECT:61 sequences do not include project.
DISC_INCONSISTENT_MOLINFO_TECH:Molinfo Technique Report (some missing, all same)


Detailed Report

FATAL: DiscRep_ALL:MISSING_PROTEIN_ID::60 proteins have invalid IDs.
GenomesDB/MZ333456/MZ333456:MZ333456_1 (length 153)
GenomesDB/MZ333456/MZ333456:MZ333456_2 (length 429)
GenomesDB/MZ333456/MZ333456:MZ333456_3 (length 491)
GenomesDB/MZ333456/MZ333456:MZ333456_4 (length 594)
GenomesDB/MZ333456/MZ333456:MZ333456_5 (length 76)
GenomesDB/MZ333456/MZ333456:MZ333456_6 (length 106)
GenomesDB/MZ333456/MZ333456:MZ333456_7 (length 108)
GenomesDB/MZ333456/MZ333456:MZ333456_8 (length 208)
GenomesDB/MZ333456/MZ333456:MZ333456_9 (length 300)
GenomesDB/MZ333456/MZ333456:MZ333456_10 (length 78)
GenomesDB/MZ333456/MZ333456:MZ333456_11 (length 114)
GenomesDB/MZ333456/MZ333456:MZ333456_12 (length 117)
GenomesDB/MZ333456/MZ333456:MZ333456_13 (length 132)
GenomesDB/MZ333456/MZ333456:MZ333456_14 (length 124)
GenomesDB/MZ333456/MZ333456:MZ333456_15 (length 280)
GenomesDB/MZ333456/MZ333456:MZ333456_16 (length 134)
GenomesDB/MZ333456/MZ333456:MZ333456_17 (length 974)
GenomesDB/MZ333456/MZ333456:MZ333456_18 (length 244)
GenomesDB/MZ333456/MZ333456:MZ333456_19 (length 824)
GenomesDB/MZ333456/MZ333456:MZ333456_20 (length 134)
GenomesDB/MZ333456/MZ333456:MZ333456_21 (length 302)
GenomesDB/MZ333456/MZ333456:MZ333456_22 (length 105)
GenomesDB/MZ333456/MZ333456:MZ333456_23 (length 105)
GenomesDB/MZ333456/MZ333456:MZ333456_24 (length 183)
GenomesDB/MZ333456/MZ333456:MZ333456_25 (length 124)
GenomesDB/MZ333456/MZ333456:MZ333456_26 (length 45)
GenomesDB/MZ333456/MZ333456:MZ333456_27 (length 77)
GenomesDB/MZ333456/MZ333456:MZ333456_28 (length 67)
GenomesDB/MZ333456/MZ333456:MZ333456_29 (length 419)
GenomesDB/MZ333456/MZ333456:MZ333456_30 (length 456)
GenomesDB/MZ333456/MZ333456:MZ333456_31 (length 387)
GenomesDB/MZ333456/MZ333456:MZ333456_32 (length 79)
GenomesDB/MZ333456/MZ333456:MZ333456_33 (length 79)
GenomesDB/MZ333456/MZ333456:MZ333456_34 (length 142)
GenomesDB/MZ333456/MZ333456:MZ333456_35 (length 137)
GenomesDB/MZ333456/MZ333456:MZ333456_36 (length 69)
GenomesDB/MZ333456/MZ333456:MZ333456_37 (length 94)
GenomesDB/MZ333456/MZ333456:MZ333456_38 (length 232)
GenomesDB/MZ333456/MZ333456:MZ333456_39 (length 57)
GenomesDB/MZ333456/MZ333456:MZ333456_40 (length 51)
GenomesDB/MZ333456/MZ333456:MZ333456_41 (length 139)
GenomesDB/MZ333456/MZ333456:MZ333456_42 (length 78)
GenomesDB/MZ333456/MZ333456:MZ333456_43 (length 228)
GenomesDB/MZ333456/MZ333456:MZ333456_44 (length 297)
GenomesDB/MZ333456/MZ333456:MZ333456_45 (length 226)
GenomesDB/MZ333456/MZ333456:MZ333456_46 (length 317)
GenomesDB/MZ333456/MZ333456:MZ333456_47 (length 100)
GenomesDB/MZ333456/MZ333456:MZ333456_48 (length 174)
GenomesDB/MZ333456/MZ333456:MZ333456_49 (length 75)
GenomesDB/MZ333456/MZ333456:MZ333456_50 (length 286)
GenomesDB/MZ333456/MZ333456:MZ333456_51 (length 249)
GenomesDB/MZ333456/MZ333456:MZ333456_52 (length 81)
GenomesDB/MZ333456/MZ333456:MZ333456_53 (length 116)
GenomesDB/MZ333456/MZ333456:MZ333456_54 (length 80)
GenomesDB/MZ333456/MZ333456:MZ333456_55 (length 78)
GenomesDB/MZ333456/MZ333456:MZ333456_56 (length 107)
GenomesDB/MZ333456/MZ333456:MZ333456_57 (length 117)
GenomesDB/MZ333456/MZ333456:MZ333456_58 (length 166)
GenomesDB/MZ333456/MZ333456:MZ333456_59 (length 66)
GenomesDB/MZ333456/MZ333456:MZ333456_60 (length 138)

DiscRep_ALL:DISC_SOURCE_QUALS_ASNDISC::strain (all present, all unique)
DiscRep_SUB:DISC_SOURCE_QUALS_ASNDISC::1 sources have unique values for strain
DiscRep_ALL:DISC_SOURCE_QUALS_ASNDISC::taxname (all present, all unique)
DiscRep_SUB:DISC_SOURCE_QUALS_ASNDISC::1 sources have unique values for taxname
DiscRep_ALL:DISC_FEATURE_COUNT::CDS: 60 present
DiscRep_ALL:DISC_FEATURE_COUNT::tRNA: 1 present
DiscRep_ALL:DISC_COUNT_NUCLEOTIDES::1 nucleotide Bioseqs are present
GenomesDB/MZ333456/MZ333456:MZ333456 (length 39221)

DiscRep_ALL:FEATURE_LOCATION_CONFLICT::61 features have inconsistent gene locations.
DiscRep_SUB:FEATURE_LOCATION_CONFLICT::Coding region xref gene does not exist
GenomesDB/MZ333456/MZ333456:CDS	unannotated protein	MZ333456:1-462	MZ333456_00001

DiscRep_SUB:FEATURE_LOCATION_CONFLICT::Coding region xref gene does not exist
GenomesDB/MZ333456/MZ333456:CDS	unannotated protein	MZ333456:437-1726	MZ333456_00002

DiscRep_SUB:FEATURE_LOCATION_CONFLICT::Coding region xref gene does not exist
GenomesDB/MZ333456/MZ333456:CDS	unannotated protein	MZ333456:1739-3214	MZ333456_00003

DiscRep_SUB:FEATURE_LOCATION_CONFLICT::Coding region xref gene does not exist
GenomesDB/MZ333456/MZ333456:CDS	unannotated protein	MZ333456:3189-4973	MZ333456_00004

DiscRep_SUB:FEATURE_LOCATION_CONFLICT::Coding region xref gene does not exist
GenomesDB/MZ333456/MZ333456:CDS	unannotated protein	MZ333456:4974-5204	MZ333456_00005

DiscRep_SUB:FEATURE_LOCATION_CONFLICT::Coding region xref gene does not exist
GenomesDB/MZ333456/MZ333456:CDS	unannotated protein	MZ333456:5261-5581	MZ333456_00006

DiscRep_SUB:FEATURE_LOCATION_CONFLICT::Coding region xref gene does not exist
GenomesDB/MZ333456/MZ333456:CDS	unannotated protein	MZ333456:5586-5912	MZ333456_00007

DiscRep_SUB:FEATURE_LOCATION_CONFLICT::Coding region xref gene does not exist
GenomesDB/MZ333456/MZ333456:CDS	unannotated protein	MZ333456:6053-6679	MZ333456_00008

DiscRep_SUB:FEATURE_LOCATION_CONFLICT::Coding region xref gene does not exist
GenomesDB/MZ333456/MZ333456:CDS	unannotated protein	MZ333456:6693-7595	MZ333456_00009

DiscRep_SUB:FEATURE_LOCATION_CONFLICT::Coding region xref gene does not exist
GenomesDB/MZ333456/MZ333456:CDS	unannotated protein	MZ333456:7619-7855	MZ333456_00010

DiscRep_SUB:FEATURE_LOCATION_CONFLICT::Coding region xref gene does not exist
GenomesDB/MZ333456/MZ333456:CDS	unannotated protein	MZ333456:7864-8208	MZ333456_00011

DiscRep_SUB:FEATURE_LOCATION_CONFLICT::Coding region xref gene does not exist
GenomesDB/MZ333456/MZ333456:CDS	unannotated protein	MZ333456:8229-8582	MZ333456_00012

DiscRep_SUB:FEATURE_LOCATION_CONFLICT::Coding region xref gene does not exist
GenomesDB/MZ333456/MZ333456:CDS	unannotated protein	MZ333456:8575-8973	MZ333456_00013

DiscRep_SUB:FEATURE_LOCATION_CONFLICT::Coding region xref gene does not exist
GenomesDB/MZ333456/MZ333456:CDS	unannotated protein	MZ333456:8977-9351	MZ333456_00014

DiscRep_SUB:FEATURE_LOCATION_CONFLICT::Coding region xref gene does not exist
GenomesDB/MZ333456/MZ333456:CDS	unannotated protein	MZ333456:9352-10194	MZ333456_00015

DiscRep_SUB:FEATURE_LOCATION_CONFLICT::Coding region xref gene does not exist
GenomesDB/MZ333456/MZ333456:CDS	unannotated protein	MZ333456:10194-10598	MZ333456_00016

DiscRep_SUB:FEATURE_LOCATION_CONFLICT::Coding region xref gene does not exist
GenomesDB/MZ333456/MZ333456:CDS	unannotated protein	MZ333456:10820-13744	MZ333456_00017

DiscRep_SUB:FEATURE_LOCATION_CONFLICT::Coding region xref gene does not exist
GenomesDB/MZ333456/MZ333456:CDS	unannotated protein	MZ333456:13734-14468	MZ333456_00018

DiscRep_SUB:FEATURE_LOCATION_CONFLICT::Coding region xref gene does not exist
GenomesDB/MZ333456/MZ333456:CDS	unannotated protein	MZ333456:14465-16939	MZ333456_00019

DiscRep_SUB:FEATURE_LOCATION_CONFLICT::Coding region xref gene does not exist
GenomesDB/MZ333456/MZ333456:CDS	unannotated protein	MZ333456:16981-17385	MZ333456_00020

DiscRep_SUB:FEATURE_LOCATION_CONFLICT::Coding region xref gene does not exist
GenomesDB/MZ333456/MZ333456:CDS	unannotated protein	MZ333456:17404-18312	MZ333456_00021

DiscRep_SUB:FEATURE_LOCATION_CONFLICT::Coding region xref gene does not exist
GenomesDB/MZ333456/MZ333456:CDS	unannotated protein	MZ333456:18305-18622	MZ333456_00022

DiscRep_SUB:FEATURE_LOCATION_CONFLICT::Coding region xref gene does not exist
GenomesDB/MZ333456/MZ333456:CDS	unannotated protein	MZ333456:18615-18932	MZ333456_00023

DiscRep_SUB:FEATURE_LOCATION_CONFLICT::Coding region xref gene does not exist
GenomesDB/MZ333456/MZ333456:CDS	unannotated protein	MZ333456:18932-19483	MZ333456_00024

DiscRep_SUB:FEATURE_LOCATION_CONFLICT::Coding region xref gene does not exist
GenomesDB/MZ333456/MZ333456:CDS	unannotated protein	MZ333456:19498-19872	MZ333456_00025

DiscRep_SUB:FEATURE_LOCATION_CONFLICT::Coding region xref gene does not exist
GenomesDB/MZ333456/MZ333456:CDS	unannotated protein	MZ333456:19872-20009	MZ333456_00026

DiscRep_SUB:FEATURE_LOCATION_CONFLICT::Coding region xref gene does not exist
GenomesDB/MZ333456/MZ333456:CDS	unannotated protein	MZ333456:20044-20277	MZ333456_00027

DiscRep_SUB:FEATURE_LOCATION_CONFLICT::Coding region xref gene does not exist
GenomesDB/MZ333456/MZ333456:CDS	unannotated protein	MZ333456:20280-20483	MZ333456_00028

DiscRep_SUB:FEATURE_LOCATION_CONFLICT::Coding region xref gene does not exist
GenomesDB/MZ333456/MZ333456:CDS	unannotated protein	MZ333456:20488-21747	MZ333456_00029

DiscRep_SUB:FEATURE_LOCATION_CONFLICT::Coding region xref gene does not exist
GenomesDB/MZ333456/MZ333456:CDS	unannotated protein	MZ333456:21910-23280	MZ333456_00030

DiscRep_SUB:FEATURE_LOCATION_CONFLICT::Coding region xref gene does not exist
GenomesDB/MZ333456/MZ333456:CDS	unannotated protein	MZ333456:c24780-23617	MZ333456_00031

DiscRep_SUB:FEATURE_LOCATION_CONFLICT::Coding region xref gene does not exist
GenomesDB/MZ333456/MZ333456:CDS	unannotated protein	MZ333456:c25022-24783	MZ333456_00032

DiscRep_SUB:FEATURE_LOCATION_CONFLICT::Coding region xref gene does not exist
GenomesDB/MZ333456/MZ333456:CDS	unannotated protein	MZ333456:c25263-25024	MZ333456_00033

DiscRep_SUB:FEATURE_LOCATION_CONFLICT::Coding region xref gene does not exist
GenomesDB/MZ333456/MZ333456:CDS	unannotated protein	MZ333456:c25755-25327	MZ333456_00034

DiscRep_SUB:FEATURE_LOCATION_CONFLICT::Coding region xref gene does not exist
GenomesDB/MZ333456/MZ333456:CDS	unannotated protein	MZ333456:c26183-25770	MZ333456_00035

DiscRep_SUB:FEATURE_LOCATION_CONFLICT::Coding region xref gene does not exist
GenomesDB/MZ333456/MZ333456:CDS	unannotated protein	MZ333456:26415-26624	MZ333456_00036

DiscRep_SUB:FEATURE_LOCATION_CONFLICT::Coding region xref gene does not exist
GenomesDB/MZ333456/MZ333456:CDS	unannotated protein	MZ333456:26628-26912	MZ333456_00037

DiscRep_SUB:FEATURE_LOCATION_CONFLICT::Coding region xref gene does not exist
GenomesDB/MZ333456/MZ333456:CDS	unannotated protein	MZ333456:26928-27626	MZ333456_00038

DiscRep_SUB:FEATURE_LOCATION_CONFLICT::Coding region xref gene does not exist
GenomesDB/MZ333456/MZ333456:CDS	unannotated protein	MZ333456:27639-27812	MZ333456_00039

DiscRep_SUB:FEATURE_LOCATION_CONFLICT::Coding region xref gene does not exist
GenomesDB/MZ333456/MZ333456:CDS	unannotated protein	MZ333456:27920-28075	MZ333456_00040

DiscRep_SUB:FEATURE_LOCATION_CONFLICT::Coding region xref gene does not exist
GenomesDB/MZ333456/MZ333456:CDS	unannotated protein	MZ333456:28131-28550	MZ333456_00041

DiscRep_SUB:FEATURE_LOCATION_CONFLICT::Coding region xref gene does not exist
GenomesDB/MZ333456/MZ333456:CDS	unannotated protein	MZ333456:28534-28770	MZ333456_00042

DiscRep_SUB:FEATURE_LOCATION_CONFLICT::Coding region xref gene does not exist
GenomesDB/MZ333456/MZ333456:CDS	unannotated protein	MZ333456:28771-29457	MZ333456_00043

DiscRep_SUB:FEATURE_LOCATION_CONFLICT::Coding region xref gene does not exist
GenomesDB/MZ333456/MZ333456:CDS	unannotated protein	MZ333456:29470-30363	MZ333456_00044

DiscRep_SUB:FEATURE_LOCATION_CONFLICT::Coding region xref gene does not exist
GenomesDB/MZ333456/MZ333456:CDS	unannotated protein	MZ333456:30360-31040	MZ333456_00045

DiscRep_SUB:FEATURE_LOCATION_CONFLICT::Coding region xref gene does not exist
GenomesDB/MZ333456/MZ333456:CDS	unannotated protein	MZ333456:31044-31997	MZ333456_00046

DiscRep_SUB:FEATURE_LOCATION_CONFLICT::Coding region xref gene does not exist
GenomesDB/MZ333456/MZ333456:CDS	unannotated protein	MZ333456:31994-32296	MZ333456_00047

DiscRep_SUB:FEATURE_LOCATION_CONFLICT::Coding region xref gene does not exist
GenomesDB/MZ333456/MZ333456:CDS	unannotated protein	MZ333456:32318-32842	MZ333456_00048

DiscRep_SUB:FEATURE_LOCATION_CONFLICT::Coding region xref gene does not exist
GenomesDB/MZ333456/MZ333456:CDS	unannotated protein	MZ333456:32968-33195	MZ333456_00049

DiscRep_SUB:FEATURE_LOCATION_CONFLICT::Coding region xref gene does not exist
GenomesDB/MZ333456/MZ333456:CDS	unannotated protein	MZ333456:33252-34112	MZ333456_00050

DiscRep_SUB:FEATURE_LOCATION_CONFLICT::Coding region xref gene does not exist
GenomesDB/MZ333456/MZ333456:CDS	unannotated protein	MZ333456:34170-34919	MZ333456_00051

DiscRep_SUB:FEATURE_LOCATION_CONFLICT::Coding region xref gene does not exist
GenomesDB/MZ333456/MZ333456:CDS	unannotated protein	MZ333456:35047-35292	MZ333456_00052

DiscRep_SUB:FEATURE_LOCATION_CONFLICT::Coding region xref gene does not exist
GenomesDB/MZ333456/MZ333456:CDS	unannotated protein	MZ333456:35329-35679	MZ333456_00053

DiscRep_SUB:FEATURE_LOCATION_CONFLICT::Coding region xref gene does not exist
GenomesDB/MZ333456/MZ333456:CDS	unannotated protein	MZ333456:35679-35921	MZ333456_00054

DiscRep_SUB:FEATURE_LOCATION_CONFLICT::Coding region xref gene does not exist
GenomesDB/MZ333456/MZ333456:CDS	unannotated protein	MZ333456:35918-36154	MZ333456_00055

DiscRep_SUB:FEATURE_LOCATION_CONFLICT::Coding region xref gene does not exist
GenomesDB/MZ333456/MZ333456:CDS	unannotated protein	MZ333456:36160-36483	MZ333456_00056

DiscRep_SUB:FEATURE_LOCATION_CONFLICT::Coding region xref gene does not exist
GenomesDB/MZ333456/MZ333456:CDS	unannotated protein	MZ333456:36480-36833	MZ333456_00057

DiscRep_SUB:FEATURE_LOCATION_CONFLICT::Coding region xref gene does not exist
GenomesDB/MZ333456/MZ333456:CDS	unannotated protein	MZ333456:36830-37330	MZ333456_00058

DiscRep_SUB:FEATURE_LOCATION_CONFLICT::Coding region xref gene does not exist
GenomesDB/MZ333456/MZ333456:CDS	unannotated protein	MZ333456:37513-37713	MZ333456_00059

DiscRep_SUB:FEATURE_LOCATION_CONFLICT::Coding region xref gene does not exist
GenomesDB/MZ333456/MZ333456:CDS	unannotated protein	MZ333456:37858-38274	MZ333456_00060

DiscRep_SUB:FEATURE_LOCATION_CONFLICT::RNA feature xref gene does not exist
GenomesDB/MZ333456/MZ333456:tRNA	Arg	MZ333456:39028-39100	MZ333456_00061

DiscRep_ALL:OVERLAPPING_CDS::29 coding regions overlap another coding region with a similar or identical name.
DiscRep_SUB:OVERLAPPING_CDS::29 coding regions overlap another coding region with a similar or identical name that do not have the appropriate note text
GenomesDB/MZ333456/MZ333456:CDS	unannotated protein	MZ333456:1-462	MZ333456_00001
GenomesDB/MZ333456/MZ333456:CDS	unannotated protein	MZ333456:437-1726	MZ333456_00002
GenomesDB/MZ333456/MZ333456:CDS	unannotated protein	MZ333456:1739-3214	MZ333456_00003
GenomesDB/MZ333456/MZ333456:CDS	unannotated protein	MZ333456:3189-4973	MZ333456_00004
GenomesDB/MZ333456/MZ333456:CDS	unannotated protein	MZ333456:8229-8582	MZ333456_00012
GenomesDB/MZ333456/MZ333456:CDS	unannotated protein	MZ333456:8575-8973	MZ333456_00013
GenomesDB/MZ333456/MZ333456:CDS	unannotated protein	MZ333456:9352-10194	MZ333456_00015
GenomesDB/MZ333456/MZ333456:CDS	unannotated protein	MZ333456:10194-10598	MZ333456_00016
GenomesDB/MZ333456/MZ333456:CDS	unannotated protein	MZ333456:10820-13744	MZ333456_00017
GenomesDB/MZ333456/MZ333456:CDS	unannotated protein	MZ333456:13734-14468	MZ333456_00018
GenomesDB/MZ333456/MZ333456:CDS	unannotated protein	MZ333456:14465-16939	MZ333456_00019
GenomesDB/MZ333456/MZ333456:CDS	unannotated protein	MZ333456:17404-18312	MZ333456_00021
GenomesDB/MZ333456/MZ333456:CDS	unannotated protein	MZ333456:18305-18622	MZ333456_00022
GenomesDB/MZ333456/MZ333456:CDS	unannotated protein	MZ333456:18615-18932	MZ333456_00023
GenomesDB/MZ333456/MZ333456:CDS	unannotated protein	MZ333456:18932-19483	MZ333456_00024
GenomesDB/MZ333456/MZ333456:CDS	unannotated protein	MZ333456:19498-19872	MZ333456_00025
GenomesDB/MZ333456/MZ333456:CDS	unannotated protein	MZ333456:19872-20009	MZ333456_00026
GenomesDB/MZ333456/MZ333456:CDS	unannotated protein	MZ333456:28131-28550	MZ333456_00041
GenomesDB/MZ333456/MZ333456:CDS	unannotated protein	MZ333456:28534-28770	MZ333456_00042
GenomesDB/MZ333456/MZ333456:CDS	unannotated protein	MZ333456:29470-30363	MZ333456_00044
GenomesDB/MZ333456/MZ333456:CDS	unannotated protein	MZ333456:30360-31040	MZ333456_00045
GenomesDB/MZ333456/MZ333456:CDS	unannotated protein	MZ333456:31044-31997	MZ333456_00046
GenomesDB/MZ333456/MZ333456:CDS	unannotated protein	MZ333456:31994-32296	MZ333456_00047
GenomesDB/MZ333456/MZ333456:CDS	unannotated protein	MZ333456:35329-35679	MZ333456_00053
GenomesDB/MZ333456/MZ333456:CDS	unannotated protein	MZ333456:35679-35921	MZ333456_00054
GenomesDB/MZ333456/MZ333456:CDS	unannotated protein	MZ333456:35918-36154	MZ333456_00055
GenomesDB/MZ333456/MZ333456:CDS	unannotated protein	MZ333456:36160-36483	MZ333456_00056
GenomesDB/MZ333456/MZ333456:CDS	unannotated protein	MZ333456:36480-36833	MZ333456_00057
GenomesDB/MZ333456/MZ333456:CDS	unannotated protein	MZ333456:36830-37330	MZ333456_00058

DiscRep_ALL:DISC_QUALITY_SCORES::Quality scores are missing on all sequences.

DiscRep_ALL:ONCALLER_COMMENT_PRESENT::1 comment descriptors were found (all same)
GenomesDB/MZ333456/MZ333456:MZ333456:Annotated using prokka 1.14.6 from https://github.com/tseemann/prokka

DiscRep_ALL:SHORT_PROT_SEQUENCES::1 protein sequences are shorter than 50 aa.
GenomesDB/MZ333456/MZ333456:MZ333456_26 (length 45)

DiscRep_ALL:MISSING_GENOMEASSEMBLY_COMMENTS::1 bioseqs are missing GenomeAssembly structured comments
GenomesDB/MZ333456/MZ333456:MZ333456 (length 39221)

DiscRep_ALL:MOLTYPE_NOT_MRNA::1 molecule types are not set as mRNA.
GenomesDB/MZ333456/MZ333456:MZ333456 (length 39221)

DiscRep_ALL:TECHNIQUE_NOT_TSA::1 technique are not set as TSA
GenomesDB/MZ333456/MZ333456:MZ333456 (length 39221)

DiscRep_ALL:MISSING_STRUCTURED_COMMENT::1 sequences do not include structured comments.
GenomesDB/MZ333456/MZ333456:MZ333456 (length 39221)

DiscRep_ALL:MISSING_PROJECT::61 sequences do not include project.
GenomesDB/MZ333456/MZ333456:MZ333456 (length 39221)
GenomesDB/MZ333456/MZ333456:MZ333456_1 (length 153)
GenomesDB/MZ333456/MZ333456:MZ333456_2 (length 429)
GenomesDB/MZ333456/MZ333456:MZ333456_3 (length 491)
GenomesDB/MZ333456/MZ333456:MZ333456_4 (length 594)
GenomesDB/MZ333456/MZ333456:MZ333456_5 (length 76)
GenomesDB/MZ333456/MZ333456:MZ333456_6 (length 106)
GenomesDB/MZ333456/MZ333456:MZ333456_7 (length 108)
GenomesDB/MZ333456/MZ333456:MZ333456_8 (length 208)
GenomesDB/MZ333456/MZ333456:MZ333456_9 (length 300)
GenomesDB/MZ333456/MZ333456:MZ333456_10 (length 78)
GenomesDB/MZ333456/MZ333456:MZ333456_11 (length 114)
GenomesDB/MZ333456/MZ333456:MZ333456_12 (length 117)
GenomesDB/MZ333456/MZ333456:MZ333456_13 (length 132)
GenomesDB/MZ333456/MZ333456:MZ333456_14 (length 124)
GenomesDB/MZ333456/MZ333456:MZ333456_15 (length 280)
GenomesDB/MZ333456/MZ333456:MZ333456_16 (length 134)
GenomesDB/MZ333456/MZ333456:MZ333456_17 (length 974)
GenomesDB/MZ333456/MZ333456:MZ333456_18 (length 244)
GenomesDB/MZ333456/MZ333456:MZ333456_19 (length 824)
GenomesDB/MZ333456/MZ333456:MZ333456_20 (length 134)
GenomesDB/MZ333456/MZ333456:MZ333456_21 (length 302)
GenomesDB/MZ333456/MZ333456:MZ333456_22 (length 105)
GenomesDB/MZ333456/MZ333456:MZ333456_23 (length 105)
GenomesDB/MZ333456/MZ333456:MZ333456_24 (length 183)
GenomesDB/MZ333456/MZ333456:MZ333456_25 (length 124)
GenomesDB/MZ333456/MZ333456:MZ333456_26 (length 45)
GenomesDB/MZ333456/MZ333456:MZ333456_27 (length 77)
GenomesDB/MZ333456/MZ333456:MZ333456_28 (length 67)
GenomesDB/MZ333456/MZ333456:MZ333456_29 (length 419)
GenomesDB/MZ333456/MZ333456:MZ333456_30 (length 456)
GenomesDB/MZ333456/MZ333456:MZ333456_31 (length 387)
GenomesDB/MZ333456/MZ333456:MZ333456_32 (length 79)
GenomesDB/MZ333456/MZ333456:MZ333456_33 (length 79)
GenomesDB/MZ333456/MZ333456:MZ333456_34 (length 142)
GenomesDB/MZ333456/MZ333456:MZ333456_35 (length 137)
GenomesDB/MZ333456/MZ333456:MZ333456_36 (length 69)
GenomesDB/MZ333456/MZ333456:MZ333456_37 (length 94)
GenomesDB/MZ333456/MZ333456:MZ333456_38 (length 232)
GenomesDB/MZ333456/MZ333456:MZ333456_39 (length 57)
GenomesDB/MZ333456/MZ333456:MZ333456_40 (length 51)
GenomesDB/MZ333456/MZ333456:MZ333456_41 (length 139)
GenomesDB/MZ333456/MZ333456:MZ333456_42 (length 78)
GenomesDB/MZ333456/MZ333456:MZ333456_43 (length 228)
GenomesDB/MZ333456/MZ333456:MZ333456_44 (length 297)
GenomesDB/MZ333456/MZ333456:MZ333456_45 (length 226)
GenomesDB/MZ333456/MZ333456:MZ333456_46 (length 317)
GenomesDB/MZ333456/MZ333456:MZ333456_47 (length 100)
GenomesDB/MZ333456/MZ333456:MZ333456_48 (length 174)
GenomesDB/MZ333456/MZ333456:MZ333456_49 (length 75)
GenomesDB/MZ333456/MZ333456:MZ333456_50 (length 286)
GenomesDB/MZ333456/MZ333456:MZ333456_51 (length 249)
GenomesDB/MZ333456/MZ333456:MZ333456_52 (length 81)
GenomesDB/MZ333456/MZ333456:MZ333456_53 (length 116)
GenomesDB/MZ333456/MZ333456:MZ333456_54 (length 80)
GenomesDB/MZ333456/MZ333456:MZ333456_55 (length 78)
GenomesDB/MZ333456/MZ333456:MZ333456_56 (length 107)
GenomesDB/MZ333456/MZ333456:MZ333456_57 (length 117)
GenomesDB/MZ333456/MZ333456:MZ333456_58 (length 166)
GenomesDB/MZ333456/MZ333456:MZ333456_59 (length 66)
GenomesDB/MZ333456/MZ333456:MZ333456_60 (length 138)

DiscRep_ALL:DISC_INCONSISTENT_MOLINFO_TECH::Molinfo Technique Report (some missing, all same)
DiscRep_SUB:DISC_INCONSISTENT_MOLINFO_TECH::technique (all missing)
DiscRep_SUB:DISC_INCONSISTENT_MOLINFO_TECH::1 Molinfos are missing field technique
GenomesDB/MZ333456/MZ333456:MZ333456 (length 39221)

