[15:16:29] This is prokka 1.14.6
[15:16:29] Written by Torsten Seemann <torsten.seemann@gmail.com>
[15:16:29] Homepage is https://github.com/tseemann/prokka
[15:16:29] Local time is Fri Dec 15 15:16:29 2023
[15:16:29] You are lmerk
[15:16:29] Operating system is linux
[15:16:29] You have BioPerl 1.006923
[15:16:29] System has 36 cores.
[15:16:29] Will use maximum of 20 cores.
[15:16:29] Annotating as >>> Bacteria <<<
[15:16:29] Creating new output folder: GenomesDB/EU982300
[15:16:29] Running: mkdir -p GenomesDB\/EU982300
[15:16:29] Using filename prefix: EU982300.XXX
[15:16:29] Setting HMMER_NCPU=1
[15:16:29] Writing log to: GenomesDB/EU982300/EU982300.log
[15:16:29] Command: /n/home07/lmerk/.conda/envs/defensefinder/bin/prokka --noanno --outdir GenomesDB/EU982300 --prefix EU982300 --locustag EU982300 GenomesDB/EU982300.fasta --cpus 20
[15:16:29] Appending to PATH: /n/home07/lmerk/.conda/envs/defensefinder/bin
[15:16:29] Looking for 'aragorn' - found /n/home07/lmerk/.conda/envs/defensefinder/bin/aragorn
[15:16:29] Determined aragorn version is 001002 from 'ARAGORN v1.2.41 Dean Laslett'
[15:16:29] Looking for 'barrnap' - found /n/home07/lmerk/.conda/envs/defensefinder/bin/barrnap
[15:16:29] Determined barrnap version is 000009 from 'barrnap 0.9'
[15:16:29] Looking for 'blastp' - found /n/home07/lmerk/.conda/envs/defensefinder/bin/blastp
[15:16:29] Determined blastp version is 002015 from 'blastp: 2.15.0+'
[15:16:29] Looking for 'cmpress' - found /n/home07/lmerk/.conda/envs/defensefinder/bin/cmpress
[15:16:29] Determined cmpress version is 001001 from '# INFERNAL 1.1.4 (Dec 2020)'
[15:16:29] Looking for 'cmscan' - found /n/home07/lmerk/.conda/envs/defensefinder/bin/cmscan
[15:16:29] Determined cmscan version is 001001 from '# INFERNAL 1.1.4 (Dec 2020)'
[15:16:29] Looking for 'egrep' - found /usr/bin/egrep
[15:16:29] Looking for 'find' - found /usr/bin/find
[15:16:29] Looking for 'grep' - found /usr/bin/grep
[15:16:29] Looking for 'hmmpress' - found /n/home07/lmerk/.conda/envs/defensefinder/bin/hmmpress
[15:16:29] Determined hmmpress version is 003004 from '# HMMER 3.4 (Aug 2023); http://hmmer.org/'
[15:16:29] Looking for 'hmmscan' - found /n/home07/lmerk/.conda/envs/defensefinder/bin/hmmscan
[15:16:29] Determined hmmscan version is 003004 from '# HMMER 3.4 (Aug 2023); http://hmmer.org/'
[15:16:29] Looking for 'java' - found /n/home07/lmerk/.conda/envs/defensefinder/bin/java
[15:16:29] Looking for 'makeblastdb' - found /n/home07/lmerk/.conda/envs/defensefinder/bin/makeblastdb
[15:16:30] Determined makeblastdb version is 002015 from 'makeblastdb: 2.15.0+'
[15:16:30] Looking for 'minced' - found /n/home07/lmerk/.conda/envs/defensefinder/bin/minced
[15:16:30] Determined minced version is 004002 from 'minced 0.4.2'
[15:16:30] Looking for 'parallel' - found /n/home07/lmerk/.conda/envs/defensefinder/bin/parallel
[15:16:30] Determined parallel version is 20230922 from 'GNU parallel 20230922'
[15:16:30] Looking for 'prodigal' - found /n/home07/lmerk/.conda/envs/defensefinder/bin/prodigal
[15:16:30] Determined prodigal version is 002006 from 'Prodigal V2.6.3: February, 2016'
[15:16:30] Looking for 'prokka-genbank_to_fasta_db' - found /n/home07/lmerk/.conda/envs/defensefinder/bin/prokka-genbank_to_fasta_db
[15:16:30] Looking for 'sed' - found /usr/bin/sed
[15:16:30] Looking for 'tbl2asn' - found /n/home07/lmerk/.conda/envs/defensefinder/bin/tbl2asn
[15:16:30] Determined tbl2asn version is 025007 from 'tbl2asn 25.7   arguments:'
[15:16:30] Using genetic code table 11.
[15:16:30] Loading and checking input file: GenomesDB/EU982300.fasta
[15:16:30] Wrote 1 contigs totalling 22689 bp.
[15:16:30] Predicting tRNAs and tmRNAs
[15:16:30] Running: aragorn -l -gc11  -w GenomesDB\/EU982300\/EU982300\.fna
[15:16:30] Found 0 tRNAs
[15:16:30] Predicting Ribosomal RNAs
[15:16:30] Running Barrnap with 20 threads
[15:16:30] Found 0 rRNAs
[15:16:30] Skipping ncRNA search, enable with --rfam if desired.
[15:16:30] Total of 0 tRNA + rRNA features
[15:16:30] Searching for CRISPR repeats
[15:16:30] Found 0 CRISPRs
[15:16:30] Predicting coding sequences
[15:16:30] Contigs total 22689 bp, so using meta mode
[15:16:30] Running: prodigal -i GenomesDB\/EU982300\/EU982300\.fna -c -m -g 11 -p meta -f sco -q
[15:16:31] Found 29 CDS
[15:16:31] Connecting features back to sequences
[15:16:31] Not using genus-specific database. Try --usegenus to enable it.
[15:16:31] Option --noanno enabled, so skipping CDS similarity searches
[15:16:31] Labelling remaining 29 proteins as 'unannotated protein'
[15:16:31] Found 0 unique /gene codes.
[15:16:31] Fixed 0 colliding /gene names.
[15:16:31] Adding /locus_tag identifiers
[15:16:31] Assigned 29 locus_tags to CDS and RNA features.
[15:16:31] Writing outputs to GenomesDB/EU982300/
[15:16:31] Generating annotation statistics file
[15:16:31] Generating Genbank and Sequin files
[15:16:31] Running: tbl2asn -V b -a r10k -l paired-ends -M n -N 1 -y 'Annotated using prokka 1.14.6 from https://github.com/tseemann/prokka' -Z GenomesDB\/EU982300\/EU982300\.err -i GenomesDB\/EU982300\/EU982300\.fsa 2> /dev/null
[15:16:31] Deleting unwanted file: GenomesDB/EU982300/errorsummary.val
[15:16:31] Deleting unwanted file: GenomesDB/EU982300/EU982300.dr
[15:16:31] Deleting unwanted file: GenomesDB/EU982300/EU982300.fixedproducts
[15:16:31] Deleting unwanted file: GenomesDB/EU982300/EU982300.ecn
[15:16:31] Deleting unwanted file: GenomesDB/EU982300/EU982300.val
[15:16:31] Repairing broken .GBK output that tbl2asn produces...
[15:16:31] Running: sed 's/COORDINATES: profile/COORDINATES:profile/' < GenomesDB\/EU982300\/EU982300\.gbf > GenomesDB\/EU982300\/EU982300\.gbk
[15:16:31] Deleting unwanted file: GenomesDB/EU982300/EU982300.gbf
[15:16:31] Output files:
[15:16:31] GenomesDB/EU982300/EU982300.log
[15:16:31] GenomesDB/EU982300/EU982300.fna
[15:16:31] GenomesDB/EU982300/EU982300.faa
[15:16:31] GenomesDB/EU982300/EU982300.tsv
[15:16:31] GenomesDB/EU982300/EU982300.err
[15:16:31] GenomesDB/EU982300/EU982300.sqn
[15:16:31] GenomesDB/EU982300/EU982300.tbl
[15:16:31] GenomesDB/EU982300/EU982300.ffn
[15:16:31] GenomesDB/EU982300/EU982300.fsa
[15:16:31] GenomesDB/EU982300/EU982300.txt
[15:16:31] GenomesDB/EU982300/EU982300.gff
[15:16:31] GenomesDB/EU982300/EU982300.gbk
[15:16:31] Annotation finished successfully.
[15:16:31] Walltime used: 0.03 minutes
[15:16:31] If you use this result please cite the Prokka paper:
[15:16:31] Seemann T (2014) Prokka: rapid prokaryotic genome annotation. Bioinformatics. 30(14):2068-9.
[15:16:31] Type 'prokka --citation' for more details.
[15:16:31] Thank you, come again.
