Discrepancy Report Results

Summary
FATAL: MISSING_PROTEIN_ID:29 proteins have invalid IDs.
DISC_SOURCE_QUALS_ASNDISC:strain (all present, all unique)
DISC_SOURCE_QUALS_ASNDISC:taxname (all present, all unique)
DISC_FEATURE_COUNT:CDS: 29 present
DISC_COUNT_NUCLEOTIDES:1 nucleotide Bioseqs are present
FEATURE_LOCATION_CONFLICT:29 features have inconsistent gene locations.
OVERLAPPING_CDS:15 coding regions overlap another coding region with a similar or identical name.
DISC_QUALITY_SCORES:Quality scores are missing on all sequences.
ONCALLER_COMMENT_PRESENT:1 comment descriptors were found (all same)
SHORT_PROT_SEQUENCES:1 protein sequences are shorter than 50 aa.
MISSING_GENOMEASSEMBLY_COMMENTS:1 bioseqs are missing GenomeAssembly structured comments
MOLTYPE_NOT_MRNA:1 molecule types are not set as mRNA.
TECHNIQUE_NOT_TSA:1 technique are not set as TSA
MISSING_STRUCTURED_COMMENT:1 sequences do not include structured comments.
MISSING_PROJECT:30 sequences do not include project.
DISC_INCONSISTENT_MOLINFO_TECH:Molinfo Technique Report (some missing, all same)


Detailed Report

FATAL: DiscRep_ALL:MISSING_PROTEIN_ID::29 proteins have invalid IDs.
GenomesDB/EU982300/EU982300:EU982300_1 (length 117)
GenomesDB/EU982300/EU982300:EU982300_2 (length 250)
GenomesDB/EU982300/EU982300:EU982300_3 (length 60)
GenomesDB/EU982300/EU982300:EU982300_4 (length 214)
GenomesDB/EU982300/EU982300:EU982300_5 (length 116)
GenomesDB/EU982300/EU982300:EU982300_6 (length 271)
GenomesDB/EU982300/EU982300:EU982300_7 (length 142)
GenomesDB/EU982300/EU982300:EU982300_8 (length 33)
GenomesDB/EU982300/EU982300:EU982300_9 (length 194)
GenomesDB/EU982300/EU982300:EU982300_10 (length 60)
GenomesDB/EU982300/EU982300:EU982300_11 (length 498)
GenomesDB/EU982300/EU982300:EU982300_12 (length 115)
GenomesDB/EU982300/EU982300:EU982300_13 (length 98)
GenomesDB/EU982300/EU982300:EU982300_14 (length 524)
GenomesDB/EU982300/EU982300:EU982300_15 (length 412)
GenomesDB/EU982300/EU982300:EU982300_16 (length 346)
GenomesDB/EU982300/EU982300:EU982300_17 (length 169)
GenomesDB/EU982300/EU982300:EU982300_18 (length 132)
GenomesDB/EU982300/EU982300:EU982300_19 (length 346)
GenomesDB/EU982300/EU982300:EU982300_20 (length 199)
GenomesDB/EU982300/EU982300:EU982300_21 (length 384)
GenomesDB/EU982300/EU982300:EU982300_22 (length 169)
GenomesDB/EU982300/EU982300:EU982300_23 (length 364)
GenomesDB/EU982300/EU982300:EU982300_24 (length 186)
GenomesDB/EU982300/EU982300:EU982300_25 (length 303)
GenomesDB/EU982300/EU982300:EU982300_26 (length 143)
GenomesDB/EU982300/EU982300:EU982300_27 (length 187)
GenomesDB/EU982300/EU982300:EU982300_28 (length 178)
GenomesDB/EU982300/EU982300:EU982300_29 (length 166)

DiscRep_ALL:DISC_SOURCE_QUALS_ASNDISC::strain (all present, all unique)
DiscRep_SUB:DISC_SOURCE_QUALS_ASNDISC::1 sources have unique values for strain
DiscRep_ALL:DISC_SOURCE_QUALS_ASNDISC::taxname (all present, all unique)
DiscRep_SUB:DISC_SOURCE_QUALS_ASNDISC::1 sources have unique values for taxname
DiscRep_ALL:DISC_FEATURE_COUNT::CDS: 29 present
DiscRep_ALL:DISC_COUNT_NUCLEOTIDES::1 nucleotide Bioseqs are present
GenomesDB/EU982300/EU982300:EU982300 (length 22689)

DiscRep_ALL:FEATURE_LOCATION_CONFLICT::29 features have inconsistent gene locations.
DiscRep_SUB:FEATURE_LOCATION_CONFLICT::Coding region xref gene does not exist
GenomesDB/EU982300/EU982300:CDS	unannotated protein	EU982300:c405-52	EU982300_00001

DiscRep_SUB:FEATURE_LOCATION_CONFLICT::Coding region xref gene does not exist
GenomesDB/EU982300/EU982300:CDS	unannotated protein	EU982300:957-1709	EU982300_00002

DiscRep_SUB:FEATURE_LOCATION_CONFLICT::Coding region xref gene does not exist
GenomesDB/EU982300/EU982300:CDS	unannotated protein	EU982300:2151-2333	EU982300_00003

DiscRep_SUB:FEATURE_LOCATION_CONFLICT::Coding region xref gene does not exist
GenomesDB/EU982300/EU982300:CDS	unannotated protein	EU982300:2354-2998	EU982300_00004

DiscRep_SUB:FEATURE_LOCATION_CONFLICT::Coding region xref gene does not exist
GenomesDB/EU982300/EU982300:CDS	unannotated protein	EU982300:3046-3396	EU982300_00005

DiscRep_SUB:FEATURE_LOCATION_CONFLICT::Coding region xref gene does not exist
GenomesDB/EU982300/EU982300:CDS	unannotated protein	EU982300:3621-4436	EU982300_00006

DiscRep_SUB:FEATURE_LOCATION_CONFLICT::Coding region xref gene does not exist
GenomesDB/EU982300/EU982300:CDS	unannotated protein	EU982300:4562-4990	EU982300_00007

DiscRep_SUB:FEATURE_LOCATION_CONFLICT::Coding region xref gene does not exist
GenomesDB/EU982300/EU982300:CDS	unannotated protein	EU982300:5914-6015	EU982300_00008

DiscRep_SUB:FEATURE_LOCATION_CONFLICT::Coding region xref gene does not exist
GenomesDB/EU982300/EU982300:CDS	unannotated protein	EU982300:6285-6869	EU982300_00009

DiscRep_SUB:FEATURE_LOCATION_CONFLICT::Coding region xref gene does not exist
GenomesDB/EU982300/EU982300:CDS	unannotated protein	EU982300:6866-7048	EU982300_00010

DiscRep_SUB:FEATURE_LOCATION_CONFLICT::Coding region xref gene does not exist
GenomesDB/EU982300/EU982300:CDS	unannotated protein	EU982300:7048-8544	EU982300_00011

DiscRep_SUB:FEATURE_LOCATION_CONFLICT::Coding region xref gene does not exist
GenomesDB/EU982300/EU982300:CDS	unannotated protein	EU982300:8611-8958	EU982300_00012

DiscRep_SUB:FEATURE_LOCATION_CONFLICT::Coding region xref gene does not exist
GenomesDB/EU982300/EU982300:CDS	unannotated protein	EU982300:8955-9251	EU982300_00013

DiscRep_SUB:FEATURE_LOCATION_CONFLICT::Coding region xref gene does not exist
GenomesDB/EU982300/EU982300:CDS	unannotated protein	EU982300:9382-10956	EU982300_00014

DiscRep_SUB:FEATURE_LOCATION_CONFLICT::Coding region xref gene does not exist
GenomesDB/EU982300/EU982300:CDS	unannotated protein	EU982300:10943-12181	EU982300_00015

DiscRep_SUB:FEATURE_LOCATION_CONFLICT::Coding region xref gene does not exist
GenomesDB/EU982300/EU982300:CDS	unannotated protein	EU982300:12185-13225	EU982300_00016

DiscRep_SUB:FEATURE_LOCATION_CONFLICT::Coding region xref gene does not exist
GenomesDB/EU982300/EU982300:CDS	unannotated protein	EU982300:13490-13999	EU982300_00017

DiscRep_SUB:FEATURE_LOCATION_CONFLICT::Coding region xref gene does not exist
GenomesDB/EU982300/EU982300:CDS	unannotated protein	EU982300:13999-14397	EU982300_00018

DiscRep_SUB:FEATURE_LOCATION_CONFLICT::Coding region xref gene does not exist
GenomesDB/EU982300/EU982300:CDS	unannotated protein	EU982300:14387-15427	EU982300_00019

DiscRep_SUB:FEATURE_LOCATION_CONFLICT::Coding region xref gene does not exist
GenomesDB/EU982300/EU982300:CDS	unannotated protein	EU982300:15415-16014	EU982300_00020

DiscRep_SUB:FEATURE_LOCATION_CONFLICT::Coding region xref gene does not exist
GenomesDB/EU982300/EU982300:CDS	unannotated protein	EU982300:16026-17180	EU982300_00021

DiscRep_SUB:FEATURE_LOCATION_CONFLICT::Coding region xref gene does not exist
GenomesDB/EU982300/EU982300:CDS	unannotated protein	EU982300:17177-17686	EU982300_00022

DiscRep_SUB:FEATURE_LOCATION_CONFLICT::Coding region xref gene does not exist
GenomesDB/EU982300/EU982300:CDS	unannotated protein	EU982300:17714-18808	EU982300_00023

DiscRep_SUB:FEATURE_LOCATION_CONFLICT::Coding region xref gene does not exist
GenomesDB/EU982300/EU982300:CDS	unannotated protein	EU982300:18816-19376	EU982300_00024

DiscRep_SUB:FEATURE_LOCATION_CONFLICT::Coding region xref gene does not exist
GenomesDB/EU982300/EU982300:CDS	unannotated protein	EU982300:19488-20399	EU982300_00025

DiscRep_SUB:FEATURE_LOCATION_CONFLICT::Coding region xref gene does not exist
GenomesDB/EU982300/EU982300:CDS	unannotated protein	EU982300:20413-20844	EU982300_00026

DiscRep_SUB:FEATURE_LOCATION_CONFLICT::Coding region xref gene does not exist
GenomesDB/EU982300/EU982300:CDS	unannotated protein	EU982300:20869-21432	EU982300_00027

DiscRep_SUB:FEATURE_LOCATION_CONFLICT::Coding region xref gene does not exist
GenomesDB/EU982300/EU982300:CDS	unannotated protein	EU982300:21414-21950	EU982300_00028

DiscRep_SUB:FEATURE_LOCATION_CONFLICT::Coding region xref gene does not exist
GenomesDB/EU982300/EU982300:CDS	unannotated protein	EU982300:22022-22522	EU982300_00029

DiscRep_ALL:OVERLAPPING_CDS::15 coding regions overlap another coding region with a similar or identical name.
DiscRep_SUB:OVERLAPPING_CDS::15 coding regions overlap another coding region with a similar or identical name that do not have the appropriate note text
GenomesDB/EU982300/EU982300:CDS	unannotated protein	EU982300:6285-6869	EU982300_00009
GenomesDB/EU982300/EU982300:CDS	unannotated protein	EU982300:6866-7048	EU982300_00010
GenomesDB/EU982300/EU982300:CDS	unannotated protein	EU982300:7048-8544	EU982300_00011
GenomesDB/EU982300/EU982300:CDS	unannotated protein	EU982300:8611-8958	EU982300_00012
GenomesDB/EU982300/EU982300:CDS	unannotated protein	EU982300:8955-9251	EU982300_00013
GenomesDB/EU982300/EU982300:CDS	unannotated protein	EU982300:9382-10956	EU982300_00014
GenomesDB/EU982300/EU982300:CDS	unannotated protein	EU982300:10943-12181	EU982300_00015
GenomesDB/EU982300/EU982300:CDS	unannotated protein	EU982300:13490-13999	EU982300_00017
GenomesDB/EU982300/EU982300:CDS	unannotated protein	EU982300:13999-14397	EU982300_00018
GenomesDB/EU982300/EU982300:CDS	unannotated protein	EU982300:14387-15427	EU982300_00019
GenomesDB/EU982300/EU982300:CDS	unannotated protein	EU982300:15415-16014	EU982300_00020
GenomesDB/EU982300/EU982300:CDS	unannotated protein	EU982300:16026-17180	EU982300_00021
GenomesDB/EU982300/EU982300:CDS	unannotated protein	EU982300:17177-17686	EU982300_00022
GenomesDB/EU982300/EU982300:CDS	unannotated protein	EU982300:20869-21432	EU982300_00027
GenomesDB/EU982300/EU982300:CDS	unannotated protein	EU982300:21414-21950	EU982300_00028

DiscRep_ALL:DISC_QUALITY_SCORES::Quality scores are missing on all sequences.

DiscRep_ALL:ONCALLER_COMMENT_PRESENT::1 comment descriptors were found (all same)
GenomesDB/EU982300/EU982300:EU982300:Annotated using prokka 1.14.6 from https://github.com/tseemann/prokka

DiscRep_ALL:SHORT_PROT_SEQUENCES::1 protein sequences are shorter than 50 aa.
GenomesDB/EU982300/EU982300:EU982300_8 (length 33)

DiscRep_ALL:MISSING_GENOMEASSEMBLY_COMMENTS::1 bioseqs are missing GenomeAssembly structured comments
GenomesDB/EU982300/EU982300:EU982300 (length 22689)

DiscRep_ALL:MOLTYPE_NOT_MRNA::1 molecule types are not set as mRNA.
GenomesDB/EU982300/EU982300:EU982300 (length 22689)

DiscRep_ALL:TECHNIQUE_NOT_TSA::1 technique are not set as TSA
GenomesDB/EU982300/EU982300:EU982300 (length 22689)

DiscRep_ALL:MISSING_STRUCTURED_COMMENT::1 sequences do not include structured comments.
GenomesDB/EU982300/EU982300:EU982300 (length 22689)

DiscRep_ALL:MISSING_PROJECT::30 sequences do not include project.
GenomesDB/EU982300/EU982300:EU982300 (length 22689)
GenomesDB/EU982300/EU982300:EU982300_1 (length 117)
GenomesDB/EU982300/EU982300:EU982300_2 (length 250)
GenomesDB/EU982300/EU982300:EU982300_3 (length 60)
GenomesDB/EU982300/EU982300:EU982300_4 (length 214)
GenomesDB/EU982300/EU982300:EU982300_5 (length 116)
GenomesDB/EU982300/EU982300:EU982300_6 (length 271)
GenomesDB/EU982300/EU982300:EU982300_7 (length 142)
GenomesDB/EU982300/EU982300:EU982300_8 (length 33)
GenomesDB/EU982300/EU982300:EU982300_9 (length 194)
GenomesDB/EU982300/EU982300:EU982300_10 (length 60)
GenomesDB/EU982300/EU982300:EU982300_11 (length 498)
GenomesDB/EU982300/EU982300:EU982300_12 (length 115)
GenomesDB/EU982300/EU982300:EU982300_13 (length 98)
GenomesDB/EU982300/EU982300:EU982300_14 (length 524)
GenomesDB/EU982300/EU982300:EU982300_15 (length 412)
GenomesDB/EU982300/EU982300:EU982300_16 (length 346)
GenomesDB/EU982300/EU982300:EU982300_17 (length 169)
GenomesDB/EU982300/EU982300:EU982300_18 (length 132)
GenomesDB/EU982300/EU982300:EU982300_19 (length 346)
GenomesDB/EU982300/EU982300:EU982300_20 (length 199)
GenomesDB/EU982300/EU982300:EU982300_21 (length 384)
GenomesDB/EU982300/EU982300:EU982300_22 (length 169)
GenomesDB/EU982300/EU982300:EU982300_23 (length 364)
GenomesDB/EU982300/EU982300:EU982300_24 (length 186)
GenomesDB/EU982300/EU982300:EU982300_25 (length 303)
GenomesDB/EU982300/EU982300:EU982300_26 (length 143)
GenomesDB/EU982300/EU982300:EU982300_27 (length 187)
GenomesDB/EU982300/EU982300:EU982300_28 (length 178)
GenomesDB/EU982300/EU982300:EU982300_29 (length 166)

DiscRep_ALL:DISC_INCONSISTENT_MOLINFO_TECH::Molinfo Technique Report (some missing, all same)
DiscRep_SUB:DISC_INCONSISTENT_MOLINFO_TECH::technique (all missing)
DiscRep_SUB:DISC_INCONSISTENT_MOLINFO_TECH::1 Molinfos are missing field technique
GenomesDB/EU982300/EU982300:EU982300 (length 22689)

