[08:29:55] This is prokka 1.14.6
[08:29:55] Written by Torsten Seemann <torsten.seemann@gmail.com>
[08:29:55] Homepage is https://github.com/tseemann/prokka
[08:29:55] Local time is Fri Dec 15 08:29:55 2023
[08:29:55] You are lmerk
[08:29:55] Operating system is linux
[08:29:55] You have BioPerl 1.006923
[08:29:55] System has 36 cores.
[08:29:55] Will use maximum of 20 cores.
[08:29:55] Annotating as >>> Bacteria <<<
[08:29:55] Creating new output folder: GenomesDB/MN091626
[08:29:55] Running: mkdir -p GenomesDB\/MN091626
[08:29:55] Using filename prefix: MN091626.XXX
[08:29:55] Setting HMMER_NCPU=1
[08:29:55] Writing log to: GenomesDB/MN091626/MN091626.log
[08:29:55] Command: /n/home07/lmerk/.conda/envs/defensefinder/bin/prokka --noanno --outdir GenomesDB/MN091626 --prefix MN091626 --locustag MN091626 GenomesDB/MN091626.fasta --cpus 20
[08:29:55] Appending to PATH: /n/home07/lmerk/.conda/envs/defensefinder/bin
[08:29:55] Looking for 'aragorn' - found /n/home07/lmerk/.conda/envs/defensefinder/bin/aragorn
[08:29:55] Determined aragorn version is 001002 from 'ARAGORN v1.2.41 Dean Laslett'
[08:29:55] Looking for 'barrnap' - found /n/home07/lmerk/.conda/envs/defensefinder/bin/barrnap
[08:29:55] Determined barrnap version is 000009 from 'barrnap 0.9'
[08:29:55] Looking for 'blastp' - found /n/home07/lmerk/.conda/envs/defensefinder/bin/blastp
[08:29:55] Determined blastp version is 002015 from 'blastp: 2.15.0+'
[08:29:55] Looking for 'cmpress' - found /n/home07/lmerk/.conda/envs/defensefinder/bin/cmpress
[08:29:55] Determined cmpress version is 001001 from '# INFERNAL 1.1.4 (Dec 2020)'
[08:29:55] Looking for 'cmscan' - found /n/home07/lmerk/.conda/envs/defensefinder/bin/cmscan
[08:29:56] Determined cmscan version is 001001 from '# INFERNAL 1.1.4 (Dec 2020)'
[08:29:56] Looking for 'egrep' - found /usr/bin/egrep
[08:29:56] Looking for 'find' - found /usr/bin/find
[08:29:56] Looking for 'grep' - found /usr/bin/grep
[08:29:56] Looking for 'hmmpress' - found /n/home07/lmerk/.conda/envs/defensefinder/bin/hmmpress
[08:29:56] Determined hmmpress version is 003004 from '# HMMER 3.4 (Aug 2023); http://hmmer.org/'
[08:29:56] Looking for 'hmmscan' - found /n/home07/lmerk/.conda/envs/defensefinder/bin/hmmscan
[08:29:56] Determined hmmscan version is 003004 from '# HMMER 3.4 (Aug 2023); http://hmmer.org/'
[08:29:56] Looking for 'java' - found /n/home07/lmerk/.conda/envs/defensefinder/bin/java
[08:29:56] Looking for 'makeblastdb' - found /n/home07/lmerk/.conda/envs/defensefinder/bin/makeblastdb
[08:29:56] Determined makeblastdb version is 002015 from 'makeblastdb: 2.15.0+'
[08:29:56] Looking for 'minced' - found /n/home07/lmerk/.conda/envs/defensefinder/bin/minced
[08:29:56] Determined minced version is 004002 from 'minced 0.4.2'
[08:29:56] Looking for 'parallel' - found /n/home07/lmerk/.conda/envs/defensefinder/bin/parallel
[08:29:56] Determined parallel version is 20230922 from 'GNU parallel 20230922'
[08:29:56] Looking for 'prodigal' - found /n/home07/lmerk/.conda/envs/defensefinder/bin/prodigal
[08:29:56] Determined prodigal version is 002006 from 'Prodigal V2.6.3: February, 2016'
[08:29:56] Looking for 'prokka-genbank_to_fasta_db' - found /n/home07/lmerk/.conda/envs/defensefinder/bin/prokka-genbank_to_fasta_db
[08:29:56] Looking for 'sed' - found /usr/bin/sed
[08:29:56] Looking for 'tbl2asn' - found /n/home07/lmerk/.conda/envs/defensefinder/bin/tbl2asn
[08:29:56] Determined tbl2asn version is 025007 from 'tbl2asn 25.7   arguments:'
[08:29:56] Using genetic code table 11.
[08:29:56] Loading and checking input file: GenomesDB/MN091626.fasta
[08:29:56] Wrote 1 contigs totalling 268748 bp.
[08:29:56] Predicting tRNAs and tmRNAs
[08:29:56] Running: aragorn -l -gc11  -w GenomesDB\/MN091626\/MN091626\.fna
[08:29:56] 1 tRNA-Asn [241265,241337] 33 (gtt)
[08:29:56] Found 1 tRNAs
[08:29:56] Predicting Ribosomal RNAs
[08:29:56] Running Barrnap with 20 threads
[08:29:57] Found 0 rRNAs
[08:29:57] Skipping ncRNA search, enable with --rfam if desired.
[08:29:57] Total of 1 tRNA + rRNA features
[08:29:57] Searching for CRISPR repeats
[08:29:57] Found 0 CRISPRs
[08:29:57] Predicting coding sequences
[08:29:57] Contigs total 268748 bp, so using single mode
[08:29:57] Running: prodigal -i GenomesDB\/MN091626\/MN091626\.fna -c -m -g 11 -p single -f sco -q
[08:29:57] Found 274 CDS
[08:29:57] Connecting features back to sequences
[08:29:57] Not using genus-specific database. Try --usegenus to enable it.
[08:29:57] Option --noanno enabled, so skipping CDS similarity searches
[08:29:57] Labelling remaining 274 proteins as 'unannotated protein'
[08:29:57] Found 0 unique /gene codes.
[08:29:57] Fixed 0 colliding /gene names.
[08:29:57] Adding /locus_tag identifiers
[08:29:57] Assigned 275 locus_tags to CDS and RNA features.
[08:29:57] Writing outputs to GenomesDB/MN091626/
[08:29:57] Generating annotation statistics file
[08:29:57] Generating Genbank and Sequin files
[08:29:57] Running: tbl2asn -V b -a r10k -l paired-ends -M n -N 1 -y 'Annotated using prokka 1.14.6 from https://github.com/tseemann/prokka' -Z GenomesDB\/MN091626\/MN091626\.err -i GenomesDB\/MN091626\/MN091626\.fsa 2> /dev/null
[08:29:58] Deleting unwanted file: GenomesDB/MN091626/errorsummary.val
[08:29:58] Deleting unwanted file: GenomesDB/MN091626/MN091626.dr
[08:29:58] Deleting unwanted file: GenomesDB/MN091626/MN091626.fixedproducts
[08:29:58] Deleting unwanted file: GenomesDB/MN091626/MN091626.ecn
[08:29:58] Deleting unwanted file: GenomesDB/MN091626/MN091626.val
[08:29:58] Repairing broken .GBK output that tbl2asn produces...
[08:29:58] Running: sed 's/COORDINATES: profile/COORDINATES:profile/' < GenomesDB\/MN091626\/MN091626\.gbf > GenomesDB\/MN091626\/MN091626\.gbk
[08:29:58] Deleting unwanted file: GenomesDB/MN091626/MN091626.gbf
[08:29:58] Output files:
[08:29:58] GenomesDB/MN091626/MN091626.fsa
[08:29:58] GenomesDB/MN091626/MN091626.err
[08:29:58] GenomesDB/MN091626/MN091626.gff
[08:29:58] GenomesDB/MN091626/MN091626.tbl
[08:29:58] GenomesDB/MN091626/MN091626.log
[08:29:58] GenomesDB/MN091626/MN091626.tsv
[08:29:58] GenomesDB/MN091626/MN091626.sqn
[08:29:58] GenomesDB/MN091626/MN091626.faa
[08:29:58] GenomesDB/MN091626/MN091626.fna
[08:29:58] GenomesDB/MN091626/MN091626.txt
[08:29:58] GenomesDB/MN091626/MN091626.ffn
[08:29:58] GenomesDB/MN091626/MN091626.gbk
[08:29:58] Annotation finished successfully.
[08:29:58] Walltime used: 0.05 minutes
[08:29:58] If you use this result please cite the Prokka paper:
[08:29:58] Seemann T (2014) Prokka: rapid prokaryotic genome annotation. Bioinformatics. 30(14):2068-9.
[08:29:58] Type 'prokka --citation' for more details.
[08:29:58] Share and enjoy!
