16:39:27.892 - INFO - UTILS - version=1.9.1
16:39:27.892 - INFO - UTILS - developer: Oliver Schwengers, github.com/oschwengers
16:39:27.892 - INFO - UTILS - command: /n/home07/lmerk/.conda/envs/bakta/bin/bakta --force --db /n/eddy_lab/users/lmerk/databases/full/db -o ../data/bakta_output/KU878088 ../data/genomes/groupII_millard/KU878088/KU878088.fna
16:39:27.892 - INFO - UTILS - local time: 2024-03-13 16:39:27
16:39:27.899 - INFO - UTILS - machine: type=x86_64, cores=64
16:39:27.899 - INFO - UTILS - system: type=Linux, release=4.18.0-425.10.1.el8_7.x86_64
16:39:27.899 - INFO - UTILS - python: version=3.10.13, implementation=CPython
16:39:27.899 - INFO - CONFIG - threads=64
16:39:27.899 - INFO - CONFIG - verbose=False
16:39:27.899 - INFO - CONFIG - debug=False
16:39:27.904 - INFO - CONFIG - database: type=parameter, path=/net/holy-nfsisilon/ifs/rc_labs/eddy_lab/users/lmerk/databases/full/db
16:39:27.905 - INFO - CONFIG - tmp-path=/tmp/tmpy3oxgmgw
16:39:27.911 - INFO - CONFIG - genome-path=/net/holy-nfsisilon/ifs/rc_labs/eddy_lab/users/lmerk/phage_groupII/data/genomes/groupII_millard/KU878088/KU878088.fna
16:39:27.912 - INFO - CONFIG - min_contig_length=1
16:39:27.912 - INFO - CONFIG - prefix=KU878088
16:39:27.912 - INFO - CONFIG - output-path=/net/holy-nfsisilon/ifs/rc_labs/eddy_lab/users/lmerk/phage_groupII/data/bakta_output/KU878088
16:39:27.912 - INFO - CONFIG - force=True
16:39:27.912 - INFO - CONFIG - genus=None
16:39:27.912 - INFO - CONFIG - species=None
16:39:27.912 - INFO - CONFIG - strain=None
16:39:27.912 - INFO - CONFIG - plasmid=None
16:39:27.912 - INFO - CONFIG - complete=False
16:39:27.912 - INFO - CONFIG - prodigal_tf=None
16:39:27.912 - INFO - CONFIG - translation_table=11
16:39:27.913 - INFO - CONFIG - gram=?
16:39:27.913 - INFO - CONFIG - compliant=False
16:39:27.913 - INFO - CONFIG - meta=False
16:39:27.913 - INFO - CONFIG - locus=None
16:39:27.913 - INFO - CONFIG - locus-tag=None
16:39:27.913 - INFO - CONFIG - keep_contig_headers=False
16:39:27.913 - INFO - CONFIG - replicon-table=None
16:39:27.913 - INFO - CONFIG - regions=None
16:39:27.913 - INFO - CONFIG - skip-tRNA=False
16:39:27.913 - INFO - CONFIG - skip-tmRNA=False
16:39:27.913 - INFO - CONFIG - skip-rRNA=False
16:39:27.913 - INFO - CONFIG - skip-ncRNA=False
16:39:27.913 - INFO - CONFIG - skip-ncRNA-region=False
16:39:27.913 - INFO - CONFIG - skip-CRISPR=False
16:39:27.913 - INFO - CONFIG - skip-CDS=False
16:39:27.914 - INFO - CONFIG - skip-pseudo=False
16:39:27.914 - INFO - CONFIG - skip-sORF=False
16:39:27.914 - INFO - CONFIG - skip-gap=False
16:39:27.914 - INFO - CONFIG - skip-ori=False
16:39:27.914 - INFO - CONFIG - skip-plot=False
16:39:27.916 - INFO - DB - detected: major=5, minor=0, type=full, date=2023-02-20
16:39:28.528 - INFO - UTILS - dependency: tool=tRNAscan-SE, version=v2.0.12, path=/n/home07/lmerk/.conda/envs/bakta/bin/tRNAscan-SE
16:39:28.535 - INFO - UTILS - dependency: tool=Aragorn, version=v1.2.41, path=/n/home07/lmerk/.conda/envs/bakta/bin/aragorn
16:39:28.543 - INFO - UTILS - dependency: tool=CMscan, version=v1.1.4, path=/n/home07/lmerk/goodies/bin/cmscan
16:39:28.560 - INFO - UTILS - dependency: tool=PilerCR, version=v1.6.0, path=/n/home07/lmerk/.conda/envs/bakta/bin/pilercr
16:39:29.749 - INFO - UTILS - dependency: tool=Pyrodigal, version=v3.2.1, path=/n/home07/lmerk/.conda/envs/bakta/bin/pyrodigal
16:39:29.764 - INFO - UTILS - dependency: tool=AMRFinderPlus, version=v3.11.26, path=/n/home07/lmerk/.conda/envs/bakta/bin/amrfinder
16:39:30.266 - INFO - UTILS - dependency: tool=Pyhmmer, version=v0.10.4, path=/n/home07/lmerk/.conda/envs/bakta/bin/python
16:39:30.286 - INFO - UTILS - dependency: tool=Diamond, version=v2.1.8, path=/n/home07/lmerk/.conda/envs/bakta/bin/diamond
16:39:30.656 - INFO - UTILS - dependency: tool=Blastn, version=v2.15.0, path=/n/home07/lmerk/.conda/envs/bakta/bin/blastn
16:39:32.885 - INFO - UTILS - dependency: tool=Circos, version=v0.69.8, path=/n/home07/lmerk/.conda/envs/bakta/bin/circos
16:39:33.041 - INFO - FASTA - imported: id=KU878088, length=251042, description=, genomic=True, dna=True
16:39:33.041 - INFO - MAIN - imported sequences=1
16:39:33.041 - INFO - UTILS - qc: revised sequence: id=contig_1, orig-id=KU878088, type=contig, complete=False, topology=linear, name=, description='[gcode=11] [topology=linear]', orig-description=''
16:39:33.041 - INFO - FASTA - write genome sequences: path=/tmp/tmpy3oxgmgw/contigs.fna, description=False, wrap=False
16:39:35.895 - INFO - T_RNA - contig=contig_1, start=208905, stop=208976, strand=+, gene=trnN, product=tRNA-Asn(gtt), score=71.2, nt=[TCCCCTTTAG..GCAGGGGGAG]
16:39:35.895 - INFO - T_RNA - predicted=1
16:39:35.971 - INFO - TM_RNA - predicted=0
16:39:36.270 - INFO - R_RNA - predicted=0
16:39:38.061 - INFO - NC_RNA - predicted=0
16:39:38.822 - INFO - NC_RNA_REGION - predicted=0
16:39:38.943 - INFO - CRISPR - predicted=0
16:39:38.944 - INFO - CDS - create prodigal training info object: meta=False, closed=True
16:39:39.058 - INFO - CDS - contig=contig_1, start=99, stop=302, strand=+, frame=3, truncated=no, start-type=ATG, RBS-motif=GGAGG
16:39:39.058 - INFO - CDS - contig=contig_1, start=409, stop=1521, strand=+, frame=1, truncated=no, start-type=TTG, RBS-motif=GGAG/GAGG
16:39:39.058 - INFO - CDS - contig=contig_1, start=1521, stop=2000, strand=+, frame=3, truncated=no, start-type=ATG, RBS-motif=GGAGG
16:39:39.058 - INFO - CDS - contig=contig_1, start=2002, stop=2550, strand=+, frame=1, truncated=no, start-type=ATG, RBS-motif=GGA/GAG/AGG
16:39:39.058 - INFO - CDS - contig=contig_1, start=2531, stop=3223, strand=+, frame=2, truncated=no, start-type=ATG, RBS-motif=GGAGG
16:39:39.058 - INFO - CDS - contig=contig_1, start=3216, stop=3485, strand=+, frame=3, truncated=no, start-type=ATG, RBS-motif=AGGA
16:39:39.059 - INFO - CDS - contig=contig_1, start=3583, stop=5268, strand=+, frame=1, truncated=no, start-type=ATG, RBS-motif=AGGAG
16:39:39.059 - INFO - CDS - contig=contig_1, start=5279, stop=5521, strand=+, frame=2, truncated=no, start-type=ATG, RBS-motif=AGGAG
16:39:39.059 - INFO - CDS - contig=contig_1, start=5499, stop=5990, strand=+, frame=3, truncated=no, start-type=ATG, RBS-motif=GGAGG
16:39:39.059 - INFO - CDS - contig=contig_1, start=6036, stop=8582, strand=-, frame=1, truncated=no, start-type=ATG, RBS-motif=GGAG/GAGG
16:39:39.059 - INFO - CDS - contig=contig_1, start=8594, stop=9166, strand=-, frame=2, truncated=no, start-type=GTG, RBS-motif=GGAGG
16:39:39.059 - INFO - CDS - contig=contig_1, start=9182, stop=11137, strand=-, frame=2, truncated=no, start-type=ATG, RBS-motif=GGAGG
16:39:39.060 - INFO - CDS - contig=contig_1, start=11242, stop=11877, strand=+, frame=1, truncated=no, start-type=ATG, RBS-motif=GGAGG
16:39:39.060 - INFO - CDS - contig=contig_1, start=11890, stop=12054, strand=+, frame=1, truncated=no, start-type=ATG, RBS-motif=AGGAG
16:39:39.060 - INFO - CDS - contig=contig_1, start=12051, stop=12500, strand=+, frame=3, truncated=no, start-type=ATG, RBS-motif=GGAG/GAGG
16:39:39.060 - INFO - CDS - contig=contig_1, start=12530, stop=13747, strand=+, frame=2, truncated=no, start-type=TTG, RBS-motif=AGGAG
16:39:39.060 - INFO - CDS - contig=contig_1, start=13795, stop=14529, strand=+, frame=1, truncated=no, start-type=ATG, RBS-motif=GGAG/GAGG
16:39:39.060 - INFO - CDS - contig=contig_1, start=14532, stop=14855, strand=+, frame=3, truncated=no, start-type=ATG, RBS-motif=AGGAG
16:39:39.060 - INFO - CDS - contig=contig_1, start=14946, stop=15164, strand=+, frame=3, truncated=no, start-type=ATG, RBS-motif=AGGA
16:39:39.060 - INFO - CDS - contig=contig_1, start=15204, stop=15848, strand=-, frame=1, truncated=no, start-type=ATG, RBS-motif=AGGAG
16:39:39.061 - INFO - CDS - contig=contig_1, start=15954, stop=16115, strand=+, frame=3, truncated=no, start-type=TTG, RBS-motif=GGA/GAG/AGG
16:39:39.061 - INFO - CDS - contig=contig_1, start=16154, stop=16876, strand=+, frame=2, truncated=no, start-type=ATG, RBS-motif=AGGAG
16:39:39.061 - INFO - CDS - contig=contig_1, start=16889, stop=17152, strand=+, frame=2, truncated=no, start-type=ATG, RBS-motif=GGAGG
16:39:39.061 - INFO - CDS - contig=contig_1, start=17375, stop=19678, strand=+, frame=2, truncated=no, start-type=ATG, RBS-motif=GGxGG
16:39:39.061 - INFO - CDS - contig=contig_1, start=19739, stop=20536, strand=+, frame=2, truncated=no, start-type=ATG, RBS-motif=GGAGG
16:39:39.061 - INFO - CDS - contig=contig_1, start=20551, stop=20901, strand=+, frame=1, truncated=no, start-type=ATG, RBS-motif=AGxAGG/AGGxGG
16:39:39.061 - INFO - CDS - contig=contig_1, start=20919, stop=21863, strand=+, frame=3, truncated=no, start-type=ATG, RBS-motif=AGGAG/GGAGG
16:39:39.062 - INFO - CDS - contig=contig_1, start=21920, stop=23137, strand=+, frame=2, truncated=no, start-type=ATG, RBS-motif=GGA/GAG/AGG
16:39:39.062 - INFO - CDS - contig=contig_1, start=23162, stop=24586, strand=+, frame=2, truncated=no, start-type=ATG, RBS-motif=GGA/GAG/AGG
16:39:39.062 - INFO - CDS - contig=contig_1, start=24579, stop=25259, strand=+, frame=3, truncated=no, start-type=ATG, RBS-motif=GGAGG
16:39:39.062 - INFO - CDS - contig=contig_1, start=25272, stop=26423, strand=+, frame=3, truncated=no, start-type=TTG, RBS-motif=GGAGG
16:39:39.062 - INFO - CDS - contig=contig_1, start=26468, stop=26914, strand=-, frame=2, truncated=no, start-type=ATG, RBS-motif=AGxAGG/AGGxGG
16:39:39.062 - INFO - CDS - contig=contig_1, start=27020, stop=27190, strand=+, frame=2, truncated=no, start-type=ATG, RBS-motif=GGAGG
16:39:39.062 - INFO - CDS - contig=contig_1, start=27207, stop=28436, strand=+, frame=3, truncated=no, start-type=ATG, RBS-motif=GGAGG
16:39:39.063 - INFO - CDS - contig=contig_1, start=28448, stop=29680, strand=+, frame=2, truncated=no, start-type=ATG, RBS-motif=AGxAGG/AGGxGG
16:39:39.063 - INFO - CDS - contig=contig_1, start=29695, stop=30840, strand=+, frame=1, truncated=no, start-type=ATG, RBS-motif=GGxGG
16:39:39.063 - INFO - CDS - contig=contig_1, start=30951, stop=31400, strand=+, frame=3, truncated=no, start-type=ATG, RBS-motif=GGAGG
16:39:39.063 - INFO - CDS - contig=contig_1, start=31418, stop=31828, strand=+, frame=2, truncated=no, start-type=ATG, RBS-motif=AGGAG
16:39:39.063 - INFO - CDS - contig=contig_1, start=31889, stop=32404, strand=+, frame=2, truncated=no, start-type=ATG, RBS-motif=GGAG/GAGG
16:39:39.063 - INFO - CDS - contig=contig_1, start=32497, stop=32763, strand=+, frame=1, truncated=no, start-type=ATG, RBS-motif=GGAG/GAGG
16:39:39.063 - INFO - CDS - contig=contig_1, start=32891, stop=33793, strand=+, frame=2, truncated=no, start-type=ATG, RBS-motif=GGA/GAG/AGG
16:39:39.063 - INFO - CDS - contig=contig_1, start=33790, stop=34692, strand=+, frame=1, truncated=no, start-type=ATG, RBS-motif=AGGAG
16:39:39.064 - INFO - CDS - contig=contig_1, start=34679, stop=35125, strand=+, frame=2, truncated=no, start-type=ATG, RBS-motif=AGxAGG/AGGxGG
16:39:39.064 - INFO - CDS - contig=contig_1, start=35273, stop=35491, strand=+, frame=2, truncated=no, start-type=ATG, RBS-motif=AGGA
16:39:39.064 - INFO - CDS - contig=contig_1, start=36303, stop=38405, strand=+, frame=3, truncated=no, start-type=GTG, RBS-motif=None
16:39:39.064 - INFO - CDS - contig=contig_1, start=38459, stop=38941, strand=+, frame=2, truncated=no, start-type=ATG, RBS-motif=AGGAG/GGAGG
16:39:39.064 - INFO - CDS - contig=contig_1, start=38974, stop=39435, strand=+, frame=1, truncated=no, start-type=ATG, RBS-motif=GGxGG
16:39:39.064 - INFO - CDS - contig=contig_1, start=39505, stop=39696, strand=+, frame=1, truncated=no, start-type=ATG, RBS-motif=GGAGG
16:39:39.064 - INFO - CDS - contig=contig_1, start=39758, stop=39946, strand=+, frame=2, truncated=no, start-type=ATG, RBS-motif=GGAG/GAGG
16:39:39.064 - INFO - CDS - contig=contig_1, start=39973, stop=40344, strand=+, frame=1, truncated=no, start-type=ATG, RBS-motif=AGGAG
16:39:39.065 - INFO - CDS - contig=contig_1, start=40371, stop=40745, strand=+, frame=3, truncated=no, start-type=ATG, RBS-motif=GGAG/GAGG
16:39:39.065 - INFO - CDS - contig=contig_1, start=40783, stop=42060, strand=-, frame=3, truncated=no, start-type=ATG, RBS-motif=AGxAGG/AGGxGG
16:39:39.065 - INFO - CDS - contig=contig_1, start=42157, stop=43317, strand=+, frame=1, truncated=no, start-type=ATG, RBS-motif=GGAG/GAGG
16:39:39.065 - INFO - CDS - contig=contig_1, start=43404, stop=43745, strand=+, frame=3, truncated=no, start-type=ATG, RBS-motif=AGGAG
16:39:39.065 - INFO - CDS - contig=contig_1, start=43758, stop=44459, strand=+, frame=3, truncated=no, start-type=TTG, RBS-motif=GGAG/GAGG
16:39:39.065 - INFO - CDS - contig=contig_1, start=44476, stop=45168, strand=+, frame=1, truncated=no, start-type=ATG, RBS-motif=GGAGG
16:39:39.065 - INFO - CDS - contig=contig_1, start=45186, stop=45872, strand=+, frame=3, truncated=no, start-type=ATG, RBS-motif=AGGAGG
16:39:39.065 - INFO - CDS - contig=contig_1, start=45947, stop=46990, strand=+, frame=2, truncated=no, start-type=ATG, RBS-motif=AGxAG
16:39:39.066 - INFO - CDS - contig=contig_1, start=47015, stop=49594, strand=+, frame=2, truncated=no, start-type=ATG, RBS-motif=GGAG/GAGG
16:39:39.066 - INFO - CDS - contig=contig_1, start=49612, stop=49887, strand=+, frame=1, truncated=no, start-type=ATG, RBS-motif=GGAGG
16:39:39.066 - INFO - CDS - contig=contig_1, start=49909, stop=50508, strand=+, frame=1, truncated=no, start-type=ATG, RBS-motif=GGAGG
16:39:39.066 - INFO - CDS - contig=contig_1, start=50523, stop=50792, strand=+, frame=3, truncated=no, start-type=ATG, RBS-motif=GGAGG
16:39:39.066 - INFO - CDS - contig=contig_1, start=50857, stop=51867, strand=+, frame=1, truncated=no, start-type=ATG, RBS-motif=AGGAG/GGAGG
16:39:39.066 - INFO - CDS - contig=contig_1, start=52171, stop=52803, strand=+, frame=1, truncated=no, start-type=ATG, RBS-motif=GGAG/GAGG
16:39:39.066 - INFO - CDS - contig=contig_1, start=52824, stop=53516, strand=+, frame=3, truncated=no, start-type=ATG, RBS-motif=AGGAG
16:39:39.067 - INFO - CDS - contig=contig_1, start=53517, stop=53726, strand=+, frame=3, truncated=no, start-type=ATG, RBS-motif=AGGA
16:39:39.067 - INFO - CDS - contig=contig_1, start=53747, stop=54373, strand=+, frame=2, truncated=no, start-type=ATG, RBS-motif=AGGAG/GGAGG
16:39:39.067 - INFO - CDS - contig=contig_1, start=54419, stop=56668, strand=-, frame=2, truncated=no, start-type=ATG, RBS-motif=GGAGG
16:39:39.067 - INFO - CDS - contig=contig_1, start=56818, stop=57567, strand=+, frame=1, truncated=no, start-type=ATG, RBS-motif=GGAG/GAGG
16:39:39.067 - INFO - CDS - contig=contig_1, start=57598, stop=58389, strand=+, frame=1, truncated=no, start-type=ATG, RBS-motif=GGA/GAG/AGG
16:39:39.067 - INFO - CDS - contig=contig_1, start=58434, stop=58709, strand=-, frame=1, truncated=no, start-type=ATG, RBS-motif=AGxAG
16:39:39.067 - INFO - CDS - contig=contig_1, start=58757, stop=58972, strand=-, frame=2, truncated=no, start-type=ATG, RBS-motif=AGGAG/GGAGG
16:39:39.067 - INFO - CDS - contig=contig_1, start=58962, stop=59162, strand=-, frame=1, truncated=no, start-type=ATG, RBS-motif=AGxAGG/AGGxGG
16:39:39.068 - INFO - CDS - contig=contig_1, start=59172, stop=59732, strand=-, frame=1, truncated=no, start-type=ATG, RBS-motif=AGGAG
16:39:39.068 - INFO - CDS - contig=contig_1, start=60040, stop=61368, strand=+, frame=1, truncated=no, start-type=ATG, RBS-motif=GGA/GAG/AGG
16:39:39.068 - INFO - CDS - contig=contig_1, start=61486, stop=61920, strand=+, frame=1, truncated=no, start-type=TTG, RBS-motif=AGxAGG/AGGxGG
16:39:39.068 - INFO - CDS - contig=contig_1, start=61967, stop=62389, strand=-, frame=2, truncated=no, start-type=ATG, RBS-motif=GGAGG
16:39:39.068 - INFO - CDS - contig=contig_1, start=62476, stop=63747, strand=+, frame=1, truncated=no, start-type=ATG, RBS-motif=GGAGG
16:39:39.068 - INFO - CDS - contig=contig_1, start=64355, stop=65179, strand=+, frame=2, truncated=no, start-type=ATG, RBS-motif=GGAGG
16:39:39.068 - INFO - CDS - contig=contig_1, start=65338, stop=65571, strand=+, frame=1, truncated=no, start-type=ATG, RBS-motif=GGA/GAG/AGG
16:39:39.068 - INFO - CDS - contig=contig_1, start=65576, stop=66580, strand=+, frame=2, truncated=no, start-type=ATG, RBS-motif=AGGA
16:39:39.068 - INFO - CDS - contig=contig_1, start=66695, stop=67645, strand=+, frame=2, truncated=no, start-type=ATG, RBS-motif=3Base/5BMM
16:39:39.068 - INFO - CDS - contig=contig_1, start=67668, stop=68069, strand=+, frame=3, truncated=no, start-type=ATG, RBS-motif=AGGAG/GGAGG
16:39:39.069 - INFO - CDS - contig=contig_1, start=68302, stop=69948, strand=+, frame=1, truncated=no, start-type=ATG, RBS-motif=GGAGG
16:39:39.069 - INFO - CDS - contig=contig_1, start=69963, stop=70295, strand=+, frame=3, truncated=no, start-type=ATG, RBS-motif=AGGAG
16:39:39.069 - INFO - CDS - contig=contig_1, start=70366, stop=70623, strand=+, frame=1, truncated=no, start-type=ATG, RBS-motif=GGA/GAG/AGG
16:39:39.069 - INFO - CDS - contig=contig_1, start=70732, stop=71997, strand=+, frame=1, truncated=no, start-type=ATG, RBS-motif=GGA/GAG/AGG
16:39:39.069 - INFO - CDS - contig=contig_1, start=72178, stop=72570, strand=+, frame=1, truncated=no, start-type=ATG, RBS-motif=GGAGG
16:39:39.069 - INFO - CDS - contig=contig_1, start=72589, stop=72735, strand=+, frame=1, truncated=no, start-type=ATG, RBS-motif=AGGAG
16:39:39.069 - INFO - CDS - contig=contig_1, start=72737, stop=73189, strand=+, frame=2, truncated=no, start-type=ATG, RBS-motif=AGGAG
16:39:39.069 - INFO - CDS - contig=contig_1, start=73219, stop=75216, strand=+, frame=1, truncated=no, start-type=ATG, RBS-motif=GGAGG
16:39:39.069 - INFO - CDS - contig=contig_1, start=75216, stop=75401, strand=+, frame=3, truncated=no, start-type=ATG, RBS-motif=GGAG/GAGG
16:39:39.069 - INFO - CDS - contig=contig_1, start=75538, stop=75945, strand=+, frame=1, truncated=no, start-type=ATG, RBS-motif=GGA/GAG/AGG
16:39:39.069 - INFO - CDS - contig=contig_1, start=76166, stop=76330, strand=+, frame=2, truncated=no, start-type=ATG, RBS-motif=GGA/GAG/AGG
16:39:39.069 - INFO - CDS - contig=contig_1, start=76333, stop=76569, strand=+, frame=1, truncated=no, start-type=ATG, RBS-motif=GGAG/GAGG
16:39:39.069 - INFO - CDS - contig=contig_1, start=76615, stop=76896, strand=+, frame=1, truncated=no, start-type=ATG, RBS-motif=GGAGG
16:39:39.070 - INFO - CDS - contig=contig_1, start=76961, stop=79006, strand=+, frame=2, truncated=no, start-type=TTG, RBS-motif=GGAGG
16:39:39.070 - INFO - CDS - contig=contig_1, start=79052, stop=79858, strand=-, frame=2, truncated=no, start-type=ATG, RBS-motif=GGAGG
16:39:39.070 - INFO - CDS - contig=contig_1, start=79958, stop=80161, strand=+, frame=2, truncated=no, start-type=ATG, RBS-motif=AGGAG
16:39:39.070 - INFO - CDS - contig=contig_1, start=80177, stop=80323, strand=+, frame=2, truncated=no, start-type=GTG, RBS-motif=AGGAG
16:39:39.070 - INFO - CDS - contig=contig_1, start=80397, stop=80933, strand=+, frame=3, truncated=no, start-type=ATG, RBS-motif=GGAGG
16:39:39.070 - INFO - CDS - contig=contig_1, start=80987, stop=81790, strand=+, frame=2, truncated=no, start-type=ATG, RBS-motif=AGGAG
16:39:39.070 - INFO - CDS - contig=contig_1, start=81803, stop=81940, strand=+, frame=2, truncated=no, start-type=TTG, RBS-motif=GGAGG
16:39:39.070 - INFO - CDS - contig=contig_1, start=81906, stop=82151, strand=+, frame=3, truncated=no, start-type=ATG, RBS-motif=GGAG/GAGG
16:39:39.070 - INFO - CDS - contig=contig_1, start=82205, stop=82501, strand=-, frame=2, truncated=no, start-type=ATG, RBS-motif=GGAGG
16:39:39.070 - INFO - CDS - contig=contig_1, start=82847, stop=83101, strand=+, frame=2, truncated=no, start-type=ATG, RBS-motif=GGAGG
16:39:39.070 - INFO - CDS - contig=contig_1, start=83356, stop=84846, strand=+, frame=1, truncated=no, start-type=GTG, RBS-motif=GGAGG
16:39:39.070 - INFO - CDS - contig=contig_1, start=84871, stop=85089, strand=+, frame=1, truncated=no, start-type=ATG, RBS-motif=GGAGG
16:39:39.071 - INFO - CDS - contig=contig_1, start=85151, stop=85546, strand=+, frame=2, truncated=no, start-type=ATG, RBS-motif=GGAG/GAGG
16:39:39.071 - INFO - CDS - contig=contig_1, start=85631, stop=85975, strand=+, frame=2, truncated=no, start-type=ATG, RBS-motif=GGAGG
16:39:39.071 - INFO - CDS - contig=contig_1, start=86043, stop=86369, strand=+, frame=3, truncated=no, start-type=ATG, RBS-motif=GGxGG
16:39:39.071 - INFO - CDS - contig=contig_1, start=86372, stop=87082, strand=+, frame=2, truncated=no, start-type=ATG, RBS-motif=AGGAG
16:39:39.071 - INFO - CDS - contig=contig_1, start=87152, stop=87448, strand=+, frame=2, truncated=no, start-type=ATG, RBS-motif=AGGAG
16:39:39.071 - INFO - CDS - contig=contig_1, start=87491, stop=88183, strand=-, frame=2, truncated=no, start-type=ATG, RBS-motif=GGAG/GAGG
16:39:39.071 - INFO - CDS - contig=contig_1, start=88250, stop=88447, strand=-, frame=2, truncated=no, start-type=ATG, RBS-motif=GGAGG
16:39:39.071 - INFO - CDS - contig=contig_1, start=88502, stop=89062, strand=-, frame=2, truncated=no, start-type=ATG, RBS-motif=GGA/GAG/AGG
16:39:39.071 - INFO - CDS - contig=contig_1, start=89381, stop=89653, strand=-, frame=2, truncated=no, start-type=ATG, RBS-motif=AGxAGG/AGGxGG
16:39:39.071 - INFO - CDS - contig=contig_1, start=89761, stop=90219, strand=+, frame=1, truncated=no, start-type=ATG, RBS-motif=GGAGG
16:39:39.071 - INFO - CDS - contig=contig_1, start=90239, stop=90880, strand=+, frame=2, truncated=no, start-type=GTG, RBS-motif=GGAG/GAGG
16:39:39.071 - INFO - CDS - contig=contig_1, start=90992, stop=92587, strand=+, frame=2, truncated=no, start-type=ATG, RBS-motif=AGGAG
16:39:39.072 - INFO - CDS - contig=contig_1, start=92654, stop=93625, strand=+, frame=2, truncated=no, start-type=ATG, RBS-motif=GGAG/GAGG
16:39:39.072 - INFO - CDS - contig=contig_1, start=93660, stop=93848, strand=-, frame=1, truncated=no, start-type=ATG, RBS-motif=GGAGG
16:39:39.072 - INFO - CDS - contig=contig_1, start=93982, stop=94695, strand=-, frame=3, truncated=no, start-type=TTG, RBS-motif=AGGAG
16:39:39.072 - INFO - CDS - contig=contig_1, start=94802, stop=95407, strand=+, frame=2, truncated=no, start-type=ATG, RBS-motif=GGAGG
16:39:39.072 - INFO - CDS - contig=contig_1, start=96789, stop=98003, strand=+, frame=3, truncated=no, start-type=ATG, RBS-motif=GGA/GAG/AGG
16:39:39.072 - INFO - CDS - contig=contig_1, start=98113, stop=98883, strand=+, frame=1, truncated=no, start-type=ATG, RBS-motif=GGAGG
16:39:39.072 - INFO - CDS - contig=contig_1, start=98904, stop=99614, strand=+, frame=3, truncated=no, start-type=ATG, RBS-motif=GGAGG
16:39:39.072 - INFO - CDS - contig=contig_1, start=99709, stop=100455, strand=+, frame=1, truncated=no, start-type=TTG, RBS-motif=AGGAG
16:39:39.072 - INFO - CDS - contig=contig_1, start=100521, stop=103484, strand=+, frame=3, truncated=no, start-type=ATG, RBS-motif=AGGAG
16:39:39.072 - INFO - CDS - contig=contig_1, start=103594, stop=104391, strand=+, frame=1, truncated=no, start-type=ATG, RBS-motif=GGA/GAG/AGG
16:39:39.072 - INFO - CDS - contig=contig_1, start=104443, stop=106638, strand=-, frame=3, truncated=no, start-type=ATG, RBS-motif=GGA/GAG/AGG
16:39:39.073 - INFO - CDS - contig=contig_1, start=106726, stop=107442, strand=-, frame=3, truncated=no, start-type=ATG, RBS-motif=AGGAG
16:39:39.073 - INFO - CDS - contig=contig_1, start=107550, stop=107786, strand=-, frame=1, truncated=no, start-type=TTG, RBS-motif=GGA/GAG/AGG
16:39:39.073 - INFO - CDS - contig=contig_1, start=107800, stop=108393, strand=-, frame=3, truncated=no, start-type=ATG, RBS-motif=GGAG/GAGG
16:39:39.073 - INFO - CDS - contig=contig_1, start=108407, stop=110071, strand=-, frame=2, truncated=no, start-type=ATG, RBS-motif=GGAGG
16:39:39.073 - INFO - CDS - contig=contig_1, start=110232, stop=110486, strand=-, frame=1, truncated=no, start-type=ATG, RBS-motif=AGGA
16:39:39.073 - INFO - CDS - contig=contig_1, start=110514, stop=110894, strand=-, frame=1, truncated=no, start-type=ATG, RBS-motif=GGAGG
16:39:39.073 - INFO - CDS - contig=contig_1, start=110899, stop=111153, strand=-, frame=3, truncated=no, start-type=ATG, RBS-motif=AGGAG
16:39:39.073 - INFO - CDS - contig=contig_1, start=111372, stop=111842, strand=-, frame=1, truncated=no, start-type=ATG, RBS-motif=AGxAGG/AGGxGG
16:39:39.073 - INFO - CDS - contig=contig_1, start=111835, stop=112335, strand=-, frame=3, truncated=no, start-type=TTG, RBS-motif=AGxAGG/AGGxGG
16:39:39.073 - INFO - CDS - contig=contig_1, start=112348, stop=115083, strand=-, frame=3, truncated=no, start-type=ATG, RBS-motif=GGAG/GAGG
16:39:39.073 - INFO - CDS - contig=contig_1, start=115107, stop=115526, strand=-, frame=1, truncated=no, start-type=ATG, RBS-motif=AGxAGG/AGGxGG
16:39:39.074 - INFO - CDS - contig=contig_1, start=115605, stop=115748, strand=-, frame=1, truncated=no, start-type=ATG, RBS-motif=GGAG/GAGG
16:39:39.074 - INFO - CDS - contig=contig_1, start=115933, stop=116619, strand=-, frame=3, truncated=no, start-type=ATG, RBS-motif=AGGAG
16:39:39.074 - INFO - CDS - contig=contig_1, start=117202, stop=117975, strand=+, frame=1, truncated=no, start-type=TTG, RBS-motif=GGAGG
16:39:39.074 - INFO - CDS - contig=contig_1, start=118020, stop=118199, strand=-, frame=1, truncated=no, start-type=ATG, RBS-motif=GGAGG
16:39:39.074 - INFO - CDS - contig=contig_1, start=118211, stop=118375, strand=-, frame=2, truncated=no, start-type=TTG, RBS-motif=GGA/GAG/AGG
16:39:39.074 - INFO - CDS - contig=contig_1, start=118698, stop=120182, strand=-, frame=1, truncated=no, start-type=ATG, RBS-motif=GGAGG
16:39:39.074 - INFO - CDS - contig=contig_1, start=120534, stop=121442, strand=-, frame=1, truncated=no, start-type=ATG, RBS-motif=GGAG/GAGG
16:39:39.074 - INFO - CDS - contig=contig_1, start=121991, stop=123163, strand=-, frame=2, truncated=no, start-type=ATG, RBS-motif=GGAGG
16:39:39.074 - INFO - CDS - contig=contig_1, start=123252, stop=123515, strand=-, frame=1, truncated=no, start-type=ATG, RBS-motif=AGGA
16:39:39.074 - INFO - CDS - contig=contig_1, start=123544, stop=124005, strand=-, frame=3, truncated=no, start-type=ATG, RBS-motif=GGA/GAG/AGG
16:39:39.074 - INFO - CDS - contig=contig_1, start=124056, stop=124277, strand=-, frame=1, truncated=no, start-type=ATG, RBS-motif=AGGAG
16:39:39.074 - INFO - CDS - contig=contig_1, start=124342, stop=125067, strand=-, frame=3, truncated=no, start-type=ATG, RBS-motif=GGAG/GAGG
16:39:39.075 - INFO - CDS - contig=contig_1, start=125147, stop=127072, strand=-, frame=2, truncated=no, start-type=TTG, RBS-motif=GGAGG
16:39:39.075 - INFO - CDS - contig=contig_1, start=127260, stop=127559, strand=+, frame=3, truncated=no, start-type=ATG, RBS-motif=AGGA/GGAG/GAGG
16:39:39.075 - INFO - CDS - contig=contig_1, start=127805, stop=129700, strand=+, frame=2, truncated=no, start-type=TTG, RBS-motif=GGAGG
16:39:39.075 - INFO - CDS - contig=contig_1, start=129823, stop=130413, strand=+, frame=1, truncated=no, start-type=ATG, RBS-motif=GGAG/GAGG
16:39:39.075 - INFO - CDS - contig=contig_1, start=130430, stop=131863, strand=+, frame=2, truncated=no, start-type=ATG, RBS-motif=AGGAG
16:39:39.075 - INFO - CDS - contig=contig_1, start=131952, stop=132842, strand=+, frame=3, truncated=no, start-type=ATG, RBS-motif=AGxAGG/AGGxGG
16:39:39.075 - INFO - CDS - contig=contig_1, start=132832, stop=133389, strand=+, frame=1, truncated=no, start-type=ATG, RBS-motif=4Base/6BMM
16:39:39.075 - INFO - CDS - contig=contig_1, start=133433, stop=133603, strand=+, frame=2, truncated=no, start-type=ATG, RBS-motif=GGAGG
16:39:39.075 - INFO - CDS - contig=contig_1, start=133600, stop=133887, strand=+, frame=1, truncated=no, start-type=ATG, RBS-motif=None
16:39:39.075 - INFO - CDS - contig=contig_1, start=133973, stop=134998, strand=+, frame=2, truncated=no, start-type=ATG, RBS-motif=GGxGG
16:39:39.075 - INFO - CDS - contig=contig_1, start=135028, stop=135366, strand=+, frame=1, truncated=no, start-type=ATG, RBS-motif=3Base/5BMM
16:39:39.076 - INFO - CDS - contig=contig_1, start=135408, stop=135926, strand=-, frame=1, truncated=no, start-type=ATG, RBS-motif=GGAGG
16:39:39.076 - INFO - CDS - contig=contig_1, start=135942, stop=136541, strand=-, frame=1, truncated=no, start-type=ATG, RBS-motif=AGGAG
16:39:39.076 - INFO - CDS - contig=contig_1, start=136582, stop=137769, strand=-, frame=3, truncated=no, start-type=ATG, RBS-motif=GGAGG
16:39:39.076 - INFO - CDS - contig=contig_1, start=137907, stop=138716, strand=+, frame=3, truncated=no, start-type=ATG, RBS-motif=AGGAGG
16:39:39.076 - INFO - CDS - contig=contig_1, start=138735, stop=138950, strand=+, frame=3, truncated=no, start-type=ATG, RBS-motif=GGAG/GAGG
16:39:39.076 - INFO - CDS - contig=contig_1, start=138978, stop=139307, strand=-, frame=1, truncated=no, start-type=ATG, RBS-motif=AGGA/GGAG/GAGG
16:39:39.076 - INFO - CDS - contig=contig_1, start=139462, stop=140385, strand=+, frame=1, truncated=no, start-type=ATG, RBS-motif=AGGAG
16:39:39.076 - INFO - CDS - contig=contig_1, start=140460, stop=140810, strand=+, frame=3, truncated=no, start-type=ATG, RBS-motif=AGxAGG/AGGxGG
16:39:39.076 - INFO - CDS - contig=contig_1, start=140812, stop=141171, strand=+, frame=1, truncated=no, start-type=ATG, RBS-motif=GGA/GAG/AGG
16:39:39.076 - INFO - CDS - contig=contig_1, start=141185, stop=141475, strand=+, frame=2, truncated=no, start-type=ATG, RBS-motif=AGGAG
16:39:39.076 - INFO - CDS - contig=contig_1, start=141535, stop=141687, strand=+, frame=1, truncated=no, start-type=ATG, RBS-motif=AGGAG
16:39:39.076 - INFO - CDS - contig=contig_1, start=141680, stop=142144, strand=+, frame=2, truncated=no, start-type=ATG, RBS-motif=GGAGG
16:39:39.076 - INFO - CDS - contig=contig_1, start=142371, stop=142784, strand=+, frame=3, truncated=no, start-type=ATG, RBS-motif=GGAG/GAGG
16:39:39.077 - INFO - CDS - contig=contig_1, start=142804, stop=143337, strand=+, frame=1, truncated=no, start-type=ATG, RBS-motif=AGGA/GGAG/GAGG
16:39:39.077 - INFO - CDS - contig=contig_1, start=143337, stop=143465, strand=+, frame=3, truncated=no, start-type=ATG, RBS-motif=GGAG/GAGG
16:39:39.077 - INFO - CDS - contig=contig_1, start=143462, stop=143956, strand=+, frame=2, truncated=no, start-type=ATG, RBS-motif=GGAGG
16:39:39.077 - INFO - CDS - contig=contig_1, start=143928, stop=144236, strand=+, frame=3, truncated=no, start-type=ATG, RBS-motif=AGGA
16:39:39.077 - INFO - CDS - contig=contig_1, start=144247, stop=144420, strand=+, frame=1, truncated=no, start-type=ATG, RBS-motif=AGGAG
16:39:39.077 - INFO - CDS - contig=contig_1, start=144498, stop=144650, strand=+, frame=3, truncated=no, start-type=TTG, RBS-motif=GGAGG
16:39:39.077 - INFO - CDS - contig=contig_1, start=144634, stop=145440, strand=+, frame=1, truncated=no, start-type=ATG, RBS-motif=GGA/GAG/AGG
16:39:39.077 - INFO - CDS - contig=contig_1, start=145508, stop=145732, strand=+, frame=2, truncated=no, start-type=ATG, RBS-motif=GGAGG
16:39:39.077 - INFO - CDS - contig=contig_1, start=145744, stop=146052, strand=+, frame=1, truncated=no, start-type=ATG, RBS-motif=AGGA
16:39:39.077 - INFO - CDS - contig=contig_1, start=146055, stop=146423, strand=+, frame=3, truncated=no, start-type=ATG, RBS-motif=GGAGG
16:39:39.077 - INFO - CDS - contig=contig_1, start=146426, stop=146620, strand=+, frame=2, truncated=no, start-type=ATG, RBS-motif=GGAG/GAGG
16:39:39.077 - INFO - CDS - contig=contig_1, start=146620, stop=147135, strand=+, frame=1, truncated=no, start-type=ATG, RBS-motif=GGAGG
16:39:39.077 - INFO - CDS - contig=contig_1, start=147148, stop=147291, strand=+, frame=1, truncated=no, start-type=ATG, RBS-motif=GGAGG
16:39:39.078 - INFO - CDS - contig=contig_1, start=147327, stop=149066, strand=-, frame=1, truncated=no, start-type=TTG, RBS-motif=AGGA
16:39:39.078 - INFO - CDS - contig=contig_1, start=149146, stop=149829, strand=-, frame=3, truncated=no, start-type=ATG, RBS-motif=None
16:39:39.078 - INFO - CDS - contig=contig_1, start=151338, stop=152015, strand=-, frame=1, truncated=no, start-type=ATG, RBS-motif=AGGAG
16:39:39.078 - INFO - CDS - contig=contig_1, start=152966, stop=155764, strand=-, frame=2, truncated=no, start-type=TTG, RBS-motif=AGGA/GGAG/GAGG
16:39:39.078 - INFO - CDS - contig=contig_1, start=155856, stop=156131, strand=-, frame=1, truncated=no, start-type=ATG, RBS-motif=GGA/GAG/AGG
16:39:39.078 - INFO - CDS - contig=contig_1, start=156143, stop=156724, strand=-, frame=2, truncated=no, start-type=GTG, RBS-motif=GGAG/GAGG
16:39:39.078 - INFO - CDS - contig=contig_1, start=156730, stop=158691, strand=-, frame=3, truncated=no, start-type=ATG, RBS-motif=GGAGG
16:39:39.078 - INFO - CDS - contig=contig_1, start=158703, stop=159080, strand=-, frame=1, truncated=no, start-type=TTG, RBS-motif=GGAGG
16:39:39.078 - INFO - CDS - contig=contig_1, start=159179, stop=160351, strand=-, frame=2, truncated=no, start-type=ATG, RBS-motif=AGGAGG
16:39:39.078 - INFO - CDS - contig=contig_1, start=160417, stop=162189, strand=-, frame=3, truncated=no, start-type=TTG, RBS-motif=AGxAGG/AGGxGG
16:39:39.079 - INFO - CDS - contig=contig_1, start=162284, stop=163162, strand=-, frame=2, truncated=no, start-type=ATG, RBS-motif=AGGA
16:39:39.079 - INFO - CDS - contig=contig_1, start=163203, stop=163682, strand=-, frame=1, truncated=no, start-type=TTG, RBS-motif=GGAGG
16:39:39.079 - INFO - CDS - contig=contig_1, start=163728, stop=164081, strand=-, frame=1, truncated=no, start-type=GTG, RBS-motif=GGA/GAG/AGG
16:39:39.079 - INFO - CDS - contig=contig_1, start=164311, stop=165078, strand=+, frame=1, truncated=no, start-type=ATG, RBS-motif=GGAGG
16:39:39.079 - INFO - CDS - contig=contig_1, start=165183, stop=165680, strand=+, frame=3, truncated=no, start-type=ATG, RBS-motif=GGA/GAG/AGG
16:39:39.079 - INFO - CDS - contig=contig_1, start=165737, stop=166687, strand=+, frame=2, truncated=no, start-type=ATG, RBS-motif=GGAGG
16:39:39.079 - INFO - CDS - contig=contig_1, start=166714, stop=167070, strand=+, frame=1, truncated=no, start-type=ATG, RBS-motif=GGAG/GAGG
16:39:39.079 - INFO - CDS - contig=contig_1, start=167311, stop=173088, strand=+, frame=1, truncated=no, start-type=ATG, RBS-motif=AGxAGG/AGGxGG
16:39:39.079 - INFO - CDS - contig=contig_1, start=173106, stop=174134, strand=+, frame=3, truncated=no, start-type=ATG, RBS-motif=GGAG/GAGG
16:39:39.079 - INFO - CDS - contig=contig_1, start=175052, stop=175441, strand=+, frame=2, truncated=no, start-type=ATG, RBS-motif=GGA/GAG/AGG
16:39:39.079 - INFO - CDS - contig=contig_1, start=175559, stop=176158, strand=+, frame=2, truncated=no, start-type=TTG, RBS-motif=GGAGG
16:39:39.080 - INFO - CDS - contig=contig_1, start=176137, stop=176643, strand=+, frame=1, truncated=no, start-type=ATG, RBS-motif=GGAGG
16:39:39.080 - INFO - CDS - contig=contig_1, start=176671, stop=177090, strand=+, frame=1, truncated=no, start-type=ATG, RBS-motif=AGxAGG/AGGxGG
16:39:39.080 - INFO - CDS - contig=contig_1, start=177136, stop=177966, strand=-, frame=3, truncated=no, start-type=ATG, RBS-motif=GGAG/GAGG
16:39:39.080 - INFO - CDS - contig=contig_1, start=177983, stop=180697, strand=-, frame=2, truncated=no, start-type=ATG, RBS-motif=GGAGG
16:39:39.080 - INFO - CDS - contig=contig_1, start=180709, stop=181641, strand=-, frame=3, truncated=no, start-type=ATG, RBS-motif=GGAGG
16:39:39.080 - INFO - CDS - contig=contig_1, start=182065, stop=183327, strand=+, frame=1, truncated=no, start-type=ATG, RBS-motif=GGA/GAG/AGG
16:39:39.080 - INFO - CDS - contig=contig_1, start=183343, stop=184377, strand=+, frame=1, truncated=no, start-type=ATG, RBS-motif=GGAG/GAGG
16:39:39.080 - INFO - CDS - contig=contig_1, start=184451, stop=185569, strand=+, frame=2, truncated=no, start-type=ATG, RBS-motif=GGAG/GAGG
16:39:39.080 - INFO - CDS - contig=contig_1, start=185637, stop=186527, strand=+, frame=3, truncated=no, start-type=ATG, RBS-motif=AGxAGG/AGGxGG
16:39:39.080 - INFO - CDS - contig=contig_1, start=186533, stop=187723, strand=-, frame=2, truncated=no, start-type=ATG, RBS-motif=GGAGG
16:39:39.080 - INFO - CDS - contig=contig_1, start=187761, stop=187943, strand=-, frame=1, truncated=no, start-type=ATG, RBS-motif=GGA/GAG/AGG
16:39:39.080 - INFO - CDS - contig=contig_1, start=187936, stop=189069, strand=-, frame=3, truncated=no, start-type=ATG, RBS-motif=AGGAG
16:39:39.080 - INFO - CDS - contig=contig_1, start=189072, stop=189602, strand=-, frame=1, truncated=no, start-type=ATG, RBS-motif=GGAGG
16:39:39.080 - INFO - CDS - contig=contig_1, start=189695, stop=190744, strand=-, frame=2, truncated=no, start-type=ATG, RBS-motif=GGAG/GAGG
16:39:39.080 - INFO - CDS - contig=contig_1, start=190771, stop=192867, strand=-, frame=3, truncated=no, start-type=ATG, RBS-motif=AGGAG/GGAGG
16:39:39.081 - INFO - CDS - contig=contig_1, start=192830, stop=193249, strand=-, frame=2, truncated=no, start-type=ATG, RBS-motif=AGxAGG/AGGxGG
16:39:39.081 - INFO - CDS - contig=contig_1, start=193263, stop=194300, strand=-, frame=1, truncated=no, start-type=ATG, RBS-motif=AGxAGG/AGGxGG
16:39:39.081 - INFO - CDS - contig=contig_1, start=194414, stop=195799, strand=-, frame=2, truncated=no, start-type=TTG, RBS-motif=GGAGG
16:39:39.081 - INFO - CDS - contig=contig_1, start=195870, stop=196694, strand=-, frame=1, truncated=no, start-type=GTG, RBS-motif=GGAGG
16:39:39.081 - INFO - CDS - contig=contig_1, start=196766, stop=198454, strand=-, frame=2, truncated=no, start-type=ATG, RBS-motif=GGAGG
16:39:39.081 - INFO - CDS - contig=contig_1, start=198496, stop=198828, strand=-, frame=3, truncated=no, start-type=ATG, RBS-motif=GGAG/GAGG
16:39:39.081 - INFO - CDS - contig=contig_1, start=198881, stop=198997, strand=-, frame=2, truncated=no, start-type=ATG, RBS-motif=GGA/GAG/AGG
16:39:39.081 - INFO - CDS - contig=contig_1, start=199108, stop=200304, strand=-, frame=3, truncated=no, start-type=ATG, RBS-motif=GGAGG
16:39:39.081 - INFO - CDS - contig=contig_1, start=200319, stop=200744, strand=-, frame=1, truncated=no, start-type=GTG, RBS-motif=AGGAG(G)/GGAGG
16:39:39.081 - INFO - CDS - contig=contig_1, start=200867, stop=201583, strand=+, frame=2, truncated=no, start-type=ATG, RBS-motif=None
16:39:39.081 - INFO - CDS - contig=contig_1, start=201749, stop=202531, strand=+, frame=2, truncated=no, start-type=ATG, RBS-motif=GGAGG
16:39:39.081 - INFO - CDS - contig=contig_1, start=202537, stop=203262, strand=+, frame=1, truncated=no, start-type=ATG, RBS-motif=AGGAG
16:39:39.081 - INFO - CDS - contig=contig_1, start=203279, stop=204001, strand=+, frame=2, truncated=no, start-type=ATG, RBS-motif=GGAGG
16:39:39.081 - INFO - CDS - contig=contig_1, start=204086, stop=204466, strand=+, frame=2, truncated=no, start-type=ATG, RBS-motif=GGAGG
16:39:39.081 - INFO - CDS - contig=contig_1, start=204647, stop=205168, strand=+, frame=2, truncated=no, start-type=ATG, RBS-motif=GGAGG
16:39:39.081 - INFO - CDS - contig=contig_1, start=205236, stop=206003, strand=+, frame=3, truncated=no, start-type=ATG, RBS-motif=GGAGG
16:39:39.082 - INFO - CDS - contig=contig_1, start=206045, stop=206500, strand=-, frame=2, truncated=no, start-type=ATG, RBS-motif=GGAGG
16:39:39.082 - INFO - CDS - contig=contig_1, start=206544, stop=207077, strand=-, frame=1, truncated=no, start-type=ATG, RBS-motif=GGAGG
16:39:39.082 - INFO - CDS - contig=contig_1, start=207204, stop=207908, strand=+, frame=3, truncated=no, start-type=ATG, RBS-motif=GGA/GAG/AGG
16:39:39.082 - INFO - CDS - contig=contig_1, start=208469, stop=208828, strand=+, frame=2, truncated=no, start-type=ATG, RBS-motif=AGGA
16:39:39.082 - INFO - CDS - contig=contig_1, start=209141, stop=209476, strand=+, frame=2, truncated=no, start-type=ATG, RBS-motif=GGAG/GAGG
16:39:39.082 - INFO - CDS - contig=contig_1, start=209559, stop=210329, strand=+, frame=3, truncated=no, start-type=ATG, RBS-motif=AGGAG
16:39:39.082 - INFO - CDS - contig=contig_1, start=210369, stop=210788, strand=+, frame=3, truncated=no, start-type=ATG, RBS-motif=GGAGG
16:39:39.082 - INFO - CDS - contig=contig_1, start=211039, stop=211218, strand=+, frame=1, truncated=no, start-type=ATG, RBS-motif=AGGAG
16:39:39.082 - INFO - CDS - contig=contig_1, start=211238, stop=211606, strand=+, frame=2, truncated=no, start-type=ATG, RBS-motif=AGGAG
16:39:39.082 - INFO - CDS - contig=contig_1, start=211635, stop=212123, strand=+, frame=3, truncated=no, start-type=ATG, RBS-motif=GGAG/GAGG
16:39:39.082 - INFO - CDS - contig=contig_1, start=212230, stop=213480, strand=+, frame=1, truncated=no, start-type=ATG, RBS-motif=GGAG/GAGG
16:39:39.082 - INFO - CDS - contig=contig_1, start=213503, stop=213787, strand=+, frame=2, truncated=no, start-type=ATG, RBS-motif=GGA/GAG/AGG
16:39:39.082 - INFO - CDS - contig=contig_1, start=213988, stop=214224, strand=+, frame=1, truncated=no, start-type=ATG, RBS-motif=AGGAG
16:39:39.082 - INFO - CDS - contig=contig_1, start=214251, stop=214706, strand=+, frame=3, truncated=no, start-type=ATG, RBS-motif=GGxGG
16:39:39.082 - INFO - CDS - contig=contig_1, start=214767, stop=215093, strand=+, frame=3, truncated=no, start-type=ATG, RBS-motif=GGAGG
16:39:39.082 - INFO - CDS - contig=contig_1, start=215106, stop=215606, strand=+, frame=3, truncated=no, start-type=ATG, RBS-motif=AGGAG
16:39:39.082 - INFO - CDS - contig=contig_1, start=215610, stop=215852, strand=+, frame=3, truncated=no, start-type=ATG, RBS-motif=AGGAG
16:39:39.082 - INFO - CDS - contig=contig_1, start=215869, stop=216030, strand=+, frame=1, truncated=no, start-type=ATG, RBS-motif=GGAG/GAGG
16:39:39.083 - INFO - CDS - contig=contig_1, start=216073, stop=216807, strand=-, frame=3, truncated=no, start-type=ATG, RBS-motif=GGAGG
16:39:39.083 - INFO - CDS - contig=contig_1, start=216857, stop=219073, strand=-, frame=2, truncated=no, start-type=TTG, RBS-motif=GGAG/GAGG
16:39:39.083 - INFO - CDS - contig=contig_1, start=219131, stop=219796, strand=+, frame=2, truncated=no, start-type=ATG, RBS-motif=GGAGG
16:39:39.083 - INFO - CDS - contig=contig_1, start=219820, stop=220092, strand=-, frame=3, truncated=no, start-type=ATG, RBS-motif=GGAG/GAGG
16:39:39.083 - INFO - CDS - contig=contig_1, start=220119, stop=220658, strand=-, frame=1, truncated=no, start-type=TTG, RBS-motif=GGAGG
16:39:39.083 - INFO - CDS - contig=contig_1, start=220773, stop=221978, strand=+, frame=3, truncated=no, start-type=TTG, RBS-motif=GGAGG
16:39:39.083 - INFO - CDS - contig=contig_1, start=222079, stop=223776, strand=+, frame=1, truncated=no, start-type=ATG, RBS-motif=GGA/GAG/AGG
16:39:39.083 - INFO - CDS - contig=contig_1, start=223801, stop=224055, strand=-, frame=3, truncated=no, start-type=ATG, RBS-motif=AGGAG
16:39:39.083 - INFO - CDS - contig=contig_1, start=224068, stop=224403, strand=-, frame=3, truncated=no, start-type=TTG, RBS-motif=GGAG/GAGG
16:39:39.083 - INFO - CDS - contig=contig_1, start=224434, stop=224616, strand=-, frame=3, truncated=no, start-type=ATG, RBS-motif=GGAG/GAGG
16:39:39.083 - INFO - CDS - contig=contig_1, start=224629, stop=224943, strand=-, frame=3, truncated=no, start-type=TTG, RBS-motif=GGA/GAG/AGG
16:39:39.083 - INFO - CDS - contig=contig_1, start=224936, stop=225277, strand=-, frame=2, truncated=no, start-type=ATG, RBS-motif=GGA/GAG/AGG
16:39:39.083 - INFO - CDS - contig=contig_1, start=225738, stop=226292, strand=-, frame=1, truncated=no, start-type=ATG, RBS-motif=AGxAG
16:39:39.083 - INFO - CDS - contig=contig_1, start=226372, stop=227520, strand=-, frame=3, truncated=no, start-type=ATG, RBS-motif=AGxAGG/AGGxGG
16:39:39.083 - INFO - CDS - contig=contig_1, start=227745, stop=228959, strand=-, frame=1, truncated=no, start-type=ATG, RBS-motif=GGA/GAG/AGG
16:39:39.083 - INFO - CDS - contig=contig_1, start=228966, stop=229505, strand=-, frame=1, truncated=no, start-type=ATG, RBS-motif=GGAGG
16:39:39.084 - INFO - CDS - contig=contig_1, start=229505, stop=229999, strand=-, frame=2, truncated=no, start-type=ATG, RBS-motif=GGA/GAG/AGG
16:39:39.084 - INFO - CDS - contig=contig_1, start=230056, stop=234372, strand=-, frame=3, truncated=no, start-type=ATG, RBS-motif=GGAG/GAGG
16:39:39.084 - INFO - CDS - contig=contig_1, start=234391, stop=236190, strand=-, frame=3, truncated=no, start-type=ATG, RBS-motif=GGAGG
16:39:39.084 - INFO - CDS - contig=contig_1, start=236202, stop=236789, strand=-, frame=1, truncated=no, start-type=ATG, RBS-motif=GGA/GAG/AGG
16:39:39.084 - INFO - CDS - contig=contig_1, start=236912, stop=239743, strand=-, frame=2, truncated=no, start-type=ATG, RBS-motif=4Base/6BMM
16:39:39.084 - INFO - CDS - contig=contig_1, start=239767, stop=242100, strand=-, frame=3, truncated=no, start-type=ATG, RBS-motif=AGGAG
16:39:39.084 - INFO - CDS - contig=contig_1, start=242108, stop=244660, strand=-, frame=2, truncated=no, start-type=ATG, RBS-motif=GGAG/GAGG
16:39:39.084 - INFO - CDS - contig=contig_1, start=244677, stop=245609, strand=-, frame=1, truncated=no, start-type=ATG, RBS-motif=GGAGG
16:39:39.084 - INFO - CDS - contig=contig_1, start=245671, stop=246048, strand=-, frame=3, truncated=no, start-type=ATG, RBS-motif=GGxGG
16:39:39.084 - INFO - CDS - contig=contig_1, start=246121, stop=246306, strand=-, frame=3, truncated=no, start-type=ATG, RBS-motif=AGGA/GGAG/GAGG
16:39:39.084 - INFO - CDS - contig=contig_1, start=246398, stop=246838, strand=-, frame=2, truncated=no, start-type=ATG, RBS-motif=AGGAG/GGAGG
16:39:39.084 - INFO - CDS - contig=contig_1, start=246804, stop=247205, strand=-, frame=1, truncated=no, start-type=ATG, RBS-motif=AGGA
16:39:39.084 - INFO - CDS - contig=contig_1, start=247234, stop=247629, strand=-, frame=3, truncated=no, start-type=ATG, RBS-motif=AGGAG
16:39:39.085 - INFO - CDS - contig=contig_1, start=247642, stop=248316, strand=-, frame=3, truncated=no, start-type=ATG, RBS-motif=GGA/GAG/AGG
16:39:39.085 - INFO - CDS - contig=contig_1, start=248338, stop=249087, strand=-, frame=3, truncated=no, start-type=ATG, RBS-motif=GGAGG
16:39:39.085 - INFO - CDS - contig=contig_1, start=249121, stop=249453, strand=-, frame=3, truncated=no, start-type=ATG, RBS-motif=GGA/GAG/AGG
16:39:39.085 - INFO - CDS - contig=contig_1, start=249466, stop=250026, strand=-, frame=3, truncated=no, start-type=ATG, RBS-motif=GGxGG
16:39:39.085 - INFO - CDS - contig=contig_1, start=250026, stop=250220, strand=-, frame=1, truncated=no, start-type=ATG, RBS-motif=GGAGG
16:39:39.085 - INFO - CDS - contig=contig_1, start=250237, stop=250944, strand=-, frame=3, truncated=no, start-type=ATG, RBS-motif=GGAGG
16:39:39.085 - INFO - CDS - contig=contig_1, start=99, stop=302, strand=+, nt=[ATGTCAGAAA..TATGCTATAA]
16:39:39.085 - INFO - CDS - contig=contig_1, start=409, stop=1521, strand=+, nt=[TTGAAGAATA..GGAAAAATAA]
16:39:39.085 - INFO - CDS - contig=contig_1, start=1521, stop=2000, strand=+, nt=[ATGAAAAAAT..GCAATTGTAA]
16:39:39.085 - INFO - CDS - contig=contig_1, start=2002, stop=2550, strand=+, nt=[ATGAAGATAA..AAATTATTGA]
16:39:39.085 - INFO - CDS - contig=contig_1, start=2531, stop=3223, strand=+, nt=[ATGGATACAA..TAATGAGTAA]
16:39:39.085 - INFO - CDS - contig=contig_1, start=3216, stop=3485, strand=+, nt=[ATGAGTAAAG..TTTAGGTTAA]
16:39:39.085 - INFO - CDS - contig=contig_1, start=3583, stop=5268, strand=+, nt=[ATGTATTTCA..TCCATTCTAA]
16:39:39.085 - INFO - CDS - contig=contig_1, start=5279, stop=5521, strand=+, nt=[ATGTCACTAC..AAAGAGATAA]
16:39:39.085 - INFO - CDS - contig=contig_1, start=5499, stop=5990, strand=+, nt=[ATGAATCAGA..TGCATTTTAA]
16:39:39.085 - INFO - CDS - contig=contig_1, start=6036, stop=8582, strand=-, nt=[ATGATAGTAG..TTCTTATTGA]
16:39:39.085 - INFO - CDS - contig=contig_1, start=8594, stop=9166, strand=-, nt=[GTGTATATTA..AAAGAAATAG]
16:39:39.085 - INFO - CDS - contig=contig_1, start=9182, stop=11137, strand=-, nt=[ATGCTAGATG..GATTGCTTGA]
16:39:39.085 - INFO - CDS - contig=contig_1, start=11242, stop=11877, strand=+, nt=[ATGATTTGTG..TATATCTTAA]
16:39:39.085 - INFO - CDS - contig=contig_1, start=11890, stop=12054, strand=+, nt=[ATGATTAGAT..TAGTCTATGA]
16:39:39.085 - INFO - CDS - contig=contig_1, start=12051, stop=12500, strand=+, nt=[ATGACAGAAG..TATTATTTAA]
16:39:39.085 - INFO - CDS - contig=contig_1, start=12530, stop=13747, strand=+, nt=[TTGGCTGATA..AGTTAGATAG]
16:39:39.085 - INFO - CDS - contig=contig_1, start=13795, stop=14529, strand=+, nt=[ATGACTAATT..AGCTAGATAA]
16:39:39.086 - INFO - CDS - contig=contig_1, start=14532, stop=14855, strand=+, nt=[ATGGACAATG..CTTAAGATAG]
16:39:39.086 - INFO - CDS - contig=contig_1, start=14946, stop=15164, strand=+, nt=[ATGTATAATA..TAATAAATAA]
16:39:39.086 - INFO - CDS - contig=contig_1, start=15204, stop=15848, strand=-, nt=[ATGAAGAAGG..TAAACGATAA]
16:39:39.086 - INFO - CDS - contig=contig_1, start=15954, stop=16115, strand=+, nt=[TTGAATTACT..AAAAGGTTAA]
16:39:39.086 - INFO - CDS - contig=contig_1, start=16154, stop=16876, strand=+, nt=[ATGCTTAATT..AATTAATTAG]
16:39:39.086 - INFO - CDS - contig=contig_1, start=16889, stop=17152, strand=+, nt=[ATGACGGTAG..TTATTCATAA]
16:39:39.086 - INFO - CDS - contig=contig_1, start=17375, stop=19678, strand=+, nt=[ATGGTAACGA..ATATTTGTAA]
16:39:39.086 - INFO - CDS - contig=contig_1, start=19739, stop=20536, strand=+, nt=[ATGAATAATA..AAAAATTTAA]
16:39:39.086 - INFO - CDS - contig=contig_1, start=20551, stop=20901, strand=+, nt=[ATGAATAAAA..TGATTTATAA]
16:39:39.086 - INFO - CDS - contig=contig_1, start=20919, stop=21863, strand=+, nt=[ATGGGTAAAA..ATTAAAATAA]
16:39:39.086 - INFO - CDS - contig=contig_1, start=21920, stop=23137, strand=+, nt=[ATGGAGAGAG..TTTAAAATAA]
16:39:39.086 - INFO - CDS - contig=contig_1, start=23162, stop=24586, strand=+, nt=[ATGACTATTC..AGATGAATAA]
16:39:39.086 - INFO - CDS - contig=contig_1, start=24579, stop=25259, strand=+, nt=[ATGAATAATT..TGAATTATAG]
16:39:39.086 - INFO - CDS - contig=contig_1, start=25272, stop=26423, strand=+, nt=[TTGAGCATTA..ACAACTTTAA]
16:39:39.086 - INFO - CDS - contig=contig_1, start=26468, stop=26914, strand=-, nt=[ATGAGTAAAA..CGCAGTATAA]
16:39:39.086 - INFO - CDS - contig=contig_1, start=27020, stop=27190, strand=+, nt=[ATGACAGATA..ATCATTATAA]
16:39:39.086 - INFO - CDS - contig=contig_1, start=27207, stop=28436, strand=+, nt=[ATGGATATAA..TACTATTTGA]
16:39:39.086 - INFO - CDS - contig=contig_1, start=28448, stop=29680, strand=+, nt=[ATGATTAAAA..GAATCTATAA]
16:39:39.086 - INFO - CDS - contig=contig_1, start=29695, stop=30840, strand=+, nt=[ATGCCTGAAT..ATCCCTATAA]
16:39:39.086 - INFO - CDS - contig=contig_1, start=30951, stop=31400, strand=+, nt=[ATGAAGAAAA..TATTAAGTAA]
16:39:39.086 - INFO - CDS - contig=contig_1, start=31418, stop=31828, strand=+, nt=[ATGAGTATTA..TAAGGTTTAA]
16:39:39.086 - INFO - CDS - contig=contig_1, start=31889, stop=32404, strand=+, nt=[ATGACAATGA..AAAATTTTAA]
16:39:39.086 - INFO - CDS - contig=contig_1, start=32497, stop=32763, strand=+, nt=[ATGGATAAAA..GATAAAGTAG]
16:39:39.086 - INFO - CDS - contig=contig_1, start=32891, stop=33793, strand=+, nt=[ATGCTAATGA..TAGTAAATGA]
16:39:39.086 - INFO - CDS - contig=contig_1, start=33790, stop=34692, strand=+, nt=[ATGAGGGATC..AGTACAATAA]
16:39:39.086 - INFO - CDS - contig=contig_1, start=34679, stop=35125, strand=+, nt=[ATGAAGTACA..GGAGATTTAA]
16:39:39.086 - INFO - CDS - contig=contig_1, start=35273, stop=35491, strand=+, nt=[ATGGCAATTA..TAAACAGTAG]
16:39:39.086 - INFO - CDS - contig=contig_1, start=36303, stop=38405, strand=+, nt=[GTGTATGGGG..CGCTATTTAA]
16:39:39.086 - INFO - CDS - contig=contig_1, start=38459, stop=38941, strand=+, nt=[ATGTATATAA..AATTGAATAA]
16:39:39.086 - INFO - CDS - contig=contig_1, start=38974, stop=39435, strand=+, nt=[ATGATTCAAA..TGCTAATTAA]
16:39:39.086 - INFO - CDS - contig=contig_1, start=39505, stop=39696, strand=+, nt=[ATGAAAAATT..ACCGTATTAA]
16:39:39.087 - INFO - CDS - contig=contig_1, start=39758, stop=39946, strand=+, nt=[ATGATTGAAA..TAAAAAATAA]
16:39:39.087 - INFO - CDS - contig=contig_1, start=39973, stop=40344, strand=+, nt=[ATGAACTCAA..AGTTAAATAA]
16:39:39.087 - INFO - CDS - contig=contig_1, start=40371, stop=40745, strand=+, nt=[ATGAAGCAAA..AAATAATTAG]
16:39:39.087 - INFO - CDS - contig=contig_1, start=40783, stop=42060, strand=-, nt=[ATGGTTAGGA..AAAAATATAA]
16:39:39.087 - INFO - CDS - contig=contig_1, start=42157, stop=43317, strand=+, nt=[ATGAATCACA..AAAACACTAA]
16:39:39.087 - INFO - CDS - contig=contig_1, start=43404, stop=43745, strand=+, nt=[ATGCCGAGTA..ATATGAATAG]
16:39:39.087 - INFO - CDS - contig=contig_1, start=43758, stop=44459, strand=+, nt=[TTGGGTTTAC..TACAGTTTGA]
16:39:39.087 - INFO - CDS - contig=contig_1, start=44476, stop=45168, strand=+, nt=[ATGGGGCTTC..ACCACAGTAA]
16:39:39.087 - INFO - CDS - contig=contig_1, start=45186, stop=45872, strand=+, nt=[ATGGGAATGC..TATTAGCTAA]
16:39:39.087 - INFO - CDS - contig=contig_1, start=45947, stop=46990, strand=+, nt=[ATGGCTTTAG..TACTAGTTAA]
16:39:39.087 - INFO - CDS - contig=contig_1, start=47015, stop=49594, strand=+, nt=[ATGTTTTTGC..TCTCTTGTAA]
16:39:39.087 - INFO - CDS - contig=contig_1, start=49612, stop=49887, strand=+, nt=[ATGGCAACAA..AGTAATTTAA]
16:39:39.087 - INFO - CDS - contig=contig_1, start=49909, stop=50508, strand=+, nt=[ATGGGCAGAT..TGAATTATAG]
16:39:39.087 - INFO - CDS - contig=contig_1, start=50523, stop=50792, strand=+, nt=[ATGGAATATT..GAGAAACTAA]
16:39:39.087 - INFO - CDS - contig=contig_1, start=50857, stop=51867, strand=+, nt=[ATGAATCTTT..AGTTATTTAA]
16:39:39.087 - INFO - CDS - contig=contig_1, start=52171, stop=52803, strand=+, nt=[ATGTTTCATT..AGGAAAATAA]
16:39:39.087 - INFO - CDS - contig=contig_1, start=52824, stop=53516, strand=+, nt=[ATGAAAAAAC..AAAGAGATAA]
16:39:39.087 - INFO - CDS - contig=contig_1, start=53517, stop=53726, strand=+, nt=[ATGAGTGCTA..ATTGAGATAA]
16:39:39.087 - INFO - CDS - contig=contig_1, start=53747, stop=54373, strand=+, nt=[ATGGCAGACA..TGTTGCATAA]
16:39:39.087 - INFO - CDS - contig=contig_1, start=54419, stop=56668, strand=-, nt=[ATGAAAACAT..ACATTATTAA]
16:39:39.087 - INFO - CDS - contig=contig_1, start=56818, stop=57567, strand=+, nt=[ATGGGGAGAA..AAATATATAA]
16:39:39.087 - INFO - CDS - contig=contig_1, start=57598, stop=58389, strand=+, nt=[ATGACACCAC..AAAAAAATAA]
16:39:39.087 - INFO - CDS - contig=contig_1, start=58434, stop=58709, strand=-, nt=[ATGAGATTAA..ATCAGAATAA]
16:39:39.087 - INFO - CDS - contig=contig_1, start=58757, stop=58972, strand=-, nt=[ATGAGCGTTA..GAAACATTAA]
16:39:39.087 - INFO - CDS - contig=contig_1, start=58962, stop=59162, strand=-, nt=[ATGAATACAA..TGAGCGTTAA]
16:39:39.087 - INFO - CDS - contig=contig_1, start=59172, stop=59732, strand=-, nt=[ATGATTCCAA..TCGTCTCTAG]
16:39:39.087 - INFO - CDS - contig=contig_1, start=60040, stop=61368, strand=+, nt=[ATGAGCAATA..ACGATTATAA]
16:39:39.087 - INFO - CDS - contig=contig_1, start=61486, stop=61920, strand=+, nt=[TTGAGCAGAG..GATAATGTAA]
16:39:39.088 - INFO - CDS - contig=contig_1, start=61967, stop=62389, strand=-, nt=[ATGAATGAAA..AATGAAATAA]
16:39:39.088 - INFO - CDS - contig=contig_1, start=62476, stop=63747, strand=+, nt=[ATGTCATTTT..AGCAATATAA]
16:39:39.088 - INFO - CDS - contig=contig_1, start=64355, stop=65179, strand=+, nt=[ATGCCTAGAA..TATTAAGTAG]
16:39:39.088 - INFO - CDS - contig=contig_1, start=65338, stop=65571, strand=+, nt=[ATGAGTGTAG..AGGAAAGTGA]
16:39:39.088 - INFO - CDS - contig=contig_1, start=65576, stop=66580, strand=+, nt=[ATGGAGAATA..TTTTGGATAA]
16:39:39.088 - INFO - CDS - contig=contig_1, start=66695, stop=67645, strand=+, nt=[ATGAAGAACA..CAAAAAATAA]
16:39:39.088 - INFO - CDS - contig=contig_1, start=67668, stop=68069, strand=+, nt=[ATGCCTAACC..GGAATCCTAA]
16:39:39.088 - INFO - CDS - contig=contig_1, start=68302, stop=69948, strand=+, nt=[ATGTCATATA..AATCAAATAG]
16:39:39.088 - INFO - CDS - contig=contig_1, start=69963, stop=70295, strand=+, nt=[ATGGGTAATA..AATTTTATAG]
16:39:39.088 - INFO - CDS - contig=contig_1, start=70366, stop=70623, strand=+, nt=[ATGGCAAATA..GGAAATATAA]
16:39:39.088 - INFO - CDS - contig=contig_1, start=70732, stop=71997, strand=+, nt=[ATGTCAATCT..CGGAAAATAA]
16:39:39.088 - INFO - CDS - contig=contig_1, start=72178, stop=72570, strand=+, nt=[ATGAAAGTTG..AAAAATATAG]
16:39:39.088 - INFO - CDS - contig=contig_1, start=72589, stop=72735, strand=+, nt=[ATGTTAATAC..GGAGTGTTAA]
16:39:39.088 - INFO - CDS - contig=contig_1, start=72737, stop=73189, strand=+, nt=[ATGGAAATAG..AGATTATTAA]
16:39:39.088 - INFO - CDS - contig=contig_1, start=73219, stop=75216, strand=+, nt=[ATGGATGACA..TGAAAAATAA]
16:39:39.088 - INFO - CDS - contig=contig_1, start=75216, stop=75401, strand=+, nt=[ATGGGAGTGA..ACAAATATAA]
16:39:39.088 - INFO - CDS - contig=contig_1, start=75538, stop=75945, strand=+, nt=[ATGGGGAATG..AATTTTATAA]
16:39:39.088 - INFO - CDS - contig=contig_1, start=76166, stop=76330, strand=+, nt=[ATGGAAAAAG..GGGGAATTAA]
16:39:39.088 - INFO - CDS - contig=contig_1, start=76333, stop=76569, strand=+, nt=[ATGGGAAAAG..TGATATCTAA]
16:39:39.088 - INFO - CDS - contig=contig_1, start=76615, stop=76896, strand=+, nt=[ATGGAAAAAC..AGATGTATAA]
16:39:39.088 - INFO - CDS - contig=contig_1, start=76961, stop=79006, strand=+, nt=[TTGGATAAAC..AATTAGCTAA]
16:39:39.088 - INFO - CDS - contig=contig_1, start=79052, stop=79858, strand=-, nt=[ATGGACTTAA..GGTAAATTGA]
16:39:39.088 - INFO - CDS - contig=contig_1, start=79958, stop=80161, strand=+, nt=[ATGAGTTTAT..TATTCGATAA]
16:39:39.088 - INFO - CDS - contig=contig_1, start=80177, stop=80323, strand=+, nt=[GTGAAAGAAA..GAATAAATAA]
16:39:39.088 - INFO - CDS - contig=contig_1, start=80397, stop=80933, strand=+, nt=[ATGTCTATTA..TGAAGAATGA]
16:39:39.088 - INFO - CDS - contig=contig_1, start=80987, stop=81790, strand=+, nt=[ATGATTACTA..TATTAGCTAG]
16:39:39.088 - INFO - CDS - contig=contig_1, start=81803, stop=81940, strand=+, nt=[TTGTTAATCA..TAGAAGGTGA]
16:39:39.088 - INFO - CDS - contig=contig_1, start=81906, stop=82151, strand=+, nt=[ATGGAAAAAC..GAAAGCATAA]
16:39:39.088 - INFO - CDS - contig=contig_1, start=82205, stop=82501, strand=-, nt=[ATGAATGTCA..AAAAAAATAA]
16:39:39.088 - INFO - CDS - contig=contig_1, start=82847, stop=83101, strand=+, nt=[ATGACAAATT..AATGTTATAA]
16:39:39.088 - INFO - CDS - contig=contig_1, start=83356, stop=84846, strand=+, nt=[GTGATCAGTA..TGAATCTTAA]
16:39:39.089 - INFO - CDS - contig=contig_1, start=84871, stop=85089, strand=+, nt=[ATGAAAGATC..GAGAAACTAG]
16:39:39.089 - INFO - CDS - contig=contig_1, start=85151, stop=85546, strand=+, nt=[ATGAAAAAAG..TAGTGAATAG]
16:39:39.089 - INFO - CDS - contig=contig_1, start=85631, stop=85975, strand=+, nt=[ATGCCTAACA..TATAATTTAA]
16:39:39.089 - INFO - CDS - contig=contig_1, start=86043, stop=86369, strand=+, nt=[ATGGATATTA..GGAGAAATAA]
16:39:39.089 - INFO - CDS - contig=contig_1, start=86372, stop=87082, strand=+, nt=[ATGAAATTAA..TACTAGGTGA]
16:39:39.089 - INFO - CDS - contig=contig_1, start=87152, stop=87448, strand=+, nt=[ATGTACAAAA..TTGGCAATAA]
16:39:39.089 - INFO - CDS - contig=contig_1, start=87491, stop=88183, strand=-, nt=[ATGTTATCTA..TATCTATTAG]
16:39:39.089 - INFO - CDS - contig=contig_1, start=88250, stop=88447, strand=-, nt=[ATGAATAAAA..AAAAAATTGA]
16:39:39.089 - INFO - CDS - contig=contig_1, start=88502, stop=89062, strand=-, nt=[ATGGAAAGAC..TCAATTTTAA]
16:39:39.089 - INFO - CDS - contig=contig_1, start=89381, stop=89653, strand=-, nt=[ATGGATCAAA..ACTCTCTTAA]
16:39:39.089 - INFO - CDS - contig=contig_1, start=89761, stop=90219, strand=+, nt=[ATGTTATCCA..TAAAGATTAA]
16:39:39.089 - INFO - CDS - contig=contig_1, start=90239, stop=90880, strand=+, nt=[GTGACAGATT..TTCCAAGTAA]
16:39:39.089 - INFO - CDS - contig=contig_1, start=90992, stop=92587, strand=+, nt=[ATGTCCGTAG..TAATGGATAA]
16:39:39.089 - INFO - CDS - contig=contig_1, start=92654, stop=93625, strand=+, nt=[ATGGTAGATA..AAAAAAATAA]
16:39:39.089 - INFO - CDS - contig=contig_1, start=93660, stop=93848, strand=-, nt=[ATGAGCAAAG..AACTGAATAG]
16:39:39.089 - INFO - CDS - contig=contig_1, start=93982, stop=94695, strand=-, nt=[TTGGTACGAA..ACTAACATAA]
16:39:39.089 - INFO - CDS - contig=contig_1, start=94802, stop=95407, strand=+, nt=[ATGTATGATT..ACTGGGTTAA]
16:39:39.089 - INFO - CDS - contig=contig_1, start=96789, stop=98003, strand=+, nt=[ATGAATGATC..AAATAGATAA]
16:39:39.089 - INFO - CDS - contig=contig_1, start=98113, stop=98883, strand=+, nt=[ATGGCTGAAA..TAAAAAATAA]
16:39:39.089 - INFO - CDS - contig=contig_1, start=98904, stop=99614, strand=+, nt=[ATGGCAGTTA..AACAAAGTAA]
16:39:39.089 - INFO - CDS - contig=contig_1, start=99709, stop=100455, strand=+, nt=[TTGAAATATA..TAAGTACTAA]
16:39:39.089 - INFO - CDS - contig=contig_1, start=100521, stop=103484, strand=+, nt=[ATGGCTACTG..AGTTAAGTAA]
16:39:39.089 - INFO - CDS - contig=contig_1, start=103594, stop=104391, strand=+, nt=[ATGATTAAAC..TGATATTTAA]
16:39:39.089 - INFO - CDS - contig=contig_1, start=104443, stop=106638, strand=-, nt=[ATGGCAGATC..AGGATTCTAA]
16:39:39.089 - INFO - CDS - contig=contig_1, start=106726, stop=107442, strand=-, nt=[ATGATTGTAT..AGCAGAATAA]
16:39:39.089 - INFO - CDS - contig=contig_1, start=107550, stop=107786, strand=-, nt=[TTGGATATTA..AAGTAAATGA]
16:39:39.089 - INFO - CDS - contig=contig_1, start=107800, stop=108393, strand=-, nt=[ATGGCAAAAA..AAAACACTAA]
16:39:39.090 - INFO - CDS - contig=contig_1, start=108407, stop=110071, strand=-, nt=[ATGGTTCAGA..AGTATCTTAA]
16:39:39.090 - INFO - CDS - contig=contig_1, start=110232, stop=110486, strand=-, nt=[ATGAATAAAG..TACTAGATAA]
16:39:39.090 - INFO - CDS - contig=contig_1, start=110514, stop=110894, strand=-, nt=[ATGTATTTTA..GAGTAATTAA]
16:39:39.090 - INFO - CDS - contig=contig_1, start=110899, stop=111153, strand=-, nt=[ATGAAAGAAG..GGAGGTGTAA]
16:39:39.090 - INFO - CDS - contig=contig_1, start=111372, stop=111842, strand=-, nt=[ATGCGTAAAA..TAATGAGTGA]
16:39:39.090 - INFO - CDS - contig=contig_1, start=111835, stop=112335, strand=-, nt=[TTGAGTCACA..AAATGCGTAA]
16:39:39.090 - INFO - CDS - contig=contig_1, start=112348, stop=115083, strand=-, nt=[ATGAAAATCA..TAAGTACTAG]
16:39:39.090 - INFO - CDS - contig=contig_1, start=115107, stop=115526, strand=-, nt=[ATGAATAAGA..GCTTAAATAG]
16:39:39.090 - INFO - CDS - contig=contig_1, start=115605, stop=115748, strand=-, nt=[ATGAGTTTTA..TATATACTAA]
16:39:39.090 - INFO - CDS - contig=contig_1, start=115933, stop=116619, strand=-, nt=[ATGGCTGATA..TGAAGAATAA]
16:39:39.090 - INFO - CDS - contig=contig_1, start=117202, stop=117975, strand=+, nt=[TTGAATTGGT..TCAAACTTAA]
16:39:39.090 - INFO - CDS - contig=contig_1, start=118020, stop=118199, strand=-, nt=[ATGTGGGGTT..ACGTTATTAA]
16:39:39.090 - INFO - CDS - contig=contig_1, start=118211, stop=118375, strand=-, nt=[TTGGGTGATA..TAGAGAATAA]
16:39:39.090 - INFO - CDS - contig=contig_1, start=118698, stop=120182, strand=-, nt=[ATGCCACGTA..TAAAAGATAA]
16:39:39.090 - INFO - CDS - contig=contig_1, start=120534, stop=121442, strand=-, nt=[ATGAGAAAAT..ATTAAATTGA]
16:39:39.090 - INFO - CDS - contig=contig_1, start=121991, stop=123163, strand=-, nt=[ATGAAAATAG..TCGTATGTGA]
16:39:39.090 - INFO - CDS - contig=contig_1, start=123252, stop=123515, strand=-, nt=[ATGAAATACT..ATTTAAATAA]
16:39:39.090 - INFO - CDS - contig=contig_1, start=123544, stop=124005, strand=-, nt=[ATGGGAAGAG..TAATCATTGA]
16:39:39.090 - INFO - CDS - contig=contig_1, start=124056, stop=124277, strand=-, nt=[ATGAATCCAT..AGAATTATAA]
16:39:39.090 - INFO - CDS - contig=contig_1, start=124342, stop=125067, strand=-, nt=[ATGTTTTCTA..AGCAGTATAA]
16:39:39.090 - INFO - CDS - contig=contig_1, start=125147, stop=127072, strand=-, nt=[TTGCAGGAAA..AACATTCTAA]
16:39:39.090 - INFO - CDS - contig=contig_1, start=127260, stop=127559, strand=+, nt=[ATGTCATCAT..AGCTCGTTAA]
16:39:39.090 - INFO - CDS - contig=contig_1, start=127805, stop=129700, strand=+, nt=[TTGGAAAAGA..ACTACTTTAA]
16:39:39.090 - INFO - CDS - contig=contig_1, start=129823, stop=130413, strand=+, nt=[ATGTTAGCCT..TGGTTCTTAA]
16:39:39.090 - INFO - CDS - contig=contig_1, start=130430, stop=131863, strand=+, nt=[ATGATAAGAG..GACAAAATAG]
16:39:39.090 - INFO - CDS - contig=contig_1, start=131952, stop=132842, strand=+, nt=[ATGATCATCA..TGCAAAGTAA]
16:39:39.090 - INFO - CDS - contig=contig_1, start=132832, stop=133389, strand=+, nt=[ATGCAAAGTA..TAAAAGATAA]
16:39:39.090 - INFO - CDS - contig=contig_1, start=133433, stop=133603, strand=+, nt=[ATGAATACTT..CATTAAATGA]
16:39:39.090 - INFO - CDS - contig=contig_1, start=133600, stop=133887, strand=+, nt=[ATGATAGATG..TATTTTGTAG]
16:39:39.090 - INFO - CDS - contig=contig_1, start=133973, stop=134998, strand=+, nt=[ATGAGCAGAC..TAATTTCTAA]
16:39:39.090 - INFO - CDS - contig=contig_1, start=135028, stop=135366, strand=+, nt=[ATGACAAACA..AATTGATTAA]
16:39:39.090 - INFO - CDS - contig=contig_1, start=135408, stop=135926, strand=-, nt=[ATGAGTAAAC..AGAAAAATAA]
16:39:39.090 - INFO - CDS - contig=contig_1, start=135942, stop=136541, strand=-, nt=[ATGTTTAAAA..CTTACTTTAA]
16:39:39.091 - INFO - CDS - contig=contig_1, start=136582, stop=137769, strand=-, nt=[ATGGGTCGAT..AAACAATTAA]
16:39:39.091 - INFO - CDS - contig=contig_1, start=137907, stop=138716, strand=+, nt=[ATGCAAAAAA..TACAGAATAA]
16:39:39.091 - INFO - CDS - contig=contig_1, start=138735, stop=138950, strand=+, nt=[ATGCGTGGTA..AATGTCATAA]
16:39:39.091 - INFO - CDS - contig=contig_1, start=138978, stop=139307, strand=-, nt=[ATGGAAATTA..AGTTTCTTGA]
16:39:39.091 - INFO - CDS - contig=contig_1, start=139462, stop=140385, strand=+, nt=[ATGATTTGTG..CATTTATTAA]
16:39:39.091 - INFO - CDS - contig=contig_1, start=140460, stop=140810, strand=+, nt=[ATGGAAATTG..AGGTGAATAA]
16:39:39.091 - INFO - CDS - contig=contig_1, start=140812, stop=141171, strand=+, nt=[ATGGAAATCA..AGGAGATTAA]
16:39:39.091 - INFO - CDS - contig=contig_1, start=141185, stop=141475, strand=+, nt=[ATGTTTAAGT..TAGATTGTAA]
16:39:39.091 - INFO - CDS - contig=contig_1, start=141535, stop=141687, strand=+, nt=[ATGGATATCT..AAATGACTAA]
16:39:39.091 - INFO - CDS - contig=contig_1, start=141680, stop=142144, strand=+, nt=[ATGACTAAAA..GGGGTTGTGA]
16:39:39.091 - INFO - CDS - contig=contig_1, start=142371, stop=142784, strand=+, nt=[ATGGATAAAC..TGAGAATTAA]
16:39:39.091 - INFO - CDS - contig=contig_1, start=142804, stop=143337, strand=+, nt=[ATGAGTAAAT..TGTAGAATAA]
16:39:39.091 - INFO - CDS - contig=contig_1, start=143337, stop=143465, strand=+, nt=[ATGAAATGTC..TAATAAATGA]
16:39:39.091 - INFO - CDS - contig=contig_1, start=143462, stop=143956, strand=+, nt=[ATGAGCGTTC..ATTTGATTGA]
16:39:39.091 - INFO - CDS - contig=contig_1, start=143928, stop=144236, strand=+, nt=[ATGAATGGAA..TATCAAATAG]
16:39:39.091 - INFO - CDS - contig=contig_1, start=144247, stop=144420, strand=+, nt=[ATGGTTAATA..TGAAATGTAA]
16:39:39.091 - INFO - CDS - contig=contig_1, start=144498, stop=144650, strand=+, nt=[TTGAAAGTAA..TGAGAAATAA]
16:39:39.091 - INFO - CDS - contig=contig_1, start=144634, stop=145440, strand=+, nt=[ATGACAGTGA..AGACAAATAA]
16:39:39.091 - INFO - CDS - contig=contig_1, start=145508, stop=145732, strand=+, nt=[ATGACTGATA..AAATAAGTAA]
16:39:39.091 - INFO - CDS - contig=contig_1, start=145744, stop=146052, strand=+, nt=[ATGAATCAAA..GAGGAATTAA]
16:39:39.091 - INFO - CDS - contig=contig_1, start=146055, stop=146423, strand=+, nt=[ATGAAAACAA..GGGAGTTTAA]
16:39:39.091 - INFO - CDS - contig=contig_1, start=146426, stop=146620, strand=+, nt=[ATGGAAGATA..ACAAGAATAA]
16:39:39.091 - INFO - CDS - contig=contig_1, start=146620, stop=147135, strand=+, nt=[ATGGAAAAGA..TATTAATTAA]
16:39:39.091 - INFO - CDS - contig=contig_1, start=147148, stop=147291, strand=+, nt=[ATGAAATTTA..TGGGGAATAA]
16:39:39.091 - INFO - CDS - contig=contig_1, start=147327, stop=149066, strand=-, nt=[TTGCCTAAAA..AAAAAAATAA]
16:39:39.091 - INFO - CDS - contig=contig_1, start=149146, stop=149829, strand=-, nt=[ATGAAGAAAG..TTCAGAATAA]
16:39:39.091 - INFO - CDS - contig=contig_1, start=151338, stop=152015, strand=-, nt=[ATGGAAAAAA..TTATTTTTAA]
16:39:39.091 - INFO - CDS - contig=contig_1, start=152966, stop=155764, strand=-, nt=[TTGTTTTATC..CTTGGATTAA]
16:39:39.091 - INFO - CDS - contig=contig_1, start=155856, stop=156131, strand=-, nt=[ATGGAAAGTC..AACAGAATAA]
16:39:39.091 - INFO - CDS - contig=contig_1, start=156143, stop=156724, strand=-, nt=[GTGATTGTTA..AACTGTATAG]
16:39:39.091 - INFO - CDS - contig=contig_1, start=156730, stop=158691, strand=-, nt=[ATGAGTGTAA..AGGGAGTTAA]
16:39:39.091 - INFO - CDS - contig=contig_1, start=158703, stop=159080, strand=-, nt=[TTGATTAATC..AAGTATCTAA]
16:39:39.091 - INFO - CDS - contig=contig_1, start=159179, stop=160351, strand=-, nt=[ATGGGTTACA..AGTCAAATAA]
16:39:39.091 - INFO - CDS - contig=contig_1, start=160417, stop=162189, strand=-, nt=[TTGAATAGTT..AGCTGTCTAA]
16:39:39.091 - INFO - CDS - contig=contig_1, start=162284, stop=163162, strand=-, nt=[ATGAAAGTTC..AATGTCCTAA]
16:39:39.091 - INFO - CDS - contig=contig_1, start=163203, stop=163682, strand=-, nt=[TTGAAATTAT..AATCGATTGA]
16:39:39.091 - INFO - CDS - contig=contig_1, start=163728, stop=164081, strand=-, nt=[GTGCCTAGAT..TAATTTATAA]
16:39:39.091 - INFO - CDS - contig=contig_1, start=164311, stop=165078, strand=+, nt=[ATGGCATTGA..GAAAAAATAA]
16:39:39.091 - INFO - CDS - contig=contig_1, start=165183, stop=165680, strand=+, nt=[ATGAGACCAG..TTTAAACTAA]
16:39:39.092 - INFO - CDS - contig=contig_1, start=165737, stop=166687, strand=+, nt=[ATGAAAAAGG..TCTAAAATAA]
16:39:39.092 - INFO - CDS - contig=contig_1, start=166714, stop=167070, strand=+, nt=[ATGGCTGAAT..TGATTTTTAA]
16:39:39.092 - INFO - CDS - contig=contig_1, start=167311, stop=173088, strand=+, nt=[ATGCCAATGA..GGGTTATTAA]
16:39:39.092 - INFO - CDS - contig=contig_1, start=173106, stop=174134, strand=+, nt=[ATGGCAGATG..ATTGCCTTAA]
16:39:39.092 - INFO - CDS - contig=contig_1, start=175052, stop=175441, strand=+, nt=[ATGTATTTTG..ATTAAGATAA]
16:39:39.092 - INFO - CDS - contig=contig_1, start=175559, stop=176158, strand=+, nt=[TTGGCATTTA..AAATCTTTAG]
16:39:39.092 - INFO - CDS - contig=contig_1, start=176137, stop=176643, strand=+, nt=[ATGGAAAACG..TTTTATTTAA]
16:39:39.092 - INFO - CDS - contig=contig_1, start=176671, stop=177090, strand=+, nt=[ATGTGGAAAC..ATGTAATTAA]
16:39:39.092 - INFO - CDS - contig=contig_1, start=177136, stop=177966, strand=-, nt=[ATGGAAACAT..TAATAAATAG]
16:39:39.092 - INFO - CDS - contig=contig_1, start=177983, stop=180697, strand=-, nt=[ATGGCAGAAG..TTATATCTAA]
16:39:39.092 - INFO - CDS - contig=contig_1, start=180709, stop=181641, strand=-, nt=[ATGTCTGAGT..CTTTAAATAG]
16:39:39.092 - INFO - CDS - contig=contig_1, start=182065, stop=183327, strand=+, nt=[ATGGATATTA..TTTAAAATAA]
16:39:39.092 - INFO - CDS - contig=contig_1, start=183343, stop=184377, strand=+, nt=[ATGTTTTTTG..TTTATATTAA]
16:39:39.092 - INFO - CDS - contig=contig_1, start=184451, stop=185569, strand=+, nt=[ATGAAAAATC..AATTGAATAA]
16:39:39.092 - INFO - CDS - contig=contig_1, start=185637, stop=186527, strand=+, nt=[ATGGAATTTT..TAATGACTAA]
16:39:39.092 - INFO - CDS - contig=contig_1, start=186533, stop=187723, strand=-, nt=[ATGGATGCTT..AAAGAAATAA]
16:39:39.092 - INFO - CDS - contig=contig_1, start=187761, stop=187943, strand=-, nt=[ATGAATAATA..AAAAAGATAG]
16:39:39.092 - INFO - CDS - contig=contig_1, start=187936, stop=189069, strand=-, nt=[ATGTTATTAT..GTATGAATAA]
16:39:39.092 - INFO - CDS - contig=contig_1, start=189072, stop=189602, strand=-, nt=[ATGACAAACA..AGGAGAATAA]
16:39:39.092 - INFO - CDS - contig=contig_1, start=189695, stop=190744, strand=-, nt=[ATGACAACAG..TGAAAGTTAA]
16:39:39.092 - INFO - CDS - contig=contig_1, start=190771, stop=192867, strand=-, nt=[ATGAAGGATT..TGCAGTTTGA]
16:39:39.092 - INFO - CDS - contig=contig_1, start=192830, stop=193249, strand=-, nt=[ATGTTAATCA..GTATCACTAA]
16:39:39.092 - INFO - CDS - contig=contig_1, start=193263, stop=194300, strand=-, nt=[ATGAACAATA..ACTTCCTTAA]
16:39:39.092 - INFO - CDS - contig=contig_1, start=194414, stop=195799, strand=-, nt=[TTGGAGAATT..GTGTATCTAA]
16:39:39.092 - INFO - CDS - contig=contig_1, start=195870, stop=196694, strand=-, nt=[GTGGCAATTG..GAAAAAGTAA]
16:39:39.092 - INFO - CDS - contig=contig_1, start=196766, stop=198454, strand=-, nt=[ATGTCAGTTA..TCAGCAATAA]
16:39:39.092 - INFO - CDS - contig=contig_1, start=198496, stop=198828, strand=-, nt=[ATGAACAATG..AATAAAATAG]
16:39:39.092 - INFO - CDS - contig=contig_1, start=198881, stop=198997, strand=-, nt=[ATGCTAATCA..TAAGAAATAG]
16:39:39.092 - INFO - CDS - contig=contig_1, start=199108, stop=200304, strand=-, nt=[ATGAGTAAAA..GGAGGATTAA]
16:39:39.092 - INFO - CDS - contig=contig_1, start=200319, stop=200744, strand=-, nt=[GTGGCTGATG..TATTTTATAA]
16:39:39.092 - INFO - CDS - contig=contig_1, start=200867, stop=201583, strand=+, nt=[ATGAAAATAG..TAAAGAATAA]
16:39:39.092 - INFO - CDS - contig=contig_1, start=201749, stop=202531, strand=+, nt=[ATGAGAATTA..AGGAGAATAA]
16:39:39.092 - INFO - CDS - contig=contig_1, start=202537, stop=203262, strand=+, nt=[ATGCATCATT..TTCAAAATAA]
16:39:39.092 - INFO - CDS - contig=contig_1, start=203279, stop=204001, strand=+, nt=[ATGTTTAGAG..CTCCCTTTAG]
16:39:39.092 - INFO - CDS - contig=contig_1, start=204086, stop=204466, strand=+, nt=[ATGAGTGAAG..TGCTGAATAA]
16:39:39.092 - INFO - CDS - contig=contig_1, start=204647, stop=205168, strand=+, nt=[ATGAAAAAGA..GTTTATTTAA]
16:39:39.092 - INFO - CDS - contig=contig_1, start=205236, stop=206003, strand=+, nt=[ATGACAAACA..ATTAAAATGA]
16:39:39.093 - INFO - CDS - contig=contig_1, start=206045, stop=206500, strand=-, nt=[ATGGAACTAT..AGTAAAATAA]
16:39:39.093 - INFO - CDS - contig=contig_1, start=206544, stop=207077, strand=-, nt=[ATGAAAAAGA..TGGAGAATAA]
16:39:39.093 - INFO - CDS - contig=contig_1, start=207204, stop=207908, strand=+, nt=[ATGTTAGTAC..TCTTGCATAA]
16:39:39.093 - INFO - CDS - contig=contig_1, start=208469, stop=208828, strand=+, nt=[ATGAATATAG..AAAATTTTAA]
16:39:39.093 - INFO - CDS - contig=contig_1, start=209141, stop=209476, strand=+, nt=[ATGTTAAAAA..ACAATATTAA]
16:39:39.093 - INFO - CDS - contig=contig_1, start=209559, stop=210329, strand=+, nt=[ATGACAATGT..CTCTAATTAG]
16:39:39.093 - INFO - CDS - contig=contig_1, start=210369, stop=210788, strand=+, nt=[ATGACACCTG..CAAAAAATAA]
16:39:39.093 - INFO - CDS - contig=contig_1, start=211039, stop=211218, strand=+, nt=[ATGGCTGTTA..AACAAGATAA]
16:39:39.093 - INFO - CDS - contig=contig_1, start=211238, stop=211606, strand=+, nt=[ATGGAACATT..ATTAGTTTAA]
16:39:39.093 - INFO - CDS - contig=contig_1, start=211635, stop=212123, strand=+, nt=[ATGGCAATGA..TAATGACTAA]
16:39:39.093 - INFO - CDS - contig=contig_1, start=212230, stop=213480, strand=+, nt=[ATGAGAGAAT..AGAACTATAA]
16:39:39.093 - INFO - CDS - contig=contig_1, start=213503, stop=213787, strand=+, nt=[ATGAAATTAG..CTATTATTAA]
16:39:39.093 - INFO - CDS - contig=contig_1, start=213988, stop=214224, strand=+, nt=[ATGAGATCAC..AGTAATCTAA]
16:39:39.093 - INFO - CDS - contig=contig_1, start=214251, stop=214706, strand=+, nt=[ATGTACAGAG..TGTGAAATAA]
16:39:39.093 - INFO - CDS - contig=contig_1, start=214767, stop=215093, strand=+, nt=[ATGATAAAAA..AATAGAATAG]
16:39:39.093 - INFO - CDS - contig=contig_1, start=215106, stop=215606, strand=+, nt=[ATGGTACAAA..GGAGAATTAA]
16:39:39.093 - INFO - CDS - contig=contig_1, start=215610, stop=215852, strand=+, nt=[ATGCTAGATA..TAAGCAGTAA]
16:39:39.093 - INFO - CDS - contig=contig_1, start=215869, stop=216030, strand=+, nt=[ATGATCAAAG..AAATAAATAG]
16:39:39.093 - INFO - CDS - contig=contig_1, start=216073, stop=216807, strand=-, nt=[ATGACTGAAA..TTATGCATAA]
16:39:39.093 - INFO - CDS - contig=contig_1, start=216857, stop=219073, strand=-, nt=[TTGGGAAGCA..GGAAGTTTAA]
16:39:39.093 - INFO - CDS - contig=contig_1, start=219131, stop=219796, strand=+, nt=[ATGATAAAAA..TAGAACTTAA]
16:39:39.093 - INFO - CDS - contig=contig_1, start=219820, stop=220092, strand=-, nt=[ATGGGATTTA..CATTAGTTAA]
16:39:39.093 - INFO - CDS - contig=contig_1, start=220119, stop=220658, strand=-, nt=[TTGGGAAAAG..AGTAAAGTAA]
16:39:39.093 - INFO - CDS - contig=contig_1, start=220773, stop=221978, strand=+, nt=[TTGGAAAAAG..TATTGAGTAA]
16:39:39.093 - INFO - CDS - contig=contig_1, start=222079, stop=223776, strand=+, nt=[ATGGAAAACT..TAAAGGTTGA]
16:39:39.093 - INFO - CDS - contig=contig_1, start=223801, stop=224055, strand=-, nt=[ATGACAACTA..GTATGACTAA]
16:39:39.093 - INFO - CDS - contig=contig_1, start=224068, stop=224403, strand=-, nt=[TTGAAAAAAT..CTTAAATTAA]
16:39:39.093 - INFO - CDS - contig=contig_1, start=224434, stop=224616, strand=-, nt=[ATGGCGTGGG..AAATAAATAA]
16:39:39.093 - INFO - CDS - contig=contig_1, start=224629, stop=224943, strand=-, nt=[TTGATTAATA..TAAAATTTAA]
16:39:39.093 - INFO - CDS - contig=contig_1, start=224936, stop=225277, strand=-, nt=[ATGGATATTA..AATTGATTAA]
16:39:39.093 - INFO - CDS - contig=contig_1, start=225738, stop=226292, strand=-, nt=[ATGGAACTAA..ATACATTTAA]
16:39:39.093 - INFO - CDS - contig=contig_1, start=226372, stop=227520, strand=-, nt=[ATGGGGAAGA..ACCTCTTTAA]
16:39:39.093 - INFO - CDS - contig=contig_1, start=227745, stop=228959, strand=-, nt=[ATGTCATTAA..ATTTAAATAA]
16:39:39.093 - INFO - CDS - contig=contig_1, start=228966, stop=229505, strand=-, nt=[ATGGCTTATA..GGAAGGTTAG]
16:39:39.093 - INFO - CDS - contig=contig_1, start=229505, stop=229999, strand=-, nt=[ATGTTTAATG..TGGATATTGA]
16:39:39.093 - INFO - CDS - contig=contig_1, start=230056, stop=234372, strand=-, nt=[ATGATAATTA..TAACACTTGA]
16:39:39.093 - INFO - CDS - contig=contig_1, start=234391, stop=236190, strand=-, nt=[ATGGCTACAA..TGAAGGTTAA]
16:39:39.093 - INFO - CDS - contig=contig_1, start=236202, stop=236789, strand=-, nt=[ATGCCTAACG..TATAGGTTAG]
16:39:39.094 - INFO - CDS - contig=contig_1, start=236912, stop=239743, strand=-, nt=[ATGGCTTATG..GATCCGCTAA]
16:39:39.094 - INFO - CDS - contig=contig_1, start=239767, stop=242100, strand=-, nt=[ATGTCAATTA..ATTAAAATAA]
16:39:39.094 - INFO - CDS - contig=contig_1, start=242108, stop=244660, strand=-, nt=[ATGTTGAATG..CAAGGAGTGA]
16:39:39.094 - INFO - CDS - contig=contig_1, start=244677, stop=245609, strand=-, nt=[ATGAAAAAAA..ACTAAAATAA]
16:39:39.094 - INFO - CDS - contig=contig_1, start=245671, stop=246048, strand=-, nt=[ATGTCTACAA..ATTATCATAA]
16:39:39.094 - INFO - CDS - contig=contig_1, start=246121, stop=246306, strand=-, nt=[ATGAATAATT..AAGGGCTTAA]
16:39:39.094 - INFO - CDS - contig=contig_1, start=246398, stop=246838, strand=-, nt=[ATGATGAAAA..AATAAGTTAA]
16:39:39.094 - INFO - CDS - contig=contig_1, start=246804, stop=247205, strand=-, nt=[ATGAATATAC..ACAGGCTTAA]
16:39:39.094 - INFO - CDS - contig=contig_1, start=247234, stop=247629, strand=-, nt=[ATGCTAAAGA..TTTAGAATAA]
16:39:39.094 - INFO - CDS - contig=contig_1, start=247642, stop=248316, strand=-, nt=[ATGAAGGAGA..TATGTCATGA]
16:39:39.094 - INFO - CDS - contig=contig_1, start=248338, stop=249087, strand=-, nt=[ATGAGATTAA..TGAAAAGTAA]
16:39:39.094 - INFO - CDS - contig=contig_1, start=249121, stop=249453, strand=-, nt=[ATGACTAATA..TTTAAAGTAA]
16:39:39.094 - INFO - CDS - contig=contig_1, start=249466, stop=250026, strand=-, nt=[ATGAATATTT..GGCAATATAA]
16:39:39.094 - INFO - CDS - contig=contig_1, start=250026, stop=250220, strand=-, nt=[ATGGAAAATT..GAATAAATAA]
16:39:39.094 - INFO - CDS - contig=contig_1, start=250237, stop=250944, strand=-, nt=[ATGATAGAAT..CTTCAAATAA]
16:39:39.094 - INFO - CDS - predicted=296
16:39:39.393 - INFO - ORF - discarded=0
16:39:40.647 - INFO - UPS - looked-up=280
16:39:40.871 - INFO - IPS - looked-up=280
16:39:40.873 - INFO - ORF - write internal aa seqs: # seqs=16, path=/tmp/tmpy3oxgmgw/cds.psc.faa
16:40:47.643 - INFO - PSC - found: PSC=14, PSCC=1
16:40:47.878 - INFO - PSC - looked-up=295
16:40:48.085 - INFO - PSCC - looked-up=274
16:40:48.086 - INFO - ORF - write internal aa seqs: # seqs=296, path=/tmp/tmpy3oxgmgw/cds.expert.faa
16:40:49.776 - INFO - EXPERT-AMRFINDER - found=0
16:40:50.988 - INFO - EXPERT_AA_SEQ - found=0
16:40:50.989 - INFO - ANNOTATION - marked as hypothetical: contig=contig_1, start=1521, stop=2000, strand=+
16:40:50.989 - INFO - ANNOTATION - fix gene: extract symbol from protein name. symbol=dprA
16:40:50.989 - INFO - ANNOTATION - marked as hypothetical: contig=contig_1, start=5279, stop=5521, strand=+
16:40:50.990 - INFO - ANNOTATION - marked as hypothetical: contig=contig_1, start=14946, stop=15164, strand=+
16:40:50.991 - INFO - ANNOTATION - fix product: replace domain name underscores. new=Peptidase-M15-4 domain-containing protein, old=Peptidase_M15_4 domain-containing protein
16:40:50.991 - INFO - ANNOTATION - fix product: replace putative synonyms. new=putative metal-dependent peptidase, old=Predicted metal-dependent peptidase
16:40:50.991 - INFO - ANNOTATION - marked as hypothetical: contig=contig_1, start=24579, stop=25259, strand=+
16:40:50.992 - INFO - ANNOTATION - marked as hypothetical: contig=contig_1, start=29695, stop=30840, strand=+
16:40:50.992 - INFO - ANNOTATION - fix gene: extract symbol from protein name. symbol=yopX
16:40:50.992 - INFO - ANNOTATION - fix gene: extract symbol from protein name. symbol=mafI
16:40:50.993 - INFO - ANNOTATION - fix gene: extract symbol from protein name. symbol=dnaJ
16:40:50.993 - INFO - ANNOTATION - fix product: replace domain name underscores. new=PepSY-like domain-containing protein, old=PepSY_like domain-containing protein
16:40:50.994 - INFO - ANNOTATION - fix product: replace domain name underscores. new=PP-pnuc-1 domain-containing protein, old=PP_pnuc_1 domain-containing protein
16:40:50.994 - INFO - ANNOTATION - fix product: replace domain name underscores. new=Fimbrillin-C domain-containing protein, old=Fimbrillin_C domain-containing protein
16:40:50.994 - INFO - ANNOTATION - fix product: replace domain name underscores. new=Lant-dehydr-N domain-containing protein, old=Lant_dehydr_N domain-containing protein
16:40:50.995 - INFO - ANNOTATION - fix product: replace domain name underscores. new=Cauli-VI domain-containing protein, old=Cauli_VI domain-containing protein
16:40:50.995 - INFO - ANNOTATION - fix gene: extract symbol from protein name. symbol=yopX
16:40:50.996 - INFO - ANNOTATION - marked as hypothetical: contig=contig_1, start=58757, stop=58972, strand=-
16:40:50.996 - INFO - ANNOTATION - fix gene: extract symbol from protein name. symbol=vbhA
16:40:50.997 - INFO - ANNOTATION - fix product: replace domain name underscores. new=OrfB-Zn-ribbon domain-containing protein, old=OrfB_Zn_ribbon domain-containing protein
16:40:50.997 - INFO - ANNOTATION - marked as hypothetical: contig=contig_1, start=72589, stop=72735, strand=+
16:40:50.997 - INFO - ANNOTATION - marked as hypothetical: contig=contig_1, start=75538, stop=75945, strand=+
16:40:50.998 - INFO - ANNOTATION - marked as hypothetical: contig=contig_1, start=80177, stop=80323, strand=+
16:40:50.998 - INFO - ANNOTATION - fix gene: lowercase first char. new=uGI, old=UGI
16:40:50.998 - INFO - ANNOTATION - fix gene: lowercase first char. new=uGI, old=UGI
16:40:50.998 - INFO - ANNOTATION - marked as hypothetical: contig=contig_1, start=85631, stop=85975, strand=+
16:40:50.998 - INFO - ANNOTATION - fix gene: extract symbol from protein name. symbol=incA
16:40:50.999 - INFO - ANNOTATION - fix product: replace domain name underscores. new=RNA-pol-A-CTD domain-containing protein, old=RNA_pol_A_CTD domain-containing protein
16:40:51.000 - INFO - ANNOTATION - fix product: replace domain name underscores. new=ADPrib-exo-Tox domain-containing protein, old=ADPrib_exo_Tox domain-containing protein
16:40:51.000 - INFO - ANNOTATION - fix product: revise DUF. new=DUF600 domain-containing protein, old=DUF600 family protein
16:40:51.000 - INFO - ANNOTATION - marked as hypothetical: contig=contig_1, start=111835, stop=112335, strand=-
16:40:51.000 - INFO - ANNOTATION - fix gene: extract symbol from protein name. symbol=sbcC
16:40:51.001 - INFO - ANNOTATION - marked as hypothetical: contig=contig_1, start=118020, stop=118199, strand=-
16:40:51.002 - INFO - ANNOTATION - fix gene: extract symbol from protein name. symbol=nrnB
16:40:51.002 - INFO - ANNOTATION - marked as hypothetical: contig=contig_1, start=133600, stop=133887, strand=+
16:40:51.002 - INFO - ANNOTATION - fix product: replace domain name underscores. new=Rho-N domain-containing protein, old=Rho_N domain-containing protein
16:40:51.002 - INFO - ANNOTATION - fix product: replace domain name underscores. new=ADPrib-exo-Tox domain-containing protein, old=ADPrib_exo_Tox domain-containing protein
16:40:51.003 - INFO - ANNOTATION - fix product: replace domain name underscores. new=Hom-end-hint domain-containing protein, old=Hom_end_hint domain-containing protein
16:40:51.004 - INFO - ANNOTATION - marked as hypothetical: contig=contig_1, start=146620, stop=147135, strand=+
16:40:51.004 - INFO - ANNOTATION - fix product: replace domain name underscores. new=Ig-like-bact domain-containing protein, old=Ig-like_bact domain-containing protein
16:40:51.004 - INFO - ANNOTATION - fix product: replace domain name underscores. new=Hint-2 domain-containing protein, old=Hint_2 domain-containing protein
16:40:51.005 - INFO - ANNOTATION - fix product: replace domain name underscores. new=DEK-C domain-containing protein, old=DEK_C domain-containing protein
16:40:51.005 - INFO - ANNOTATION - fix gene: extract symbol from protein name. symbol=rusA
16:40:51.006 - INFO - ANNOTATION - marked as hypothetical: contig=contig_1, start=177136, stop=177966, strand=-
16:40:51.006 - INFO - ANNOTATION - fix product: replace domain name underscores. new=PA28-beta domain-containing protein, old=PA28_beta domain-containing protein
16:40:51.007 - INFO - ANNOTATION - marked as hypothetical: contig=contig_1, start=198881, stop=198997, strand=-
16:40:51.007 - INFO - ANNOTATION - marked as hypothetical: contig=contig_1, start=202537, stop=203262, strand=+
16:40:51.007 - INFO - ANNOTATION - fix gene: extract symbol from protein name. symbol=ysxE
16:40:51.007 - INFO - ANNOTATION - fix product: replace Homolog. new=t-SNARE coiled-coil-like y domain-containing protein, old=t-SNARE coiled-coil homology domain-containing protein
16:40:51.008 - INFO - ANNOTATION - fix gene: extract symbol from protein name. symbol=yycH
16:40:51.008 - INFO - ANNOTATION - marked as hypothetical: contig=contig_1, start=224936, stop=225277, strand=-
16:40:51.009 - INFO - ANNOTATION - fix gene: extract symbol from protein name. symbol=cdvA
16:40:51.009 - INFO - ANNOTATION - fix product: replace domain name underscores. new=H-lectin domain-containing protein, old=H_lectin domain-containing protein
16:40:51.009 - INFO - ANNOTATION - marked as hypothetical: contig=contig_1, start=250026, stop=250220, strand=-
16:40:51.009 - INFO - ANNOTATION - marked as hypothetical: contig=contig_1, start=250237, stop=250944, strand=-
16:40:51.010 - INFO - ORF - write internal aa seqs: # seqs=20, path=/tmp/tmpy3oxgmgw/cds.pseudo.candidates.faa
16:42:06.488 - INFO - CDS - found: pseudogene-candidates=1
16:42:09.469 - INFO - CDS - found: pseudogenes=0
16:42:09.473 - INFO - PSC - looked-up=0
16:42:09.475 - INFO - PSCC - looked-up=0
16:42:13.275 - INFO - CDS - predicted-pfams=0, CDS-w/-pfams=0
16:42:13.540 - INFO - S_ORF - predicted=4007
16:42:13.999 - INFO - S_ORF - sORF filter: # valid=515, # discarded=3492
16:42:14.156 - INFO - ORF - discarded=0
16:42:15.576 - INFO - UPS - looked-up=0
16:42:15.579 - INFO - IPS - looked-up=0
16:42:15.579 - INFO - ORF - write internal aa seqs: # seqs=515, path=/tmp/tmpy3oxgmgw/sorf.faa
16:42:15.883 - INFO - S_ORF - found=0
16:42:15.885 - INFO - PSC - looked-up=0
16:42:15.886 - INFO - PSCC - looked-up=0
16:42:17.370 - INFO - ORI - predicted=0
16:42:17.799 - INFO - ORI - predicted=0
16:42:17.801 - INFO - UTILS - generated sequence tag prefix: prefix=JDDKHIJJPH, length=10, MD5=3DD4123391053EB442D18A03F86EC191
16:42:17.802 - INFO - MAIN - selected features=297
16:42:17.804 - INFO - UTILS - generated sequence tag prefix: prefix=JDDKHI, length=6, MD5=3DD4123391053EB442D18A03F86EC191
16:42:17.804 - INFO - MAIN - locus tag prefix=JDDKHI
16:42:17.806 - INFO - UTILS - genome-size=251042
16:42:17.810 - INFO - UTILS - GC=0.278
16:42:17.810 - INFO - UTILS - N=0.000
16:42:17.810 - INFO - UTILS - N50=251042
16:42:17.811 - INFO - UTILS - coding-ratio=0.896
16:42:17.812 - INFO - TSV - write tsv: path=/net/holy-nfsisilon/ifs/rc_labs/eddy_lab/users/lmerk/phage_groupII/data/bakta_output/KU878088/KU878088.tsv
16:42:17.823 - INFO - GFF - write GFF3: path=/net/holy-nfsisilon/ifs/rc_labs/eddy_lab/users/lmerk/phage_groupII/data/bakta_output/KU878088/KU878088.gff3
16:42:17.852 - INFO - INSDC - write GenBank: path=/net/holy-nfsisilon/ifs/rc_labs/eddy_lab/users/lmerk/phage_groupII/data/bakta_output/KU878088/KU878088.gbff
16:42:17.899 - INFO - INSDC - write EMBL: path=/net/holy-nfsisilon/ifs/rc_labs/eddy_lab/users/lmerk/phage_groupII/data/bakta_output/KU878088/KU878088.embl
16:42:17.939 - INFO - FASTA - write genome sequences: path=/net/holy-nfsisilon/ifs/rc_labs/eddy_lab/users/lmerk/phage_groupII/data/bakta_output/KU878088/KU878088.fna, description=True, wrap=True
16:42:17.947 - INFO - FASTA - write feature nucleotide sequences: path=/net/holy-nfsisilon/ifs/rc_labs/eddy_lab/users/lmerk/phage_groupII/data/bakta_output/KU878088/KU878088.ffn
16:42:17.955 - INFO - FASTA - write translated CDS/sORF: path=/net/holy-nfsisilon/ifs/rc_labs/eddy_lab/users/lmerk/phage_groupII/data/bakta_output/KU878088/KU878088.faa
16:42:18.025 - INFO - PLOT - write circular genome plot: file-name=KU878088, output-dir=/net/holy-nfsisilon/ifs/rc_labs/eddy_lab/users/lmerk/phage_groupII/data/bakta_output/KU878088
16:42:29.848 - INFO - TSV - write hypothetical tsv: path=/net/holy-nfsisilon/ifs/rc_labs/eddy_lab/users/lmerk/phage_groupII/data/bakta_output/KU878088/KU878088.hypotheticals.tsv
16:42:29.853 - INFO - FASTA - write translated CDS/sORF: path=/net/holy-nfsisilon/ifs/rc_labs/eddy_lab/users/lmerk/phage_groupII/data/bakta_output/KU878088/KU878088.hypotheticals.faa
16:42:29.857 - INFO - JSON - write JSON: path=/net/holy-nfsisilon/ifs/rc_labs/eddy_lab/users/lmerk/phage_groupII/data/bakta_output/KU878088/KU878088.json
16:42:29.919 - INFO - MAIN - removed tmp dir: /tmp/tmpy3oxgmgw
