Discrepancy Report Results

Summary
FATAL: MISSING_PROTEIN_ID:48 proteins have invalid IDs.
DISC_SOURCE_QUALS_ASNDISC:strain (all present, all unique)
DISC_SOURCE_QUALS_ASNDISC:taxname (all present, all unique)
DISC_FEATURE_COUNT:CDS: 48 present
DISC_COUNT_NUCLEOTIDES:1 nucleotide Bioseqs are present
FEATURE_LOCATION_CONFLICT:48 features have inconsistent gene locations.
OVERLAPPING_CDS:23 coding regions overlap another coding region with a similar or identical name.
DISC_QUALITY_SCORES:Quality scores are missing on all sequences.
ONCALLER_COMMENT_PRESENT:1 comment descriptors were found (all same)
MISSING_GENOMEASSEMBLY_COMMENTS:1 bioseqs are missing GenomeAssembly structured comments
MOLTYPE_NOT_MRNA:1 molecule types are not set as mRNA.
TECHNIQUE_NOT_TSA:1 technique are not set as TSA
MISSING_STRUCTURED_COMMENT:1 sequences do not include structured comments.
MISSING_PROJECT:49 sequences do not include project.
DISC_INCONSISTENT_MOLINFO_TECH:Molinfo Technique Report (some missing, all same)


Detailed Report

FATAL: DiscRep_ALL:MISSING_PROTEIN_ID::48 proteins have invalid IDs.
GenomesDB/MK448888/MK448888:MK448888_1 (length 356)
GenomesDB/MK448888/MK448888:MK448888_2 (length 134)
GenomesDB/MK448888/MK448888:MK448888_3 (length 126)
GenomesDB/MK448888/MK448888:MK448888_4 (length 120)
GenomesDB/MK448888/MK448888:MK448888_5 (length 54)
GenomesDB/MK448888/MK448888:MK448888_6 (length 156)
GenomesDB/MK448888/MK448888:MK448888_7 (length 69)
GenomesDB/MK448888/MK448888:MK448888_8 (length 236)
GenomesDB/MK448888/MK448888:MK448888_9 (length 94)
GenomesDB/MK448888/MK448888:MK448888_10 (length 71)
GenomesDB/MK448888/MK448888:MK448888_11 (length 443)
GenomesDB/MK448888/MK448888:MK448888_12 (length 200)
GenomesDB/MK448888/MK448888:MK448888_13 (length 248)
GenomesDB/MK448888/MK448888:MK448888_14 (length 273)
GenomesDB/MK448888/MK448888:MK448888_15 (length 51)
GenomesDB/MK448888/MK448888:MK448888_16 (length 163)
GenomesDB/MK448888/MK448888:MK448888_17 (length 109)
GenomesDB/MK448888/MK448888:MK448888_18 (length 118)
GenomesDB/MK448888/MK448888:MK448888_19 (length 68)
GenomesDB/MK448888/MK448888:MK448888_20 (length 138)
GenomesDB/MK448888/MK448888:MK448888_21 (length 439)
GenomesDB/MK448888/MK448888:MK448888_22 (length 86)
GenomesDB/MK448888/MK448888:MK448888_23 (length 115)
GenomesDB/MK448888/MK448888:MK448888_24 (length 154)
GenomesDB/MK448888/MK448888:MK448888_25 (length 180)
GenomesDB/MK448888/MK448888:MK448888_26 (length 95)
GenomesDB/MK448888/MK448888:MK448888_27 (length 119)
GenomesDB/MK448888/MK448888:MK448888_28 (length 159)
GenomesDB/MK448888/MK448888:MK448888_29 (length 570)
GenomesDB/MK448888/MK448888:MK448888_30 (length 380)
GenomesDB/MK448888/MK448888:MK448888_31 (length 180)
GenomesDB/MK448888/MK448888:MK448888_32 (length 420)
GenomesDB/MK448888/MK448888:MK448888_33 (length 111)
GenomesDB/MK448888/MK448888:MK448888_34 (length 101)
GenomesDB/MK448888/MK448888:MK448888_35 (length 115)
GenomesDB/MK448888/MK448888:MK448888_36 (length 114)
GenomesDB/MK448888/MK448888:MK448888_37 (length 227)
GenomesDB/MK448888/MK448888:MK448888_38 (length 158)
GenomesDB/MK448888/MK448888:MK448888_39 (length 911)
GenomesDB/MK448888/MK448888:MK448888_40 (length 240)
GenomesDB/MK448888/MK448888:MK448888_41 (length 1224)
GenomesDB/MK448888/MK448888:MK448888_42 (length 76)
GenomesDB/MK448888/MK448888:MK448888_43 (length 112)
GenomesDB/MK448888/MK448888:MK448888_44 (length 136)
GenomesDB/MK448888/MK448888:MK448888_45 (length 109)
GenomesDB/MK448888/MK448888:MK448888_46 (length 468)
GenomesDB/MK448888/MK448888:MK448888_47 (length 61)
GenomesDB/MK448888/MK448888:MK448888_48 (length 134)

DiscRep_ALL:DISC_SOURCE_QUALS_ASNDISC::strain (all present, all unique)
DiscRep_SUB:DISC_SOURCE_QUALS_ASNDISC::1 sources have unique values for strain
DiscRep_ALL:DISC_SOURCE_QUALS_ASNDISC::taxname (all present, all unique)
DiscRep_SUB:DISC_SOURCE_QUALS_ASNDISC::1 sources have unique values for taxname
DiscRep_ALL:DISC_FEATURE_COUNT::CDS: 48 present
DiscRep_ALL:DISC_COUNT_NUCLEOTIDES::1 nucleotide Bioseqs are present
GenomesDB/MK448888/MK448888:MK448888 (length 33765)

DiscRep_ALL:FEATURE_LOCATION_CONFLICT::48 features have inconsistent gene locations.
DiscRep_SUB:FEATURE_LOCATION_CONFLICT::Coding region xref gene does not exist
GenomesDB/MK448888/MK448888:CDS	unannotated protein	MK448888:c1071-1	MK448888_00001

DiscRep_SUB:FEATURE_LOCATION_CONFLICT::Coding region xref gene does not exist
GenomesDB/MK448888/MK448888:CDS	unannotated protein	MK448888:c1597-1193	MK448888_00002

DiscRep_SUB:FEATURE_LOCATION_CONFLICT::Coding region xref gene does not exist
GenomesDB/MK448888/MK448888:CDS	unannotated protein	MK448888:c2030-1650	MK448888_00003

DiscRep_SUB:FEATURE_LOCATION_CONFLICT::Coding region xref gene does not exist
GenomesDB/MK448888/MK448888:CDS	unannotated protein	MK448888:c2399-2037	MK448888_00004

DiscRep_SUB:FEATURE_LOCATION_CONFLICT::Coding region xref gene does not exist
GenomesDB/MK448888/MK448888:CDS	unannotated protein	MK448888:2685-2849	MK448888_00005

DiscRep_SUB:FEATURE_LOCATION_CONFLICT::Coding region xref gene does not exist
GenomesDB/MK448888/MK448888:CDS	unannotated protein	MK448888:c3302-2832	MK448888_00006

DiscRep_SUB:FEATURE_LOCATION_CONFLICT::Coding region xref gene does not exist
GenomesDB/MK448888/MK448888:CDS	unannotated protein	MK448888:3363-3572	MK448888_00007

DiscRep_SUB:FEATURE_LOCATION_CONFLICT::Coding region xref gene does not exist
GenomesDB/MK448888/MK448888:CDS	unannotated protein	MK448888:3575-4285	MK448888_00008

DiscRep_SUB:FEATURE_LOCATION_CONFLICT::Coding region xref gene does not exist
GenomesDB/MK448888/MK448888:CDS	unannotated protein	MK448888:4345-4629	MK448888_00009

DiscRep_SUB:FEATURE_LOCATION_CONFLICT::Coding region xref gene does not exist
GenomesDB/MK448888/MK448888:CDS	unannotated protein	MK448888:4646-4861	MK448888_00010

DiscRep_SUB:FEATURE_LOCATION_CONFLICT::Coding region xref gene does not exist
GenomesDB/MK448888/MK448888:CDS	unannotated protein	MK448888:4870-6201	MK448888_00011

DiscRep_SUB:FEATURE_LOCATION_CONFLICT::Coding region xref gene does not exist
GenomesDB/MK448888/MK448888:CDS	unannotated protein	MK448888:6204-6806	MK448888_00012

DiscRep_SUB:FEATURE_LOCATION_CONFLICT::Coding region xref gene does not exist
GenomesDB/MK448888/MK448888:CDS	unannotated protein	MK448888:6784-7530	MK448888_00013

DiscRep_SUB:FEATURE_LOCATION_CONFLICT::Coding region xref gene does not exist
GenomesDB/MK448888/MK448888:CDS	unannotated protein	MK448888:7531-8352	MK448888_00014

DiscRep_SUB:FEATURE_LOCATION_CONFLICT::Coding region xref gene does not exist
GenomesDB/MK448888/MK448888:CDS	unannotated protein	MK448888:8395-8550	MK448888_00015

DiscRep_SUB:FEATURE_LOCATION_CONFLICT::Coding region xref gene does not exist
GenomesDB/MK448888/MK448888:CDS	unannotated protein	MK448888:8543-9034	MK448888_00016

DiscRep_SUB:FEATURE_LOCATION_CONFLICT::Coding region xref gene does not exist
GenomesDB/MK448888/MK448888:CDS	unannotated protein	MK448888:9034-9363	MK448888_00017

DiscRep_SUB:FEATURE_LOCATION_CONFLICT::Coding region xref gene does not exist
GenomesDB/MK448888/MK448888:CDS	unannotated protein	MK448888:9363-9719	MK448888_00018

DiscRep_SUB:FEATURE_LOCATION_CONFLICT::Coding region xref gene does not exist
GenomesDB/MK448888/MK448888:CDS	unannotated protein	MK448888:9716-9922	MK448888_00019

DiscRep_SUB:FEATURE_LOCATION_CONFLICT::Coding region xref gene does not exist
GenomesDB/MK448888/MK448888:CDS	unannotated protein	MK448888:9912-10328	MK448888_00020

DiscRep_SUB:FEATURE_LOCATION_CONFLICT::Coding region xref gene does not exist
GenomesDB/MK448888/MK448888:CDS	unannotated protein	MK448888:10909-12228	MK448888_00021

DiscRep_SUB:FEATURE_LOCATION_CONFLICT::Coding region xref gene does not exist
GenomesDB/MK448888/MK448888:CDS	unannotated protein	MK448888:12361-12621	MK448888_00022

DiscRep_SUB:FEATURE_LOCATION_CONFLICT::Coding region xref gene does not exist
GenomesDB/MK448888/MK448888:CDS	unannotated protein	MK448888:12618-12965	MK448888_00023

DiscRep_SUB:FEATURE_LOCATION_CONFLICT::Coding region xref gene does not exist
GenomesDB/MK448888/MK448888:CDS	unannotated protein	MK448888:12962-13426	MK448888_00024

DiscRep_SUB:FEATURE_LOCATION_CONFLICT::Coding region xref gene does not exist
GenomesDB/MK448888/MK448888:CDS	unannotated protein	MK448888:13536-14078	MK448888_00025

DiscRep_SUB:FEATURE_LOCATION_CONFLICT::Coding region xref gene does not exist
GenomesDB/MK448888/MK448888:CDS	unannotated protein	MK448888:14368-14655	MK448888_00026

DiscRep_SUB:FEATURE_LOCATION_CONFLICT::Coding region xref gene does not exist
GenomesDB/MK448888/MK448888:CDS	unannotated protein	MK448888:14655-15014	MK448888_00027

DiscRep_SUB:FEATURE_LOCATION_CONFLICT::Coding region xref gene does not exist
GenomesDB/MK448888/MK448888:CDS	unannotated protein	MK448888:15108-15587	MK448888_00028

DiscRep_SUB:FEATURE_LOCATION_CONFLICT::Coding region xref gene does not exist
GenomesDB/MK448888/MK448888:CDS	unannotated protein	MK448888:15580-17292	MK448888_00029

DiscRep_SUB:FEATURE_LOCATION_CONFLICT::Coding region xref gene does not exist
GenomesDB/MK448888/MK448888:CDS	unannotated protein	MK448888:17301-18443	MK448888_00030

DiscRep_SUB:FEATURE_LOCATION_CONFLICT::Coding region xref gene does not exist
GenomesDB/MK448888/MK448888:CDS	unannotated protein	MK448888:18493-19035	MK448888_00031

DiscRep_SUB:FEATURE_LOCATION_CONFLICT::Coding region xref gene does not exist
GenomesDB/MK448888/MK448888:CDS	unannotated protein	MK448888:19046-20308	MK448888_00032

DiscRep_SUB:FEATURE_LOCATION_CONFLICT::Coding region xref gene does not exist
GenomesDB/MK448888/MK448888:CDS	unannotated protein	MK448888:20329-20664	MK448888_00033

DiscRep_SUB:FEATURE_LOCATION_CONFLICT::Coding region xref gene does not exist
GenomesDB/MK448888/MK448888:CDS	unannotated protein	MK448888:20661-20966	MK448888_00034

DiscRep_SUB:FEATURE_LOCATION_CONFLICT::Coding region xref gene does not exist
GenomesDB/MK448888/MK448888:CDS	unannotated protein	MK448888:20966-21313	MK448888_00035

DiscRep_SUB:FEATURE_LOCATION_CONFLICT::Coding region xref gene does not exist
GenomesDB/MK448888/MK448888:CDS	unannotated protein	MK448888:21300-21644	MK448888_00036

DiscRep_SUB:FEATURE_LOCATION_CONFLICT::Coding region xref gene does not exist
GenomesDB/MK448888/MK448888:CDS	unannotated protein	MK448888:21659-22342	MK448888_00037

DiscRep_SUB:FEATURE_LOCATION_CONFLICT::Coding region xref gene does not exist
GenomesDB/MK448888/MK448888:CDS	unannotated protein	MK448888:22342-22818	MK448888_00038

DiscRep_SUB:FEATURE_LOCATION_CONFLICT::Coding region xref gene does not exist
GenomesDB/MK448888/MK448888:CDS	unannotated protein	MK448888:23004-25739	MK448888_00039

DiscRep_SUB:FEATURE_LOCATION_CONFLICT::Coding region xref gene does not exist
GenomesDB/MK448888/MK448888:CDS	unannotated protein	MK448888:25736-26458	MK448888_00040

DiscRep_SUB:FEATURE_LOCATION_CONFLICT::Coding region xref gene does not exist
GenomesDB/MK448888/MK448888:CDS	unannotated protein	MK448888:26459-30133	MK448888_00041

DiscRep_SUB:FEATURE_LOCATION_CONFLICT::Coding region xref gene does not exist
GenomesDB/MK448888/MK448888:CDS	unannotated protein	MK448888:30150-30380	MK448888_00042

DiscRep_SUB:FEATURE_LOCATION_CONFLICT::Coding region xref gene does not exist
GenomesDB/MK448888/MK448888:CDS	unannotated protein	MK448888:30383-30721	MK448888_00043

DiscRep_SUB:FEATURE_LOCATION_CONFLICT::Coding region xref gene does not exist
GenomesDB/MK448888/MK448888:CDS	unannotated protein	MK448888:30756-31166	MK448888_00044

DiscRep_SUB:FEATURE_LOCATION_CONFLICT::Coding region xref gene does not exist
GenomesDB/MK448888/MK448888:CDS	unannotated protein	MK448888:31169-31498	MK448888_00045

DiscRep_SUB:FEATURE_LOCATION_CONFLICT::Coding region xref gene does not exist
GenomesDB/MK448888/MK448888:CDS	unannotated protein	MK448888:31502-32908	MK448888_00046

DiscRep_SUB:FEATURE_LOCATION_CONFLICT::Coding region xref gene does not exist
GenomesDB/MK448888/MK448888:CDS	unannotated protein	MK448888:33115-33300	MK448888_00047

DiscRep_SUB:FEATURE_LOCATION_CONFLICT::Coding region xref gene does not exist
GenomesDB/MK448888/MK448888:CDS	unannotated protein	MK448888:33361-33765	MK448888_00048

DiscRep_ALL:OVERLAPPING_CDS::23 coding regions overlap another coding region with a similar or identical name.
DiscRep_SUB:OVERLAPPING_CDS::23 coding regions overlap another coding region with a similar or identical name that do not have the appropriate note text
GenomesDB/MK448888/MK448888:CDS	unannotated protein	MK448888:6204-6806	MK448888_00012
GenomesDB/MK448888/MK448888:CDS	unannotated protein	MK448888:6784-7530	MK448888_00013
GenomesDB/MK448888/MK448888:CDS	unannotated protein	MK448888:8395-8550	MK448888_00015
GenomesDB/MK448888/MK448888:CDS	unannotated protein	MK448888:8543-9034	MK448888_00016
GenomesDB/MK448888/MK448888:CDS	unannotated protein	MK448888:9034-9363	MK448888_00017
GenomesDB/MK448888/MK448888:CDS	unannotated protein	MK448888:9363-9719	MK448888_00018
GenomesDB/MK448888/MK448888:CDS	unannotated protein	MK448888:9716-9922	MK448888_00019
GenomesDB/MK448888/MK448888:CDS	unannotated protein	MK448888:9912-10328	MK448888_00020
GenomesDB/MK448888/MK448888:CDS	unannotated protein	MK448888:12361-12621	MK448888_00022
GenomesDB/MK448888/MK448888:CDS	unannotated protein	MK448888:12618-12965	MK448888_00023
GenomesDB/MK448888/MK448888:CDS	unannotated protein	MK448888:12962-13426	MK448888_00024
GenomesDB/MK448888/MK448888:CDS	unannotated protein	MK448888:14368-14655	MK448888_00026
GenomesDB/MK448888/MK448888:CDS	unannotated protein	MK448888:14655-15014	MK448888_00027
GenomesDB/MK448888/MK448888:CDS	unannotated protein	MK448888:15108-15587	MK448888_00028
GenomesDB/MK448888/MK448888:CDS	unannotated protein	MK448888:15580-17292	MK448888_00029
GenomesDB/MK448888/MK448888:CDS	unannotated protein	MK448888:20329-20664	MK448888_00033
GenomesDB/MK448888/MK448888:CDS	unannotated protein	MK448888:20661-20966	MK448888_00034
GenomesDB/MK448888/MK448888:CDS	unannotated protein	MK448888:20966-21313	MK448888_00035
GenomesDB/MK448888/MK448888:CDS	unannotated protein	MK448888:21300-21644	MK448888_00036
GenomesDB/MK448888/MK448888:CDS	unannotated protein	MK448888:21659-22342	MK448888_00037
GenomesDB/MK448888/MK448888:CDS	unannotated protein	MK448888:22342-22818	MK448888_00038
GenomesDB/MK448888/MK448888:CDS	unannotated protein	MK448888:23004-25739	MK448888_00039
GenomesDB/MK448888/MK448888:CDS	unannotated protein	MK448888:25736-26458	MK448888_00040

DiscRep_ALL:DISC_QUALITY_SCORES::Quality scores are missing on all sequences.

DiscRep_ALL:ONCALLER_COMMENT_PRESENT::1 comment descriptors were found (all same)
GenomesDB/MK448888/MK448888:MK448888:Annotated using prokka 1.14.6 from https://github.com/tseemann/prokka

DiscRep_ALL:MISSING_GENOMEASSEMBLY_COMMENTS::1 bioseqs are missing GenomeAssembly structured comments
GenomesDB/MK448888/MK448888:MK448888 (length 33765)

DiscRep_ALL:MOLTYPE_NOT_MRNA::1 molecule types are not set as mRNA.
GenomesDB/MK448888/MK448888:MK448888 (length 33765)

DiscRep_ALL:TECHNIQUE_NOT_TSA::1 technique are not set as TSA
GenomesDB/MK448888/MK448888:MK448888 (length 33765)

DiscRep_ALL:MISSING_STRUCTURED_COMMENT::1 sequences do not include structured comments.
GenomesDB/MK448888/MK448888:MK448888 (length 33765)

DiscRep_ALL:MISSING_PROJECT::49 sequences do not include project.
GenomesDB/MK448888/MK448888:MK448888 (length 33765)
GenomesDB/MK448888/MK448888:MK448888_1 (length 356)
GenomesDB/MK448888/MK448888:MK448888_2 (length 134)
GenomesDB/MK448888/MK448888:MK448888_3 (length 126)
GenomesDB/MK448888/MK448888:MK448888_4 (length 120)
GenomesDB/MK448888/MK448888:MK448888_5 (length 54)
GenomesDB/MK448888/MK448888:MK448888_6 (length 156)
GenomesDB/MK448888/MK448888:MK448888_7 (length 69)
GenomesDB/MK448888/MK448888:MK448888_8 (length 236)
GenomesDB/MK448888/MK448888:MK448888_9 (length 94)
GenomesDB/MK448888/MK448888:MK448888_10 (length 71)
GenomesDB/MK448888/MK448888:MK448888_11 (length 443)
GenomesDB/MK448888/MK448888:MK448888_12 (length 200)
GenomesDB/MK448888/MK448888:MK448888_13 (length 248)
GenomesDB/MK448888/MK448888:MK448888_14 (length 273)
GenomesDB/MK448888/MK448888:MK448888_15 (length 51)
GenomesDB/MK448888/MK448888:MK448888_16 (length 163)
GenomesDB/MK448888/MK448888:MK448888_17 (length 109)
GenomesDB/MK448888/MK448888:MK448888_18 (length 118)
GenomesDB/MK448888/MK448888:MK448888_19 (length 68)
GenomesDB/MK448888/MK448888:MK448888_20 (length 138)
GenomesDB/MK448888/MK448888:MK448888_21 (length 439)
GenomesDB/MK448888/MK448888:MK448888_22 (length 86)
GenomesDB/MK448888/MK448888:MK448888_23 (length 115)
GenomesDB/MK448888/MK448888:MK448888_24 (length 154)
GenomesDB/MK448888/MK448888:MK448888_25 (length 180)
GenomesDB/MK448888/MK448888:MK448888_26 (length 95)
GenomesDB/MK448888/MK448888:MK448888_27 (length 119)
GenomesDB/MK448888/MK448888:MK448888_28 (length 159)
GenomesDB/MK448888/MK448888:MK448888_29 (length 570)
GenomesDB/MK448888/MK448888:MK448888_30 (length 380)
GenomesDB/MK448888/MK448888:MK448888_31 (length 180)
GenomesDB/MK448888/MK448888:MK448888_32 (length 420)
GenomesDB/MK448888/MK448888:MK448888_33 (length 111)
GenomesDB/MK448888/MK448888:MK448888_34 (length 101)
GenomesDB/MK448888/MK448888:MK448888_35 (length 115)
GenomesDB/MK448888/MK448888:MK448888_36 (length 114)
GenomesDB/MK448888/MK448888:MK448888_37 (length 227)
GenomesDB/MK448888/MK448888:MK448888_38 (length 158)
GenomesDB/MK448888/MK448888:MK448888_39 (length 911)
GenomesDB/MK448888/MK448888:MK448888_40 (length 240)
GenomesDB/MK448888/MK448888:MK448888_41 (length 1224)
GenomesDB/MK448888/MK448888:MK448888_42 (length 76)
GenomesDB/MK448888/MK448888:MK448888_43 (length 112)
GenomesDB/MK448888/MK448888:MK448888_44 (length 136)
GenomesDB/MK448888/MK448888:MK448888_45 (length 109)
GenomesDB/MK448888/MK448888:MK448888_46 (length 468)
GenomesDB/MK448888/MK448888:MK448888_47 (length 61)
GenomesDB/MK448888/MK448888:MK448888_48 (length 134)

DiscRep_ALL:DISC_INCONSISTENT_MOLINFO_TECH::Molinfo Technique Report (some missing, all same)
DiscRep_SUB:DISC_INCONSISTENT_MOLINFO_TECH::technique (all missing)
DiscRep_SUB:DISC_INCONSISTENT_MOLINFO_TECH::1 Molinfos are missing field technique
GenomesDB/MK448888/MK448888:MK448888 (length 33765)

