16:39:07.238 - INFO - UTILS - version=1.9.1
16:39:07.239 - INFO - UTILS - developer: Oliver Schwengers, github.com/oschwengers
16:39:07.239 - INFO - UTILS - command: /n/home07/lmerk/.conda/envs/bakta/bin/bakta --force --db /n/eddy_lab/users/lmerk/databases/full/db -o ../data/bakta_output/EU982300 ../data/genomes/groupII_millard/EU982300/EU982300.fna
16:39:07.239 - INFO - UTILS - local time: 2024-03-13 16:39:07
16:39:07.243 - INFO - UTILS - machine: type=x86_64, cores=64
16:39:07.243 - INFO - UTILS - system: type=Linux, release=4.18.0-425.10.1.el8_7.x86_64
16:39:07.244 - INFO - UTILS - python: version=3.10.13, implementation=CPython
16:39:07.244 - INFO - CONFIG - threads=64
16:39:07.244 - INFO - CONFIG - verbose=False
16:39:07.244 - INFO - CONFIG - debug=False
16:39:07.248 - INFO - CONFIG - database: type=parameter, path=/net/holy-nfsisilon/ifs/rc_labs/eddy_lab/users/lmerk/databases/full/db
16:39:07.249 - INFO - CONFIG - tmp-path=/tmp/tmpsfqb4gut
16:39:07.255 - INFO - CONFIG - genome-path=/net/holy-nfsisilon/ifs/rc_labs/eddy_lab/users/lmerk/phage_groupII/data/genomes/groupII_millard/EU982300/EU982300.fna
16:39:07.255 - INFO - CONFIG - min_contig_length=1
16:39:07.255 - INFO - CONFIG - prefix=EU982300
16:39:07.255 - INFO - CONFIG - output-path=/net/holy-nfsisilon/ifs/rc_labs/eddy_lab/users/lmerk/phage_groupII/data/bakta_output/EU982300
16:39:07.255 - INFO - CONFIG - force=True
16:39:07.255 - INFO - CONFIG - genus=None
16:39:07.256 - INFO - CONFIG - species=None
16:39:07.256 - INFO - CONFIG - strain=None
16:39:07.256 - INFO - CONFIG - plasmid=None
16:39:07.256 - INFO - CONFIG - complete=False
16:39:07.256 - INFO - CONFIG - prodigal_tf=None
16:39:07.256 - INFO - CONFIG - translation_table=11
16:39:07.256 - INFO - CONFIG - gram=?
16:39:07.256 - INFO - CONFIG - compliant=False
16:39:07.256 - INFO - CONFIG - meta=False
16:39:07.256 - INFO - CONFIG - locus=None
16:39:07.256 - INFO - CONFIG - locus-tag=None
16:39:07.256 - INFO - CONFIG - keep_contig_headers=False
16:39:07.256 - INFO - CONFIG - replicon-table=None
16:39:07.256 - INFO - CONFIG - regions=None
16:39:07.257 - INFO - CONFIG - skip-tRNA=False
16:39:07.257 - INFO - CONFIG - skip-tmRNA=False
16:39:07.257 - INFO - CONFIG - skip-rRNA=False
16:39:07.257 - INFO - CONFIG - skip-ncRNA=False
16:39:07.257 - INFO - CONFIG - skip-ncRNA-region=False
16:39:07.257 - INFO - CONFIG - skip-CRISPR=False
16:39:07.257 - INFO - CONFIG - skip-CDS=False
16:39:07.257 - INFO - CONFIG - skip-pseudo=False
16:39:07.257 - INFO - CONFIG - skip-sORF=False
16:39:07.257 - INFO - CONFIG - skip-gap=False
16:39:07.257 - INFO - CONFIG - skip-ori=False
16:39:07.257 - INFO - CONFIG - skip-plot=False
16:39:07.259 - INFO - DB - detected: major=5, minor=0, type=full, date=2023-02-20
16:39:07.881 - INFO - UTILS - dependency: tool=tRNAscan-SE, version=v2.0.12, path=/n/home07/lmerk/.conda/envs/bakta/bin/tRNAscan-SE
16:39:07.888 - INFO - UTILS - dependency: tool=Aragorn, version=v1.2.41, path=/n/home07/lmerk/.conda/envs/bakta/bin/aragorn
16:39:07.902 - INFO - UTILS - dependency: tool=CMscan, version=v1.1.4, path=/n/home07/lmerk/goodies/bin/cmscan
16:39:07.919 - INFO - UTILS - dependency: tool=PilerCR, version=v1.6.0, path=/n/home07/lmerk/.conda/envs/bakta/bin/pilercr
16:39:09.124 - INFO - UTILS - dependency: tool=Pyrodigal, version=v3.2.1, path=/n/home07/lmerk/.conda/envs/bakta/bin/pyrodigal
16:39:09.140 - INFO - UTILS - dependency: tool=AMRFinderPlus, version=v3.11.26, path=/n/home07/lmerk/.conda/envs/bakta/bin/amrfinder
16:39:09.645 - INFO - UTILS - dependency: tool=Pyhmmer, version=v0.10.4, path=/n/home07/lmerk/.conda/envs/bakta/bin/python
16:39:09.666 - INFO - UTILS - dependency: tool=Diamond, version=v2.1.8, path=/n/home07/lmerk/.conda/envs/bakta/bin/diamond
16:39:10.062 - INFO - UTILS - dependency: tool=Blastn, version=v2.15.0, path=/n/home07/lmerk/.conda/envs/bakta/bin/blastn
16:39:12.718 - INFO - UTILS - dependency: tool=Circos, version=v0.69.8, path=/n/home07/lmerk/.conda/envs/bakta/bin/circos
16:39:12.883 - INFO - FASTA - imported: id=EU982300, length=22689, description=, genomic=True, dna=True
16:39:12.883 - INFO - MAIN - imported sequences=1
16:39:12.883 - INFO - UTILS - qc: revised sequence: id=contig_1, orig-id=EU982300, type=contig, complete=False, topology=linear, name=, description='[gcode=11] [topology=linear]', orig-description=''
16:39:12.883 - INFO - FASTA - write genome sequences: path=/tmp/tmpsfqb4gut/contigs.fna, description=False, wrap=False
16:39:13.945 - INFO - T_RNA - predicted=0
16:39:13.979 - INFO - TM_RNA - predicted=0
16:39:14.144 - INFO - R_RNA - predicted=0
16:39:15.009 - INFO - NC_RNA - contig=contig_1, start=452, stop=538, strand=-, gene=C4, product=C4 antisense RNA, length=87, truncated=None, score=78.4, evalue=2.4e-12, nt=[CTTGATGGTA..TGCCGCCCCT]
16:39:15.009 - INFO - NC_RNA - predicted=1
16:39:15.321 - INFO - NC_RNA_REGION - predicted=0
16:39:15.354 - INFO - CRISPR - predicted=0
16:39:15.355 - INFO - CDS - create prodigal training info object: meta=False, closed=True
16:39:15.420 - INFO - CDS - contig=contig_1, start=52, stop=405, strand=-, frame=1, truncated=no, start-type=ATG, RBS-motif=AGGA
16:39:15.420 - INFO - CDS - contig=contig_1, start=957, stop=1709, strand=+, frame=3, truncated=no, start-type=ATG, RBS-motif=None
16:39:15.420 - INFO - CDS - contig=contig_1, start=1688, stop=1837, strand=-, frame=3, truncated=no, start-type=ATG, RBS-motif=None
16:39:15.420 - INFO - CDS - contig=contig_1, start=2025, stop=2333, strand=+, frame=3, truncated=no, start-type=ATG, RBS-motif=GGAGG
16:39:15.420 - INFO - CDS - contig=contig_1, start=2354, stop=2998, strand=+, frame=2, truncated=no, start-type=ATG, RBS-motif=GGAG/GAGG
16:39:15.420 - INFO - CDS - contig=contig_1, start=3018, stop=3293, strand=-, frame=2, truncated=no, start-type=ATG, RBS-motif=None
16:39:15.421 - INFO - CDS - contig=contig_1, start=3305, stop=3619, strand=+, frame=2, truncated=no, start-type=ATG, RBS-motif=None
16:39:15.421 - INFO - CDS - contig=contig_1, start=3837, stop=4436, strand=+, frame=3, truncated=no, start-type=ATG, RBS-motif=GGA/GAG/AGG
16:39:15.421 - INFO - CDS - contig=contig_1, start=4424, stop=4570, strand=-, frame=3, truncated=no, start-type=ATG, RBS-motif=None
16:39:15.421 - INFO - CDS - contig=contig_1, start=4522, stop=4800, strand=-, frame=1, truncated=no, start-type=TTG, RBS-motif=None
16:39:15.421 - INFO - CDS - contig=contig_1, start=5499, stop=5696, strand=-, frame=2, truncated=no, start-type=ATG, RBS-motif=GGA/GAG/AGG
16:39:15.421 - INFO - CDS - contig=contig_1, start=6285, stop=6869, strand=+, frame=3, truncated=no, start-type=ATG, RBS-motif=GGAG/GAGG
16:39:15.421 - INFO - CDS - contig=contig_1, start=7048, stop=8544, strand=+, frame=1, truncated=no, start-type=ATG, RBS-motif=GGAG/GAGG
16:39:15.422 - INFO - CDS - contig=contig_1, start=8611, stop=8958, strand=+, frame=1, truncated=no, start-type=ATG, RBS-motif=GGAG/GAGG
16:39:15.422 - INFO - CDS - contig=contig_1, start=8939, stop=9394, strand=-, frame=3, truncated=no, start-type=GTG, RBS-motif=None
16:39:15.422 - INFO - CDS - contig=contig_1, start=9415, stop=10956, strand=+, frame=1, truncated=no, start-type=GTG, RBS-motif=GGA/GAG/AGG
16:39:15.422 - INFO - CDS - contig=contig_1, start=10943, stop=12181, strand=+, frame=2, truncated=no, start-type=ATG, RBS-motif=GGAGG
16:39:15.422 - INFO - CDS - contig=contig_1, start=12185, stop=13225, strand=+, frame=2, truncated=no, start-type=ATG, RBS-motif=GGAG/GAGG
16:39:15.422 - INFO - CDS - contig=contig_1, start=13237, stop=13437, strand=+, frame=1, truncated=no, start-type=ATG, RBS-motif=GGA/GAG/AGG
16:39:15.422 - INFO - CDS - contig=contig_1, start=13490, stop=13999, strand=+, frame=2, truncated=no, start-type=ATG, RBS-motif=AGGA
16:39:15.422 - INFO - CDS - contig=contig_1, start=13999, stop=14397, strand=+, frame=1, truncated=no, start-type=ATG, RBS-motif=GGAGG
16:39:15.423 - INFO - CDS - contig=contig_1, start=14387, stop=15427, strand=+, frame=2, truncated=no, start-type=ATG, RBS-motif=GGA/GAG/AGG
16:39:15.423 - INFO - CDS - contig=contig_1, start=15415, stop=16014, strand=+, frame=1, truncated=no, start-type=ATG, RBS-motif=GGAGG
16:39:15.423 - INFO - CDS - contig=contig_1, start=16026, stop=17180, strand=+, frame=3, truncated=no, start-type=ATG, RBS-motif=GGAG/GAGG
16:39:15.423 - INFO - CDS - contig=contig_1, start=17177, stop=17686, strand=+, frame=2, truncated=no, start-type=ATG, RBS-motif=GGAG/GAGG
16:39:15.423 - INFO - CDS - contig=contig_1, start=17911, stop=18135, strand=-, frame=1, truncated=no, start-type=GTG, RBS-motif=None
16:39:15.423 - INFO - CDS - contig=contig_1, start=18354, stop=18584, strand=+, frame=3, truncated=no, start-type=GTG, RBS-motif=None
16:39:15.423 - INFO - CDS - contig=contig_1, start=18542, stop=18808, strand=+, frame=2, truncated=no, start-type=ATG, RBS-motif=GGA/GAG/AGG
16:39:15.423 - INFO - CDS - contig=contig_1, start=18828, stop=18998, strand=-, frame=2, truncated=no, start-type=ATG, RBS-motif=None
16:39:15.424 - INFO - CDS - contig=contig_1, start=19140, stop=19385, strand=-, frame=2, truncated=no, start-type=GTG, RBS-motif=None
16:39:15.424 - INFO - CDS - contig=contig_1, start=19416, stop=20399, strand=+, frame=3, truncated=no, start-type=GTG, RBS-motif=None
16:39:15.424 - INFO - CDS - contig=contig_1, start=20584, stop=20838, strand=-, frame=1, truncated=no, start-type=ATG, RBS-motif=None
16:39:15.424 - INFO - CDS - contig=contig_1, start=20869, stop=21432, strand=+, frame=1, truncated=no, start-type=ATG, RBS-motif=None
16:39:15.424 - INFO - CDS - contig=contig_1, start=21417, stop=21671, strand=-, frame=2, truncated=no, start-type=ATG, RBS-motif=GGA/GAG/AGG
16:39:15.424 - INFO - CDS - contig=contig_1, start=21688, stop=21903, strand=+, frame=1, truncated=no, start-type=ATG, RBS-motif=GGA/GAG/AGG
16:39:15.424 - INFO - CDS - contig=contig_1, start=22022, stop=22522, strand=+, frame=2, truncated=no, start-type=ATG, RBS-motif=AGGAG
16:39:15.424 - INFO - CDS - contig=contig_1, start=52, stop=405, strand=-, nt=[ATGCCGAAGA..ACCGAGGTAG]
16:39:15.424 - INFO - CDS - contig=contig_1, start=957, stop=1709, strand=+, nt=[ATGCAAAAAC..TGTCAGATAA]
16:39:15.425 - INFO - CDS - contig=contig_1, start=1688, stop=1837, strand=-, nt=[ATGCATATAC..GGAGGGGTAA]
16:39:15.425 - INFO - CDS - contig=contig_1, start=2025, stop=2333, strand=+, nt=[ATGGATCCGT..TACTCAATGA]
16:39:15.425 - INFO - CDS - contig=contig_1, start=2354, stop=2998, strand=+, nt=[ATGGAATTGC..CACTCGATAG]
16:39:15.425 - INFO - CDS - contig=contig_1, start=3018, stop=3293, strand=-, nt=[ATGGCGGTCA..TGATGGTTAA]
16:39:15.425 - INFO - CDS - contig=contig_1, start=3305, stop=3619, strand=+, nt=[ATGTGGCGAT..AAGGAACTAA]
16:39:15.425 - INFO - CDS - contig=contig_1, start=3837, stop=4436, strand=+, nt=[ATGGGTGATT..CGCCCGATAG]
16:39:15.425 - INFO - CDS - contig=contig_1, start=4424, stop=4570, strand=-, nt=[ATGCTTCATA..TCGGGCGTAG]
16:39:15.425 - INFO - CDS - contig=contig_1, start=4522, stop=4800, strand=-, nt=[TTGTATGCCT..AAAACCTTAA]
16:39:15.425 - INFO - CDS - contig=contig_1, start=5499, stop=5696, strand=-, nt=[ATGGTCCACC..CTTCTCCTGA]
16:39:15.425 - INFO - CDS - contig=contig_1, start=6285, stop=6869, strand=+, nt=[ATGAAGATCA..AACCCCATGA]
16:39:15.425 - INFO - CDS - contig=contig_1, start=7048, stop=8544, strand=+, nt=[ATGGCGATCG..CGCCGCCTGA]
16:39:15.425 - INFO - CDS - contig=contig_1, start=8611, stop=8958, strand=+, nt=[ATGGGTCAAC..CTGGCAATGA]
16:39:15.425 - INFO - CDS - contig=contig_1, start=8939, stop=9394, strand=-, nt=[GTGTGTCTGC..GTCCCCTTGA]
16:39:15.426 - INFO - CDS - contig=contig_1, start=9415, stop=10956, strand=+, nt=[GTGCTGCTCA..GCTGGCGTGA]
16:39:15.426 - INFO - CDS - contig=contig_1, start=10943, stop=12181, strand=+, nt=[ATGAGCTGGC..CGGGGAGTAA]
16:39:15.426 - INFO - CDS - contig=contig_1, start=12185, stop=13225, strand=+, nt=[ATGAACGAGC..CAAAACCTGA]
16:39:15.426 - INFO - CDS - contig=contig_1, start=13237, stop=13437, strand=+, nt=[ATGCCTGCCC..CAGCCAATAG]
16:39:15.426 - INFO - CDS - contig=contig_1, start=13490, stop=13999, strand=+, nt=[ATGAGCCTAC..AGGTCAATGA]
16:39:15.426 - INFO - CDS - contig=contig_1, start=13999, stop=14397, strand=+, nt=[ATGTTCATCA..TGCCGTTTGA]
16:39:15.426 - INFO - CDS - contig=contig_1, start=14387, stop=15427, strand=+, nt=[ATGCCGTTTG..GCTGGAATAA]
16:39:15.426 - INFO - CDS - contig=contig_1, start=15415, stop=16014, strand=+, nt=[ATGGCTGGAA..TTATGACTAG]
16:39:15.426 - INFO - CDS - contig=contig_1, start=16026, stop=17180, strand=+, nt=[ATGGATTATC..GATCCGATGA]
16:39:15.426 - INFO - CDS - contig=contig_1, start=17177, stop=17686, strand=+, nt=[ATGAAAGTCA..TCACGCTTGA]
16:39:15.426 - INFO - CDS - contig=contig_1, start=17911, stop=18135, strand=-, nt=[GTGCCGGCCG..GATCTTCTGA]
16:39:15.426 - INFO - CDS - contig=contig_1, start=18354, stop=18584, strand=+, nt=[GTGCTGAATG..CATGCGCTAG]
16:39:15.426 - INFO - CDS - contig=contig_1, start=18542, stop=18808, strand=+, nt=[ATGGGGACCT..ACTAATCTGA]
16:39:15.426 - INFO - CDS - contig=contig_1, start=18828, stop=18998, strand=-, nt=[ATGATCAACC..TATCGAATAG]
16:39:15.427 - INFO - CDS - contig=contig_1, start=19140, stop=19385, strand=-, nt=[GTGGGTTGCT..TCAGTTGTGA]
16:39:15.427 - INFO - CDS - contig=contig_1, start=19416, stop=20399, strand=+, nt=[GTGCCACTGC..AGGTTATTGA]
16:39:15.427 - INFO - CDS - contig=contig_1, start=20584, stop=20838, strand=-, nt=[ATGTCCGGCC..ACAGTTCTAG]
16:39:15.427 - INFO - CDS - contig=contig_1, start=20869, stop=21432, strand=+, nt=[ATGGACCTTA..TTCGACCTGA]
16:39:15.427 - INFO - CDS - contig=contig_1, start=21417, stop=21671, strand=-, nt=[ATGGGTTTGT..CGAAGGTTGA]
16:39:15.427 - INFO - CDS - contig=contig_1, start=21688, stop=21903, strand=+, nt=[ATGCCCAACG..CGCGGACTGA]
16:39:15.427 - INFO - CDS - contig=contig_1, start=22022, stop=22522, strand=+, nt=[ATGGACGACA..TCAGGGGTAG]
16:39:15.427 - INFO - CDS - predicted=36
16:39:15.672 - INFO - ORF - discarded=0
16:39:15.900 - INFO - UPS - looked-up=16
16:39:15.931 - INFO - IPS - looked-up=16
16:39:15.931 - INFO - ORF - write internal aa seqs: # seqs=20, path=/tmp/tmpsfqb4gut/cds.psc.faa
16:40:26.366 - INFO - PSC - found: PSC=3, PSCC=3
16:40:26.534 - INFO - PSC - looked-up=22
16:40:26.636 - INFO - PSCC - looked-up=21
16:40:26.637 - INFO - ORF - write internal aa seqs: # seqs=36, path=/tmp/tmpsfqb4gut/cds.expert.faa
16:40:27.775 - INFO - EXPERT-AMRFINDER - found=0
16:40:28.942 - INFO - EXPERT_AA_SEQ - found=0
16:40:28.942 - INFO - ANNOTATION - marked as hypothetical: contig=contig_1, start=1688, stop=1837, strand=-
16:40:28.943 - INFO - ANNOTATION - marked as hypothetical: contig=contig_1, start=3018, stop=3293, strand=-
16:40:28.943 - INFO - ANNOTATION - marked as hypothetical: contig=contig_1, start=3305, stop=3619, strand=+
16:40:28.943 - INFO - ANNOTATION - marked as hypothetical: contig=contig_1, start=4424, stop=4570, strand=-
16:40:28.943 - INFO - ANNOTATION - marked as hypothetical: contig=contig_1, start=4522, stop=4800, strand=-
16:40:28.943 - INFO - ANNOTATION - marked as hypothetical: contig=contig_1, start=5499, stop=5696, strand=-
16:40:28.943 - INFO - ANNOTATION - marked as hypothetical: contig=contig_1, start=8939, stop=9394, strand=-
16:40:28.944 - INFO - ANNOTATION - fix product: replace domain name underscores. new=DNA-circ-N domain-containing protein, old=DNA_circ_N domain-containing protein
16:40:28.944 - INFO - ANNOTATION - marked as hypothetical: contig=contig_1, start=13237, stop=13437, strand=+
16:40:28.944 - INFO - ANNOTATION - fix product: replace domain name underscores. new=Baseplate-J domain-containing protein, old=Baseplate_J domain-containing protein
16:40:28.945 - INFO - ANNOTATION - marked as hypothetical: contig=contig_1, start=17911, stop=18135, strand=-
16:40:28.945 - INFO - ANNOTATION - marked as hypothetical: contig=contig_1, start=18354, stop=18584, strand=+
16:40:28.945 - INFO - ANNOTATION - marked as hypothetical: contig=contig_1, start=18542, stop=18808, strand=+
16:40:28.945 - INFO - ANNOTATION - marked as hypothetical: contig=contig_1, start=18828, stop=18998, strand=-
16:40:28.945 - INFO - ANNOTATION - marked as hypothetical: contig=contig_1, start=19140, stop=19385, strand=-
16:40:28.945 - INFO - ANNOTATION - marked as hypothetical: contig=contig_1, start=20584, stop=20838, strand=-
16:40:28.945 - INFO - ANNOTATION - fix product: replace domain name underscores. new=Glyco-hydro-19-cat domain-containing protein, old=Glyco_hydro_19_cat domain-containing protein
16:40:28.945 - INFO - ANNOTATION - marked as hypothetical: contig=contig_1, start=21417, stop=21671, strand=-
16:40:28.946 - INFO - ANNOTATION - fix gene: extract symbol from protein name. symbol=cinA
16:40:28.946 - INFO - ORF - write internal aa seqs: # seqs=15, path=/tmp/tmpsfqb4gut/cds.pseudo.candidates.faa
16:41:49.134 - INFO - CDS - found: pseudogene-candidates=0
16:41:49.137 - INFO - PSC - looked-up=0
16:41:49.137 - INFO - PSCC - looked-up=0
16:41:52.564 - INFO - CDS - predicted-pfams=0, CDS-w/-pfams=0
16:41:52.603 - INFO - S_ORF - predicted=209
16:41:52.982 - INFO - S_ORF - sORF filter: # valid=53, # discarded=156
16:41:53.134 - INFO - ORF - discarded=0
16:41:53.543 - INFO - UPS - looked-up=0
16:41:53.545 - INFO - IPS - looked-up=0
16:41:53.545 - INFO - ORF - write internal aa seqs: # seqs=53, path=/tmp/tmpsfqb4gut/sorf.faa
16:41:53.851 - INFO - S_ORF - found=0
16:41:53.852 - INFO - PSC - looked-up=0
16:41:53.854 - INFO - PSCC - looked-up=0
16:41:55.298 - INFO - ORI - predicted=0
16:41:55.710 - INFO - ORI - predicted=0
16:41:55.711 - INFO - UTILS - generated sequence tag prefix: prefix=IOJLKFLFNE, length=10, MD5=28354F5F7E077B27070AA3733D792DDE
16:41:55.711 - INFO - MAIN - selected features=37
16:41:55.711 - INFO - UTILS - generated sequence tag prefix: prefix=IOJLKF, length=6, MD5=28354F5F7E077B27070AA3733D792DDE
16:41:55.711 - INFO - MAIN - locus tag prefix=IOJLKF
16:41:55.712 - INFO - UTILS - genome-size=22689
16:41:55.712 - INFO - UTILS - GC=0.594
16:41:55.713 - INFO - UTILS - N=0.000
16:41:55.713 - INFO - UTILS - N50=22689
16:41:55.714 - INFO - UTILS - coding-ratio=0.844
16:41:55.714 - INFO - TSV - write tsv: path=/net/holy-nfsisilon/ifs/rc_labs/eddy_lab/users/lmerk/phage_groupII/data/bakta_output/EU982300/EU982300.tsv
16:41:55.725 - INFO - GFF - write GFF3: path=/net/holy-nfsisilon/ifs/rc_labs/eddy_lab/users/lmerk/phage_groupII/data/bakta_output/EU982300/EU982300.gff3
16:41:55.739 - INFO - INSDC - write GenBank: path=/net/holy-nfsisilon/ifs/rc_labs/eddy_lab/users/lmerk/phage_groupII/data/bakta_output/EU982300/EU982300.gbff
16:41:55.755 - INFO - INSDC - write EMBL: path=/net/holy-nfsisilon/ifs/rc_labs/eddy_lab/users/lmerk/phage_groupII/data/bakta_output/EU982300/EU982300.embl
16:41:55.768 - INFO - FASTA - write genome sequences: path=/net/holy-nfsisilon/ifs/rc_labs/eddy_lab/users/lmerk/phage_groupII/data/bakta_output/EU982300/EU982300.fna, description=True, wrap=True
16:41:55.774 - INFO - FASTA - write feature nucleotide sequences: path=/net/holy-nfsisilon/ifs/rc_labs/eddy_lab/users/lmerk/phage_groupII/data/bakta_output/EU982300/EU982300.ffn
16:41:55.780 - INFO - FASTA - write translated CDS/sORF: path=/net/holy-nfsisilon/ifs/rc_labs/eddy_lab/users/lmerk/phage_groupII/data/bakta_output/EU982300/EU982300.faa
16:41:55.845 - INFO - PLOT - write circular genome plot: file-name=EU982300, output-dir=/net/holy-nfsisilon/ifs/rc_labs/eddy_lab/users/lmerk/phage_groupII/data/bakta_output/EU982300
16:42:08.537 - INFO - TSV - write hypothetical tsv: path=/net/holy-nfsisilon/ifs/rc_labs/eddy_lab/users/lmerk/phage_groupII/data/bakta_output/EU982300/EU982300.hypotheticals.tsv
16:42:08.543 - INFO - FASTA - write translated CDS/sORF: path=/net/holy-nfsisilon/ifs/rc_labs/eddy_lab/users/lmerk/phage_groupII/data/bakta_output/EU982300/EU982300.hypotheticals.faa
16:42:08.549 - INFO - JSON - write JSON: path=/net/holy-nfsisilon/ifs/rc_labs/eddy_lab/users/lmerk/phage_groupII/data/bakta_output/EU982300/EU982300.json
16:42:08.570 - INFO - MAIN - removed tmp dir: /tmp/tmpsfqb4gut
