
parse genome sequences...
	imported: 1
	filtered & revised: 1
	contigs: 1

start annotation...
predict tRNAs...
	found: 0
predict tmRNAs...
	found: 0
predict rRNAs...
	found: 0
predict ncRNAs...
	found: 0
predict ncRNA regions...
	found: 0
predict CRISPR arrays...
	found: 0
predict & annotate CDSs...
	predicted: 18 
	discarded spurious: 0
	revised translational exceptions: 0
	detected IPSs: 11
	found PSCs: 4
	found PSCCs: 2
	lookup annotations...
	conduct expert systems...
		amrfinder: 0
		protein sequences: 0
	combine annotations and mark hypotheticals...
	detect pseudogenes...
		pseudogene candidates: 0
		found pseudogenes: 0
analyze hypothetical proteins: 1
	detected Pfam hits: 0 
	calculated proteins statistics
	revise special cases...
extract sORF...
	potential: 309
	discarded due to overlaps: 259
	discarded spurious: 0
	detected IPSs: 0
	found PSCs: 0
	lookup annotations...
	filter and combine annotations...
	filtered sORFs: 0
detect gaps...
	found: 0
detect oriCs/oriVs...
	found: 0
detect oriTs...
	found: 0
apply feature overlap filters...
select features and create locus tags...
selected: 18
improve annotations...
	revised gene symbols: 0

genome statistics:
	Genome size: 16,695 bp
	Contigs/replicons: 1
	GC: 39.9 %
	N50: 16,695
	N ratio: 0.0 %
	coding density: 84.5 %

annotation summary:
	tRNAs: 0
	tmRNAs: 0
	rRNAs: 0
	ncRNAs: 0
	ncRNA regions: 0
	CRISPR arrays: 0
	CDSs: 18
		hypotheticals: 1
		pseudogenes: 0
		signal peptides: 0
	sORFs: 0
	gaps: 0
	oriCs/oriVs: 0
	oriTs: 0

export annotation results to: /net/holy-nfsisilon/ifs/rc_labs/eddy_lab/users/lmerk/phage_groupII/data/bakta_output/MT836602
	human readable TSV...
	GFF3...
	INSDC GenBank & EMBL...
	genome sequences...
	feature nucleotide sequences...
	translated CDS sequences...
	circular genome plot...
	hypothetical TSV...
	translated hypothetical CDS sequences...
	machine readable JSON...
	genome and annotation summary...

If you use these results please cite Bakta: https://doi.org/10.1099/mgen.0.000685
Annotation successfully finished in 3:13 [mm:ss].
