16:42:24.209 - INFO - UTILS - version=1.9.1
16:42:24.209 - INFO - UTILS - developer: Oliver Schwengers, github.com/oschwengers
16:42:24.209 - INFO - UTILS - command: /n/home07/lmerk/.conda/envs/bakta/bin/bakta --force --db /n/eddy_lab/users/lmerk/databases/full/db -o ../data/bakta_output/MZ333456 ../data/genomes/groupII_millard/MZ333456/MZ333456.fna
16:42:24.210 - INFO - UTILS - local time: 2024-03-13 16:42:24
16:42:24.215 - INFO - UTILS - machine: type=x86_64, cores=64
16:42:24.215 - INFO - UTILS - system: type=Linux, release=4.18.0-425.10.1.el8_7.x86_64
16:42:24.215 - INFO - UTILS - python: version=3.10.13, implementation=CPython
16:42:24.215 - INFO - CONFIG - threads=64
16:42:24.215 - INFO - CONFIG - verbose=False
16:42:24.215 - INFO - CONFIG - debug=False
16:42:24.216 - INFO - CONFIG - database: type=parameter, path=/net/holy-nfsisilon/ifs/rc_labs/eddy_lab/users/lmerk/databases/full/db
16:42:24.218 - INFO - CONFIG - tmp-path=/tmp/tmpzcoepxez
16:42:24.223 - INFO - CONFIG - genome-path=/net/holy-nfsisilon/ifs/rc_labs/eddy_lab/users/lmerk/phage_groupII/data/genomes/groupII_millard/MZ333456/MZ333456.fna
16:42:24.223 - INFO - CONFIG - min_contig_length=1
16:42:24.223 - INFO - CONFIG - prefix=MZ333456
16:42:24.224 - INFO - CONFIG - output-path=/net/holy-nfsisilon/ifs/rc_labs/eddy_lab/users/lmerk/phage_groupII/data/bakta_output/MZ333456
16:42:24.224 - INFO - CONFIG - force=True
16:42:24.224 - INFO - CONFIG - genus=None
16:42:24.224 - INFO - CONFIG - species=None
16:42:24.224 - INFO - CONFIG - strain=None
16:42:24.224 - INFO - CONFIG - plasmid=None
16:42:24.224 - INFO - CONFIG - complete=False
16:42:24.224 - INFO - CONFIG - prodigal_tf=None
16:42:24.224 - INFO - CONFIG - translation_table=11
16:42:24.224 - INFO - CONFIG - gram=?
16:42:24.224 - INFO - CONFIG - compliant=False
16:42:24.224 - INFO - CONFIG - meta=False
16:42:24.224 - INFO - CONFIG - locus=None
16:42:24.225 - INFO - CONFIG - locus-tag=None
16:42:24.225 - INFO - CONFIG - keep_contig_headers=False
16:42:24.225 - INFO - CONFIG - replicon-table=None
16:42:24.225 - INFO - CONFIG - regions=None
16:42:24.225 - INFO - CONFIG - skip-tRNA=False
16:42:24.225 - INFO - CONFIG - skip-tmRNA=False
16:42:24.225 - INFO - CONFIG - skip-rRNA=False
16:42:24.225 - INFO - CONFIG - skip-ncRNA=False
16:42:24.225 - INFO - CONFIG - skip-ncRNA-region=False
16:42:24.225 - INFO - CONFIG - skip-CRISPR=False
16:42:24.225 - INFO - CONFIG - skip-CDS=False
16:42:24.225 - INFO - CONFIG - skip-pseudo=False
16:42:24.225 - INFO - CONFIG - skip-sORF=False
16:42:24.225 - INFO - CONFIG - skip-gap=False
16:42:24.225 - INFO - CONFIG - skip-ori=False
16:42:24.226 - INFO - CONFIG - skip-plot=False
16:42:24.227 - INFO - DB - detected: major=5, minor=0, type=full, date=2023-02-20
16:42:24.657 - INFO - UTILS - dependency: tool=tRNAscan-SE, version=v2.0.12, path=/n/home07/lmerk/.conda/envs/bakta/bin/tRNAscan-SE
16:42:24.665 - INFO - UTILS - dependency: tool=Aragorn, version=v1.2.41, path=/n/home07/lmerk/.conda/envs/bakta/bin/aragorn
16:42:24.680 - INFO - UTILS - dependency: tool=CMscan, version=v1.1.4, path=/n/home07/lmerk/goodies/bin/cmscan
16:42:24.695 - INFO - UTILS - dependency: tool=PilerCR, version=v1.6.0, path=/n/home07/lmerk/.conda/envs/bakta/bin/pilercr
16:42:25.800 - INFO - UTILS - dependency: tool=Pyrodigal, version=v3.2.1, path=/n/home07/lmerk/.conda/envs/bakta/bin/pyrodigal
16:42:25.811 - INFO - UTILS - dependency: tool=AMRFinderPlus, version=v3.11.26, path=/n/home07/lmerk/.conda/envs/bakta/bin/amrfinder
16:42:26.269 - INFO - UTILS - dependency: tool=Pyhmmer, version=v0.10.4, path=/n/home07/lmerk/.conda/envs/bakta/bin/python
16:42:26.288 - INFO - UTILS - dependency: tool=Diamond, version=v2.1.8, path=/n/home07/lmerk/.conda/envs/bakta/bin/diamond
16:42:26.601 - INFO - UTILS - dependency: tool=Blastn, version=v2.15.0, path=/n/home07/lmerk/.conda/envs/bakta/bin/blastn
16:42:27.911 - INFO - UTILS - dependency: tool=Circos, version=v0.69.8, path=/n/home07/lmerk/.conda/envs/bakta/bin/circos
16:42:28.017 - INFO - FASTA - imported: id=MZ333456, length=39221, description=, genomic=True, dna=True
16:42:28.018 - INFO - MAIN - imported sequences=1
16:42:28.018 - INFO - UTILS - qc: revised sequence: id=contig_1, orig-id=MZ333456, type=contig, complete=False, topology=linear, name=, description='[gcode=11] [topology=linear]', orig-description=''
16:42:28.018 - INFO - FASTA - write genome sequences: path=/tmp/tmpzcoepxez/contigs.fna, description=False, wrap=False
16:42:31.016 - INFO - T_RNA - contig=contig_1, start=39028, stop=39100, strand=+, gene=None, product=tRNA-Xxx, score=33.8, nt=[TGGCGTGTAG..GCTACGCCAA]
16:42:31.017 - INFO - T_RNA - predicted=1
16:42:31.046 - INFO - TM_RNA - predicted=0
16:42:31.209 - INFO - R_RNA - predicted=0
16:42:31.984 - INFO - NC_RNA - predicted=0
16:42:32.269 - INFO - NC_RNA_REGION - predicted=0
16:42:32.309 - INFO - CRISPR - predicted=0
16:42:32.309 - INFO - CDS - create prodigal training info object: meta=False, closed=True
16:42:32.355 - INFO - CDS - contig=contig_1, start=1, stop=462, strand=+, frame=1, truncated=no, start-type=ATG, RBS-motif=None
16:42:32.356 - INFO - CDS - contig=contig_1, start=452, stop=1726, strand=+, frame=2, truncated=no, start-type=ATG, RBS-motif=None
16:42:32.356 - INFO - CDS - contig=contig_1, start=1739, stop=3214, strand=+, frame=2, truncated=no, start-type=TTG, RBS-motif=AGGAGG
16:42:32.356 - INFO - CDS - contig=contig_1, start=3189, stop=4973, strand=+, frame=3, truncated=no, start-type=ATG, RBS-motif=AGxAGG/AGGxGG
16:42:32.356 - INFO - CDS - contig=contig_1, start=4974, stop=5204, strand=+, frame=3, truncated=no, start-type=ATG, RBS-motif=AGxAGG/AGGxGG
16:42:32.356 - INFO - CDS - contig=contig_1, start=5261, stop=5581, strand=+, frame=2, truncated=no, start-type=ATG, RBS-motif=GGAGG
16:42:32.356 - INFO - CDS - contig=contig_1, start=5586, stop=5912, strand=+, frame=3, truncated=no, start-type=ATG, RBS-motif=GGAG/GAGG
16:42:32.356 - INFO - CDS - contig=contig_1, start=6053, stop=6679, strand=+, frame=2, truncated=no, start-type=ATG, RBS-motif=AGGAG
16:42:32.356 - INFO - CDS - contig=contig_1, start=6693, stop=7595, strand=+, frame=3, truncated=no, start-type=ATG, RBS-motif=AGGAGG
16:42:32.356 - INFO - CDS - contig=contig_1, start=7619, stop=7855, strand=+, frame=2, truncated=no, start-type=ATG, RBS-motif=AGGAG
16:42:32.357 - INFO - CDS - contig=contig_1, start=7864, stop=8208, strand=+, frame=1, truncated=no, start-type=ATG, RBS-motif=GGA/GAG/AGG
16:42:32.357 - INFO - CDS - contig=contig_1, start=8229, stop=8582, strand=+, frame=3, truncated=no, start-type=ATG, RBS-motif=GGA/GAG/AGG
16:42:32.357 - INFO - CDS - contig=contig_1, start=8575, stop=8973, strand=+, frame=1, truncated=no, start-type=ATG, RBS-motif=AGGA
16:42:32.357 - INFO - CDS - contig=contig_1, start=8977, stop=9351, strand=+, frame=1, truncated=no, start-type=ATG, RBS-motif=AGGA
16:42:32.357 - INFO - CDS - contig=contig_1, start=9352, stop=10194, strand=+, frame=1, truncated=no, start-type=ATG, RBS-motif=GGAG/GAGG
16:42:32.357 - INFO - CDS - contig=contig_1, start=10194, stop=10598, strand=+, frame=3, truncated=no, start-type=ATG, RBS-motif=None
16:42:32.357 - INFO - CDS - contig=contig_1, start=10820, stop=13744, strand=+, frame=2, truncated=no, start-type=TTG, RBS-motif=GGAGG
16:42:32.357 - INFO - CDS - contig=contig_1, start=13731, stop=14468, strand=+, frame=3, truncated=no, start-type=TTG, RBS-motif=AGGAGG
16:42:32.357 - INFO - CDS - contig=contig_1, start=14465, stop=16939, strand=+, frame=2, truncated=no, start-type=TTG, RBS-motif=GGAGG
16:42:32.358 - INFO - CDS - contig=contig_1, start=16981, stop=17385, strand=+, frame=1, truncated=no, start-type=ATG, RBS-motif=None
16:42:32.358 - INFO - CDS - contig=contig_1, start=17404, stop=18312, strand=+, frame=1, truncated=no, start-type=ATG, RBS-motif=AGGAGG
16:42:32.358 - INFO - CDS - contig=contig_1, start=18305, stop=18622, strand=+, frame=2, truncated=no, start-type=ATG, RBS-motif=GGA/GAG/AGG
16:42:32.358 - INFO - CDS - contig=contig_1, start=18615, stop=18932, strand=+, frame=3, truncated=no, start-type=ATG, RBS-motif=AGGAG/GGAGG
16:42:32.358 - INFO - CDS - contig=contig_1, start=18932, stop=19483, strand=+, frame=2, truncated=no, start-type=ATG, RBS-motif=GGA/GAG/AGG
16:42:32.358 - INFO - CDS - contig=contig_1, start=19498, stop=19872, strand=+, frame=1, truncated=no, start-type=ATG, RBS-motif=AGGAG/GGAGG
16:42:32.358 - INFO - CDS - contig=contig_1, start=19872, stop=20009, strand=+, frame=3, truncated=no, start-type=ATG, RBS-motif=GGAGG
16:42:32.358 - INFO - CDS - contig=contig_1, start=20044, stop=20277, strand=+, frame=1, truncated=no, start-type=TTG, RBS-motif=GGAG/GAGG
16:42:32.358 - INFO - CDS - contig=contig_1, start=20280, stop=20483, strand=+, frame=3, truncated=no, start-type=ATG, RBS-motif=AGGAGG
16:42:32.358 - INFO - CDS - contig=contig_1, start=20488, stop=21747, strand=+, frame=1, truncated=no, start-type=ATG, RBS-motif=AGGAG
16:42:32.359 - INFO - CDS - contig=contig_1, start=21910, stop=23280, strand=+, frame=1, truncated=no, start-type=TTG, RBS-motif=AGGAG
16:42:32.359 - INFO - CDS - contig=contig_1, start=23617, stop=24780, strand=-, frame=3, truncated=no, start-type=ATG, RBS-motif=GGAG/GAGG
16:42:32.359 - INFO - CDS - contig=contig_1, start=24783, stop=25022, strand=-, frame=1, truncated=no, start-type=ATG, RBS-motif=GGAG/GAGG
16:42:32.359 - INFO - CDS - contig=contig_1, start=25024, stop=25263, strand=-, frame=3, truncated=no, start-type=ATG, RBS-motif=AGGAG
16:42:32.359 - INFO - CDS - contig=contig_1, start=25327, stop=25755, strand=-, frame=3, truncated=no, start-type=ATG, RBS-motif=GGA/GAG/AGG
16:42:32.359 - INFO - CDS - contig=contig_1, start=25770, stop=26183, strand=-, frame=1, truncated=no, start-type=ATG, RBS-motif=GGA/GAG/AGG
16:42:32.359 - INFO - CDS - contig=contig_1, start=26415, stop=26624, strand=+, frame=3, truncated=no, start-type=ATG, RBS-motif=GGAGG
16:42:32.359 - INFO - CDS - contig=contig_1, start=26628, stop=26912, strand=+, frame=3, truncated=no, start-type=ATG, RBS-motif=AGGAGG
16:42:32.359 - INFO - CDS - contig=contig_1, start=26928, stop=27626, strand=+, frame=3, truncated=no, start-type=ATG, RBS-motif=AGGAGG
16:42:32.359 - INFO - CDS - contig=contig_1, start=27639, stop=27812, strand=+, frame=3, truncated=no, start-type=ATG, RBS-motif=AGGAGG
16:42:32.360 - INFO - CDS - contig=contig_1, start=27809, stop=27919, strand=+, frame=2, truncated=no, start-type=ATG, RBS-motif=GGA/GAG/AGG
16:42:32.360 - INFO - CDS - contig=contig_1, start=27920, stop=28075, strand=+, frame=2, truncated=no, start-type=ATG, RBS-motif=GGAG/GAGG
16:42:32.360 - INFO - CDS - contig=contig_1, start=28131, stop=28550, strand=+, frame=3, truncated=no, start-type=ATG, RBS-motif=GGA/GAG/AGG
16:42:32.360 - INFO - CDS - contig=contig_1, start=28534, stop=28770, strand=+, frame=1, truncated=no, start-type=ATG, RBS-motif=GGAG/GAGG
16:42:32.360 - INFO - CDS - contig=contig_1, start=28771, stop=29457, strand=+, frame=1, truncated=no, start-type=ATG, RBS-motif=AGGAG
16:42:32.360 - INFO - CDS - contig=contig_1, start=29470, stop=30363, strand=+, frame=1, truncated=no, start-type=ATG, RBS-motif=GGAGG
16:42:32.360 - INFO - CDS - contig=contig_1, start=30360, stop=31040, strand=+, frame=3, truncated=no, start-type=ATG, RBS-motif=GGA/GAG/AGG
16:42:32.360 - INFO - CDS - contig=contig_1, start=31044, stop=31997, strand=+, frame=3, truncated=no, start-type=ATG, RBS-motif=AGxAGG/AGGxGG
16:42:32.360 - INFO - CDS - contig=contig_1, start=31994, stop=32296, strand=+, frame=2, truncated=no, start-type=ATG, RBS-motif=GGAGG
16:42:32.360 - INFO - CDS - contig=contig_1, start=32318, stop=32842, strand=+, frame=2, truncated=no, start-type=ATG, RBS-motif=GGxGG
16:42:32.360 - INFO - CDS - contig=contig_1, start=32968, stop=33195, strand=+, frame=1, truncated=no, start-type=ATG, RBS-motif=GGAG/GAGG
16:42:32.361 - INFO - CDS - contig=contig_1, start=33252, stop=34112, strand=+, frame=3, truncated=no, start-type=ATG, RBS-motif=None
16:42:32.361 - INFO - CDS - contig=contig_1, start=34170, stop=34919, strand=+, frame=3, truncated=no, start-type=ATG, RBS-motif=None
16:42:32.361 - INFO - CDS - contig=contig_1, start=35222, stop=35332, strand=+, frame=2, truncated=no, start-type=ATG, RBS-motif=GGAG/GAGG
16:42:32.361 - INFO - CDS - contig=contig_1, start=35329, stop=35679, strand=+, frame=1, truncated=no, start-type=ATG, RBS-motif=GGAGG
16:42:32.361 - INFO - CDS - contig=contig_1, start=35679, stop=35921, strand=+, frame=3, truncated=no, start-type=ATG, RBS-motif=AGGAGG
16:42:32.361 - INFO - CDS - contig=contig_1, start=35918, stop=36154, strand=+, frame=2, truncated=no, start-type=ATG, RBS-motif=AGGAGG
16:42:32.361 - INFO - CDS - contig=contig_1, start=36160, stop=36483, strand=+, frame=1, truncated=no, start-type=ATG, RBS-motif=GGxGG
16:42:32.361 - INFO - CDS - contig=contig_1, start=36480, stop=36833, strand=+, frame=3, truncated=no, start-type=ATG, RBS-motif=AGGAG
16:42:32.361 - INFO - CDS - contig=contig_1, start=36830, stop=37330, strand=+, frame=2, truncated=no, start-type=ATG, RBS-motif=GGAGG
16:42:32.361 - INFO - CDS - contig=contig_1, start=37331, stop=37516, strand=+, frame=2, truncated=no, start-type=ATG, RBS-motif=AGxAGG/AGGxGG
16:42:32.361 - INFO - CDS - contig=contig_1, start=37513, stop=37713, strand=+, frame=1, truncated=no, start-type=ATG, RBS-motif=AGGAGG
16:42:32.362 - INFO - CDS - contig=contig_1, start=37858, stop=38274, strand=+, frame=1, truncated=no, start-type=TTG, RBS-motif=AGGAG
16:42:32.362 - INFO - CDS - contig=contig_1, start=1, stop=462, strand=+, nt=[ATGATAAGGA..TGATGGTTAA]
16:42:32.362 - INFO - CDS - contig=contig_1, start=452, stop=1726, strand=+, nt=[ATGATGGTTA..TAAATTTTAG]
16:42:32.362 - INFO - CDS - contig=contig_1, start=1739, stop=3214, strand=+, nt=[TTGTTTCAAA..CAACGGCTAG]
16:42:32.362 - INFO - CDS - contig=contig_1, start=3189, stop=4973, strand=+, nt=[ATGACGAAGA..GGTGAAATAA]
16:42:32.362 - INFO - CDS - contig=contig_1, start=4974, stop=5204, strand=+, nt=[ATGTTCAGTT..ACTTTACTAA]
16:42:32.362 - INFO - CDS - contig=contig_1, start=5261, stop=5581, strand=+, nt=[ATGAAAGGAT..TTGGGAGTGA]
16:42:32.362 - INFO - CDS - contig=contig_1, start=5586, stop=5912, strand=+, nt=[ATGGATCCCT..TAAAGTCTAG]
16:42:32.362 - INFO - CDS - contig=contig_1, start=6053, stop=6679, strand=+, nt=[ATGAAAACAA..ATTTAATTAG]
16:42:32.362 - INFO - CDS - contig=contig_1, start=6693, stop=7595, strand=+, nt=[ATGAAAAAAA..AGGTGAATAA]
16:42:32.362 - INFO - CDS - contig=contig_1, start=7619, stop=7855, strand=+, nt=[ATGGTTAAAA..AGAAATTTAG]
16:42:32.362 - INFO - CDS - contig=contig_1, start=7864, stop=8208, strand=+, nt=[ATGACAGACG..TTTCTATTGA]
16:42:32.362 - INFO - CDS - contig=contig_1, start=8229, stop=8582, strand=+, nt=[ATGACCTATC..CTATGAGTAA]
16:42:32.362 - INFO - CDS - contig=contig_1, start=8575, stop=8973, strand=+, nt=[ATGAGTAAAA..GAAAGGATAG]
16:42:32.362 - INFO - CDS - contig=contig_1, start=8977, stop=9351, strand=+, nt=[ATGTACGATA..TGAAGAATAG]
16:42:32.362 - INFO - CDS - contig=contig_1, start=9352, stop=10194, strand=+, nt=[ATGGCAGTTA..TAACGCATAA]
16:42:32.362 - INFO - CDS - contig=contig_1, start=10194, stop=10598, strand=+, nt=[ATGAAATTTA..AAAAAAGTAA]
16:42:32.363 - INFO - CDS - contig=contig_1, start=10820, stop=13744, strand=+, nt=[TTGAACAATG..TGGAATTTAA]
16:42:32.363 - INFO - CDS - contig=contig_1, start=13731, stop=14468, strand=+, nt=[TTGGTGGAAT..GAAAGTTTGA]
16:42:32.363 - INFO - CDS - contig=contig_1, start=14465, stop=16939, strand=+, nt=[TTGATTCCAG..TTCCCTATAA]
16:42:32.363 - INFO - CDS - contig=contig_1, start=16981, stop=17385, strand=+, nt=[ATGATAACTA..ACCAAAATAA]
16:42:32.363 - INFO - CDS - contig=contig_1, start=17404, stop=18312, strand=+, nt=[ATGGTTAAAT..CAATGGTTGA]
16:42:32.363 - INFO - CDS - contig=contig_1, start=18305, stop=18622, strand=+, nt=[ATGGTTGATG..AAATGGCTGA]
16:42:32.363 - INFO - CDS - contig=contig_1, start=18615, stop=18932, strand=+, nt=[ATGGCTGAAT..TGAAGCATAA]
16:42:32.363 - INFO - CDS - contig=contig_1, start=18932, stop=19483, strand=+, nt=[ATGCCAGATA..TCGTAAATAG]
16:42:32.363 - INFO - CDS - contig=contig_1, start=19498, stop=19872, strand=+, nt=[ATGAAAAAAA..TGCAAAATAA]
16:42:32.363 - INFO - CDS - contig=contig_1, start=19872, stop=20009, strand=+, nt=[ATGTATTCAT..CAAAAGCTAG]
16:42:32.363 - INFO - CDS - contig=contig_1, start=20044, stop=20277, strand=+, nt=[TTGAAAGATG..AGGAATTTAG]
16:42:32.363 - INFO - CDS - contig=contig_1, start=20280, stop=20483, strand=+, nt=[ATGATATTAC..CAAGGAGTAA]
16:42:32.363 - INFO - CDS - contig=contig_1, start=20488, stop=21747, strand=+, nt=[ATGAAAAGGA..AAATTATTAA]
16:42:32.363 - INFO - CDS - contig=contig_1, start=21910, stop=23280, strand=+, nt=[TTGAAGAAAC..AAACAGATAA]
16:42:32.363 - INFO - CDS - contig=contig_1, start=23617, stop=24780, strand=-, nt=[ATGGCAATGA..CGGGTTTTGA]
16:42:32.363 - INFO - CDS - contig=contig_1, start=24783, stop=25022, strand=-, nt=[ATGATAACAT..GGAGAGATAA]
16:42:32.363 - INFO - CDS - contig=contig_1, start=25024, stop=25263, strand=-, nt=[ATGACTGACT..GGGAAAATAA]
16:42:32.364 - INFO - CDS - contig=contig_1, start=25327, stop=25755, strand=-, nt=[ATGAATAATT..ATACTTTTAA]
16:42:32.364 - INFO - CDS - contig=contig_1, start=25770, stop=26183, strand=-, nt=[ATGAATACGT..TAGAAACTAA]
16:42:32.364 - INFO - CDS - contig=contig_1, start=26415, stop=26624, strand=+, nt=[ATGACAATGT..GGAGGTGTAG]
16:42:32.364 - INFO - CDS - contig=contig_1, start=26628, stop=26912, strand=+, nt=[ATGCAGCTGA..TGAGATTTAA]
16:42:32.364 - INFO - CDS - contig=contig_1, start=26928, stop=27626, strand=+, nt=[ATGACAAATT..AATGTTCTAG]
16:42:32.364 - INFO - CDS - contig=contig_1, start=27639, stop=27812, strand=+, nt=[ATGAGAAAAA..TAAGAAATGA]
16:42:32.364 - INFO - CDS - contig=contig_1, start=27809, stop=27919, strand=+, nt=[ATGACTAGGA..AGGGCTTTAG]
16:42:32.364 - INFO - CDS - contig=contig_1, start=27920, stop=28075, strand=+, nt=[ATGTTTCAAG..AAAAAAGTGA]
16:42:32.364 - INFO - CDS - contig=contig_1, start=28131, stop=28550, strand=+, nt=[ATGGAAAACC..TCAAGACTGA]
16:42:32.364 - INFO - CDS - contig=contig_1, start=28534, stop=28770, strand=+, nt=[ATGAAAATCA..AGCTAGTTAA]
16:42:32.364 - INFO - CDS - contig=contig_1, start=28771, stop=29457, strand=+, nt=[ATGTCAGAAG..CTTTAATTAA]
16:42:32.364 - INFO - CDS - contig=contig_1, start=29470, stop=30363, strand=+, nt=[ATGTCAAATG..AATCGAATGA]
16:42:32.364 - INFO - CDS - contig=contig_1, start=30360, stop=31040, strand=+, nt=[ATGAATTTAA..AGGGGGTTAA]
16:42:32.364 - INFO - CDS - contig=contig_1, start=31044, stop=31997, strand=+, nt=[ATGGCAGAAA..GGGAAAATGA]
16:42:32.364 - INFO - CDS - contig=contig_1, start=31994, stop=32296, strand=+, nt=[ATGATGAACG..CGATTTGTAA]
16:42:32.364 - INFO - CDS - contig=contig_1, start=32318, stop=32842, strand=+, nt=[ATGACAAAGT..CAAGAAATAA]
16:42:32.364 - INFO - CDS - contig=contig_1, start=32968, stop=33195, strand=+, nt=[ATGAAATTAA..AGTTAAATAA]
16:42:32.364 - INFO - CDS - contig=contig_1, start=33252, stop=34112, strand=+, nt=[ATGGAAATTA..CTTTAATTAA]
16:42:32.364 - INFO - CDS - contig=contig_1, start=34170, stop=34919, strand=+, nt=[ATGAAACTAA..CAAAGTTTAG]
16:42:32.364 - INFO - CDS - contig=contig_1, start=35222, stop=35332, strand=+, nt=[ATGACTTGTA..AACAGAATGA]
16:42:32.365 - INFO - CDS - contig=contig_1, start=35329, stop=35679, strand=+, nt=[ATGAGTGAAT..GGAAGAGTGA]
16:42:32.365 - INFO - CDS - contig=contig_1, start=35679, stop=35921, strand=+, nt=[ATGTTCAAAT..AGCGGAATGA]
16:42:32.365 - INFO - CDS - contig=contig_1, start=35918, stop=36154, strand=+, nt=[ATGATTATTC..TTGGGGGTAA]
16:42:32.365 - INFO - CDS - contig=contig_1, start=36160, stop=36483, strand=+, nt=[ATGAAACTAT..AGCGGAATGA]
16:42:32.365 - INFO - CDS - contig=contig_1, start=36480, stop=36833, strand=+, nt=[ATGAGTGATT..ACAGCGATGA]
16:42:32.365 - INFO - CDS - contig=contig_1, start=36830, stop=37330, strand=+, nt=[ATGAATAAAC..AGGTGAATAA]
16:42:32.365 - INFO - CDS - contig=contig_1, start=37331, stop=37516, strand=+, nt=[ATGAAACGCA..CAGTGTATGA]
16:42:32.365 - INFO - CDS - contig=contig_1, start=37513, stop=37713, strand=+, nt=[ATGAGTTATC..ACATGGGTAA]
16:42:32.365 - INFO - CDS - contig=contig_1, start=37858, stop=38274, strand=+, nt=[TTGATTCAAT..ATATAAATAA]
16:42:32.365 - INFO - CDS - predicted=62
16:42:32.567 - INFO - ORF - discarded=0
16:42:33.004 - INFO - UPS - looked-up=24
16:42:33.101 - INFO - IPS - looked-up=24
16:42:33.101 - INFO - ORF - write internal aa seqs: # seqs=38, path=/tmp/tmpzcoepxez/cds.psc.faa
16:43:39.941 - INFO - PSC - found: PSC=34, PSCC=3
16:43:40.264 - INFO - PSC - looked-up=61
16:43:40.467 - INFO - PSCC - looked-up=58
16:43:40.467 - INFO - ORF - write internal aa seqs: # seqs=62, path=/tmp/tmpzcoepxez/cds.expert.faa
16:43:41.694 - INFO - EXPERT-AMRFINDER - found=0
16:43:42.903 - INFO - EXPERT_AA_SEQ - found=0
16:43:42.904 - INFO - ANNOTATION - fix gene: extract symbol from protein name. symbol=yomH
16:43:42.905 - INFO - ANNOTATION - fix gene: lowercase first char. new=yomH, old=YomH
16:43:42.905 - INFO - ANNOTATION - fix gene: lowercase first char. new=yomH, old=YomH
16:43:42.905 - INFO - ANNOTATION - fix product: replace domain name underscores. new=BppU-N domain-containing protein, old=BppU_N domain-containing protein
16:43:42.905 - INFO - ANNOTATION - fix product: replace domain name underscores. new=Mtd-N domain-containing protein, old=Mtd_N domain-containing protein
16:43:42.906 - INFO - ANNOTATION - fix gene: extract symbol from protein name. symbol=xkdX
16:43:42.906 - INFO - ANNOTATION - fix product: replace domain name underscores. new=Peptidase-M78 domain-containing protein, old=Peptidase_M78 domain-containing protein
16:43:42.907 - INFO - ANNOTATION - fix product: replace domain name underscores. new=AMP-binding-C domain-containing protein, old=AMP-binding_C domain-containing protein
16:43:42.907 - INFO - ANNOTATION - fix product: replace domain name underscores. new=Phage-rep-org-N domain-containing protein, old=Phage_rep_org_N domain-containing protein
16:43:42.908 - INFO - ANNOTATION - fix gene: extract symbol from protein name. symbol=mazG
16:43:42.908 - INFO - ANNOTATION - fix gene: extract symbol from protein name. symbol=pcfR
16:43:42.908 - INFO - ANNOTATION - marked as hypothetical: contig=contig_1, start=35222, stop=35332, strand=+
16:43:42.908 - INFO - ANNOTATION - marked as hypothetical: contig=contig_1, start=35918, stop=36154, strand=+
16:43:42.909 - INFO - ORF - write internal aa seqs: # seqs=2, path=/tmp/tmpzcoepxez/cds.pseudo.candidates.faa
16:45:02.426 - INFO - CDS - found: pseudogene-candidates=0
16:45:02.431 - INFO - PSC - looked-up=0
16:45:02.432 - INFO - PSCC - looked-up=0
16:45:06.155 - INFO - CDS - predicted-pfams=0, CDS-w/-pfams=0
16:45:06.211 - INFO - S_ORF - predicted=587
16:45:06.604 - INFO - S_ORF - sORF filter: # valid=65, # discarded=522
16:45:06.767 - INFO - ORF - discarded=0
16:45:07.399 - INFO - UPS - looked-up=1
16:45:07.403 - INFO - IPS - looked-up=1
16:45:07.403 - INFO - ORF - write internal aa seqs: # seqs=64, path=/tmp/tmpzcoepxez/sorf.faa
16:45:07.732 - INFO - S_ORF - found=0
16:45:07.737 - INFO - PSC - looked-up=1
16:45:07.740 - INFO - PSCC - looked-up=1
16:45:09.205 - INFO - ORI - predicted=0
16:45:09.639 - INFO - ORI - predicted=0
16:45:09.640 - INFO - UTILS - generated sequence tag prefix: prefix=OGDKMAPNEL, length=10, MD5=80D46A97E5A9F84D5F0856D6ACB5B2A0
16:45:09.641 - INFO - MAIN - selected features=64
16:45:09.641 - INFO - UTILS - generated sequence tag prefix: prefix=OGDKMA, length=6, MD5=80D46A97E5A9F84D5F0856D6ACB5B2A0
16:45:09.641 - INFO - MAIN - locus tag prefix=OGDKMA
16:45:09.642 - INFO - UTILS - genome-size=39221
16:45:09.642 - INFO - UTILS - GC=0.351
16:45:09.643 - INFO - UTILS - N=0.000
16:45:09.643 - INFO - UTILS - N50=39221
16:45:09.643 - INFO - UTILS - coding-ratio=0.926
16:45:09.644 - INFO - TSV - write tsv: path=/net/holy-nfsisilon/ifs/rc_labs/eddy_lab/users/lmerk/phage_groupII/data/bakta_output/MZ333456/MZ333456.tsv
16:45:09.655 - INFO - GFF - write GFF3: path=/net/holy-nfsisilon/ifs/rc_labs/eddy_lab/users/lmerk/phage_groupII/data/bakta_output/MZ333456/MZ333456.gff3
16:45:09.670 - INFO - INSDC - write GenBank: path=/net/holy-nfsisilon/ifs/rc_labs/eddy_lab/users/lmerk/phage_groupII/data/bakta_output/MZ333456/MZ333456.gbff
16:45:09.692 - INFO - INSDC - write EMBL: path=/net/holy-nfsisilon/ifs/rc_labs/eddy_lab/users/lmerk/phage_groupII/data/bakta_output/MZ333456/MZ333456.embl
16:45:09.710 - INFO - FASTA - write genome sequences: path=/net/holy-nfsisilon/ifs/rc_labs/eddy_lab/users/lmerk/phage_groupII/data/bakta_output/MZ333456/MZ333456.fna, description=True, wrap=True
16:45:09.716 - INFO - FASTA - write feature nucleotide sequences: path=/net/holy-nfsisilon/ifs/rc_labs/eddy_lab/users/lmerk/phage_groupII/data/bakta_output/MZ333456/MZ333456.ffn
16:45:09.722 - INFO - FASTA - write translated CDS/sORF: path=/net/holy-nfsisilon/ifs/rc_labs/eddy_lab/users/lmerk/phage_groupII/data/bakta_output/MZ333456/MZ333456.faa
16:45:09.788 - INFO - PLOT - write circular genome plot: file-name=MZ333456, output-dir=/net/holy-nfsisilon/ifs/rc_labs/eddy_lab/users/lmerk/phage_groupII/data/bakta_output/MZ333456
16:45:19.552 - INFO - TSV - write hypothetical tsv: path=/net/holy-nfsisilon/ifs/rc_labs/eddy_lab/users/lmerk/phage_groupII/data/bakta_output/MZ333456/MZ333456.hypotheticals.tsv
16:45:19.557 - INFO - FASTA - write translated CDS/sORF: path=/net/holy-nfsisilon/ifs/rc_labs/eddy_lab/users/lmerk/phage_groupII/data/bakta_output/MZ333456/MZ333456.hypotheticals.faa
16:45:19.562 - INFO - JSON - write JSON: path=/net/holy-nfsisilon/ifs/rc_labs/eddy_lab/users/lmerk/phage_groupII/data/bakta_output/MZ333456/MZ333456.json
16:45:19.589 - INFO - MAIN - removed tmp dir: /tmp/tmpzcoepxez
