2024-03-13 16:57:36.637 | INFO     | __main__:main:105 - Starting Pharokka v1.5.1
2024-03-13 16:57:36.638 | INFO     | __main__:main:106 - Command executed: Namespace(infile='../data/genomes/groupII_millard/ON470608/ON470608.fna', outdir='../data/pharokka_output/ON470608', database='/n/eddy_lab/data/pharokka', threads='8', force=True, prefix='ON470608', locustag='Default', gene_predictor='phanotate', meta=False, split=False, coding_table='11', evalue='1E-05', fast=False, mmseqs2_only=False, meta_hmm=False, dnaapler=False, custom_hmm='', genbank=False, terminase=False, terminase_strand='nothing', terminase_start='nothing', skip_extra_annotations=False, skip_mash=False, citation=False)
2024-03-13 16:57:36.638 | INFO     | __main__:main:107 - Repository homepage is https://github.com/gbouras13/pharokka
2024-03-13 16:57:36.639 | INFO     | __main__:main:108 - Written by George Bouras: george.bouras@adelaide.edu.au
2024-03-13 16:57:36.639 | INFO     | __main__:main:110 - Checking database installation in /n/eddy_lab/data/pharokka.
2024-03-13 16:57:36.654 | INFO     | __main__:main:113 - All databases have been successfully checked.
2024-03-13 16:57:36.655 | INFO     | __main__:main:129 - Checking dependencies.
2024-03-13 16:57:39.495 | INFO     | input_commands:check_dependencies:367 - Phanotate version found is v1.5.1
2024-03-13 16:57:39.496 | INFO     | input_commands:check_dependencies:376 - Phanotate version is ok.
2024-03-13 16:57:39.625 | INFO     | input_commands:check_dependencies:398 - MMseqs2 version found is v13.45111
2024-03-13 16:57:39.626 | INFO     | input_commands:check_dependencies:407 - MMseqs2 version is ok.
2024-03-13 16:57:41.268 | INFO     | input_commands:check_dependencies:431 - tRNAscan-SE version found is v2.0.12
2024-03-13 16:57:41.269 | INFO     | input_commands:check_dependencies:442 - tRNAscan-SE version is ok.
2024-03-13 16:57:42.602 | INFO     | input_commands:check_dependencies:466 - MinCED version found is v0.4.2
2024-03-13 16:57:42.603 | INFO     | input_commands:check_dependencies:477 - MinCED version is ok.
2024-03-13 16:57:42.611 | INFO     | input_commands:check_dependencies:503 - ARAGORN version found is v1.2.41
2024-03-13 16:57:42.612 | INFO     | input_commands:check_dependencies:514 - ARAGORN version is ok.
2024-03-13 16:57:42.817 | INFO     | input_commands:check_dependencies:531 - mash version found is v2.3
2024-03-13 16:57:42.818 | INFO     | input_commands:check_dependencies:538 - mash version is ok.
2024-03-13 16:57:47.655 | INFO     | input_commands:check_dependencies:557 - Dnaapler version found is v0.5.0
2024-03-13 16:57:47.657 | INFO     | input_commands:check_dependencies:564 - Dnaapler version is ok.
2024-03-13 16:57:47.657 | INFO     | input_commands:check_dependencies:576 - Pyrodigal version is v3.2.1
2024-03-13 16:57:47.658 | INFO     | input_commands:check_dependencies:577 - Pyrodigal version is ok.
2024-03-13 16:57:47.658 | INFO     | input_commands:check_dependencies:589 - Pyrodigal_gv version is v0.3.1
2024-03-13 16:57:47.658 | INFO     | input_commands:check_dependencies:590 - Pyrodigal_gv version is ok.
2024-03-13 16:57:47.777 | INFO     | input_commands:validate_fasta:218 - Checking input ../data/genomes/groupII_millard/ON470608/ON470608.fna.
2024-03-13 16:57:47.779 | INFO     | input_commands:validate_fasta:220 - Input ../data/genomes/groupII_millard/ON470608/ON470608.fna is in FASTA format.
2024-03-13 16:57:47.779 | INFO     | input_commands:validate_fasta:225 - Checking input ../data/genomes/groupII_millard/ON470608/ON470608.fna for duplicate FASTA headers.
2024-03-13 16:57:47.781 | INFO     | input_commands:validate_fasta:227 - All headers in ../data/genomes/groupII_millard/ON470608/ON470608.fna are unique.
2024-03-13 16:57:47.781 | INFO     | input_commands:validate_gene_predictor:252 - Phanotate will be used for gene prediction.
2024-03-13 16:57:47.782 | INFO     | __main__:main:292 - Running Phanotate.
2024-03-13 16:57:47.790 | INFO     | external_tools:run:50 - Started running phanotate.py -f fasta -o ../data/pharokka_output/ON470608/phanotate_out_tmp.fasta ../data/genomes/groupII_millard/ON470608/ON470608.fna ...
2024-03-13 16:58:00.752 | INFO     | external_tools:run:52 - Done running phanotate.py -f fasta -o ../data/pharokka_output/ON470608/phanotate_out_tmp.fasta ../data/genomes/groupII_millard/ON470608/ON470608.fna
2024-03-13 16:58:00.756 | INFO     | external_tools:run:50 - Started running phanotate.py -f tabular -o ../data/pharokka_output/ON470608/phanotate_out.txt ../data/genomes/groupII_millard/ON470608/ON470608.fna ...
2024-03-13 16:58:13.398 | INFO     | external_tools:run:52 - Done running phanotate.py -f tabular -o ../data/pharokka_output/ON470608/phanotate_out.txt ../data/genomes/groupII_millard/ON470608/ON470608.fna
2024-03-13 16:58:13.504 | INFO     | __main__:main:321 - Starting tRNA-scanSE.
2024-03-13 16:58:13.507 | INFO     | external_tools:run:50 - Started running tRNAscan-SE --thread 8 -G -Q -j ../data/pharokka_output/ON470608/trnascan_out.gff ../data/genomes/groupII_millard/ON470608/ON470608.fna ...
2024-03-13 16:58:14.403 | INFO     | external_tools:run:52 - Done running tRNAscan-SE --thread 8 -G -Q -j ../data/pharokka_output/ON470608/trnascan_out.gff ../data/genomes/groupII_millard/ON470608/ON470608.fna
2024-03-13 16:58:14.405 | INFO     | processes:run_minced:786 - Running MinCED.
2024-03-13 16:58:14.409 | INFO     | external_tools:run:50 - Started running minced ../data/genomes/groupII_millard/ON470608/ON470608.fna ../data/pharokka_output/ON470608/ON470608_minced_spacers.txt ../data/pharokka_output/ON470608/ON470608_minced.gff ...
2024-03-13 16:58:14.645 | INFO     | external_tools:run:52 - Done running minced ../data/genomes/groupII_millard/ON470608/ON470608.fna ../data/pharokka_output/ON470608/ON470608_minced_spacers.txt ../data/pharokka_output/ON470608/ON470608_minced.gff
2024-03-13 16:58:14.647 | INFO     | processes:run_aragorn:815 - Running Aragorn.
2024-03-13 16:58:14.651 | INFO     | external_tools:run:50 - Started running aragorn -l -gcbact -w -m -o ../data/pharokka_output/ON470608/ON470608_aragorn.txt ../data/genomes/groupII_millard/ON470608/ON470608.fna ...
2024-03-13 16:58:14.692 | INFO     | external_tools:run:52 - Done running aragorn -l -gcbact -w -m -o ../data/pharokka_output/ON470608/ON470608_aragorn.txt ../data/genomes/groupII_millard/ON470608/ON470608.fna
2024-03-13 16:58:14.694 | INFO     | __main__:main:329 - Starting MMseqs2.
2024-03-13 16:58:14.694 | INFO     | processes:run_mmseqs:643 - Running MMseqs2 on PHROG Database.
2024-03-13 16:58:14.698 | INFO     | external_tools:run:50 - Started running mmseqs createdb ../data/pharokka_output/ON470608/phanotate_aas_tmp.fasta ../data/pharokka_output/ON470608/target_dir/target_seqs ...
2024-03-13 16:58:15.249 | INFO     | external_tools:run:52 - Done running mmseqs createdb ../data/pharokka_output/ON470608/phanotate_aas_tmp.fasta ../data/pharokka_output/ON470608/target_dir/target_seqs
2024-03-13 16:58:15.254 | INFO     | external_tools:run:50 - Started running mmseqs search -e 1E-05 /n/eddy_lab/data/pharokka/phrogs_profile_db ../data/pharokka_output/ON470608/target_dir/target_seqs ../data/pharokka_output/ON470608/mmseqs/results_mmseqs ../data/pharokka_output/ON470608/tmp_dir/ -s 8.5 --threads 8 ...
2024-03-13 16:59:57.831 | INFO     | external_tools:run:52 - Done running mmseqs search -e 1E-05 /n/eddy_lab/data/pharokka/phrogs_profile_db ../data/pharokka_output/ON470608/target_dir/target_seqs ../data/pharokka_output/ON470608/mmseqs/results_mmseqs ../data/pharokka_output/ON470608/tmp_dir/ -s 8.5 --threads 8
2024-03-13 16:59:57.836 | INFO     | external_tools:run:50 - Started running mmseqs createtsv /n/eddy_lab/data/pharokka/phrogs_profile_db ../data/pharokka_output/ON470608/target_dir/target_seqs ../data/pharokka_output/ON470608/mmseqs/results_mmseqs ../data/pharokka_output/ON470608/mmseqs_results.tsv --full-header --threads 8 ...
2024-03-13 16:59:58.093 | INFO     | external_tools:run:52 - Done running mmseqs createtsv /n/eddy_lab/data/pharokka/phrogs_profile_db ../data/pharokka_output/ON470608/target_dir/target_seqs ../data/pharokka_output/ON470608/mmseqs/results_mmseqs ../data/pharokka_output/ON470608/mmseqs_results.tsv --full-header --threads 8
2024-03-13 16:59:58.105 | INFO     | processes:run_mmseqs:643 - Running MMseqs2 on CARD Database.
2024-03-13 16:59:58.109 | INFO     | external_tools:run:50 - Started running mmseqs createdb ../data/pharokka_output/ON470608/phanotate_aas_tmp.fasta ../data/pharokka_output/ON470608/CARD_target_dir/target_seqs ...
2024-03-13 16:59:58.687 | INFO     | external_tools:run:52 - Done running mmseqs createdb ../data/pharokka_output/ON470608/phanotate_aas_tmp.fasta ../data/pharokka_output/ON470608/CARD_target_dir/target_seqs
2024-03-13 16:59:58.692 | INFO     | external_tools:run:50 - Started running mmseqs search --min-seq-id 0.8 -c 0.4 /n/eddy_lab/data/pharokka/CARD ../data/pharokka_output/ON470608/CARD_target_dir/target_seqs ../data/pharokka_output/ON470608/CARD/results_mmseqs ../data/pharokka_output/ON470608/CARD_dir/ -s 8.5 --threads 8 ...
2024-03-13 17:00:14.649 | INFO     | external_tools:run:52 - Done running mmseqs search --min-seq-id 0.8 -c 0.4 /n/eddy_lab/data/pharokka/CARD ../data/pharokka_output/ON470608/CARD_target_dir/target_seqs ../data/pharokka_output/ON470608/CARD/results_mmseqs ../data/pharokka_output/ON470608/CARD_dir/ -s 8.5 --threads 8
2024-03-13 17:00:14.655 | INFO     | external_tools:run:50 - Started running mmseqs createtsv /n/eddy_lab/data/pharokka/CARD ../data/pharokka_output/ON470608/CARD_target_dir/target_seqs ../data/pharokka_output/ON470608/CARD/results_mmseqs ../data/pharokka_output/ON470608/CARD_results.tsv --full-header --threads 8 ...
2024-03-13 17:00:14.760 | INFO     | external_tools:run:52 - Done running mmseqs createtsv /n/eddy_lab/data/pharokka/CARD ../data/pharokka_output/ON470608/CARD_target_dir/target_seqs ../data/pharokka_output/ON470608/CARD/results_mmseqs ../data/pharokka_output/ON470608/CARD_results.tsv --full-header --threads 8
2024-03-13 17:00:14.773 | INFO     | processes:run_mmseqs:643 - Running MMseqs2 on VFDB Database.
2024-03-13 17:00:14.778 | INFO     | external_tools:run:50 - Started running mmseqs createdb ../data/pharokka_output/ON470608/phanotate_aas_tmp.fasta ../data/pharokka_output/ON470608/VFDB_target_dir/target_seqs ...
2024-03-13 17:00:15.386 | INFO     | external_tools:run:52 - Done running mmseqs createdb ../data/pharokka_output/ON470608/phanotate_aas_tmp.fasta ../data/pharokka_output/ON470608/VFDB_target_dir/target_seqs
2024-03-13 17:00:15.391 | INFO     | external_tools:run:50 - Started running mmseqs search --min-seq-id 0.8 -c 0.4 /n/eddy_lab/data/pharokka/vfdb ../data/pharokka_output/ON470608/VFDB_target_dir/target_seqs ../data/pharokka_output/ON470608/VFDB/results_mmseqs ../data/pharokka_output/ON470608/VFDB_dir/ -s 8.5 --threads 8 ...
2024-03-13 17:00:42.642 | INFO     | external_tools:run:52 - Done running mmseqs search --min-seq-id 0.8 -c 0.4 /n/eddy_lab/data/pharokka/vfdb ../data/pharokka_output/ON470608/VFDB_target_dir/target_seqs ../data/pharokka_output/ON470608/VFDB/results_mmseqs ../data/pharokka_output/ON470608/VFDB_dir/ -s 8.5 --threads 8
2024-03-13 17:00:42.648 | INFO     | external_tools:run:50 - Started running mmseqs createtsv /n/eddy_lab/data/pharokka/vfdb ../data/pharokka_output/ON470608/VFDB_target_dir/target_seqs ../data/pharokka_output/ON470608/VFDB/results_mmseqs ../data/pharokka_output/ON470608/vfdb_results.tsv --full-header --threads 8 ...
2024-03-13 17:00:42.774 | INFO     | external_tools:run:52 - Done running mmseqs createtsv /n/eddy_lab/data/pharokka/vfdb ../data/pharokka_output/ON470608/VFDB_target_dir/target_seqs ../data/pharokka_output/ON470608/VFDB/results_mmseqs ../data/pharokka_output/ON470608/vfdb_results.tsv --full-header --threads 8
2024-03-13 17:00:42.785 | INFO     | __main__:main:360 - Running PyHMMER on PHROGs.
2024-03-13 17:01:04.992 | INFO     | __main__:main:376 - Post Processing Output.
2024-03-13 17:01:05.042 | INFO     | post_processing:create_mmseqs_tophits:2128 - Processing MMseqs2 outputs.
2024-03-13 17:01:05.043 | INFO     | post_processing:create_mmseqs_tophits:2129 - Processing PHROGs output.
2024-03-13 17:01:05.349 | INFO     | post_processing:process_vfdb_results:2332 - Processing VFDB output.
2024-03-13 17:01:05.357 | INFO     | post_processing:process_vfdb_results:2415 - 0 VFDB virulence factors identified.
2024-03-13 17:01:05.358 | INFO     | post_processing:process_card_results:2432 - Processing CARD output.
2024-03-13 17:01:05.366 | INFO     | post_processing:process_card_results:2550 - 0 CARD AMR genes identified.
2024-03-13 17:01:05.482 | INFO     | __main__:main:447 - Converting gff to genbank.
2024-03-13 17:01:05.515 | INFO     | post_processing:extract_terl:1966 - Terminase large subunit found.
2024-03-13 17:01:05.522 | INFO     | __main__:main:460 - Finding the closest match for each contig in INPHARED using mash.
2024-03-13 17:01:05.525 | INFO     | external_tools:run:50 - Started running mash sketch ../data/genomes/groupII_millard/ON470608/ON470608.fna -o ../data/pharokka_output/ON470608/input_mash_sketch.msh -i ...
2024-03-13 17:01:05.581 | INFO     | external_tools:run:52 - Done running mash sketch ../data/genomes/groupII_millard/ON470608/ON470608.fna -o ../data/pharokka_output/ON470608/input_mash_sketch.msh -i
2024-03-13 17:01:05.586 | INFO     | external_tools:run_to_stdout:59 - Started running mash dist ../data/pharokka_output/ON470608/input_mash_sketch.msh /n/eddy_lab/data/pharokka/1Aug2023_genomes.fa.msh -d 0.2 -i ...
2024-03-13 17:01:09.096 | INFO     | external_tools:run_to_stdout:61 - Done running mash dist ../data/pharokka_output/ON470608/input_mash_sketch.msh /n/eddy_lab/data/pharokka/1Aug2023_genomes.fa.msh -d 0.2 -i
2024-03-13 17:01:09.540 | INFO     | __main__:main:480 - Pharokka has finished.
2024-03-13 17:01:09.541 | INFO     | __main__:main:481 - Elapsed time: 212.92 seconds
2024-03-13 17:01:09.542 | INFO     | __main__:main:483 - If you use Pharokka in your research, please cite:
2024-03-13 17:01:09.542 | INFO     | __main__:main:484 - George Bouras, Roshan Nepal, Ghais Houtak, Alkis James Psaltis, Peter-John Wormald, Sarah Vreugde.
2024-03-13 17:01:09.542 | INFO     | __main__:main:487 - Pharokka: a fast scalable bacteriophage annotation tool.
2024-03-13 17:01:09.543 | INFO     | __main__:main:488 - Bioinformatics, Volume 39, Issue 1, January 2023, btac776.
2024-03-13 17:01:09.543 | INFO     | __main__:main:489 - https://doi.org/10.1093/bioinformatics/btac776.
2024-03-13 17:01:09.543 | INFO     | __main__:main:490 - You should also cite the full list of tools Pharokka uses, which can be found at https://github.com/gbouras13/pharokka#citation.
