# hmmscan :: search sequence(s) against a profile database
# HMMER 3.3.2 (Nov 2020); http://hmmer.org/
# Copyright (C) 2020 Howard Hughes Medical Institute.
# Freely distributed under the BSD open source license.
# - - - - - - - - - - - - - - - - - - - - - - - - - - - - - - - - - - - -
# query sequence file:             ./c1_windows/IMGVR_UViG_3300016748_000830_3300016748_Ga0182043_1204487.faa
# target HMM database:             /n/eddy_lab/data/pfam-35.0/Pfam-A.hmm
# output directed to file:         ./c1_windows/hmmscan/IMGVR_UViG_3300016748_000830_3300016748_Ga0182043_1204487_hmmscan_output.out
# per-seq hits tabular output:     ./c1_windows/hmmscan/IMGVR_UViG_3300016748_000830_3300016748_Ga0182043_1204487_hmmscan_output.tblout
# per-dom hits tabular output:     ./c1_windows/hmmscan/IMGVR_UViG_3300016748_000830_3300016748_Ga0182043_1204487_hmmscan_output.domtblout
# - - - - - - - - - - - - - - - - - - - - - - - - - - - - - - - - - - - -

Query:       orf1  [L=111]
Description: source=IMGVR_UViG_3300016748_000830_3300016748_Ga0182043_1204487/8-720 coords=362..694 length=111 frame=2 desc=
Scores for complete sequence (score includes all domains):
   --- full sequence ---   --- best 1 domain ---    -#dom-
    E-value  score  bias    E-value  score  bias    exp  N  Model    Description
    ------- ------ -----    ------- ------ -----   ---- --  -------- -----------

   [No hits detected that satisfy reporting thresholds]


Domain annotation for each model (and alignments):

   [No targets detected that satisfy reporting thresholds]


Internal pipeline statistics summary:
-------------------------------------
Query sequence(s):                         1  (111 residues searched)
Target model(s):                       19632  (3329936 nodes)
Passed MSV filter:                       338  (0.0172168); expected 392.6 (0.02)
Passed bias filter:                      258  (0.0131418); expected 392.6 (0.02)
Passed Vit filter:                        17  (0.000865933); expected 19.6 (0.001)
Passed Fwd filter:                         0  (0); expected 0.2 (1e-05)
Initial search space (Z):              19632  [actual number of targets]
Domain search space  (domZ):               0  [number of targets reported over threshold]
# CPU time: 0.28u 0.30s 00:00:00.58 Elapsed: 00:00:00.64
# Mc/sec: 574.02
//
Query:       orf2  [L=61]
Description: source=IMGVR_UViG_3300016748_000830_3300016748_Ga0182043_1204487/8-720 coords=470..288 length=61 frame=4 desc=
Scores for complete sequence (score includes all domains):
   --- full sequence ---   --- best 1 domain ---    -#dom-
    E-value  score  bias    E-value  score  bias    exp  N  Model    Description
    ------- ------ -----    ------- ------ -----   ---- --  -------- -----------

   [No hits detected that satisfy reporting thresholds]


Domain annotation for each model (and alignments):

   [No targets detected that satisfy reporting thresholds]


Internal pipeline statistics summary:
-------------------------------------
Query sequence(s):                         1  (61 residues searched)
Target model(s):                       19632  (3329936 nodes)
Passed MSV filter:                       268  (0.0136512); expected 392.6 (0.02)
Passed bias filter:                      248  (0.0126324); expected 392.6 (0.02)
Passed Vit filter:                        15  (0.000764059); expected 19.6 (0.001)
Passed Fwd filter:                         0  (0); expected 0.2 (1e-05)
Initial search space (Z):              19632  [actual number of targets]
Domain search space  (domZ):               0  [number of targets reported over threshold]
# CPU time: 0.27u 0.20s 00:00:00.47 Elapsed: 00:00:00.45
# Mc/sec: 446.73
//
Query:       orf3  [L=148]
Description: source=IMGVR_UViG_3300016748_000830_3300016748_Ga0182043_1204487/8-720 coords=672..229 length=148 frame=6 desc=
Scores for complete sequence (score includes all domains):
   --- full sequence ---   --- best 1 domain ---    -#dom-
    E-value  score  bias    E-value  score  bias    exp  N  Model    Description
    ------- ------ -----    ------- ------ -----   ---- --  -------- -----------

   [No hits detected that satisfy reporting thresholds]


Domain annotation for each model (and alignments):

   [No targets detected that satisfy reporting thresholds]


Internal pipeline statistics summary:
-------------------------------------
Query sequence(s):                         1  (148 residues searched)
Target model(s):                       19632  (3329936 nodes)
Passed MSV filter:                       213  (0.0108496); expected 392.6 (0.02)
Passed bias filter:                      183  (0.00932152); expected 392.6 (0.02)
Passed Vit filter:                        12  (0.000611247); expected 19.6 (0.001)
Passed Fwd filter:                         0  (0); expected 0.2 (1e-05)
Initial search space (Z):              19632  [actual number of targets]
Domain search space  (domZ):               0  [number of targets reported over threshold]
# CPU time: 0.32u 0.17s 00:00:00.49 Elapsed: 00:00:00.32
# Mc/sec: 1510.19
//
[ok]
