# hmmscan :: search sequence(s) against a profile database
# HMMER 3.3.2 (Nov 2020); http://hmmer.org/
# Copyright (C) 2020 Howard Hughes Medical Institute.
# Freely distributed under the BSD open source license.
# - - - - - - - - - - - - - - - - - - - - - - - - - - - - - - - - - - - -
# query sequence file:             ./c1_windows/IMGVR_UViG_3300016740_000785_3300016740_Ga0182096_1310103.faa
# target HMM database:             /n/eddy_lab/data/pfam-35.0/Pfam-A.hmm
# output directed to file:         ./c1_windows/hmmscan/IMGVR_UViG_3300016740_000785_3300016740_Ga0182096_1310103_hmmscan_output.out
# per-seq hits tabular output:     ./c1_windows/hmmscan/IMGVR_UViG_3300016740_000785_3300016740_Ga0182096_1310103_hmmscan_output.tblout
# per-dom hits tabular output:     ./c1_windows/hmmscan/IMGVR_UViG_3300016740_000785_3300016740_Ga0182096_1310103_hmmscan_output.domtblout
# - - - - - - - - - - - - - - - - - - - - - - - - - - - - - - - - - - - -

Query:       orf1  [L=79]
Description: source=IMGVR_UViG_3300016740_000785_3300016740_Ga0182096_1310103/1956-2659 coords=10..246 length=79 frame=1 desc=
Scores for complete sequence (score includes all domains):
   --- full sequence ---   --- best 1 domain ---    -#dom-
    E-value  score  bias    E-value  score  bias    exp  N  Model    Description
    ------- ------ -----    ------- ------ -----   ---- --  -------- -----------

   [No hits detected that satisfy reporting thresholds]


Domain annotation for each model (and alignments):

   [No targets detected that satisfy reporting thresholds]


Internal pipeline statistics summary:
-------------------------------------
Query sequence(s):                         1  (79 residues searched)
Target model(s):                       19632  (3329936 nodes)
Passed MSV filter:                       342  (0.0174205); expected 392.6 (0.02)
Passed bias filter:                      285  (0.0145171); expected 392.6 (0.02)
Passed Vit filter:                        14  (0.000713121); expected 19.6 (0.001)
Passed Fwd filter:                         0  (0); expected 0.2 (1e-05)
Initial search space (Z):              19632  [actual number of targets]
Domain search space  (domZ):               0  [number of targets reported over threshold]
# CPU time: 0.36u 0.31s 00:00:00.67 Elapsed: 00:00:00.63
# Mc/sec: 413.68
//
Query:       orf2  [L=61]
Description: source=IMGVR_UViG_3300016740_000785_3300016740_Ga0182096_1310103/1956-2659 coords=134..316 length=61 frame=2 desc=
Scores for complete sequence (score includes all domains):
   --- full sequence ---   --- best 1 domain ---    -#dom-
    E-value  score  bias    E-value  score  bias    exp  N  Model    Description
    ------- ------ -----    ------- ------ -----   ---- --  -------- -----------

   [No hits detected that satisfy reporting thresholds]


Domain annotation for each model (and alignments):

   [No targets detected that satisfy reporting thresholds]


Internal pipeline statistics summary:
-------------------------------------
Query sequence(s):                         1  (61 residues searched)
Target model(s):                       19632  (3329936 nodes)
Passed MSV filter:                       234  (0.0119193); expected 392.6 (0.02)
Passed bias filter:                      207  (0.010544); expected 392.6 (0.02)
Passed Vit filter:                        15  (0.000764059); expected 19.6 (0.001)
Passed Fwd filter:                         0  (0); expected 0.2 (1e-05)
Initial search space (Z):              19632  [actual number of targets]
Domain search space  (domZ):               0  [number of targets reported over threshold]
# CPU time: 0.33u 0.28s 00:00:00.61 Elapsed: 00:00:00.46
# Mc/sec: 433.45
//
Query:       orf3  [L=87]
Description: source=IMGVR_UViG_3300016740_000785_3300016740_Ga0182096_1310103/1956-2659 coords=183..443 length=87 frame=3 desc=
Scores for complete sequence (score includes all domains):
   --- full sequence ---   --- best 1 domain ---    -#dom-
    E-value  score  bias    E-value  score  bias    exp  N  Model    Description
    ------- ------ -----    ------- ------ -----   ---- --  -------- -----------

   [No hits detected that satisfy reporting thresholds]


Domain annotation for each model (and alignments):

   [No targets detected that satisfy reporting thresholds]


Internal pipeline statistics summary:
-------------------------------------
Query sequence(s):                         1  (87 residues searched)
Target model(s):                       19632  (3329936 nodes)
Passed MSV filter:                       218  (0.0111043); expected 392.6 (0.02)
Passed bias filter:                      173  (0.00881214); expected 392.6 (0.02)
Passed Vit filter:                         8  (0.000407498); expected 19.6 (0.001)
Passed Fwd filter:                         0  (0); expected 0.2 (1e-05)
Initial search space (Z):              19632  [actual number of targets]
Domain search space  (domZ):               0  [number of targets reported over threshold]
# CPU time: 0.32u 0.20s 00:00:00.52 Elapsed: 00:00:00.34
# Mc/sec: 842.43
//
Query:       orf4  [L=61]
Description: source=IMGVR_UViG_3300016740_000785_3300016740_Ga0182096_1310103/1956-2659 coords=497..679 length=61 frame=2 desc=
Scores for complete sequence (score includes all domains):
   --- full sequence ---   --- best 1 domain ---    -#dom-
    E-value  score  bias    E-value  score  bias    exp  N  Model    Description
    ------- ------ -----    ------- ------ -----   ---- --  -------- -----------

   [No hits detected that satisfy reporting thresholds]


Domain annotation for each model (and alignments):

   [No targets detected that satisfy reporting thresholds]


Internal pipeline statistics summary:
-------------------------------------
Query sequence(s):                         1  (61 residues searched)
Target model(s):                       19632  (3329936 nodes)
Passed MSV filter:                       206  (0.0104931); expected 392.6 (0.02)
Passed bias filter:                      198  (0.0100856); expected 392.6 (0.02)
Passed Vit filter:                        18  (0.00091687); expected 19.6 (0.001)
Passed Fwd filter:                         0  (0); expected 0.2 (1e-05)
Initial search space (Z):              19632  [actual number of targets]
Domain search space  (domZ):               0  [number of targets reported over threshold]
# CPU time: 0.31u 0.21s 00:00:00.52 Elapsed: 00:00:00.40
# Mc/sec: 506.13
//
Query:       orf5  [L=72]
Description: source=IMGVR_UViG_3300016740_000785_3300016740_Ga0182096_1310103/1956-2659 coords=384..169 length=72 frame=6 desc=
Scores for complete sequence (score includes all domains):
   --- full sequence ---   --- best 1 domain ---    -#dom-
    E-value  score  bias    E-value  score  bias    exp  N  Model    Description
    ------- ------ -----    ------- ------ -----   ---- --  -------- -----------

   [No hits detected that satisfy reporting thresholds]


Domain annotation for each model (and alignments):

   [No targets detected that satisfy reporting thresholds]


Internal pipeline statistics summary:
-------------------------------------
Query sequence(s):                         1  (72 residues searched)
Target model(s):                       19632  (3329936 nodes)
Passed MSV filter:                       262  (0.0133456); expected 392.6 (0.02)
Passed bias filter:                      200  (0.0101874); expected 392.6 (0.02)
Passed Vit filter:                         7  (0.000356561); expected 19.6 (0.001)
Passed Fwd filter:                         0  (0); expected 0.2 (1e-05)
Initial search space (Z):              19632  [actual number of targets]
Domain search space  (domZ):               0  [number of targets reported over threshold]
# CPU time: 0.26u 0.14s 00:00:00.40 Elapsed: 00:00:00.27
# Mc/sec: 862.70
//
Query:       orf6  [L=65]
Description: source=IMGVR_UViG_3300016740_000785_3300016740_Ga0182096_1310103/1956-2659 coords=203..9 length=65 frame=4 desc=
Scores for complete sequence (score includes all domains):
   --- full sequence ---   --- best 1 domain ---    -#dom-
    E-value  score  bias    E-value  score  bias    exp  N  Model    Description
    ------- ------ -----    ------- ------ -----   ---- --  -------- -----------

   [No hits detected that satisfy reporting thresholds]


Domain annotation for each model (and alignments):

   [No targets detected that satisfy reporting thresholds]


Internal pipeline statistics summary:
-------------------------------------
Query sequence(s):                         1  (65 residues searched)
Target model(s):                       19632  (3329936 nodes)
Passed MSV filter:                       401  (0.0204258); expected 392.6 (0.02)
Passed bias filter:                      270  (0.0137531); expected 392.6 (0.02)
Passed Vit filter:                         9  (0.000458435); expected 19.6 (0.001)
Passed Fwd filter:                         0  (0); expected 0.2 (1e-05)
Initial search space (Z):              19632  [actual number of targets]
Domain search space  (domZ):               0  [number of targets reported over threshold]
# CPU time: 0.25u 0.15s 00:00:00.40 Elapsed: 00:00:00.27
# Mc/sec: 774.77
//
[ok]
