# hmmscan :: search sequence(s) against a profile database
# HMMER 3.3.2 (Nov 2020); http://hmmer.org/
# Copyright (C) 2020 Howard Hughes Medical Institute.
# Freely distributed under the BSD open source license.
# - - - - - - - - - - - - - - - - - - - - - - - - - - - - - - - - - - - -
# query sequence file:             ./c1_windows/IMGVR_UViG_3300031649_000049_3300031649_Ga0307514_10001926.faa
# target HMM database:             /n/eddy_lab/data/pfam-35.0/Pfam-A.hmm
# output directed to file:         ./c1_windows/hmmscan/IMGVR_UViG_3300031649_000049_3300031649_Ga0307514_10001926_hmmscan_output.out
# per-seq hits tabular output:     ./c1_windows/hmmscan/IMGVR_UViG_3300031649_000049_3300031649_Ga0307514_10001926_hmmscan_output.tblout
# per-dom hits tabular output:     ./c1_windows/hmmscan/IMGVR_UViG_3300031649_000049_3300031649_Ga0307514_10001926_hmmscan_output.domtblout
# - - - - - - - - - - - - - - - - - - - - - - - - - - - - - - - - - - - -

Query:       orf1  [L=63]
Description: source=IMGVR_UViG_3300031649_000049_3300031649_Ga0307514_10001926/21101-22018 coords=453..641 length=63 frame=3 desc=
Scores for complete sequence (score includes all domains):
   --- full sequence ---   --- best 1 domain ---    -#dom-
    E-value  score  bias    E-value  score  bias    exp  N  Model    Description
    ------- ------ -----    ------- ------ -----   ---- --  -------- -----------

   [No hits detected that satisfy reporting thresholds]


Domain annotation for each model (and alignments):

   [No targets detected that satisfy reporting thresholds]


Internal pipeline statistics summary:
-------------------------------------
Query sequence(s):                         1  (63 residues searched)
Target model(s):                       19632  (3329936 nodes)
Passed MSV filter:                       328  (0.0167074); expected 392.6 (0.02)
Passed bias filter:                      241  (0.0122759); expected 392.6 (0.02)
Passed Vit filter:                         7  (0.000356561); expected 19.6 (0.001)
Passed Fwd filter:                         0  (0); expected 0.2 (1e-05)
Initial search space (Z):              19632  [actual number of targets]
Domain search space  (domZ):               0  [number of targets reported over threshold]
# CPU time: 0.36u 0.33s 00:00:00.69 Elapsed: 00:00:00.56
# Mc/sec: 369.85
//
Query:       orf2  [L=100]
Description: source=IMGVR_UViG_3300031649_000049_3300031649_Ga0307514_10001926/21101-22018 coords=607..906 length=100 frame=1 desc=
Scores for complete sequence (score includes all domains):
   --- full sequence ---   --- best 1 domain ---    -#dom-
    E-value  score  bias    E-value  score  bias    exp  N  Model    Description
    ------- ------ -----    ------- ------ -----   ---- --  -------- -----------

   [No hits detected that satisfy reporting thresholds]


Domain annotation for each model (and alignments):

   [No targets detected that satisfy reporting thresholds]


Internal pipeline statistics summary:
-------------------------------------
Query sequence(s):                         1  (100 residues searched)
Target model(s):                       19632  (3329936 nodes)
Passed MSV filter:                       322  (0.0164018); expected 392.6 (0.02)
Passed bias filter:                      292  (0.0148737); expected 392.6 (0.02)
Passed Vit filter:                        15  (0.000764059); expected 19.6 (0.001)
Passed Fwd filter:                         0  (0); expected 0.2 (1e-05)
Initial search space (Z):              19632  [actual number of targets]
Domain search space  (domZ):               0  [number of targets reported over threshold]
# CPU time: 0.38u 0.25s 00:00:00.63 Elapsed: 00:00:00.45
# Mc/sec: 738.44
//
[ok]
