# hmmscan :: search sequence(s) against a profile database
# HMMER 3.3.2 (Nov 2020); http://hmmer.org/
# Copyright (C) 2020 Howard Hughes Medical Institute.
# Freely distributed under the BSD open source license.
# - - - - - - - - - - - - - - - - - - - - - - - - - - - - - - - - - - - -
# query sequence file:             ./c1_windows/IMGVR_UViG_3300044693_000455_3300044693_Ga0466961_0000006.faa
# target HMM database:             /n/eddy_lab/data/pfam-35.0/Pfam-A.hmm
# output directed to file:         ./c1_windows/hmmscan/IMGVR_UViG_3300044693_000455_3300044693_Ga0466961_0000006_hmmscan_output.out
# per-seq hits tabular output:     ./c1_windows/hmmscan/IMGVR_UViG_3300044693_000455_3300044693_Ga0466961_0000006_hmmscan_output.tblout
# per-dom hits tabular output:     ./c1_windows/hmmscan/IMGVR_UViG_3300044693_000455_3300044693_Ga0466961_0000006_hmmscan_output.domtblout
# - - - - - - - - - - - - - - - - - - - - - - - - - - - - - - - - - - - -

Query:       orf1  [L=67]
Description: source=IMGVR_UViG_3300044693_000455_3300044693_Ga0466961_0000006/125136-125856 coords=184..384 length=67 frame=1 desc=
Scores for complete sequence (score includes all domains):
   --- full sequence ---   --- best 1 domain ---    -#dom-
    E-value  score  bias    E-value  score  bias    exp  N  Model    Description
    ------- ------ -----    ------- ------ -----   ---- --  -------- -----------

   [No hits detected that satisfy reporting thresholds]


Domain annotation for each model (and alignments):

   [No targets detected that satisfy reporting thresholds]


Internal pipeline statistics summary:
-------------------------------------
Query sequence(s):                         1  (67 residues searched)
Target model(s):                       19632  (3329936 nodes)
Passed MSV filter:                       212  (0.0107987); expected 392.6 (0.02)
Passed bias filter:                      166  (0.00845558); expected 392.6 (0.02)
Passed Vit filter:                         6  (0.000305623); expected 19.6 (0.001)
Passed Fwd filter:                         0  (0); expected 0.2 (1e-05)
Initial search space (Z):              19632  [actual number of targets]
Domain search space  (domZ):               0  [number of targets reported over threshold]
# CPU time: 0.31u 0.18s 00:00:00.49 Elapsed: 00:00:00.36
# Mc/sec: 610.81
//
Query:       orf2  [L=62]
Description: source=IMGVR_UViG_3300044693_000455_3300044693_Ga0466961_0000006/125136-125856 coords=524..709 length=62 frame=2 desc=
Scores for complete sequence (score includes all domains):
   --- full sequence ---   --- best 1 domain ---    -#dom-
    E-value  score  bias    E-value  score  bias    exp  N  Model    Description
    ------- ------ -----    ------- ------ -----   ---- --  -------- -----------

   [No hits detected that satisfy reporting thresholds]


Domain annotation for each model (and alignments):

   [No targets detected that satisfy reporting thresholds]


Internal pipeline statistics summary:
-------------------------------------
Query sequence(s):                         1  (62 residues searched)
Target model(s):                       19632  (3329936 nodes)
Passed MSV filter:                       238  (0.0121231); expected 392.6 (0.02)
Passed bias filter:                      203  (0.0103403); expected 392.6 (0.02)
Passed Vit filter:                        10  (0.000509372); expected 19.6 (0.001)
Passed Fwd filter:                         0  (0); expected 0.2 (1e-05)
Initial search space (Z):              19632  [actual number of targets]
Domain search space  (domZ):               0  [number of targets reported over threshold]
# CPU time: 0.32u 0.24s 00:00:00.56 Elapsed: 00:00:00.39
# Mc/sec: 525.49
//
Query:       orf3  [L=83]
Description: source=IMGVR_UViG_3300044693_000455_3300044693_Ga0466961_0000006/125136-125856 coords=251..3 length=83 frame=6 desc=
Scores for complete sequence (score includes all domains):
   --- full sequence ---   --- best 1 domain ---    -#dom-
    E-value  score  bias    E-value  score  bias    exp  N  Model    Description
    ------- ------ -----    ------- ------ -----   ---- --  -------- -----------

   [No hits detected that satisfy reporting thresholds]


Domain annotation for each model (and alignments):

   [No targets detected that satisfy reporting thresholds]


Internal pipeline statistics summary:
-------------------------------------
Query sequence(s):                         1  (83 residues searched)
Target model(s):                       19632  (3329936 nodes)
Passed MSV filter:                       221  (0.0112571); expected 392.6 (0.02)
Passed bias filter:                      202  (0.0102893); expected 392.6 (0.02)
Passed Vit filter:                        13  (0.000662184); expected 19.6 (0.001)
Passed Fwd filter:                         0  (0); expected 0.2 (1e-05)
Initial search space (Z):              19632  [actual number of targets]
Domain search space  (domZ):               0  [number of targets reported over threshold]
# CPU time: 0.36u 0.18s 00:00:00.54 Elapsed: 00:00:00.38
# Mc/sec: 724.52
//
Query:       orf4  [L=131]
Description: source=IMGVR_UViG_3300044693_000455_3300044693_Ga0466961_0000006/125136-125856 coords=393..1 length=131 frame=5 desc=
Scores for complete sequence (score includes all domains):
   --- full sequence ---   --- best 1 domain ---    -#dom-
    E-value  score  bias    E-value  score  bias    exp  N  Model      Description
    ------- ------ -----    ------- ------ -----   ---- --  --------   -----------
  ------ inclusion threshold ------
       0.18   12.1   0.0       0.28   11.5   0.0    1.3  1  Stork_head  Winged helix Storkhead-box1 domain


Domain annotation for each model (and alignments):
>> Stork_head  Winged helix Storkhead-box1 domain
   #    score  bias  c-Evalue  i-Evalue hmmfrom  hmm to    alifrom  ali to    envfrom  env to     acc
 ---   ------ ----- --------- --------- ------- -------    ------- -------    ------- -------    ----
   1 ?   11.5   0.0   1.4e-05      0.28       3      21 ..      68      86 ..      66      99 .. 0.85

  Alignments for each domain:
  == domain 1  score: 11.5 bits;  conditional E-value: 1.4e-05
  Stork_head  3 pvsqsqfvPLaealCkvil 21
                +++ s+f+PL+e+ C v++
        orf4 68 DIKLSRFTPLSEIRCRVLF 86
                7999***********9986 PP



Internal pipeline statistics summary:
-------------------------------------
Query sequence(s):                         1  (131 residues searched)
Target model(s):                       19632  (3329936 nodes)
Passed MSV filter:                       455  (0.0231764); expected 392.6 (0.02)
Passed bias filter:                      364  (0.0185412); expected 392.6 (0.02)
Passed Vit filter:                        26  (0.00132437); expected 19.6 (0.001)
Passed Fwd filter:                         1  (5.09372e-05); expected 0.2 (1e-05)
Initial search space (Z):              19632  [actual number of targets]
Domain search space  (domZ):               1  [number of targets reported over threshold]
# CPU time: 0.30u 0.19s 00:00:00.49 Elapsed: 00:00:00.32
# Mc/sec: 1339.41
//
[ok]
