# hmmscan :: search sequence(s) against a profile database
# HMMER 3.3.2 (Nov 2020); http://hmmer.org/
# Copyright (C) 2020 Howard Hughes Medical Institute.
# Freely distributed under the BSD open source license.
# - - - - - - - - - - - - - - - - - - - - - - - - - - - - - - - - - - - -
# query sequence file:             ./c1_windows/IMGVR_UViG_3300016741_001176_3300016741_Ga0182079_1277415.faa
# target HMM database:             /n/eddy_lab/data/pfam-35.0/Pfam-A.hmm
# output directed to file:         ./c1_windows/hmmscan/IMGVR_UViG_3300016741_001176_3300016741_Ga0182079_1277415_hmmscan_output.out
# per-seq hits tabular output:     ./c1_windows/hmmscan/IMGVR_UViG_3300016741_001176_3300016741_Ga0182079_1277415_hmmscan_output.tblout
# per-dom hits tabular output:     ./c1_windows/hmmscan/IMGVR_UViG_3300016741_001176_3300016741_Ga0182079_1277415_hmmscan_output.domtblout
# - - - - - - - - - - - - - - - - - - - - - - - - - - - - - - - - - - - -

Query:       orf1  [L=96]
Description: source=IMGVR_UViG_3300016741_001176_3300016741_Ga0182079_1277415/1-711 coords=479..192 length=96 frame=5 desc=
Scores for complete sequence (score includes all domains):
   --- full sequence ---   --- best 1 domain ---    -#dom-
    E-value  score  bias    E-value  score  bias    exp  N  Model    Description
    ------- ------ -----    ------- ------ -----   ---- --  -------- -----------

   [No hits detected that satisfy reporting thresholds]


Domain annotation for each model (and alignments):

   [No targets detected that satisfy reporting thresholds]


Internal pipeline statistics summary:
-------------------------------------
Query sequence(s):                         1  (96 residues searched)
Target model(s):                       19632  (3329936 nodes)
Passed MSV filter:                       234  (0.0119193); expected 392.6 (0.02)
Passed bias filter:                      211  (0.0107478); expected 392.6 (0.02)
Passed Vit filter:                         6  (0.000305623); expected 19.6 (0.001)
Passed Fwd filter:                         0  (0); expected 0.2 (1e-05)
Initial search space (Z):              19632  [actual number of targets]
Domain search space  (domZ):               0  [number of targets reported over threshold]
# CPU time: 0.37u 0.28s 00:00:00.65 Elapsed: 00:00:00.57
# Mc/sec: 553.02
//
[ok]
