# hmmscan :: search sequence(s) against a profile database
# HMMER 3.3.2 (Nov 2020); http://hmmer.org/
# Copyright (C) 2020 Howard Hughes Medical Institute.
# Freely distributed under the BSD open source license.
# - - - - - - - - - - - - - - - - - - - - - - - - - - - - - - - - - - - -
# query sequence file:             ./c1_windows/IMGVR_UViG_3300048848_000201_3300048848_Ga0496057_0001569_14064-32613.faa
# target HMM database:             /n/eddy_lab/data/pfam-35.0/Pfam-A.hmm
# output directed to file:         ./c1_windows/hmmscan/IMGVR_UViG_3300048848_000201_3300048848_Ga0496057_0001569_14064-32613_hmmscan_output.out
# per-seq hits tabular output:     ./c1_windows/hmmscan/IMGVR_UViG_3300048848_000201_3300048848_Ga0496057_0001569_14064-32613_hmmscan_output.tblout
# per-dom hits tabular output:     ./c1_windows/hmmscan/IMGVR_UViG_3300048848_000201_3300048848_Ga0496057_0001569_14064-32613_hmmscan_output.domtblout
# - - - - - - - - - - - - - - - - - - - - - - - - - - - - - - - - - - - -

Query:       orf1  [L=65]
Description: source=IMGVR_UViG_3300048848_000201_3300048848_Ga0496057_0001569_14064-32613/16374-17158 coords=784..590 length=65 frame=5 desc=
Scores for complete sequence (score includes all domains):
   --- full sequence ---   --- best 1 domain ---    -#dom-
    E-value  score  bias    E-value  score  bias    exp  N  Model    Description
    ------- ------ -----    ------- ------ -----   ---- --  -------- -----------

   [No hits detected that satisfy reporting thresholds]


Domain annotation for each model (and alignments):

   [No targets detected that satisfy reporting thresholds]


Internal pipeline statistics summary:
-------------------------------------
Query sequence(s):                         1  (65 residues searched)
Target model(s):                       19632  (3329936 nodes)
Passed MSV filter:                       241  (0.0122759); expected 392.6 (0.02)
Passed bias filter:                      219  (0.0111553); expected 392.6 (0.02)
Passed Vit filter:                         8  (0.000407498); expected 19.6 (0.001)
Passed Fwd filter:                         0  (0); expected 0.2 (1e-05)
Initial search space (Z):              19632  [actual number of targets]
Domain search space  (domZ):               0  [number of targets reported over threshold]
# CPU time: 0.34u 0.25s 00:00:00.59 Elapsed: 00:00:00.41
# Mc/sec: 521.30
//
Query:       orf2  [L=67]
Description: source=IMGVR_UViG_3300048848_000201_3300048848_Ga0496057_0001569_14064-32613/16374-17158 coords=202..2 length=67 frame=5 desc=
Scores for complete sequence (score includes all domains):
   --- full sequence ---   --- best 1 domain ---    -#dom-
    E-value  score  bias    E-value  score  bias    exp  N  Model    Description
    ------- ------ -----    ------- ------ -----   ---- --  -------- -----------

   [No hits detected that satisfy reporting thresholds]


Domain annotation for each model (and alignments):

   [No targets detected that satisfy reporting thresholds]


Internal pipeline statistics summary:
-------------------------------------
Query sequence(s):                         1  (67 residues searched)
Target model(s):                       19632  (3329936 nodes)
Passed MSV filter:                       268  (0.0136512); expected 392.6 (0.02)
Passed bias filter:                      228  (0.0116137); expected 392.6 (0.02)
Passed Vit filter:                        14  (0.000713121); expected 19.6 (0.001)
Passed Fwd filter:                         0  (0); expected 0.2 (1e-05)
Initial search space (Z):              19632  [actual number of targets]
Domain search space  (domZ):               0  [number of targets reported over threshold]
# CPU time: 0.36u 0.24s 00:00:00.60 Elapsed: 00:00:00.40
# Mc/sec: 550.41
//
[ok]
