# cmsearch :: search CM(s) against a sequence database
# INFERNAL 1.1.5 (Sep 2023)
# Copyright (C) 2023 Howard Hughes Medical Institute.
# Freely distributed under the BSD open source license.
# - - - - - - - - - - - - - - - - - - - - - - - - - - - - - - - - - - - -
# query CM file:                         /n/eddy_lab/users/lmerk/phage_groupII/data/infernal/cluster1/new_cluster1.cm
# target sequence database:              lambda.fna
# output directed to file:               cluster1_lambda.out
# MSA of significant hits saved to file: cluster1_lambda.aout
# tabular output of hits:                cluster1_lambda.tblout
# verbose output mode:                   on
# sequence reporting threshold:          E-value <= 100
# allowing truncated sequences anywhere: on
# number of worker threads:              64 [--cpu]
# - - - - - - - - - - - - - - - - - - - - - - - - - - - - - - - - - - - -

Query:       BUCT_millard_anytrunc  [CLEN=609]
Hit scores:
 rank     E-value  score  bias  sequence  start    end   mdl trunc   gc  description
 ----   --------- ------ -----  -------- ------ ------   --- ----- ----  -----------

   [No hits detected that satisfy reporting thresholds]


Hit alignments:

   [No hits detected that satisfy reporting thresholds]


Hit alignment statistics summary:
---------------------------------

   [No hits detected]


Internal CM pipeline statistics summary: (full sequences)
----------------------------------------
Query model(s):                                                  1  (609 consensus positions)
Target sequences:                                                1  (97004 residues searched)
Windows   passing  local HMM SSV           filter:              45  (0.4274); expected (0.35)
Windows   passing  local HMM Viterbi       filter:                  (off)
Windows   passing  local HMM Viterbi  bias filter:                  (off)
Windows   passing  local HMM Forward       filter:               2  (0.02461); expected (0.02)
Windows   passing  local HMM Forward  bias filter:               0  (0); expected (0.02)
Windows   passing glocal HMM Forward       filter:               0  (0); expected (0.02)
Windows   passing glocal HMM Forward  bias filter:               0  (0); expected (0.02)
Envelopes passing glocal HMM envelope defn filter:               0  (0); expected (0.02)
Envelopes passing  local CM  CYK           filter:               0  (0); expected (0.0001)
Total       non-truncated CM hits reported:                      0  (0)

CYK    filter stage scan matrix overflows:                       0  (0)
Inside final  stage scan matrix overflows:                       0  (0)

Internal CM pipeline statistics summary: (5' terminal sequence regions)
----------------------------------------
Query model(s):                                                  1  (609 consensus positions)
Target sequences re-searched for truncated hits:                 1  (1522 residues re-searched)
Windows   passing  local HMM SSV           filter:               0  (0); expected (0.35)
Windows   passing  local HMM Viterbi       filter:                  (off)
Windows   passing  local HMM Viterbi  bias filter:                  (off)
Windows   passing  local HMM Forward       filter:               0  (0); expected (0.02)
Windows   passing  local HMM Forward  bias filter:               0  (0); expected (0.02)
Windows   passing glocal HMM Forward       filter:               0  (0); expected (0.02)
Windows   passing glocal HMM Forward  bias filter:               0  (0); expected (0.02)
Envelopes passing glocal HMM envelope defn filter:               0  (0); expected (0.02)
Envelopes passing  local CM  CYK           filter:               0  (0); expected (0.0001)
Total        5' truncated CM hits reported:                      0  (0)

CYK    filter stage scan matrix overflows:                       0  (0)
Inside final  stage scan matrix overflows:                       0  (0)

Internal CM pipeline statistics summary: (3' terminal sequence regions)
----------------------------------------
Query model(s):                                                  1  (609 consensus positions)
Target sequences re-searched for truncated hits:                 1  (1522 residues re-searched)
Windows   passing  local HMM SSV           filter:               0  (0); expected (0.35)
Windows   passing  local HMM Viterbi       filter:                  (off)
Windows   passing  local HMM Viterbi  bias filter:                  (off)
Windows   passing  local HMM Forward       filter:               0  (0); expected (0.02)
Windows   passing  local HMM Forward  bias filter:               0  (0); expected (0.02)
Windows   passing glocal HMM Forward       filter:               0  (0); expected (0.02)
Windows   passing glocal HMM Forward  bias filter:               0  (0); expected (0.02)
Envelopes passing glocal HMM envelope defn filter:               0  (0); expected (0.02)
Envelopes passing  local CM  CYK           filter:               0  (0); expected (0.0001)
Total        3' truncated CM hits reported:                      0  (0)

CYK    filter stage scan matrix overflows:                       0  (0)
Inside final  stage scan matrix overflows:                       0  (0)

Internal CM pipeline statistics summary: (full sequences short enough to contain a 5' and 3' truncated hit)
----------------------------------------
Query model(s):                                                  1  (609 consensus positions)
Target sequences re-searched for truncated hits:                 0  (0 residues re-searched)
Windows   passing  local HMM SSV           filter:               0  (0); expected (0.35)
Windows   passing  local HMM Viterbi       filter:                  (off)
Windows   passing  local HMM Viterbi  bias filter:                  (off)
Windows   passing  local HMM Forward       filter:               0  (0); expected (0.02)
Windows   passing  local HMM Forward  bias filter:               0  (0); expected (0.02)
Windows   passing glocal HMM Forward       filter:               0  (0); expected (0.02)
Windows   passing glocal HMM Forward  bias filter:               0  (0); expected (0.02)
Envelopes passing glocal HMM envelope defn filter:               0  (0); expected (0.02)
Envelopes passing  local CM  CYK           filter:               0  (0); expected (0.0001)
Total 5' and 3' truncated CM hits reported:                      0  (0)

CYK    filter stage scan matrix overflows:                       0  (0)
Inside final  stage scan matrix overflows:                       0  (0)

Internal CM pipeline statistics summary: (full sequences, allowing truncated hits)
----------------------------------------
Query model(s):                                                  1  (609 consensus positions)
Target sequences re-searched for truncated hits:                 1  (97004 residues re-searched)
Windows   passing  local HMM SSV           filter:               0  (0); expected (0.35)
Windows   passing  local HMM Viterbi       filter:                  (off)
Windows   passing  local HMM Viterbi  bias filter:                  (off)
Windows   passing  local HMM Forward       filter:               0  (0); expected (0.02)
Windows   passing  local HMM Forward  bias filter:               0  (0); expected (0.02)
Windows   passing glocal HMM Forward       filter:               0  (0); expected (0.02)
Windows   passing glocal HMM Forward  bias filter:               0  (0); expected (0.02)
Envelopes passing glocal HMM envelope defn filter:               0  (0); expected (0.02)
Envelopes passing  local CM  CYK           filter:               0  (0); expected (0.0001)
Total                     CM hits reported:                      0  (0)

CYK    filter stage scan matrix overflows:                       0  (0)
Inside final  stage scan matrix overflows:                       0  (0)

Internal CM pipeline statistics summary: (standard and truncated passes)
----------------------------------------
Query model(s):                                                  1  (609 consensus positions)
Target sequences:                                                1  (97004 residues searched)
Target sequences re-searched for truncated hits:                 1  (100048 residues re-searched)
Windows   passing  local HMM SSV           filter:              45  (0.2104); expected (0.35)
Windows   passing  local HMM Viterbi       filter:                  (off)
Windows   passing  local HMM Viterbi  bias filter:                  (off)
Windows   passing  local HMM Forward       filter:               2  (0.01211); expected (0.02)
Windows   passing  local HMM Forward  bias filter:               0  (0); expected (0.02)
Windows   passing glocal HMM Forward       filter:               0  (0); expected (0.02)
Windows   passing glocal HMM Forward  bias filter:               0  (0); expected (0.02)
Envelopes passing glocal HMM envelope defn filter:               0  (0); expected (0.02)
Envelopes passing  local CM  CYK           filter:               0  (0); expected (0.0001)
Total CM hits reported:                                          0  (0); includes 0 truncated hit(s)

CYK    filter stage scan matrix overflows:                       0  (0)
Inside final  stage scan matrix overflows:                       0  (0)

# CPU time: 0.44u 0.46s 00:00:00.90 Elapsed: 00:00:00.51
# No hits satisfy inclusion thresholds; no alignment saved
//
[ok]
