16:42:19.718 - INFO - UTILS - version=1.9.1
16:42:19.719 - INFO - UTILS - developer: Oliver Schwengers, github.com/oschwengers
16:42:19.719 - INFO - UTILS - command: /n/home07/lmerk/.conda/envs/bakta/bin/bakta --force --db /n/eddy_lab/users/lmerk/databases/full/db -o ../data/bakta_output/MW248466 ../data/genomes/groupII_millard/MW248466/MW248466.fna
16:42:19.719 - INFO - UTILS - local time: 2024-03-13 16:42:19
16:42:19.724 - INFO - UTILS - machine: type=x86_64, cores=64
16:42:19.724 - INFO - UTILS - system: type=Linux, release=4.18.0-425.10.1.el8_7.x86_64
16:42:19.724 - INFO - UTILS - python: version=3.10.13, implementation=CPython
16:42:19.724 - INFO - CONFIG - threads=64
16:42:19.725 - INFO - CONFIG - verbose=False
16:42:19.725 - INFO - CONFIG - debug=False
16:42:19.726 - INFO - CONFIG - database: type=parameter, path=/net/holy-nfsisilon/ifs/rc_labs/eddy_lab/users/lmerk/databases/full/db
16:42:19.727 - INFO - CONFIG - tmp-path=/tmp/tmpjd5v1wo5
16:42:19.732 - INFO - CONFIG - genome-path=/net/holy-nfsisilon/ifs/rc_labs/eddy_lab/users/lmerk/phage_groupII/data/genomes/groupII_millard/MW248466/MW248466.fna
16:42:19.733 - INFO - CONFIG - min_contig_length=1
16:42:19.733 - INFO - CONFIG - prefix=MW248466
16:42:19.733 - INFO - CONFIG - output-path=/net/holy-nfsisilon/ifs/rc_labs/eddy_lab/users/lmerk/phage_groupII/data/bakta_output/MW248466
16:42:19.733 - INFO - CONFIG - force=True
16:42:19.733 - INFO - CONFIG - genus=None
16:42:19.733 - INFO - CONFIG - species=None
16:42:19.733 - INFO - CONFIG - strain=None
16:42:19.733 - INFO - CONFIG - plasmid=None
16:42:19.733 - INFO - CONFIG - complete=False
16:42:19.733 - INFO - CONFIG - prodigal_tf=None
16:42:19.733 - INFO - CONFIG - translation_table=11
16:42:19.733 - INFO - CONFIG - gram=?
16:42:19.734 - INFO - CONFIG - compliant=False
16:42:19.734 - INFO - CONFIG - meta=False
16:42:19.734 - INFO - CONFIG - locus=None
16:42:19.734 - INFO - CONFIG - locus-tag=None
16:42:19.734 - INFO - CONFIG - keep_contig_headers=False
16:42:19.734 - INFO - CONFIG - replicon-table=None
16:42:19.734 - INFO - CONFIG - regions=None
16:42:19.734 - INFO - CONFIG - skip-tRNA=False
16:42:19.734 - INFO - CONFIG - skip-tmRNA=False
16:42:19.734 - INFO - CONFIG - skip-rRNA=False
16:42:19.734 - INFO - CONFIG - skip-ncRNA=False
16:42:19.734 - INFO - CONFIG - skip-ncRNA-region=False
16:42:19.734 - INFO - CONFIG - skip-CRISPR=False
16:42:19.734 - INFO - CONFIG - skip-CDS=False
16:42:19.734 - INFO - CONFIG - skip-pseudo=False
16:42:19.734 - INFO - CONFIG - skip-sORF=False
16:42:19.735 - INFO - CONFIG - skip-gap=False
16:42:19.735 - INFO - CONFIG - skip-ori=False
16:42:19.735 - INFO - CONFIG - skip-plot=False
16:42:19.736 - INFO - DB - detected: major=5, minor=0, type=full, date=2023-02-20
16:42:20.168 - INFO - UTILS - dependency: tool=tRNAscan-SE, version=v2.0.12, path=/n/home07/lmerk/.conda/envs/bakta/bin/tRNAscan-SE
16:42:20.176 - INFO - UTILS - dependency: tool=Aragorn, version=v1.2.41, path=/n/home07/lmerk/.conda/envs/bakta/bin/aragorn
16:42:20.192 - INFO - UTILS - dependency: tool=CMscan, version=v1.1.4, path=/n/home07/lmerk/goodies/bin/cmscan
16:42:20.206 - INFO - UTILS - dependency: tool=PilerCR, version=v1.6.0, path=/n/home07/lmerk/.conda/envs/bakta/bin/pilercr
16:42:21.434 - INFO - UTILS - dependency: tool=Pyrodigal, version=v3.2.1, path=/n/home07/lmerk/.conda/envs/bakta/bin/pyrodigal
16:42:21.450 - INFO - UTILS - dependency: tool=AMRFinderPlus, version=v3.11.26, path=/n/home07/lmerk/.conda/envs/bakta/bin/amrfinder
16:42:21.971 - INFO - UTILS - dependency: tool=Pyhmmer, version=v0.10.4, path=/n/home07/lmerk/.conda/envs/bakta/bin/python
16:42:21.992 - INFO - UTILS - dependency: tool=Diamond, version=v2.1.8, path=/n/home07/lmerk/.conda/envs/bakta/bin/diamond
16:42:22.364 - INFO - UTILS - dependency: tool=Blastn, version=v2.15.0, path=/n/home07/lmerk/.conda/envs/bakta/bin/blastn
16:42:23.821 - INFO - UTILS - dependency: tool=Circos, version=v0.69.8, path=/n/home07/lmerk/.conda/envs/bakta/bin/circos
16:42:23.967 - INFO - FASTA - imported: id=MW248466, length=266637, description=, genomic=True, dna=True
16:42:23.967 - INFO - MAIN - imported sequences=1
16:42:23.967 - INFO - UTILS - qc: revised sequence: id=contig_1, orig-id=MW248466, type=contig, complete=False, topology=linear, name=, description='[gcode=11] [topology=linear]', orig-description=''
16:42:23.967 - INFO - FASTA - write genome sequences: path=/tmp/tmpjd5v1wo5/contigs.fna, description=False, wrap=False
16:42:25.173 - INFO - T_RNA - predicted=0
16:42:25.249 - INFO - TM_RNA - predicted=0
16:42:25.527 - INFO - R_RNA - predicted=0
16:42:27.176 - INFO - NC_RNA - predicted=0
16:42:28.105 - INFO - NC_RNA_REGION - predicted=0
16:42:28.252 - INFO - CRISPR - predicted=0
16:42:28.252 - INFO - CDS - create prodigal training info object: meta=False, closed=True
16:42:28.369 - INFO - CDS - contig=contig_1, start=69, stop=1691, strand=+, frame=3, truncated=no, start-type=TTG, RBS-motif=AGGAG/GGAGG
16:42:28.369 - INFO - CDS - contig=contig_1, start=1691, stop=3001, strand=+, frame=2, truncated=no, start-type=ATG, RBS-motif=GGAG/GAGG
16:42:28.370 - INFO - CDS - contig=contig_1, start=3070, stop=3708, strand=+, frame=1, truncated=no, start-type=ATG, RBS-motif=GGAG/GAGG
16:42:28.370 - INFO - CDS - contig=contig_1, start=3811, stop=4779, strand=+, frame=1, truncated=no, start-type=ATG, RBS-motif=AGGA
16:42:28.370 - INFO - CDS - contig=contig_1, start=4863, stop=5363, strand=+, frame=3, truncated=no, start-type=ATG, RBS-motif=AGGAG/GGAGG
16:42:28.370 - INFO - CDS - contig=contig_1, start=5394, stop=6014, strand=+, frame=3, truncated=no, start-type=ATG, RBS-motif=AGGAG
16:42:28.370 - INFO - CDS - contig=contig_1, start=6029, stop=6760, strand=+, frame=2, truncated=no, start-type=ATG, RBS-motif=AGGAG
16:42:28.370 - INFO - CDS - contig=contig_1, start=6872, stop=7117, strand=+, frame=2, truncated=no, start-type=ATG, RBS-motif=GGAG/GAGG
16:42:28.370 - INFO - CDS - contig=contig_1, start=7212, stop=7490, strand=+, frame=3, truncated=no, start-type=ATG, RBS-motif=AGGAG
16:42:28.371 - INFO - CDS - contig=contig_1, start=7537, stop=8160, strand=+, frame=1, truncated=no, start-type=ATG, RBS-motif=GGA/GAG/AGG
16:42:28.371 - INFO - CDS - contig=contig_1, start=8247, stop=8417, strand=+, frame=3, truncated=no, start-type=ATG, RBS-motif=GGAG/GAGG
16:42:28.371 - INFO - CDS - contig=contig_1, start=8521, stop=8832, strand=+, frame=1, truncated=no, start-type=ATG, RBS-motif=AGGAG
16:42:28.371 - INFO - CDS - contig=contig_1, start=8848, stop=9516, strand=+, frame=1, truncated=no, start-type=ATG, RBS-motif=AGGAG
16:42:28.371 - INFO - CDS - contig=contig_1, start=9598, stop=9765, strand=+, frame=1, truncated=no, start-type=ATG, RBS-motif=AGGAG
16:42:28.371 - INFO - CDS - contig=contig_1, start=9889, stop=10395, strand=+, frame=1, truncated=no, start-type=ATG, RBS-motif=AGGA/GGAG/GAGG
16:42:28.371 - INFO - CDS - contig=contig_1, start=10433, stop=10528, strand=+, frame=2, truncated=no, start-type=ATG, RBS-motif=GGAG/GAGG
16:42:28.371 - INFO - CDS - contig=contig_1, start=10647, stop=10829, strand=+, frame=3, truncated=no, start-type=ATG, RBS-motif=AGGAG
16:42:28.372 - INFO - CDS - contig=contig_1, start=10835, stop=11137, strand=+, frame=2, truncated=no, start-type=ATG, RBS-motif=GGAG/GAGG
16:42:28.372 - INFO - CDS - contig=contig_1, start=11158, stop=11394, strand=+, frame=1, truncated=no, start-type=ATG, RBS-motif=GGAG/GAGG
16:42:28.372 - INFO - CDS - contig=contig_1, start=11394, stop=11594, strand=+, frame=3, truncated=no, start-type=ATG, RBS-motif=AGGAG(G)/GGAGG
16:42:28.372 - INFO - CDS - contig=contig_1, start=11825, stop=12331, strand=+, frame=2, truncated=no, start-type=ATG, RBS-motif=GGAG/GAGG
16:42:28.372 - INFO - CDS - contig=contig_1, start=12355, stop=12822, strand=+, frame=1, truncated=no, start-type=ATG, RBS-motif=GGA/GAG/AGG
16:42:28.372 - INFO - CDS - contig=contig_1, start=12854, stop=13330, strand=+, frame=2, truncated=no, start-type=ATG, RBS-motif=GGAG/GAGG
16:42:28.372 - INFO - CDS - contig=contig_1, start=13351, stop=13596, strand=+, frame=1, truncated=no, start-type=ATG, RBS-motif=AGGAG
16:42:28.372 - INFO - CDS - contig=contig_1, start=13687, stop=14376, strand=+, frame=1, truncated=no, start-type=GTG, RBS-motif=GGA/GAG/AGG
16:42:28.373 - INFO - CDS - contig=contig_1, start=14457, stop=14975, strand=+, frame=3, truncated=no, start-type=ATG, RBS-motif=AGxAGG/AGGxGG
16:42:28.373 - INFO - CDS - contig=contig_1, start=15048, stop=15878, strand=+, frame=3, truncated=no, start-type=ATG, RBS-motif=AGGAG/GGAGG
16:42:28.373 - INFO - CDS - contig=contig_1, start=15894, stop=16394, strand=+, frame=3, truncated=no, start-type=ATG, RBS-motif=AGGA/GGAG/GAGG
16:42:28.373 - INFO - CDS - contig=contig_1, start=16413, stop=16973, strand=+, frame=3, truncated=no, start-type=ATG, RBS-motif=AGGAG(G)/GGAGG
16:42:28.373 - INFO - CDS - contig=contig_1, start=16963, stop=17592, strand=+, frame=1, truncated=no, start-type=ATG, RBS-motif=AGGAG
16:42:28.373 - INFO - CDS - contig=contig_1, start=17589, stop=18053, strand=+, frame=3, truncated=no, start-type=ATG, RBS-motif=AGGAG
16:42:28.373 - INFO - CDS - contig=contig_1, start=18071, stop=18529, strand=+, frame=2, truncated=no, start-type=ATG, RBS-motif=AGGAG
16:42:28.373 - INFO - CDS - contig=contig_1, start=18549, stop=19019, strand=+, frame=3, truncated=no, start-type=ATG, RBS-motif=AGGA
16:42:28.374 - INFO - CDS - contig=contig_1, start=19081, stop=19422, strand=+, frame=1, truncated=no, start-type=ATG, RBS-motif=AGGAG/GGAGG
16:42:28.374 - INFO - CDS - contig=contig_1, start=19442, stop=19927, strand=+, frame=2, truncated=no, start-type=ATG, RBS-motif=AGGAG
16:42:28.374 - INFO - CDS - contig=contig_1, start=20023, stop=20316, strand=+, frame=1, truncated=no, start-type=ATG, RBS-motif=GGAG/GAGG
16:42:28.374 - INFO - CDS - contig=contig_1, start=20344, stop=21012, strand=+, frame=1, truncated=no, start-type=ATG, RBS-motif=None
16:42:28.374 - INFO - CDS - contig=contig_1, start=21012, stop=21551, strand=+, frame=3, truncated=no, start-type=ATG, RBS-motif=AGGAG
16:42:28.374 - INFO - CDS - contig=contig_1, start=21568, stop=22104, strand=+, frame=1, truncated=no, start-type=TTG, RBS-motif=GGA/GAG/AGG
16:42:28.374 - INFO - CDS - contig=contig_1, start=22126, stop=22902, strand=+, frame=1, truncated=no, start-type=ATG, RBS-motif=GGA/GAG/AGG
16:42:28.374 - INFO - CDS - contig=contig_1, start=22981, stop=23640, strand=+, frame=1, truncated=no, start-type=ATG, RBS-motif=GGA/GAG/AGG
16:42:28.375 - INFO - CDS - contig=contig_1, start=23654, stop=24364, strand=+, frame=2, truncated=no, start-type=ATG, RBS-motif=AGGAG
16:42:28.375 - INFO - CDS - contig=contig_1, start=24562, stop=25089, strand=+, frame=1, truncated=no, start-type=ATG, RBS-motif=AGGAG/GGAGG
16:42:28.375 - INFO - CDS - contig=contig_1, start=25184, stop=25624, strand=-, frame=3, truncated=no, start-type=TTG, RBS-motif=AGGA
16:42:28.375 - INFO - CDS - contig=contig_1, start=25652, stop=28648, strand=-, frame=3, truncated=no, start-type=ATG, RBS-motif=None
16:42:28.375 - INFO - CDS - contig=contig_1, start=28711, stop=29217, strand=-, frame=1, truncated=no, start-type=ATG, RBS-motif=GGA/GAG/AGG
16:42:28.375 - INFO - CDS - contig=contig_1, start=29220, stop=29846, strand=-, frame=2, truncated=no, start-type=ATG, RBS-motif=AGGA
16:42:28.375 - INFO - CDS - contig=contig_1, start=29963, stop=30502, strand=-, frame=3, truncated=no, start-type=TTG, RBS-motif=AGGAG
16:42:28.376 - INFO - CDS - contig=contig_1, start=30542, stop=31102, strand=-, frame=3, truncated=no, start-type=ATG, RBS-motif=GGA/GAG/AGG
16:42:28.376 - INFO - CDS - contig=contig_1, start=31089, stop=31583, strand=-, frame=2, truncated=no, start-type=ATG, RBS-motif=4Base/6BMM
16:42:28.376 - INFO - CDS - contig=contig_1, start=31856, stop=32194, strand=-, frame=3, truncated=no, start-type=ATG, RBS-motif=AGGAGG
16:42:28.376 - INFO - CDS - contig=contig_1, start=32209, stop=32562, strand=-, frame=1, truncated=no, start-type=TTG, RBS-motif=AGGA
16:42:28.376 - INFO - CDS - contig=contig_1, start=32628, stop=40748, strand=-, frame=2, truncated=no, start-type=TTG, RBS-motif=4Base/6BMM
16:42:28.376 - INFO - CDS - contig=contig_1, start=40803, stop=41225, strand=-, frame=2, truncated=no, start-type=ATG, RBS-motif=AGGAG
16:42:28.377 - INFO - CDS - contig=contig_1, start=41343, stop=42605, strand=+, frame=3, truncated=no, start-type=ATG, RBS-motif=None
16:42:28.377 - INFO - CDS - contig=contig_1, start=42664, stop=43452, strand=-, frame=1, truncated=no, start-type=ATG, RBS-motif=AGGA/GGAG/GAGG
16:42:28.377 - INFO - CDS - contig=contig_1, start=43552, stop=44196, strand=-, frame=1, truncated=no, start-type=ATG, RBS-motif=AGGA/GGAG/GAGG
16:42:28.377 - INFO - CDS - contig=contig_1, start=44678, stop=47221, strand=+, frame=2, truncated=no, start-type=ATG, RBS-motif=GGA/GAG/AGG
16:42:28.377 - INFO - CDS - contig=contig_1, start=47227, stop=48063, strand=+, frame=1, truncated=no, start-type=TTG, RBS-motif=GGAG/GAGG
16:42:28.377 - INFO - CDS - contig=contig_1, start=48105, stop=48323, strand=-, frame=2, truncated=no, start-type=GTG, RBS-motif=GGAG/GAGG
16:42:28.377 - INFO - CDS - contig=contig_1, start=48394, stop=49062, strand=+, frame=1, truncated=no, start-type=ATG, RBS-motif=None
16:42:28.378 - INFO - CDS - contig=contig_1, start=49081, stop=49665, strand=+, frame=1, truncated=no, start-type=ATG, RBS-motif=GGAG/GAGG
16:42:28.378 - INFO - CDS - contig=contig_1, start=50036, stop=50749, strand=-, frame=3, truncated=no, start-type=ATG, RBS-motif=3Base/5BMM
16:42:28.378 - INFO - CDS - contig=contig_1, start=50774, stop=51400, strand=-, frame=3, truncated=no, start-type=ATG, RBS-motif=None
16:42:28.378 - INFO - CDS - contig=contig_1, start=51556, stop=52296, strand=-, frame=1, truncated=no, start-type=ATG, RBS-motif=GGA/GAG/AGG
16:42:28.378 - INFO - CDS - contig=contig_1, start=52545, stop=52784, strand=-, frame=2, truncated=no, start-type=ATG, RBS-motif=AGGA
16:42:28.378 - INFO - CDS - contig=contig_1, start=52894, stop=53904, strand=+, frame=1, truncated=no, start-type=TTG, RBS-motif=AGGA
16:42:28.378 - INFO - CDS - contig=contig_1, start=53876, stop=54568, strand=+, frame=2, truncated=no, start-type=ATG, RBS-motif=GGAG/GAGG
16:42:28.379 - INFO - CDS - contig=contig_1, start=54747, stop=56351, strand=+, frame=3, truncated=no, start-type=ATG, RBS-motif=AGGAG/GGAGG
16:42:28.379 - INFO - CDS - contig=contig_1, start=56448, stop=57602, strand=+, frame=3, truncated=no, start-type=ATG, RBS-motif=AGGAG(G)/GGAGG
16:42:28.379 - INFO - CDS - contig=contig_1, start=57627, stop=58271, strand=+, frame=3, truncated=no, start-type=ATG, RBS-motif=GGA/GAG/AGG
16:42:28.379 - INFO - CDS - contig=contig_1, start=58874, stop=60103, strand=+, frame=2, truncated=no, start-type=TTG, RBS-motif=GGA/GAG/AGG
16:42:28.379 - INFO - CDS - contig=contig_1, start=60282, stop=61073, strand=+, frame=3, truncated=no, start-type=TTG, RBS-motif=3Base/5BMM
16:42:28.379 - INFO - CDS - contig=contig_1, start=61098, stop=61844, strand=+, frame=3, truncated=no, start-type=ATG, RBS-motif=AGGAG
16:42:28.379 - INFO - CDS - contig=contig_1, start=61886, stop=62125, strand=+, frame=2, truncated=no, start-type=ATG, RBS-motif=AGGA/GGAG/GAGG
16:42:28.379 - INFO - CDS - contig=contig_1, start=62151, stop=62351, strand=+, frame=3, truncated=no, start-type=ATG, RBS-motif=AGGAG
16:42:28.380 - INFO - CDS - contig=contig_1, start=62439, stop=62843, strand=+, frame=3, truncated=no, start-type=ATG, RBS-motif=GGAG/GAGG
16:42:28.380 - INFO - CDS - contig=contig_1, start=62870, stop=65071, strand=+, frame=2, truncated=no, start-type=ATG, RBS-motif=AGGAG/GGAGG
16:42:28.380 - INFO - CDS - contig=contig_1, start=65046, stop=65306, strand=+, frame=3, truncated=no, start-type=TTG, RBS-motif=GGA/GAG/AGG
16:42:28.380 - INFO - CDS - contig=contig_1, start=65328, stop=66395, strand=+, frame=3, truncated=no, start-type=ATG, RBS-motif=AGGAG
16:42:28.380 - INFO - CDS - contig=contig_1, start=66582, stop=67328, strand=+, frame=3, truncated=no, start-type=TTG, RBS-motif=AGGAG
16:42:28.380 - INFO - CDS - contig=contig_1, start=67352, stop=67546, strand=+, frame=2, truncated=no, start-type=ATG, RBS-motif=4Base/6BMM
16:42:28.380 - INFO - CDS - contig=contig_1, start=67675, stop=70827, strand=+, frame=1, truncated=no, start-type=ATG, RBS-motif=GGA/GAG/AGG
16:42:28.381 - INFO - CDS - contig=contig_1, start=70982, stop=71788, strand=+, frame=2, truncated=no, start-type=ATG, RBS-motif=AGGAG
16:42:28.381 - INFO - CDS - contig=contig_1, start=71851, stop=74016, strand=-, frame=1, truncated=no, start-type=ATG, RBS-motif=GGA/GAG/AGG
16:42:28.381 - INFO - CDS - contig=contig_1, start=74047, stop=75498, strand=-, frame=1, truncated=no, start-type=TTG, RBS-motif=AGGA/GGAG/GAGG
16:42:28.381 - INFO - CDS - contig=contig_1, start=75630, stop=81512, strand=-, frame=2, truncated=no, start-type=TTG, RBS-motif=AGGAGG
16:42:28.382 - INFO - CDS - contig=contig_1, start=81536, stop=87493, strand=-, frame=3, truncated=no, start-type=TTG, RBS-motif=3Base/5BMM
16:42:28.382 - INFO - CDS - contig=contig_1, start=87645, stop=88298, strand=-, frame=2, truncated=no, start-type=ATG, RBS-motif=GGAG/GAGG
16:42:28.382 - INFO - CDS - contig=contig_1, start=88328, stop=89239, strand=-, frame=3, truncated=no, start-type=ATG, RBS-motif=AGGAG
16:42:28.382 - INFO - CDS - contig=contig_1, start=89586, stop=90794, strand=+, frame=3, truncated=no, start-type=ATG, RBS-motif=AGGA/GGAG/GAGG
16:42:28.382 - INFO - CDS - contig=contig_1, start=90815, stop=91066, strand=+, frame=2, truncated=no, start-type=GTG, RBS-motif=AGGA
16:42:28.382 - INFO - CDS - contig=contig_1, start=91078, stop=91275, strand=+, frame=1, truncated=no, start-type=TTG, RBS-motif=GGA/GAG/AGG
16:42:28.382 - INFO - CDS - contig=contig_1, start=91275, stop=91730, strand=+, frame=3, truncated=no, start-type=ATG, RBS-motif=AGGAG/GGAGG
16:42:28.383 - INFO - CDS - contig=contig_1, start=91744, stop=92022, strand=+, frame=1, truncated=no, start-type=ATG, RBS-motif=GGA/GAG/AGG
16:42:28.383 - INFO - CDS - contig=contig_1, start=92043, stop=92318, strand=+, frame=3, truncated=no, start-type=TTG, RBS-motif=3Base/5BMM
16:42:28.383 - INFO - CDS - contig=contig_1, start=92332, stop=92604, strand=+, frame=1, truncated=no, start-type=ATG, RBS-motif=AGGA
16:42:28.383 - INFO - CDS - contig=contig_1, start=92610, stop=92837, strand=+, frame=3, truncated=no, start-type=ATG, RBS-motif=AGGAG/GGAGG
16:42:28.383 - INFO - CDS - contig=contig_1, start=92864, stop=93055, strand=+, frame=2, truncated=no, start-type=ATG, RBS-motif=GGA/GAG/AGG
16:42:28.383 - INFO - CDS - contig=contig_1, start=93092, stop=95320, strand=-, frame=3, truncated=no, start-type=TTG, RBS-motif=GGA/GAG/AGG
16:42:28.383 - INFO - CDS - contig=contig_1, start=95505, stop=97049, strand=+, frame=3, truncated=no, start-type=ATG, RBS-motif=AGGAG
16:42:28.383 - INFO - CDS - contig=contig_1, start=97126, stop=99051, strand=+, frame=1, truncated=no, start-type=ATG, RBS-motif=AGGAG(G)/GGAGG
16:42:28.383 - INFO - CDS - contig=contig_1, start=99129, stop=101198, strand=+, frame=3, truncated=no, start-type=ATG, RBS-motif=AGGAG
16:42:28.384 - INFO - CDS - contig=contig_1, start=101272, stop=102459, strand=+, frame=1, truncated=no, start-type=ATG, RBS-motif=AGGAG
16:42:28.384 - INFO - CDS - contig=contig_1, start=102474, stop=103187, strand=+, frame=3, truncated=no, start-type=ATG, RBS-motif=AGGAG
16:42:28.384 - INFO - CDS - contig=contig_1, start=103217, stop=103876, strand=+, frame=2, truncated=no, start-type=ATG, RBS-motif=GGA/GAG/AGG
16:42:28.384 - INFO - CDS - contig=contig_1, start=103936, stop=104580, strand=+, frame=1, truncated=no, start-type=ATG, RBS-motif=GGAG/GAGG
16:42:28.384 - INFO - CDS - contig=contig_1, start=104636, stop=104911, strand=-, frame=3, truncated=no, start-type=ATG, RBS-motif=AGGA/GGAG/GAGG
16:42:28.384 - INFO - CDS - contig=contig_1, start=105061, stop=106386, strand=+, frame=1, truncated=no, start-type=ATG, RBS-motif=GGA/GAG/AGG
16:42:28.384 - INFO - CDS - contig=contig_1, start=106588, stop=107181, strand=+, frame=1, truncated=no, start-type=ATG, RBS-motif=None
16:42:28.384 - INFO - CDS - contig=contig_1, start=107205, stop=107780, strand=+, frame=3, truncated=no, start-type=ATG, RBS-motif=GGAG/GAGG
16:42:28.384 - INFO - CDS - contig=contig_1, start=107923, stop=109227, strand=+, frame=1, truncated=no, start-type=ATG, RBS-motif=AGGA/GGAG/GAGG
16:42:28.384 - INFO - CDS - contig=contig_1, start=109244, stop=109963, strand=+, frame=2, truncated=no, start-type=ATG, RBS-motif=AGGAG/GGAGG
16:42:28.384 - INFO - CDS - contig=contig_1, start=110055, stop=111245, strand=+, frame=3, truncated=no, start-type=ATG, RBS-motif=3Base/5BMM
16:42:28.385 - INFO - CDS - contig=contig_1, start=111678, stop=112658, strand=+, frame=3, truncated=no, start-type=ATG, RBS-motif=AGGA
16:42:28.385 - INFO - CDS - contig=contig_1, start=113486, stop=113785, strand=+, frame=2, truncated=no, start-type=ATG, RBS-motif=AGGA
16:42:28.385 - INFO - CDS - contig=contig_1, start=113926, stop=114408, strand=+, frame=1, truncated=no, start-type=ATG, RBS-motif=4Base/6BMM
16:42:28.385 - INFO - CDS - contig=contig_1, start=114424, stop=115125, strand=+, frame=1, truncated=no, start-type=ATG, RBS-motif=AGGAG
16:42:28.385 - INFO - CDS - contig=contig_1, start=115136, stop=115627, strand=+, frame=2, truncated=no, start-type=ATG, RBS-motif=AGGA
16:42:28.385 - INFO - CDS - contig=contig_1, start=115642, stop=115818, strand=+, frame=1, truncated=no, start-type=ATG, RBS-motif=AGGAG
16:42:28.385 - INFO - CDS - contig=contig_1, start=115818, stop=116489, strand=+, frame=3, truncated=no, start-type=ATG, RBS-motif=AGGAG
16:42:28.385 - INFO - CDS - contig=contig_1, start=116557, stop=117165, strand=+, frame=1, truncated=no, start-type=ATG, RBS-motif=AGGAG/GGAGG
16:42:28.385 - INFO - CDS - contig=contig_1, start=117180, stop=117800, strand=+, frame=3, truncated=no, start-type=ATG, RBS-motif=AGGAG
16:42:28.385 - INFO - CDS - contig=contig_1, start=117814, stop=118485, strand=+, frame=1, truncated=no, start-type=ATG, RBS-motif=AGGAG
16:42:28.385 - INFO - CDS - contig=contig_1, start=118499, stop=119053, strand=+, frame=2, truncated=no, start-type=ATG, RBS-motif=AGGA
16:42:28.385 - INFO - CDS - contig=contig_1, start=119073, stop=119696, strand=+, frame=3, truncated=no, start-type=TTG, RBS-motif=AGGAGG
16:42:28.385 - INFO - CDS - contig=contig_1, start=119742, stop=120344, strand=+, frame=3, truncated=no, start-type=ATG, RBS-motif=GGA/GAG/AGG
16:42:28.386 - INFO - CDS - contig=contig_1, start=120416, stop=121195, strand=+, frame=2, truncated=no, start-type=ATG, RBS-motif=3Base/5BMM
16:42:28.386 - INFO - CDS - contig=contig_1, start=121266, stop=121391, strand=+, frame=3, truncated=no, start-type=ATG, RBS-motif=AGGAG/GGAGG
16:42:28.386 - INFO - CDS - contig=contig_1, start=121411, stop=121812, strand=+, frame=1, truncated=no, start-type=ATG, RBS-motif=AGGA
16:42:28.386 - INFO - CDS - contig=contig_1, start=121899, stop=122699, strand=+, frame=3, truncated=no, start-type=ATG, RBS-motif=AGGA/GGAG/GAGG
16:42:28.386 - INFO - CDS - contig=contig_1, start=122721, stop=123461, strand=+, frame=3, truncated=no, start-type=ATG, RBS-motif=AGGA
16:42:28.386 - INFO - CDS - contig=contig_1, start=123478, stop=124257, strand=+, frame=1, truncated=no, start-type=ATG, RBS-motif=AGGAG
16:42:28.386 - INFO - CDS - contig=contig_1, start=124272, stop=125099, strand=+, frame=3, truncated=no, start-type=ATG, RBS-motif=AGGAG
16:42:28.386 - INFO - CDS - contig=contig_1, start=125156, stop=127891, strand=+, frame=2, truncated=no, start-type=ATG, RBS-motif=AGGAG(G)/GGAGG
16:42:28.386 - INFO - CDS - contig=contig_1, start=127908, stop=128231, strand=+, frame=3, truncated=no, start-type=ATG, RBS-motif=None
16:42:28.386 - INFO - CDS - contig=contig_1, start=128218, stop=128397, strand=+, frame=1, truncated=no, start-type=ATG, RBS-motif=GGA/GAG/AGG
16:42:28.386 - INFO - CDS - contig=contig_1, start=128521, stop=130242, strand=+, frame=1, truncated=no, start-type=ATG, RBS-motif=AGGAG/GGAGG
16:42:28.387 - INFO - CDS - contig=contig_1, start=130242, stop=131024, strand=+, frame=3, truncated=no, start-type=ATG, RBS-motif=AGGAGG
16:42:28.387 - INFO - CDS - contig=contig_1, start=131089, stop=133536, strand=+, frame=1, truncated=no, start-type=TTG, RBS-motif=AGGAG
16:42:28.387 - INFO - CDS - contig=contig_1, start=133637, stop=135550, strand=+, frame=2, truncated=no, start-type=ATG, RBS-motif=AGGAG/GGAGG
16:42:28.387 - INFO - CDS - contig=contig_1, start=135625, stop=135918, strand=+, frame=1, truncated=no, start-type=ATG, RBS-motif=AGGAGG
16:42:28.387 - INFO - CDS - contig=contig_1, start=135987, stop=136433, strand=+, frame=3, truncated=no, start-type=ATG, RBS-motif=AGGAG(G)/GGAGG
16:42:28.387 - INFO - CDS - contig=contig_1, start=136451, stop=137998, strand=+, frame=2, truncated=no, start-type=ATG, RBS-motif=AGxAG
16:42:28.387 - INFO - CDS - contig=contig_1, start=138019, stop=138729, strand=+, frame=1, truncated=no, start-type=GTG, RBS-motif=GGA/GAG/AGG
16:42:28.387 - INFO - CDS - contig=contig_1, start=138741, stop=139397, strand=+, frame=3, truncated=no, start-type=ATG, RBS-motif=GGAG/GAGG
16:42:28.387 - INFO - CDS - contig=contig_1, start=139398, stop=139997, strand=+, frame=3, truncated=no, start-type=ATG, RBS-motif=3Base/5BMM
16:42:28.387 - INFO - CDS - contig=contig_1, start=140081, stop=141328, strand=+, frame=2, truncated=no, start-type=ATG, RBS-motif=GGA/GAG/AGG
16:42:28.387 - INFO - CDS - contig=contig_1, start=141428, stop=142264, strand=+, frame=2, truncated=no, start-type=ATG, RBS-motif=GGA/GAG/AGG
16:42:28.388 - INFO - CDS - contig=contig_1, start=142320, stop=144227, strand=-, frame=2, truncated=no, start-type=ATG, RBS-motif=4Base/6BMM
16:42:28.388 - INFO - CDS - contig=contig_1, start=144251, stop=144838, strand=-, frame=3, truncated=no, start-type=ATG, RBS-motif=AGGAG/GGAGG
16:42:28.388 - INFO - CDS - contig=contig_1, start=144906, stop=145703, strand=-, frame=2, truncated=no, start-type=ATG, RBS-motif=3Base/5BMM
16:42:28.388 - INFO - CDS - contig=contig_1, start=145870, stop=146820, strand=-, frame=1, truncated=no, start-type=ATG, RBS-motif=GGAG/GAGG
16:42:28.388 - INFO - CDS - contig=contig_1, start=146886, stop=149168, strand=-, frame=2, truncated=no, start-type=ATG, RBS-motif=AGGAG/GGAGG
16:42:28.388 - INFO - CDS - contig=contig_1, start=149349, stop=151826, strand=-, frame=2, truncated=no, start-type=TTG, RBS-motif=AGGA/GGAG/GAGG
16:42:28.388 - INFO - CDS - contig=contig_1, start=151850, stop=153118, strand=-, frame=3, truncated=no, start-type=ATG, RBS-motif=GGA/GAG/AGG
16:42:28.388 - INFO - CDS - contig=contig_1, start=153254, stop=153763, strand=-, frame=3, truncated=no, start-type=ATG, RBS-motif=AGGA
16:42:28.388 - INFO - CDS - contig=contig_1, start=153808, stop=154623, strand=-, frame=1, truncated=no, start-type=ATG, RBS-motif=GGAG/GAGG
16:42:28.389 - INFO - CDS - contig=contig_1, start=154726, stop=155730, strand=-, frame=1, truncated=no, start-type=ATG, RBS-motif=None
16:42:28.389 - INFO - CDS - contig=contig_1, start=156078, stop=157010, strand=-, frame=2, truncated=no, start-type=TTG, RBS-motif=GGA/GAG/AGG
16:42:28.389 - INFO - CDS - contig=contig_1, start=157159, stop=160281, strand=-, frame=1, truncated=no, start-type=TTG, RBS-motif=AGGA
16:42:28.389 - INFO - CDS - contig=contig_1, start=160823, stop=162049, strand=+, frame=2, truncated=no, start-type=TTG, RBS-motif=AGxAG
16:42:28.389 - INFO - CDS - contig=contig_1, start=162840, stop=164786, strand=+, frame=3, truncated=no, start-type=ATG, RBS-motif=AGGA/GGAG/GAGG
16:42:28.389 - INFO - CDS - contig=contig_1, start=164841, stop=165524, strand=-, frame=2, truncated=no, start-type=ATG, RBS-motif=AGxAGG/AGGxGG
16:42:28.389 - INFO - CDS - contig=contig_1, start=165699, stop=167771, strand=+, frame=3, truncated=no, start-type=ATG, RBS-motif=AGGAG/GGAGG
16:42:28.389 - INFO - CDS - contig=contig_1, start=167879, stop=168490, strand=+, frame=2, truncated=no, start-type=TTG, RBS-motif=GGA/GAG/AGG
16:42:28.389 - INFO - CDS - contig=contig_1, start=168491, stop=169045, strand=+, frame=2, truncated=no, start-type=ATG, RBS-motif=GGAG/GAGG
16:42:28.389 - INFO - CDS - contig=contig_1, start=169050, stop=169229, strand=+, frame=3, truncated=no, start-type=ATG, RBS-motif=GGAG/GAGG
16:42:28.389 - INFO - CDS - contig=contig_1, start=169223, stop=169714, strand=+, frame=2, truncated=no, start-type=ATG, RBS-motif=GGAG/GAGG
16:42:28.390 - INFO - CDS - contig=contig_1, start=169769, stop=170536, strand=-, frame=3, truncated=no, start-type=GTG, RBS-motif=AGGAGG
16:42:28.390 - INFO - CDS - contig=contig_1, start=170608, stop=170742, strand=-, frame=1, truncated=no, start-type=ATG, RBS-motif=AGGAGG
16:42:28.390 - INFO - CDS - contig=contig_1, start=170854, stop=171414, strand=-, frame=1, truncated=no, start-type=ATG, RBS-motif=AGGAG/GGAGG
16:42:28.390 - INFO - CDS - contig=contig_1, start=171491, stop=172222, strand=-, frame=3, truncated=no, start-type=ATG, RBS-motif=GGA/GAG/AGG
16:42:28.390 - INFO - CDS - contig=contig_1, start=172402, stop=172803, strand=+, frame=1, truncated=no, start-type=ATG, RBS-motif=None
16:42:28.390 - INFO - CDS - contig=contig_1, start=172845, stop=174350, strand=+, frame=3, truncated=no, start-type=ATG, RBS-motif=GGAG/GAGG
16:42:28.390 - INFO - CDS - contig=contig_1, start=174416, stop=174613, strand=+, frame=2, truncated=no, start-type=TTG, RBS-motif=None
16:42:28.390 - INFO - CDS - contig=contig_1, start=174646, stop=174939, strand=+, frame=1, truncated=no, start-type=TTG, RBS-motif=AGGAG/GGAGG
16:42:28.390 - INFO - CDS - contig=contig_1, start=174957, stop=176699, strand=+, frame=3, truncated=no, start-type=ATG, RBS-motif=GGAG/GAGG
16:42:28.390 - INFO - CDS - contig=contig_1, start=176870, stop=177643, strand=+, frame=2, truncated=no, start-type=TTG, RBS-motif=AGGAGG
16:42:28.390 - INFO - CDS - contig=contig_1, start=177720, stop=179453, strand=+, frame=3, truncated=no, start-type=TTG, RBS-motif=AGGAG/GGAGG
16:42:28.391 - INFO - CDS - contig=contig_1, start=179539, stop=180678, strand=-, frame=1, truncated=no, start-type=ATG, RBS-motif=AGGA/GGAG/GAGG
16:42:28.391 - INFO - CDS - contig=contig_1, start=180806, stop=182080, strand=+, frame=2, truncated=no, start-type=TTG, RBS-motif=None
16:42:28.391 - INFO - CDS - contig=contig_1, start=182105, stop=182839, strand=-, frame=3, truncated=no, start-type=TTG, RBS-motif=AGGAG/GGAGG
16:42:28.391 - INFO - CDS - contig=contig_1, start=182927, stop=183763, strand=-, frame=3, truncated=no, start-type=ATG, RBS-motif=GGAG/GAGG
16:42:28.391 - INFO - CDS - contig=contig_1, start=183808, stop=184866, strand=-, frame=1, truncated=no, start-type=GTG, RBS-motif=GGAG/GAGG
16:42:28.391 - INFO - CDS - contig=contig_1, start=185044, stop=186570, strand=-, frame=1, truncated=no, start-type=TTG, RBS-motif=AGxAGG/AGGxGG
16:42:28.391 - INFO - CDS - contig=contig_1, start=186746, stop=186904, strand=-, frame=3, truncated=no, start-type=TTG, RBS-motif=GGA/GAG/AGG
16:42:28.391 - INFO - CDS - contig=contig_1, start=187241, stop=187717, strand=-, frame=3, truncated=no, start-type=ATG, RBS-motif=AGGA
16:42:28.391 - INFO - CDS - contig=contig_1, start=187849, stop=187977, strand=-, frame=1, truncated=no, start-type=ATG, RBS-motif=AGGA
16:42:28.391 - INFO - CDS - contig=contig_1, start=188276, stop=189244, strand=+, frame=2, truncated=no, start-type=TTG, RBS-motif=GGxGG
16:42:28.392 - INFO - CDS - contig=contig_1, start=189268, stop=192255, strand=+, frame=1, truncated=no, start-type=ATG, RBS-motif=3Base/5BMM
16:42:28.392 - INFO - CDS - contig=contig_1, start=192294, stop=193274, strand=+, frame=3, truncated=no, start-type=ATG, RBS-motif=GGAG/GAGG
16:42:28.392 - INFO - CDS - contig=contig_1, start=193328, stop=195070, strand=-, frame=3, truncated=no, start-type=ATG, RBS-motif=GGA/GAG/AGG
16:42:28.392 - INFO - CDS - contig=contig_1, start=195096, stop=196238, strand=-, frame=2, truncated=no, start-type=ATG, RBS-motif=AGGA
16:42:28.392 - INFO - CDS - contig=contig_1, start=196231, stop=196614, strand=-, frame=1, truncated=no, start-type=ATG, RBS-motif=4Base/6BMM
16:42:28.392 - INFO - CDS - contig=contig_1, start=196620, stop=197096, strand=-, frame=2, truncated=no, start-type=ATG, RBS-motif=AGGAG/GGAGG
16:42:28.392 - INFO - CDS - contig=contig_1, start=197444, stop=198343, strand=+, frame=2, truncated=no, start-type=TTG, RBS-motif=GGA/GAG/AGG
16:42:28.392 - INFO - CDS - contig=contig_1, start=198420, stop=204374, strand=+, frame=3, truncated=no, start-type=TTG, RBS-motif=AGGAG/GGAGG
16:42:28.392 - INFO - CDS - contig=contig_1, start=204474, stop=209696, strand=+, frame=3, truncated=no, start-type=ATG, RBS-motif=AGGAG
16:42:28.393 - INFO - CDS - contig=contig_1, start=209809, stop=210468, strand=+, frame=1, truncated=no, start-type=ATG, RBS-motif=None
16:42:28.393 - INFO - CDS - contig=contig_1, start=210492, stop=211958, strand=+, frame=3, truncated=no, start-type=TTG, RBS-motif=AGGAGG
16:42:28.393 - INFO - CDS - contig=contig_1, start=212032, stop=213342, strand=+, frame=1, truncated=no, start-type=ATG, RBS-motif=GGA/GAG/AGG
16:42:28.393 - INFO - CDS - contig=contig_1, start=213366, stop=213515, strand=+, frame=3, truncated=no, start-type=ATG, RBS-motif=AGGA
16:42:28.393 - INFO - CDS - contig=contig_1, start=213515, stop=213847, strand=+, frame=2, truncated=no, start-type=ATG, RBS-motif=AGGAG
16:42:28.393 - INFO - CDS - contig=contig_1, start=215089, stop=216594, strand=+, frame=1, truncated=no, start-type=ATG, RBS-motif=AGGAG/GGAGG
16:42:28.393 - INFO - CDS - contig=contig_1, start=216596, stop=217420, strand=+, frame=2, truncated=no, start-type=ATG, RBS-motif=3Base/5BMM
16:42:28.393 - INFO - CDS - contig=contig_1, start=217506, stop=218687, strand=+, frame=3, truncated=no, start-type=ATG, RBS-motif=AGGAG
16:42:28.393 - INFO - CDS - contig=contig_1, start=218709, stop=219410, strand=+, frame=3, truncated=no, start-type=ATG, RBS-motif=AGGA/GGAG/GAGG
16:42:28.393 - INFO - CDS - contig=contig_1, start=219517, stop=220251, strand=+, frame=1, truncated=no, start-type=ATG, RBS-motif=AGGAG(G)/GGAGG
16:42:28.393 - INFO - CDS - contig=contig_1, start=220316, stop=220867, strand=+, frame=2, truncated=no, start-type=ATG, RBS-motif=AGGAG
16:42:28.393 - INFO - CDS - contig=contig_1, start=220884, stop=221825, strand=+, frame=3, truncated=no, start-type=ATG, RBS-motif=AGGAG
16:42:28.393 - INFO - CDS - contig=contig_1, start=221843, stop=222784, strand=+, frame=2, truncated=no, start-type=ATG, RBS-motif=AGGAG/GGAGG
16:42:28.393 - INFO - CDS - contig=contig_1, start=222857, stop=224188, strand=+, frame=2, truncated=no, start-type=ATG, RBS-motif=AGGAG/GGAGG
16:42:28.393 - INFO - CDS - contig=contig_1, start=224175, stop=224594, strand=+, frame=3, truncated=no, start-type=GTG, RBS-motif=GGA/GAG/AGG
16:42:28.394 - INFO - CDS - contig=contig_1, start=224617, stop=226152, strand=+, frame=1, truncated=no, start-type=ATG, RBS-motif=AGxAGG/AGGxGG
16:42:28.394 - INFO - CDS - contig=contig_1, start=226296, stop=227054, strand=+, frame=3, truncated=no, start-type=TTG, RBS-motif=AGGA
16:42:28.394 - INFO - CDS - contig=contig_1, start=227169, stop=228062, strand=+, frame=3, truncated=no, start-type=ATG, RBS-motif=AGGAG/GGAGG
16:42:28.394 - INFO - CDS - contig=contig_1, start=228088, stop=228477, strand=+, frame=1, truncated=no, start-type=ATG, RBS-motif=AGGAG/GGAGG
16:42:28.394 - INFO - CDS - contig=contig_1, start=228696, stop=229034, strand=+, frame=3, truncated=no, start-type=ATG, RBS-motif=GGAG/GAGG
16:42:28.394 - INFO - CDS - contig=contig_1, start=229122, stop=229463, strand=+, frame=3, truncated=no, start-type=ATG, RBS-motif=AGGAG
16:42:28.394 - INFO - CDS - contig=contig_1, start=229547, stop=230371, strand=+, frame=2, truncated=no, start-type=ATG, RBS-motif=AGGAG/GGAGG
16:42:28.394 - INFO - CDS - contig=contig_1, start=230391, stop=230948, strand=+, frame=3, truncated=no, start-type=ATG, RBS-motif=GGAG/GAGG
16:42:28.394 - INFO - CDS - contig=contig_1, start=230996, stop=231409, strand=+, frame=2, truncated=no, start-type=TTG, RBS-motif=GGA/GAG/AGG
16:42:28.394 - INFO - CDS - contig=contig_1, start=231491, stop=231862, strand=+, frame=2, truncated=no, start-type=ATG, RBS-motif=AGGA
16:42:28.394 - INFO - CDS - contig=contig_1, start=231964, stop=232497, strand=+, frame=1, truncated=no, start-type=TTG, RBS-motif=AGGA/GGAG/GAGG
16:42:28.394 - INFO - CDS - contig=contig_1, start=232880, stop=236434, strand=+, frame=2, truncated=no, start-type=ATG, RBS-motif=AGGA/GGAG/GAGG
16:42:28.394 - INFO - CDS - contig=contig_1, start=236452, stop=236631, strand=+, frame=1, truncated=no, start-type=ATG, RBS-motif=GGAG/GAGG
16:42:28.394 - INFO - CDS - contig=contig_1, start=236746, stop=238536, strand=+, frame=1, truncated=no, start-type=TTG, RBS-motif=GGA/GAG/AGG
16:42:28.394 - INFO - CDS - contig=contig_1, start=238755, stop=239714, strand=+, frame=3, truncated=no, start-type=ATG, RBS-motif=GGA/GAG/AGG
16:42:28.394 - INFO - CDS - contig=contig_1, start=239847, stop=240125, strand=+, frame=3, truncated=no, start-type=GTG, RBS-motif=None
16:42:28.395 - INFO - CDS - contig=contig_1, start=240279, stop=240590, strand=+, frame=3, truncated=no, start-type=ATG, RBS-motif=GGA/GAG/AGG
16:42:28.395 - INFO - CDS - contig=contig_1, start=240747, stop=240896, strand=+, frame=3, truncated=no, start-type=ATG, RBS-motif=AGGAG
16:42:28.395 - INFO - CDS - contig=contig_1, start=241034, stop=241324, strand=+, frame=2, truncated=no, start-type=ATG, RBS-motif=AGGAGG
16:42:28.395 - INFO - CDS - contig=contig_1, start=241369, stop=241650, strand=+, frame=1, truncated=no, start-type=ATG, RBS-motif=AGGAGG
16:42:28.395 - INFO - CDS - contig=contig_1, start=241670, stop=241936, strand=+, frame=2, truncated=no, start-type=TTG, RBS-motif=AGxAGG/AGGxGG
16:42:28.395 - INFO - CDS - contig=contig_1, start=241984, stop=242355, strand=+, frame=1, truncated=no, start-type=ATG, RBS-motif=AGGA
16:42:28.395 - INFO - CDS - contig=contig_1, start=242428, stop=243522, strand=+, frame=1, truncated=no, start-type=ATG, RBS-motif=AGGAG/GGAGG
16:42:28.395 - INFO - CDS - contig=contig_1, start=243539, stop=244702, strand=+, frame=2, truncated=no, start-type=ATG, RBS-motif=AGxAGG/AGGxGG
16:42:28.395 - INFO - CDS - contig=contig_1, start=244710, stop=245525, strand=+, frame=3, truncated=no, start-type=TTG, RBS-motif=AGGAG
16:42:28.395 - INFO - CDS - contig=contig_1, start=245545, stop=245934, strand=+, frame=1, truncated=no, start-type=ATG, RBS-motif=AGGAG/GGAGG
16:42:28.395 - INFO - CDS - contig=contig_1, start=246004, stop=247089, strand=+, frame=1, truncated=no, start-type=ATG, RBS-motif=AGGAG
16:42:28.395 - INFO - CDS - contig=contig_1, start=247103, stop=248506, strand=+, frame=2, truncated=no, start-type=ATG, RBS-motif=GGAG/GAGG
16:42:28.395 - INFO - CDS - contig=contig_1, start=248509, stop=249051, strand=+, frame=1, truncated=no, start-type=ATG, RBS-motif=AGGA
16:42:28.395 - INFO - CDS - contig=contig_1, start=249048, stop=249317, strand=+, frame=3, truncated=no, start-type=ATG, RBS-motif=AGGA/GGAG/GAGG
16:42:28.395 - INFO - CDS - contig=contig_1, start=249650, stop=250951, strand=+, frame=2, truncated=no, start-type=ATG, RBS-motif=GGA/GAG/AGG
16:42:28.395 - INFO - CDS - contig=contig_1, start=251104, stop=252222, strand=+, frame=1, truncated=no, start-type=ATG, RBS-motif=AGGAG(G)/GGAGG
16:42:28.395 - INFO - CDS - contig=contig_1, start=252571, stop=253245, strand=+, frame=1, truncated=no, start-type=GTG, RBS-motif=GGA/GAG/AGG
16:42:28.396 - INFO - CDS - contig=contig_1, start=253378, stop=253758, strand=+, frame=1, truncated=no, start-type=ATG, RBS-motif=GGA/GAG/AGG
16:42:28.396 - INFO - CDS - contig=contig_1, start=253813, stop=254367, strand=+, frame=1, truncated=no, start-type=GTG, RBS-motif=None
16:42:28.396 - INFO - CDS - contig=contig_1, start=254454, stop=254834, strand=+, frame=3, truncated=no, start-type=ATG, RBS-motif=AGxAGG/AGGxGG
16:42:28.396 - INFO - CDS - contig=contig_1, start=254918, stop=256804, strand=+, frame=2, truncated=no, start-type=ATG, RBS-motif=AGGAG/GGAGG
16:42:28.396 - INFO - CDS - contig=contig_1, start=256820, stop=257377, strand=+, frame=2, truncated=no, start-type=ATG, RBS-motif=AGGAG
16:42:28.396 - INFO - CDS - contig=contig_1, start=257392, stop=258117, strand=+, frame=1, truncated=no, start-type=ATG, RBS-motif=GGAG/GAGG
16:42:28.396 - INFO - CDS - contig=contig_1, start=258135, stop=259292, strand=+, frame=3, truncated=no, start-type=ATG, RBS-motif=AGGAG
16:42:28.396 - INFO - CDS - contig=contig_1, start=259552, stop=259779, strand=+, frame=1, truncated=no, start-type=ATG, RBS-motif=AGGAG
16:42:28.396 - INFO - CDS - contig=contig_1, start=259807, stop=261795, strand=+, frame=1, truncated=no, start-type=ATG, RBS-motif=AGGAG
16:42:28.396 - INFO - CDS - contig=contig_1, start=261797, stop=262225, strand=+, frame=2, truncated=no, start-type=ATG, RBS-motif=GGAG/GAGG
16:42:28.396 - INFO - CDS - contig=contig_1, start=262241, stop=262687, strand=+, frame=2, truncated=no, start-type=ATG, RBS-motif=AGGAGG
16:42:28.396 - INFO - CDS - contig=contig_1, start=262709, stop=263188, strand=+, frame=2, truncated=no, start-type=ATG, RBS-motif=AGGAG
16:42:28.396 - INFO - CDS - contig=contig_1, start=263205, stop=263654, strand=+, frame=3, truncated=no, start-type=TTG, RBS-motif=AGGAG
16:42:28.396 - INFO - CDS - contig=contig_1, start=263745, stop=264149, strand=+, frame=3, truncated=no, start-type=ATG, RBS-motif=AGGAGG
16:42:28.396 - INFO - CDS - contig=contig_1, start=264207, stop=264860, strand=+, frame=3, truncated=no, start-type=TTG, RBS-motif=GGA/GAG/AGG
16:42:28.396 - INFO - CDS - contig=contig_1, start=264886, stop=265179, strand=+, frame=1, truncated=no, start-type=ATG, RBS-motif=AGGAGG
16:42:28.396 - INFO - CDS - contig=contig_1, start=265179, stop=265394, strand=+, frame=3, truncated=no, start-type=ATG, RBS-motif=AGGA
16:42:28.397 - INFO - CDS - contig=contig_1, start=265476, stop=265859, strand=+, frame=3, truncated=no, start-type=ATG, RBS-motif=AGGAG
16:42:28.397 - INFO - CDS - contig=contig_1, start=265885, stop=266166, strand=+, frame=1, truncated=no, start-type=ATG, RBS-motif=GGAG/GAGG
16:42:28.397 - INFO - CDS - contig=contig_1, start=266212, stop=266514, strand=-, frame=1, truncated=no, start-type=ATG, RBS-motif=AGGA
16:42:28.397 - INFO - CDS - contig=contig_1, start=69, stop=1691, strand=+, nt=[TTGGGTAATT..TGACGAATAA]
16:42:28.397 - INFO - CDS - contig=contig_1, start=1691, stop=3001, strand=+, nt=[ATGGCTAGAT..TAGTAAATAG]
16:42:28.397 - INFO - CDS - contig=contig_1, start=3070, stop=3708, strand=+, nt=[ATGAATAAAA..TATTTTATAA]
16:42:28.397 - INFO - CDS - contig=contig_1, start=3811, stop=4779, strand=+, nt=[ATGATACGTT..TAATCAATAA]
16:42:28.397 - INFO - CDS - contig=contig_1, start=4863, stop=5363, strand=+, nt=[ATGACAAAAG..AGTATCTTAA]
16:42:28.397 - INFO - CDS - contig=contig_1, start=5394, stop=6014, strand=+, nt=[ATGAGAGATA..AGAAGAATAA]
16:42:28.397 - INFO - CDS - contig=contig_1, start=6029, stop=6760, strand=+, nt=[ATGATTGAAG..AAATAAATGA]
16:42:28.397 - INFO - CDS - contig=contig_1, start=6872, stop=7117, strand=+, nt=[ATGGTATTTA..AAAAATGTAG]
16:42:28.397 - INFO - CDS - contig=contig_1, start=7212, stop=7490, strand=+, nt=[ATGACTGAAT..TAAATTTTAA]
16:42:28.397 - INFO - CDS - contig=contig_1, start=7537, stop=8160, strand=+, nt=[ATGATTAAAG..AAAAGCGTAA]
16:42:28.397 - INFO - CDS - contig=contig_1, start=8247, stop=8417, strand=+, nt=[ATGAAAAAGA..CTTAAAGTAA]
16:42:28.397 - INFO - CDS - contig=contig_1, start=8521, stop=8832, strand=+, nt=[ATGAATAACA..AACACAATAA]
16:42:28.397 - INFO - CDS - contig=contig_1, start=8848, stop=9516, strand=+, nt=[ATGCTAAAAG..TAACGTATAG]
16:42:28.397 - INFO - CDS - contig=contig_1, start=9598, stop=9765, strand=+, nt=[ATGAAAAAAT..TTTAAAATAA]
16:42:28.397 - INFO - CDS - contig=contig_1, start=9889, stop=10395, strand=+, nt=[ATGAAAAAAT..AGCATTATAA]
16:42:28.397 - INFO - CDS - contig=contig_1, start=10433, stop=10528, strand=+, nt=[ATGAAAATCA..AAAATTATAA]
16:42:28.397 - INFO - CDS - contig=contig_1, start=10647, stop=10829, strand=+, nt=[ATGTTAGAAT..GGGAGTGTAA]
16:42:28.397 - INFO - CDS - contig=contig_1, start=10835, stop=11137, strand=+, nt=[ATGGTCAGAG..AATTCAATAA]
16:42:28.397 - INFO - CDS - contig=contig_1, start=11158, stop=11394, strand=+, nt=[ATGAAAATAT..TTTCAAATAA]
16:42:28.397 - INFO - CDS - contig=contig_1, start=11394, stop=11594, strand=+, nt=[ATGGAAAAAG..AAGTGATTAG]
16:42:28.397 - INFO - CDS - contig=contig_1, start=11825, stop=12331, strand=+, nt=[ATGAAAAAAT..AAATTACTAA]
16:42:28.397 - INFO - CDS - contig=contig_1, start=12355, stop=12822, strand=+, nt=[ATGAAAAAAA..TGAAGAATAA]
16:42:28.397 - INFO - CDS - contig=contig_1, start=12854, stop=13330, strand=+, nt=[ATGAAAAAAT..AGAACTATAA]
16:42:28.397 - INFO - CDS - contig=contig_1, start=13351, stop=13596, strand=+, nt=[ATGATTAAAA..AGGAATTTAA]
16:42:28.397 - INFO - CDS - contig=contig_1, start=13687, stop=14376, strand=+, nt=[GTGTATGAAA..TCAAATTTAA]
16:42:28.397 - INFO - CDS - contig=contig_1, start=14457, stop=14975, strand=+, nt=[ATGACACAAG..AGAGCTTTAA]
16:42:28.398 - INFO - CDS - contig=contig_1, start=15048, stop=15878, strand=+, nt=[ATGTATAACA..TAATAAATAG]
16:42:28.398 - INFO - CDS - contig=contig_1, start=15894, stop=16394, strand=+, nt=[ATGTTAAAAA..TGCTTATTAG]
16:42:28.398 - INFO - CDS - contig=contig_1, start=16413, stop=16973, strand=+, nt=[ATGAGAAAAA..TGAAAAATAA]
16:42:28.398 - INFO - CDS - contig=contig_1, start=16963, stop=17592, strand=+, nt=[ATGAAAAATA..TAAAAAATGA]
16:42:28.398 - INFO - CDS - contig=contig_1, start=17589, stop=18053, strand=+, nt=[ATGAATACTA..AAAAATTTAA]
16:42:28.398 - INFO - CDS - contig=contig_1, start=18071, stop=18529, strand=+, nt=[ATGAGATACT..TTTTAAATAA]
16:42:28.398 - INFO - CDS - contig=contig_1, start=18549, stop=19019, strand=+, nt=[ATGAGAAATA..TTATATTTAA]
16:42:28.398 - INFO - CDS - contig=contig_1, start=19081, stop=19422, strand=+, nt=[ATGTTAAACG..GATTGAATAA]
16:42:28.398 - INFO - CDS - contig=contig_1, start=19442, stop=19927, strand=+, nt=[ATGAATTATT..TTTAGATTAA]
16:42:28.398 - INFO - CDS - contig=contig_1, start=20023, stop=20316, strand=+, nt=[ATGGCAAAAT..CATAATCTAA]
16:42:28.398 - INFO - CDS - contig=contig_1, start=20344, stop=21012, strand=+, nt=[ATGGATATCA..TTTCTTATAA]
16:42:28.398 - INFO - CDS - contig=contig_1, start=21012, stop=21551, strand=+, nt=[ATGTATGAAG..CTTTAAATAG]
16:42:28.398 - INFO - CDS - contig=contig_1, start=21568, stop=22104, strand=+, nt=[TTGAATAGAT..TTTTAAATAA]
16:42:28.398 - INFO - CDS - contig=contig_1, start=22126, stop=22902, strand=+, nt=[ATGGAATACG..ATTTAAATAA]
16:42:28.398 - INFO - CDS - contig=contig_1, start=22981, stop=23640, strand=+, nt=[ATGAGTAATT..GTTTATTTAA]
16:42:28.398 - INFO - CDS - contig=contig_1, start=23654, stop=24364, strand=+, nt=[ATGAAGATTT..TTTCATTTAA]
16:42:28.398 - INFO - CDS - contig=contig_1, start=24562, stop=25089, strand=+, nt=[ATGGAAAAAC..CTTTGGTTAA]
16:42:28.398 - INFO - CDS - contig=contig_1, start=25184, stop=25624, strand=-, nt=[TTGTCAGAAG..AAATAACTGA]
16:42:28.398 - INFO - CDS - contig=contig_1, start=25652, stop=28648, strand=-, nt=[ATGGAAGATA..TAGAAACTAA]
16:42:28.398 - INFO - CDS - contig=contig_1, start=28711, stop=29217, strand=-, nt=[ATGAGAAATA..ATTCGTTTAA]
16:42:28.398 - INFO - CDS - contig=contig_1, start=29220, stop=29846, strand=-, nt=[ATGCCTAAAA..GAATAGATAA]
16:42:28.398 - INFO - CDS - contig=contig_1, start=29963, stop=30502, strand=-, nt=[TTGGAAAAAA..ATCAAATTAA]
16:42:28.398 - INFO - CDS - contig=contig_1, start=30542, stop=31102, strand=-, nt=[ATGGAAGAAG..TGGAGGATAG]
16:42:28.398 - INFO - CDS - contig=contig_1, start=31089, stop=31583, strand=-, nt=[ATGACAGGCG..AAGAAGATAA]
16:42:28.398 - INFO - CDS - contig=contig_1, start=31856, stop=32194, strand=-, nt=[ATGAGTTTAA..TAATCAGTAA]
16:42:28.398 - INFO - CDS - contig=contig_1, start=32209, stop=32562, strand=-, nt=[TTGGCAATTG..AAGAAAATAG]
16:42:28.399 - INFO - CDS - contig=contig_1, start=32628, stop=40748, strand=-, nt=[TTGATTAGTA..GATAACGTAA]
16:42:28.399 - INFO - CDS - contig=contig_1, start=40803, stop=41225, strand=-, nt=[ATGGTAGAAA..AGACTATTAA]
16:42:28.399 - INFO - CDS - contig=contig_1, start=41343, stop=42605, strand=+, nt=[ATGCCTCATT..CATATTTTAG]
16:42:28.399 - INFO - CDS - contig=contig_1, start=42664, stop=43452, strand=-, nt=[ATGGAAGAAT..TGTAAAATAA]
16:42:28.399 - INFO - CDS - contig=contig_1, start=43552, stop=44196, strand=-, nt=[ATGAGTAGTA..AGATATATAA]
16:42:28.399 - INFO - CDS - contig=contig_1, start=44678, stop=47221, strand=+, nt=[ATGGCTATAG..GGGAGATTAA]
16:42:28.399 - INFO - CDS - contig=contig_1, start=47227, stop=48063, strand=+, nt=[TTGTTTAATT..TTATATTTAA]
16:42:28.399 - INFO - CDS - contig=contig_1, start=48105, stop=48323, strand=-, nt=[GTGATACAGA..TAAAAAATAA]
16:42:28.399 - INFO - CDS - contig=contig_1, start=48394, stop=49062, strand=+, nt=[ATGAATTATA..TTATTGTTAG]
16:42:28.399 - INFO - CDS - contig=contig_1, start=49081, stop=49665, strand=+, nt=[ATGTATTATG..AATGAAATAA]
16:42:28.399 - INFO - CDS - contig=contig_1, start=50036, stop=50749, strand=-, nt=[ATGTTAACCA..TTTCGGTTAA]
16:42:28.399 - INFO - CDS - contig=contig_1, start=50774, stop=51400, strand=-, nt=[ATGGAGTCAG..CTTTAAATAA]
16:42:28.399 - INFO - CDS - contig=contig_1, start=51556, stop=52296, strand=-, nt=[ATGGAAAAAG..AATTGGATAG]
16:42:28.399 - INFO - CDS - contig=contig_1, start=52545, stop=52784, strand=-, nt=[ATGTCTAAAG..TTCATTATAG]
16:42:28.399 - INFO - CDS - contig=contig_1, start=52894, stop=53904, strand=+, nt=[TTGAAGAATT..TGACTATTAA]
16:42:28.399 - INFO - CDS - contig=contig_1, start=53876, stop=54568, strand=+, nt=[ATGATAGTGG..AAGCAAATAG]
16:42:28.399 - INFO - CDS - contig=contig_1, start=54747, stop=56351, strand=+, nt=[ATGTTAAACC..CGCTCGTTAA]
16:42:28.399 - INFO - CDS - contig=contig_1, start=56448, stop=57602, strand=+, nt=[ATGAATTTAC..TAACATGTAG]
16:42:28.399 - INFO - CDS - contig=contig_1, start=57627, stop=58271, strand=+, nt=[ATGATTGCTA..AGCAGGTTAA]
16:42:28.399 - INFO - CDS - contig=contig_1, start=58874, stop=60103, strand=+, nt=[TTGGACGTAC..ATTAGATTGA]
16:42:28.399 - INFO - CDS - contig=contig_1, start=60282, stop=61073, strand=+, nt=[TTGGCAAAAA..GTATAAATAA]
16:42:28.399 - INFO - CDS - contig=contig_1, start=61098, stop=61844, strand=+, nt=[ATGACTGAAG..GAAATACTAA]
16:42:28.399 - INFO - CDS - contig=contig_1, start=61886, stop=62125, strand=+, nt=[ATGGAACAAA..TACTGCTTAA]
16:42:28.399 - INFO - CDS - contig=contig_1, start=62151, stop=62351, strand=+, nt=[ATGCAAACTA..TAATCAATAA]
16:42:28.399 - INFO - CDS - contig=contig_1, start=62439, stop=62843, strand=+, nt=[ATGAAATTAC..TATAAATTAA]
16:42:28.399 - INFO - CDS - contig=contig_1, start=62870, stop=65071, strand=+, nt=[ATGCCAAAAG..TTCAATTTAA]
16:42:28.399 - INFO - CDS - contig=contig_1, start=65046, stop=65306, strand=+, nt=[TTGAATGTGA..ATTAGTATAG]
16:42:28.400 - INFO - CDS - contig=contig_1, start=65328, stop=66395, strand=+, nt=[ATGACAGTAA..TATAGATTAA]
16:42:28.400 - INFO - CDS - contig=contig_1, start=66582, stop=67328, strand=+, nt=[TTGAAACTTA..GAAATATTAA]
16:42:28.400 - INFO - CDS - contig=contig_1, start=67352, stop=67546, strand=+, nt=[ATGTTCTGGA..TTTTAAATAA]
16:42:28.400 - INFO - CDS - contig=contig_1, start=67675, stop=70827, strand=+, nt=[ATGGCAGACT..TGAAAAATAA]
16:42:28.400 - INFO - CDS - contig=contig_1, start=70982, stop=71788, strand=+, nt=[ATGATTTTAC..TCTTAAATAA]
16:42:28.400 - INFO - CDS - contig=contig_1, start=71851, stop=74016, strand=-, nt=[ATGAAGCTTT..TAATAAATAA]
16:42:28.400 - INFO - CDS - contig=contig_1, start=74047, stop=75498, strand=-, nt=[TTGGCAGAGG..ATTATCATAA]
16:42:28.400 - INFO - CDS - contig=contig_1, start=75630, stop=81512, strand=-, nt=[TTGGCTAAAG..AGGTAAATAA]
16:42:28.400 - INFO - CDS - contig=contig_1, start=81536, stop=87493, strand=-, nt=[TTGGCTAAAA..ATTGAAATAG]
16:42:28.400 - INFO - CDS - contig=contig_1, start=87645, stop=88298, strand=-, nt=[ATGCAACATT..GAATAAATAA]
16:42:28.400 - INFO - CDS - contig=contig_1, start=88328, stop=89239, strand=-, nt=[ATGGCAATTA..TTTTAGATAA]
16:42:28.400 - INFO - CDS - contig=contig_1, start=89586, stop=90794, strand=+, nt=[ATGGGTTTAA..AGTTCAATAA]
16:42:28.400 - INFO - CDS - contig=contig_1, start=90815, stop=91066, strand=+, nt=[GTGAATAATA..ATTTAAATAA]
16:42:28.400 - INFO - CDS - contig=contig_1, start=91078, stop=91275, strand=+, nt=[TTGAATTCAG..TTTAAAATAA]
16:42:28.400 - INFO - CDS - contig=contig_1, start=91275, stop=91730, strand=+, nt=[ATGTCAAATG..GATTAAATAA]
16:42:28.400 - INFO - CDS - contig=contig_1, start=91744, stop=92022, strand=+, nt=[ATGAATGAAG..TTTTAAATAA]
16:42:28.400 - INFO - CDS - contig=contig_1, start=92043, stop=92318, strand=+, nt=[TTGAATAATG..TCTTAAATAA]
16:42:28.400 - INFO - CDS - contig=contig_1, start=92332, stop=92604, strand=+, nt=[ATGAATGCTA..AGGAAAGTAA]
16:42:28.400 - INFO - CDS - contig=contig_1, start=92610, stop=92837, strand=+, nt=[ATGAATCCAA..TATGAAATAA]
16:42:28.400 - INFO - CDS - contig=contig_1, start=92864, stop=93055, strand=+, nt=[ATGGCTGAAA..TATGAGGTAA]
16:42:28.400 - INFO - CDS - contig=contig_1, start=93092, stop=95320, strand=-, nt=[TTGCTTATTC..TGATAACTAA]
16:42:28.400 - INFO - CDS - contig=contig_1, start=95505, stop=97049, strand=+, nt=[ATGGCAAAAG..TTTAGGATAA]
16:42:28.400 - INFO - CDS - contig=contig_1, start=97126, stop=99051, strand=+, nt=[ATGAATGATA..TAATAGATAA]
16:42:28.400 - INFO - CDS - contig=contig_1, start=99129, stop=101198, strand=+, nt=[ATGTTAAACA..ATTTATTTAA]
16:42:28.400 - INFO - CDS - contig=contig_1, start=101272, stop=102459, strand=+, nt=[ATGGATATGA..ATTTATTTAA]
16:42:28.400 - INFO - CDS - contig=contig_1, start=102474, stop=103187, strand=+, nt=[ATGTTAGTTA..ATTAGAATAA]
16:42:28.400 - INFO - CDS - contig=contig_1, start=103217, stop=103876, strand=+, nt=[ATGGAGAAAT..GTTTAAATAA]
16:42:28.401 - INFO - CDS - contig=contig_1, start=103936, stop=104580, strand=+, nt=[ATGGAAGAGA..TTTCAAATAA]
16:42:28.401 - INFO - CDS - contig=contig_1, start=104636, stop=104911, strand=-, nt=[ATGAAAAATA..TAAGAAATAA]
16:42:28.401 - INFO - CDS - contig=contig_1, start=105061, stop=106386, strand=+, nt=[ATGTCTAATC..AGCATCTTAA]
16:42:28.401 - INFO - CDS - contig=contig_1, start=106588, stop=107181, strand=+, nt=[ATGGCTATCA..TAAATTCTAA]
16:42:28.401 - INFO - CDS - contig=contig_1, start=107205, stop=107780, strand=+, nt=[ATGGAAAAAT..TTTTATATAA]
16:42:28.401 - INFO - CDS - contig=contig_1, start=107923, stop=109227, strand=+, nt=[ATGGCAAAAC..TTATGAATAA]
16:42:28.401 - INFO - CDS - contig=contig_1, start=109244, stop=109963, strand=+, nt=[ATGTATAAAG..AGTTAATTAA]
16:42:28.401 - INFO - CDS - contig=contig_1, start=110055, stop=111245, strand=+, nt=[ATGAAAATAG..AAGTGCTTAA]
16:42:28.401 - INFO - CDS - contig=contig_1, start=111678, stop=112658, strand=+, nt=[ATGAATATTA..TACAGTGTGA]
16:42:28.401 - INFO - CDS - contig=contig_1, start=113486, stop=113785, strand=+, nt=[ATGAATACAA..AACAATCTAG]
16:42:28.401 - INFO - CDS - contig=contig_1, start=113926, stop=114408, strand=+, nt=[ATGATATACT..TTTTAAATAA]
16:42:28.401 - INFO - CDS - contig=contig_1, start=114424, stop=115125, strand=+, nt=[ATGGAAAATA..ATTTAAATAA]
16:42:28.401 - INFO - CDS - contig=contig_1, start=115136, stop=115627, strand=+, nt=[ATGGATATGA..TTTTAAATAA]
16:42:28.401 - INFO - CDS - contig=contig_1, start=115642, stop=115818, strand=+, nt=[ATGAGAAAAG..AGAAGAATAA]
16:42:28.401 - INFO - CDS - contig=contig_1, start=115818, stop=116489, strand=+, nt=[ATGAAAAATT..ATTTAGATAA]
16:42:28.401 - INFO - CDS - contig=contig_1, start=116557, stop=117165, strand=+, nt=[ATGATTTTAA..TTTTATATAA]
16:42:28.401 - INFO - CDS - contig=contig_1, start=117180, stop=117800, strand=+, nt=[ATGAATGTAA..TTTTAAATAG]
16:42:28.401 - INFO - CDS - contig=contig_1, start=117814, stop=118485, strand=+, nt=[ATGTATAATT..TTTTAAATAA]
16:42:28.401 - INFO - CDS - contig=contig_1, start=118499, stop=119053, strand=+, nt=[ATGAATTTAG..ATTTAAATAA]
16:42:28.401 - INFO - CDS - contig=contig_1, start=119073, stop=119696, strand=+, nt=[TTGGATAAGA..TTTTAAGTAG]
16:42:28.401 - INFO - CDS - contig=contig_1, start=119742, stop=120344, strand=+, nt=[ATGGAAATGA..ATTTAAATAA]
16:42:28.401 - INFO - CDS - contig=contig_1, start=120416, stop=121195, strand=+, nt=[ATGTCTGAAA..AGAATTTTAA]
16:42:28.401 - INFO - CDS - contig=contig_1, start=121266, stop=121391, strand=+, nt=[ATGTTAAAAA..TAATATATAA]
16:42:28.401 - INFO - CDS - contig=contig_1, start=121411, stop=121812, strand=+, nt=[ATGTTATCAG..TGAAAATTAG]
16:42:28.401 - INFO - CDS - contig=contig_1, start=121899, stop=122699, strand=+, nt=[ATGACAAAAT..ATTCAAATAA]
16:42:28.401 - INFO - CDS - contig=contig_1, start=122721, stop=123461, strand=+, nt=[ATGGAATACA..TTTTAAATAA]
16:42:28.401 - INFO - CDS - contig=contig_1, start=123478, stop=124257, strand=+, nt=[ATGAGTATAA..TTTTAAATAA]
16:42:28.401 - INFO - CDS - contig=contig_1, start=124272, stop=125099, strand=+, nt=[ATGAGTGCAA..TTTTAAATAA]
16:42:28.401 - INFO - CDS - contig=contig_1, start=125156, stop=127891, strand=+, nt=[ATGAAGATTA..AGTAAATTAA]
16:42:28.401 - INFO - CDS - contig=contig_1, start=127908, stop=128231, strand=+, nt=[ATGAATAAAA..TTTTATATAA]
16:42:28.401 - INFO - CDS - contig=contig_1, start=128218, stop=128397, strand=+, nt=[ATGCTTTTAT..ATTTATATGA]
16:42:28.402 - INFO - CDS - contig=contig_1, start=128521, stop=130242, strand=+, nt=[ATGGGTAGAT..GATTAGTTAA]
16:42:28.402 - INFO - CDS - contig=contig_1, start=130242, stop=131024, strand=+, nt=[ATGTCTATTA..TAATATATAA]
16:42:28.402 - INFO - CDS - contig=contig_1, start=131089, stop=133536, strand=+, nt=[TTGGCTGATG..TGATTTCTAA]
16:42:28.402 - INFO - CDS - contig=contig_1, start=133637, stop=135550, strand=+, nt=[ATGACAAATG..TGATATTTAA]
16:42:28.402 - INFO - CDS - contig=contig_1, start=135625, stop=135918, strand=+, nt=[ATGAAAGAAG..TAATTCTTAA]
16:42:28.402 - INFO - CDS - contig=contig_1, start=135987, stop=136433, strand=+, nt=[ATGGAAATTT..TAAACAATAA]
16:42:28.402 - INFO - CDS - contig=contig_1, start=136451, stop=137998, strand=+, nt=[ATGGTAGTAT..AATTAAATAA]
16:42:28.402 - INFO - CDS - contig=contig_1, start=138019, stop=138729, strand=+, nt=[GTGTCTATTA..CACTATATAG]
16:42:28.402 - INFO - CDS - contig=contig_1, start=138741, stop=139397, strand=+, nt=[ATGAATAGCG..GAAATTTTAA]
16:42:28.402 - INFO - CDS - contig=contig_1, start=139398, stop=139997, strand=+, nt=[ATGACTGAAG..ATTAAAATAA]
16:42:28.402 - INFO - CDS - contig=contig_1, start=140081, stop=141328, strand=+, nt=[ATGTTAACAA..AGGAATTTAA]
16:42:28.402 - INFO - CDS - contig=contig_1, start=141428, stop=142264, strand=+, nt=[ATGGCAAATA..TAAGAAATAA]
16:42:28.402 - INFO - CDS - contig=contig_1, start=142320, stop=144227, strand=-, nt=[ATGGCTACTA..TTTAGAATAA]
16:42:28.402 - INFO - CDS - contig=contig_1, start=144251, stop=144838, strand=-, nt=[ATGTTAAATT..AGAAAAATAA]
16:42:28.402 - INFO - CDS - contig=contig_1, start=144906, stop=145703, strand=-, nt=[ATGAAAACTA..TTTTAGTTAA]
16:42:28.402 - INFO - CDS - contig=contig_1, start=145870, stop=146820, strand=-, nt=[ATGGCTAAAA..ATTTAGTTAA]
16:42:28.402 - INFO - CDS - contig=contig_1, start=146886, stop=149168, strand=-, nt=[ATGGAAGATA..ATTCTTTTAA]
16:42:28.402 - INFO - CDS - contig=contig_1, start=149349, stop=151826, strand=-, nt=[TTGGCTAAAC..TAATGGTTAA]
16:42:28.402 - INFO - CDS - contig=contig_1, start=151850, stop=153118, strand=-, nt=[ATGGGCACAT..TAGAAAATAA]
16:42:28.402 - INFO - CDS - contig=contig_1, start=153254, stop=153763, strand=-, nt=[ATGGAAGATT..CGGTCTTTAA]
16:42:28.402 - INFO - CDS - contig=contig_1, start=153808, stop=154623, strand=-, nt=[ATGGATTTTA..TTTGAACTAA]
16:42:28.402 - INFO - CDS - contig=contig_1, start=154726, stop=155730, strand=-, nt=[ATGACTGTTG..TATGATCTAA]
16:42:28.402 - INFO - CDS - contig=contig_1, start=156078, stop=157010, strand=-, nt=[TTGAATAAAA..TATCCCATAG]
16:42:28.402 - INFO - CDS - contig=contig_1, start=157159, stop=160281, strand=-, nt=[TTGAAATATC..ATATGTATAA]
16:42:28.402 - INFO - CDS - contig=contig_1, start=160823, stop=162049, strand=+, nt=[TTGGCTAATA..TATAGAATAA]
16:42:28.402 - INFO - CDS - contig=contig_1, start=162840, stop=164786, strand=+, nt=[ATGATAGGTT..TGTATTTTAA]
16:42:28.403 - INFO - CDS - contig=contig_1, start=164841, stop=165524, strand=-, nt=[ATGCAAATGC..AGTTCAATAA]
16:42:28.403 - INFO - CDS - contig=contig_1, start=165699, stop=167771, strand=+, nt=[ATGAGTAGAA..TATGGTTTAA]
16:42:28.403 - INFO - CDS - contig=contig_1, start=167879, stop=168490, strand=+, nt=[TTGATAGACT..GGTATTGTAA]
16:42:28.403 - INFO - CDS - contig=contig_1, start=168491, stop=169045, strand=+, nt=[ATGGCAACTA..GGAGGTCTAA]
16:42:28.403 - INFO - CDS - contig=contig_1, start=169050, stop=169229, strand=+, nt=[ATGTCTTGGT..TAGATGTTAG]
16:42:28.403 - INFO - CDS - contig=contig_1, start=169223, stop=169714, strand=+, nt=[ATGTTAGATA..AAATTCTTAA]
16:42:28.403 - INFO - CDS - contig=contig_1, start=169769, stop=170536, strand=-, nt=[GTGTCTAATT..TTTATTATAA]
16:42:28.403 - INFO - CDS - contig=contig_1, start=170608, stop=170742, strand=-, nt=[ATGGGATTTT..AGGATTATAA]
16:42:28.403 - INFO - CDS - contig=contig_1, start=170854, stop=171414, strand=-, nt=[ATGAAAAAAT..TAAGAGTTAA]
16:42:28.403 - INFO - CDS - contig=contig_1, start=171491, stop=172222, strand=-, nt=[ATGGCTACAA..TAAATCATAA]
16:42:28.403 - INFO - CDS - contig=contig_1, start=172402, stop=172803, strand=+, nt=[ATGGCTCAAA..TTTAAGTTAA]
16:42:28.403 - INFO - CDS - contig=contig_1, start=172845, stop=174350, strand=+, nt=[ATGGTGAAAA..TTTGGTTTAG]
16:42:28.403 - INFO - CDS - contig=contig_1, start=174416, stop=174613, strand=+, nt=[TTGCTTGATT..TTTAAATTAA]
16:42:28.403 - INFO - CDS - contig=contig_1, start=174646, stop=174939, strand=+, nt=[TTGGTTACTA..AATTGTGTAA]
16:42:28.403 - INFO - CDS - contig=contig_1, start=174957, stop=176699, strand=+, nt=[ATGTTAGATA..CCCACAATAA]
16:42:28.403 - INFO - CDS - contig=contig_1, start=176870, stop=177643, strand=+, nt=[TTGACTAATT..ACGAAAATGA]
16:42:28.403 - INFO - CDS - contig=contig_1, start=177720, stop=179453, strand=+, nt=[TTGGATAAAG..TCAATACTAA]
16:42:28.403 - INFO - CDS - contig=contig_1, start=179539, stop=180678, strand=-, nt=[ATGGATATTA..AAATAGGTAA]
16:42:28.403 - INFO - CDS - contig=contig_1, start=180806, stop=182080, strand=+, nt=[TTGATAGAAA..CAATACCTAA]
16:42:28.403 - INFO - CDS - contig=contig_1, start=182105, stop=182839, strand=-, nt=[TTGTTAGAAA..TATTGGTTAA]
16:42:28.403 - INFO - CDS - contig=contig_1, start=182927, stop=183763, strand=-, nt=[ATGTTACAAA..AGCTAAATAA]
16:42:28.403 - INFO - CDS - contig=contig_1, start=183808, stop=184866, strand=-, nt=[GTGGAACTTC..TAGTTTTTAA]
16:42:28.403 - INFO - CDS - contig=contig_1, start=185044, stop=186570, strand=-, nt=[TTGGCCAAAG..AAAACGTTAA]
16:42:28.403 - INFO - CDS - contig=contig_1, start=186746, stop=186904, strand=-, nt=[TTGAATAAAG..TAGAATTTAA]
16:42:28.403 - INFO - CDS - contig=contig_1, start=187241, stop=187717, strand=-, nt=[ATGTTAAATA..TTATAGATAA]
16:42:28.403 - INFO - CDS - contig=contig_1, start=187849, stop=187977, strand=-, nt=[ATGTTAAACA..TGAGCAGTGA]
16:42:28.403 - INFO - CDS - contig=contig_1, start=188276, stop=189244, strand=+, nt=[TTGGCTGAAG..ATTTTTATAA]
16:42:28.403 - INFO - CDS - contig=contig_1, start=189268, stop=192255, strand=+, nt=[ATGGCTATAA..AATTTCATAA]
16:42:28.403 - INFO - CDS - contig=contig_1, start=192294, stop=193274, strand=+, nt=[ATGGCTAAAA..CGAAGAATAA]
16:42:28.403 - INFO - CDS - contig=contig_1, start=193328, stop=195070, strand=-, nt=[ATGGCATTTT..AGACTTTTAA]
16:42:28.403 - INFO - CDS - contig=contig_1, start=195096, stop=196238, strand=-, nt=[ATGAGTAATG..AGAAAAATAA]
16:42:28.403 - INFO - CDS - contig=contig_1, start=196231, stop=196614, strand=-, nt=[ATGATTGATG..AAATGAGTAA]
16:42:28.403 - INFO - CDS - contig=contig_1, start=196620, stop=197096, strand=-, nt=[ATGGAAATTA..AGATGAATAA]
16:42:28.404 - INFO - CDS - contig=contig_1, start=197444, stop=198343, strand=+, nt=[TTGAAAACTT..TTTCTTTTAA]
16:42:28.404 - INFO - CDS - contig=contig_1, start=198420, stop=204374, strand=+, nt=[TTGAGTATTA..AGAAATATAA]
16:42:28.404 - INFO - CDS - contig=contig_1, start=204474, stop=209696, strand=+, nt=[ATGGTCCTCA..AAACTTTTAA]
16:42:28.404 - INFO - CDS - contig=contig_1, start=209809, stop=210468, strand=+, nt=[ATGTTTATTA..TAAAATATAA]
16:42:28.404 - INFO - CDS - contig=contig_1, start=210492, stop=211958, strand=+, nt=[TTGGGTCGTT..TAAAGCTTAA]
16:42:28.404 - INFO - CDS - contig=contig_1, start=212032, stop=213342, strand=+, nt=[ATGGCTTATG..AGATTTATAA]
16:42:28.404 - INFO - CDS - contig=contig_1, start=213366, stop=213515, strand=+, nt=[ATGAGTAAAG..TAATAAATAA]
16:42:28.404 - INFO - CDS - contig=contig_1, start=213515, stop=213847, strand=+, nt=[ATGGCAGGTA..TAAAGCTTAA]
16:42:28.404 - INFO - CDS - contig=contig_1, start=215089, stop=216594, strand=+, nt=[ATGTTTAAAT..GGTGAATTAA]
16:42:28.404 - INFO - CDS - contig=contig_1, start=216596, stop=217420, strand=+, nt=[ATGTTGGATA..ATTGATTTAG]
16:42:28.404 - INFO - CDS - contig=contig_1, start=217506, stop=218687, strand=+, nt=[ATGAGTAATG..TAGCTACTAA]
16:42:28.404 - INFO - CDS - contig=contig_1, start=218709, stop=219410, strand=+, nt=[ATGAGTAACA..TGACAAATAA]
16:42:28.404 - INFO - CDS - contig=contig_1, start=219517, stop=220251, strand=+, nt=[ATGGCAAATT..ATTAAATTAA]
16:42:28.404 - INFO - CDS - contig=contig_1, start=220316, stop=220867, strand=+, nt=[ATGAATAAAA..AATTAAATAA]
16:42:28.404 - INFO - CDS - contig=contig_1, start=220884, stop=221825, strand=+, nt=[ATGACACTAT..ATTTAGTTAA]
16:42:28.404 - INFO - CDS - contig=contig_1, start=221843, stop=222784, strand=+, nt=[ATGGTAAAGA..ATTGGTTTAG]
16:42:28.404 - INFO - CDS - contig=contig_1, start=222857, stop=224188, strand=+, nt=[ATGAGTAAAG..TAAAAAATAA]
16:42:28.404 - INFO - CDS - contig=contig_1, start=224175, stop=224594, strand=+, nt=[GTGATAAAAA..ATCTAAATAA]
16:42:28.404 - INFO - CDS - contig=contig_1, start=224617, stop=226152, strand=+, nt=[ATGTCAAGTA..CGCTGTTTAA]
16:42:28.404 - INFO - CDS - contig=contig_1, start=226296, stop=227054, strand=+, nt=[TTGCACATTC..AACTGTATAA]
16:42:28.404 - INFO - CDS - contig=contig_1, start=227169, stop=228062, strand=+, nt=[ATGTCAAATA..TTTTAAATAA]
16:42:28.404 - INFO - CDS - contig=contig_1, start=228088, stop=228477, strand=+, nt=[ATGAAAAAAT..TGTTGAATAG]
16:42:28.404 - INFO - CDS - contig=contig_1, start=228696, stop=229034, strand=+, nt=[ATGTATAAAG..CAGAATATAA]
16:42:28.404 - INFO - CDS - contig=contig_1, start=229122, stop=229463, strand=+, nt=[ATGTCAGAAG..TGAAGAATAG]
16:42:28.404 - INFO - CDS - contig=contig_1, start=229547, stop=230371, strand=+, nt=[ATGTTAACAT..TATTAAATAG]
16:42:28.404 - INFO - CDS - contig=contig_1, start=230391, stop=230948, strand=+, nt=[ATGACTATAG..TAATTTATAA]
16:42:28.404 - INFO - CDS - contig=contig_1, start=230996, stop=231409, strand=+, nt=[TTGTCAAAAG..ATATATTTAA]
16:42:28.404 - INFO - CDS - contig=contig_1, start=231491, stop=231862, strand=+, nt=[ATGGGTGACA..CAACCTTTAA]
16:42:28.404 - INFO - CDS - contig=contig_1, start=231964, stop=232497, strand=+, nt=[TTGAATAAGT..TTTATTATAA]
16:42:28.404 - INFO - CDS - contig=contig_1, start=232880, stop=236434, strand=+, nt=[ATGGCAGAAG..ACATAATTAA]
16:42:28.404 - INFO - CDS - contig=contig_1, start=236452, stop=236631, strand=+, nt=[ATGGAACCAT..TTATAATTAA]
16:42:28.404 - INFO - CDS - contig=contig_1, start=236746, stop=238536, strand=+, nt=[TTGGAAAAGA..AGCAATATAG]
16:42:28.404 - INFO - CDS - contig=contig_1, start=238755, stop=239714, strand=+, nt=[ATGACTAAAA..TTCGCAATAG]
16:42:28.404 - INFO - CDS - contig=contig_1, start=239847, stop=240125, strand=+, nt=[GTGGCAAGCG..AGAAGAATAA]
16:42:28.404 - INFO - CDS - contig=contig_1, start=240279, stop=240590, strand=+, nt=[ATGCGTAAAG..TAGTTTATAA]
16:42:28.404 - INFO - CDS - contig=contig_1, start=240747, stop=240896, strand=+, nt=[ATGATTACTT..ATTAAGGTAG]
16:42:28.404 - INFO - CDS - contig=contig_1, start=241034, stop=241324, strand=+, nt=[ATGAAAGAAT..TATTAATTAA]
16:42:28.404 - INFO - CDS - contig=contig_1, start=241369, stop=241650, strand=+, nt=[ATGAGAAAAG..TAAAATTTAA]
16:42:28.404 - INFO - CDS - contig=contig_1, start=241670, stop=241936, strand=+, nt=[TTGGACGAAA..AATTAAATAG]
16:42:28.404 - INFO - CDS - contig=contig_1, start=241984, stop=242355, strand=+, nt=[ATGAAAAAAT..ACATGGATAA]
16:42:28.404 - INFO - CDS - contig=contig_1, start=242428, stop=243522, strand=+, nt=[ATGGAAAATA..AGAAATGTAA]
16:42:28.404 - INFO - CDS - contig=contig_1, start=243539, stop=244702, strand=+, nt=[ATGTTAGATA..AAAGGAGTGA]
16:42:28.404 - INFO - CDS - contig=contig_1, start=244710, stop=245525, strand=+, nt=[TTGAGTAAAG..AATATTTTAA]
16:42:28.404 - INFO - CDS - contig=contig_1, start=245545, stop=245934, strand=+, nt=[ATGGGAAGTT..TAATCTGTAA]
16:42:28.404 - INFO - CDS - contig=contig_1, start=246004, stop=247089, strand=+, nt=[ATGAAAAAAT..AGAAGAATAA]
16:42:28.404 - INFO - CDS - contig=contig_1, start=247103, stop=248506, strand=+, nt=[ATGAAGAAAA..AGGAAGATGA]
16:42:28.404 - INFO - CDS - contig=contig_1, start=248509, stop=249051, strand=+, nt=[ATGTTCTTAA..TACCTTATGA]
16:42:28.405 - INFO - CDS - contig=contig_1, start=249048, stop=249317, strand=+, nt=[ATGACAATAT..CGTAATTTAA]
16:42:28.405 - INFO - CDS - contig=contig_1, start=249650, stop=250951, strand=+, nt=[ATGTCAAAAT..TAAAGAATAA]
16:42:28.405 - INFO - CDS - contig=contig_1, start=251104, stop=252222, strand=+, nt=[ATGACAAAAG..TTTTAATTAA]
16:42:28.405 - INFO - CDS - contig=contig_1, start=252571, stop=253245, strand=+, nt=[GTGGCTGAAA..AGAATATTAA]
16:42:28.405 - INFO - CDS - contig=contig_1, start=253378, stop=253758, strand=+, nt=[ATGGAAACAT..AAGTAAATAA]
16:42:28.405 - INFO - CDS - contig=contig_1, start=253813, stop=254367, strand=+, nt=[GTGTTTGAAA..TTTTATTTAA]
16:42:28.405 - INFO - CDS - contig=contig_1, start=254454, stop=254834, strand=+, nt=[ATGATCGAGC..AGAACAGTAA]
16:42:28.405 - INFO - CDS - contig=contig_1, start=254918, stop=256804, strand=+, nt=[ATGGAAAATG..GTTTAAATAA]
16:42:28.405 - INFO - CDS - contig=contig_1, start=256820, stop=257377, strand=+, nt=[ATGGATATTG..CTTTAAATAA]
16:42:28.405 - INFO - CDS - contig=contig_1, start=257392, stop=258117, strand=+, nt=[ATGTATGATT..TTTTAAATAA]
16:42:28.405 - INFO - CDS - contig=contig_1, start=258135, stop=259292, strand=+, nt=[ATGTCAAATT..AGCTTTTTAA]
16:42:28.405 - INFO - CDS - contig=contig_1, start=259552, stop=259779, strand=+, nt=[ATGTTTGCTT..AAACATGTAA]
16:42:28.405 - INFO - CDS - contig=contig_1, start=259807, stop=261795, strand=+, nt=[ATGTTAAAAT..GGAGATATAA]
16:42:28.405 - INFO - CDS - contig=contig_1, start=261797, stop=262225, strand=+, nt=[ATGGATGATT..AAGAAGCTAA]
16:42:28.405 - INFO - CDS - contig=contig_1, start=262241, stop=262687, strand=+, nt=[ATGAATTATT..AAAATTTTAA]
16:42:28.405 - INFO - CDS - contig=contig_1, start=262709, stop=263188, strand=+, nt=[ATGAAATATT..ATTTAAATAA]
16:42:28.405 - INFO - CDS - contig=contig_1, start=263205, stop=263654, strand=+, nt=[TTGAAATATT..ATTTAAGTAA]
16:42:28.405 - INFO - CDS - contig=contig_1, start=263745, stop=264149, strand=+, nt=[ATGGAAAATG..TTTTAAATAA]
16:42:28.405 - INFO - CDS - contig=contig_1, start=264207, stop=264860, strand=+, nt=[TTGATAAAAA..ATTTAATTAA]
16:42:28.405 - INFO - CDS - contig=contig_1, start=264886, stop=265179, strand=+, nt=[ATGAAGAAAA..AATTGCATAA]
16:42:28.405 - INFO - CDS - contig=contig_1, start=265179, stop=265394, strand=+, nt=[ATGTTTGAAG..TATTATTTAA]
16:42:28.405 - INFO - CDS - contig=contig_1, start=265476, stop=265859, strand=+, nt=[ATGAAGAAAT..TAAAGATTAA]
16:42:28.405 - INFO - CDS - contig=contig_1, start=265885, stop=266166, strand=+, nt=[ATGTCTAAGA..TAAGGAATAA]
16:42:28.405 - INFO - CDS - contig=contig_1, start=266212, stop=266514, strand=-, nt=[ATGCTAAATC..TGAAAAATAA]
16:42:28.405 - INFO - CDS - predicted=267
16:42:28.633 - INFO - ORF - discarded=0
16:42:30.311 - INFO - UPS - looked-up=239
16:42:30.546 - INFO - IPS - looked-up=239
16:42:30.547 - INFO - ORF - write internal aa seqs: # seqs=28, path=/tmp/tmpjd5v1wo5/cds.psc.faa
16:43:38.945 - INFO - PSC - found: PSC=16, PSCC=3
16:43:39.141 - INFO - PSC - looked-up=258
16:43:39.301 - INFO - PSCC - looked-up=240
16:43:39.302 - INFO - ORF - write internal aa seqs: # seqs=267, path=/tmp/tmpjd5v1wo5/cds.expert.faa
16:43:40.996 - INFO - EXPERT-AMRFINDER - found=0
16:43:42.005 - INFO - EXPERT_AA_SEQ - found=0
16:43:42.006 - INFO - ANNOTATION - fix gene: extract symbol from protein name. symbol=mbpI
16:43:42.006 - INFO - ANNOTATION - marked as hypothetical: contig=contig_1, start=7212, stop=7490, strand=+
16:43:42.007 - INFO - ANNOTATION - fix gene: extract symbol from protein name. symbol=ytxH
16:43:42.007 - INFO - ANNOTATION - fix product: replace putative synonyms. new=putative Zn-dependent protease, old=Predicted Zn-dependent protease
16:43:42.007 - INFO - ANNOTATION - marked as hypothetical: contig=contig_1, start=10433, stop=10528, strand=+
16:43:42.008 - INFO - ANNOTATION - marked as hypothetical: contig=contig_1, start=16413, stop=16973, strand=+
16:43:42.008 - INFO - ANNOTATION - marked as hypothetical: contig=contig_1, start=16963, stop=17592, strand=+
16:43:42.008 - INFO - ANNOTATION - fix product: replace domain name underscores. new=CNDH2-N domain-containing protein, old=CNDH2_N domain-containing protein
16:43:42.010 - INFO - ANNOTATION - fix product: replace domain name underscores. new=PG-binding-1 domain-containing protein, old=PG_binding_1 domain-containing protein
16:43:42.010 - INFO - ANNOTATION - marked as hypothetical: contig=contig_1, start=50774, stop=51400, strand=-
16:43:42.010 - INFO - ANNOTATION - marked as hypothetical: contig=contig_1, start=52545, stop=52784, strand=-
16:43:42.010 - INFO - ANNOTATION - fix product: replace domain name underscores. new=Terminase-6C domain-containing protein, old=Terminase_6C domain-containing protein
16:43:42.011 - INFO - ANNOTATION - marked as hypothetical: contig=contig_1, start=67352, stop=67546, strand=+
16:43:42.012 - INFO - ANNOTATION - fix gene: extract symbol from protein name. symbol=mazG
16:43:42.012 - INFO - ANNOTATION - marked as hypothetical: contig=contig_1, start=90815, stop=91066, strand=+
16:43:42.012 - INFO - ANNOTATION - marked as hypothetical: contig=contig_1, start=91078, stop=91275, strand=+
16:43:42.012 - INFO - ANNOTATION - marked as hypothetical: contig=contig_1, start=91744, stop=92022, strand=+
16:43:42.012 - INFO - ANNOTATION - fix product: revise DUF. new=DUF507 domain-containing protein, old=DUF507 family protein
16:43:42.013 - INFO - ANNOTATION - fix product: replace domain name underscores. new=Trigger-C domain-containing protein, old=Trigger_C domain-containing protein
16:43:42.013 - INFO - ANNOTATION - fix gene: extract symbol from protein name. symbol=zapB
16:43:42.013 - INFO - ANNOTATION - fix product: replace domain name underscores. new=Baseplate-J domain-containing protein, old=Baseplate_J domain-containing protein
16:43:42.013 - INFO - ANNOTATION - fix gene: extract symbol from protein name. symbol=ftsQ
16:43:42.014 - INFO - ANNOTATION - fix product: revise DUF. new=DUF3822 domain-containing protein, old=DUF3822 family protein
16:43:42.014 - INFO - ANNOTATION - marked as hypothetical: contig=contig_1, start=105061, stop=106386, strand=+
16:43:42.014 - INFO - ANNOTATION - marked as hypothetical: contig=contig_1, start=106588, stop=107181, strand=+
16:43:42.014 - INFO - ANNOTATION - fix product: replace domain name underscores. new=Sulfotransfer-1 domain-containing protein, old=Sulfotransfer_1 domain-containing protein
16:43:42.014 - INFO - ANNOTATION - marked as hypothetical: contig=contig_1, start=110055, stop=111245, strand=+
16:43:42.015 - INFO - ANNOTATION - fix product: revise DUF. new=DUF3822 domain-containing protein, old=DUF3822 family protein
16:43:42.016 - INFO - ANNOTATION - fix gene: extract symbol from protein name. symbol=yopX
16:43:42.016 - INFO - ANNOTATION - marked as hypothetical: contig=contig_1, start=138019, stop=138729, strand=+
16:43:42.016 - INFO - ANNOTATION - marked as hypothetical: contig=contig_1, start=138741, stop=139397, strand=+
16:43:42.018 - INFO - ANNOTATION - marked as hypothetical: contig=contig_1, start=164841, stop=165524, strand=-
16:43:42.018 - INFO - ANNOTATION - fix product: replace domain name underscores. new=GPW-gp25 domain-containing protein, old=GPW_gp25 domain-containing protein
16:43:42.018 - INFO - ANNOTATION - marked as hypothetical: contig=contig_1, start=174416, stop=174613, strand=+
16:43:42.019 - INFO - ANNOTATION - marked as hypothetical: contig=contig_1, start=187849, stop=187977, strand=-
16:43:42.020 - INFO - ANNOTATION - fix product: replace domain name underscores. new=Ion-trans domain-containing protein, old=Ion_trans domain-containing protein
16:43:42.020 - INFO - ANNOTATION - fix product: replace domain name underscores. new=Ig-like-bact domain-containing protein, old=Ig-like_bact domain-containing protein
16:43:42.021 - INFO - ANNOTATION - fix gene: extract symbol from protein name. symbol=traM
16:43:42.021 - INFO - ANNOTATION - marked as hypothetical: contig=contig_1, start=220316, stop=220867, strand=+
16:43:42.021 - INFO - ANNOTATION - fix product: replace domain name underscores. new=Hypoth-Ymh domain-containing protein, old=Hypoth_Ymh domain-containing protein
16:43:42.021 - INFO - ANNOTATION - fix product: replace domain name underscores. new=Ig-like-bact domain-containing protein, old=Ig-like_bact domain-containing protein
16:43:42.022 - INFO - ANNOTATION - marked as hypothetical: contig=contig_1, start=230391, stop=230948, strand=+
16:43:42.022 - INFO - ANNOTATION - marked as hypothetical: contig=contig_1, start=239847, stop=240125, strand=+
16:43:42.022 - INFO - ANNOTATION - fix gene: extract symbol from protein name. symbol=treT
16:43:42.023 - INFO - ANNOTATION - marked as hypothetical: contig=contig_1, start=248509, stop=249051, strand=+
16:43:42.023 - INFO - ANNOTATION - marked as hypothetical: contig=contig_1, start=251104, stop=252222, strand=+
16:43:42.023 - INFO - ANNOTATION - marked as hypothetical: contig=contig_1, start=252571, stop=253245, strand=+
16:43:42.023 - INFO - ANNOTATION - marked as hypothetical: contig=contig_1, start=253378, stop=253758, strand=+
16:43:42.023 - INFO - ANNOTATION - fix product: replace domain name underscores. new=BppU-N domain-containing protein, old=BppU_N domain-containing protein
16:43:42.023 - INFO - ANNOTATION - marked as hypothetical: contig=contig_1, start=257392, stop=258117, strand=+
16:43:42.024 - INFO - ORF - write internal aa seqs: # seqs=26, path=/tmp/tmpjd5v1wo5/cds.pseudo.candidates.faa
16:44:56.322 - INFO - CDS - found: pseudogene-candidates=4
16:44:58.810 - INFO - CDS - pseudogene observation: contig=contig_1, start=105061, stop=106386, strand=+, effect=stop, cause=mutation, position=106384
16:44:58.810 - INFO - CDS - pseudogene observation: contig=contig_1, start=105061, stop=106386, strand=+, effect=stop, cause=mutation, position=106405
16:44:58.810 - INFO - CDS - pseudogene observation: contig=contig_1, start=105061, stop=106386, strand=+, effect=stop, cause=mutation, position=106411
16:44:58.810 - INFO - CDS - pseudogene observation: contig=contig_1, start=105061, stop=106386, strand=+, effect=stop, cause=mutation, position=106426
16:44:58.811 - INFO - CDS - pseudogene: contig=contig_1, start=105061, stop=106386, strand=+, insertions=[], deletions=[], mutations=[106384, 106405, 106411, 106426], effect=Internal stop codon at 106384, 106405, 106411, 106426
16:44:58.811 - INFO - CDS - found: pseudogenes=1
16:44:58.817 - INFO - PSC - looked-up=1
16:44:58.819 - INFO - PSCC - looked-up=1
16:45:02.623 - INFO - CDS - predicted-pfams=0, CDS-w/-pfams=0
16:45:02.903 - INFO - S_ORF - predicted=4070
16:45:03.392 - INFO - S_ORF - sORF filter: # valid=449, # discarded=3621
16:45:03.567 - INFO - ORF - discarded=0
16:45:06.381 - INFO - UPS - looked-up=0
16:45:06.384 - INFO - IPS - looked-up=0
16:45:06.384 - INFO - ORF - write internal aa seqs: # seqs=449, path=/tmp/tmpjd5v1wo5/sorf.faa
16:45:06.717 - INFO - S_ORF - homology: contig=contig_1, start=249344, stop=249427, strand=+, aa-length=27, query-cov=1.000, identity=0.926, UniRef90=A0A7T8ETJ5
16:45:06.718 - INFO - S_ORF - found=1
16:45:06.720 - INFO - PSC - looked-up=1
16:45:06.723 - INFO - PSCC - looked-up=1
16:45:08.192 - INFO - ORI - predicted=0
16:45:08.617 - INFO - ORI - predicted=0
16:45:08.620 - INFO - UTILS - generated sequence tag prefix: prefix=ALMCIJGDNE, length=10, MD5=A56C230D7E3873A2350AD82D18866C4D
16:45:08.621 - INFO - MAIN - selected features=268
16:45:08.623 - INFO - UTILS - generated sequence tag prefix: prefix=ALMCIJ, length=6, MD5=A56C230D7E3873A2350AD82D18866C4D
16:45:08.623 - INFO - MAIN - locus tag prefix=ALMCIJ
16:45:08.624 - INFO - UTILS - genome-size=266637
16:45:08.629 - INFO - UTILS - GC=0.252
16:45:08.630 - INFO - UTILS - N=0.000
16:45:08.630 - INFO - UTILS - N50=266637
16:45:08.630 - INFO - UTILS - coding-ratio=0.911
16:45:08.631 - INFO - TSV - write tsv: path=/net/holy-nfsisilon/ifs/rc_labs/eddy_lab/users/lmerk/phage_groupII/data/bakta_output/MW248466/MW248466.tsv
16:45:08.642 - INFO - GFF - write GFF3: path=/net/holy-nfsisilon/ifs/rc_labs/eddy_lab/users/lmerk/phage_groupII/data/bakta_output/MW248466/MW248466.gff3
16:45:08.671 - INFO - INSDC - write GenBank: path=/net/holy-nfsisilon/ifs/rc_labs/eddy_lab/users/lmerk/phage_groupII/data/bakta_output/MW248466/MW248466.gbff
16:45:08.722 - INFO - INSDC - write EMBL: path=/net/holy-nfsisilon/ifs/rc_labs/eddy_lab/users/lmerk/phage_groupII/data/bakta_output/MW248466/MW248466.embl
16:45:08.762 - INFO - FASTA - write genome sequences: path=/net/holy-nfsisilon/ifs/rc_labs/eddy_lab/users/lmerk/phage_groupII/data/bakta_output/MW248466/MW248466.fna, description=True, wrap=True
16:45:08.770 - INFO - FASTA - write feature nucleotide sequences: path=/net/holy-nfsisilon/ifs/rc_labs/eddy_lab/users/lmerk/phage_groupII/data/bakta_output/MW248466/MW248466.ffn
16:45:08.778 - INFO - FASTA - write translated CDS/sORF: path=/net/holy-nfsisilon/ifs/rc_labs/eddy_lab/users/lmerk/phage_groupII/data/bakta_output/MW248466/MW248466.faa
16:45:08.848 - INFO - PLOT - write circular genome plot: file-name=MW248466, output-dir=/net/holy-nfsisilon/ifs/rc_labs/eddy_lab/users/lmerk/phage_groupII/data/bakta_output/MW248466
16:45:18.750 - INFO - TSV - write hypothetical tsv: path=/net/holy-nfsisilon/ifs/rc_labs/eddy_lab/users/lmerk/phage_groupII/data/bakta_output/MW248466/MW248466.hypotheticals.tsv
16:45:18.755 - INFO - FASTA - write translated CDS/sORF: path=/net/holy-nfsisilon/ifs/rc_labs/eddy_lab/users/lmerk/phage_groupII/data/bakta_output/MW248466/MW248466.hypotheticals.faa
16:45:18.759 - INFO - JSON - write JSON: path=/net/holy-nfsisilon/ifs/rc_labs/eddy_lab/users/lmerk/phage_groupII/data/bakta_output/MW248466/MW248466.json
16:45:18.820 - INFO - MAIN - removed tmp dir: /tmp/tmpjd5v1wo5
