16:41:00.669 - INFO - UTILS - version=1.9.1
16:41:00.669 - INFO - UTILS - developer: Oliver Schwengers, github.com/oschwengers
16:41:00.669 - INFO - UTILS - command: /n/home07/lmerk/.conda/envs/bakta/bin/bakta --force --db /n/eddy_lab/users/lmerk/databases/full/db -o ../data/bakta_output/MT836320 ../data/genomes/groupII_millard/MT836320/MT836320.fna
16:41:00.669 - INFO - UTILS - local time: 2024-03-13 16:41:00
16:41:00.697 - INFO - UTILS - machine: type=x86_64, cores=64
16:41:00.697 - INFO - UTILS - system: type=Linux, release=4.18.0-425.10.1.el8_7.x86_64
16:41:00.697 - INFO - UTILS - python: version=3.10.13, implementation=CPython
16:41:00.697 - INFO - CONFIG - threads=64
16:41:00.698 - INFO - CONFIG - verbose=False
16:41:00.698 - INFO - CONFIG - debug=False
16:41:00.705 - INFO - CONFIG - database: type=parameter, path=/net/holy-nfsisilon/ifs/rc_labs/eddy_lab/users/lmerk/databases/full/db
16:41:00.706 - INFO - CONFIG - tmp-path=/tmp/tmpcj1vo_x8
16:41:00.715 - INFO - CONFIG - genome-path=/net/holy-nfsisilon/ifs/rc_labs/eddy_lab/users/lmerk/phage_groupII/data/genomes/groupII_millard/MT836320/MT836320.fna
16:41:00.715 - INFO - CONFIG - min_contig_length=1
16:41:00.715 - INFO - CONFIG - prefix=MT836320
16:41:00.715 - INFO - CONFIG - output-path=/net/holy-nfsisilon/ifs/rc_labs/eddy_lab/users/lmerk/phage_groupII/data/bakta_output/MT836320
16:41:00.715 - INFO - CONFIG - force=True
16:41:00.715 - INFO - CONFIG - genus=None
16:41:00.716 - INFO - CONFIG - species=None
16:41:00.716 - INFO - CONFIG - strain=None
16:41:00.716 - INFO - CONFIG - plasmid=None
16:41:00.716 - INFO - CONFIG - complete=False
16:41:00.716 - INFO - CONFIG - prodigal_tf=None
16:41:00.716 - INFO - CONFIG - translation_table=11
16:41:00.716 - INFO - CONFIG - gram=?
16:41:00.716 - INFO - CONFIG - compliant=False
16:41:00.716 - INFO - CONFIG - meta=False
16:41:00.716 - INFO - CONFIG - locus=None
16:41:00.716 - INFO - CONFIG - locus-tag=None
16:41:00.716 - INFO - CONFIG - keep_contig_headers=False
16:41:00.716 - INFO - CONFIG - replicon-table=None
16:41:00.716 - INFO - CONFIG - regions=None
16:41:00.717 - INFO - CONFIG - skip-tRNA=False
16:41:00.717 - INFO - CONFIG - skip-tmRNA=False
16:41:00.717 - INFO - CONFIG - skip-rRNA=False
16:41:00.717 - INFO - CONFIG - skip-ncRNA=False
16:41:00.717 - INFO - CONFIG - skip-ncRNA-region=False
16:41:00.717 - INFO - CONFIG - skip-CRISPR=False
16:41:00.717 - INFO - CONFIG - skip-CDS=False
16:41:00.717 - INFO - CONFIG - skip-pseudo=False
16:41:00.717 - INFO - CONFIG - skip-sORF=False
16:41:00.717 - INFO - CONFIG - skip-gap=False
16:41:00.717 - INFO - CONFIG - skip-ori=False
16:41:00.717 - INFO - CONFIG - skip-plot=False
16:41:00.723 - INFO - DB - detected: major=5, minor=0, type=full, date=2023-02-20
16:41:02.923 - INFO - UTILS - dependency: tool=tRNAscan-SE, version=v2.0.12, path=/n/home07/lmerk/.conda/envs/bakta/bin/tRNAscan-SE
16:41:02.965 - INFO - UTILS - dependency: tool=Aragorn, version=v1.2.41, path=/n/home07/lmerk/.conda/envs/bakta/bin/aragorn
16:41:03.027 - INFO - UTILS - dependency: tool=CMscan, version=v1.1.4, path=/n/home07/lmerk/goodies/bin/cmscan
16:41:03.132 - INFO - UTILS - dependency: tool=PilerCR, version=v1.6.0, path=/n/home07/lmerk/.conda/envs/bakta/bin/pilercr
16:41:05.025 - INFO - UTILS - dependency: tool=Pyrodigal, version=v3.2.1, path=/n/home07/lmerk/.conda/envs/bakta/bin/pyrodigal
16:41:05.080 - INFO - UTILS - dependency: tool=AMRFinderPlus, version=v3.11.26, path=/n/home07/lmerk/.conda/envs/bakta/bin/amrfinder
16:41:05.679 - INFO - UTILS - dependency: tool=Pyhmmer, version=v0.10.4, path=/n/home07/lmerk/.conda/envs/bakta/bin/python
16:41:05.838 - INFO - UTILS - dependency: tool=Diamond, version=v2.1.8, path=/n/home07/lmerk/.conda/envs/bakta/bin/diamond
16:41:09.195 - INFO - UTILS - dependency: tool=Blastn, version=v2.15.0, path=/n/home07/lmerk/.conda/envs/bakta/bin/blastn
16:41:15.699 - INFO - UTILS - dependency: tool=Circos, version=v0.69.8, path=/n/home07/lmerk/.conda/envs/bakta/bin/circos
16:41:15.900 - INFO - FASTA - imported: id=MT836320, length=11107, description=, genomic=True, dna=True
16:41:15.901 - INFO - MAIN - imported sequences=1
16:41:15.901 - INFO - UTILS - qc: revised sequence: id=contig_1, orig-id=MT836320, type=contig, complete=False, topology=linear, name=, description='[gcode=11] [topology=linear]', orig-description=''
16:41:15.901 - INFO - FASTA - write genome sequences: path=/tmp/tmpcj1vo_x8/contigs.fna, description=False, wrap=False
16:41:17.141 - INFO - T_RNA - predicted=0
16:41:17.158 - INFO - TM_RNA - predicted=0
16:41:17.307 - INFO - R_RNA - predicted=0
16:41:18.262 - INFO - NC_RNA - predicted=0
16:41:18.562 - INFO - NC_RNA_REGION - predicted=0
16:41:18.592 - INFO - CRISPR - predicted=0
16:41:18.593 - INFO - CDS - skip creation of prodigal training info object: meta=True, closed=True
16:41:18.623 - INFO - CDS - contig=contig_1, start=398, stop=841, strand=+, frame=2, truncated=no, start-type=ATG, RBS-motif=None
16:41:18.623 - INFO - CDS - contig=contig_1, start=980, stop=2605, strand=+, frame=2, truncated=no, start-type=ATG, RBS-motif=GGAG/GAGG
16:41:18.623 - INFO - CDS - contig=contig_1, start=2691, stop=4004, strand=+, frame=3, truncated=no, start-type=ATG, RBS-motif=AGGAG/GGAGG
16:41:18.624 - INFO - CDS - contig=contig_1, start=4576, stop=5910, strand=+, frame=1, truncated=no, start-type=TTG, RBS-motif=AGGAG
16:41:18.624 - INFO - CDS - contig=contig_1, start=5910, stop=6332, strand=+, frame=3, truncated=no, start-type=ATG, RBS-motif=None
16:41:18.624 - INFO - CDS - contig=contig_1, start=6594, stop=6935, strand=+, frame=3, truncated=no, start-type=ATG, RBS-motif=AGxAGG/AGGxGG
16:41:18.624 - INFO - CDS - contig=contig_1, start=6961, stop=7662, strand=+, frame=1, truncated=no, start-type=ATG, RBS-motif=AGGAG/GGAGG
16:41:18.624 - INFO - CDS - contig=contig_1, start=7741, stop=8604, strand=+, frame=1, truncated=no, start-type=ATG, RBS-motif=AGGAGG
16:41:18.624 - INFO - CDS - contig=contig_1, start=8819, stop=9169, strand=+, frame=2, truncated=no, start-type=ATG, RBS-motif=GGAG/GAGG
16:41:18.624 - INFO - CDS - contig=contig_1, start=9285, stop=10445, strand=+, frame=3, truncated=no, start-type=ATG, RBS-motif=GGAG/GAGG
16:41:18.625 - INFO - CDS - contig=contig_1, start=398, stop=841, strand=+, nt=[ATGTTTGTAG..CAGAATTTGA]
16:41:18.625 - INFO - CDS - contig=contig_1, start=980, stop=2605, strand=+, nt=[ATGGGACAAG..GGAAGATTAA]
16:41:18.625 - INFO - CDS - contig=contig_1, start=2691, stop=4004, strand=+, nt=[ATGGAAGACG..TGTCAATTAA]
16:41:18.625 - INFO - CDS - contig=contig_1, start=4576, stop=5910, strand=+, nt=[TTGCCAAAAT..GGTGTTCTAA]
16:41:18.625 - INFO - CDS - contig=contig_1, start=5910, stop=6332, strand=+, nt=[ATGCCGTTAA..AAAAATCTAG]
16:41:18.625 - INFO - CDS - contig=contig_1, start=6594, stop=6935, strand=+, nt=[ATGAACATAC..GTGGCAATAG]
16:41:18.625 - INFO - CDS - contig=contig_1, start=6961, stop=7662, strand=+, nt=[ATGACTTATT..ATATACATAG]
16:41:18.625 - INFO - CDS - contig=contig_1, start=7741, stop=8604, strand=+, nt=[ATGGACATAT..AAAGTTATAG]
16:41:18.625 - INFO - CDS - contig=contig_1, start=8819, stop=9169, strand=+, nt=[ATGTTATTTA..GCTGGGATGA]
16:41:18.625 - INFO - CDS - contig=contig_1, start=9285, stop=10445, strand=+, nt=[ATGAACGAAA..TGTTTCATAA]
16:41:18.626 - INFO - CDS - predicted=10
16:41:19.055 - INFO - ORF - discarded=0
16:41:19.145 - INFO - UPS - looked-up=7
16:41:19.166 - INFO - IPS - looked-up=7
16:41:19.166 - INFO - ORF - write internal aa seqs: # seqs=3, path=/tmp/tmpcj1vo_x8/cds.psc.faa
16:47:48.643 - INFO - PSC - found: PSC=3, PSCC=0
16:47:48.706 - INFO - PSC - looked-up=10
16:47:48.755 - INFO - PSCC - looked-up=9
16:47:48.755 - INFO - ORF - write internal aa seqs: # seqs=10, path=/tmp/tmpcj1vo_x8/cds.expert.faa
16:47:59.362 - INFO - EXPERT-AMRFINDER - found=0
16:48:00.781 - INFO - EXPERT_AA_SEQ - found=0
16:48:00.782 - INFO - ANNOTATION - marked as hypothetical: contig=contig_1, start=2691, stop=4004, strand=+
16:48:00.782 - INFO - ANNOTATION - fix product: replace domain name underscores. new=AAA-15 domain-containing protein, old=AAA_15 domain-containing protein
16:48:00.782 - INFO - ANNOTATION - fix product: replace domain name underscores. new=Tn7-Tnp-TnsA-N domain-containing protein, old=Tn7_Tnp_TnsA_N domain-containing protein
16:48:00.783 - INFO - ANNOTATION - fix gene: extract symbol from protein name. symbol=cytX
16:48:00.783 - INFO - ORF - write internal aa seqs: # seqs=1, path=/tmp/tmpcj1vo_x8/cds.pseudo.candidates.faa
16:49:14.678 - INFO - CDS - found: pseudogene-candidates=0
16:49:14.683 - INFO - PSC - looked-up=0
16:49:14.684 - INFO - PSCC - looked-up=0
16:49:20.020 - INFO - CDS - predicted-pfams=0, CDS-w/-pfams=0
16:49:20.046 - INFO - S_ORF - predicted=211
16:49:20.433 - INFO - S_ORF - sORF filter: # valid=60, # discarded=151
16:49:20.600 - INFO - ORF - discarded=0
16:49:21.075 - INFO - UPS - looked-up=0
16:49:21.077 - INFO - IPS - looked-up=0
16:49:21.077 - INFO - ORF - write internal aa seqs: # seqs=60, path=/tmp/tmpcj1vo_x8/sorf.faa
16:49:21.461 - INFO - S_ORF - found=0
16:49:21.462 - INFO - PSC - looked-up=0
16:49:21.464 - INFO - PSCC - looked-up=0
16:49:22.943 - INFO - ORI - predicted=0
16:49:23.362 - INFO - ORI - predicted=0
16:49:23.362 - INFO - UTILS - generated sequence tag prefix: prefix=GFOMGOIBBJ, length=10, MD5=0F86082BB340D57E4CFB230CD0082458
16:49:23.363 - INFO - MAIN - selected features=10
16:49:23.363 - INFO - UTILS - generated sequence tag prefix: prefix=GFOMGO, length=6, MD5=0F86082BB340D57E4CFB230CD0082458
16:49:23.363 - INFO - MAIN - locus tag prefix=GFOMGO
16:49:23.363 - INFO - UTILS - genome-size=11107
16:49:23.363 - INFO - UTILS - GC=0.369
16:49:23.364 - INFO - UTILS - N=0.000
16:49:23.364 - INFO - UTILS - N50=11107
16:49:23.364 - INFO - UTILS - coding-ratio=0.771
16:49:23.365 - INFO - TSV - write tsv: path=/net/holy-nfsisilon/ifs/rc_labs/eddy_lab/users/lmerk/phage_groupII/data/bakta_output/MT836320/MT836320.tsv
16:49:23.384 - INFO - GFF - write GFF3: path=/net/holy-nfsisilon/ifs/rc_labs/eddy_lab/users/lmerk/phage_groupII/data/bakta_output/MT836320/MT836320.gff3
16:49:23.400 - INFO - INSDC - write GenBank: path=/net/holy-nfsisilon/ifs/rc_labs/eddy_lab/users/lmerk/phage_groupII/data/bakta_output/MT836320/MT836320.gbff
16:49:23.409 - INFO - INSDC - write EMBL: path=/net/holy-nfsisilon/ifs/rc_labs/eddy_lab/users/lmerk/phage_groupII/data/bakta_output/MT836320/MT836320.embl
16:49:23.416 - INFO - FASTA - write genome sequences: path=/net/holy-nfsisilon/ifs/rc_labs/eddy_lab/users/lmerk/phage_groupII/data/bakta_output/MT836320/MT836320.fna, description=True, wrap=True
16:49:23.421 - INFO - FASTA - write feature nucleotide sequences: path=/net/holy-nfsisilon/ifs/rc_labs/eddy_lab/users/lmerk/phage_groupII/data/bakta_output/MT836320/MT836320.ffn
16:49:23.427 - INFO - FASTA - write translated CDS/sORF: path=/net/holy-nfsisilon/ifs/rc_labs/eddy_lab/users/lmerk/phage_groupII/data/bakta_output/MT836320/MT836320.faa
16:49:23.490 - INFO - PLOT - write circular genome plot: file-name=MT836320, output-dir=/net/holy-nfsisilon/ifs/rc_labs/eddy_lab/users/lmerk/phage_groupII/data/bakta_output/MT836320
16:49:36.967 - INFO - TSV - write hypothetical tsv: path=/net/holy-nfsisilon/ifs/rc_labs/eddy_lab/users/lmerk/phage_groupII/data/bakta_output/MT836320/MT836320.hypotheticals.tsv
16:49:36.972 - INFO - FASTA - write translated CDS/sORF: path=/net/holy-nfsisilon/ifs/rc_labs/eddy_lab/users/lmerk/phage_groupII/data/bakta_output/MT836320/MT836320.hypotheticals.faa
16:49:36.976 - INFO - JSON - write JSON: path=/net/holy-nfsisilon/ifs/rc_labs/eddy_lab/users/lmerk/phage_groupII/data/bakta_output/MT836320/MT836320.json
16:49:36.992 - INFO - MAIN - removed tmp dir: /tmp/tmpcj1vo_x8
