16:42:36.534 - INFO - UTILS - version=1.9.1
16:42:36.534 - INFO - UTILS - developer: Oliver Schwengers, github.com/oschwengers
16:42:36.534 - INFO - UTILS - command: /n/home07/lmerk/.conda/envs/bakta/bin/bakta --force --db /n/eddy_lab/users/lmerk/databases/full/db -o ../data/bakta_output/NC_030940 ../data/genomes/groupII_millard/NC_030940/NC_030940.fna
16:42:36.535 - INFO - UTILS - local time: 2024-03-13 16:42:36
16:42:36.540 - INFO - UTILS - machine: type=x86_64, cores=64
16:42:36.540 - INFO - UTILS - system: type=Linux, release=4.18.0-425.10.1.el8_7.x86_64
16:42:36.540 - INFO - UTILS - python: version=3.10.13, implementation=CPython
16:42:36.540 - INFO - CONFIG - threads=64
16:42:36.540 - INFO - CONFIG - verbose=False
16:42:36.540 - INFO - CONFIG - debug=False
16:42:36.541 - INFO - CONFIG - database: type=parameter, path=/net/holy-nfsisilon/ifs/rc_labs/eddy_lab/users/lmerk/databases/full/db
16:42:36.543 - INFO - CONFIG - tmp-path=/tmp/tmp6cculsxs
16:42:36.549 - INFO - CONFIG - genome-path=/net/holy-nfsisilon/ifs/rc_labs/eddy_lab/users/lmerk/phage_groupII/data/genomes/groupII_millard/NC_030940/NC_030940.fna
16:42:36.549 - INFO - CONFIG - min_contig_length=1
16:42:36.549 - INFO - CONFIG - prefix=NC_030940
16:42:36.549 - INFO - CONFIG - output-path=/net/holy-nfsisilon/ifs/rc_labs/eddy_lab/users/lmerk/phage_groupII/data/bakta_output/NC_030940
16:42:36.549 - INFO - CONFIG - force=True
16:42:36.549 - INFO - CONFIG - genus=None
16:42:36.549 - INFO - CONFIG - species=None
16:42:36.550 - INFO - CONFIG - strain=None
16:42:36.550 - INFO - CONFIG - plasmid=None
16:42:36.550 - INFO - CONFIG - complete=False
16:42:36.550 - INFO - CONFIG - prodigal_tf=None
16:42:36.550 - INFO - CONFIG - translation_table=11
16:42:36.550 - INFO - CONFIG - gram=?
16:42:36.550 - INFO - CONFIG - compliant=False
16:42:36.550 - INFO - CONFIG - meta=False
16:42:36.550 - INFO - CONFIG - locus=None
16:42:36.550 - INFO - CONFIG - locus-tag=None
16:42:36.550 - INFO - CONFIG - keep_contig_headers=False
16:42:36.550 - INFO - CONFIG - replicon-table=None
16:42:36.550 - INFO - CONFIG - regions=None
16:42:36.550 - INFO - CONFIG - skip-tRNA=False
16:42:36.550 - INFO - CONFIG - skip-tmRNA=False
16:42:36.551 - INFO - CONFIG - skip-rRNA=False
16:42:36.551 - INFO - CONFIG - skip-ncRNA=False
16:42:36.551 - INFO - CONFIG - skip-ncRNA-region=False
16:42:36.551 - INFO - CONFIG - skip-CRISPR=False
16:42:36.551 - INFO - CONFIG - skip-CDS=False
16:42:36.551 - INFO - CONFIG - skip-pseudo=False
16:42:36.551 - INFO - CONFIG - skip-sORF=False
16:42:36.551 - INFO - CONFIG - skip-gap=False
16:42:36.551 - INFO - CONFIG - skip-ori=False
16:42:36.551 - INFO - CONFIG - skip-plot=False
16:42:36.553 - INFO - DB - detected: major=5, minor=0, type=full, date=2023-02-20
16:42:36.970 - INFO - UTILS - dependency: tool=tRNAscan-SE, version=v2.0.12, path=/n/home07/lmerk/.conda/envs/bakta/bin/tRNAscan-SE
16:42:36.977 - INFO - UTILS - dependency: tool=Aragorn, version=v1.2.41, path=/n/home07/lmerk/.conda/envs/bakta/bin/aragorn
16:42:36.988 - INFO - UTILS - dependency: tool=CMscan, version=v1.1.4, path=/n/home07/lmerk/goodies/bin/cmscan
16:42:37.002 - INFO - UTILS - dependency: tool=PilerCR, version=v1.6.0, path=/n/home07/lmerk/.conda/envs/bakta/bin/pilercr
16:42:38.176 - INFO - UTILS - dependency: tool=Pyrodigal, version=v3.2.1, path=/n/home07/lmerk/.conda/envs/bakta/bin/pyrodigal
16:42:38.191 - INFO - UTILS - dependency: tool=AMRFinderPlus, version=v3.11.26, path=/n/home07/lmerk/.conda/envs/bakta/bin/amrfinder
16:42:38.691 - INFO - UTILS - dependency: tool=Pyhmmer, version=v0.10.4, path=/n/home07/lmerk/.conda/envs/bakta/bin/python
16:42:38.711 - INFO - UTILS - dependency: tool=Diamond, version=v2.1.8, path=/n/home07/lmerk/.conda/envs/bakta/bin/diamond
16:42:39.053 - INFO - UTILS - dependency: tool=Blastn, version=v2.15.0, path=/n/home07/lmerk/.conda/envs/bakta/bin/blastn
16:42:40.485 - INFO - UTILS - dependency: tool=Circos, version=v0.69.8, path=/n/home07/lmerk/.conda/envs/bakta/bin/circos
16:42:40.604 - INFO - FASTA - imported: id=NC_030940, length=32637, description=, genomic=True, dna=True
16:42:40.605 - INFO - MAIN - imported sequences=1
16:42:40.605 - INFO - UTILS - qc: revised sequence: id=contig_1, orig-id=NC_030940, type=contig, complete=False, topology=linear, name=, description='[gcode=11] [topology=linear]', orig-description=''
16:42:40.605 - INFO - FASTA - write genome sequences: path=/tmp/tmp6cculsxs/contigs.fna, description=False, wrap=False
16:42:43.351 - INFO - T_RNA - contig=contig_1, start=2854, stop=2930, strand=+, gene=trnI, product=tRNA-Ile2(cat), score=82.6, nt=[GGGCCTATAG..GGGCCCACCA]
16:42:43.351 - INFO - T_RNA - predicted=1
16:42:43.394 - INFO - TM_RNA - predicted=0
16:42:43.556 - INFO - R_RNA - predicted=0
16:42:44.204 - INFO - NC_RNA - predicted=0
16:42:44.541 - INFO - NC_RNA_REGION - predicted=0
16:42:44.582 - INFO - CRISPR - predicted=0
16:42:44.582 - INFO - CDS - create prodigal training info object: meta=False, closed=True
16:42:44.633 - INFO - CDS - contig=contig_1, start=302, stop=487, strand=-, frame=3, truncated=no, start-type=TTG, RBS-motif=GGxGG
16:42:44.633 - INFO - CDS - contig=contig_1, start=1071, stop=2756, strand=+, frame=3, truncated=no, start-type=ATG, RBS-motif=GGAG/GAGG
16:42:44.634 - INFO - CDS - contig=contig_1, start=2887, stop=4056, strand=-, frame=1, truncated=no, start-type=GTG, RBS-motif=None
16:42:44.634 - INFO - CDS - contig=contig_1, start=4061, stop=4300, strand=-, frame=3, truncated=no, start-type=ATG, RBS-motif=GGA/GAG/AGG
16:42:44.634 - INFO - CDS - contig=contig_1, start=4398, stop=4628, strand=+, frame=3, truncated=no, start-type=ATG, RBS-motif=GGAG/GAGG
16:42:44.634 - INFO - CDS - contig=contig_1, start=4638, stop=7328, strand=+, frame=3, truncated=no, start-type=ATG, RBS-motif=GGA/GAG/AGG
16:42:44.634 - INFO - CDS - contig=contig_1, start=7770, stop=8171, strand=+, frame=3, truncated=no, start-type=ATG, RBS-motif=AGGAG
16:42:44.634 - INFO - CDS - contig=contig_1, start=8187, stop=8534, strand=+, frame=3, truncated=no, start-type=ATG, RBS-motif=AGGAG
16:42:44.634 - INFO - CDS - contig=contig_1, start=8564, stop=8923, strand=+, frame=2, truncated=no, start-type=ATG, RBS-motif=AGGA
16:42:44.634 - INFO - CDS - contig=contig_1, start=9253, stop=9498, strand=+, frame=1, truncated=no, start-type=ATG, RBS-motif=AGGAG
16:42:44.635 - INFO - CDS - contig=contig_1, start=9722, stop=10000, strand=+, frame=2, truncated=no, start-type=ATG, RBS-motif=AGGAG
16:42:44.635 - INFO - CDS - contig=contig_1, start=10378, stop=10587, strand=+, frame=1, truncated=no, start-type=ATG, RBS-motif=GGAG/GAGG
16:42:44.635 - INFO - CDS - contig=contig_1, start=10566, stop=10823, strand=-, frame=2, truncated=no, start-type=ATG, RBS-motif=GGA/GAG/AGG
16:42:44.635 - INFO - CDS - contig=contig_1, start=10868, stop=11641, strand=-, frame=3, truncated=no, start-type=TTG, RBS-motif=None
16:42:44.635 - INFO - CDS - contig=contig_1, start=11634, stop=13823, strand=-, frame=2, truncated=no, start-type=GTG, RBS-motif=None
16:42:44.635 - INFO - CDS - contig=contig_1, start=13840, stop=14793, strand=+, frame=1, truncated=no, start-type=ATG, RBS-motif=GGA/GAG/AGG
16:42:44.635 - INFO - CDS - contig=contig_1, start=14793, stop=15815, strand=+, frame=3, truncated=no, start-type=ATG, RBS-motif=GGA/GAG/AGG
16:42:44.635 - INFO - CDS - contig=contig_1, start=15812, stop=16546, strand=+, frame=2, truncated=no, start-type=GTG, RBS-motif=GGAG/GAGG
16:42:44.636 - INFO - CDS - contig=contig_1, start=16644, stop=17105, strand=+, frame=3, truncated=no, start-type=ATG, RBS-motif=GGA/GAG/AGG
16:42:44.636 - INFO - CDS - contig=contig_1, start=17107, stop=17544, strand=+, frame=1, truncated=no, start-type=ATG, RBS-motif=GGAG/GAGG
16:42:44.636 - INFO - CDS - contig=contig_1, start=17537, stop=18202, strand=+, frame=2, truncated=no, start-type=ATG, RBS-motif=GGAG/GAGG
16:42:44.636 - INFO - CDS - contig=contig_1, start=18214, stop=19329, strand=+, frame=1, truncated=no, start-type=ATG, RBS-motif=GGAG/GAGG
16:42:44.636 - INFO - CDS - contig=contig_1, start=19333, stop=19782, strand=+, frame=1, truncated=no, start-type=GTG, RBS-motif=AGGAG
16:42:44.636 - INFO - CDS - contig=contig_1, start=19782, stop=19991, strand=+, frame=3, truncated=no, start-type=ATG, RBS-motif=GGAG/GAGG
16:42:44.636 - INFO - CDS - contig=contig_1, start=19991, stop=20296, strand=+, frame=2, truncated=no, start-type=ATG, RBS-motif=AGxAGG/AGGxGG
16:42:44.636 - INFO - CDS - contig=contig_1, start=20293, stop=20754, strand=+, frame=1, truncated=no, start-type=ATG, RBS-motif=None
16:42:44.636 - INFO - CDS - contig=contig_1, start=20751, stop=21236, strand=+, frame=3, truncated=no, start-type=ATG, RBS-motif=GGA/GAG/AGG
16:42:44.637 - INFO - CDS - contig=contig_1, start=21233, stop=21520, strand=+, frame=2, truncated=no, start-type=ATG, RBS-motif=AGGA
16:42:44.637 - INFO - CDS - contig=contig_1, start=21544, stop=21684, strand=+, frame=1, truncated=no, start-type=ATG, RBS-motif=None
16:42:44.637 - INFO - CDS - contig=contig_1, start=21699, stop=23753, strand=+, frame=3, truncated=no, start-type=ATG, RBS-motif=AGGA
16:42:44.637 - INFO - CDS - contig=contig_1, start=23750, stop=24070, strand=+, frame=2, truncated=no, start-type=ATG, RBS-motif=GGAG/GAGG
16:42:44.637 - INFO - CDS - contig=contig_1, start=24067, stop=25239, strand=+, frame=1, truncated=no, start-type=GTG, RBS-motif=GGAG/GAGG
16:42:44.637 - INFO - CDS - contig=contig_1, start=25232, stop=25756, strand=+, frame=2, truncated=no, start-type=ATG, RBS-motif=AGxAGG/AGGxGG
16:42:44.637 - INFO - CDS - contig=contig_1, start=25768, stop=27732, strand=+, frame=1, truncated=no, start-type=ATG, RBS-motif=AGGAG
16:42:44.637 - INFO - CDS - contig=contig_1, start=27746, stop=28456, strand=+, frame=2, truncated=no, start-type=ATG, RBS-motif=AGGA/GGAG/GAGG
16:42:44.638 - INFO - CDS - contig=contig_1, start=28453, stop=29373, strand=+, frame=1, truncated=no, start-type=ATG, RBS-motif=GGAG/GAGG
16:42:44.638 - INFO - CDS - contig=contig_1, start=29370, stop=29909, strand=+, frame=3, truncated=no, start-type=ATG, RBS-motif=GGxGG
16:42:44.638 - INFO - CDS - contig=contig_1, start=29909, stop=30607, strand=+, frame=2, truncated=no, start-type=ATG, RBS-motif=GGxGG
16:42:44.638 - INFO - CDS - contig=contig_1, start=30592, stop=31563, strand=+, frame=1, truncated=no, start-type=ATG, RBS-motif=None
16:42:44.638 - INFO - CDS - contig=contig_1, start=31606, stop=31878, strand=-, frame=1, truncated=no, start-type=TTG, RBS-motif=GGAG/GAGG
16:42:44.638 - INFO - CDS - contig=contig_1, start=302, stop=487, strand=-, nt=[TTGTCGGGAA..CAGTTCCTGA]
16:42:44.638 - INFO - CDS - contig=contig_1, start=1071, stop=2756, strand=+, nt=[ATGAAAGAAC..GGCCCGTTAG]
16:42:44.638 - INFO - CDS - contig=contig_1, start=2887, stop=4056, strand=-, nt=[GTGTCGATCA..AGGATTATGA]
16:42:44.638 - INFO - CDS - contig=contig_1, start=4061, stop=4300, strand=-, nt=[ATGGAGCTTG..CCCGGTATAG]
16:42:44.638 - INFO - CDS - contig=contig_1, start=4398, stop=4628, strand=+, nt=[ATGCAGATTG..GCAGCAATAA]
16:42:44.639 - INFO - CDS - contig=contig_1, start=4638, stop=7328, strand=+, nt=[ATGAACGCAC..CTGCGGGTGA]
16:42:44.639 - INFO - CDS - contig=contig_1, start=7770, stop=8171, strand=+, nt=[ATGGACGCCA..CAACCACTGA]
16:42:44.639 - INFO - CDS - contig=contig_1, start=8187, stop=8534, strand=+, nt=[ATGAACGAAT..AGCGGCTTAA]
16:42:44.639 - INFO - CDS - contig=contig_1, start=8564, stop=8923, strand=+, nt=[ATGACGAAGA..GAACGCCTGA]
16:42:44.639 - INFO - CDS - contig=contig_1, start=9253, stop=9498, strand=+, nt=[ATGTCTAACT..CCACGCATGA]
16:42:44.639 - INFO - CDS - contig=contig_1, start=9722, stop=10000, strand=+, nt=[ATGATCGGCT..ACAGACATAA]
16:42:44.639 - INFO - CDS - contig=contig_1, start=10378, stop=10587, strand=+, nt=[ATGGGAGACC..CCCCAGTTGA]
16:42:44.639 - INFO - CDS - contig=contig_1, start=10566, stop=10823, strand=-, nt=[ATGCGGGTCT..GTTGCCCTGA]
16:42:44.639 - INFO - CDS - contig=contig_1, start=10868, stop=11641, strand=-, nt=[TTGCGTGACT..AGCAGGCTAG]
16:42:44.639 - INFO - CDS - contig=contig_1, start=11634, stop=13823, strand=-, nt=[GTGTCGTTGA..TGTTGCGTGA]
16:42:44.639 - INFO - CDS - contig=contig_1, start=13840, stop=14793, strand=+, nt=[ATGCCCCGTT..GCTGCGCTAA]
16:42:44.639 - INFO - CDS - contig=contig_1, start=14793, stop=15815, strand=+, nt=[ATGGGAGCCC..TGCGCCGTGA]
16:42:44.639 - INFO - CDS - contig=contig_1, start=15812, stop=16546, strand=+, nt=[GTGAGCCTGG..GGCCCCTTAA]
16:42:44.639 - INFO - CDS - contig=contig_1, start=16644, stop=17105, strand=+, nt=[ATGAGCTTTT..GCTGATCTGA]
16:42:44.639 - INFO - CDS - contig=contig_1, start=17107, stop=17544, strand=+, nt=[ATGAACAAGC..CCATGGCTGA]
16:42:44.640 - INFO - CDS - contig=contig_1, start=17537, stop=18202, strand=+, nt=[ATGGCTGAGC..ACCCCGATAA]
16:42:44.640 - INFO - CDS - contig=contig_1, start=18214, stop=19329, strand=+, nt=[ATGGCTCTAG..CGAGGAGTAA]
16:42:44.640 - INFO - CDS - contig=contig_1, start=19333, stop=19782, strand=+, nt=[GTGGCCCGCA..CCTGCGCTGA]
16:42:44.640 - INFO - CDS - contig=contig_1, start=19782, stop=19991, strand=+, nt=[ATGGCCGACT..GGGCCGCTGA]
16:42:44.640 - INFO - CDS - contig=contig_1, start=19991, stop=20296, strand=+, nt=[ATGGGCAACC..GATGCCATGA]
16:42:44.640 - INFO - CDS - contig=contig_1, start=20293, stop=20754, strand=+, nt=[ATGAAGCTGC..CGGTCTATGA]
16:42:44.640 - INFO - CDS - contig=contig_1, start=20751, stop=21236, strand=+, nt=[ATGAGCCGCG..CACGCAATGA]
16:42:44.640 - INFO - CDS - contig=contig_1, start=21233, stop=21520, strand=+, nt=[ATGACCGAAC..GAGCGACTGA]
16:42:44.640 - INFO - CDS - contig=contig_1, start=21544, stop=21684, strand=+, nt=[ATGGCCCTGG..GAAAGGCTGA]
16:42:44.640 - INFO - CDS - contig=contig_1, start=21699, stop=23753, strand=+, nt=[ATGAGCACCA..GGCCGGATGA]
16:42:44.640 - INFO - CDS - contig=contig_1, start=23750, stop=24070, strand=+, nt=[ATGACTGCCC..AACGCTGTGA]
16:42:44.640 - INFO - CDS - contig=contig_1, start=24067, stop=25239, strand=+, nt=[GTGACTGTAG..CCATGATTAA]
16:42:44.640 - INFO - CDS - contig=contig_1, start=25232, stop=25756, strand=+, nt=[ATGATTAAGC..GACCCTTTAG]
16:42:44.640 - INFO - CDS - contig=contig_1, start=25768, stop=27732, strand=+, nt=[ATGGCACGCA..CAAGTACTGA]
16:42:44.640 - INFO - CDS - contig=contig_1, start=27746, stop=28456, strand=+, nt=[ATGACCACCC..TCCGGCATGA]
16:42:44.640 - INFO - CDS - contig=contig_1, start=28453, stop=29373, strand=+, nt=[ATGACATGGG..GGATCCATGA]
16:42:44.640 - INFO - CDS - contig=contig_1, start=29370, stop=29909, strand=+, nt=[ATGACGCTGC..GGGCGCCTGA]
16:42:44.641 - INFO - CDS - contig=contig_1, start=29909, stop=30607, strand=+, nt=[ATGAAACTTC..GAAGCCGTAA]
16:42:44.641 - INFO - CDS - contig=contig_1, start=30592, stop=31563, strand=+, nt=[ATGGAAGAAG..CACCGCATAG]
16:42:44.641 - INFO - CDS - contig=contig_1, start=31606, stop=31878, strand=-, nt=[TTGCACTTCG..AGTGGCGTGA]
16:42:44.641 - INFO - CDS - predicted=40
16:42:44.872 - INFO - ORF - discarded=0
16:42:44.994 - INFO - UPS - looked-up=36
16:42:45.049 - INFO - IPS - looked-up=36
16:42:45.050 - INFO - ORF - write internal aa seqs: # seqs=4, path=/tmp/tmp6cculsxs/cds.psc.faa
16:43:53.873 - INFO - PSC - found: PSC=1, PSCC=2
16:43:53.941 - INFO - PSC - looked-up=39
16:43:54.005 - INFO - PSCC - looked-up=39
16:43:54.005 - INFO - ORF - write internal aa seqs: # seqs=40, path=/tmp/tmp6cculsxs/cds.expert.faa
16:43:55.145 - INFO - EXPERT-AMRFINDER - found=0
16:43:56.384 - INFO - EXPERT_AA_SEQ - found=0
16:43:56.385 - INFO - ANNOTATION - marked as hypothetical: contig=contig_1, start=302, stop=487, strand=-
16:43:56.385 - INFO - ANNOTATION - fix product: replace domain name underscores. new=QslA-E domain-containing protein, old=QslA_E domain-containing protein
16:43:56.386 - INFO - ANNOTATION - fix gene: extract symbol from protein name. symbol=pilZ
16:43:56.386 - INFO - ANNOTATION - fix product: replace domain name underscores. new=Terminase-6C domain-containing protein, old=Terminase_6C domain-containing protein
16:43:56.387 - INFO - ANNOTATION - fix gene: extract symbol from protein name. symbol=dksA
16:43:56.387 - INFO - ANNOTATION - fix gene: extract symbol from protein name. symbol=xhlA
16:43:56.388 - INFO - ANNOTATION - fix product: replace putative synonyms. new=putative tape measure protein, old=Probable tape measure protein
16:43:56.388 - INFO - ANNOTATION - fix product: revise DUF. new=DUF2590 domain-containing protein, old=DUF2590 family protein
16:43:56.388 - INFO - ANNOTATION - fix product: replace domain name underscores. new=Baseplate-J domain-containing protein, old=Baseplate_J domain-containing protein
16:43:56.389 - INFO - ANNOTATION - fix gene: extract symbol from protein name. symbol=hicB
16:43:56.389 - INFO - ORF - write internal aa seqs: # seqs=1, path=/tmp/tmp6cculsxs/cds.pseudo.candidates.faa
16:45:13.817 - INFO - CDS - found: pseudogene-candidates=0
16:45:13.822 - INFO - PSC - looked-up=0
16:45:13.823 - INFO - PSCC - looked-up=0
16:45:17.207 - INFO - CDS - predicted-pfams=0, CDS-w/-pfams=0
16:45:17.250 - INFO - S_ORF - predicted=204
16:45:17.625 - INFO - S_ORF - sORF filter: # valid=36, # discarded=168
16:45:17.775 - INFO - ORF - discarded=0
16:45:17.879 - INFO - UPS - looked-up=0
16:45:17.881 - INFO - IPS - looked-up=0
16:45:17.881 - INFO - ORF - write internal aa seqs: # seqs=36, path=/tmp/tmp6cculsxs/sorf.faa
16:45:18.205 - INFO - S_ORF - found=0
16:45:18.206 - INFO - PSC - looked-up=0
16:45:18.208 - INFO - PSCC - looked-up=0
16:45:19.646 - INFO - ORI - predicted=0
16:45:20.035 - INFO - ORI - predicted=0
16:45:20.035 - INFO - ANNOTATION - overlap: CDS (None/Site-specific recombinase) [2887, 4056] overlapping tRNA (trnI) [2854, 2930], [2887,2930], contig=contig_1
16:45:20.036 - INFO - UTILS - generated sequence tag prefix: prefix=EONEOIDBEL, length=10, MD5=E87E82DBE53871B6C3FC2D9C7AE0984D
16:45:20.036 - INFO - MAIN - selected features=40
16:45:20.036 - INFO - UTILS - generated sequence tag prefix: prefix=EONEOI, length=6, MD5=E87E82DBE53871B6C3FC2D9C7AE0984D
16:45:20.037 - INFO - MAIN - locus tag prefix=EONEOI
16:45:20.037 - INFO - UTILS - genome-size=32637
16:45:20.038 - INFO - UTILS - GC=0.639
16:45:20.039 - INFO - UTILS - N=0.000
16:45:20.039 - INFO - UTILS - N50=32637
16:45:20.039 - INFO - UTILS - coding-ratio=0.860
16:45:20.040 - INFO - TSV - write tsv: path=/net/holy-nfsisilon/ifs/rc_labs/eddy_lab/users/lmerk/phage_groupII/data/bakta_output/NC_030940/NC_030940.tsv
16:45:20.048 - INFO - GFF - write GFF3: path=/net/holy-nfsisilon/ifs/rc_labs/eddy_lab/users/lmerk/phage_groupII/data/bakta_output/NC_030940/NC_030940.gff3
16:45:20.062 - INFO - INSDC - write GenBank: path=/net/holy-nfsisilon/ifs/rc_labs/eddy_lab/users/lmerk/phage_groupII/data/bakta_output/NC_030940/NC_030940.gbff
16:45:20.079 - INFO - INSDC - write EMBL: path=/net/holy-nfsisilon/ifs/rc_labs/eddy_lab/users/lmerk/phage_groupII/data/bakta_output/NC_030940/NC_030940.embl
16:45:20.092 - INFO - FASTA - write genome sequences: path=/net/holy-nfsisilon/ifs/rc_labs/eddy_lab/users/lmerk/phage_groupII/data/bakta_output/NC_030940/NC_030940.fna, description=True, wrap=True
16:45:20.096 - INFO - FASTA - write feature nucleotide sequences: path=/net/holy-nfsisilon/ifs/rc_labs/eddy_lab/users/lmerk/phage_groupII/data/bakta_output/NC_030940/NC_030940.ffn
16:45:20.101 - INFO - FASTA - write translated CDS/sORF: path=/net/holy-nfsisilon/ifs/rc_labs/eddy_lab/users/lmerk/phage_groupII/data/bakta_output/NC_030940/NC_030940.faa
16:45:20.164 - INFO - PLOT - write circular genome plot: file-name=NC_030940, output-dir=/net/holy-nfsisilon/ifs/rc_labs/eddy_lab/users/lmerk/phage_groupII/data/bakta_output/NC_030940
16:45:29.354 - INFO - TSV - write hypothetical tsv: path=/net/holy-nfsisilon/ifs/rc_labs/eddy_lab/users/lmerk/phage_groupII/data/bakta_output/NC_030940/NC_030940.hypotheticals.tsv
16:45:29.358 - INFO - FASTA - write translated CDS/sORF: path=/net/holy-nfsisilon/ifs/rc_labs/eddy_lab/users/lmerk/phage_groupII/data/bakta_output/NC_030940/NC_030940.hypotheticals.faa
16:45:29.361 - INFO - JSON - write JSON: path=/net/holy-nfsisilon/ifs/rc_labs/eddy_lab/users/lmerk/phage_groupII/data/bakta_output/NC_030940/NC_030940.json
16:45:29.382 - INFO - MAIN - removed tmp dir: /tmp/tmp6cculsxs
