2024-03-13 16:57:03.204 | INFO     | __main__:main:105 - Starting Pharokka v1.5.1
2024-03-13 16:57:03.204 | INFO     | __main__:main:106 - Command executed: Namespace(infile='../data/genomes/groupII_millard/MK448228/MK448228.fna', outdir='../data/pharokka_output/MK448228', database='/n/eddy_lab/data/pharokka', threads='8', force=True, prefix='MK448228', locustag='Default', gene_predictor='phanotate', meta=False, split=False, coding_table='11', evalue='1E-05', fast=False, mmseqs2_only=False, meta_hmm=False, dnaapler=False, custom_hmm='', genbank=False, terminase=False, terminase_strand='nothing', terminase_start='nothing', skip_extra_annotations=False, skip_mash=False, citation=False)
2024-03-13 16:57:03.205 | INFO     | __main__:main:107 - Repository homepage is https://github.com/gbouras13/pharokka
2024-03-13 16:57:03.205 | INFO     | __main__:main:108 - Written by George Bouras: george.bouras@adelaide.edu.au
2024-03-13 16:57:03.206 | INFO     | __main__:main:110 - Checking database installation in /n/eddy_lab/data/pharokka.
2024-03-13 16:57:03.207 | INFO     | __main__:main:113 - All databases have been successfully checked.
2024-03-13 16:57:03.207 | INFO     | __main__:main:129 - Checking dependencies.
2024-03-13 16:57:04.626 | INFO     | input_commands:check_dependencies:367 - Phanotate version found is v1.5.1
2024-03-13 16:57:04.627 | INFO     | input_commands:check_dependencies:376 - Phanotate version is ok.
2024-03-13 16:57:04.661 | INFO     | input_commands:check_dependencies:398 - MMseqs2 version found is v13.45111
2024-03-13 16:57:04.662 | INFO     | input_commands:check_dependencies:407 - MMseqs2 version is ok.
2024-03-13 16:57:05.005 | INFO     | input_commands:check_dependencies:431 - tRNAscan-SE version found is v2.0.12
2024-03-13 16:57:05.005 | INFO     | input_commands:check_dependencies:442 - tRNAscan-SE version is ok.
2024-03-13 16:57:05.207 | INFO     | input_commands:check_dependencies:466 - MinCED version found is v0.4.2
2024-03-13 16:57:05.208 | INFO     | input_commands:check_dependencies:477 - MinCED version is ok.
2024-03-13 16:57:05.216 | INFO     | input_commands:check_dependencies:503 - ARAGORN version found is v1.2.41
2024-03-13 16:57:05.216 | INFO     | input_commands:check_dependencies:514 - ARAGORN version is ok.
2024-03-13 16:57:05.253 | INFO     | input_commands:check_dependencies:531 - mash version found is v2.3
2024-03-13 16:57:05.254 | INFO     | input_commands:check_dependencies:538 - mash version is ok.
2024-03-13 16:57:08.916 | INFO     | input_commands:check_dependencies:557 - Dnaapler version found is v0.5.0
2024-03-13 16:57:08.918 | INFO     | input_commands:check_dependencies:564 - Dnaapler version is ok.
2024-03-13 16:57:08.918 | INFO     | input_commands:check_dependencies:576 - Pyrodigal version is v3.2.1
2024-03-13 16:57:08.918 | INFO     | input_commands:check_dependencies:577 - Pyrodigal version is ok.
2024-03-13 16:57:08.919 | INFO     | input_commands:check_dependencies:589 - Pyrodigal_gv version is v0.3.1
2024-03-13 16:57:08.919 | INFO     | input_commands:check_dependencies:590 - Pyrodigal_gv version is ok.
2024-03-13 16:57:08.984 | INFO     | input_commands:validate_fasta:218 - Checking input ../data/genomes/groupII_millard/MK448228/MK448228.fna.
2024-03-13 16:57:08.987 | INFO     | input_commands:validate_fasta:220 - Input ../data/genomes/groupII_millard/MK448228/MK448228.fna is in FASTA format.
2024-03-13 16:57:08.988 | INFO     | input_commands:validate_fasta:225 - Checking input ../data/genomes/groupII_millard/MK448228/MK448228.fna for duplicate FASTA headers.
2024-03-13 16:57:08.990 | INFO     | input_commands:validate_fasta:227 - All headers in ../data/genomes/groupII_millard/MK448228/MK448228.fna are unique.
2024-03-13 16:57:08.990 | INFO     | input_commands:validate_gene_predictor:252 - Phanotate will be used for gene prediction.
2024-03-13 16:57:08.991 | INFO     | __main__:main:292 - Running Phanotate.
2024-03-13 16:57:09.000 | INFO     | external_tools:run:50 - Started running phanotate.py -f fasta -o ../data/pharokka_output/MK448228/phanotate_out_tmp.fasta ../data/genomes/groupII_millard/MK448228/MK448228.fna ...
2024-03-13 16:57:21.475 | INFO     | external_tools:run:52 - Done running phanotate.py -f fasta -o ../data/pharokka_output/MK448228/phanotate_out_tmp.fasta ../data/genomes/groupII_millard/MK448228/MK448228.fna
2024-03-13 16:57:21.482 | INFO     | external_tools:run:50 - Started running phanotate.py -f tabular -o ../data/pharokka_output/MK448228/phanotate_out.txt ../data/genomes/groupII_millard/MK448228/MK448228.fna ...
2024-03-13 16:57:34.202 | INFO     | external_tools:run:52 - Done running phanotate.py -f tabular -o ../data/pharokka_output/MK448228/phanotate_out.txt ../data/genomes/groupII_millard/MK448228/MK448228.fna
2024-03-13 16:57:34.262 | INFO     | __main__:main:321 - Starting tRNA-scanSE.
2024-03-13 16:57:34.266 | INFO     | external_tools:run:50 - Started running tRNAscan-SE --thread 8 -G -Q -j ../data/pharokka_output/MK448228/trnascan_out.gff ../data/genomes/groupII_millard/MK448228/MK448228.fna ...
2024-03-13 16:57:35.088 | INFO     | external_tools:run:52 - Done running tRNAscan-SE --thread 8 -G -Q -j ../data/pharokka_output/MK448228/trnascan_out.gff ../data/genomes/groupII_millard/MK448228/MK448228.fna
2024-03-13 16:57:35.090 | INFO     | processes:run_minced:786 - Running MinCED.
2024-03-13 16:57:35.095 | INFO     | external_tools:run:50 - Started running minced ../data/genomes/groupII_millard/MK448228/MK448228.fna ../data/pharokka_output/MK448228/MK448228_minced_spacers.txt ../data/pharokka_output/MK448228/MK448228_minced.gff ...
2024-03-13 16:57:35.350 | INFO     | external_tools:run:52 - Done running minced ../data/genomes/groupII_millard/MK448228/MK448228.fna ../data/pharokka_output/MK448228/MK448228_minced_spacers.txt ../data/pharokka_output/MK448228/MK448228_minced.gff
2024-03-13 16:57:35.352 | INFO     | processes:run_aragorn:815 - Running Aragorn.
2024-03-13 16:57:35.357 | INFO     | external_tools:run:50 - Started running aragorn -l -gcbact -w -m -o ../data/pharokka_output/MK448228/MK448228_aragorn.txt ../data/genomes/groupII_millard/MK448228/MK448228.fna ...
2024-03-13 16:57:35.399 | INFO     | external_tools:run:52 - Done running aragorn -l -gcbact -w -m -o ../data/pharokka_output/MK448228/MK448228_aragorn.txt ../data/genomes/groupII_millard/MK448228/MK448228.fna
2024-03-13 16:57:35.401 | INFO     | __main__:main:329 - Starting MMseqs2.
2024-03-13 16:57:35.401 | INFO     | processes:run_mmseqs:643 - Running MMseqs2 on PHROG Database.
2024-03-13 16:57:35.407 | INFO     | external_tools:run:50 - Started running mmseqs createdb ../data/pharokka_output/MK448228/phanotate_aas_tmp.fasta ../data/pharokka_output/MK448228/target_dir/target_seqs ...
2024-03-13 16:57:36.032 | INFO     | external_tools:run:52 - Done running mmseqs createdb ../data/pharokka_output/MK448228/phanotate_aas_tmp.fasta ../data/pharokka_output/MK448228/target_dir/target_seqs
2024-03-13 16:57:36.038 | INFO     | external_tools:run:50 - Started running mmseqs search -e 1E-05 /n/eddy_lab/data/pharokka/phrogs_profile_db ../data/pharokka_output/MK448228/target_dir/target_seqs ../data/pharokka_output/MK448228/mmseqs/results_mmseqs ../data/pharokka_output/MK448228/tmp_dir/ -s 8.5 --threads 8 ...
2024-03-13 16:59:24.419 | INFO     | external_tools:run:52 - Done running mmseqs search -e 1E-05 /n/eddy_lab/data/pharokka/phrogs_profile_db ../data/pharokka_output/MK448228/target_dir/target_seqs ../data/pharokka_output/MK448228/mmseqs/results_mmseqs ../data/pharokka_output/MK448228/tmp_dir/ -s 8.5 --threads 8
2024-03-13 16:59:24.462 | INFO     | external_tools:run:50 - Started running mmseqs createtsv /n/eddy_lab/data/pharokka/phrogs_profile_db ../data/pharokka_output/MK448228/target_dir/target_seqs ../data/pharokka_output/MK448228/mmseqs/results_mmseqs ../data/pharokka_output/MK448228/mmseqs_results.tsv --full-header --threads 8 ...
2024-03-13 16:59:25.537 | INFO     | external_tools:run:52 - Done running mmseqs createtsv /n/eddy_lab/data/pharokka/phrogs_profile_db ../data/pharokka_output/MK448228/target_dir/target_seqs ../data/pharokka_output/MK448228/mmseqs/results_mmseqs ../data/pharokka_output/MK448228/mmseqs_results.tsv --full-header --threads 8
2024-03-13 16:59:25.589 | INFO     | processes:run_mmseqs:643 - Running MMseqs2 on CARD Database.
2024-03-13 16:59:25.628 | INFO     | external_tools:run:50 - Started running mmseqs createdb ../data/pharokka_output/MK448228/phanotate_aas_tmp.fasta ../data/pharokka_output/MK448228/CARD_target_dir/target_seqs ...
2024-03-13 16:59:32.668 | INFO     | external_tools:run:52 - Done running mmseqs createdb ../data/pharokka_output/MK448228/phanotate_aas_tmp.fasta ../data/pharokka_output/MK448228/CARD_target_dir/target_seqs
2024-03-13 16:59:32.696 | INFO     | external_tools:run:50 - Started running mmseqs search --min-seq-id 0.8 -c 0.4 /n/eddy_lab/data/pharokka/CARD ../data/pharokka_output/MK448228/CARD_target_dir/target_seqs ../data/pharokka_output/MK448228/CARD/results_mmseqs ../data/pharokka_output/MK448228/CARD_dir/ -s 8.5 --threads 8 ...
2024-03-13 16:59:50.359 | INFO     | external_tools:run:52 - Done running mmseqs search --min-seq-id 0.8 -c 0.4 /n/eddy_lab/data/pharokka/CARD ../data/pharokka_output/MK448228/CARD_target_dir/target_seqs ../data/pharokka_output/MK448228/CARD/results_mmseqs ../data/pharokka_output/MK448228/CARD_dir/ -s 8.5 --threads 8
2024-03-13 16:59:50.368 | INFO     | external_tools:run:50 - Started running mmseqs createtsv /n/eddy_lab/data/pharokka/CARD ../data/pharokka_output/MK448228/CARD_target_dir/target_seqs ../data/pharokka_output/MK448228/CARD/results_mmseqs ../data/pharokka_output/MK448228/CARD_results.tsv --full-header --threads 8 ...
2024-03-13 16:59:50.527 | INFO     | external_tools:run:52 - Done running mmseqs createtsv /n/eddy_lab/data/pharokka/CARD ../data/pharokka_output/MK448228/CARD_target_dir/target_seqs ../data/pharokka_output/MK448228/CARD/results_mmseqs ../data/pharokka_output/MK448228/CARD_results.tsv --full-header --threads 8
2024-03-13 16:59:50.541 | INFO     | processes:run_mmseqs:643 - Running MMseqs2 on VFDB Database.
2024-03-13 16:59:50.549 | INFO     | external_tools:run:50 - Started running mmseqs createdb ../data/pharokka_output/MK448228/phanotate_aas_tmp.fasta ../data/pharokka_output/MK448228/VFDB_target_dir/target_seqs ...
2024-03-13 16:59:51.576 | INFO     | external_tools:run:52 - Done running mmseqs createdb ../data/pharokka_output/MK448228/phanotate_aas_tmp.fasta ../data/pharokka_output/MK448228/VFDB_target_dir/target_seqs
2024-03-13 16:59:51.584 | INFO     | external_tools:run:50 - Started running mmseqs search --min-seq-id 0.8 -c 0.4 /n/eddy_lab/data/pharokka/vfdb ../data/pharokka_output/MK448228/VFDB_target_dir/target_seqs ../data/pharokka_output/MK448228/VFDB/results_mmseqs ../data/pharokka_output/MK448228/VFDB_dir/ -s 8.5 --threads 8 ...
2024-03-13 17:00:19.679 | INFO     | external_tools:run:52 - Done running mmseqs search --min-seq-id 0.8 -c 0.4 /n/eddy_lab/data/pharokka/vfdb ../data/pharokka_output/MK448228/VFDB_target_dir/target_seqs ../data/pharokka_output/MK448228/VFDB/results_mmseqs ../data/pharokka_output/MK448228/VFDB_dir/ -s 8.5 --threads 8
2024-03-13 17:00:19.684 | INFO     | external_tools:run:50 - Started running mmseqs createtsv /n/eddy_lab/data/pharokka/vfdb ../data/pharokka_output/MK448228/VFDB_target_dir/target_seqs ../data/pharokka_output/MK448228/VFDB/results_mmseqs ../data/pharokka_output/MK448228/vfdb_results.tsv --full-header --threads 8 ...
2024-03-13 17:00:19.857 | INFO     | external_tools:run:52 - Done running mmseqs createtsv /n/eddy_lab/data/pharokka/vfdb ../data/pharokka_output/MK448228/VFDB_target_dir/target_seqs ../data/pharokka_output/MK448228/VFDB/results_mmseqs ../data/pharokka_output/MK448228/vfdb_results.tsv --full-header --threads 8
2024-03-13 17:00:19.874 | INFO     | __main__:main:360 - Running PyHMMER on PHROGs.
2024-03-13 17:00:36.765 | INFO     | __main__:main:376 - Post Processing Output.
2024-03-13 17:00:36.780 | INFO     | post_processing:create_mmseqs_tophits:2128 - Processing MMseqs2 outputs.
2024-03-13 17:00:36.780 | INFO     | post_processing:create_mmseqs_tophits:2129 - Processing PHROGs output.
2024-03-13 17:00:37.012 | INFO     | post_processing:process_vfdb_results:2332 - Processing VFDB output.
2024-03-13 17:00:37.021 | INFO     | post_processing:process_vfdb_results:2415 - 0 VFDB virulence factors identified.
2024-03-13 17:00:37.022 | INFO     | post_processing:process_card_results:2432 - Processing CARD output.
2024-03-13 17:00:37.031 | INFO     | post_processing:process_card_results:2550 - 0 CARD AMR genes identified.
2024-03-13 17:00:37.137 | INFO     | __main__:main:447 - Converting gff to genbank.
2024-03-13 17:00:37.174 | INFO     | post_processing:extract_terl:1966 - Terminase large subunit found.
2024-03-13 17:00:37.182 | INFO     | __main__:main:460 - Finding the closest match for each contig in INPHARED using mash.
2024-03-13 17:00:37.185 | INFO     | external_tools:run:50 - Started running mash sketch ../data/genomes/groupII_millard/MK448228/MK448228.fna -o ../data/pharokka_output/MK448228/input_mash_sketch.msh -i ...
2024-03-13 17:00:37.243 | INFO     | external_tools:run:52 - Done running mash sketch ../data/genomes/groupII_millard/MK448228/MK448228.fna -o ../data/pharokka_output/MK448228/input_mash_sketch.msh -i
2024-03-13 17:00:37.248 | INFO     | external_tools:run_to_stdout:59 - Started running mash dist ../data/pharokka_output/MK448228/input_mash_sketch.msh /n/eddy_lab/data/pharokka/1Aug2023_genomes.fa.msh -d 0.2 -i ...
2024-03-13 17:00:37.930 | INFO     | external_tools:run_to_stdout:61 - Done running mash dist ../data/pharokka_output/MK448228/input_mash_sketch.msh /n/eddy_lab/data/pharokka/1Aug2023_genomes.fa.msh -d 0.2 -i
2024-03-13 17:00:38.224 | INFO     | __main__:main:480 - Pharokka has finished.
2024-03-13 17:00:38.225 | INFO     | __main__:main:481 - Elapsed time: 215.03 seconds
2024-03-13 17:00:38.225 | INFO     | __main__:main:483 - If you use Pharokka in your research, please cite:
2024-03-13 17:00:38.225 | INFO     | __main__:main:484 - George Bouras, Roshan Nepal, Ghais Houtak, Alkis James Psaltis, Peter-John Wormald, Sarah Vreugde.
2024-03-13 17:00:38.226 | INFO     | __main__:main:487 - Pharokka: a fast scalable bacteriophage annotation tool.
2024-03-13 17:00:38.226 | INFO     | __main__:main:488 - Bioinformatics, Volume 39, Issue 1, January 2023, btac776.
2024-03-13 17:00:38.226 | INFO     | __main__:main:489 - https://doi.org/10.1093/bioinformatics/btac776.
2024-03-13 17:00:38.227 | INFO     | __main__:main:490 - You should also cite the full list of tools Pharokka uses, which can be found at https://github.com/gbouras13/pharokka#citation.
