# hmmscan :: search sequence(s) against a profile database
# HMMER 3.3.2 (Nov 2020); http://hmmer.org/
# Copyright (C) 2020 Howard Hughes Medical Institute.
# Freely distributed under the BSD open source license.
# - - - - - - - - - - - - - - - - - - - - - - - - - - - - - - - - - - - -
# query sequence file:             -
# target HMM database:             /n/eddy_lab/data/pfam-35.0/Pfam-A.hmm
# output directed to file:         ./all_windows_new/hmmscan/out/IMGVR_UViG_3300036404_000871_3300036404_Ga0314790_001131_hmmscan_output.out
# per-seq hits tabular output:     ./all_windows_new/hmmscan/tblout/IMGVR_UViG_3300036404_000871_3300036404_Ga0314790_001131_hmmscan_output.tblout
# - - - - - - - - - - - - - - - - - - - - - - - - - - - - - - - - - - - -

Query:       orf1  [L=489]
Description: source=IMGVR_UViG_3300036404_000871_3300036404_Ga0314790_001131/1623-38 coords=2..1468 length=489 frame=2 desc=
Scores for complete sequence (score includes all domains):
   --- full sequence ---   --- best 1 domain ---    -#dom-
    E-value  score  bias    E-value  score  bias    exp  N  Model    Description
    ------- ------ -----    ------- ------ -----   ---- --  -------- -----------
    1.3e-33  116.6   0.8    2.8e-33  115.4   0.0    2.0  3  RVT_1     Reverse transcriptase (RNA-dependent DNA polymerase
     0.0018   18.6   0.1     0.0018   18.6   0.1    2.6  3  HNH       HNH endonuclease
  ------ inclusion threshold ------
      0.016   15.3   0.4      0.052   13.7   0.1    2.1  2  HNH_4     HNH endonuclease


Domain annotation for each model (and alignments):
>> RVT_1  Reverse transcriptase (RNA-dependent DNA polymerase)
   #    score  bias  c-Evalue  i-Evalue hmmfrom  hmm to    alifrom  ali to    envfrom  env to     acc
 ---   ------ ----- --------- --------- ------- -------    ------- -------    ------- -------    ----
   1 !  115.4   0.0   4.3e-37   2.8e-33      24     222 .]       2     215 ..       1     215 [. 0.92
   2 ?   -2.6   0.1      0.53   3.5e+03      21      47 ..     240     266 ..     227     298 .. 0.61
   3 ?   -3.3   0.0       0.9   5.9e+03      24      47 ..     294     318 ..     283     328 .. 0.56

  Alignments for each domain:
  == domain 1  score: 115.4 bits;  conditional E-value: 4.3e-37
            CTB--.........-------HHHH..............HCCHTS--EEEEEEBCCGCCCSBB-GGGGGGG-EEET.........................TEE CS
  RVT_1  24 kliakrLkdvlekllsenqpgfrpgrstldav.edllkalkkkkkaklllklDlkkaFdsvpleellrkltafkvptklinliksflstrsfsvrvngeeskgr 126
            + i + L++++e +++++++gfrp+rst++a+ +++     + +++ +++++D+k++Fd+v++ +ll++++++++++k      s+ls  s+ +r + e  ++ 
   orf1   2 QCILQILEPICEAKFHNHSYGFRPNRSTHHALsRMISLM--NLGRHYYCVDIDIKGFFDNVNHGKLLKQMWTLGIRDK------SLLSVVSKILRSEIE--GEG 95 
            678899**************************7666655..99*********************************66......777666655566665..677 PP

            EEESB--ST-TTHHHHHHHHHHHHHTT-T...............................TEEECTTEEEEEESSHHHHHHHHHHHHHHHHH.TT--BEGGG-E CS
  RVT_1 127 yekkglpqGsvlSPllfnlfmnellrelrkra.........................kgvtllrYaDDililskskeelqelleaveewlke.sglkinpeKtk 204
               kg+pqG+++SPll+n+++nel+  +++++                         k+ +++rYaDD+ i++++ e++++ + a+ ++lk   gl+in++K++
   orf1  96 IPLKGTPQGGIISPLLSNIVLNELDWWISNQWetykphnvsvkhkgflaharkytnlKDGYIVRYADDFKIMCRNYEDAKRFYHATIDFLKIrLGLEINEDKSR 199
            7789**************************************************************************************976*********** PP

            EE......ESSEEETTEEE CS
  RVT_1 205 lvlftv.kseevkyLGvtl 222
            +v   + ++++ ++LG+++
   orf1 200 VV---NlRKNSSTFLGFKV 215
            **...7799*******985 PP

  == domain 2  score: -2.6 bits;  conditional E-value: 0.53
            HHHCTB--.........-------HHH CS
  RVT_1  21 alnkliakrLkdvlekllsenqpgfrp 47 
            +  kl+++r k++ ++l +e+  +f +
   orf1 240 KTKKLLKERVKEIQKELTPESVLRFNT 266
            233445555555555555555555554 PP

  == domain 3  score: -3.3 bits;  conditional E-value: 0.9
            CTB--..........-------HHH CS
  RVT_1  24 kliakrLkdvl.ekllsenqpgfrp 47 
            k+++ rLk++   ++lse  p+f++
   orf1 294 KAMKARLKNHNkYMKLSETTPAFKK 318
            4444555555444445555555544 PP

>> HNH  HNH endonuclease
   #    score  bias  c-Evalue  i-Evalue hmmfrom  hmm to    alifrom  ali to    envfrom  env to     acc
 ---   ------ ----- --------- --------- ------- -------    ------- -------    ------- -------    ----
   1 ?   -3.9   0.2       2.7   1.8e+04       4      18 ..      12      31 ..      11      32 .. 0.63
   2 ?    0.4   0.0      0.13   8.5e+02      13      23 ..     340     350 ..     328     373 .. 0.76
   3 !   18.6   0.1   2.7e-07    0.0018      12      35 ..     418     441 ..     407     442 .. 0.85

  Alignments for each domain:
  == domain 1  score: -3.9 bits;  conditional E-value: 2.7
          SS-B-SSE.....E--EEEE CS
   HNH  4 Cgrkfhks.....dalevdH 18
          C  kfh +     +    +H
  orf1 12 CEAKFHNHsygfrPNRSTHH 31
          88888887655555555555 PP

  == domain 2  score: 0.4 bits;  conditional E-value: 0.13
           --EEEESS-TT CS
   HNH  13 alevdHiipis 23 
              ++H+ p++
  orf1 340 ITSIHHVNPLN 350
           56899*99986 PP

  == domain 3  score: 18.6 bits;  conditional E-value: 2.7e-07
           E--EEEESS-TTTT--BSGGGEEE CS
   HNH  12 dalevdHiipisqggaddieNlql 35 
           +  +++Hiip++ gg d+++Nl+ 
  orf1 418 NRVHCHHIIPLKLGGNDNYSNLVI 441
           5679******************85 PP

>> HNH_4  HNH endonuclease
   #    score  bias  c-Evalue  i-Evalue hmmfrom  hmm to    alifrom  ali to    envfrom  env to     acc
 ---   ------ ----- --------- --------- ------- -------    ------- -------    ------- -------    ----
   1 ?   -3.1   0.0       1.4     9e+03      21      32 ..     343     354 ..     340     359 .. 0.79
   2 ?   13.7   0.1     8e-06     0.052       1      41 [.     408     442 ..     408     444 .. 0.85

  Alignments for each domain:
  == domain 1  score: -3.1 bits;  conditional E-value: 1.4
  HNH_4  21 iDHilPrsrsfd 32 
            i H+ P  +s+d
   orf1 343 IHHVNPLNFSQD 354
            889999999954 PP

  == domain 2  score: 13.7 bits;  conditional E-value: 8e-06
  HNH_4   1 clYtgekIsieelsstkeydiDHilPrsrsfdDsvsNkvLv 41 
            c+ tge Is+++++        Hi+P  ++  D +sN+v+v
   orf1 408 CFVTGEVISMNRVH------CHHIIPLKLGGNDNYSNLVIV 442
            66677777777765......79*****************97 PP



Internal pipeline statistics summary:
-------------------------------------
Query sequence(s):                         1  (489 residues searched)
Target model(s):                       19632  (3329936 nodes)
Passed MSV filter:                      1209  (0.0615831); expected 392.6 (0.02)
Passed bias filter:                      486  (0.0247555); expected 392.6 (0.02)
Passed Vit filter:                        45  (0.00229218); expected 19.6 (0.001)
Passed Fwd filter:                         3  (0.000152812); expected 0.2 (1e-05)
Initial search space (Z):              19632  [actual number of targets]
Domain search space  (domZ):               3  [number of targets reported over threshold]
# CPU time: 0.33u 0.18s 00:00:00.51 Elapsed: 00:00:00.32
# Mc/sec: 5014.19
//
[ok]
