# hmmscan :: search sequence(s) against a profile database
# HMMER 3.3.2 (Nov 2020); http://hmmer.org/
# Copyright (C) 2020 Howard Hughes Medical Institute.
# Freely distributed under the BSD open source license.
# - - - - - - - - - - - - - - - - - - - - - - - - - - - - - - - - - - - -
# query sequence file:             -
# target HMM database:             /n/eddy_lab/data/pfam-35.0/Pfam-A.hmm
# output directed to file:         ./all_windows_new/hmmscan/out/IMGVR_UViG_2667527596_000003_2667527596_2667546318_hmmscan_output.out
# per-seq hits tabular output:     ./all_windows_new/hmmscan/tblout/IMGVR_UViG_2667527596_000003_2667527596_2667546318_hmmscan_output.tblout
# - - - - - - - - - - - - - - - - - - - - - - - - - - - - - - - - - - - -

Query:       orf1  [L=102]
Description: source=IMGVR_UViG_2667527596_000003_2667527596_2667546318/1-672 coords=247..552 length=102 frame=1 desc=
Scores for complete sequence (score includes all domains):
   --- full sequence ---   --- best 1 domain ---    -#dom-
    E-value  score  bias    E-value  score  bias    exp  N  Model    Description
    ------- ------ -----    ------- ------ -----   ---- --  -------- -----------
     0.0018   18.5   0.5     0.0027   18.0   0.5    1.3  1  HNH       HNH endonuclease


Domain annotation for each model (and alignments):
>> HNH  HNH endonuclease
   #    score  bias  c-Evalue  i-Evalue hmmfrom  hmm to    alifrom  ali to    envfrom  env to     acc
 ---   ------ ----- --------- --------- ------- -------    ------- -------    ------- -------    ----
   1 !   18.0   0.5   1.4e-07    0.0027      14      36 ..      26      48 ..      17      58 .. 0.87

  Alignments for each domain:
  == domain 1  score: 18.0 bits;  conditional E-value: 1.4e-07
          -EEEESS-TTTT--BSGGGEEEE CS
   HNH 14 levdHiipisqggaddieNlqll 36
          ++++H++p++ gg+d ++Nl+ l
  orf1 26 WHCHHKKPKKLGGTDIFDNLIVL 48
          79******************987 PP



Internal pipeline statistics summary:
-------------------------------------
Query sequence(s):                         1  (102 residues searched)
Target model(s):                       19632  (3329936 nodes)
Passed MSV filter:                      1153  (0.0587306); expected 392.6 (0.02)
Passed bias filter:                      687  (0.0349939); expected 392.6 (0.02)
Passed Vit filter:                        42  (0.00213936); expected 19.6 (0.001)
Passed Fwd filter:                         1  (5.09372e-05); expected 0.2 (1e-05)
Initial search space (Z):              19632  [actual number of targets]
Domain search space  (domZ):               1  [number of targets reported over threshold]
# CPU time: 0.30u 0.22s 00:00:00.52 Elapsed: 00:00:00.36
# Mc/sec: 923.27
//
[ok]
