# hmmscan :: search sequence(s) against a profile database
# HMMER 3.3.2 (Nov 2020); http://hmmer.org/
# Copyright (C) 2020 Howard Hughes Medical Institute.
# Freely distributed under the BSD open source license.
# - - - - - - - - - - - - - - - - - - - - - - - - - - - - - - - - - - - -
# query sequence file:             -
# target HMM database:             /n/eddy_lab/data/pfam-35.0/Pfam-A.hmm
# output directed to file:         ./all_windows_new/hmmscan/out/IMGVR_UViG_3300029422_000266_3300029422_Ga0242786_100855_3-34111_hmmscan_output.out
# per-seq hits tabular output:     ./all_windows_new/hmmscan/tblout/IMGVR_UViG_3300029422_000266_3300029422_Ga0242786_100855_3-34111_hmmscan_output.tblout
# - - - - - - - - - - - - - - - - - - - - - - - - - - - - - - - - - - - -

Query:       orf1  [L=478]
Description: source=IMGVR_UViG_3300029422_000266_3300029422_Ga0242786_100855_3-34111/3476-1892 coords=2..1435 length=478 frame=2 desc=
Scores for complete sequence (score includes all domains):
   --- full sequence ---   --- best 1 domain ---    -#dom-
    E-value  score  bias    E-value  score  bias    exp  N  Model           Description
    ------- ------ -----    ------- ------ -----   ---- --  --------        -----------
    1.3e-30  106.7   0.1    2.8e-30  105.6   0.0    1.6  2  RVT_1            Reverse transcriptase (RNA-dependent DNA pol
  ------ inclusion threshold ------
      0.011   16.0   0.2      0.028   14.7   0.2    1.6  1  HNH              HNH endonuclease
      0.032   14.3   0.1       0.22   11.6   0.1    2.2  2  Intron_maturas2  Type II intron maturase
      0.034   14.3   1.0       0.13   12.4   0.1    2.6  2  GIIM             Group II intron, maturase-specific domain
      0.054   13.6   0.4       0.22   11.7   0.1    2.0  2  Ldh_1_C          lactate/malate dehydrogenase, alpha/beta C-t


Domain annotation for each model (and alignments):
>> RVT_1  Reverse transcriptase (RNA-dependent DNA polymerase)
   #    score  bias  c-Evalue  i-Evalue hmmfrom  hmm to    alifrom  ali to    envfrom  env to     acc
 ---   ------ ----- --------- --------- ------- -------    ------- -------    ------- -------    ----
   1 !  105.6   0.0   7.2e-34   2.8e-30      42     221 ..       1     208 [.       1     209 [. 0.91
   2 ?   -3.4   0.0       1.5   5.9e+03      23      42 ..     229     248 ..     225     277 .. 0.71

  Alignments for each domain:
  == domain 1  score: 105.6 bits;  conditional E-value: 7.2e-34
            ---HHHH................HCCHTS--EEEEEEBCCGCCCSBB-GGGGGGG-EEET..........................TEEEEESB--ST-TTHHH CS
  RVT_1  42 qpgfrpgrstldav...edllkalkkkkkaklllklDlkkaFdsvpleellrkltafkvptk.linliksflstrsfsvrvngeeskgryekkglpqGsvlSPl 141
            ++gfrp+rst++a+   ++l     +     +++++D+k++Fd+v++ +l+++++++++++k l+ +i+++l+ +   v  ng   + +  +kg+pqG++lSPl
   orf1   1 SYGFRPNRSTEHAIarcDQLI----QLSHLYYVVDIDIKGFFDNVNHTKLIQQMWEMGIQDKrLLCIIREMLKAPI--VLSNG---EILHPSKGTPQGGILSPL 95 
            69************6433333....558889****************************86527778999994444..33355...89**************** PP

            HHHHHHHHHHTT-T........................................TEEECTTEEEEEESSHHHHHHHHHHHHHHHHH.TT--BEGGG-EEE.... CS
  RVT_1 142 lfnlfmnellrelrkra..................................kgvtllrYaDDililskskeelqelleaveewlke.sglkinpeKtklvlftv 210
            l+n+++nel+  +++++                                  k v+++rYaDD+ +++++++e+  l+ a+ +wlke  +l i+peK+k+v   +
   orf1  96 LSNIVLNELDWWIASQWewmpmhgnakytrlnangsinrgyqyrllresnlKPVFIVRYADDFKLFCRNRKEAFCLYAATTQWLKErLKLDISPEKSKVV---N 196
            **************************************************************************************99************...7 PP

            ..ESSEEETTEE CS
  RVT_1 211 .kseevkyLGvt 221
             k++  +yLG++
   orf1 197 lKRHYSEYLGFK 208
            7999999**997 PP

  == domain 2  score: -3.4 bits;  conditional E-value: 1.5
            HCTB--.........----- CS
  RVT_1  23 nkliakrLkdvlekllsenq 42 
            +k+++++L ++++++ ++++
   orf1 229 QKRVKDQLAKCIKEIQHPKS 248
            66677777777666555543 PP

>> HNH  HNH endonuclease
   #    score  bias  c-Evalue  i-Evalue hmmfrom  hmm to    alifrom  ali to    envfrom  env to     acc
 ---   ------ ----- --------- --------- ------- -------    ------- -------    ------- -------    ----
   1 ?   14.7   0.2   7.2e-06     0.028       8      35 ..     406     432 ..     399     443 .. 0.84

  Alignments for each domain:
  == domain 1  score: 14.7 bits;  conditional E-value: 7.2e-06
           -SSEE--EEEESS-TTTT--BSGGGEEE CS
   HNH   8 fhksdalevdHiipisqggaddieNlql 35 
              + + +++H+ p+s gg+d + Nl+ 
  orf1 406 LALH-EIHCHHKRPKSAGGTDAYANLVI 432
           4555.89*******************86 PP

>> Intron_maturas2  Type II intron maturase
   #    score  bias  c-Evalue  i-Evalue hmmfrom  hmm to    alifrom  ali to    envfrom  env to     acc
 ---   ------ ----- --------- --------- ------- -------    ------- -------    ------- -------    ----
   1 ?   11.6   0.1   5.6e-05      0.22      40      65 ..     249     274 ..     218     290 .. 0.83
   2 ?   -0.5   0.0       0.3   1.2e+03      19      46 ..     331     358 ..     327     364 .. 0.85

  Alignments for each domain:
  == domain 1  score: 11.6 bits;  conditional E-value: 5.6e-05
  Intron_maturas2  40 dledrdIllrykaiirgllnYYsfad 65 
                      ++++r+ + ry++i+ g+ nYY++a+
             orf1 249 EQDQRKQIFRYNSIVIGMHNYYRVAT 274
                      468899999**************997 PP

  == domain 2  score: -0.5 bits;  conditional E-value: 0.3
  Intron_maturas2  19 kagfvktkkekgkPrsvlrwidledrdI 46 
                       ag++ +k+  gk rs+ r++++   +I
             orf1 331 PAGYIRHKNPLGKKRSINRYTESGREEI 358
                      589****999**********99876665 PP

>> GIIM  Group II intron, maturase-specific domain
   #    score  bias  c-Evalue  i-Evalue hmmfrom  hmm to    alifrom  ali to    envfrom  env to     acc
 ---   ------ ----- --------- --------- ------- -------    ------- -------    ------- -------    ----
   1 ?   -1.6   0.1       0.8   3.1e+03      47      58 ..     100     111 ..      97     124 .. 0.79
   2 ?   12.4   0.1   3.4e-05      0.13       7      52 ..     239     284 ..     230     316 .. 0.75

  Alignments for each domain:
  == domain 1  score: -1.6 bits;  conditional E-value: 0.8
  GIIM  47 vfskldhyirrr 58 
           v+++ld++i ++
  orf1 100 VLNELDWWIASQ 111
           678999999754 PP

  == domain 2  score: 12.4 bits;  conditional E-value: 3.4e-05
  GIIM   7 kireltkrsskgvsleelirklnpiirGWanYyrlv.vakrvfskld 52 
            i+e+  + ++ +++++ i ++n+i+ G  nYyr + ++   fs + 
  orf1 239 CIKEIQ-HPKSEQDQRKQIFRYNSIVIGMHNYYRVAtCVNLDFSPIA 284
           467776.77799**********************9944444455555 PP

>> Ldh_1_C  lactate/malate dehydrogenase, alpha/beta C-terminal domain
   #    score  bias  c-Evalue  i-Evalue hmmfrom  hmm to    alifrom  ali to    envfrom  env to     acc
 ---   ------ ----- --------- --------- ------- -------    ------- -------    ------- -------    ----
   1 ?   11.7   0.1   5.6e-05      0.22     107     162 ..     190     245 ..     168     250 .. 0.78
   2 ?   -0.8   0.1      0.39   1.5e+03     131     155 ..     448     472 ..     439     476 .. 0.82

  Alignments for each domain:
  == domain 1  score: 11.7 bits;  conditional E-value: 5.6e-05
              EESC.TCCCSCTEEEEEEEEEEETTEEEEEHH.-T--HHHHHHHHHHHHHHHHHHHH CS
  Ldh_1_C 107 edgy.vglkdqeieyfslPvvlkkdGvekvleilklndfeeekleksakeLkkeiek 162
              e+++ v+lk ++ ey+++++  +++G+++v+   +++d+ ++++++  ++  kei++
     orf1 190 EKSKvVNLKRHYSEYLGFKMKAQRKGDKYVVR-SHMSDKAQKRVKDQLAKCIKEIQH 245
              4555688999999*******************.99********99777776666665 PP

  == domain 2  score: -0.8 bits;  conditional E-value: 0.39
              EEEEEHH.-T--HHHHHHHHHHHHH CS
  Ldh_1_C 131 Gvekvleilklndfeeekleksake 155
               ++++l++l l+d++++kl+k  k+
     orf1 448 TISRLLQTLRLDDQQRNKLNKLRKQ 472
              5678899999*********988765 PP



Internal pipeline statistics summary:
-------------------------------------
Query sequence(s):                         1  (478 residues searched)
Target model(s):                       19632  (3329936 nodes)
Passed MSV filter:                      1094  (0.0557253); expected 392.6 (0.02)
Passed bias filter:                      615  (0.0313264); expected 392.6 (0.02)
Passed Vit filter:                        49  (0.00249593); expected 19.6 (0.001)
Passed Fwd filter:                         5  (0.000254686); expected 0.2 (1e-05)
Initial search space (Z):              19632  [actual number of targets]
Domain search space  (domZ):               5  [number of targets reported over threshold]
# CPU time: 0.36u 0.19s 00:00:00.55 Elapsed: 00:00:00.33
# Mc/sec: 4683.72
//
Query:       orf2  [L=90]
Description: source=IMGVR_UViG_3300029422_000266_3300029422_Ga0242786_100855_3-34111/3476-1892 coords=1444..1175 length=90 frame=4 desc=
Scores for complete sequence (score includes all domains):
   --- full sequence ---   --- best 1 domain ---    -#dom-
    E-value  score  bias    E-value  score  bias    exp  N  Model    Description
    ------- ------ -----    ------- ------ -----   ---- --  -------- -----------

   [No hits detected that satisfy reporting thresholds]


Domain annotation for each model (and alignments):

   [No targets detected that satisfy reporting thresholds]


Internal pipeline statistics summary:
-------------------------------------
Query sequence(s):                         1  (90 residues searched)
Target model(s):                       19632  (3329936 nodes)
Passed MSV filter:                       477  (0.0242971); expected 392.6 (0.02)
Passed bias filter:                      254  (0.0129381); expected 392.6 (0.02)
Passed Vit filter:                        15  (0.000764059); expected 19.6 (0.001)
Passed Fwd filter:                         0  (0); expected 0.2 (1e-05)
Initial search space (Z):              19632  [actual number of targets]
Domain search space  (domZ):               0  [number of targets reported over threshold]
# CPU time: 0.29u 0.14s 00:00:00.43 Elapsed: 00:00:00.30
# Mc/sec: 971.95
//
Query:       orf3  [L=102]
Description: source=IMGVR_UViG_3300029422_000266_3300029422_Ga0242786_100855_3-34111/3476-1892 coords=898..593 length=102 frame=4 desc=
Scores for complete sequence (score includes all domains):
   --- full sequence ---   --- best 1 domain ---    -#dom-
    E-value  score  bias    E-value  score  bias    exp  N  Model    Description
    ------- ------ -----    ------- ------ -----   ---- --  -------- -----------

   [No hits detected that satisfy reporting thresholds]


Domain annotation for each model (and alignments):

   [No targets detected that satisfy reporting thresholds]


Internal pipeline statistics summary:
-------------------------------------
Query sequence(s):                         1  (102 residues searched)
Target model(s):                       19632  (3329936 nodes)
Passed MSV filter:                       467  (0.0237877); expected 392.6 (0.02)
Passed bias filter:                      329  (0.0167584); expected 392.6 (0.02)
Passed Vit filter:                        24  (0.00122249); expected 19.6 (0.001)
Passed Fwd filter:                         0  (0); expected 0.2 (1e-05)
Initial search space (Z):              19632  [actual number of targets]
Domain search space  (domZ):               0  [number of targets reported over threshold]
# CPU time: 0.30u 0.18s 00:00:00.48 Elapsed: 00:00:00.33
# Mc/sec: 1025.58
//
Query:       orf4  [L=122]
Description: source=IMGVR_UViG_3300029422_000266_3300029422_Ga0242786_100855_3-34111/3476-1892 coords=436..71 length=122 frame=4 desc=
Scores for complete sequence (score includes all domains):
   --- full sequence ---   --- best 1 domain ---    -#dom-
    E-value  score  bias    E-value  score  bias    exp  N  Model    Description
    ------- ------ -----    ------- ------ -----   ---- --  -------- -----------

   [No hits detected that satisfy reporting thresholds]


Domain annotation for each model (and alignments):

   [No targets detected that satisfy reporting thresholds]


Internal pipeline statistics summary:
-------------------------------------
Query sequence(s):                         1  (122 residues searched)
Target model(s):                       19632  (3329936 nodes)
Passed MSV filter:                       374  (0.0190505); expected 392.6 (0.02)
Passed bias filter:                      294  (0.0149756); expected 392.6 (0.02)
Passed Vit filter:                        10  (0.000509372); expected 19.6 (0.001)
Passed Fwd filter:                         0  (0); expected 0.2 (1e-05)
Initial search space (Z):              19632  [actual number of targets]
Domain search space  (domZ):               0  [number of targets reported over threshold]
# CPU time: 0.29u 0.19s 00:00:00.48 Elapsed: 00:00:00.33
# Mc/sec: 1225.21
//
[ok]
d MSV filter:                       193  (0.00983089); expected 392.6 (0.02)
Passed bias filter:                      162  (0.00825183); expected 392.6 (0.02)
Passed Vit filter:                         6  (0.000305623); expected 19.6 (0.001)
Passed Fwd filter:                         1  (5.09372e-05); expected 0.2 (1e-05)
Initial search space (Z):              19632  [actual number of targets]
Domain search space  (domZ):               1  [number of targets reported over threshold]
# CPU time: 0.29u 0.15s 00:00:00.43 Elapsed: 00:00:00.31
# Mc/sec: 1009.53
//
Query:       orf7  [L=219]
Description: source=IMGVR_UViG_3300029422_000266_3300029422_Ga0242786_100855_3-34111/6053-4353 coords=1462..806 length=219 frame=6 desc=
Scores for complete sequence (score includes all domains):
   --- full sequence ---   --- best 1 domain ---    -#dom-
    E-value  score  bias    E-value  score  bias    exp  N  Model    Description
    ------- ------ -----    ------- ------ -----   ---- --  -------- -----------

   [No hits detected that satisfy reporting thresholds]


Domain annotation for each model (and alignments):

   [No targets detected that satisfy reporting thresholds]


Internal pipeline statistics summary:
-------------------------------------
Query sequence(s):                         1  (219 residues searched)
Target model(s):                       19632  (3329936 nodes)
Passed MSV filter:                       294  (0.0149756); expected 392.6 (0.02)
Passed bias filter:                      175  (0.00891402); expected 392.6 (0.02)
Passed Vit filter:                        11  (0.00056031); expected 19.6 (0.001)
Passed Fwd filter:                         0  (0); expected 0.2 (1e-05)
Initial search space (Z):              19632  [actual number of targets]
Domain search space  (domZ):               0  [number of targets reported over threshold]
# CPU time: 0.32u 0.15s 00:00:00.47 Elapsed: 00:00:00.31
# Mc/sec: 2325.50
//
Query:       orf8  [L=96]
Description: source=IMGVR_UViG_3300029422_000266_3300029422_Ga0242786_100855_3-34111/6053-4353 coords=912..625 length=96 frame=4 desc=
Scores for complete sequence (score includes all domains):
   --- full sequence ---   --- best 1 domain ---    -#dom-
    E-value  score  bias    E-value  score  bias    exp  N  Model    Description
    ------- ------ -----    ------- ------ -----   ---- --  -------- -----------

   [No hits detected that satisfy reporting thresholds]


Domain annotation for each model (and alignments):

   [No targets detected that satisfy reporting thresholds]


Internal pipeline statistics summary:
-------------------------------------
Query sequence(s):                         1  (96 residues searched)
Target model(s):                       19632  (3329936 nodes)
Passed MSV filter:                       310  (0.0157905); expected 392.6 (0.02)
Passed bias filter:                      225  (0.0114609); expected 392.6 (0.02)
Passed Vit filter:                        19  (0.000967808); expected 19.6 (0.001)
Passed Fwd filter:                         0  (0); expected 0.2 (1e-05)
Initial search space (Z):              19632  [actual number of targets]
Domain search space  (domZ):               0  [number of targets reported over threshold]
# CPU time: 0.30u 0.15s 00:00:00.44 Elapsed: 00:00:00.31
# Mc/sec: 1017.86
//
Query:       orf9  [L=201]
Description: source=IMGVR_UViG_3300029422_000266_3300029422_Ga0242786_100855_3-34111/6053-4353 coords=1214..612 length=201 frame=5 desc=
Scores for complete sequence (score includes all domains):
   --- full sequence ---   --- best 1 domain ---    -#dom-
    E-value  score  bias    E-value  score  bias    exp  N  Model    Description
    ------- ------ -----    ------- ------ -----   ---- --  -------- -----------

   [No hits detected that satisfy reporting thresholds]


Domain annotation for each model (and alignments):

   [No targets detected that satisfy reporting thresholds]


Internal pipeline statistics summary:
-------------------------------------
Query sequence(s):                         1  (201 residues searched)
Target model(s):                       19632  (3329936 nodes)
Passed MSV filter:                       288  (0.0146699); expected 392.6 (0.02)
Passed bias filter:                      235  (0.0119703); expected 392.6 (0.02)
Passed Vit filter:                        14  (0.000713121); expected 19.6 (0.001)
Passed Fwd filter:                         0  (0); expected 0.2 (1e-05)
Initial search space (Z):              19632  [actual number of targets]
Domain search space  (domZ):               0  [number of targets reported over threshold]
# CPU time: 0.29u 0.17s 00:00:00.46 Elapsed: 00:00:00.31
# Mc/sec: 2152.45
//
Query:       orf10  [L=92]
Description: source=IMGVR_UViG_3300029422_000266_3300029422_Ga0242786_100855_3-34111/6053-4353 coords=621..346 length=92 frame=4 desc=
Scores for complete sequence (score includes all domains):
   --- full sequence ---   --- best 1 domain ---    -#dom-
    E-value  score  bias    E-value  score  bias    exp  N  Model    Description
    ------- ------ -----    ------- ------ -----   ---- --  -------- -----------

   [No hits detected that satisfy reporting thresholds]


Domain annotation for each model (and alignments):

   [No targets detected that satisfy reporting thresholds]


Internal pipeline statistics summary:
-------------------------------------
Query sequence(s):                         1  (92 residues searched)
Target model(s):                       19632  (3329936 nodes)
Passed MSV filter:                       432  (0.0220049); expected 392.6 (0.02)
Passed bias filter:                      250  (0.0127343); expected 392.6 (0.02)
Passed Vit filter:                        11  (0.00056031); expected 19.6 (0.001)
Passed Fwd filter:                         0  (0); expected 0.2 (1e-05)
Initial search space (Z):              19632  [actual number of targets]
Domain search space  (domZ):               0  [number of targets reported over threshold]
# CPU time: 0.27u 0.17s 00:00:00.44 Elapsed: 00:00:00.31
# Mc/sec: 978.57
//
Query:       orf11  [L=100]
Description: source=IMGVR_UViG_3300029422_000266_3300029422_Ga0242786_100855_3-34111/6053-4353 coords=395..96 length=100 frame=5 desc=
Scores for complete sequence (score includes all domains):
   --- full sequence ---   --- best 1 domain ---    -#dom-
    E-value  score  bias    E-value  score  bias    exp  N  Model    Description
    ------- ------ -----    ------- ------ -----   ---- --  -------- -----------
  ------ inclusion threshold ------
       0.52   10.5   1.5       0.73   10.0   1.5    1.2  1  DUF1676   Protein of unknown function (DUF1676)


Domain annotation for each model (and alignments):
>> DUF1676  Protein of unknown function (DUF1676)
   #    score  bias  c-Evalue  i-Evalue hmmfrom  hmm to    alifrom  ali to    envfrom  env to     acc
 ---   ------ ----- --------- --------- ------- -------    ------- -------    ------- -------    ----
   1 ?   10.0   1.5   3.7e-05      0.73     117     144 ..      25      52 ..       8      53 .. 0.83

  Alignments for each domain:
  == domain 1  score: 10.0 bits;  conditional E-value: 3.7e-05
  DUF1676 117 kkkklkkmllplllalklklklLlplal 144
               +kk+++   p+++++k+ ++ L+ l++
    orf11  25 LEKKHLMTAYPIMMIIKITMMGLVMLPI 52 
              47899************87777777764 PP



Internal pipeline statistics summary:
-------------------------------------
Query sequence(s):                         1  (100 residues searched)
Target model(s):                       19632  (3329936 nodes)
Passed MSV filter:                       352  (0.0179299); expected 392.6 (0.02)
Passed bias filter:                      274  (0.0139568); expected 392.6 (0.02)
Passed Vit filter:                        16  (0.000814996); expected 19.6 (0.001)
Passed Fwd filter:                         1  (5.09372e-05); expected 0.2 (1e-05)
Initial search space (Z):              19632  [actual number of targets]
Domain search space  (domZ):               1  [number of targets reported over threshold]
# CPU time: 0.29u 0.16s 00:00:00.44 Elapsed: 00:00:00.31
# Mc/sec: 1069.65
//
Query:       orf12  [L=114]
Description: source=IMGVR_UViG_3300029422_000266_3300029422_Ga0242786_100855_3-34111/6053-4353 coords=342..1 length=114 frame=4 desc=
Scores for complete sequence (score includes all domains):
   --- full sequence ---   --- best 1 domain ---    -#dom-
    E-value  score  bias    E-value  score  bias    exp  N  Model    Description
    ------- ------ -----    ------- ------ -----   ---- --  -------- -----------

   [No hits detected that satisfy reporting thresholds]


Domain annotation for each model (and alignments):

   [No targets detected that satisfy reporting thresholds]


Internal pipeline statistics summary:
-------------------------------------
Query sequence(s):                         1  (114 residues searched)
Target model(s):                       19632  (3329936 nodes)
Passed MSV filter:                       154  (0.00784434); expected 392.6 (0.02)
Passed bias filter:                      133  (0.00677465); expected 392.6 (0.02)
Passed Vit filter:                         4  (0.000203749); expected 19.6 (0.001)
Passed Fwd filter:                         0  (0); expected 0.2 (1e-05)
Initial search space (Z):              19632  [actual number of targets]
Domain search space  (domZ):               0  [number of targets reported over threshold]
# CPU time: 0.27u 0.16s 00:00:00.43 Elapsed: 00:00:00.29
# Mc/sec: 1283.53
//
[ok]
