# hmmscan :: search sequence(s) against a profile database
# HMMER 3.3.2 (Nov 2020); http://hmmer.org/
# Copyright (C) 2020 Howard Hughes Medical Institute.
# Freely distributed under the BSD open source license.
# - - - - - - - - - - - - - - - - - - - - - - - - - - - - - - - - - - - -
# query sequence file:             -
# target HMM database:             /n/eddy_lab/data/pfam-35.0/Pfam-A.hmm
# output directed to file:         ./all_windows_new/hmmscan/out/IMGVR_UViG_3300031745_000011_3300031745_Ga0326470_10000288_hmmscan_output.out
# per-seq hits tabular output:     ./all_windows_new/hmmscan/tblout/IMGVR_UViG_3300031745_000011_3300031745_Ga0326470_10000288_hmmscan_output.tblout
# - - - - - - - - - - - - - - - - - - - - - - - - - - - - - - - - - - - -

Query:       orf1  [L=90]
Description: source=IMGVR_UViG_3300031745_000011_3300031745_Ga0326470_10000288/1-1387 coords=646..915 length=90 frame=1 desc=
Scores for complete sequence (score includes all domains):
   --- full sequence ---   --- best 1 domain ---    -#dom-
    E-value  score  bias    E-value  score  bias    exp  N  Model        Description
    ------- ------ -----    ------- ------ -----   ---- --  --------     -----------
  ------ inclusion threshold ------
      0.053   13.4   0.2      0.053   13.4   0.2    1.0  1  Ydc2-catalyt  Mitochondrial resolvase Ydc2 / RNA splicing MRS


Domain annotation for each model (and alignments):
>> Ydc2-catalyt  Mitochondrial resolvase Ydc2 / RNA splicing MRS1
   #    score  bias  c-Evalue  i-Evalue hmmfrom  hmm to    alifrom  ali to    envfrom  env to     acc
 ---   ------ ----- --------- --------- ------- -------    ------- -------    ------- -------    ----
   1 ?   13.4   0.2   2.7e-06     0.053     158     209 ..       6      66 ..       1      86 [. 0.73

  Alignments for each domain:
  == domain 1  score: 13.4 bits;  conditional E-value: 2.7e-06
                   HHHH.....................HHH-----------HHHHHHHHHHTTS.......EEE CS
  Ydc2-catalyt 158 nYWleeessesstke..........kkkkkksskekKkvkidlvgswLsaeikskakkslki 209
                    ++++e+  +s +++          k+ + k+ +++K++kid++ +wL++     ++k+ k+
          orf1   6 IFYVKEHIGKSLKQRdvflkflsiaKELNGKRVNKRKNLKIDIMAQWLKDLN-GVPTKEEKL 66 
                   577777777666666888999999899999*******************976.333333333 PP



Internal pipeline statistics summary:
-------------------------------------
Query sequence(s):                         1  (90 residues searched)
Target model(s):                       19632  (3329936 nodes)
Passed MSV filter:                       520  (0.0264874); expected 392.6 (0.02)
Passed bias filter:                      334  (0.017013); expected 392.6 (0.02)
Passed Vit filter:                        22  (0.00112062); expected 19.6 (0.001)
Passed Fwd filter:                         1  (5.09372e-05); expected 0.2 (1e-05)
Initial search space (Z):              19632  [actual number of targets]
Domain search space  (domZ):               1  [number of targets reported over threshold]
# CPU time: 0.28u 0.20s 00:00:00.48 Elapsed: 00:00:00.36
# Mc/sec: 832.46
//
[ok]
