# hmmscan :: search sequence(s) against a profile database
# HMMER 3.3.2 (Nov 2020); http://hmmer.org/
# Copyright (C) 2020 Howard Hughes Medical Institute.
# Freely distributed under the BSD open source license.
# - - - - - - - - - - - - - - - - - - - - - - - - - - - - - - - - - - - -
# query sequence file:             -
# target HMM database:             /n/eddy_lab/data/pfam-35.0/Pfam-A.hmm
# output directed to file:         ./all_windows_new/hmmscan/out/IMGVR_UViG_3300029858_000204_3300029858_Ga0245300_106081_hmmscan_output.out
# per-seq hits tabular output:     ./all_windows_new/hmmscan/tblout/IMGVR_UViG_3300029858_000204_3300029858_Ga0245300_106081_hmmscan_output.tblout
# - - - - - - - - - - - - - - - - - - - - - - - - - - - - - - - - - - - -

Query:       orf1  [L=497]
Description: source=IMGVR_UViG_3300029858_000204_3300029858_Ga0245300_106081/3133-4717 coords=1..1491 length=497 frame=1 desc=
Scores for complete sequence (score includes all domains):
   --- full sequence ---   --- best 1 domain ---    -#dom-
    E-value  score  bias    E-value  score  bias    exp  N  Model    Description
    ------- ------ -----    ------- ------ -----   ---- --  -------- -----------
    1.5e-27   96.7   0.0      3e-27   95.7   0.0    1.5  1  RVT_1     Reverse transcriptase (RNA-dependent DNA polymerase
     0.0051   17.1   0.1      0.014   15.6   0.1    1.8  1  HNH       HNH endonuclease


Domain annotation for each model (and alignments):
>> RVT_1  Reverse transcriptase (RNA-dependent DNA polymerase)
   #    score  bias  c-Evalue  i-Evalue hmmfrom  hmm to    alifrom  ali to    envfrom  env to     acc
 ---   ------ ----- --------- --------- ------- -------    ------- -------    ------- -------    ----
   1 !   95.7   0.0     3e-31     3e-27      62     222 .]      11     199 ..       1     199 [. 0.89

  Alignments for each domain:
  == domain 1  score: 95.7 bits;  conditional E-value: 3e-31
            HCCHTS--EEEEEEBCCGCCCSBB-GGGGGGG-EEET...........................TEEEEESB--ST-TTHHHHHHHHHHHHHTT-T........ CS
  RVT_1  62 lkkkkkaklllklDlkkaFdsvpleellrkltafkvptk.linliksflstrsfsvrv.ngeeskgryekkglpqGsvlSPllfnlfmnellrelrkra..... 158
            l +k + ++++++D+k++Fd+v++++l+++l+++++++k l+ +i+++l+ +   + + +g+   +   +kg+pqG+++SPll+n+++nel++ +++++     
   orf1  11 LMQKSGLHYVVEFDIKGFFDNVDHSKLIKQLWSLNIRDKeLLYVIRRILKAP---ILMpDGN---TEHPTKGTPQGGIISPLLANVVLNELDHWIESQWqcnpv 108
            45677889****************************8652667788888433...4555664...456789********************************* PP

            ...............................TEEECTTEEEEEESSHHHHHHHHHHHHHHHHH.TT--BEGGG-EEE......ESSEEETTEEE CS
  RVT_1 159 ............................kgvtllrYaDDililskskeelqelleaveewlke.sglkinpeKtklvlftv.kseevkyLGvtl 222
                                        k+ +++rYaDD+ il++++e++++ l av +wlke  +l ++peKt++v     +++  ++LG+++
   orf1 109 tenyayrenaagcpiqshayramrntrlKEMYIVRYADDFRILCRTREQADRTLIAVTQWLKErLRLDVSPEKTRVV---DvRRSYSEFLGFKI 199
            ***************************************************************99************...44788888999875 PP

>> HNH  HNH endonuclease
   #    score  bias  c-Evalue  i-Evalue hmmfrom  hmm to    alifrom  ali to    envfrom  env to     acc
 ---   ------ ----- --------- --------- ------- -------    ------- -------    ------- -------    ----
   1 !   15.6   0.1   1.5e-06     0.014       5      36 ..     398     429 ..     393     431 .. 0.85

  Alignments for each domain:
  == domain 1  score: 15.6 bits;  conditional E-value: 1.5e-06
           S-B-SSEE--EEEESS-TTTT--BSGGGEEEE CS
   HNH   5 grkfhksdalevdHiipisqggaddieNlqll 36 
           g+kf   ++ +++H++p+  gg+d +eNl+l+
  orf1 398 GKKFQCISEIHCHHKKPKGIGGRDKYENLVLV 429
           556666689********************985 PP



Internal pipeline statistics summary:
-------------------------------------
Query sequence(s):                         1  (497 residues searched)
Target model(s):                       19632  (3329936 nodes)
Passed MSV filter:                       668  (0.0340261); expected 392.6 (0.02)
Passed bias filter:                      468  (0.0238386); expected 392.6 (0.02)
Passed Vit filter:                        36  (0.00183374); expected 19.6 (0.001)
Passed Fwd filter:                         2  (0.000101874); expected 0.2 (1e-05)
Initial search space (Z):              19632  [actual number of targets]
Domain search space  (domZ):           Query:       orf2  [L=100]
Description: source=IMGVR_UViG_3300029858_000204_3300029858_Ga0245300_106081/496-2204 coords=364..663 length=100 frame=1 desc=
Scores for complete sequence (score includes all domains):
   --- full sequence ---   --- best 1 domain ---    -#dom-
    E-value  score  bias    E-value  score  bias    exp  N  Model    Description
    ------- ------ -----    ------- ------ -----   ---- --  -------- -----------

   [No hits detected that satisfy reporting thresholds]


Domain annotation for each model (and alignments):

   [No targets detected that satisfy reporting thresholds]


Internal pipeline statistics summary:
-------------------------------------
Query sequence(s):                         1  (100 residues searched)
Target model(s):                       19632  (3329936 nodes)
Passed MSV filter:                       553  (0.0281683); expected 392.6 (0.02)
Passed bias filter:                      200  (0.0101874); expected 392.6 (0.02)
Passed Vit filter:                        15  (0.000764059); expected 19.6 (0.001)
Passed Fwd filter:                         0  (0); expected 0.2 (1e-05)
Initial search space (Z):              19632  [actual number of targets]
Domain search space  (domZ):               0  [number of targets reported over threshold]
# CPU time: 0.30u 0.16s 00:00:00.46 Elapsed: 00:00:00.33
# Mc/sec: 990.52
//
Query:       orf3  [L=171]
Description: source=IMGVR_UViG_3300029858_000204_3300029858_Ga0245300_106081/496-2204 coords=456..968 length=171 frame=3 desc=
Scores for complete sequence (score includes all domains):
   --- full sequence ---   --- best 1 domain ---    -#dom-
    E-value  score  bias    E-value  score  bias    exp  N  Model    Description
    ------- ------ -----    ------- ------ -----   ---- --  -------- -----------

   [No hits detected that satisfy reporting thresholds]


Domain annotation for each model (and alignments):

   [No targets detected that satisfy reporting thresholds]


Internal pipeline statistics summary:
-------------------------------------
Query sequence(s):                         1  (171 residues searched)
Target model(s):                       19632  (3329936 nodes)
Passed MSV filter:                       555  (0.0282702); expected 392.6 (0.02)
Passed bias filter:                      489  (0.0249083); expected 392.6 (0.02)
Passed Vit filter:                        33  (0.00168093); expected 19.6 (0.001)
Passed Fwd filter:                         0  (0); expected 0.2 (1e-05)
Initial search space (Z):              19632  [actual number of targets]
Domain search space  (domZ):               0  [number of targets reported over threshold]
# CPU time: 0.30u 0.18s 00:00:00.48 Elapsed: 00:00:00.33
# Mc/sec: 1691.58
//
Query:       orf4  [L=168]
Description: source=IMGVR_UViG_3300029858_000204_3300029858_Ga0245300_106081/496-2204 coords=824..1327 length=168 frame=2 desc=
Scores for complete sequence (score includes all domains):
   --- full sequence ---   --- best 1 domain ---    -#dom-
    E-value  score  bias    E-value  score  bias    exp  N  Model    Description
    ------- ------ -----    ------- ------ -----   ---- --  -------- -----------
  ------ inclusion threshold ------
          5    7.8  12.3       0.19   12.3   3.1    2.9  3  SOCS      Suppressor of cytokine signalling


Domain annotation for each model (and alignments):
>> SOCS  Suppressor of cytokine signalling
   #    score  bias  c-Evalue  i-Evalue hmmfrom  hmm to    alifrom  ali to    envfrom  env to     acc
 ---   ------ ----- --------- --------- ------- -------    ------- -------    ------- -------    ----
   1 ?    0.7   0.1     0.041     8e+02      22      38 ..      15      31 ..      11      36 .. 0.81
   2 ?   12.3   3.1   9.6e-06      0.19      27      54 ..      51      78 ..      33      81 .. 0.84
   3 ?   -1.8   0.4      0.24   4.8e+03      32      39 ..     145     152 ..     138     157 .. 0.76

  Alignments for each domain:
  == domain 1  score: 0.7 bits;  conditional E-value: 0.041
  SOCS 22 dsaddvsCgkalsrRSL 38
          d+  + +C+    +RSL
  orf4 15 DEWAGCVCREGAWSRSL 31
          5555789*********9 PP

  == domain 2  score: 12.3 bits;  conditional E-value: 9.6e-06
  SOCS 27 vsCgkalsrRSLRQklqDavGlCLPLrs 54
            C ++ s+RSLR +   +   C+P r 
  orf4 51 KCCPRRNSTRSLRRRWTQTASRCMPPRK 78
          579**********************775 PP

  == domain 3  score: -1.8 bits;  conditional E-value: 0.24
  SOCS  32 alsrRSLR 39 
           ++ rRS+R
  orf4 145 RFIRRSVR 152
           57789998 PP



Internal pipeline statistics summary:
-------------------------------------
Query sequence(s):                         1  (168 residues searched)
Target model(s):                       19632  (3329936 nodes)
Passed MSV filter:                       544  (0.0277099); expected 392.6 (0.02)
Passed bias filter:                      293  (0.0149246); expected 392.6 (0.02)
Passed Vit filter:                        19  (0.000967808); expected 19.6 (0.001)
Passed Fwd filter:                         1  (5.09372e-05); expected 0.2 (1e-05)
Initial search space (Z):              19632  [actual number of targets]
Domain search space  (domZ):               1  [number of targets reported over threshold]
# CPU time: 0.30u 0.16s 00:00:00.46 Elapsed: 00:00:00.32
# Mc/sec: 1707.76
//
Query:       orf5  [L=163]
Description: source=IMGVR_UViG_3300029858_000204_3300029858_Ga0245300_106081/496-2204 coords=943..1431 length=163 frame=1 desc=
Scores for complete sequence (score includes all domains):
   --- full sequence ---   --- best 1 domain ---    -#dom-
    E-value  score  bias    E-value  score  bias    exp  N  Model    Description
    ------- ------ -----    ------- ------ -----   ---- --  -------- -----------

   [No hits detected that satisfy reporting thresholds]


Domain annotation for each model (and alignments):

   [No targets detected that satisfy reporting thresholds]


Internal pipeline statistics summary:
-------------------------------------
Query sequence(s):                         1  (163 residues searched)
Target model(s):                       19632  (3329936 nodes)
Passed MSV filter:                       518  (0.0263855); expected 392.6 (0.02)
Passed bias filter:                      478  (0.024348); expected 392.6 (0.02)
Passed Vit filter:                        35  (0.0017828); expected 19.6 (0.001)
Passed Fwd filter:                         0  (0); expected 0.2 (1e-05)
Initial search space (Z):              19632  [actual number of targets]
Domain search space  (domZ):               0  [number of targets reported over threshold]
# CPU time: 0.27u 0.19s 00:00:00.46 Elapsed: 00:00:00.31
# Mc/sec: 1704.50
//
Query:       orf6  [L=179]
Description: source=IMGVR_UViG_3300029858_000204_3300029858_Ga0245300_106081/496-2204 coords=1341..805 length=179 frame=6 desc=
Scores for complete sequence (score includes all domains):
   --- full sequence ---   --- best 1 domain ---    -#dom-
    E-value  score  bias    E-value  score  bias    exp  N  Model    Description
    ------- ------ -----    ------- ------ -----   ---- --  -------- -----------

   [No hits detected that satisfy reporting thresholds]


Domain annotation for each model (and alignments):

   [No targets detected that satisfy reporting thresholds]


Internal pipeline statistics summary:
-------------------------------------
Query sequence(s):                         1  (179 residues searched)
Target model(s):                       19632  (3329936 nodes)
Passed MSV filter:                       235  (0.0119703); expected 392.6 (0.02)
Passed bias filter:                      180  (0.0091687); expected 392.6 (0.02)
Passed Vit filter:                        11  (0.00056031); expected 19.6 (0.001)
Passed Fwd filter:                         0  (0); expected 0.2 (1e-05)
Initial search space (Z):              19632  [actual number of targets]
Domain search space  (domZ):               0  [number of targets reported over threshold]
# CPU time: 0.27u 0.17s 00:00:00.44 Elapsed: 00:00:00.31
# Mc/sec: 1906.58
//
Query:       orf7  [L=138]
Description: source=IMGVR_UViG_3300029858_000204_3300029858_Ga0245300_106081/496-2204 coords=917..504 length=138 frame=4 desc=
Scores for complete sequence (score includes all domains):
   --- full sequence ---   --- best 1 domain ---    -#dom-
    E-value  score  bias    E-value  score  bias    exp  N  Model    Description
    ------- ------ -----    ------- ------ -----   ---- --  -------- -----------

   [No hits detected that satisfy reporting thresholds]


Domain annotation for each model (and alignments):

   [No targets detected that satisfy reporting thresholds]


Internal pipeline statistics summary:
-------------------------------------
Query sequence(s):                         1  (138 residues searched)
Target model(s):                       19632  (3329936 nodes)
Passed MSV filter:                       175  (0.00891402); expected 392.6 (0.02)
Passed bias filter:                      152  (0.00774246); expected 392.6 (0.02)
Passed Vit filter:                        17  (0.000865933); expected 19.6 (0.001)
Passed Fwd filter:                         0  (0); expected 0.2 (1e-05)
Initial search space (Z):              19632  [actual number of targets]
Domain search space  (domZ):               0  [number of targets reported over threshold]
# CPU time: 0.27u 0.16s 00:00:00.43 Elapsed: 00:00:00.31
# Mc/sec: 1475.73
//
Query:       orf8  [L=137]
Description: source=IMGVR_UViG_3300029858_000204_3300029858_Ga0245300_106081/496-2204 coords=636..226 length=137 frame=6 desc=
Scores for complete sequence (score includes all domains):
   --- full sequence ---   --- best 1 domain ---    -#dom-
    E-value  score  bias    E-value  score  bias    exp  N  Model    Description
    ------- ------ -----    ------- ------ -----   ---- --  -------- -----------

   [No hits detected that satisfy reporting thresholds]


Domain annotation for each model (and alignments):

   [No targets detected that satisfy reporting thresholds]


Internal pipeline statistics summary:
-------------------------------------
Query sequence(s):                         1  (137 residues searched)
Target model(s):                       19632  (3329936 nodes)
Passed MSV filter:                       429  (0.0218521); expected 392.6 (0.02)
Passed bias filter:                      229  (0.0116646); expected 392.6 (0.02)
Passed Vit filter:                        14  (0.000713121); expected 19.6 (0.001)
Passed Fwd filter:                         0  (0); expected 0.2 (1e-05)
Initial search space (Z):              19632  [actual number of targets]
Domain search space  (domZ):               0  [number of targets reported over threshold]
# CPU time: 0.26u 0.17s 00:00:00.43 Elapsed: 00:00:00.31
# Mc/sec: 1457.35
//
Query:       orf9  [L=102]
Description: source=IMGVR_UViG_3300029858_000204_3300029858_Ga0245300_106081/496-2204 coords=500..195 length=102 frame=4 desc=
Scores for complete sequence (score includes all domains):
   --- full sequence ---   --- best 1 domain ---    -#dom-
    E-value  score  bias    E-value  score  bias    exp  N  Model    Description
    ------- ------ -----    ------- ------ -----   ---- --  -------- -----------

   [No hits detected that satisfy reporting thresholds]


Domain annotation for each model (and alignments):

   [No targets detected that satisfy reporting thresholds]


Internal pipeline statistics summary:
-------------------------------------
Query sequence(s):                         1  (102 residues searched)
Target model(s):                       19632  (3329936 nodes)
Passed MSV filter:                       248  (0.0126324); expected 392.6 (0.02)
Passed bias filter:                      169  (0.00860839); expected 392.6 (0.02)
Passed Vit filter:                        10  (0.000509372); expected 19.6 (0.001)
Passed Fwd filter:                         0  (0); expected 0.2 (1e-05)
Initial search space (Z):              19632  [actual number of targets]
Domain search space  (domZ):               0  [number of targets reported over threshold]
# CPU time: 0.26u 0.17s 00:00:00.43 Elapsed: 00:00:00.30
# Mc/sec: 1123.97
//
Query:       orf10  [L=236]
Description: source=IMGVR_UViG_3300029858_000204_3300029858_Ga0245300_106081/496-2204 coords=709..2 length=236 frame=5 desc=
Scores for complete sequence (score includes all domains):
   --- full sequence ---   --- best 1 domain ---    -#dom-
    E-value  score  bias    E-value  score  bias    exp  N  Model    Description
    ------- ------ -----    ------- ------ -----   ---- --  -------- -----------

   [No hits detected that satisfy reporting thresholds]


Domain annotation for each model (and alignments):

   [No targets detected that satisfy reporting thresholds]


Internal pipeline statistics summary:
-------------------------------------
Query sequence(s):                         1  (236 residues searched)
Target model(s):                       19632  (3329936 nodes)
Passed MSV filter:                       404  (0.0205786); expected 392.6 (0.02)
Passed bias filter:                      256  (0.0130399); expected 392.6 (0.02)
Passed Vit filter:                        20  (0.00101874); expected 19.6 (0.001)
Passed Fwd filter:                         0  (0); expected 0.2 (1e-05)
Initial search space (Z):              19632  [actual number of targets]
Domain search space  (domZ):               0  [number of targets reported over threshold]
# CPU time: 0.28u 0.16s 00:00:00.44 Elapsed: 00:00:00.30
# Mc/sec: 2575.35
//
[ok]
