# hmmscan :: search sequence(s) against a profile database
# HMMER 3.3.2 (Nov 2020); http://hmmer.org/
# Copyright (C) 2020 Howard Hughes Medical Institute.
# Freely distributed under the BSD open source license.
# - - - - - - - - - - - - - - - - - - - - - - - - - - - - - - - - - - - -
# query sequence file:             -
# target HMM database:             /n/eddy_lab/data/pfam-35.0/Pfam-A.hmm
# output directed to file:         ./all_windows_new/hmmscan/out/IMGVR_UViG_3300029633_000155_3300029633_Ga0242758_100256_1-44423_hmmscan_output.out
# per-seq hits tabular output:     ./all_windows_new/hmmscan/tblout/IMGVR_UViG_3300029633_000155_3300029633_Ga0242758_100256_1-44423_hmmscan_output.tblout
# - - - - - - - - - - - - - - - - - - - - - - - - - - - - - - - - - - - -

Query:       orf1  [L=364]
Description: source=IMGVR_UViG_3300029633_000155_3300029633_Ga0242758_100256_1-44423/1-1205 coords=1..1092 length=364 frame=1 desc=
Scores for complete sequence (score includes all domains):
   --- full sequence ---   --- best 1 domain ---    -#dom-
    E-value  score  bias    E-value  score  bias    exp  N  Model    Description
    ------- ------ -----    ------- ------ -----   ---- --  -------- -----------
    9.1e-08   32.0   0.7    1.7e-07   31.1   0.1    1.7  2  RVT_1     Reverse transcriptase (RNA-dependent DNA polymerase


Domain annotation for each model (and alignments):
>> RVT_1  Reverse transcriptase (RNA-dependent DNA polymerase)
   #    score  bias  c-Evalue  i-Evalue hmmfrom  hmm to    alifrom  ali to    envfrom  env to     acc
 ---   ------ ----- --------- --------- ------- -------    ------- -------    ------- -------    ----
   1 !   31.1   0.1   8.9e-12   1.7e-07     159     222 .]      27      89 ..      14      89 .. 0.91
   2 ?   -3.1   0.0      0.25     5e+03      12      32 ..     102     121 ..      93     139 .. 0.64

  Alignments for each domain:
  == domain 1  score: 31.1 bits;  conditional E-value: 8.9e-12
            ...TEEECTTEEEEEESSHHHHHHHHHHHHHHHHH.TT--BEGGG-EEE......ESSEEETTEEE CS
  RVT_1 159 kgvtllrYaDDililskskeelqelleaveewlke.sglkinpeKtklvlftv.kseevkyLGvtl 222
            k+ +++rYaDD+ i+++s +++q+ + a+ ++lk+  +l i+peK+k+v   + ++++ ++LG+++
   orf1  27 KDGYVVRYADDFKIMCRSYTDAQRYYHATIDFLKSrLKLDISPEKSKVV---NlRKNSSDFLGFKI 89 
            56689*****************************989************...779********986 PP

  == domain 2  score: -3.1 bits;  conditional E-value: 0.25
            ......-THHHHCTB--.... CS
  RVT_1  12 isllsvdykalnkliakrLkd 32 
            i+ + + +ka+ k++a+ Lk 
   orf1 102 IAKTDMSDKAIKKVTAE-LKA 121
            66677788888888887.433 PP



Internal pipeline statistics summary:
-------------------------------------
Query sequence(s):                         1  (364 residues searched)
Target model(s):                       19632  (3329936 nodes)
Passed MSV filter:                       766  (0.0390179); expected 392.6 (0.02)
Passed bias filter:                      434  (0.0221068); expected 392.6 (0.02)
Passed Vit filter:                        29  (0.00147718); expected 19.6 (0.001)
Passed Fwd filter:                         1  (5.09372e-05); expected 0.2 (1e-05)
Initial search space (Z):              19632  [actual number of targets]
Domain search space  (domZ):               1  [number of targets reported over threshold]
# CPU time: 0.35u 0.21s 00:00:00.55 Elapsed: 00:00:00.37
# Mc/sec: 3250.40
//
[ok]
