# hmmscan :: search sequence(s) against a profile database
# HMMER 3.3.2 (Nov 2020); http://hmmer.org/
# Copyright (C) 2020 Howard Hughes Medical Institute.
# Freely distributed under the BSD open source license.
# - - - - - - - - - - - - - - - - - - - - - - - - - - - - - - - - - - - -
# query sequence file:             -
# target HMM database:             /n/eddy_lab/data/pfam-35.0/Pfam-A.hmm
# output directed to file:         ./all_windows_new/hmmscan/out/IMGVR_UViG_3300029756_000098_3300029756_Ga0242840_100311_hmmscan_output.out
# per-seq hits tabular output:     ./all_windows_new/hmmscan/tblout/IMGVR_UViG_3300029756_000098_3300029756_Ga0242840_100311_hmmscan_output.tblout
# - - - - - - - - - - - - - - - - - - - - - - - - - - - - - - - - - - - -

Query:       orf1  [L=101]
Description: source=IMGVR_UViG_3300029756_000098_3300029756_Ga0242840_100311/1955-3539 coords=924..1226 length=101 frame=3 desc=
Scores for complete sequence (score includes all domains):
   --- full sequence ---   --- best 1 domain ---    -#dom-
    E-value  score  bias    E-value  score  bias    exp  N  Model    Description
    ------- ------ -----    ------- ------ -----   ---- --  -------- -----------

   [No hits detected that satisfy reporting thresholds]


Domain annotation for each model (and alignments):

   [No targets detected that satisfy reporting thresholds]


Internal pipeline statistics summary:
-------------------------------------
Query sequence(s):                         1  (101 residues searched)
Target model(s):                       19632  (3329936 nodes)
Passed MSV filter:                       432  (0.0220049); expected 392.6 (0.02)
Passed bias filter:                      256  (0.0130399); expected 392.6 (0.02)
Passed Vit filter:                        11  (0.00056031); expected 19.6 (0.001)
Passed Fwd filter:                         0  (0); expected 0.2 (1e-05)
Initial search space (Z):              19632  [actual number of targets]
Domain search space  (domZ):               0  [number of targets reported over threshold]
# CPU time: 0.34u 0.18s 00:00:00.52 Elapsed: 00:00:00.35
# Mc/sec: 943.28
//
Query:       orf2  [L=482]
Description: source=IMGVR_UViG_3300029756_000098_3300029756_Ga0242840_100311/1955-3539 coords=2..1447 length=482 frame=2 desc=
Scores for complete sequence (score includes all domains):
   --- full sequence ---   --- best 1 domain ---    -#dom-
    E-value  score  bias    E-value  score  bias    exp  N  Model    Description
    ------- ------ -----    ------- ------ -----   ---- --  -------- -----------
    4.8e-33  114.7   0.3    6.8e-32  110.9   0.0    2.1  2  RVT_1     Reverse transcriptase (RNA-dependent DNA polymerase
  ------ inclusion threshold ------
      0.081   13.2   0.0        0.2   12.0   0.0    1.7  1  HNH       HNH endonuclease


Domain annotation for each model (and alignments):
>> RVT_1  Reverse transcriptase (RNA-dependent DNA polymerase)
   #    score  bias  c-Evalue  i-Evalue hmmfrom  hmm to    alifrom  ali to    envfrom  env to     acc
 ---   ------ ----- --------- --------- ------- -------    ------- -------    ------- -------    ----
   1 !  110.9   0.0     7e-36   6.8e-32      46     222 .]       1     206 [.       1     206 [. 0.91
   2 ?    1.6   0.1     0.018   1.8e+02       8      34 ..     266     292 ..     260     303 .. 0.85

  Alignments for each domain:
  == domain 1  score: 110.9 bits;  conditional E-value: 7e-36
            HHH..............HCCHTS--EEEEEEBCCGCCCSBB-GGGGGGG-EEET...........................TEEEEESB--ST-TTHHHHHHHH CS
  RVT_1  46 rpgrstldav.edllkalkkkkkaklllklDlkkaFdsvpleellrkltafkvptk.linliksflstrsfsvrv.ngeeskgryekkglpqGsvlSPllfnlf 146
            rp+rs+++a+ +++     +++  +++l++D+k++Fd+v++++l+r+l+++++++k l+ +ik++l   ++ +r+ +g   ++ y +kg+pqG+++SPll+n++
   orf2   1 RPNRSVEHAIsRTYSLL--QRAHLHYVLEFDIKGFFDNVNHSKLIRQLWTLGIQDKqLLFVIKRIL---KAPIRMpDG---STVYPTKGTPQGGIISPLLANVV 96 
            68899988887444444..66888*****************************8761567899999...445688677...89********************* PP

            HHHHHTT-T.........................................TEEECTTEEEEEESSHHHHHHHHHHHHHHHHH.TT--BEGGG-EEE......ES CS
  RVT_1 147 mnellrelrkra...................................kgvtllrYaDDililskskeelqelleaveewlke.sglkinpeKtklvlftv.kse 213
            +nel++ +++++                                   k+ +++rYaDD+ i+++++e++++++eav +w+ e  +l+++peKt++v   + +++
   orf2  97 LNELDHWVDSQWvehpvanrygthriirtsevfdkskgyqkmretnlKEMFIVRYADDFRIFCRNREDAEKAMEAVTKWITErLKLEVSPEKTRIV---NvRKR 197
            ********************************************************************************9989************...66999 PP

            SEEETTEEE CS
  RVT_1 214 evkyLGvtl 222
              ++LG+++
   orf2 198 YSEFLGFKI 206
            999**9986 PP

  == domain 2  score: 1.6 bits;  conditional E-value: 0.018
            -EEE......-THHHHCTB--...... CS
  RVT_1   8 syRpisllsvdykalnkliakrLkdvl 34 
             yR+  ++s d++++ +++   L++ l
   orf2 266 YYRIATCISLDCRKIHRRVMTVLTNRL 292
            59**99*************99887765 PP

>> HNH  HNH endonuclease
   #    score  bias  c-Evalue  i-Evalue hmmfrom  hmm to    alifrom  ali to    envfrom  env to     acc
 ---   ------ ----- --------- --------- ------- -------    ------- -------    ------- -------    ----
   1 ?   12.0   0.0     2e-05       0.2      12      38 ..     412     438 ..     400     439 .. 0.82

  Alignments for each domain:
  == domain 1  score: 12.0 bits;  conditional E-value: 2e-05
           E--EEEESS-TTTT--BSGGGEEEE-H CS
   HNH  12 dalevdHiipisqggaddieNlqllCk 38 
           d   ++ ++p+ qgg+  ++Nl+ll++
  orf2 412 DNIVCHMKVPKEQGGHERYSNLVLLHR 438
           456678899****************98 PP



Internal pipeline statistics summary:
-------------------------------------
Query sequence(s):                         1  (482 residues searched)
Target model(s):                       19632  (3329936 nodes)
Passed MSV filter:                       678  (0.0345355); expected 392.6 (0.02)
Passed bias filter:                      481  (0.0245008); expected 392.6 (0.02)
Passed Vit filter:                        37  (0.00188468); expected 19.6 (0.001)
Passed Fwd filter:                         2  (0.000101874); expected 0.2 (1e-05)
Initial search space (Z):              19632  [actual number of targets]
Domain search space  (domZ):               2  [number of targets reported over threshold]
# CPU time: 0.39u 0.19s 00:00:00.58 Elapsed: 00:00:00.30
# Mc/sec: 5209.88
//
Query:       orf3  [L=101]
Description: source=IMGVR_UViG_3300029756_000098_3300029756_Ga0242840_100311/1955-3539 coords=1165..1467 length=101 frame=1 desc=
Scores for complete sequence (score includes all domains):
   --- full sequence ---   --- best 1 domain ---    -#dom-
    E-value  score  bias    E-value  score  bias    exp  N  Model    Description
    ------- ------ -----    ------- ------ -----   ---- --  -------- -----------

   [No hits detected that satisfy reporting thresholds]


Domain annotation for each model (and alignments):

   [No targets detected that satisfy reporting thresholds]


Internal pipeline statistics summary:
-------------------------------------
Query sequence(s):                         1  (101 residues searched)
Target model(s):                       19632  (3329936 nodes)
Passed MSV filter:                      1110  (0.0565403); expected 392.6 (0.02)
Passed bias filter:                      360  (0.0183374); expected 392.6 (0.02)
Passed Vit filter:                        22  (0.00112062); expected 19.6 (0.001)
Passed Fwd filter:                         0  (0); expected 0.2 (1e-05)
Initial search space (Z):              19632  [actual number of targets]
Domain search space  (domZ):               0  [number of targets reported over threshold]
# CPU time: 0.33u 0.20s 00:00:00.53 Elapsed: 00:00:00.32
# Mc/sec: 1042.45
//
Query:       orf4  [L=96]
Description: source=IMGVR_UViG_3300029756_000098_3300029756_Ga0242840_100311/1955-3539 coords=1474..1187 length=96 frame=4 desc=
Scores for complete sequence (score includes all domains):
   --- full sequence ---   --- best 1 domain ---    -#dom-
    E-value  score  bias    E-value  score  bias    exp  N  Model    Description
    ------- ------ -----    ------- ------ -----   ---- --  -------- -----------

   [No hits detected that satisfy reporting thresholds]


Domain annotation for each model (and alignments):

   [No targets detected that satisfy reporting thresholds]


Internal pipeline statistics summary:
-------------------------------------
Query sequence(s):                         1  (96 residues searched)
Target model(s):                       19632  (3329936 nodes)
Passed MSV filter:                       458  (0.0233293); expected 392.6 (0.02)
Passed bias filter:                      347  (0.0176752); expected 392.6 (0.02)
Passed Vit filter:                        11  (0.00056031); expected 19.6 (0.001)
Passed Fwd filter:                         0  (0); expected 0.2 (1e-05)
Initial search space (Z):              19632  [actual number of targets]
Domain search space  (domZ):               0  [number of targets reported over threshold]
# CPU time: 0.35u 0.19s 00:00:00.54 Elapsed: 00:00:00.34
# Mc/sec: 936.99
//
Query:       orf5  [L=168]
Description: source=IMGVR_UViG_3300029756_000098_3300029756_Ga0242840_100311/1955-3539 coords=1183..680 length=168 frame=4 desc=
Scores for complete sequence (score includes all domains):
   --- full sequence ---   --- best 1 domain ---    -#dom-
    E-value  score  bias    E-value  score  bias    exp  N  Model    Description
    ------- ------ -----    ------- ------ -----   ---- --  -------- -----------

   [No hits detected that satisfy reporting thresholds]


Domain annotation for each model (and alignments):

   [No targets detected that satisfy reporting thresholds]


Internal pipeline statistics summary:
-------------------------------------
Query sequence(s):                         1  (168 residues searched)
Target model(s):                       19632  (3329936 nodes)
Passed MSV filter:                       440  (0.0224124); expected 392.6 (0.02)
Passed bias filter:                      394  (0.0200693); expected 392.6 (0.02)
Passed Vit filter:                        23  (0.00117156); expected 19.6 (0.001)
Passed Fwd filter:                         0  (0); expected 0.2 (1e-05)
Initial search space (Z):              19632  [actual number of targets]
Domain search space  (domZ):               0  [number of targets reported over threshold]
# CPU time: 0.37u 0.24s 00:00:00.61 Elapsed: 00:00:00.34
# Mc/sec: 1639.71
//
Query:       orf6  [L=114]
Description: source=IMGVR_UViG_3300029756_000098_3300029756_Ga0242840_100311/1955-3539 coords=795..454 length=114 frame=5 desc=
Scores for complete sequence (score includes all domains):
   --- full sequence ---   --- best 1 domain ---    -#dom-
    E-value  score  bias    E-value  score  bias    exp  N  Model    Description
    ------- ------ -----    ------- ------ -----   ---- --  -------- -----------

   [No hits detected that satisfy reporting thresholds]


Domain annotation for each model (and alignments):

   [No targets detected that satisfy reporting thresholds]


Internal pipeline statistics summary:
-------------------------------------
Query sequence(s):                         1  (114 residues searched)
Target model(s):                       19632  (3329936 nodes)
Passed MSV filter:                       319  (0.016249); expected 392.6 (0.02)
Passed bias filter:                      209  (0.0106459); expected 392.6 (0.02)
Passed Vit filter:                        13  (0.000662184); expected 19.6 (0.001)
Passed Fwd filter:                         0  (0); expected 0.2 (1e-05)
Initial search space (Z):              19632  [actual number of targets]
Domain search space  (domZ):               0  [number of targets reported over threshold]
# CPU time: 0.32u 0.17s 00:00:00.49 Elapsed: 00:00:00.30
# Mc/sec: 1238.00
//
Query:       orf7  [L=168]
Description: source=IMGVR_UViG_3300029756_000098_3300029756_Ga0242840_100311/1955-3539 coords=676..173 length=168 frame=4 desc=
Scores for complete sequence (score includes all domains):
   --- full sequence ---   --- best 1 domain ---    -#dom-
    E-value  score  bias    E-value  score  bias    exp  N  Model    Description
    ------- ------ -----    ------- ------ -----   ---- --  -------- -----------

   [No hits detected that satisfy reporting thresholds]


Domain annotation for each model (and alignments):

   [No targets detected that satisfy reporting thresholds]


Internal pipeline statistics summary:
-------------------------------------
Query sequence(s):                         1  (168 residues searched)
Target model(s):                       19632  (3329936 nodes)
Passed MSV filter:                       532  (0.0270986); expected 392.6 (0.02)
Passed bias filter:                      458  (0.0233293); expected 392.6 (0.02)
Passed Vit filter:                        27  (0.00137531); expected 19.6 (0.001)
Passed Fwd filter:                         0  (0); expected 0.2 (1e-05)
Initial search space (Z):              19632  [actual number of targets]
Domain search space  (domZ):               0  [number of targets reported over threshold]
# CPU time: 0.35u 0.20s 00:00:00.55 Elapsed: 00:00:00.30
# Mc/sec: 1828.31
//
Query:       orf8  [L=92]
Description: source=IMGVR_UViG_3300029756_000098_3300029756_Ga0242840_100311/1955-3539 coords=348..73 length=92 frame=5 desc=
Scores for complete sequence (score includes all domains):
   --- full sequence ---   --- best 1 domain ---    -#dom-
    E-value  score  bias    E-value  score  bias    exp  N  Model    Description
    ------- ------ -----    ------- ------ -----   ---- --  -------- -----------

   [No hits detected that satisfy reporting thresholds]


Domain annotation for each model (and alignments):

   [No targets detected that satisfy reporting thresholds]


Internal pipeline statistics summary:
-------------------------------------
Query sequence(s):                         1  (92 residues searched)
Target model(s):                       19632  (3329936 nodes)
Passed MSV filter:                       235  (0.0119703); expected 392.6 (0.02)
Passed bias filter:                      175  (0.00891402); expected 392.6 (0.02)
Passed Vit filter:                         8  (0.000407498); expected 19.6 (0.001)
Passed Fwd filter:                         0  (0); expected 0.2 (1e-05)
Initial search space (Z):              19632  [actual number of targets]
Domain search space  (domZ):               0  [number of targets reported over threshold]
# CPU time: 0.34u 0.14s 00:00:00.48 Elapsed: 00:00:00.32
# Mc/sec: 949.15
//
[ok]
