# hmmscan :: search sequence(s) against a profile database
# HMMER 3.3.2 (Nov 2020); http://hmmer.org/
# Copyright (C) 2020 Howard Hughes Medical Institute.
# Freely distributed under the BSD open source license.
# - - - - - - - - - - - - - - - - - - - - - - - - - - - - - - - - - - - -
# query sequence file:             -
# target HMM database:             /n/eddy_lab/data/pfam-35.0/Pfam-A.hmm
# output directed to file:         ./all_windows_new/hmmscan/out/IMGVR_UViG_2684623026_000004_2684623026_2684692250_4620971-4737465_hmmscan_output.out
# per-seq hits tabular output:     ./all_windows_new/hmmscan/tblout/IMGVR_UViG_2684623026_000004_2684623026_2684692250_4620971-4737465_hmmscan_output.tblout
# - - - - - - - - - - - - - - - - - - - - - - - - - - - - - - - - - - - -

Query:       orf1  [L=484]
Description: source=IMGVR_UViG_2684623026_000004_2684623026_2684692250_4620971-4737465/80863-79279 coords=25..1476 length=484 frame=1 desc=
Scores for complete sequence (score includes all domains):
   --- full sequence ---   --- best 1 domain ---    -#dom-
    E-value  score  bias    E-value  score  bias    exp  N  Model    Description
    ------- ------ -----    ------- ------ -----   ---- --  -------- -----------
    2.9e-33  115.4   0.4    8.3e-33  113.9   0.3    1.8  2  RVT_1     Reverse transcriptase (RNA-dependent DNA polymerase
  ------ inclusion threshold ------
      0.013   15.7   0.8      0.013   15.7   0.8    2.1  2  HNH       HNH endonuclease
       0.82    9.6   2.4       0.75    9.7   0.2    2.1  3  P2_N      Viral coat protein P2 N-terminal domain


Domain annotation for each model (and alignments):
>> RVT_1  Reverse transcriptase (RNA-dependent DNA polymerase)
   #    score  bias  c-Evalue  i-Evalue hmmfrom  hmm to    alifrom  ali to    envfrom  env to     acc
 ---   ------ ----- --------- --------- ------- -------    ------- -------    ------- -------    ----
   1 !  113.9   0.3   1.3e-36   8.3e-33      25     222 .]       9     220 ..       5     220 .. 0.91
   2 ?   -3.2   0.0       0.8   5.2e+03      35      77 ..     380     413 ..     366     413 .. 0.61

  Alignments for each domain:
  == domain 1  score: 113.9 bits;  conditional E-value: 1.3e-36
            TB--.........-------HHHH..............HCCHTS--EEEEEEBCCGCCCSBB-GGGGGGG-EEET..........................TEE CS
  RVT_1  25 liakrLkdvlekllsenqpgfrpgrstldav.edllkalkkkkkaklllklDlkkaFdsvpleellrkltafkvpt.klinliksflstrsfsvrvngeeskgr 126
            li+  L++++e +++++++gfrp+rst +a+ ++++    +k++ ++++++D+k++Fd+v++++l ++++++++++ +li +i ++l         + e  +  
   orf1   9 LIIYILEPICEAKFHKHSYGFRPNRSTKHAIaRTMQLM--NKNGLHYVVDIDIKGFFDNVNHSKLKKQMWNLGIQDkNLISIIGKIL---------KSEIEGIG 101
            577789***********************997444444..67999*****************************8515677777777.........33323777 PP

            EEESB--ST-TTHHHHHHHHHHHHHTT-T..............................TEEECTTEEEEEESSHHHHHHHHHHHHHHHHH.TT--BEQuery:       orf2  [L=128]
Description: source=IMGVR_UViG_2684623026_000004_2684623026_2684692250_4620971-4737465/85579-83870 coords=571..954 length=128 frame=1 desc=
Scores for complete sequence (score includes all domains):
   --- full sequence ---   --- best 1 domain ---    -#dom-
    E-value  score  bias    E-value  score  bias    exp  N  Model    Description
    ------- ------ -----    ------- ------ -----   ---- --  -------- -----------

   [No hits detected that satisfy reporting thresholds]


Domain annotation for each model (and alignments):

   [No targets detected that satisfy reporting thresholds]


Internal pipeline statistics summary:
-------------------------------------
Query sequence(s):                         1  (128 residues searched)
Target model(s):                       19632  (3329936 nodes)
Passed MSV filter:                       822  (0.0418704); expected 392.6 (0.02)
Passed bias filter:                      545  (0.0277608); expected 392.6 (0.02)
Passed Vit filter:                        29  (0.00147718); expected 19.6 (0.001)
Passed Fwd filter:                         0  (0); expected 0.2 (1e-05)
Initial search space (Z):              19632  [actual number of targets]
Domain search space  (domZ):               0  [number of targets reported over threshold]
# CPU time: 0.28u 0.16s 00:00:00.44 Elapsed: 00:00:00.30
# Mc/sec: 1403.03
//
Query:       orf3  [L=140]
Description: source=IMGVR_UViG_2684623026_000004_2684623026_2684692250_4620971-4737465/85579-83870 coords=953..1372 length=140 frame=2 desc=
Scores for complete sequence (score includes all domains):
   --- full sequence ---   --- best 1 domain ---    -#dom-
    E-value  score  bias    E-value  score  bias    exp  N  Model          Description
    ------- ------ -----    ------- ------ -----   ---- --  --------       -----------
     0.0096   17.0   0.1      0.022   15.9   0.1    1.7  1  HK97-gp10_like  Bacteriophage HK97-gp10, putative tail-compon


Domain annotation for each model (and alignments):
>> HK97-gp10_like  Bacteriophage HK97-gp10, putative tail-component
   #    score  bias  c-Evalue  i-Evalue hmmfrom  hmm to    alifrom  ali to    envfrom  env to     acc
 ---   ------ ----- --------- --------- ------- -------    ------- -------    ------- -------    ----
   1 !   15.9   0.1   1.1e-06     0.022      27      81 .]      30      82 ..       4      82 .. 0.80

  Alignments for each domain:
  == domain 1  score: 15.9 bits;  conditional E-value: 1.1e-06
  HK97-gp10_like 27 AkevldkakkrapsvdtggdLrdsitvqgkvkkkggeyrvevgnnaeyAslvEfG 81
                    A+ ++d++k +a   d++ + r+ i+   +v+ +++ey++ v ++  y+ ++E G
            orf3 30 ANTLRDEVKINAKWKDRTSHARQAIHS--DVEPGNNEYTIYVSHGVQYGGYLEEG 82
                    667777777777766788888888888..88888888****************98 PP



Internal pipeline statistics summary:
-------------------------------------
Query sequence(s):                         1  (140 residues searched)
Target model(s):                       19632  (3329936 nodes)
Passed MSV filter:                       396  (0.0201711); expected 392.6 (0.02)
Passed bias filter:                      295  (0.0150265); expected 392.6 (0.02)
Passed Vit filter:                        19  (0.000967808); expected 19.6 (0.001)
Passed Fwd filter:                         1  (5.09372e-05); expected 0.2 (1e-05)
Initial search space (Z):              19632  [actual number of targets]
Domain search space  (domZ):               1  [number of targets reported over threshold]
# CPU time: 0.27u 0.16s 00:00:00.43 Elapsed: 00:00:00.31
# Mc/sec: 1500.33
//
[ok]
ter:                        45  (0.00229218); expected 19.6 (0.001)
Passed Fwd filter:                         3  (0.000152812); expected 0.2 (1e-05)
Initial search space (Z):              19632  [actual number of targets]
Domain search space  (domZ):               3  [number of targets reported over threshold]
# CPU time: 0.36u 0.18s 00:00:00.54 Elapsed: 00:00:00.33
# Mc/sec: 4848.21
//
[ok]
