# hmmscan :: search sequence(s) against a profile database
# HMMER 3.3.2 (Nov 2020); http://hmmer.org/
# Copyright (C) 2020 Howard Hughes Medical Institute.
# Freely distributed under the BSD open source license.
# - - - - - - - - - - - - - - - - - - - - - - - - - - - - - - - - - - - -
# query sequence file:             -
# target HMM database:             /n/eddy_lab/data/pfam-35.0/Pfam-A.hmm
# output directed to file:         ./all_windows_new/hmmscan/out/IMGVR_UViG_639279307_000001_639279307_639279316_1777332-1986524_hmmscan_output.out
# per-seq hits tabular output:     ./all_windows_new/hmmscan/tblout/IMGVR_UViG_639279307_000001_639279307_639279316_1777332-1986524_hmmscan_output.tblout
# - - - - - - - - - - - - - - - - - - - - - - - - - - - - - - - - - - - -

Query:       orf1  [L=91]
Description: source=IMGVR_UViG_639279307_000001_639279307_639279316_1777332-1986524/114186-112477 coords=16..288 length=91 frame=1 desc=
Scores for complete sequence (score includes all domains):
   --- full sequence ---   --- best 1 domain ---    -#dom-
    E-value  score  bias    E-value  score  bias    exp  N  Model    Description
    ------- ------ -----    ------- ------ -----   ---- --  -------- -----------

   [No hits detected that satisfy reporting thresholds]


Domain annotation for each model (and alignments):

   [No targets detected that satisfy reporting thresholds]


Internal pipeline statistics summary:
-------------------------------------
Query sequence(s):                         1  (91 residues searched)
Target model(s):                       19632  (3329936 nodes)
Passed MSV filter:                       268  (0.0136512); expected 392.6 (0.02)
Passed bias filter:                      164  (0.00835371); expected 392.6 (0.02)
Passed Vit filter:                         5  (0.000254686); expected 19.6 (0.001)
Passed Fwd filter:                         0  (0); expected 0.2 (1e-05)
Initial search space (Z):              19632  [actual number of targets]
Domain search space  (domZ):               0  [number of targets reported over threshold]
# CPU time: 0.33u 0.23s 00:00:00.56 Elapsed: 00:00:00.39
# Mc/sec: 766.34
//
Query:       orf2  [L=496]
Description: source=IMGVR_UViG_639279307_000001_639279307_639279316_1777332-1986524/114186-112477 coords=3..1490 length=496 frame=3 desc=
Scores for complete sequence (score includes all domains):
   --- full sequence ---   --- best 1 domain ---    -#dom-
    E-value  score  bias    E-value  score  bias    exp  N  Model           Description
    ------- ------ -----    ------- ------ -----   ---- --  --------        -----------
      0.008   15.1   0.6        0.6    9.0   0.1    2.6  2  T4SS-DNA_transf  Type IV secretory system Conjugative DNA tra


Domain annotation for each model (and alignments):
>> T4SS-DNA_transf  Type IV secretory system Conjugative DNA transfer
   #    score  bias  c-Evalue  i-Evalue hmmfrom  hmm to    alifrom  ali to    envfrom  env to     acc
 ---   ------ ----- --------- --------- ------- -------    ------- -------    ------- -------    ----
   1 !    9.0   0.1   3.1e-05       0.6     221     249 ..     168     210 ..       6     212 .. 0.73
   2 !    3.7   0.1    0.0012        23     263     315 ..     404     458 ..     393     460 .. 0.71

  Alignments for each domain:
  == domain 1  score: 9.0 bits;  conditional E-value: 3.1e-05
                      H..............TTHHHHHHHHHHCCCCGXXXXXXXXXXX CS
  T4SS-DNA_transf 221 d..............etrsSvlgtakselalyadplvrnatSk 249
                                     ++ +Sv+g a  +++ ++dp+++ +tS+
             orf2 168 VgnadkalkamggaeKMMASVYGIAITAMSFFTDPTISTLTSG 210
                      033335555666666899***********************96 PP

  == domain 2  score: 3.7 bits;  conditional E-value: 0.0012
                      XXXXXXXXXXXXXXXXXXXXXXX.XX.XXXXXXXXXXXXXX.XXXXXXXXXXXXX CS
  T4SS-DNA_transf 263 svyvivnpkdlevvapllrlffnmvv.ellkrklpnkderp.kevlflLDEfpsl 315
                       v+ +++p+ +++++ +l l+ ++v  ++ +  +  ++++p +++ f+LDE  +l
             orf2 404 AVFFVTPPHLMKYAKLILILIKQLVDlNFDSSYMTRENQKPdYKTRFMLDELGNL 458
                      68999999999999999888888774233344444444444156*******8765 PP



Internal pipeline statistics summary:
-------------------------------------
Query sequence(s):                         1  (496 residues searched)
Target model(s):                       19632  (3329936 nodes)
Passed MSV filter:                       552  (0.0281174); expected 392.6 (0.02)
Passed bias filter:                      440  (0.0224124); expected 392.6 (0.02)
Passed Vit filter:                        28  (0.00142624); expected 19.6 (0.001)
Passed Fwd filter:                         1  (5.09372e-05); expected 0.2 (1e-05)
Initial search space (Z):              19632  [actual number of targets]
Domain search space  (domZ):               1  [number of targets reported over threshold]
# CPU time: 0.42u 0.19s 00:00:00.61 Elapsed: 00:00:00.35
# Mc/sec: 4673.33
//
Query:       orf3  [L=304]
Description: source=IMGVR_UViG_639279307_000001_639279307_639279316_1777332-1986524/114186-112477 coords=1646..735 length=304 frame=5 desc=
Scores for complete sequence (score includes all domains):
   --- full sequence ---   --- best 1 domain ---    -#dom-
    E-value  score  bias    E-value  score  bias    exp  N  Model    Description
    ------- ------ -----    ------- ------ -----   ---- --  -------- -----------

   [No hits detected that satisfy reporting thresholds]


Domain annotation for each model (and alignments):

   [No targets detected that satisfy reporting thresholds]


Internal pipeline statistics summary:
-------------------------------------
Query sequence(s):                         1  (304 residues searched)
Target model(s):                       19632  (3329936 nodes)
Passed MSV filter:                       688  (0.0350448); expected 392.6 (0.02)
Passed bias filter:                      366  (0.018643); expected 392.6 (0.02)
Passed Vit filter:                        19  (0.000967808); expected 19.6 (0.001)
Passed Fwd filter:                         0  (0); expected 0.2 (1e-05)
Initial search space (Z):              19632  [actual number of targets]
Domain search space  (domZ):               0  [number of targets reported over threshold]
# CPU time: 0.39u 0.17s 00:00:00.56 Elapsed: 00:00:00.34
# Mc/sec: 2933.71
//
Query:       orf4  [L=103]
Description: source=IMGVR_UViG_639279307_000001_639279307_639279316_1777332-1986524/114186-112477 coords=565..257 length=103 frame=6 desc=
Scores for complete sequence (score includes all domains):
   --- full sequence ---   --- best 1 domain ---    -#dom-
    E-value  score  bias    E-value  score  bias    exp  N  Model    Description
    ------- ------ -----    ------- ------ -----   ---- --  -------- -----------

   [No hits detected that satisfy reporting thresholds]


Domain annotation for each model (and alignments):

   [No targets detected that satisfy reporting thresholds]


Internal pipeline statistics summary:
-------------------------------------
Query sequence(s):                         1  (103 residues searched)
Target model(s):                       19632  (3329936 nodes)
Passed MSV filter:                       412  (0.0209861); expected 392.6 (0.02)
Passed bias filter:                      285  (0.0145171); expected 392.6 (0.02)
Passed Vit filter:                        12  (0.000611247); expected 19.6 (0.001)
Passed Fwd filter:                         0  (0); expected 0.2 (1e-05)
Initial search space (Z):              19632  [actual number of targets]
Domain search space  (domZ):               0  [number of targets reported over threshold]
# CPU time: 0.32u 0.18s 00:00:00.50 Elapsed: 00:00:00.31
# Mc/sec: 1078.90
//
Query:       orf5  [L=114]
Description: source=IMGVR_UViG_639279307_000001_639279307_639279316_1777332-1986524/114186-112477 coords=344..3 length=114 frame=5 desc=
Scores for complete sequence (score includes all domains):
   --- full sequence ---   --- best 1 domain ---    -#dom-
    E-value  score  bias    E-value  score  bias    exp  N  Model    Description
    ------- ------ -----    ------- ------ -----   ---- --  -------- -----------

   [No hits detected that satisfy reporting thresholds]


Domain annotation for each model (and alignments):

   [No targets detected that satisfy reporting thresholds]


Internal pipeline statistics summary:
-------------------------------------
Query sequence(s):                         1  (114 residues searched)
Target model(s):                       19632  (3329936 nodes)
Passed MSV filter:                       344  (0.0175224); expected 392.6 (0.02)
Passed bias filter:                      296  (0.0150774); expected 392.6 (0.02)
Passed Vit filter:                        24  (0.00122249); expected 19.6 (0.001)
Passed Fwd filter:                         0  (0); expected 0.2 (1e-05)
Initial search space (Z):              19632  [actual number of targets]
Domain search space  (domZ):               0  [number of targets reported over threshold]
# CPU time: 0.32u 0.18s 00:00:00.50 Elapsed: 00:00:00.33
# Mc/sec: 1150.27
//
[ok]
