# hmmscan :: search sequence(s) against a profile database
# HMMER 3.3.2 (Nov 2020); http://hmmer.org/
# Copyright (C) 2020 Howard Hughes Medical Institute.
# Freely distributed under the BSD open source license.
# - - - - - - - - - - - - - - - - - - - - - - - - - - - - - - - - - - - -
# query sequence file:             -
# target HMM database:             /n/eddy_lab/data/pfam-35.0/Pfam-A.hmm
# output directed to file:         ./all_windows_new/hmmscan/out/IMGVR_UViG_3300010278_000344_3300010278_Ga0129311_1000348_hmmscan_output.out
# per-seq hits tabular output:     ./all_windows_new/hmmscan/tblout/IMGVR_UViG_3300010278_000344_3300010278_Ga0129311_1000348_hmmscan_output.tblout
# - - - - - - - - - - - - - - - - - - - - - - - - - - - - - - - - - - - -

Query:       orf1  [L=100]
Description: source=IMGVR_UViG_3300010278_000344_3300010278_Ga0129311_1000348/40846-39259 coords=2..301 length=100 frame=2 desc=
Scores for complete sequence (score includes all domains):
   --- full sequence ---   --- best 1 domain ---    -#dom-
    E-value  score  bias    E-value  score  bias    exp  N  Model    Description
    ------- ------ -----    ------- ------ -----   ---- --  -------- -----------
    1.9e-09   37.5   0.0    2.4e-09   37.2   0.0    1.0  1  RVT_1     Reverse transcriptase (RNA-dependent DNA polymerase


Domain annotation for each model (and alignments):
>> RVT_1  Reverse transcriptase (RNA-dependent DNA polymerase)
   #    score  bias  c-Evalue  i-Evalue hmmfrom  hmm to    alifrom  ali to    envfrom  env to     acc
 ---   ------ ----- --------- --------- ------- -------    ------- -------    ------- -------    ----
   1 !   37.2   0.0   1.2e-13   2.4e-09      44     136 ..       4      90 ..       2      92 .. 0.87

  Alignments for each domain:
  == domain 1  score: 37.2 bits;  conditional E-value: 1.2e-13
            -HHHH.............HCCHTS--EEEEEEBCCGCCCSBB-GGGGGGG-EEET..........................TEEEEESB--ST- CS
  RVT_1  44 gfrpgrstldavedllkalkkkkkaklllklDlkkaFdsvpleellrkltafkvp.tklinliksflstrsfsvrvngeeskgryekkglpqGs 136
            gfrp rst  a+ ++ k  ++ ++ + ++++D+ ++Fd++++++l+r+l+ ++++ +kli +ik++l   ++ + +n      ++ ++g+pqG+
   orf1   4 GFRPYRSTQNAIAQCYKM-AQLQNLHFVVDVDIVGFFDNIDHSKLIRQLWGIGIQdRKLIMIIKQML---KAEILFND---IIITPETGTPQGG 90 
            8*******9999777777.688999*****************************7257999******...44445555...899********96 PP



Internal pipeline statistics summary:
-------------------------------------
Query sequence(s):                         1  (100 residues searched)
Target model(s):                       19632  (3329936 nodes)
Passed MSV filter:                       491  (0.0250102); expected 392.6 (0.02)
Passed bias filter:                      399  (0.020324); expected 392.6 (0.02)
Passed Vit filter:                        24  (0.00122249); expected 19.6 (0.001)
Passed Fwd filter:                         1  (5.09372e-05); expected 0.2 (1e-05)
Initial search space (Z):              19632  [actual number of targets]
Domain search space  (domZ):               1  [number of targets reported over threshold]
# CPU time: 0.28u 0.17s 00:00:00.45 Elapsed: 00:00:00.31
# Mc/sec: 1047.16
//
Query:       orf2  [L=418]
Description: source=IMGVR_UViG_3300010278_000344_3300010278_Ga0129311_1000348/40846-39259 coords=232..1485 length=418 frame=1 desc=
Scores for complete sequence (score includes all domains):
   --- full sequence ---   --- best 1 domain ---    -#dom-
    E-value  score  bias    E-value  score  bias    exp  N  Model    Description
    ------- ------ -----    ------- ------ -----   ---- --  -------- -----------
    3.1e-08   33.5   0.1    1.7e-07   31.1   0.0    2.1  2  RVT_1     Reverse transcriptase (RNA-dependent DNA polymerase


Domain annotation for each model (and alignments):
>> RVT_1  Reverse transcriptase (RNA-dependent DNA polymerase)
   #    score  bias  c-Evalue  i-Evalue hmmfrom  hmm to    alifrom  ali to    envfrom  env to     acc
 ---   ------ ----- --------- --------- ------- -------    ------- -------    ------- -------    ----
   1 !   31.1   0.0   8.6e-12   1.7e-07     130     221 ..       7     138 ..       3     139 .. 0.95
   2 ?   -0.9   0.0     0.052     1e+03      17      56 ..     154     194 ..     142     210 .. 0.73

  Alignments for each domain:
  == domain 1  score: 31.1 bits;  conditional E-value: 8.6e-12
            SB--ST-TTHHHHHHHHHHHHHTT-T...............................................TEEECTTEEEEEESSHHHHHHHHHHHHHHHH CS
  RVT_1 130 kglpqGsvlSPllfnlfmnellrelrkra.........................................kgvtllrYaDDililskskeelqelleaveewlk 192
            +g   G++lSPll+n+++nel+  +++++                                         k+ +++rYaDD+ +++++   +++++ a++ wl+
   orf2   7 NGYTTGGILSPLLANVVLNELDWWIASQWemfkikegktglefnktdkegnvltvdrtqkwnklraktdlKEMYIVRYADDFKLFCRDYATAKKVMCATKLWLA 110
            67788**************************************************************************************************9 PP

            H.TT--BEGGG-EEE......ESSEEETTEE CS
  RVT_1 193 e.sglkinpeKtklvlftv.kseevkyLGvt 221
            e   l+ + eK+ ++   + +++  ++LG++
   orf2 111 EnLHLQTSGEKSGIT---NlRKNYTTFLGIK 138
            989************...7789999999987 PP

  == domain 2  score: -0.9 bits;  conditional E-value: 0.052
            .-THHHHCTB--..........-------HHHH......... CS
  RVT_1  17 vdykalnkliakrLkdvl.ekllsenqpgfrpgrstldav.e 56 
            + +k   k+i+k L+dv+ + +++++q+ ++++ s+  a+ +
   orf2 154 MADKSKAKVIKK-LSDVWkDIKDPSKQSEIDRNISLYNAMvM 194
            677788888888.99999778899999999999888776652 PP



Internal pipeline statistics summary:
-------------------------------------
Query sequence(s):                         1  (418 residues searched)
Target model(s):                       19632  (3329936 nodes)
Passed MSV filter:                      1110  (0.0565403); expected 392.6 (0.02)
Passed bias filter:                      530  (0.0269967); expected 392.6 (0.02)
Passed Vit filter:                        36  (0.00183374); expected 19.6 (0.001)
Passed Fwd filter:                         1  (5.09372e-05); expected 0.2 (1e-05)
Initial search space (Z):              19632  [actual number of targets]
Domain search space  (domZ):               1  [number of targets reported over threshold]
# CPU time: 0.37u 0.12s 00:00:00.49 Elapsed: 00:00:00.29
# Mc/sec: 4718.15
//
Query:       orf3  [L=104]
Description: source=IMGVR_UViG_3300010278_000344_3300010278_Ga0129311_1000348/40846-39259 coords=343..32 length=104 frame=4 desc=
Scores for complete sequence (score includes all domains):
   --- full sequence ---   --- best 1 domain ---    -#dom-
    E-value  score  bias    E-value  score  bias    exp  N  Model    Description
    ------- ------ -----    ------- ------ -----   ---- --  -------- -----------

   [No hits detected that satisfy reporting thresholds]


Domain annotation for each model (and alignments):

   [No targets detected that satisfy reporting thresholds]


Internal pipeline statistics summary:
-------------------------------------
Query sequence(s):                         1  (104 residues searched)
Target model(s):                       19632  (3329936 nodes)
Passed MSV filter:                       600  (0.0305623); expected 392.6 (0.02)
Passed bias filter:                      454  (0.0231255); expected 392.6 (0.02)
Passed Vit filter:                        18  (0.00091687); expected 19.6 (0.001)
Passed Fwd filter:                         0  (0); expected 0.2 (1e-05)
Initial search space (Z):              19632  [actual number of targets]
Domain search space  (domZ):               0  [number of targets reported over threshold]
# CPU time: 0.28u 0.14s 00:00:00.42 Elapsed: 00:00:00.28
# Mc/sec: 1220.05
//
[ok]
