# hmmscan :: search sequence(s) against a profile database
# HMMER 3.3.2 (Nov 2020); http://hmmer.org/
# Copyright (C) 2020 Howard Hughes Medical Institute.
# Freely distributed under the BSD open source license.
# - - - - - - - - - - - - - - - - - - - - - - - - - - - - - - - - - - - -
# query sequence file:             -
# target HMM database:             /n/eddy_lab/data/pfam-35.0/Pfam-A.hmm
# output directed to file:         ./all_windows_new/hmmscan/out/IMGVR_UViG_3300039358_000158_3300039358_Ga0169240_02009_hmmscan_output.out
# per-seq hits tabular output:     ./all_windows_new/hmmscan/tblout/IMGVR_UViG_3300039358_000158_3300039358_Ga0169240_02009_hmmscan_output.tblout
# - - - - - - - - - - - - - - - - - - - - - - - - - - - - - - - - - - - -

Query:       orf1  [L=175]
Description: source=IMGVR_UViG_3300039358_000158_3300039358_Ga0169240_02009/4260-2566 coords=67..591 length=175 frame=1 desc=
Scores for complete sequence (score includes all domains):
   --- full sequence ---   --- best 1 domain ---    -#dom-
    E-value  score  bias    E-value  score  bias    exp  N  Model       Description
    ------- ------ -----    ------- ------ -----   ---- --  --------    -----------
    3.4e-22   79.5  22.0    2.4e-21   76.8   7.7    2.2  2  DUF3801      Protein of unknown function (DUF3801)
     0.0049   16.8   0.6     0.0096   15.8   0.1    1.7  2  NIF          NLI interacting factor-like phosphatase
  ------ inclusion threshold ------
       0.61   11.1  14.8       0.17   12.8   1.0    2.5  3  DUF5339      Family of unknown function (DUF5339)
       0.64   10.6   7.0       0.67   10.5   1.1    2.5  2  Cep57_MT_bd  Centrosome microtubule-binding domain of Cep57


Domain annotation for each model (and alignments):
>> DUF3801  Protein of unknown function (DUF3801)
   #    score  bias  c-Evalue  i-Evalue hmmfrom  hmm to    alifrom  ali to    envfrom  env to     acc
 ---   ------ ----- --------- --------- ------- -------    ------- -------    ------- -------    ----
   1 !   76.8   7.7   4.9e-25   2.4e-21       4      94 ..      37     135 ..      30     139 .. 0.87
   2 !    8.6   6.7   0.0004Query:       orf2  [L=111]
Description: source=IMGVR_UViG_3300039358_000158_3300039358_Ga0169240_02009/1662-78 coords=831..1163 length=111 frame=3 desc=
Scores for complete sequence (score includes all domains):
   --- full sequence ---   --- best 1 domain ---    -#dom-
    E-value  score  bias    E-value  score  bias    exp  N  Model    Description
    ------- ------ -----    ------- ------ -----   ---- --  -------- -----------

   [No hits detected that satisfy reporting thresholds]


Domain annotation for each model (and alignments):

   [No targets detected that satisfy reporting thresholds]


Internal pipeline statistics summary:
-------------------------------------
Query sequence(s):                         1  (111 residues searched)
Target model(s):                       19632  (3329936 nodes)
Passed MSV filter:                       330  (0.0168093); expected 392.6 (0.02)
Passed bias filter:                      230  (0.0117156); expected 392.6 (0.02)
Passed Vit filter:                        12  (0.000611247); expected 19.6 (0.001)
Passed Fwd filter:                         0  (0); expected 0.2 (1e-05)
Initial search space (Z):              19632  [actual number of targets]
Domain search space  (domZ):               0  [number of targets reported over threshold]
# CPU time: 0.28u 0.18s 00:00:00.46 Elapsed: 00:00:00.32
# Mc/sec: 1147.61
//
Query:       orf3  [L=484]
Description: source=IMGVR_UViG_3300039358_000158_3300039358_Ga0169240_02009/1662-78 coords=1..1452 length=484 frame=1 desc=
Scores for complete sequence (score includes all domains):
   --- full sequence ---   --- best 1 domain ---    -#dom-
    E-value  score  bias    E-value  score  bias    exp  N  Model    Description
    ------- ------ -----    ------- ------ -----   ---- --  -------- -----------
    8.6e-32  110.6   0.3    1.8e-31  109.5   0.1    1.7  2  RVT_1     Reverse transcriptase (RNA-dependent DNA polymerase


Domain annotation for each model (and alignments):
>> RVT_1  Reverse transcriptase (RNA-dependent DNA polymerase)
   #    score  bias  c-Evalue  i-Evalue hmmfrom  hmm to    alifrom  ali to    envfrom  env to     acc
 ---   ------ ----- --------- --------- ------- -------    ------- -------    ------- -------    ----
   1 !  109.5   0.1   9.3e-36   1.8e-31      45     222 .]       1     207 [.       1     207 [. 0.92
   2 ?   -2.4   0.0      0.16   3.1e+03      13      33 ..     272     292 ..     248     299 .. 0.78

  Alignments for each domain:
  == domain 1  score: 109.5 bits;  conditional E-value: 9.3e-36
            HHHH..............HCCHTS--EEEEEEBCCGCCCSBB-GGGGGGG-EEET...........................TEEEEESB--ST-TTHHHHHHH CS
  RVT_1  45 frpgrstldav.edllkalkkkkkaklllklDlkkaFdsvpleellrkltafkvpt.klinliksflstrsfsvrv.ngeeskgryekkglpqGsvlSPllfnl 145
            frp+rs+++av ++++    ++ + ++++++D+k++Fd+v++++l+r+++a+++++ +li +ik++l   ++ +r+ +g   +++   kg+pqG+++SPll+n+
   orf3   1 FRPNRSVEHAVqKTYTML--QRMNLHYVIEFDIKGFFDNVNHSKLMRQIWAMGIHDkQLIFIIKRIL---KAPIRMpDG---TTLIPDKGTPQGGIISPLLANI 96 
            89*******996444444..45566*****************************8615799******...555688777...78******************** PP

            HHHHHHTT-T.........................................TEEECTTEEEEEESSHHHHHHHHHHHHHHHHH.TT--BEGGG-EEE......E CS
  RVT_1 146 fmnellrelrkra...................................kgvtllrYaDDililskskeelqelleaveewlke.sglkinpeKtklvlftv.ks 212
            ++nel++ +++++                                   k+ +++rYaDD+ i++++ke++ +  eav +w+ e  +l+++peKt++v   + ++
   orf3  97 VLNELDKWVESQWqnhplvkeygyerkirnsitfdrskaflkmrktglKEMYIVRYADDFRIFCRNKEDALRTKEAVTAWITErLRLEVSPEKTRIV---NvRK 197
            *********************************************************************************9989************...6699 PP

            SSEEETTEEE CS
  RVT_1 213 eevkyLGvtl 222
            +  ++LG+++
   orf3 198 RYSEFLGFKI 207
            9999**9986 PP

  == domain 2  score: -2.4 bits;  conditional E-value: 0.16
            .....-THHHHCTB--..... CS
  RVT_1  13 sllsvdykalnkliakrLkdv 33 
             ++s+d++++ + +   L++ 
   orf3 272 TCISIDCRKIHRQVMTVLTNR 292
            577788888888877766654 PP



Internal pipeline statistics summary:
-------------------------------------
Query sequence(s):                         1  (484 residues searched)
Target model(s):                       19632  (3329936 nodes)
Passed MSV filter:                       618  (0.0314792); expected 392.6 (0.02)
Passed bias filter:                      492  (0.0250611); expected 392.6 (0.02)
Passed Vit filter:                        39  (0.00198655); expected 19.6 (0.001)
Passed Fwd filter:                         1  (5.09372e-05); expected 0.2 (1e-05)
Initial search space (Z):              19632  [actual number of targets]
Domain search space  (domZ):               1  [number of targets reported over threshold]
# CPU time: 0.35u 0.18s 00:00:00.53 Elapsed: 00:00:00.33
# Mc/sec: 4814.88
//
Query:       orf4  [L=109]
Description: source=IMGVR_UViG_3300039358_000158_3300039358_Ga0169240_02009/1662-78 coords=597..271 length=109 frame=5 desc=
Scores for complete sequence (score includes all domains):
   --- full sequence ---   --- best 1 domain ---    -#dom-
    E-value  score  bias    E-value  score  bias    exp  N  Model    Description
    ------- ------ -----    ------- ------ -----   ---- --  -------- -----------

   [No hits detected that satisfy reporting thresholds]


Domain annotation for each model (and alignments):

   [No targets detected that satisfy reporting thresholds]


Internal pipeline statistics summary:
-------------------------------------
Query sequence(s):                         1  (109 residues searched)
Target model(s):                       19632  (3329936 nodes)
Passed MSV filter:                       200  (0.0101874); expected 392.6 (0.02)
Passed bias filter:                      170  (0.00865933); expected 392.6 (0.02)
Passed Vit filter:                         8  (0.000407498); expected 19.6 (0.001)
Passed Fwd filter:                         0  (0); expected 0.2 (1e-05)
Initial search space (Z):              19632  [actual number of targets]
Domain search space  (domZ):               0  [number of targets reported over threshold]
# CPU time: 0.27u 0.15s 00:00:00.42 Elapsed: 00:00:00.29
# Mc/sec: 1227.91
//
Query:       orf5  [L=158]
Description: source=IMGVR_UViG_3300039358_000158_3300039358_Ga0169240_02009/1662-78 coords=593..120 length=158 frame=6 desc=
Scores for complete sequence (score includes all domains):
   --- full sequence ---   --- best 1 domain ---    -#dom-
    E-value  score  bias    E-value  score  bias    exp  N  Model    Description
    ------- ------ -----    ------- ------ -----   ---- --  -------- -----------

   [No hits detected that satisfy reporting thresholds]


Domain annotation for each model (and alignments):

   [No targets detected that satisfy reporting thresholds]


Internal pipeline statistics summary:
-------------------------------------
Query sequence(s):                         1  (158 residues searched)
Target model(s):                       19632  (3329936 nodes)
Passed MSV filter:                       518  (0.0263855); expected 392.6 (0.02)
Passed bias filter:                      298  (0.0151793); expected 392.6 (0.02)
Passed Vit filter:                        18  (0.00091687); expected 19.6 (0.001)
Passed Fwd filter:                         0  (0); expected 0.2 (1e-05)
Initial search space (Z):              19632  [actual number of targets]
Domain search space  (domZ):               0  [number of targets reported over threshold]
# CPU time: 0.30u 0.16s 00:00:00.46 Elapsed: 00:00:00.32
# Mc/sec: 1612.88
//
[ok]
value hmmfrom  hmm to    alifrom  ali to    envfrom  env to     acc
 ---   ------ ----- --------- --------- ------- -------    ------- -------    ------- -------    ----
   1 !   17.3   0.0   7.9e-07    0.0026      27      82 ..     240     290 ..     218     297 .. 0.76

  Alignments for each domain:
  == domain 1  score: 17.3 bits;  conditional E-value: 7.9e-07
                   TS-EEEEEGGGS-......SEEEE--TTSSHHHHHHHHHHHHHTT--TTTEEEEEE-TTSS CS
  FtsK_SpoIIIE  27 sgnplvldlkkma.....shllvaGatgsGKStalntLilSlatthtPeeVqliliDykgv 82 
                   sg+p      k++      +++v+G++gsGK+ +     +   +++ Pe+V+ +++D+kg+
          orf2 240 SGRP------KHPkyarnKNVIVIGGSGSGKTRFF----VKPNLMQMPEKVSYVCTDPKGT 290
                   3444......444444555*************985....44455689************86 PP

>> P-loop_TraG  TraG P-loop domain
   #    score  bias  c-Evalue  i-Evalue hmmfrom  hmm to    alifrom  ali to    envfrom  env to     acc
 ---   ------ ----- --------- --------- ------- -------    ------- -------    ------- -------    ----
   1 !   16.3   0.1   9.7e-07    0.0032      17      98 ..     239     327 ..     232     352 .. 0.71

  Alignments for each domain:
  == domain 1  score: 16.3 bits;  conditional E-value: 9.7e-07
  P-loop_TraG  17 lsdepmkkgiitnrnklilGpsGsGks.fftnhlvrsyyeqgahvvlvdvGhsykglcelv..gGyyf....tyeeenPikfnPfyied 98 
                  +s +p +  +  n+n +++G+sGsGk+ ff+   + ++ e+ ++v +   G       +++   Gy +    t + ++ ++fnPf+   
         orf2 239 MSGRPKHPKYARNKNVIVIGGSGSGKTrFFVKPNLMQMPEKVSYVCTDPKGTIIIECGKMLsdAGYKIkvlnTINFKKSMHFNPFHYIR 327
                  56778888999***************757777777777777777766555655555555554433332222278889999999995433 PP

>> TrwB_AAD_bind  Type IV secretion-system coupling protein DNA-binding domain
   #    score  bias  c-Evalue  i-Evalue hmmfrom  hmm to    alifrom  ali to    envfrom  env to     acc
 ---   ------ ----- --------- --------- ------- -------    ------- -------    ------- -------    ----
   1 ?   13.9   0.0   6.5e-06     0.021      11     118 ..     247     364 ..     239     371 .. 0.76

  Alignments for each domain:
  == domain 1  score: 13.9 bits;  conditional E-value: 6.5e-06
  TrwB_AAD_bind  11 keretrhilivGttGsGKtqal.eelldqirargdraiilDltGafverfya....egk.dillnPlD.aRsaaWsvfaeiktkadfaelAaalip 99 
                    k + ++ ++++G+ GsGKt  + +  l q+ ++    +  D++G ++ +  +    +g    +ln ++ ++s   ++f+ i++++d+ +l + +i 
           orf2 247 KYARNKNVIVIGGSGSGKTRFFvKPNLMQMPEK-VSYVCTDPKGTIIIECGKmlsdAGYkIKVLNTINfKKSMHFNPFHYIRSEKDILKLVNTIIA 341
                    566778999**********98624556677665.5689999999998777764444332146999998689************************9 PP

  TrwB_AAD_bind 100 ed....gessdpfWaeaarkvla 118
                    ++     +s d+fW++a r   +
           orf2 342 NTkgdgEKSGDDFWVSATRSQTV 364
                    975332245799****9997555 PP

>> AAA_19  AAA domain
   #    score  bias  c-Evalue  i-Evalue hmmfrom  hmm to    alifrom  ali to    envfrom  env to     acc
 ---   ------ ----- --------- --------- ------- -------    ------- -------    ------- -------    ----
   1 ?   13.2   0.0   2.5e-05     0.083       8      28 ..     249     269 ..     245     281 .. 0.88

  Alignments for each domain:
  == domain 1  score: 13.2 bits;  conditional E-value: 2.5e-05
  AAA_19   8 lkekvllvtaGpGtGKTrtlv 28 
             +++k+++v++G G+GKTr  v
    orf2 249 ARNKNVIVIGGSGSGKTRFFV 269
             6899*************9765 PP

>> DEAD  DEAD/DEAH box helicase
   #    score  bias  c-Evalue  i-Evalue hmmfrom  hmm to    alifrom  ali to    envfrom  env to     acc
 ---   ------ ----- --------- --------- ------- -------    ------- -------    ------- -------    ----
   1 ?   11.6   0.0   5.8e-05      0.19      12      43 ..     249     283 ..     243     318 .. 0.76
   2 ?   -1.7   0.0      0.71   2.3e+03     142     175 ..     333     366 ..     323     367 .. 0.61

  Alignments for each domain:
  == domain 1  score: 11.6 bits;  conditional E-value: 5.8e-05
           HTTHEEEEEESTTSSHHHHHHHHHHHHHHHS...T CS
           xxxxxxxxxxxxxxxxxxxxxxxxxxxxxxx...x RF
  DEAD  12 lgggdvlvaaeTGsGKTlaflipvlqivyet...k 43 
            ++++v+v +  GsGKT  f+ p l ++ e+    
  orf2 249 ARNKNVIVIGGSGSGKTRFFVKPNLMQMPEKvsyV 283
           5789*******************997775545442 PP

  == domain 2  score: -1.7 bits;  conditional E-value: 0.71
           HHHHHHHSHHHHCCSTTTSEEEEEESSBSHHHHH CS
           xxxxxxxxxxxxxxxxxxxxxxxxxxxxxxxxxx RF
  DEAD 142 inrilnqlpqitcdgklqrqvivlSATlpkdvkk 175
           ++ + + +++++ dg+++     +SAT +++vk 
  orf2 333 LKLVNTIIANTKGDGEKSGDDFWVSATRSQTVKS 366
           3333333344455666666689999999999886 PP



Internal pipeline statistics summary:
-------------------------------------
Query sequence(s):                         1  (381 residues searched)
Target model(s):                       19632  (3329936 nodes)
Passed MSV filter:                       747  (0.0380501); expected 392.6 (0.02)
Passed bias filter:                      584  (0.0297474); expected 392.6 (0.02)
Passed Vit filter:                        70  (0.00356561); expected 19.6 (0.001)
Passed Fwd filter:                         6  (0.000305623); expected 0.2 (1e-05)
Initial search space (Z):              19632  [actual number of targets]
Domain search space  (domZ):               6  [number of targets reported over threshold]
# CPU time: 0.34u 0.16s 00:00:00.50 Elapsed: 00:00:00.29
# Mc/sec: 4260.60
//
Query:       orf3  [L=90]
Description: source=IMGVR_UViG_3300039358_000158_3300039358_Ga0169240_02009/4260-2566 coords=1213..944 length=90 frame=6 desc=
Scores for complete sequence (score includes all domains):
   --- full sequence ---   --- best 1 domain ---    -#dom-
    E-value  score  bias    E-value  score  bias    exp  N  Model    Description
    ------- ------ -----    ------- ------ -----   ---- --  -------- -----------
  ------ inclusion threshold ------
       0.12   12.5   0.3       0.18   12.0   0.3    1.3  1  SH        Viral small hydrophobic protein


Domain annotation for each model (and alignments):
>> SH  Viral small hydrophobic protein
   #    score  bias  c-Evalue  i-Evalue hmmfrom  hmm to    alifrom  ali to    envfrom  env to     acc
 ---   ------ ----- --------- --------- ------- -------    ------- -------    ------- -------    ----
   1 ?   12.0   0.3     9e-06      0.18       3      36 ..      20      58 ..      18      67 .. 0.80

  Alignments for each domain:
  == domain 1  score: 12.0 bits;  conditional E-value: 9e-06
    SH  3 aiqPPlyPtflllil.....lsliitlyvwiistitykt 36
             PP+  tfl+l       l lii   vw+ st+   t
  orf3 20 LPEPPITMTFLFLAYfgcfgLPLIINRSVWVSSTLFSNT 58
          5579*******99763444478************87655 PP



Internal pipeline statistics summary:
-------------------------------------
Query sequence(s):                         1  (90 residues searched)
Target model(s):                       19632  (3329936 nodes)
Passed MSV filter:                       247  (0.0125815); expected 392.6 (0.02)
Passed bias filter:                      189  (0.00962714); expected 392.6 (0.02)
Passed Vit filter:                        17  (0.000865933); expected 19.6 (0.001)
Passed Fwd filter:                         1  (5.09372e-05); expected 0.2 (1e-05)
Initial search space (Z):              19632  [actual number of targets]
Domain search space  (domZ):               1  [number of targets reported over threshold]
# CPU time: 0.26u 0.15s 00:00:00.41 Elapsed: 00:00:00.28
# Mc/sec: 1047.69
//
Query:       orf4  [L=394]
Description: source=IMGVR_UViG_3300039358_000158_3300039358_Ga0169240_02009/4260-2566 coords=1550..369 length=394 frame=5 desc=
Scores for complete sequence (score includes all domains):
   --- full sequence ---   --- best 1 domain ---    -#dom-
    E-value  score  bias    E-value  score  bias    exp  N  Model    Description
    ------- ------ -----    ------- ------ -----   ---- --  -------- -----------

   [No hits detected that satisfy reporting thresholds]


Domain annotation for each model (and alignments):

   [No targets detected that satisfy reporting thresholds]


Internal pipeline statistics summary:
-------------------------------------
Query sequence(s):                         1  (394 residues searched)
Target model(s):                       19632  (3329936 nodes)
Passed MSV filter:                       479  (0.0243989); expected 392.6 (0.02)
Passed bias filter:                      353  (0.0179808); expected 392.6 (0.02)
Passed Vit filter:                        21  (0.00106968); expected 19.6 (0.001)
Passed Fwd filter:                         0  (0); expected 0.2 (1e-05)
Initial search space (Z):              19632  [actual number of targets]
Domain search space  (domZ):               0  [number of targets reported over threshold]
# CPU time: 0.30u 0.16s 00:00:00.46 Elapsed: 00:00:00.29
# Mc/sec: 4409.76
//
Query:       orf5  [L=139]
Description: source=IMGVR_UViG_3300039358_000158_3300039358_Ga0169240_02009/4260-2566 coords=693..277 length=139 frame=4 desc=
Scores for complete sequence (score includes all domains):
   --- full sequence ---   --- best 1 domain ---    -#dom-
    E-value  score  bias    E-value  score  bias    exp  N  Model    Description
    ------- ------ -----    ------- ------ -----   ---- --  -------- -----------

   [No hits detected that satisfy reporting thresholds]


Domain annotation for each model (and alignments):

   [No targets detected that satisfy reporting thresholds]


Internal pipeline statistics summary:
-------------------------------------
Query sequence(s):                         1  (139 residues searched)
Target model(s):                       19632  (3329936 nodes)
Passed MSV filter:                       294  (0.0149756); expected 392.6 (0.02)
Passed bias filter:                      242  (0.0123268); expected 392.6 (0.02)
Passed Vit filter:                        18  (0.00091687); expected 19.6 (0.001)
Passed Fwd filter:                         0  (0); expected 0.2 (1e-05)
Initial search space (Z):              19632  [actual number of targets]
Domain search space  (domZ):               0  [number of targets reported over threshold]
# CPU time: 0.29u 0.14s 00:00:00.43 Elapsed: 00:00:00.28
# Mc/sec: 1600.09
//
Query:       orf6  [L=98]
Description: source=IMGVR_UViG_3300039358_000158_3300039358_Ga0169240_02009/4260-2566 coords=365..72 length=98 frame=5 desc=
Scores for complete sequence (score includes all domains):
   --- full sequence ---   --- best 1 domain ---    -#dom-
    E-value  score  bias    E-value  score  bias    exp  N  Model    Description
    ------- ------ -----    ------- ------ -----   ---- --  -------- -----------

   [No hits detected that satisfy reporting thresholds]


Domain annotation for each model (and alignments):

   [No targets detected that satisfy reporting thresholds]


Internal pipeline statistics summary:
-------------------------------------
Query sequence(s):                         1  (98 residues searched)
Target model(s):                       19632  (3329936 nodes)
Passed MSV filter:                       510  (0.025978); expected 392.6 (0.02)
Passed bias filter:                      203  (0.0103403); expected 392.6 (0.02)
Passed Vit filter:                         9  (0.000458435); expected 19.6 (0.001)
Passed Fwd filter:                         0  (0); expected 0.2 (1e-05)
Initial search space (Z):              19632  [actual number of targets]
Domain search space  (domZ):               0  [number of targets reported over threshold]
# CPU time: 0.27u 0.12s 00:00:00.39 Elapsed: 00:00:00.27
# Mc/sec: 1177.82
//
[ok]
