# hmmscan :: search sequence(s) against a profile database
# HMMER 3.3.2 (Nov 2020); http://hmmer.org/
# Copyright (C) 2020 Howard Hughes Medical Institute.
# Freely distributed under the BSD open source license.
# - - - - - - - - - - - - - - - - - - - - - - - - - - - - - - - - - - - -
# query sequence file:             -
# target HMM database:             /n/eddy_lab/data/pfam-35.0/Pfam-A.hmm
# output directed to file:         ./all_windows_new/hmmscan/out/IMGVR_UViG_3300039189_000174_3300039189_Ga0399988_003046_hmmscan_output.out
# per-seq hits tabular output:     ./all_windows_new/hmmscan/tblout/IMGVR_UViG_3300039189_000174_3300039189_Ga0399988_003046_hmmscan_output.tblout
# - - - - - - - - - - - - - - - - - - - - - - - - - - - - - - - - - - - -

Query:       orf1  [L=114]
Description: source=IMGVR_UViG_3300039189_000174_3300039189_Ga0399988_003046/5948-7520 coords=261..602 length=114 frame=3 desc=
Scores for complete sequence (score includes all domains):
   --- full sequence ---   --- best 1 domain ---    -#dom-
    E-value  score  bias    E-value  score  bias    exp  N  Model        Description
    ------- ------ -----    ------- ------ -----   ---- --  --------     -----------
  ------ inclusion threshold ------
      0.067   13.3   0.3         11    6.2   0.0    2.3  2  Dicistro_VP4  Cricket paralysis virus, VP4


Domain annotation for each model (and alignments):
>> Dicistro_VP4  Cricket paralysis virus, VP4
   #    score  bias  c-Evalue  i-Evalue hmmfrom  hmm to    alifrom  ali to    envfrom  env to     acc
 ---   ------ ----- --------- --------- ------- -------    ------- -------    ------- -------    ----
   1 ?    5.0   0.0    0.0013        25      24      39 ..      45      60 ..      41      68 .. 0.86
   2 ?    6.2   0.0   0.00055        11      11      25 ..      97     111 ..      88     113 .. 0.88

  Alignments for each domain:
  == domain 1  score: 5.0 bits;  conditional E-value: 0.0013
                  ....TT----S--SSS CS
  Dicistro_VP4 24 vAaalsriPviGeiak 39
                  vAa l  +Pv+G i +
          orf1 45 VAASLAVVPVLGLIDS 60
                  8***********8765 PP

  == domain 2  score: 6.2 bits;  conditional E-value: 0.00055
                   ----GGG---..... CS
  Dicistro_VP4  11 lgsiSellttVakvA 25 
                    g+iS  l t ++vA
          orf1  97 NGQISRILATFNNVA 111
                   69************9 PP



Internal pipeline statistics summary:
-------------------------------------
Query sequence(s):                         1  (114 residues searched)
Target model(s):                       19632  (3329936 nodes)
Passed MSV filter:                       408  (0.0207824); expected 392.6 (0.02)
Passed bias filter:                      325  (0.0165546); expected 392.6 (0.02)
Passed Vit filter:                        20  (0.00101874); expected 19.6 (0.001)
Passed Fwd filter:                         1  (5.09372e-05); expected 0.2 (1e-05)
Initial search space (Z):              19632  [actual number of targets]
Domain search space  (domZ):               1  [number of targets reported over threshold]
# CPU time: 0.30u 0.21s 00:00:00.51 Elapsed: 00:00:00.37
# Mc/sec: 1005.60
//
Query:       orf2  [L=281]
Description: source=IMGVR_UViG_3300039189_000174_3300039189_Ga0399988_003046/5948-7520 coords=550..1392 length=281 frame=1 desc=
Scores for complete sequence (score includes all domains):
   --- full sequence ---   --- best 1 domain ---    -#dom-
    E-value  score  bias    E-value  score  bias    exp  N  Model    Description
    ------- ------ -----    ------- ------ -----   ---- --  -------- -----------

   [No hits detected that satisfy reporting thresholds]


Domain annotation for each model (and alignments):

   [No targets detected that satisfy reporting thresholds]


Internal pipeline statistics summary:
-------------------------------------
Query sequence(s):                         1  (281 residues searched)
Target model(s):                       19632  (3329936 nodes)
Passed MSV filter:                       703  (0.0358089); expected 392.6 (0.02)
Passed bias filter:                      395  (0.0201202); expected 392.6 (0.02)
Passed Vit filter:                        36  (0.00183374); expected 19.6 (0.001)
Passed Fwd filter:                         0  (0); expected 0.2 (1e-05)
Initial search space (Z):              19632  [actual number of targets]
Domain search space  (domZ):               0  [number of targets reported over threshold]
# CPU time: 0.35u 0.19s 00:00:00.54 Elapsed: 00:00:00.35
# Mc/sec: 2618.81
//
[ok]
