# hmmscan :: search sequence(s) against a profile database
# HMMER 3.3.2 (Nov 2020); http://hmmer.org/
# Copyright (C) 2020 Howard Hughes Medical Institute.
# Freely distributed under the BSD open source license.
# - - - - - - - - - - - - - - - - - - - - - - - - - - - - - - - - - - - -
# query sequence file:             -
# target HMM database:             /n/eddy_lab/data/pfam-35.0/Pfam-A.hmm
# output directed to file:         ./all_windows_new/hmmscan/out/IMGVR_UViG_3300018471_000191_3300018471_Ga0194148_136085_hmmscan_output.out
# per-seq hits tabular output:     ./all_windows_new/hmmscan/tblout/IMGVR_UViG_3300018471_000191_3300018471_Ga0194148_136085_hmmscan_output.tblout
# - - - - - - - - - - - - - - - - - - - - - - - - - - - - - - - - - - - -

Query:       orf1  [L=485]
Description: source=IMGVR_UViG_3300018471_000191_3300018471_Ga0194148_136085/1562-1 coords=3..1457 length=485 frame=3 desc=
Scores for complete sequence (score includes all domains):
   --- full sequence ---   --- best 1 domain ---    -#dom-
    E-value  score  bias    E-value  score  bias    exp  N  Model           Description
    ------- ------ -----    ------- ------ -----   ---- --  --------        -----------
    6.8e-10   38.5   0.0      8e-05   21.8   0.0    2.3  2  SNF2-rel_dom     SNF2-related domain
    0.00094   19.3   0.5     0.0046   17.1   0.5    2.0  1  ResIII           Type III restriction enzyme, res subunit
  ------ inclusion threshold ------
      0.016   15.4   4.4      0.032   14.4   4.4    1.4  1  FlxA             FlxA-like protein
      0.044   12.1   1.1      0.068   11.5   1.1    1.2  1  EzrA             Septation ring formation regulator, EzrA
       0.16   12.4   0.0       0.44   11.0   0.0    1.7  1  Arm-DNA-bind_3   Arm DNA-binding domain
       0.85    9.4   4.6         18    5.1   2.5    2.5  2  SWI2_SNF2        SWI2/SNF2 ATPase


Domain annotation for each model (and alignments):
>> SNF2-rel_dom  SNF2-related domain
   #    score  bias  c-Evalue  i-Evalue hmmfrom  hmm to    alifrom  ali to    envfrom  env to     acc
 ---   ------ ----- --------- --------- ------- -------    ------- -------    ------- -------    ----
   1 !   21.8   0.0   2.4e-08     8e-05      52     166 ..       1     173 [.       1     175 [. 0.67
   2 !   14.4   0.0   4.4e-06     0.015     184     275 ..     214     322 ..     193     365 .. 0.63

  Alignments for each domain:
  == domain 1  score: 21.8 bits;  conditional E-value: 2.4e-08
                   ---TTSSHHHHHHHHHH.........-EEEEE-CCCHHHHHHHHHHH-..TTS-EEE--SSHHHH.....HHCCCTTT-SSEEEEEHHHH....... CS
                   xxxxxxxxxxxxxxxxxxxxx..xxxxxxxxxxxxxxxxxxxxxxxxxxxxxxxxxxxxxxxxxx.....xxxxxxxxxxxxxxxxxxxxxxxxx.. RF
  SNF2-rel_dom  52 aDemGLGKTvqvlalilgakl..stgatLivvPasllkqWvdeierhvsssaLrvvvyggnkkpq.....vlsaklladydvvitTyevlkrela.. 139
                   a+  G GKT +++a  +++k   ++++ + vvP  l+ qW +e  r   s ++ v+    +  ++     + s+    dyd vi++ +  + ++   
          orf1   1 AHKVGAGKTFEMVAAAQESKRlgLCNKSMFVVPNHLVGQWASEYLRLYPSANILVTR--RQDFETgnrkkFCSRIATGDYDAVIIGHSQFE-KIPms 94 
                   6889************99777555************************555555444..43333333444777777778888887777763.22235 PP

                   ...................................................HHTCTTCTS.SS..BSEEEECTGGGGGS CS
                   ...................................................xxxxxxxxx.xxxxxxxxxxxxxxxxxx RF
  SNF2-rel_dom 140 ...................................................rkrkevlkk.vklewkrvvlDEahtlkn 166
                                                                       krk+ +    +l ++r+ +DE h  kn
          orf1  95 ierqreqlqrqlddiergiddvkaskgeqftvkqlmktrkaiqakldklndTKRKDTVIDfEQLGIDRLFIDESHFYKN 173
                   6666666666666666666666666666666666666666666666677774444443332666788888888887665 PP

  == domain 2  score: 14.4 bits;  conditional E-value: 4.4e-06
                   EEE-SSSSSSTCHHHHHHHHHHSTTTTST..CHHHHHHCHHHHCCH..............HCCCCCHHHHHHHTTT.TEE---CCCC....TSSSSS CS
                   xxxxxxxxxxxxxxxxxxxxxxxxxxxxx..xxxxxxxxxxxxxxx..............xxxxxxxxxxxxxxxx.xxxxxxxxxx....xxxxxx RF
  SNF2-rel_dom 184 wiltGTPiqnkledlygLlkflrpepfge..lqsFkkwisrpierp..............aksekgrsrLlkllkr.lmlrrakkdv....eknlPp 259
                   +  tGTPi+n++ +ly+   +l+ + +    lq F++w s+  e+               +    + ++  +l +  lm r++ +d+    + +lP 
          orf1 214 IFATGTPISNSMVELYSVQRYLQYDALLRngLQHFDSWASTFGETVtalelapegtnyraK---TRFAKFFNLPELmLMFREV-ADIqtadMLKLPV 306
                   567*********************9998779999999998655544777777776543222...2223333333322355553.3333455556666 PP

                   EEEEEEEEEB-HHHHH CS
                   xxxxxxxxxxxxxxxx RF
  SNF2-rel_dom 260 ktekilflklskverk 275
                      k +++k ++ e +
          orf1 307 PAVKYHNIKTKPSEIQ 322
                   6666666665554444 PP

>> ResIII  Type III restriction enzyme, res subunit
   #    score  bias  c-Evalue  i-Evalue hmmfrom  hmm to    alifrom  ali to    envfrom  env to     acc
 ---   ------ ----- --------- --------- ------- -------    ------- -------    ------- -------    ----
   1 !   17.1   0.5   1.4e-06    0.0046      31     146 ..       2     173 ..       1     198 [. 0.52

  Alignments for each domain:
  == domain 1  score: 17.1 bits;  conditional E-value: 1.4e-06
             ESTTSHHHHHHHHHHHHH-S.....-EEEEESSHHHHHHHHHHG..................................GGGTGG....GEEEESSS-B--... CS
  ResIII  31 maTGtGKTlvaaklierllkkgkeekflflvprkslleqtleef..................................kkflseaykeigkkvsgdkkka... 96 
             +  G+GKT+ +++++++ ++ g  +k +f+vp+ +l+ q+ +e+                                                       a   
    orf1   2 HKVGAGKTFEMVAAAQESKRLGLCNKSMFVVPN-HLVGQWASEYlrlypsanilvtrrqdfetgnrkkfcsriatgdyD--------------------Avii 83 
             678*****************************7.6999******44444444444444333333333333222222220....................1222 PP

             ..........................................-SEEEEEHHHHHHTH...............HHHTTT-S...........EEEEETGGGTTS CS
  ResIII  97 ...................................kekdstnkkilvttiqsldadseee.......eeeseellrdrfd...........viiiDEaHrlga 146
                                                +++++ + k l+ t ++++a++  +       +           d            ++iDE+H ++ 
    orf1  84 ghsqfekipmsierqreqlqrqlddiergiddvkaSKGEQFTVKQLMKTRKAIQAKL--DklndtkrK-----------DtvidfeqlgidRLFIDESHFYKN 173
             222222223333333333333444445555533333333333333444444444433..123332222...........122233345555888888886555 PP

>> FlxA  FlxA-like protein
   #    score  bias  c-Evalue  i-Evalue hmmfrom  hmm to    alifrom  ali to    envfrom  env to     acc
 ---   ------ ----- --------- --------- ------- -------    ------- -------    ------- -------    ----
   1 ?   14.4   4.4   9.8e-06     0.032      15      62 ..      95     144 ..      89     146 .. 0.93

  Alignments for each domain:
  == domain 1  score: 14.4 bits;  conditional E-value: 9.8e-06
  FlxA  15 sasqiasLqkQikkltkqlkelses..dektkeekkqqqqliqaQIqqlq 62 
           ++ q ++Lq+Q+++++  ++++++s  ++ t +++++ ++ iqa++++l+
  orf1  95 IERQREQLQRQLDDIERGIDDVKASkgEQFTVKQLMKTRKAIQAKLDKLN 144
           67899********************99999****************9986 PP

>> EzrA  Septation ring formation regulator, EzrA
   #    score  bias  c-Evalue  i-Evalue hmmfrom  hmm to    alifrom  ali to    envfrom  env to     acc
 ---   ------ ----- --------- --------- ------- -------    ------- -------    ------- -------    ----
   1 ?   11.5   1.1   2.1e-05     0.068     208     265 ..      86     144 ..      84     157 .. 0.88

  Alignments for each domain:
  == domain 1  score: 11.5 bits;  conditional E-value: 2.1e-05
           HHHHHHHHHHTTTTTTSHHHHHHHHHHHHHSTT.S--SGGGSSSSSHHHHHHHHHHHHH CS
  EzrA 208 ekmekiPelleelkkelpeqleelkegykelee.egYaleelnvekeikeleeqleell 265
           ++ ekiP  +e+ +++l++ql++++ g+++ ++ +g +++ ++++k+ k+++ +l++l+
  orf1  86 SQFEKIPMSIERQREQLQRQLDDIERGIDDVKAsKGEQFTVKQLMKTRKAIQAKLDKLN 144
           5789***************************9735678999999999999999999876 PP

>> Arm-DNA-bind_3  Arm DNA-binding domain
   #    score  bias  c-Evalue  i-Evalue hmmfrom  hmm to    alifrom  ali to    envfrom  env to     acc
 ---   ------ ----- --------- --------- ------- -------    ------- -------    ------- -------    ----
   1 ?   11.0   0.0   0.00014      0.44      29      73 ..      65     119 ..      44     122 .. 0.82

  Alignments for each domain:
  == domain 1  score: 11.0 bits;  conditional E-value: 0.00014
  Arm-DNA-bind_3  29 GsktwvlryrltiGrypa............vtlaeARkearearalvaqGiDPaeek 73 
                      +k +  r  +  G+y+a            ++++  R++ ++ ++++++GiD +++ 
            orf1  65 NRKKFCSR--IATGDYDAviighsqfekipMSIERQREQLQRQLDDIERGIDDVKAS 119
                     67788888..888999867777777777779********************988765 PP

>> SWI2_SNF2  SWI2/SNF2 ATPase
   #    score  bias  c-Evalue  i-Evalue hmmfrom  hmm to    alifrom  ali to    envfrom  env to     acc
 ---   ------ ----- --------- --------- ------- -------    ------- -------    ------- -------    ----
   1 ?    3.7   0.0     0.014        45      25      55 ..       2      32 ..       1      61 [. 0.84
   2 ?    5.1   2.5    0.0054        18      56     161 ..      97     223 ..      78     236 .. 0.62

  Alignments for each domain:
  == domain 1  score: 3.7 bits;  conditional E-value: 0.014
  SWI2_SNF2 25 htqGSGKsltmvflakklleeelknpkvvvv 55
               h  G+GK+++mv +a++ ++  l n+ ++vv
       orf1  2 HKVGAGKTFEMVAAAQESKRLGLCNKSMFVV 32
               888************9988865555555554 PP

  == domain 2  score: 5.1 bits;  conditional E-value: 0.0054
  SWI2_SNF2  56 tDRkdLdkQlsktfakageeepkqaesrkeL.kellekesgkiifttiqKfeeeeek...eklevlsereniivlvDEaHRsqyg............... 136
                  R++L++Ql +  + +++    +a++++++ +++l  +++k i + ++K++++++k    ++e+l  ++   +++DE+H  +                 
       orf1  97 RQREQLQRQLDDIERGIDDV---KASKGEQFtVKQL-MKTRKAIQAKLDKLNDTKRKdtvIDFEQLGIDR---LFIDESHFYKNLylytkmrnvggiaqt 189
                56888888888776655444...3444444313455.45899999******8755442332233333333...777888866655455555555555555 PP

  SWI2_SNF2 137 .........elaknlrkalpnaafigFTGTPilk 161
                            ++l ++  n   i  TGTPi++
       orf1 190 eaqkssdlfMKCRYLDEITGNRGTIFATGTPISN 223
                5555555544456777777777777777777765 PP



Internal pipeline statistics summary:
-------------------------------------
Query sequence(s):                         1  (485 residues searched)
Target model(s):                       19632  (3329936 nodes)
Passed MSV filter:                      1044  (0.0531785); expected 392.6 (0.02)
Passed bias filter:                      704  (0.0358598); expected 392.6 (0.02)
Passed Vit filter:                        89  (0.00453341); expected 19.6 (0.001)
Passed Fwd filter:                         7  (0.000356561); expected 0.2 (1e-05)
Initial search space (Z):              19632  [actual number of targets]
Domain search space  (domZ):               6  [number of targets reported over threshold]
# CPU time: 0.38u 0.16s 00:00:00.54 Elapsed: 00:00:00.31
# Mc/sec: 5060.09
//
Query:       orf2  [L=118]
Description: source=IMGVR_UViG_3300018471_000191_3300018471_Ga0194148_136085/1562-1 coords=1246..893 length=118 frame=5 desc=
Scores for complete sequence (score includes all domains):
   --- full sequence ---   --- best 1 domain ---    -#dom-
    E-value  score  bias    E-value  score  bias    exp  N  Model    Description
    ------- ------ -----    ------- ------ -----   ---- --  -------- -----------
  ------ inclusion threshold ------
       0.17   11.9   0.3       0.21   11.6   0.3    1.2  1  DUF5531   Family of unknown function (DUF5531)


Domain annotation for each model (and alignments):
>> DUF5531  Family of unknown function (DUF5531)
   #    score  bias  c-Evalue  i-Evalue hmmfrom  hmm to    alifrom  ali to    envfrom  env to     acc
 ---   ------ ----- --------- --------- ------- -------    ------- -------    ------- -------    ----
   1 ?   11.6   0.3   1.1e-05      0.21       4      33 ..      40      70 ..      37      92 .. 0.80

  Alignments for each domain:
  == domain 1  score: 11.6 bits;  conditional E-value: 1.1e-05
  DUF5531  4 gllassGtiGavvawl.isykpalfgfllll 33
              ll ssG++G+++ w   s++p l  + +l 
     orf2 40 LLLGSSGSMGSIILWSrASFRPSLVILSMLS 70
             5899***********6479***998665554 PP



Internal pipeline statistics summary:
-------------------------------------
Query sequence(s):                         1  (118 residues searched)
Target model(s):                       19632  (3329936 nodes)
Passed MSV filter:                       530  (0.0269967); expected 392.6 (0.02)
Passed bias filter:                      272  (0.0138549); expected 392.6 (0.02)
Passed Vit filter:                        19  (0.000967808); expected 19.6 (0.001)
Passed Fwd filter:                         1  (5.09372e-05); expected 0.2 (1e-05)
Initial search space (Z):              19632  [actual number of targets]
Domain search space  (domZ):               1  [number of targets reported over threshold]
# CPU time: 0.27u 0.14s 00:00:00.41 Elapsed: 00:00:00.27
# Mc/sec: 1436.94
//
Query:       orf3  [L=221]
Description: source=IMGVR_UViG_3300018471_000191_3300018471_Ga0194148_136085/1562-1 coords=1388..726 length=221 frame=4 desc=
Scores for complete sequence (score includes all domains):
   --- full sequence ---   --- best 1 domain ---    -#dom-
    E-value  score  bias    E-value  score  bias    exp  N  Model    Description
    ------- ------ -----    ------- ------ -----   ---- --  -------- -----------

   [No hits detected that satisfy reporting thresholds]


Domain annotation for each model (and alignments):

   [No targets detected that satisfy reporting thresholds]


Internal pipeline statistics summary:
-------------------------------------
Query sequence(s):                         1  (221 residues searched)
Target model(s):                       19632  (3329936 nodes)
Passed MSV filter:                       298  (0.0151793); expected 392.6 (0.02)
Passed bias filter:                      256  (0.0130399); expected 392.6 (0.02)
Passed Vit filter:                        17  (0.000865933); expected 19.6 (0.001)
Passed Fwd filter:                         0  (0); expected 0.2 (1e-05)
Initial search space (Z):              19632  [actual number of targets]
Domain search space  (domZ):               0  [number of targets reported over threshold]
# CPU time: 0.29u 0.14s 00:00:00.43 Elapsed: 00:00:00.28
# Mc/sec: 2621.00
//
Query:       orf4  [L=216]
Description: source=IMGVR_UViG_3300018471_000191_3300018471_Ga0194148_136085/1562-1 coords=722..75 length=216 frame=4 desc=
Scores for complete sequence (score includes all domains):
   --- full sequence ---   --- best 1 domain ---    -#dom-
    E-value  score  bias    E-value  score  bias    exp  N  Model    Description
    ------- ------ -----    ------- ------ -----   ---- --  -------- -----------

   [No hits detected that satisfy reporting thresholds]


Domain annotation for each model (and alignments):

   [No targets detected that satisfy reporting thresholds]


Internal pipeline statistics summary:
-------------------------------------
Query sequence(s):                         1  (216 residues searched)
Target model(s):                       19632  (3329936 nodes)
Passed MSV filter:                       198  (0.0100856); expected 392.6 (0.02)
Passed bias filter:                      181  (0.00921964); expected 392.6 (0.02)
Passed Vit filter:                         7  (0.000356561); expected 19.6 (0.001)
Passed Fwd filter:                         0  (0); expected 0.2 (1e-05)
Initial search space (Z):              19632  [actual number of targets]
Domain search space  (domZ):               0  [number of targets reported over threshold]
# CPU time: 0.28u 0.15s 00:00:00.43 Elapsed: 00:00:00.29
# Mc/sec: 2465.05
//
[ok]
