# hmmscan :: search sequence(s) against a profile database
# HMMER 3.3.2 (Nov 2020); http://hmmer.org/
# Copyright (C) 2020 Howard Hughes Medical Institute.
# Freely distributed under the BSD open source license.
# - - - - - - - - - - - - - - - - - - - - - - - - - - - - - - - - - - - -
# query sequence file:             -
# target HMM database:             /n/eddy_lab/data/pfam-35.0/Pfam-A.hmm
# output directed to file:         ./all_windows_new/hmmscan/out/IMGVR_UViG_2848009954_000006_2848009954_2848009954_3352465-3454987_hmmscan_output.out
# per-seq hits tabular output:     ./all_windows_new/hmmscan/tblout/IMGVR_UViG_2848009954_000006_2848009954_2848009954_3352465-3454987_hmmscan_output.tblout
# - - - - - - - - - - - - - - - - - - - - - - - - - - - - - - - - - - - -

Query:       orf1  [L=159]
Description: source=IMGVR_UViG_2848009954_000006_2848009954_2848009954_3352465-3454987/50708-49121 coords=1018..1494 length=159 frame=1 desc=
Scores for complete sequence (score includes all domains):
   --- full sequence ---   --- best 1 domain ---    -#dom-
    E-value  score  bias    E-value  score  bias    exp  N  Model    Description
    ------- ------ -----    ------- ------ -----   ---- --  -------- -----------
     0.0003   21.0   1.4     0.0014   18.8   0.0    2.2  2  HTH_21    HTH-like domain


Domain annotation for each model (and alignments):
>> HTH_21  HTH-like domain
   #    score  bias  c-Evalue  i-Evalue hmmfrom  hmm to    alifrom  ali to    envfrom  env to     acc
 ---   ------ ----- --------- --------- ------- -------    ------- -------    ------- -------    ----
   1 ?    0.6   0.4     0.036   7.1e+02      32      50 ..      53      72 ..      41      73 .. 0.67
   2 !   18.8   0.0   7.2e-08    0.0014       5      39 ..      80     113 ..      76     117 .. 0.85

  Alignments for each domain:
  == domain 1  score: 0.6 bits;  conditional E-value: 0.036
  HTH_21 32 reggv.rvnhkrVrRlMrel 50
            r++ +  vn+  ++R  +e+
    orf1 53 RQADLlSVNRTSIYRHRKEH 72
            44443579999999988886 PP

  == domain 2  score: 18.8 bits;  conditional E-value: 7.2e-08
  HTH_21   5 allelireifeeskgrYGyrriwaaLrreggvrvn 39 
             +++++i+ei+ e+ +  Gyr +++ Lr++g  + +
    orf1  80 QIMHRIDEIYMEH-PYFGYRCMTRFLRDQGFEKLA 113
             489*********9.9**************865555 PP



Internal pipeline statistics summary:
-------------------------------------
Query sequence(s):                         1  (159 residues searched)
Target model(s):                       19632  (3329936 nodes)
Passed MSV filter:                       707  (0.0360126); expected 392.6 (0.02)
Passed bias filter:                      477  (0.0242971); expected 392.6 (0.02)
Passed Vit filter:                        40  (0.00203749); expected 19.6 (0.001)
Passed Fwd filter:                         1  (5.09372e-05); expected 0.2 (1e-05)
Initial search space (Z):              19632  [actual number of targets]
Domain search space  (domZ):               1  [number of targets reported over threshold]
# CPU time: 0.33u 0.21s 00:00:00.54 Elapsed: 00:00:00.37
# Mc/sec: 1395.74
//
Query:       orf2  [L=113]
Description: source=IMGVR_UViG_2848009954_000006_2848009954_2848009954_3352465-3454987/50708-49121 coords=1151..813 length=113 frame=6 desc=
Scores for complete sequence (score includes all domains):
   --- full sequence ---   --- best 1 domain ---    -#dom-
    E-value  score  bias    E-value  score  bias    exp  N  Model    Description
    ------- ------ -----    ------- ------ -----   ---- --  -------- -----------

   [No hits detected that satisfy reporting thresholds]


Domain annotation for each model (and alignments):

   [No targets detected that satisfy reporting thresholds]


Internal pipeline statistics summary:
-------------------------------------
Query sequence(s):                         1  (113 residues searched)
Target model(s):                       19632  (3329936 nodes)
Passed MSV filter:                       591  (0.0301039); expected 392.6 (0.02)
Passed bias filter:                      313  (0.0159434); expected 392.6 (0.02)
Passed Vit filter:                        22  (0.00112062); expected 19.6 (0.001)
Passed Fwd filter:                         0  (0); expected 0.2 (1e-05)
Initial search space (Z):              19632  [actual number of targets]
Domain search space  (domZ):               0  [number of targets reported over threshold]
# CPU time: 0.33u 0.17s 00:00:00.50 Elapsed: 00:00:00.34
# Mc/sec: 1089.20
//
Query:       orf3  [L=122]
Description: source=IMGVR_UViG_2848009954_000006_2848009954_2848009954_3352465-3454987/50708-49121 coords=366..1 length=122 frame=5 desc=
Scores for complete sequence (score includes all domains):
   --- full sequence ---   --- best 1 domain ---    -#dom-
    E-value  score  bias    E-value  score  bias    exp  N  Model    Description
    ------- ------ -----    ------- ------ -----   ---- --  -------- -----------

   [No hits detected that satisfy reporting thresholds]


Domain annotation for each model (and alignments):

   [No targets detected that satisfy reporting thresholds]


Internal pipeline statistics summary:
-------------------------------------
Query sequence(s):                         1  (122 residues searched)
Target model(s):                       19632  (3329936 nodes)
Passed MSV filter:                       829  (0.042227); expected 392.6 (0.02)
Passed bias filter:                      521  (0.0265383); expected 392.6 (0.02)
Passed Vit filter:                        30  (0.00152812); expected 19.6 (0.001)
Passed Fwd filter:                         0  (0); expected 0.2 (1e-05)
Initial search space (Z):              19632  [actual number of targets]
Domain search space  (domZ):               0  [number of targets reported over threshold]
# CPU time: 0.32u 0.20s 00:00:00.52 Elapsed: 00:00:00.37
# Mc/sec: 1090.17
//
[ok]
