# hmmscan :: search sequence(s) against a profile database
# HMMER 3.3.2 (Nov 2020); http://hmmer.org/
# Copyright (C) 2020 Howard Hughes Medical Institute.
# Freely distributed under the BSD open source license.
# - - - - - - - - - - - - - - - - - - - - - - - - - - - - - - - - - - - -
# query sequence file:             -
# target HMM database:             /n/eddy_lab/data/pfam-35.0/Pfam-A.hmm
# output directed to file:         ./all_windows_new/hmmscan/out/IMGVR_UViG_3300029586_000298_3300029586_Ga0243865_1002068_hmmscan_output.out
# per-seq hits tabular output:     ./all_windows_new/hmmscan/tblout/IMGVR_UViG_3300029586_000298_3300029586_Ga0243865_1002068_hmmscan_output.tblout
# - - - - - - - - - - - - - - - - - - - - - - - - - - - - - - - - - - - -

Query:       orf1  [L=474]
Description: source=IMGVR_UViG_3300029586_000298_3300029586_Ga0243865_1002068/3734-5318 coords=2..1423 length=474 frame=2 desc=
Scores for complete sequence (score includes all domains):
   --- full sequence ---   --- best 1 domain ---    -#dom-
    E-value  score  bias    E-value  score  bias    exp  N  Model    Description
    ------- ------ -----    ------- ------ -----   ---- --  -------- -----------
    8.5e-33  113.9   0.1    1.3e-32  113.2   0.1    1.3  1  RVT_1     Reverse transcriptase (RNA-dependent DNA polymerase
     0.0089   16.3   0.8     0.0089   16.3   0.8    2.1  2  HNH       HNH endonuclease


Domain annotation for each model (and alignments):
>> RVT_1  Reverse transcriptase (RNA-dependent DNA polymerase)
   #    score  bias  c-Evalue  i-Evalue hmmfrom  hmm to    alifrom  ali to    envfrom  env to     acc
 ---   ------ ----- --------- --------- ------- -------    ------- -------    ------- -------    ----
   1 !  113.2   0.1   1.4e-36   1.3e-32      42     221 ..       1     198 [.       1     199 [. 0.92

  Alignments for each domain:
  == domain 1  score: 113.2 bits;  conditional E-value: 1.4e-36
            ---HHHH..............HCCHTS--EEEEEEBCCGCCCSBB-GGGGGGG-EEET..........................TEEEEESB--ST-TTHHHHH CS
  RVT_1  42 qpgfrpgrstldav.edllkalkkkkkaklllklDlkkaFdsvpleellrkltafkvp.tklinliksflstrsfsvrvngeeskgryekkglpqGsvlSPllf 143
            ++gfrp++s++ a+ ++++    ++++ ++++++D+k++Fd+v++++l+r+++a++++ +kli +i+++l+ +   +++  e  ++++  kg+pqG+++SPll+
   orf1   1 SYGFRPNHSVENAIaRSYQLL--QHANLHYVIEFDIKGFFDNVNHAKLIRQIWAMGIHdKKLIFVIRRILKAP---IKL--EDGTFITPDKGTPQGGIISPLLA 97 
            69********99998666666..889******************************97257999******333...355..4449******************* PP

            HHHHHHHHTT-T..............................TEEECTTEEEEEESSHHHHHHHHHHHHHHHHH.TT--BEGGG-EEE......ESSEEETTEE CS
  RVT_1 144 nlfmnellrelrkra........................kgvtllrYaDDililskskeelqelleaveewlke.sglkinpeKtklvlftv.kseevkyLGvt 221
            n+++nel++ +++++                        k+ +++rYaDD+ i++++k+++++   av  wlke  +l+i+++Kt++v   + +++  ++LG++
   orf1  98 NIVLNELDHWVESQWqwcpickrntrpdngyrqakksnlKEMFIVRYADDFRIFCRTKDSAERTKCAVTLWLKErLKLEISEKKTRIV---NvRNHYSDFLGFK 198
            *************************************************************************999************...6688889999986 PP

>> HNH  HNH endonuclease
   #    score  bias  c-Evalue  i-Evalue hmmfrom  hmm to    alifrom  ali to    envfrom  env to     acc
 ---   ------ ----- --------- --------- ------- -------    ------- -------    ------- -------    ----
   1 ?   -3.7   0.3       1.6   1.6e+04       1       7 [.     115     121 ..     115     123 .. 0.79
   2 !   16.3   0.8   9.1e-07    0.0089      12      37 ..     405     430 ..     393     440 .. 0.80

  Alignments for each domain:
  == domain 1  score: -3.7 bits;  conditional E-value: 1.6
           -SSSS-B CS
   HNH   1 CeyCgrk 7  
           C +C+r+
  orf1 115 CPICKRN 121
           8899886 PP

  == domain 2  score: 16.3 bits;  conditional E-value: 9.1e-07
           E--EEEESS-TTTT--BSGGGEEEE- CS
   HNH  12 dalevdHiipisqggaddieNlqllC 37 
            + +++H+ p++ gg+d +eNl+l+ 
  orf1 405 GEIHCHHKLPRHLGGTDAYENLILIK 430
           6789*******************985 PP



Internal pipeline statistics summary:
-------------------------------------
Query sequence(s):                         1  (474 residues searched)
Target model(s):                       19632  (3329936 nodes)
Passed MSV filter:                       757  (0.0385595); expected 392.6 (0.02)
Passed bias filter:                      499  (0.0254177); expected 392.6 (0.02)
Passed Vit filter:                        44  (0.00224124); expected 19.6 (0.001)
Passed Fwd filter:                         2  (0.000101874); expected 0.2 (1e-05)
Initial search space (Z):              19632  [actual number of targets]
Domain search space  (domZ):               2  [number of targets reported over threshold]
# CPU time: 0.40u 0.21s 00:00:00.61 Elapsed: 00:00:00.38
# Mc/sec: 4073.42
//
Query:       orf2  [L=161]
Description: source=IMGVR_UViG_3300029586_000298_3300029586_Ga0243865_1002068/3734-5318 coords=1162..680 length=161 frame=4 desc=
Scores for complete sequence (score includes all domains):
   --- full sequence ---   --- best 1 domain ---    -#dom-
    E-value  score  bias    E-value  score  bias    exp  N  Model    Description
    ------- ------ -----    ------- ------ -----   ---- --  -------- -----------

   [No hits detected that satisfy reporting thresholds]


Domain annotation for each model (and alignments):

   [No targets detected that satisfy reporting thresholds]


Internal pipeline statistics summary:
-------------------------------------
Query sequence(s):                         1  (161 residues searched)
Target model(s):                       19632  (3329936 nodes)
Passed MSV filter:                       628  (0.0319886); expected 392.6 (0.02)
Passed bias filter:                      434  (0.0221068); expected 392.6 (0.02)
Passed Vit filter:                        33  (0.00168093); expected 19.6 (0.001)
Passed Fwd filter:                         0  (0); expected 0.2 (1e-05)
Initial search space (Z):              19632  [actual number of targets]
Domain search space  (domZ):               0  [number of targets reported over threshold]
# CPU time: 0.32u 0.17s 00:00:00.49 Elapsed: 00:00:00.34
# Mc/sec: 1576.31
//
Query:       orf3  [L=121]
Description: source=IMGVR_UViG_3300029586_000298_3300029586_Ga0243865_1002068/3734-5318 coords=676..314 length=121 frame=4 desc=
Scores for complete sequence (score includes all domains):
   --- full sequence ---   --- best 1 domain ---    -#dom-
    E-value  score  bias    E-value  score  bias    exp  N  Model    Description
    ------- ------ -----    ------- ------ -----   ---- --  -------- -----------

   [No hits detected that satisfy reporting thresholds]


Domain annotation for each model (and alignments):

   [No targets detected that satisfy reporting thresholds]


Internal pipeline statistics summary:
-------------------------------------
Query sequence(s):                         1  (121 residues searched)
Target model(s):                       19632  (3329936 nodes)
Passed MSV filter:                       306  (0.0155868); expected 392.6 (0.02)
Passed bias filter:                      267  (0.0136002); expected 392.6 (0.02)
Passed Vit filter:                        20  (0.00101874); expected 19.6 (0.001)
Passed Fwd filter:                         0  (0); expected 0.2 (1e-05)
Initial search space (Z):              19632  [actual number of targets]
Domain search space  (domZ):               0  [number of targets reported over threshold]
# CPU time: 0.31u 0.16s 00:00:00.47 Elapsed: 00:00:00.33
# Mc/sec: 1213.94
//
Query:       orf4  [L=103]
Description: source=IMGVR_UViG_3300029586_000298_3300029586_Ga0243865_1002068/3734-5318 coords=310..2 length=103 frame=4 desc=
Scores for complete sequence (score includes all domains):
   --- full sequence ---   --- best 1 domain ---    -#dom-
    E-value  score  bias    E-value  score  bias    exp  N  Model    Description
    ------- ------ -----    ------- ------ -----   ---- --  -------- -----------

   [No hits detected that satisfy reporting thresholds]


Domain annotation for each model (and alignments):

   [No targets detected that satisfy reporting thresholds]


Internal pipeline statistics summary:
-------------------------------------
Query sequence(s):                         1  (103 residues searched)
Target model(s):                       19632  (3329936 nodes)
Passed MSV filter:                       458  (0.0233293); expected 392.6 (0.02)
Passed bias filter:                      340  (0.0173187); expected 392.6 (0.02)
Passed Vit filter:                         8  (0.000407498); expected 19.6 (0.001)
Passed Fwd filter:                         0  (0); expected 0.2 (1e-05)
Initial search space (Z):              19632  [actual number of targets]
Domain search space  (domZ):               0  [number of targets reported over threshold]
# CPU time: 0.28u 0.19s 00:00:00.47 Elapsed: 00:00:00.33
# Mc/sec: 1034.82
//
[ok]
.. 0.62

  Alignments for each domain:
  == domain 1  score: 2.2 bits;  conditional E-value: 0.11
  UPF0113_N  8 trivfekLtkyigdnvkelldkegdgtycfrlkkkrVyyvseellk 53
               ++i+   L+ y g + k+ll+   d    +  +++r ++++  +l+
       orf1 60 MDIIPSDLATY-GSEAKKLLQ---D----LQSRNERMFLLTFLVLN 97
               5688899****.********9...3....45566666666655555 PP

  == domain 2  score: 0.6 bits;  conditional E-value: 0.34
  UPF0113_N  31 gdgtycfrlkkkrVyyvsee 50 
                 +  +cf l +++V+++  e
       orf1 215 REIANCFLLTNDDVIICDPE 234
                44578**********99865 PP

  == domain 3  score: 5.7 bits;  conditional E-value: 0.0091
  UPF0113_N   1 RkLseeEtrivfekLtkyigdnvkelldkegdgtycfrlkkkrVyyvseellklaskv 58 
                R+ +e+E++ + ++L+ y  ++  ++++     +++  ++++ V+y  +el k ++k+
       orf1 335 REQEEKEAQYIATALEIY-VTGSLNVFN----HQSNVDINNRIVCYDIKELGKQLKKI 387
                56689*************.556666777....46789999999999999998888776 PP

  == domain 4  score: -1.4 bits;  conditional E-value: 1.5
  UPF0113_N  15 Ltky......igdnvkelld 28 
                 +k+      i++nvk+ll+
       orf1 437 FRKWggiptgITQNVKDLLS 456
                33336666667778888777 PP

>> AAA_22  AAA domain
   #    score  bias  c-Evalue  i-Evalue hmmfrom  hmm to    alifrom  ali to    envfrom  env to     acc
 ---   ------ ----- --------- --------- ------- -------    ------- -------    ------- -------    ----
   1 ?    8.6   0.0   0.00098       2.4       8      24 ..     199     215 ..     194     234 .. 0.92
   2 ?    1.0   0.0      0.21   5.1e+02      87     106 ..     405     423 ..     375     451 .. 0.71

  Alignments for each domain:
  == domain 1  score: 8.6 bits;  conditional E-value: 0.00098
  AAA_22   8 lvvtGesGtGKTtllrr 24 
             +++ G +G+GK+++++r
    orf1 199 GLILGTPGSGKSFSAKR 215
             799************97 PP

  == domain 2  score: 1.0 bits;  conditional E-value: 0.21
  AAA_22  87 raravielliiDEaqhlrse 106
              a++      iDE++ l +e
    orf1 405 AAHKS-TRYYIDEMHLLLKE 423
             33333.5689******6432 PP

>> BRICHOS  BRICHOS domain
   #    score  bias  c-Evalue  i-Evalue hmmfrom  hmm to    alifrom  ali to    envfrom  env to     acc
 ---   ------ ----- --------- --------- ------- -------    ------- -------    ------- -------    ----
   1 ?    1.4   0.1      0.18   4.4e+02      58      83 ..      48      77 ..      14     112 .. 0.56
   2 ?   -2.7   0.0       3.2   7.9e+03      25      42 ..     219     236 ..     216     287 .. 0.56
   3 ?    7.7   0.0    0.0018       4.5      30      81 ..     318     385 ..     315     387 .. 0.76

  Alignments for each domain:
  == domain 1  score: 1.4 bits;  conditional E-value: 0.18
  BRICHOS 58 eslgvyvpkeevvk....dlsflgkkiqel 83
             e+++  v + + ++    dl+++g+++++l
     orf1 48 EEQKKAVRAGYDMDiipsDLATYGSEAKKL 77
             222222333333336666777777766665 PP

  == domain 2  score: -2.7 bits;  conditional E-value: 3.2
  BRICHOS  25 aCyiskmdkssipsleel 42 
              +C++ + d   i ++e+ 
     orf1 219 NCFLLTNDDVIICDPEAE 236
              577776666666665543 PP

  == domain 3  score: 7.7 bits;  conditional E-value: 0.0018
  BRICHOS  30 kmdkssipsleellkllkekkegeeats.eslgvyvpkeevvk...............dlsflgkkiq 81 
              +  ++++p le+l +ll+e++e+e +   ++l++yv  +  v                d+++lgk+ +
     orf1 318 DPRPENMPVLEDLYNLLREQEEKEAQYIaTALEIYVTGSLNVFnhqsnvdinnrivcyDIKELGKQLK 385
              556899*************8855555556888888888877767777777888888888888888766 PP



Internal pipeline statistics summary:
-------------------------------------
Query sequence(s):                         1  (468 residues searched)
Target model(s):                       19632  (3329936 nodes)
Passed MSV filter:                       838  (0.0426854); expected 392.6 (0.02)
Passed bias filter:                      594  (0.0302567); expected 392.6 (0.02)
Passed Vit filter:                        59  (0.0030053); expected 19.6 (0.001)
Passed Fwd filter:                         8  (0.000407498); expected 0.2 (1e-05)
Initial search space (Z):              19632  [actual number of targets]
Domain search space  (domZ):               8  [number of targets reported over threshold]
# CPU time: 0.40u 0.20s 00:00:00.60 Elapsed: 00:00:00.36
# Mc/sec: 4281.79
//
Query:       orf2  [L=137]
Description: source=IMGVR_UViG_3300029586_000298_3300029586_Ga0243865_1002068/1135-2835 coords=1699..1289 length=137 frame=6 desc=
Scores for complete sequence (score includes all domains):
   --- full sequence ---   --- best 1 domain ---    -#dom-
    E-value  score  bias    E-value  score  bias    exp  N  Model    Description
    ------- ------ -----    ------- ------ -----   ---- --  -------- -----------

   [No hits detected that satisfy reporting thresholds]


Domain annotation for each model (and alignments):

   [No targets detected that satisfy reporting thresholds]


Internal pipeline statistics summary:
-------------------------------------
Query sequence(s):                         1  (137 residues searched)
Target model(s):                       19632  (3329936 nodes)
Passed MSV filter:                       241  (0.0122759); expected 392.6 (0.02)
Passed bias filter:                      201  (0.0102384); expected 392.6 (0.02)
Passed Vit filter:                        10  (0.000509372); expected 19.6 (0.001)
Passed Fwd filter:                         0  (0); expected 0.2 (1e-05)
Initial search space (Z):              19632  [actual number of targets]
Domain search space  (domZ):               0  [number of targets reported over threshold]
# CPU time: 0.30u 0.14s 00:00:00.44 Elapsed: 00:00:00.30
# Mc/sec: 1476.13
//
Query:       orf3  [L=144]
Description: source=IMGVR_UViG_3300029586_000298_3300029586_Ga0243865_1002068/1135-2835 coords=1424..993 length=144 frame=5 desc=
Scores for complete sequence (score includes all domains):
   --- full sequence ---   --- best 1 domain ---    -#dom-
    E-value  score  bias    E-value  score  bias    exp  N  Model    Description
    ------- ------ -----    ------- ------ -----   ---- --  -------- -----------

   [No hits detected that satisfy reporting thresholds]


Domain annotation for each model (and alignments):

   [No targets detected that satisfy reporting thresholds]


Internal pipeline statistics summary:
-------------------------------------
Query sequence(s):                         1  (144 residues searched)
Target model(s):                       19632  (3329936 nodes)
Passed MSV filter:                       387  (0.0197127); expected 392.6 (0.02)
Passed bias filter:                      338  (0.0172168); expected 392.6 (0.02)
Passed Vit filter:                        14  (0.000713121); expected 19.6 (0.001)
Passed Fwd filter:                         0  (0); expected 0.2 (1e-05)
Initial search space (Z):              19632  [actual number of targets]
Domain search space  (domZ):               0  [number of targets reported over threshold]
# CPU time: 0.28u 0.18s 00:00:00.46 Elapsed: 00:00:00.33
# Mc/sec: 1414.51
//
Query:       orf4  [L=162]
Description: source=IMGVR_UViG_3300029586_000298_3300029586_Ga0243865_1002068/1135-2835 coords=989..504 length=162 frame=5 desc=
Scores for complete sequence (score includes all domains):
   --- full sequence ---   --- best 1 domain ---    -#dom-
    E-value  score  bias    E-value  score  bias    exp  N  Model    Description
    ------- ------ -----    ------- ------ -----   ---- --  -------- -----------

   [No hits detected that satisfy reporting thresholds]


Domain annotation for each model (and alignments):

   [No targets detected that satisfy reporting thresholds]


Internal pipeline statistics summary:
-------------------------------------
Query sequence(s):                         1  (162 residues searched)
Target model(s):                       19632  (3329936 nodes)
Passed MSV filter:                       527  (0.0268439); expected 392.6 (0.02)
Passed bias filter:                      423  (0.0215465); expected 392.6 (0.02)
Passed Vit filter:                        26  (0.00132437); expected 19.6 (0.001)
Passed Fwd filter:                         0  (0); expected 0.2 (1e-05)
Initial search space (Z):              19632  [actual number of targets]
Domain search space  (domZ):               0  [number of targets reported over threshold]
# CPU time: 0.32u 0.16s 00:00:00.48 Elapsed: 00:00:00.32
# Mc/sec: 1677.08
//
Query:       orf5  [L=90]
Description: source=IMGVR_UViG_3300029586_000298_3300029586_Ga0243865_1002068/1135-2835 coords=272..3 length=90 frame=5 desc=
Scores for complete sequence (score includes all domains):
   --- full sequence ---   --- best 1 domain ---    -#dom-
    E-value  score  bias    E-value  score  bias    exp  N  Model    Description
    ------- ------ -----    ------- ------ -----   ---- --  -------- -----------

   [No hits detected that satisfy reporting thresholds]


Domain annotation for each model (and alignments):

   [No targets detected that satisfy reporting thresholds]


Internal pipeline statistics summary:
-------------------------------------
Query sequence(s):                         1  (90 residues searched)
Target model(s):                       19632  (3329936 nodes)
Passed MSV filter:                       364  (0.0185412); expected 392.6 (0.02)
Passed bias filter:                      243  (0.0123778); expected 392.6 (0.02)
Passed Vit filter:                         9  (0.000458435); expected 19.6 (0.001)
Passed Fwd filter:                         0  (0); expected 0.2 (1e-05)
Initial search space (Z):              19632  [actual number of targets]
Domain search space  (domZ):               0  [number of targets reported over threshold]
# CPU time: 0.27u 0.18s 00:00:00.45 Elapsed: 00:00:00.31
# Mc/sec: 939.47
//
[ok]
