# hmmscan :: search sequence(s) against a profile database
# HMMER 3.3.2 (Nov 2020); http://hmmer.org/
# Copyright (C) 2020 Howard Hughes Medical Institute.
# Freely distributed under the BSD open source license.
# - - - - - - - - - - - - - - - - - - - - - - - - - - - - - - - - - - - -
# query sequence file:             -
# target HMM database:             /n/eddy_lab/data/pfam-35.0/Pfam-A.hmm
# output directed to file:         ./all_windows_new/hmmscan/out/IMGVR_UViG_3300007186_000009_3300007186_Ga0103259_100089_hmmscan_output.out
# per-seq hits tabular output:     ./all_windows_new/hmmscan/tblout/IMGVR_UViG_3300007186_000009_3300007186_Ga0103259_100089_hmmscan_output.tblout
# - - - - - - - - - - - - - - - - - - - - - - - - - - - - - - - - - - - -

Query:       orf1  [L=292]
Description: source=IMGVR_UViG_3300007186_000009_3300007186_Ga0103259_100089/2685-4270 coords=1..876 length=292 frame=1 desc=
Scores for complete sequence (score includes all domains):
   --- full sequence ---   --- best 1 domain ---    -#dom-
    E-value  score  bias    E-value  score  bias    exp  N  Model    Description
    ------- ------ -----    ------- ------ -----   ---- --  -------- -----------

   [No hits detected that satisfy reporting thresholds]


Domain annotation for each model (and alignments):

   [No targets detected that satisfy reporting thresholds]


Internal pipeline statistics summary:
-------------------------------------
Query sequence(s):                         1  (292 residues searched)
Target model(s):                       19632  (3329936 nodes)
Passed MSV filter:                       626  (0.0318867); expected 392.6 (0.02)
Passed bias filter:                      462  (0.023533); expected 392.6 (0.02)
Passed Vit filter:                        38  (0.00193562); expected 19.6 (0.001)
Passed Fwd filter:                         0  (0); expected 0.2 (1e-05)
Initial search space (Z):              19632  [actual number of targets]
Domain search space  (domZ):               0  [number of targets reported over threshold]
# CPU time: 0.29u 0.19s 00:00:00.48 Elapsed: 00:00:00.32
# Mc/sec: 2992.34
//
QueQuery:       orf2  [L=493]
Description: source=IMGVR_UViG_3300007186_000009_3300007186_Ga0103259_100089/2080-3767 coords=3..1481 length=493 frame=3 desc=
Scores for complete sequence (score includes all domains):
   --- full sequence ---   --- best 1 domain ---    -#dom-
    E-value  score  bias    E-value  score  bias    exp  N  Model    Description
    ------- ------ -----    ------- ------ -----   ---- --  -------- -----------

   [No hits detected that satisfy reporting thresholds]


Domain annotation for each model (and alignments):

   [No targets detected that satisfy reporting thresholds]


Internal pipeline statistics summary:
-------------------------------------
Query sequence(s):                         1  (493 residues searched)
Target model(s):                       19632  (3329936 nodes)
Passed MSV filter:                       710  (0.0361654); expected 392.6 (0.02)
Passed bias filter:                      489  (0.0249083); expected 392.6 (0.02)
Passed Vit filter:                        44  (0.00224124); expected 19.6 (0.001)
Passed Fwd filter:                         0  (0); expected 0.2 (1e-05)
Initial search space (Z):              19632  [actual number of targets]
Domain search space  (domZ):               0  [number of targets reported over threshold]
# CPU time: 0.34u 0.16s 00:00:00.50 Elapsed: 00:00:00.29
# Mc/sec: 5502.29
//Query:       orf3  [L=162]
Description: source=IMGVR_UViG_3300007186_000009_3300007186_Ga0103259_100089/2685-4270 coords=543..58 length=162 frame=6 desc=
Scores for complete sequence (score includes all domains):
   --- full sequence ---   --- best 1 domain ---    -#dom-
    E-value  score  bias    E-value  score  bias    exp  N  Model    Description
    ------- ------ -----    ------- ------ -----   ---- --  -------- -----------

   [No hits detected that satisfy reporting thresholds]


Domain annotation for each model (and alignments):

   [No targets detected that satisfy reporting thresholds]


Internal pipeline statistics summary:
-------------------------------------
Query sequence(s):                         1  (162 residues searched)
Target model(s):                       19632  (3329936 nodes)
Passed MSV filter:                       548  (0.0279136); expected 392.6 (0.02)
Passed bias filter:                      322  (0.0164018); expected 392.6 (0.02)
Passed Vit filter:                        16  (0.000814996); expected 19.6 (0.001)
Passed Fwd filter:                         0  (0); expected 0.2 (1e-05)
Initial search space (Z):              19632  [actual number of targets]
Domain search space  (domZ):               0  [number of targets reported over threshold]
# CPU time: 0.27u 0.19s 00:00:00.46 Elapsed: 00:00:00.32
# Mc/sec: 1667.16
//
[okQuery:       orf4  [L=128]
Description: source=IMGVR_UViG_3300007186_000009_3300007186_Ga0103259_100089/2080-3767 coords=548..165 length=128 frame=4 desc=
Scores for complete sequence (score includes all domains):
   --- full sequence ---   --- best 1 domain ---    -#dom-
    E-value  score  bias    E-value  score  bias    exp  N  Model    Description
    ------- ------ -----    ------- ------ -----   ---- --  -------- -----------

   [No hits detected that satisfy reporting thresholds]


Domain annotation for each model (and alignments):

   [No targets detected that satisfy reporting thresholds]


Internal pipeline statistics summary:
-------------------------------------
Query sequence(s):                         1  (128 residues searched)
Target model(s):                       19632  (3329936 nodes)
Passed MSV filter:                       730  (0.0371842); expected 392.6 (0.02)
Passed bias filter:                      295  (0.0150265); expected 392.6 (0.02)
Passed Vit filter:                        21  (0.00106968); expected 19.6 (0.001)
Passed Fwd filter:                         0  (0); expected 0.2 (1e-05)
Initial search space (Z):              19632  [actual number of targets]
Domain search space  (domZ):               0  [number of targets reported over threshold]
# CPU time: 0.26u 0.16s 00:00:00.42 Elapsed: 00:00:00.28
# Mc/sec: 1495.52
//
[ok]
