# hmmscan :: search sequence(s) against a profile database
# HMMER 3.3.2 (Nov 2020); http://hmmer.org/
# Copyright (C) 2020 Howard Hughes Medical Institute.
# Freely distributed under the BSD open source license.
# - - - - - - - - - - - - - - - - - - - - - - - - - - - - - - - - - - - -
# query sequence file:             -
# target HMM database:             /n/eddy_lab/data/pfam-35.0/Pfam-A.hmm
# output directed to file:         ./all_windows_new/hmmscan/out/IMGVR_UViG_3300008079_000155_3300008079_Ga0105956_102490_hmmscan_output.out
# per-seq hits tabular output:     ./all_windows_new/hmmscan/tblout/IMGVR_UViG_3300008079_000155_3300008079_Ga0105956_102490_hmmscan_output.tblout
# - - - - - - - - - - - - - - - - - - - - - - - - - - - - - - - - - - - -

Query:       orf1  [L=149]
Description: source=IMGVR_UViG_3300008079_000155_3300008079_Ga0105956_102490/1-563 coords=1..447 length=149 frame=1 desc=
Scores for complete sequence (score includes all domains):
   --- full sequence ---   --- best 1 domain ---    -#dom-
    E-value  score  bias    E-value  score  bias    exp  N  Model           Description
    ------- ------ -----    ------- ------ -----   ---- --  --------        -----------
     0.0013   18.8   0.0      0.002   18.2   0.0    1.4  1  Intron_maturas2  Type II intron maturase
  ------ inclusion threshold ------
      0.031   14.3   4.9      0.072   13.1   3.5    2.4  2  Ribosomal_L40e   Ribosomal L40e family


Domain annotation for each model (and alignments):
>> Intron_maturas2  Type II intron maturase
   #    score  bias  c-Evalue  i-Evalue hmmfrom  hmm to    alifrom  ali to    envfrom  env to     acc
 ---   ------ ----- --------- --------- ------- -------    ------- -------    ------- -------    ----
   1 !   18.2   0.0   2.1e-07     0.002      74     103 ..       8      36 ..       2      75 .. 0.80

  Alignments for each domain:
  == domain 1  score: 18.2 bits;  conditional E-value: 2.1e-07
  Intron_maturas2  74 ikyilrkscvkTLArKlklktvrkvikkfG 103
                        yi+++s+  T+A K ++ tv+kvi k+ 
             orf1   8 FGYIMEYSMYHTIAAKTNS-TVSKVIDKYK 36 
                      56*****************.******9863 PP

>> Ribosomal_L40e  Ribosomal L40e family
   #    score  bias  c-Evalue  i-Evalue hmmfrom  hmm to    alifrom  ali to    envfrom  env to     acc
 ---   ------ ----- --------- --------- ------- -------    ------- -------    ------- -------    ----
   1 ?   -2.8   0.0       0.7   6.9e+03       6      14 ..      18      26 ..      16      31 .. 0.79
   2 ?   13.1   3.5   7.3e-06     0.072      10      30 ..     128     148 ..     111     149 .] 0.91

  Alignments for each domain:
  == domain 1  score: -2.8 bits;  conditional E-value: 0.7
  Ribosomal_L40e  6 rqLAqKync 14
                    + +A K+n 
            orf1 18 HTIAAKTNS 26
                    568999986 PP

  == domain 2  score: 13.1 bits;  conditional E-value: 7.3e-06
  Ribosomal_L40e  10 qKyncdKmiCrkCYArlppra 30 
                     +K++    +C kCYA+ + +a
            orf1 128 EKHRKTLVVCEKCYAKIHNHA 148
                     7999999***********998 PP



Internal pipeline statistics summary:
-------------------------------------
Query sequence(s):                         1  (149 residues searched)
Target model(s):                       19632  (3329936 nodes)
Passed MSV filter:                       809  (0.0412082); expected 392.6 (0.02)
Passed bias filter:                      506  (0.0257742); expected 392.6 (0.02)
Passed Vit filter:                        48  (0.00244499); expected 19.6 (0.001)
Passed Fwd filter:                         2  (0.000101874); expected 0.2 (1e-05)
Initial search space (Z):              19632  [actual number of targets]
Domain search space  (domZ):               2  [number of targets reported over threshold]
# CPU time: 0.34u 0.19s 00:00:00.53 Elapsed: 00:00:00.34
# Mc/sec: 1453.32
//
[ok]
