# hmmscan :: search sequence(s) against a profile database
# HMMER 3.3.2 (Nov 2020); http://hmmer.org/
# Copyright (C) 2020 Howard Hughes Medical Institute.
# Freely distributed under the BSD open source license.
# - - - - - - - - - - - - - - - - - - - - - - - - - - - - - - - - - - - -
# query sequence file:             -
# target HMM database:             /n/eddy_lab/data/pfam-35.0/Pfam-A.hmm
# output directed to file:         ./all_windows_new/hmmscan/out/IMGVR_UViG_3300000097_000005_3300000097_IMNBA4DRAFT_c000095_hmmscan_output.out
# per-seq hits tabular output:     ./all_windows_new/hmmscan/tblout/IMGVR_UViG_3300000097_000005_3300000097_IMNBA4DRAFT_c000095_hmmscan_output.tblout
# - - - - - - - - - - - - - - - - - - - - - - - - - - - - - - - - - - - -

Query:       orf1  [L=489]
Description: source=IMGVR_UViG_3300000097_000005_3300000097_IMNBA4DRAFT_c000095/2838-4422 coords=3..1469 length=489 frame=3 desc=
Scores for complete sequence (score includes all domains):
   --- full sequence ---   --- best 1 domain ---    -#dom-
    E-value  score  bias    E-value  score  bias    exp  N  Model    Description
    ------- ------ -----    ------- ------ -----   ---- --  -------- -----------
    1.8e-30  106.3   0.1    1.8e-30  106.3   0.1    2.5  4  RVT_1     Reverse transcriptase (RNA-dependent DNA polymerase
  ------ inclusion threshold ------
      0.016   15.4   3.5      0.019   15.2   1.1    2.5  2  GIIM      Group II intron, maturase-specific domain
      0.023   15.0   0.2      0.064   13.6   0.2    1.8  1  HNH       HNH endonuclease
       0.08   11.3   0.4       0.18   10.2   0.0    1.6  2  DUF2070   Predicted membrane protein (DUF2070)


Domain annotation for each model (and alignments):
>> RVT_1  Reverse transcriptase (RNA-dependent DNA polymerase)
   #    score  bias  c-Evalue  i-Evalue hmmfrom  hmm to    alifrom  ali to    envfrom  env to     acc
 ---   ------ ----- --------- --------- ------- -------    ------- -------    ------- -------    ----
   1 !  106.3   0.1   3.6e-34   1.8e-30      41     222 .]       2     206 ..       1     206 [. 0.92
   2 ?   -2.4   0.1      0.61     3e+03      73     109 ..     280     313 ..     227     338 .. 0.47
   3 ?   -2.0   0.0      0.47   2.3e+03      26      72 ..     362     406 ..     341     411 .. 0.56
   4 ?   -2.0   0.1      0.45   2.2e+03     180     204 ..     442     466 ..     412     478 .. 0.62

  Alignments for each domain:
  == domain 1  score: 106.3 bits;  conditional E-value: 3.6e-34
            ----HHHH..............HCCHTS--EEEEEEBCCGCCCSBB-GGGGGGG-EEET..........................TEEEEESB--ST-TTHHHH CS
  RVT_1  41 nqpgfrpgrstldav.edllkalkkkkkaklllklDlkkaFdsvpleellrkltafkvptk.linliksflstrsfsvrvngeeskgryekkglpqGsvlSPll 142
            ++ gfrp+rs ++a+ ++++ +  + ++ ++++++D+k++Fd+v++ +ll++++++++++k l+++++ +l         + e ++  +  kg+pqG+++SPll
   orf1   2 RSNGFRPNRSAEHAMaQSYRMI--QIQNLHYVVDIDIKSFFDNVQHGKLLKQIWHLGIRDKkLLKILSLML---------KAEVAGIGFPDKGTPQGGIISQuery:       orf2  [L=297]
Description: source=IMGVR_UViG_3300000097_000005_3300000097_IMNBA4DRAFT_c000095/235-1937 coords=561..1451 length=297 frame=3 desc=
Scores for complete sequence (score includes all domains):
   --- full sequence ---   --- best 1 domain ---    -#dom-
    E-value  score  bias    E-value  score  bias    exp  N  Model         Description
    ------- ------ -----    ------- ------ -----   ---- --  --------      -----------
    1.3e-05   25.1   0.1    0.00013   21.8   0.1    2.1  1  Terminase_6N   Terminase large subunit, T4likevirus-type, N-t
    0.00077   19.3   0.0     0.0013   18.6   0.0    1.3  1  TerL_ATPase    Terminase large subunit, ATPase domain
     0.0012   19.2   0.0      0.002   18.5   0.0    1.3  1  AAA_19         AAA domain
     0.0076   16.1   0.0      0.012   15.5   0.0    1.4  1  AAA_30         AAA domain
     0.0087   16.1   0.0      0.015   15.3   0.0    1.3  1  Helicase_RecD  Helicase


Domain annotation for each model (and alignments):
>> Terminase_6N  Terminase large subunit, T4likevirus-type, N-terminal
   #    score  bias  c-Evalue  i-Evalue hmmfrom  hmm to    alifrom  ali to    envfrom  env to     acc
 ---   ------ ----- --------- --------- ------- -------    ------- -------    ------- -------    ----
   1 !   21.8   0.1   3.3e-08   0.00013       1     112 [.      78     188 ..      78     252 .. 0.69

  Alignments for each domain:
  == domain 1  score: 21.8 bits;  conditional E-value: 3.3e-08
                   XEEEXSSSXHHHHHHHHHHHHHHSSSSXXEEEEE.ESSHHHHHHHHHHHHHHHHTSXT.TTSXXEEEEXSSEEEETTSXEEEEESXXX.....SHHH CS
  Terminase_6N   1 lilggrqsGKTfagarellrhllgrgprnqvils.askaqakeeggqfekgigelake.ilkikfeesaknlivlsnGaslkflsleke....tagg 91 
                   ++l++r+ GKTf++a++ +++++  +  ++v l+  + +qa+e+ + ++ +++ l+ +  lk +++    ++++ ++ a++ f+ +++       ++
          orf2  78 IYLASRGGGKTFLIAIFCVCYCILYPG-SWVKLAsKTRGQATEI-I-NKIQSILLPNSlNLKSEIS----RIKIDQSMAKVWFKNTSEIsvvtAGES 167
                   699**********************95.***99999999***96.2.2233333333335555555....333337777788888877666655667 PP

                   HHTSXXSEEEEESGGGSTTHH CS
  Terminase_6N  92 yqGaqidaiyfDElaeipksq 112
                    + +++  +++DE+  ++k +
          orf2 168 ARSNRATVLIVDEFRMVDKVI 188
                   777888999999976666544 PP

>> TerL_ATPase  Terminase large subunit, ATPase domain
   #    score  bias  c-Evalue  i-Evalue hmmfrom  hmm to    alifrom  ali to    envfrom  env to     acc
 ---   ------ ----- --------- --------- ------- -------    ------- -------    ------- -------    ----
   1 !   18.6   0.0   3.3e-07    0.0013      16     152 ..      69     202 ..      62     207 .. 0.67

  Alignments for each domain:
  == domain 1  score: 18.6 bits;  conditional E-value: 3.3e-07
  TerL_ATPase  16 stvrrfdeayvsvgrkngKsildavialiellldpkansqifvaattkdQAekilkkvkrqv.....klskekikvkdekilksrkkeieislvdsvi 108
                  + + r+ +a+   +r  gK+ l a+  +   +l p   s + +a+ t+ QA  i++k++ ++     +l+ e   + + ki +s+ k   +    s i
         orf2  69 CAMFRYPNAIYLASRGGGKTFLIAIFCVCYCILYP--GSWVKLASKTRGQATEIINKIQSILlpnslNLKSE---ISRIKIDQSMAKVWFKNT--SEI 159
                  5555777888889999*****************98..57899***************998763311144444...444444444333322222..222 PP

  TerL_ATPase 109 kplssneDalDGkdpslvilDElaafkddelleti.keglrkrkn 152
                        +++    + +++i+DE+  + +  ++ ti k+ l  +++
         orf2 160 S-VVTAGESARSNRATVLIVDEFRMVDKV-IVDTIlKKFLSTNRQ 202
                  2.34557788889**********766655.777762444455555 PP

>> AAA_19  AAA domain
   #    score  bias  c-Evalue  i-Evalue hmmfrom  hmm to    alifrom  ali to    envfrom  env to     acc
 ---   ------ ----- --------- --------- ------- -------    ------- -------    ------- -------    ----
   1 !   18.5   0.0     5e-07     0.002      11     127 ..      75     197 ..      64     202 .. 0.68

  Alignments for each domain:
  == domain 1  score: 18.5 bits;  conditional E-value: 5e-07
  AAA_19  11 kvllvtaGpGtGKTrtlvhivallveekgvkpeeillvaftgrAakelrerlaalgae...........akTiHrlallldfddlltealelleekeeekkle 102
             ++ + +a+ G GKT ++   + ++  +   +   + l++ t+  a e+ +++++++++           +k   ++a  + f+++   +++++  + e+   +
    orf2  75 PNAIYLASRGGGKTFLIAIFCVCYCILY--PGSWVKLASKTRGQATEIINKIQSILLPnslnlkseisrIKIDQSMA-KVWFKNTS--EISVV-TAGESARSN 171
             5667789999*****9999988888887..44789999999999999999999999997777744433211111111.12333333..22232.344555667 PP

  AAA_19 103 eerllivDEfqdvd.elqyrLlkall 127
             ++++livDEf +vd     ++lk+ l
    orf2 172 RATVLIVDEFRMVDkVIVDTILKKFL 197
             778***********777778888776 PP

>> AAA_30  AAA domain
   #    score  bias  c-Evalue  i-Evalue hmmfrom  hmm to    alifrom  ali to    envfrom  env to     acc
 ---   ------ ----- --------- --------- ------- -------    ------- -------    ------- -------    ----
   1 !   15.5   0.0   3.1e-06     0.012       7     111 ..      65     195 ..      59     202 .. 0.75

  Alignments for each domain:
  == domain 1  score: 15.5 bits;  conditional E-value: 3.1e-06
  AAA_30   7 aaavealltsgdrvavltGpAGtGKttalkalreaweae..ggrvvglAptakaAkvLaeelgi....eaetiakllhrlk...................... 81 
             + ++ a+   ++  a+  +  G GKt++++     +     g  v +++ t  +A ++ +++      ++ ++++ ++r k                      
    orf2  65 QIILCAMFRYPN--AIYLASRGGGKTFLIAIFCVCYCILypGSWVKLASKTRGQATEIINKIQSillpNSLNLKSEISRIKidqsmakvwfkntseisvvtag 165
             555555555555..6777889999999999985555555457888888888888888776666335567777777777777777777788888889*****99 PP

  AAA_30  82 grarlapgtllvvDEagmvdtkdlarllea 111
             + ar +++t+l+vDE  mvd   ++++l++
    orf2 166 ESARSNRATVLIVDEFRMVDKVIVDTILKK 195
             77899999************9999988876 PP

>> Helicase_RecD  Helicase
   #    score  bias  c-Evalue  i-Evalue hmmfrom  hmm to    alifrom  ali to    envfrom  env to     acc
 ---   ------ ----- --------- --------- ------- -------    ------- -------    ------- -------    ----
   1 !   15.3   0.0   3.7e-06     0.015       3     114 ..      80     196 ..      78     201 .. 0.75

  Alignments for each domain:
  == domain 1  score: 15.3 bits;  conditional E-value: 3.7e-06
  Helicase_RecD   3 tAdRGRGKSaalGlalaal.iaegksnilvtapskenvktlfeflakgl..ealglke...eekkkkaekaelrvrkqrieyiapdellklkeqad 92 
                     A+RG GK+ ++++++    i    s + +++ ++ +++++++ +++ l  ++l+lk+   + k +++  +   ++ ++i  ++  e ++++ +a 
           orf2  80 LASRGGGKTFLIAIFCVCYcILYPGSWVKLASKTRGQATEIINKIQSILlpNSLNLKSeisRIKIDQSMAKVWFKNTSEISVVTAGESARSN-RAT 174
                    699***********9865505555599******************99883334444444432233333333344449999999999998877.79* PP

  Helicase_RecD  93 llvvDEAAaiplpllkkllekf 114
                    +l+vDE  +++  +++++l+kf
           orf2 175 VLIVDEFRMVDKVIVDTILKKF 196
                    ***************9999876 PP



Internal pipeline statistics summary:
-------------------------------------
Query sequence(s):                         1  (297 residues searched)
Target model(s):                       19632  (3329936 nodes)
Passed MSV filter:                       752  (0.0383048); expected 392.6 (0.02)
Passed bias filter:                      543  (0.0276589); expected 392.6 (0.02)
Passed Vit filter:                        45  (0.00229218); expected 19.6 (0.001)
Passed Fwd filter:                         5  (0.000254686); expected 0.2 (1e-05)
Initial search space (Z):              19632  [actual number of targets]
Domain search space  (domZ):               5  [number of targets reported over threshold]
# CPU time: 0.29u 0.17s 00:00:00.46 Elapsed: 00:00:00.29
# Mc/sec: 3385.59
//
Query:       orf3  [L=95]
Description: source=IMGVR_UViG_3300000097_000005_3300000097_IMNBA4DRAFT_c000095/235-1937 coords=1585..1301 length=95 frame=5 desc=
Scores for complete sequence (score includes all domains):
   --- full sequence ---   --- best 1 domain ---    -#dom-
    E-value  score  bias    E-value  score  bias    exp  N  Model    Description
    ------- ------ -----    ------- ------ -----   ---- --  -------- -----------

   [No hits detected that satisfy reporting thresholds]


Domain annotation for each model (and alignments):

   [No targets detected that satisfy reporting thresholds]


Internal pipeline statistics summary:
-------------------------------------
Query sequence(s):                         1  (95 residues searched)
Target model(s):                       19632  (3329936 nodes)
Passed MSV filter:                       514  (0.0261817); expected 392.6 (0.02)
Passed bias filter:                      300  (0.0152812); expected 392.6 (0.02)
Passed Vit filter:                        16  (0.000814996); expected 19.6 (0.001)
Passed Fwd filter:                         0  (0); expected 0.2 (1e-05)
Initial search space (Z):              19632  [actual number of targets]
Domain search space  (domZ):               0  [number of targets reported over threshold]
# CPU time: 0.24u 0.15s 00:00:00.39 Elapsed: 00:00:00.27
# Mc/sec: 1137.16
//
[ok]
