# hmmscan :: search sequence(s) against a profile database
# HMMER 3.3.2 (Nov 2020); http://hmmer.org/
# Copyright (C) 2020 Howard Hughes Medical Institute.
# Freely distributed under the BSD open source license.
# - - - - - - - - - - - - - - - - - - - - - - - - - - - - - - - - - - - -
# query sequence file:             -
# target HMM database:             /n/eddy_lab/data/pfam-35.0/Pfam-A.hmm
# output directed to file:         ./all_windows_new/hmmscan/out/IMGVR_UViG_7000000063_000300_7000000063_C3471875_hmmscan_output.out
# per-seq hits tabular output:     ./all_windows_new/hmmscan/tblout/IMGVR_UViG_7000000063_000300_7000000063_C3471875_hmmscan_output.tblout
# - - - - - - - - - - - - - - - - - - - - - - - - - - - - - - - - - - - -

Query:       orf1  [L=327]
Description: source=IMGVR_UViG_7000000063_000300_7000000063_C3471875/7635-5984 coords=355..1335 length=327 frame=1 desc=
Scores for complete sequence (score includes all domains):
   --- full sequence ---   --- best 1 domain ---    -#dom-
    E-value  score  bias    E-value  score  bias    exp  N  Model    Description
    ------- ------ -----    ------- ------ -----   ---- --  -------- -----------

   [No hits detected that satisfy reporting thresholds]


Domain annotation for each model (and alignments):

   [No targets detected that satisfy reporting thresholds]


Internal pipeline statistics summary:
-------------------------------------
Query sequence(s):                         1  (327 residues searched)
Target model(s):                       19632  (3329936 nodes)
Passed MSV filter:                       768  (0.0391198); expected 392.6 (0.02)
Passed bias filter:                      485  (0.0247046); expected 392.6 (0.02)
Passed Vit filter:                        32  (0.00162999); expected 19.6 (0.001)
Passed Fwd filter:                         0  (0); expected 0.2 (1e-05)
Initial search space (Z):              19632  [actual number of targets]
Domain search space  (domZ):               0  [number of targets reported over threshold]
# CPU time: 0.31u 0.15s 00:00:00.46 Elapsed: 00:00:00.30
# Mc/sec: 3628.63
//
Query:       orf2  [L=102]
Description: source=IMGVR_UViG_7000000063_000300_7000000063_C3471875/7635-5984 coords=772..467 length=102 frame=5 desc=
Scores for complete sequence (score includes all domains):
   --- full sequence ---   --- best 1 domain ---    -#dom-
    E-value  score  bias    E-value  score  bias    exp  N  Model    Description
    ------- ------ -----    ------- ------ -----   ---- --  -------- -----------

   [No hits detected that satisfy reporting thresholds]


Domain annotation for each model (and alignments):

   [No targets detected that satisfy reporting thresholds]


Internal pipeline statistics summary:
-------------------------------------
Query sequence(s):                         1  (102 residues searched)
Target model(s):                       19632  (3329936 nodes)
Passed MSV filter:                       713  (0.0363183); expected 392.6 (0.02)
Passed bias filter:                      352  (0.0179299); expected 392.6 (0.02)
Passed Vit filter:                        13  (0.000662184); expected 19.6 (0.001)
Passed Fwd filter:                         0  (0); expected 0.2 (1e-05)
Initial search space (Z):              19632  [actual number of targets]
Domain search space  (domZ):               0  [number of targets reported over threshold]
# CPU time: 0.25u 0.14s 00:00:00.39 Elapsed: 00:00:00.26
# Mc/sec: 1293.55
//
[ok]
