# hmmscan :: search sequence(s) against a profile database
# HMMER 3.3.2 (Nov 2020); http://hmmer.org/
# Copyright (C) 2020 Howard Hughes Medical Institute.
# Freely distributed under the BSD open source license.
# - - - - - - - - - - - - - - - - - - - - - - - - - - - - - - - - - - - -
# query sequence file:             -
# target HMM database:             /n/eddy_lab/data/pfam-35.0/Pfam-A.hmm
# output directed to file:         ./all_windows_new/hmmscan/out/IMGVR_UViG_3300029541_000180_3300029541_Ga0244914_102917_hmmscan_output.out
# per-seq hits tabular output:     ./all_windows_new/hmmscan/tblout/IMGVR_UViG_3300029541_000180_3300029541_Ga0244914_102917_hmmscan_output.tblout
# - - - - - - - - - - - - - - - - - - - - - - - - - - - - - - - - - - - -

Query:       orf1  [L=497]
Description: source=IMGVR_UViG_3300029541_000180_3300029541_Ga0244914_102917/2905-4489 coords=1..1491 length=497 frame=1 desc=
Scores for complete sequence (score includes all domains):
   --- full sequence ---   --- best 1 domain ---    -#dom-
    E-value  score  bias    E-value  score  bias    exp  N  Model          Description
    ------- ------ -----    ------- ------ -----   ---- --  --------       -----------
    1.5e-27   96.7   0.0      3e-27   95.7   0.0    1.5  1  RVT_1           Reverse transcriptase (RNA-dependent DNA poly
     0.0069   16.7   0.1       0.02   15.2   0.1    1.8  1  HNH             HNH endonuclease
  ------ inclusion threshold ------
      0.015   14.7   0.1      0.025   14.0   0.1    1.3  1  Glyco_hydro_72  Glucanosyltransferase


Domain annotation for each model (and alignments):
>> RVT_1  Reverse transcriptase (RNA-dependent DNA polymerase)
   #    score  bias  c-Evalue  i-Evalue hmmfrom  hmm to    alifrom  ali to    envfrom  env to     acc
 ---   ------ ----- --------- --------- ------- -------    ------- -------    ------- -------    ----
   1 !   95.7   0.0   4.5e-31     3e-27      62     222 .]      11     199 ..       1     199 [. 0.89

  Alignments for each domain:
  == domain 1  score: 95.7 bits;  conditional E-value: 4.5e-31
            HCCHTS--EEEEEEBCCGCCCSBB-GGGGGGG-EEET...........................TEEEEESB--ST-TTHHHHHHHHHHHHHTT-T........ CS
  RVT_1  62 lkkkkkaklllklDlkkaFdsvpleellrkltafkvptk.linliksflstrsfsvrv.ngeeskgryekkglpqGsvlSPllfnlfmnellrelrkra..... 158
            l +k + ++++++D+k++Fd+v++++l+++l+++++++k l+ +i+++l+ +   + + +g   ++   +kg+pqG+++SPll+n+++nel++ +++++     
   orf1  11 LMQKSGLHYVVEFDIKGFFDNVDHSKLIKQLWSLNIRDKeLLYVIRRILKAP---ILMpDG---HTEHPTKGTPQGGIISPLLANVVLNELDHWIESQWqcnpv 108
            45677889****************************8652667788888333...455566...5567789********************************* PP

            ...............................TEEECTTEEEEEESSHHHHHHHHHHHHHHHHH.TT--BEGGG-EEE......ESSEEETTEEE CS
  RVT_1 159 ............................kgvtllrYaDDililskskeelqelleaveewlke.sglkinpeKtklvlftv.kseevkyLGvtl 222
                                        k+ +++rYaDD+ il++++e++++ l av +wlke  +l ++peKt++v     +++  ++LG+++
   orf1 109 tenyayrenaagcpiqshayramrntrlKEMYIVRYADDFRILCRTREQADRTLIAVTQWLKErLRLDVSPEKTRVV---DvRRSYSEFLGFKI 199
            ***************************************************************99************...44788888999875 PP

>> HNH  HNH endonuclease
   #    score  bias  c-Evalue  i-Evalue hmmfrom  hmm to    alifrom  ali to    envfrom  env to     acc
 ---   ------ ----- --------- --------- ------- -------    ------- -------    ------- -------    ----
   1 !   15.2   0.1     3e-06      0.02       5      36 ..     398     429 ..     393     431 .. 0.85

  Alignments for each domain:
  == domain 1  score: 15.2 bits;  conditional E-value: 3e-06
           S-B-SSEE--EEEESS-TTTT--BSGGGEEEE CS
   HNH   5 grkfhksdalevdHiipisqggaddieNlqll 36 
           g+kf   ++ +++H++p+  gg+d +eNl+l+
  orf1 398 GKKFQCISEIHCHHKKPKGIGGSDKYENLVLV 429
           556666689********************985 PP

>> Glyco_hydro_72  Glucanosyltransferase
   #    score  bias  c-Evalue  i-Evalue hmmfrom  hmm to    alifrom  ali to    envfrom  env to     acc
 ---   ------ ----- --------- --------- ------- -------    ------- -------    ------- -------    ----
   1 ?   14.0   0.1   3.7e-06     0.025     168     267 ..     315     411 ..     302     424 .. 0.84

  Alignments for each domain:
  == domain 1  score: 14.0 bits;  conditional E-value: 3.7e-06
                     HHHHHSSS----EEEEE---.TTTHHHHHHHTTBTT-..--S-EEEEE----SS--HHHHSHHHHHHHHTT-SS-EEEEEE---SSSS---THHH CS
  Glyco_hydro_72 168 eyikkkkerkiPvGysaadd.aelrvelaeylaCgdeddkadffglnmyeWCgkssfktsGydertkefenysiPlflseyGCnkvtprkfteve 261
                     +yi ++ke   P+ y    +  ++r ++ +y a g + +  d + +n++     + +++  y+ r  e+++  iPlf +++G   vt +kf+ ++
            orf1 315 RYIAQSKELIYPISYVQCKNpMSQRRKVCAYTAAGRS-EIHDDLRINTFLLL--QLMRAPTYS-RSTEYADNRIPLFSAQWGKCAVTGKKFQCIS 405
                     79999999999****876651678999******9997.77787899*99765..567777786.6779*************************** PP

                     HHTSHH CS
  Glyco_hydro_72 262 alysee 267
                     +++ ++
            orf1 406 EIHCHH 411
                     998775 PP



Internal pipeline statistics summary:
-------------------------------------
Query sequence(s):                         1  (497 residues searched)
Target model(s):                       19632  (3329936 nodes)
Passed MSV filter:                       668  (0.0340261); expected 392.6 (0.02)
Passed bias filter:                      464  (0.0236349); expected 392.6 (0.02)
Passed Vit filter:                        39  (0.00198655); expected 19.6 (0.001)
Passed Fwd filter:                         3  (0.000152812); expected 0.2 (1e-05)
Initial search space (Z):              19632  [actual number of targets]
Domain search space  (domZ):               3  [number of targets reported over threshold]
# CPU time: 0.34u 0.16s 00:00:00.50 Elapsed: 00:00:00.31
# Mc/sec: 5279.64
//
Query:       orf2  [L=91]
Description: source=IMGVR_UViG_3300029541_000180_3300029541_Ga0244914_102917/2905-4489 coords=531..259 length=91 frame=5 desc=
Scores for complete sequence (score includes all domains):
   --- full sequence ---   --- best 1 domain ---    -#dom-
    E-value  score  bias    E-value  score  bias    exp  N  Model    Description
    ------- ------ -----    ------- ------ -----   ---- --  -------- -----------

   [No hits detected that satisfy reporting thresholds]


Domain annotation for each model (and alignments):

   [No targets detected that satisfy reporting thresholds]


Internal pipeline statistics summary:
-------------------------------------
Query sequence(s):                         1  (91 residues searched)
Target model(s):                       19632  (3329936 nodes)
Passed MSV filter:                       335  (0.017064); expected 392.6 (0.02)
Passed bias filter:                      204  (0.0103912); expected 392.6 (0.02)
Passed Vit filter:                        15  (0.000764059); expected 19.6 (0.001)
Passed Fwd filter:                         0  (0); expected 0.2 (1e-05)
Initial search space (Z):              19632  [actual number of targets]
Domain search space  (domZ):               0  [number of targets reported over threshold]
# CPU time: 0.27u 0.14s 00:00:00.41 Elapsed: 00:00:00.28
# Mc/sec: 1067.77
//
[ok]
