# hmmscan :: search sequence(s) against a profile database
# HMMER 3.3.2 (Nov 2020); http://hmmer.org/
# Copyright (C) 2020 Howard Hughes Medical Institute.
# Freely distributed under the BSD open source license.
# - - - - - - - - - - - - - - - - - - - - - - - - - - - - - - - - - - - -
# query sequence file:             -
# target HMM database:             /n/eddy_lab/data/pfam-35.0/Pfam-A.hmm
# output directed to file:         ./all_windows_new/hmmscan/out/IMGVR_UViG_3300029518_000130_3300029518_Ga0244795_104682_hmmscan_output.out
# per-seq hits tabular output:     ./all_windows_new/hmmscan/tblout/IMGVR_UViG_3300029518_000130_3300029518_Ga0244795_104682_hmmscan_output.tblout
# - - - - - - - - - - - - - - - - - - - - - - - - - - - - - - - - - - - -

Query:       orf1  [L=153]
Description: source=IMGVR_UViG_3300029518_000130_3300029518_Ga0244795_104682/1-565 coords=1..459 length=153 frame=1 desc=
Scores for complete sequence (score includes all domains):
   --- full sequence ---   --- best 1 domain ---    -#dom-
    E-value  score  bias    E-value  score  bias    exp  N  Model           Description
    ------- ------ -----    ------- ------ -----   ---- --  --------        -----------
    0.00039   20.7   1.8        0.3   11.4   0.1    2.3  2  HNH              HNH endonuclease
     0.0061   16.7   0.8       0.01   15.9   0.7    1.5  1  Intron_maturas2  Type II intron maturase
  ------ inclusion threshold ------
       0.04   14.0   0.1      0.072   13.2   0.1    1.3  1  DZR              Double zinc ribbon
       0.11   12.6   1.7        4.8    7.3   0.1    2.2  2  C1_1             Phorbol esters/diacylglycerol binding domain
       0.13   12.4   1.0        1.2    9.4   0.1    2.3  2  zf-BED           BED zinc finger


Domain annotation for each model (and alignments):
>> HNH  HNH endonuclease
   #    score  bias  c-Evalue  i-Evalue hmmfrom  hmm to    alifrom  ali to    envfrom  env to     acc
 ---   ------ ----- --------- --------- ------- -------    ------- -------    ------- -------    ----
   1 !   11.4   0.1   7.5e-05       0.3       1      31 [.      98     126 ..      98     126 .. 0.89
   2 !    8.5   0.2   0.00063       2.5      34      46 ..     137     149 ..     136     150 .. 0.88

  Alignments for each domain:
  == domain 1  score: 11.4 bits;  conditional E-value: 7.5e-05
           -SSSS-B-SSEE--EEEESS-TTT.T--BSGG CS
   HNH   1 CeyCgrkfhksdalevdHiipisq.ggaddie 31 
           Ce Cg +      le++H+  +++ +g++ +e
  orf1  98 CEWCGAEN---VPLEIHHVRKLKDlSGRKQWE 126
           99999997...679*********999998886 PP

  == domain 2  score: 8.5 bits;  conditional E-value: 0.00063
           EEE-HHHHHHHHH CS
   HNH  34 qllCksCHnkkhd 46 
           ++lC +CH+k h+
  orf1 137 MALCVYCHDKLHA 149
           589*******997 PP

>> Intron_maturas2  Type II intron maturase
   #    score  bias  c-Evalue  i-Evalue hmmfrom  hmm to    alifrom  ali to    envfrom  env to     acc
 ---   ------ ----- --------- --------- ------- -------    ------- -------    ------- -------    ----
   1 !   15.9   0.7   2.6e-06      0.01      70     103 ..       6      37 ..       1      69 [. 0.80

  Alignments for each domain:
  == domain 1  score: 15.9 bits;  conditional E-value: 2.6e-06
  Intron_maturas2  70 lrerikyilrkscvkTLArKlklktvrkvikkfG 103
                      l    +y++r+s++kT A K++   ++++i+k+ 
             orf1   6 LN-NFYYVMRYSMLKTFAGKYRT-RISRIIRKYR 37 
                      44.789****************9.8999999974 PP

>> DZR  Double zinc ribbon
   #    score  bias  c-Evalue  i-Evalue hmmfrom  hmm to    alifrom  ali to    envfrom  env to     acc
 ---   ------ ----- --------- --------- ------- -------    ------- -------    ------- -------    ----
   1 ?   13.2   0.1   1.8e-05     0.072      11      40 ..      94     149 ..      90     151 .. 0.84

  Alignments for each domain:
  == domain 1  score: 13.2 bits;  conditional E-value: 1.8e-05
   DZR  11 darfCpeCgtk...lkavaa..........................edrCpsCgesvsp 40 
           +a+ C++Cg++   l   +                           +  C+ C+ ++++
  orf1  94 QANQCEWCGAEnvpL---EIhhvrklkdlsgrkqweiamigrkrktMALCVYCHDKLHA 149
           799*******96542...22358889999*************************99876 PP

>> C1_1  Phorbol esters/diacylglycerol binding domain (C1 domain)
   #    score  bias  c-Evalue  i-Evalue hmmfrom  hmm to    alifrom  ali to    envfrom  env to     acc
 ---   ------ ----- --------- --------- ------- -------    ------- -------    ------- -------    ----
   1 ?    7.3   0.1    0.0012       4.8      24      35 ..      91     102 ..      86     105 .. 0.83
   2 ?    4.4   0.1    0.0098        39      24      39 ..     133     148 ..     126     151 .. 0.64

  Alignments for each domain:
  == domain 1  score: 7.3 bits;  conditional E-value: 0.0012
           SSS-EEEETTT- CS
  C1_1  24 kekqglkCswCk 35 
           k++q+ +C+wC+
  orf1  91 KRLQANQCEWCG 102
           789********8 PP

  == domain 2  score: 4.4 bits;  conditional E-value: 0.0098
           SSS-EEEETTT--EE- CS
  C1_1  24 kekqglkCswCkllvH 39 
           k+k++  C  C+ + H
  orf1 133 KRKTMALCVYCHDKLH 148
           5666666666666666 PP

>> zf-BED  BED zinc finger
   #    score  bias  c-Evalue  i-Evalue hmmfrom  hmm to    alifrom  ali to    envfrom  env to     acc
 ---   ------ ----- --------- --------- ------- -------    ------- -------    ------- -------    ----
   1 ?    1.5   0.1     0.085   3.4e+02      12      24 ..      91     103 ..      83     106 .. 0.79
   2 ?    9.4   0.1    0.0003       1.2      12      28 ..     133     149 ..     111     152 .. 0.81

  Alignments for each domain:
  == domain 1  score: 1.5 bits;  conditional E-value: 0.085
             GGSS--EETTTTE CS
  zf-BED  12 lkekkavCryCgk 24 
             ++ +  +C  Cg+
    orf1  91 KRLQANQCEWCGA 103
             677899*****97 PP

  == domain 2  score: 9.4 bits;  conditional E-value: 0.0003
             GGSS--EETTTTEE--- CS
  zf-BED  12 lkekkavCryCgkqlsr 28 
             +++++a C yC+ +l  
    orf1 133 KRKTMALCVYCHDKLHA 149
             789*********99865 PP



Internal pipeline statistics summary:
-------------------------------------
Query sequence(s):                         1  (153 residues searched)
Target model(s):                       19632  (3329936 nodes)
Passed MSV filter:                       779  (0.0396801); expected 392.6 (0.02)
Passed bias filter:                      597  (0.0304095); expected 392.6 (0.02)
Passed Vit filter:                        51  (0.0025978); expected 19.6 (0.001)
Passed Fwd filter:                         5  (0.000254686); expected 0.2 (1e-05)
Initial search space (Z):              19632  [actual number of targets]
Domain search space  (domZ):               5  [number of targets reported over threshold]
# CPU time: 0.30u 0.24s 00:00:00.54 Elapsed: 00:00:00.38
# Mc/sec: 1320.01
//
Query:       orf2  [L=118]
Description: source=IMGVR_UViG_3300029518_000130_3300029518_Ga0244795_104682/1-565 coords=354..1 length=118 frame=5 desc=
Scores for complete sequence (score includes all domains):
   --- full sequence ---   --- best 1 domain ---    -#dom-
    E-value  score  bias    E-value  score  bias    exp  N  Model    Description
    ------- ------ -----    ------- ------ -----   ---- --  -------- -----------

   [No hits detected that satisfy reporting thresholds]


Domain annotation for each model (and alignments):

   [No targets detected that satisfy reporting thresholds]


Internal pipeline statistics summary:
-------------------------------------
Query sequence(s):                         1  (118 residues searched)
Target model(s):                       19632  (3329936 nodes)
Passed MSV filter:                       365  (0.0185921); expected 392.6 (0.02)
Passed bias filter:                      254  (0.0129381); expected 392.6 (0.02)
Passed Vit filter:                        11  (0.00056031); expected 19.6 (0.001)
Passed Fwd filter:                         0  (0); expected 0.2 (1e-05)
Initial search space (Z):              19632  [actual number of targets]
Domain search space  (domZ):               0  [number of targets reported over threshold]
# CPU time: 0.28u 0.19s 00:00:00.47 Elapsed: 00:00:00.34
# Mc/sec: 1145.38
//
[ok]
