# hmmscan :: search sequence(s) against a profile database
# HMMER 3.3.2 (Nov 2020); http://hmmer.org/
# Copyright (C) 2020 Howard Hughes Medical Institute.
# Freely distributed under the BSD open source license.
# - - - - - - - - - - - - - - - - - - - - - - - - - - - - - - - - - - - -
# query sequence file:             -
# target HMM database:             /n/eddy_lab/data/pfam-35.0/Pfam-A.hmm
# output directed to file:         ./all_windows_new/hmmscan/out/IMGVR_UViG_2833186175_000001_2833186175_2833186202_1-35315_hmmscan_output.out
# per-seq hits tabular output:     ./all_windows_new/hmmscan/tblout/IMGVR_UViG_2833186175_000001_2833186175_2833186202_1-35315_hmmscan_output.tblout
# - - - - - - - - - - - - - - - - - - - - - - - - - - - - - - - - - - - -

Query:       orf1  [L=469]
Description: source=IMGVR_UViG_2833186175_000001_2833186175_2833186202_1-35315/13020-14720 coords=1..1407 length=469 frame=1 desc=
Scores for complete sequence (score includes all domains):
   --- full sequence ---   --- best 1 domain ---    -#dom-
    E-value  score  bias    E-value  score  bias    exp  N  Model           Description
    ------- ------ -----    ------- ------ -----   ---- --  --------        -----------
    5.1e-08   32.4   0.0    9.1e-07   28.2   0.0    2.2  1  AAA_10           AAA-like domain
    1.3e-06   27.5   0.0    1.6e-05   23.8   0.0    2.1  1  P-loop_TraG      TraG P-loop domain
    3.1e-05   24.3   0.2    0.00019   21.7   0.0    2.1  2  DUF87            Helicase HerA, central domain
    0.00031   20.0   0.0       0.57    9.2   0.0    2.3  2  TrwB_AAD_bind    Type IV secretion-system coupling protein DN
  ------ inclusion threshold ------
       0.21   12.0   1.3         16    5.9   0.0    3.3  4  AAA_22           AAA domain
       0.24   11.8   0.9        3.8    8.0   0.1    2.5  2  Epsilon_antitox  Bacterial epsilon antitoxin


Domain annotation for each model (and alignments):
>> AAA_10  AAA-like domain
   #    score  bias  c-Evalue  i-Evalue hmmfrom  hmm to    alifrom  ali to    envfrom  env to     acc
 ---   ------ ----- --------- --------- ------- -------    ------- -------    ------- ------Query:       orf2  [L=114]
Description: source=IMGVR_UViG_2833186175_000001_2833186175_2833186202_1-35315/15618-17202 coords=940..1281 length=114 frame=1 desc=
Scores for complete sequence (score includes all domains):
   --- full sequence ---   --- best 1 domain ---    -#dom-
    E-value  score  bias    E-value  score  bias    exp  N  Model    Description
    ------- ------ -----    ------- ------ -----   ---- --  -------- -----------

   [No hits detected that satisfy reporting thresholds]


Domain annotation for each model (and alignments):

   [No targets detected that satisfy reporting thresholds]


Internal pipeline statistics summary:
-------------------------------------
Query sequence(s):                         1  (114 residues searched)
Target model(s):                       19632  (3329936 nodes)
Passed MSV filter:                       343  (0.0174715); expected 392.6 (0.02)
Passed bias filter:                      307  (0.0156377); expected 392.6 (0.02)
Passed Vit filter:                        21  (0.00106968); expected 19.6 (0.001)
Passed Fwd filter:                         0  (0); expected 0.2 (1e-05)
Initial search space (Z):              19632  [actual number of targets]
Domain search space  (domZ):               0  [number of targets reported over threshold]
# CPU time: 0.31u 0.19s 00:00:00.50 Elapsed: 00:00:00.35
# Mc/sec: 1075.24
//
Query:       orf3  [L=473]
Description: source=IMGVR_UViG_2833186175_000001_2833186175_2833186202_1-35315/15618-17202 coords=3..1421 length=473 frame=3 desc=
Scores for complete sequence (score includes all domains):
   --- full sequence ---   --- best 1 domain ---    -#dom-
    E-value  score  bias    E-value  score  bias    exp  N  Model    Description
    ------- ------ -----    ------- ------ -----   ---- --  -------- -----------
    9.2e-34  117.0   0.1    1.5e-33  116.3   0.1    1.3  1  RVT_1     Reverse transcriptase (RNA-dependent DNA polymerase
  ------ inclusion threshold ------
      0.019   15.1   0.0      0.044   13.9   0.0    1.6  1  HNH_4     HNH endonuclease
       0.06   13.7   0.6       0.21   11.9   0.6    1.9  1  HNH       HNH endonuclease


Domain annotation for each model (and alignments):
>> RVT_1  Reverse transcriptase (RNA-dependent DNA polymerase)
   #    score  bias  c-Evalue  i-Evalue hmmfrom  hmm to    alifrom  ali to    envfrom  env to     acc
 ---   ------ ----- --------- --------- ------- -------    ------- -------    ------- -------    ----
   1 !  116.3   0.1   2.3e-37   1.5e-33      43     221 ..       1     197 [.       1     198 [. 0.91

  Alignments for each domain:
  == domain 1  score: 116.3 bits;  conditional E-value: 2.3e-37
            --HHHH..............HCCHTS--EEEEEEBCCGCCCSBB-GGGGGGG-EEET..........................TEEEEESB--ST-TTHHHHHH CS
  RVT_1  43 pgfrpgrstldav.edllkalkkkkkaklllklDlkkaFdsvpleellrkltafkvptk.linliksflstrsfsvrvngeeskgryekkglpqGsvlSPllfn 144
            +gfrp++s++ a+ ++++    ++++ ++++++D+k++Fd+v++++l+r+++a+++++k li +++++l     +++++ e  ++++  kg+pqG+++SPll+n
   orf3   1 YGFRPNHSVENAIaRSYKLL--QQANLHYVIEFDIKGFFDNVNHAKLIRQIWAMGIHDKaLIFVLRRIL-----TAQIKLEDGTFITPDKGTPQGGIISPLLAN 97 
            79*******99998666655..77999*****************************8763688888888.....4455555449******************** PP

            HHHHHHHTT-T..............................TEEECTTEEEEEESSHHHHHHHHHHHHHHHHH.TT--BEGGG-EEE......ESSEEETTEE CS
  RVT_1 145 lfmnellrelrkra........................kgvtllrYaDDililskskeelqelleaveewlke.sglkinpeKtklvlftv.kseevkyLGvt 221
            +++nel++ +++++                        k+ +++rYaDD+ i++++k+ +++ + av +wl+e  +l+i+++Kt+++   + +++  ++LG++
   orf3  98 IVLNELDHWVESQWqwspickrnvrpengyrqakksnlKEMFIVRYADDFRIYCRTKDTAERTMHAVIQWLRErLKLEISEKKTRII---NvRNHYSDFLGFK 197
            *************************************************************************99************...6588888999986 PP

>> HNH_4  HNH endonuclease
   #    score  bias  c-Evalue  i-Evalue hmmfrom  hmm to    alifrom  ali to    envfrom  env to     acc
 ---   ------ ----- --------- --------- ------- -------    ------- -------    ------- -------    ----
   1 ?   13.9   0.0   6.7e-06     0.044      13      44 ..     400     431 ..     394     434 .. 0.85

  Alignments for each domain:
  == domain 1  score: 13.9 bits;  conditional E-value: 6.7e-06
  HNH_4  13 lsstkeydiDHilPrsrsfdDsvsNkvLvlrs 44 
             sst e+   H lPr ++ dDs+ N++Lv  s
   orf3 400 FSSTHEIHCHHKLPRYLGGDDSYGNLILVKDS 431
            5667888889******************9865 PP

>> HNH  HNH endonuclease
   #    score  bias  c-Evalue  i-Evalue hmmfrom  hmm to    alifrom  ali to    envfrom  env to     acc
 ---   ------ ----- --------- --------- ------- -------    ------- -------    ------- -------    ----
   1 ?   11.9   0.6   3.1e-05      0.21       6      36 ..     398     428 ..     393     437 .. 0.87

  Alignments for each domain:
  == domain 1  score: 11.9 bits;  conditional E-value: 3.1e-05
           -B-SSEE--EEEESS-TTTT--BSGGGEEEE CS
   HNH   6 rkfhksdalevdHiipisqggaddieNlqll 36 
           ++f  + + +++H+ p+  gg d++ Nl+l+
  orf3 398 EEFSSTHEIHCHHKLPRYLGGDDSYGNLILV 428
           566666899********************96 PP



Internal pipeline statistics summary:
-------------------------------------
Query sequence(s):                         1  (473 residues searched)
Target model(s):                       19632  (3329936 nodes)
Passed MSV filter:                       716  (0.0364711); expected 392.6 (0.02)
Passed bias filter:                      490  (0.0249593); expected 392.6 (0.02)
Passed Vit filter:                        41  (0.00208843); expected 19.6 (0.001)
Passed Fwd filter:                         3  (0.000152812); expected 0.2 (1e-05)
Initial search space (Z):              19632  [actual number of targets]
Domain search space  (domZ):               3  [number of targets reported over threshold]
# CPU time: 0.39u 0.18s 00:00:00.57 Elapsed: 00:00:00.35
# Mc/sec: 4478.03
//
Query:       orf4  [L=94]
Description: source=IMGVR_UViG_2833186175_000001_2833186175_2833186202_1-35315/15618-17202 coords=448..167 length=94 frame=4 desc=
Scores for complete sequence (score includes all domains):
   --- full sequence ---   --- best 1 domain ---    -#dom-
    E-value  score  bias    E-value  score  bias    exp  N  Model    Description
    ------- ------ -----    ------- ------ -----   ---- --  -------- -----------

   [No hits detected that satisfy reporting thresholds]


Domain annotation for each model (and alignments):

   [No targets detected that satisfy reporting thresholds]


Internal pipeline statistics summary:
-------------------------------------
Query sequence(s):                         1  (94 residues searched)
Target model(s):                       19632  (3329936 nodes)
Passed MSV filter:                       236  (0.0120212); expected 392.6 (0.02)
Passed bias filter:                      183  (0.00932152); expected 392.6 (0.02)
Passed Vit filter:                         7  (0.000356561); expected 19.6 (0.001)
Passed Fwd filter:                         0  (0); expected 0.2 (1e-05)
Initial search space (Z):              19632  [actual number of targets]
Domain search space  (domZ):               0  [number of targets reported over threshold]
# CPU time: 0.29u 0.15s 00:00:00.43 Elapsed: 00:00:00.30
# Mc/sec: 1037.70
//
Query:       orf5  [L=147]
Description: source=IMGVR_UViG_2833186175_000001_2833186175_2833186202_1-35315/15618-17202 coords=503..63 length=147 frame=6 desc=
Scores for complete sequence (score includes all domains):
   --- full sequence ---   --- best 1 domain ---    -#dom-
    E-value  score  bias    E-value  score  bias    exp  N  Model    Description
    ------- ------ -----    ------- ------ -----   ---- --  -------- -----------

   [No hits detected that satisfy reporting thresholds]


Domain annotation for each model (and alignments):

   [No targets detected that satisfy reporting thresholds]


Internal pipeline statistics summary:
-------------------------------------
Query sequence(s):                         1  (147 residues searched)
Target model(s):                       19632  (3329936 nodes)
Passed MSV filter:                       485  (0.0247046); expected 392.6 (0.02)
Passed bias filter:                      276  (0.0140587); expected 392.6 (0.02)
Passed Vit filter:                        22  (0.00112062); expected 19.6 (0.001)
Passed Fwd filter:                         0  (0); expected 0.2 (1e-05)
Initial search space (Z):              19632  [actual number of targets]
Domain search space  (domZ):               0  [number of targets reported over threshold]
# CPU time: 0.29u 0.16s 00:00:00.44 Elapsed: 00:00:00.29
# Mc/sec: 1647.70
//
[ok]
119
                      68999999**99**9999999*******9988766655555 PP



Internal pipeline statistics summary:
-------------------------------------
Query sequence(s):                         1  (469 residues searched)
Target model(s):                       19632  (3329936 nodes)
Passed MSV filter:                       799  (0.0406989); expected 392.6 (0.02)
Passed bias filter:                      634  (0.0322942); expected 392.6 (0.02)
Passed Vit filter:                        55  (0.00280155); expected 19.6 (0.001)
Passed Fwd filter:                         6  (0.000305623); expected 0.2 (1e-05)
Initial search space (Z):              19632  [actual number of targets]
Domain search space  (domZ):               6  [number of targets reported over threshold]
# CPU time: 0.41u 0.22s 00:00:00.63 Elapsed: 00:00:00.38
# Mc/sec: 4096.67
//
Query:       orf2  [L=102]
Description: source=IMGVR_UViG_2833186175_000001_2833186175_2833186202_1-35315/13020-14720 coords=1550..1245 length=102 frame=5 desc=
Scores for complete sequence (score includes all domains):
   --- full sequence ---   --- best 1 domain ---    -#dom-
    E-value  score  bias    E-value  score  bias    exp  N  Model    Description
    ------- ------ -----    ------- ------ -----   ---- --  -------- -----------

   [No hits detected that satisfy reporting thresholds]


Domain annotation for each model (and alignments):

   [No targets detected that satisfy reporting thresholds]


Internal pipeline statistics summary:
-------------------------------------
Query sequence(s):                         1  (102 residues searched)
Target model(s):                       19632  (3329936 nodes)
Passed MSV filter:                       289  (0.0147209); expected 392.6 (0.02)
Passed bias filter:                      267  (0.0136002); expected 392.6 (0.02)
Passed Vit filter:                        10  (0.000509372); expected 19.6 (0.001)
Passed Fwd filter:                         0  (0); expected 0.2 (1e-05)
Initial search space (Z):              19632  [actual number of targets]
Domain search space  (domZ):               0  [number of targets reported over threshold]
# CPU time: 0.30u 0.17s 00:00:00.47 Elapsed: 00:00:00.31
# Mc/sec: 1086.37
//
Query:       orf3  [L=204]
Description: source=IMGVR_UViG_2833186175_000001_2833186175_2833186202_1-35315/13020-14720 coords=981..370 length=204 frame=4 desc=
Scores for complete sequence (score includes all domains):
   --- full sequence ---   --- best 1 domain ---    -#dom-
    E-value  score  bias    E-value  score  bias    exp  N  Model    Description
    ------- ------ -----    ------- ------ -----   ---- --  -------- -----------
  ------ inclusion threshold ------
      0.086   13.0   1.3        1.3    9.3   0.0    2.6  3  HTH_13    HTH DNA binding domain


Domain annotation for each model (and alignments):
>> HTH_13  HTH DNA binding domain
   #    score  bias  c-Evalue  i-Evalue hmmfrom  hmm to    alifrom  ali to    envfrom  env to     acc
 ---   ------ ----- --------- --------- ------- -------    ------- -------    ------- -------    ----
   1 ?   -3.1   0.1      0.47   9.2e+03       5      13 ..      84      92 ..      80      94 .. 0.77
   2 ?    2.0   0.0     0.012   2.4e+02      44      52 ..     116     125 ..     109     126 .. 0.84
   3 ?    9.3   0.0   6.4e-05       1.3      20      49 ..     139     169 ..     129     171 .. 0.85

  Alignments for each domain:
  == domain 1  score: -3.1 bits;  conditional E-value: 0.47
  HTH_13  5 velvlsrPv 13
             el+ +rP+
    orf3 84 TELLYQRPI 92
            689999998 PP

  == domain 2  score: 2.0 bits;  conditional E-value: 0.012
  HTH_13  44 GRgrfra.WG 52 
             GR+rf a WG
    orf3 116 GRERFTAsWG 125
             9****98798 PP

  == domain 3  score: 9.3 bits;  conditional E-value: 6.4e-05
  HTH_13  20 akeLkvtpraalkLvkelgl.REvTGRgrfr 49 
             +++ +v  ++++ +++ l l    TGR r++
    orf3 139 VRHDQVIGKGVQAVIQRLALlEQFTGRKRYK 169
             567788999**********95669******8 PP



Internal pipeline statistics summary:
-------------------------------------
Query sequence(s):                         1  (204 residues searched)
Target model(s):                       19632  (3329936 nodes)
Passed MSV filter:                       354  (0.0180318); expected 392.6 (0.02)
Passed bias filter:                      335  (0.017064); expected 392.6 (0.02)
Passed Vit filter:                        17  (0.000865933); expected 19.6 (0.001)
Passed Fwd filter:                         1  (5.09372e-05); expected 0.2 (1e-05)
Initial search space (Z):              19632  [actual number of targets]
Domain search space  (domZ):               1  [number of targets reported over threshold]
# CPU time: 0.31u 0.16s 00:00:00.47 Elapsed: 00:00:00.31
# Mc/sec: 2145.11
//
Query:       orf4  [L=109]
Description: source=IMGVR_UViG_2833186175_000001_2833186175_2833186202_1-35315/13020-14720 coords=366..40 length=109 frame=4 desc=
Scores for complete sequence (score includes all domains):
   --- full sequence ---   --- best 1 domain ---    -#dom-
    E-value  score  bias    E-value  score  bias    exp  N  Model           Description
    ------- ------ -----    ------- ------ -----   ---- --  --------        -----------
  ------ inclusion threshold ------
      0.085   12.8   0.0       0.17   11.8   0.0    1.4  2  2Fe-2S_thioredx  Thioredoxin-like [2Fe-2S] ferredoxin
       0.13   11.9   0.0        0.2   11.3   0.0    1.2  1  Sec23_trunk      Sec23/Sec24 trunk domain


Domain annotation for each model (and alignments):
>> 2Fe-2S_thioredx  Thioredoxin-like [2Fe-2S] ferredoxin
   #    score  bias  c-Evalue  i-Evalue hmmfrom  hmm to    alifrom  ali to    envfrom  env to     acc
 ---   ------ ----- --------- --------- ------- -------    ------- -------    ------- -------    ----
   1 ?   -3.2   0.0      0.73   7.2e+03      75      88 ..       6      19 ..       5      20 .. 0.78
   2 ?   11.8   0.0   1.8e-05      0.17       3      30 ..      25      52 ..      24      56 .. 0.93

  Alignments for each domain:
  == domain 1  score: -3.2 bits;  conditional E-value: 0.73
                     HHHCTTHHHHHHHH CS
  2Fe-2S_thioredx 75 pCalrgseeileal 88
                      C+ r  ++i+e+l
             orf4  6 LCHTRSGKNIIEQL 19
                     58999888888875 PP

  == domain 2  score: 11.8 bits;  conditional E-value: 1.8e-05
                     HHHCCSSTGGGGHHHHHHHHHHHHSS-- CS
  2Fe-2S_thioredx  3 eiiakypekrsaliplLdlvQeeegyls 30
                     +i+++y++k++ali +L+++Q+ +g+ls
             orf4 25 DIFHQYRHKEHALIAALQILQKIFGFLS 52
                     6899**********************98 PP

>> Sec23_trunk  Sec23/Sec24 trunk domain
   #    score  bias  c-Evalue  i-Evalue hmmfrom  hmm to    alifrom  ali to    envfrom  env to     acc
 ---   ------ ----- --------- --------- ------- -------    ------- -------    ------- -------    ----
   1 ?   11.3   0.0     2e-05       0.2      84     138 ..       5      57 ..       2      59 .. 0.93

  Alignments for each domain:
  == domain 1  score: 11.3 bits;  conditional E-value: 2e-05
                  SSEETTTTHHHHHHHHHHHHHHSTT-TTC-----HHHHHHHHHHHHCHCTSSEEE CS
  Sec23_trunk  84 lLvplseseavledlLeelpemfavtagkrperalgpalkaavellkavetggki 138
                  +L++ +  ++ +e+lL   +++f++   +++e al +al++ +++ +  ++ggk+
         orf4   5 FLCHTRSGKNIIEQLLAFGSDIFHQY--RHKEHALIAALQILQKIFGFLSIGGKV 57 
                  8999999999******98888*****..9******************999***97 PP



Internal pipeline statistics summary:
-------------------------------------
Query sequence(s):                         1  (109 residues searched)
Target model(s):                       19632  (3329936 nodes)
Passed MSV filter:                       329  (0.0167584); expected 392.6 (0.02)
Passed bias filter:                      307  (0.0156377); expected 392.6 (0.02)
Passed Vit filter:                        14  (0.000713121); expected 19.6 (0.001)
Passed Fwd filter:                         2  (0.000101874); expected 0.2 (1e-05)
Initial search space (Z):              19632  [actual number of targets]
Domain search space  (domZ):               2  [number of targets reported over threshold]
# CPU time: 0.32u 0.14s 00:00:00.46 Elapsed: 00:00:00.30
# Mc/sec: 1202.54
//
[ok]
