# hmmscan :: search sequence(s) against a profile database
# HMMER 3.3.2 (Nov 2020); http://hmmer.org/
# Copyright (C) 2020 Howard Hughes Medical Institute.
# Freely distributed under the BSD open source license.
# - - - - - - - - - - - - - - - - - - - - - - - - - - - - - - - - - - - -
# query sequence file:             -
# target HMM database:             /n/eddy_lab/data/pfam-35.0/Pfam-A.hmm
# output directed to file:         ./all_windows_new/hmmscan/out/IMGVR_UViG_3300010163_003208_3300010163_Ga0136175_10061391_hmmscan_output.out
# per-seq hits tabular output:     ./all_windows_new/hmmscan/tblout/IMGVR_UViG_3300010163_003208_3300010163_Ga0136175_10061391_hmmscan_output.tblout
# - - - - - - - - - - - - - - - - - - - - - - - - - - - - - - - - - - - -

Query:       orf1  [L=102]
Description: source=IMGVR_UViG_3300010163_003208_3300010163_Ga0136175_10061391/2552-968 coords=1119..1424 length=102 frame=3 desc=
Scores for complete sequence (score includes all domains):
   --- full sequence ---   --- best 1 domain ---    -#dom-
    E-value  score  bias    E-value  score  bias    exp  N  Model      Description
    ------- ------ -----    ------- ------ -----   ---- --  --------   -----------
  ------ inclusion threshold ------
       0.14   11.9   0.1        0.2   11.4   0.1    1.5  1  EF_assoc_1  EF hand associated


Domain annotation for each model (and alignments):
>> EF_assoc_1  EF hand associated
   #    score  bias  c-Evalue  i-Evalue hmmfrom  hmm to    alifrom  ali to    envfrom  env to     acc
 ---   ------ ----- --------- --------- ------- -------    ------- -------    ------- -------    ----
   1 ?   11.4   0.1     1e-05       0.2      20      34 ..       3      17 ..       1      47 [. 0.89

  Alignments for each domain:
  == domain 1  score: 11.4 bits;  conditional E-value: 1e-05
  EF_assoc_1 20 lqGwLaqWsltTlld 34
                +qGw + Ws+ T++ 
        orf1  3 IQGWASLWSMQTIVS 17
                7***********875 PP



Internal pipeline statistics summary:
-------------------------------------
Query sequence(s):                         1  (102 residues searched)
Target model(s):                       19632  (3329936 nodes)
Passed MSV filter:                       559  (0.0284739); expected 392.6 (0.02)
Passed bias filter:                      358  (0.0182355); expected 392.6 (0.02)
Passed Vit filter:                        23  (0.00117156); expected 19.6 (0.001)
Passed Fwd filter:                         1  (5.09372e-05); expected 0.2 (1e-05)
Initial search space (Z):              19632  [actual number of targets]
Domain search space  (domZ):               1  [number of targets reported over threshold]
# CPU time: 0.28u 0.16s 00:00:00.44 Elapsed: 00:00:00.31
# Mc/sec: 1065.19
//
Query:       orf2  [L=456]
Description: source=IMGVR_UViG_3300010163_003208_3300010163_Ga0136175_10061391/2552-968 coords=68..1435 length=456 frame=2 desc=
Scores for complete sequence (score includes all domains):
   --- full sequence ---   --- best 1 domain ---    -#dom-
    E-value  score  bias    E-value  score  bias    exp  N  Model           Description
    ------- ------ -----    ------- ------ -----   ---- --  --------        -----------
      1e-25   90.7   0.0    2.1e-25   89.7   0.0    1.4  1  RVT_1            Reverse transcriptase (RNA-dependent DNA pol
  ------ inclusion threshold ------
      0.012   15.9   0.2      0.029   14.7   0.2    1.6  1  HNH              HNH endonuclease
      0.044   13.9   0.1       0.31   11.1   0.1    2.2  2  Intron_maturas2  Type II intron maturase
       0.11   12.8   1.3       0.36   11.0   0.1    2.6  2  GIIM             Group II intron, maturase-specific domain


Domain annotation for each model (and alignments):
>> RVT_1  Reverse transcriptase (RNA-dependent DNA polymerase)
   #    score  bias  c-Evalue  i-Evalue hmmfrom  hmm to    alifrom  ali to    envfrom  env to     acc
 ---   ------ ----- --------- --------- ------- -------    ------- -------    ------- -------    ----
   1 !   89.7   0.0   4.3e-29   2.1e-25      69     221 ..       5     186 ..       2     187 .. 0.93

  Alignments for each domain:
  == domain 1  score: 89.7 bits;  conditional E-value: 4.3e-29
            -EEEEEEBCCGCCCSBB-GGGGGGG-EEET...........................TEEEEESB--ST-TTHHHHHHHHHHHHHTT-T............... CS
  RVT_1  69 klllklDlkkaFdsvpleellrkltafkvptk.linliksflstrsfsvrv.ngeeskgryekkglpqGsvlSPllfnlfmnellrelrkra............ 158
            ++++++D+k++Fd+v++ +l+++++++++++k l+ +i+++l+ +   + + +g   + +  +kg+pqG++lSPll+n+++nel+  +++++            
   orf2   5 HYVVDIDIKGFFDNVNHTKLIHQMWEIGIRDKrLLCIIREMLKAP---IVMpDG---EILHPSKGTPQGGILSPLLSNIVLNELDWWIASQWewmpmhgsakyt 102
            689**************************8652677899999444...455466...899******************************************** PP

            .........................TEEECTTEEEEEESSHHHHHHHHHHHHHHHHH.TT--BEGGG-EEE......ESSEEETTEE CS
  RVT_1 159 ......................kgvtllrYaDDililskskeelqelleaveewlke.sglkinpeKtklvlftv.kseevkyLGvt 221
                                  k v+++rYaDD+ +++++++++  l+ a+ +wlke  +l i+peK+k+v     k++  +yLG++
   orf2 103 ylnangsinrgyqyrslkeshlKPVFIVRYADDFKLFCRNRKDAFCLYAATTQWLKErLKLDISPEKSKVV---DlKRHYSEYLGFK 186
            *********************************************************99************...6699999999986 PP

>> HNH  HNH endonuclease
   #    score  bias  c-Evalue  i-Evalue hmmfrom  hmm to    alifrom  ali to    envfrom  env to     acc
 ---   ------ ----- --------- --------- ------- -------    ------- -------    ------- -------    ----
   1 ?   14.7   0.2   5.9e-06     0.029      13      36 ..     388     411 ..     377     422 .. 0.82

  Alignments for each domain:
  == domain 1  score: 14.7 bits;  conditional E-value: 5.9e-06
           --EEEESS-TTTT--BSGGGEEEE CS
   HNH  13 alevdHiipisqggaddieNlqll 36 
           + +++H+ p+s gg+d + Nl+ +
  orf2 388 EIHCHHKRPKSAGGTDAYANLVIV 411
           689******************976 PP

>> Intron_maturas2  Type II intron maturase
   #    score  bias  c-Evalue  i-Evalue hmmfrom  hmm to    alifrom  ali to    envfrom  env to     acc
 ---   ------ ----- --------- --------- ------- -------    ------- -------    ------- -------    ----
   1 ?   11.1   0.1   6.4e-05      0.31      39      65 ..     227     252 ..     195     267 .. 0.72
   2 ?   -0.4   0.0      0.22   1.1e+03      19      46 ..     309     336 ..     305     344 .. 0.85

  Alignments for each domain:
  == domain 1  score: 11.1 bits;  conditional E-value: 6.4e-05
  Intron_maturas2  39 idledrdIllrykaiirgllnYYsfad 65 
                       + ++r+I  ry++i+ g+ nYY++a+
             orf2 227 EQDQHRQI-FRYNSIVIGMHNYYRVAT 252
                      34566666.69*************997 PP

  == domain 2  score: -0.4 bits;  conditional E-value: 0.22
  Intron_maturas2  19 kagfvktkkekgkPrsvlrwidledrdI 46 
                       ag++ +k+  gk rs+ r++++   +I
             orf2 309 PAGYIRHKNPLGKKRSINRYTESGREEI 336
                      589****999**********99876665 PP

>> GIIM  Group II intron, maturase-specific domain
   #    score  bias  c-Evalue  i-Evalue hmmfrom  hmm to    alifrom  ali to    envfrom  env to     acc
 ---   ------ ----- --------- --------- ------- -------    ------- -------    ------- -------    ----
   1 ?   -1.7   0.2      0.71   3.5e+03      47      57 ..      78      88 ..      75      96 .. 0.77
   2 ?   11.0   0.1   7.4e-05      0.36       8      50 ..     217     260 ..     210     293 .. 0.76

  Alignments for each domain:
  == domain 1  score: -1.7 bits;  conditional E-value: 0.71
  GIIM 47 vfskldhyirr 57
          v+++ld++i +
  orf2 78 VLNELDWWIAS 88
          678999*9975 PP

  == domain 2  score: 11.0 bits;  conditional E-value: 7.4e-05
  GIIM   8 ireltkrsskgvsleelirklnpiirGWanYyrlv.vakrvfsk 50 
           + + +++ ++ +++   i ++n+i+ G  nYyr + ++   fs 
  orf2 217 CIKAIQHPKSEQDQHRQIFRYNSIVIGMHNYYRVAtCVNLDFSP 260
           44555688899**********************99444444555 PP



Internal pipeline statistics summary:
-------------------------------------
Query sequence(s):                         1  (456 residues searched)
Target model(s):                       19632  (3329936 nodes)
Passed MSV filter:                       831  (0.0423289); expected 392.6 (0.02)
Passed bias filter:                      493  (0.0251121); expected 392.6 (0.02)
Passed Vit filter:                        38  (0.00193562); expected 19.6 (0.001)
Passed Fwd filter:                         4  (0.000203749); expected 0.2 (1e-05)
Initial search space (Z):              19632  [actual number of targets]
Domain search space  (domZ):               4  [number of targets reported over threshold]
# CPU time: 0.35u 0.13s 00:00:00.48 Elapsed: 00:00:00.29
# Mc/sec: 5163.28
//
Query:       orf3  [L=150]
Description: source=IMGVR_UViG_3300010163_003208_3300010163_Ga0136175_10061391/2552-968 coords=1369..920 length=150 frame=4 desc=
Scores for complete sequence (score includes all domains):
   --- full sequence ---   --- best 1 domain ---    -#dom-
    E-value  score  bias    E-value  score  bias    exp  N  Model    Description
    ------- ------ -----    ------- ------ -----   ---- --  -------- -----------

   [No hits detected that satisfy reporting thresholds]


Domain annotation for each model (and alignments):

   [No targets detected that satisfy reporting thresholds]


Internal pipeline statistics summary:
-------------------------------------
Query sequence(s):                         1  (150 residues searched)
Target model(s):                       19632  (3329936 nodes)
Passed MSV filter:                       477  (0.0242971); expected 392.6 (0.02)
Passed bias filter:                      367  (0.018694); expected 392.6 (0.02)
Passed Vit filter:                        20  (0.00101874); expected 19.6 (0.001)
Passed Fwd filter:                         0  (0); expected 0.2 (1e-05)
Initial search space (Z):              19632  [actual number of targets]
Domain search space  (domZ):               0  [number of targets reported over threshold]
# CPU time: 0.28u 0.13s 00:00:00.41 Elapsed: 00:00:00.28
# Mc/sec: 1779.49
//
[ok]
