# hmmscan :: search sequence(s) against a profile database
# HMMER 3.3.2 (Nov 2020); http://hmmer.org/
# Copyright (C) 2020 Howard Hughes Medical Institute.
# Freely distributed under the BSD open source license.
# - - - - - - - - - - - - - - - - - - - - - - - - - - - - - - - - - - - -
# query sequence file:             -
# target HMM database:             /n/eddy_lab/data/pfam-35.0/Pfam-A.hmm
# output directed to file:         ./all_windows_new/hmmscan/out/IMGVR_UViG_3300045988_115239_3300045988_Ga0495776_157600_hmmscan_output.out
# per-seq hits tabular output:     ./all_windows_new/hmmscan/tblout/IMGVR_UViG_3300045988_115239_3300045988_Ga0495776_157600_hmmscan_output.tblout
# - - - - - - - - - - - - - - - - - - - - - - - - - - - - - - - - - - - -

Query:       orf1  [L=163]
Description: source=IMGVR_UViG_3300045988_115239_3300045988_Ga0495776_157600/5666-3966 coords=118..606 length=163 frame=1 desc=
Scores for complete sequence (score includes all domains):
   --- full sequence ---   --- best 1 domain ---    -#dom-
    E-value  score  bias    E-value  score  bias    exp  N  Model    Description
    ------- ------ -----    ------- ------ -----   ---- --  -------- -----------

   [No hits detected that satisfy reporting thresholds]


Domain annotation for each model (and alignments):

   [No targets detected that satisfy reporting thresholds]


Internal pipeline statistics summary:
-------------------------------------
Query sequence(s):                         1  (163 residues searched)
Target model(s):                       19632  (3329936 nodes)
Passed MSV filter:                      1155  (0.0588325); expected 392.6 (0.02)
Passed bias filter:                      448  (0.0228199); expected 392.6 (0.02)
Passed Vit filter:                        29  (0.00147718); expected 19.6 (0.001)
Passed Fwd filter:                         1  (5.09372e-05); expected 0.2 (1e-05)
Initial search space (Z):              19632  [actual number of targets]
Domain search space  (domZ):               0  [number of targets reported over threshold]
# CPU time: 0.31u 0.22s 00:00:00.53 Elapsed: 00:00:00.37
# Mc/secQuery:       Query:       orf2  [L=98]
Description: source=IMGVR_UViG_3300045988_115239_3300045988_Ga0495776_157600/5666-3966 coords=1031..1324 length=98 frame=2 desc=
Scores for complete sequence (score includes all domains):
   --- full sequence ---   --- best 1 domain ---    -#dom-
    E-value  score  bias    E-value  score  bias    exp  N  Model    Description
    ------- ------ -----    ------- ------ -----   ---- --  -------- -----------
  ------ inclusion threshold ------
       0.11   12.8   0.0       0.13   12.6   0.0    1.1  1  VipB_2    EvpB/VC_A0108, tail sheath gpW/gp25-like domain


Domain annotation for each model (and alignments):
>> VipB_2  EvpB/VC_A0108, tail sheath gpW/gp25-like domain
   #    score  bias  c-Evalue  i-Evalue hmmfrom  hmm to    alifrom  ali to    envfrom  env to     acc
 ---   ------ ----- --------- --------- ------- -------    ------- -------    ------- -------    ----
   1 ?   12.6   0.0   6.7e-06      0.13       9      43 ..      30      64 ..      23      82 .. 0.86

  Alignments for each domain:
  == domain 1  score: 12.6 bits;  conditional E-value: 6.7e-06
  VipB_2  9 saqLpyilavsRlahylKvlvRdkiGsfkeaeele 43
              qL+ +l +sR+ +y+ ++ R k+G++++ + l 
    orf2 30 LYQLNELLFLSRILRYVVAFNRTKVGKISNVRYLT 64
            5699***********************99987766 PP



Internal pipeline statistics summary:
-----------------Query:       orf3  [L=473]
Description: source=IMGVR_UViG_3300045988_115239_3300045988_Ga0495776_157600/3068-1484 coords=3..1421 length=473 frame=3 desc=
Scores for complete sequence (score includes all domains):
   --- full sequence ---   --- best 1 domain ---    -#dom-
    E-value  score  bias    E-value  score  bias    exp  N  Model    Description
    ------- ------ -----    ------- ------ -----   ---- --  -------- -----------
    9.2e-34  117.0   0.1    1.5e-33  116.3   0.1    1.3  1  RVT_1     Reverse transcriptase (RNA-dependent DNA polymerase
  ------ inclusion threshold ------
      0.019   15.1   0.0      0.044   13.9   0.0    1.6  1  HNH_4     HNH endonuclease
       0.06   13.7   0.6       0.21   11.9   0.6    1.9  1  HNH       HNH endonuclease


Domain annotation for each model (and alignments):
>> RVT_1  Reverse transcriptase (RNA-dependent DNA polymerase)
   #    score  bias  c-Evalue  i-Evalue hmmfrom  hmm to    alifrom  ali to    envfrom  env to     acc
 ---   ------ ----- --------- --------- ------- -------    ------- -------    ------- -------    ----
   1 !  116.3   0.1   2.3e-37   1.5e-33      43     221 ..       1     197 [.       1     198 [. 0.91

  Alignments for each domain:
  == domain 1  score: 116.3 bits;  conditional E-value: 2.3e-37
            --HHHH..............HCCHTS--EEEEEEBCCGCCCSBB-GGGGGGG-EEET..........................TEEEEESB--ST-TTHHHHHH CS
  RVT_1  43 pgfrpgrstldav.edllkalkkkkkaklllklDlkkaFdsvpleellrkltafkvptk.linliksflstrsfsvrvngeeskgryekkglpqGsvlSPllfn 144
            +gfrp++s++ a+ ++++    ++++ ++++++D+k++Fd+v++++l+r+++a+++++k li +++++l     +++++ e  ++++  kg+pqG+++SPll+n
   orf3   1 YGFRPNHSVENAIaRSYKLL--QQANLHYVIEFDIKGFFDNVNHAKLIRQIWAMGIHDKaLIFVLRRIL-----TAQIKLEDGTFITPDKGTPQGGIISPLLAN 97 
            79*******99998666655..77999*****************************8763688888888.....4455555449******************** PP

            HHHHHHHTT-T..............................TEEECTTEEEEEESSHHHHHHHHHHHHHHHHH.TT--BEGGG-EEE......ESSEEETTEE CS
  RVT_1 145 lfmnellrelrkra........................kgvtllrYaDDililskskeelqelleaveewlke.sglkiQuery:       orf4  [L=290]
Description: source=IMGVR_UViG_3300045988_115239_3300045988_Ga0495776_157600/5666-3966 coords=1043..174 length=290 frame=5 desc=
Scores for complete sequence (score includes all domains):
   --- full sequence ---   --- best 1 domain ---    -#dom-
    E-value  score  bias    E-value  score  bias    exp  N  Model    Description
    ------- ------ -----    ------- ------ -----   ---- --  -------- -----------

   [No hits detected that satisfy reporting thresholds]


Domain annotation for each model (and alignments):

   [No targets detected that satisfy reporting thresholds]


Internal pipeline statistics summary:
-------------------------------------
Query sequence(s):                         1  (290 residues searched)
Target model(s):                       19632  (3329936 nodes)
Passed MSV filter:                       895  (0.0455888); expected 392.6 (0.02)
Passed bias filter:                      270  (0.0137531); expected 392.6 (0.02)
Passed Vit filter:                        17  (0.000865933); expected 19.6 (0.001)
Passed Fwd filter:                         0  (0); expected 0.2 (1e-05)
Initial search space (Z):              19632  [actual number of targets]
Domain search space  (domZ):               0  [number of targets reported over threshold]
# CPU time: 0.33u 0.20s 00:00:00.53 Elapsed: 00:00:00.36
# Mc/sec: 2675.59
//
[ok]
  score: 11.9 bits;  conditional E-value: 3.1e-05
           -B-SSEE--EEEESS-TTTT--BSGGGEEEE CS
   HNH   6 rkfhksdalevdHiipisqggaddieNlqll 36 
           ++f  + + +++H+ p+  gg d++ Nl+l+
  orf3 398 EEFSSTHEIHCHHKLPRYLGGDDSYGNLILV 428
           566666899********************96 PP



Internal pipeline statistics summary:
-------------------------------------
Query sequence(s):                         1  (473 residues searched)
Target model(s):                       19632  (3329936 nodes)
Passed MSV filter:                       716  (0.0364711); expected 392.6 (0.02)
Passed bias filter:                      490  (0.0249593); expected 392.6 (0.02)
Passed Vit filter:                        41  (0.00208843); expected 19.6 (0.001)
Passed Fwd filter:                         3  (0.000152812); expected 0.2 (1e-05)
Initial search space (Z):              19632  [actual number of targets]
Domain search space  (domZ):               3  [number of targets reported over threshold]
# CPU time: 0.38u 0.22s 00:00:00.60 Elapsed: 00:00:00.38
# Mc/sec: 4098.59
//
Query:       orf4  [L=94]
Description: source=IMGVR_UViG_3300045988_115239_3300045988_Ga0495776_157600/3068-1484 coords=448..167 length=94 frame=4 desc=
Scores for complete sequence (score includes all domains):
   --- full sequence ---   --- best 1 domain ---    -#dom-
    E-value  score  bias    E-value  score  bias    exp  N  Model    Description
    ------- ------ -----    ------- ------ -----   ---- --  -------- -----------

   [No hits detected that satisfy reporting thresholds]


Domain annotation for each model (and alignments):

   [No targets detected that satisfy reporting thresholds]


Internal pipeline statistics summary:
-------------------------------------
Query sequence(s):                         1  (94 residues searched)
Target model(s):                       19632  (3329936 nodes)
Passed MSV filter:                       236  (0.0120212); expected 392.6 (0.02)
Passed bias filter:                      183  (0.00932152); expected 392.6 (0.02)
Passed Vit filter:                         7  (0.000356561); expected 19.6 (0.001)
Passed Fwd filter:                         0  (0); expected 0.2 (1e-05)
Initial search space (Z):              19632  [actual number of targets]
Domain search space  (domZ):               0  [number of targets reported over threshold]
# CPU time: 0.28u 0.18s 00:00:00.46 Elapsed: 00:00:00.33
# Mc/sec: 945.27
//
Query:       orf5  [L=147]
Description: source=IMGVR_UViG_3300045988_115239_3300045988_Ga0495776_157600/3068-1484 coords=503..63 length=147 frame=6 desc=
Scores for complete sequence (score includes all domains):
   --- full sequence ---   --- best 1 domain ---    -#dom-
    E-value  score  bias    E-value  score  bias    exp  N  Model    Description
    ------- ------ -----    ------- ------ -----   ---- --  -------- -----------

   [No hits detected that satisfy reporting thresholds]


Domain annotation for each model (and alignments):

   [No targets detected that satisfy reporting thresholds]


Internal pipeline statistics summary:
-------------------------------------
Query sequence(s):                         1  (147 residues searched)
Target model(s):                       19632  (3329936 nodes)
Passed MSV filter:                       485  (0.0247046); expected 392.6 (0.02)
Passed bias filter:                      276  (0.0140587); expected 392.6 (0.02)
Passed Vit filter:                        22  (0.00112062); expected 19.6 (0.001)
Passed Fwd filter:                         0  (0); expected 0.2 (1e-05)
Initial search space (Z):              19632  [actual number of targets]
Domain search space  (domZ):               0  [number of targets reported over threshold]
# CPU time: 0.28u 0.21s 00:00:00.49 Elapsed: 00:00:00.35
# Mc/sec: 1375.48
//
[ok]
