# hmmscan :: search sequence(s) against a profile database
# HMMER 3.3.2 (Nov 2020); http://hmmer.org/
# Copyright (C) 2020 Howard Hughes Medical Institute.
# Freely distributed under the BSD open source license.
# - - - - - - - - - - - - - - - - - - - - - - - - - - - - - - - - - - - -
# query sequence file:             -
# target HMM database:             /n/eddy_lab/data/pfam-35.0/Pfam-A.hmm
# output directed to file:         ./all_windows_new/hmmscan/out/IMGVR_UViG_3300011005_001192_3300011005_Ga0139361_1000061_30389-94793_hmmscan_output.out
# per-seq hits tabular output:     ./all_windows_new/hmmscan/tblout/IMGVR_UViG_3300011005_001192_3300011005_Ga0139361_1000061_30389-94793_hmmscan_output.tblout
# - - - - - - - - - - - - - - - - - - - - - - - - - - - - - - - - - - - -

Query:       orf1  [L=161]
Description: source=IMGVR_UViG_3300011005_001192_3300011005_Ga0139361_1000061_30389-94793/45042-43382 coords=426..908 length=161 frame=3 desc=
Scores for complete sequence (score includes all domains):
   --- full sequence ---   --- best 1 domain ---    -#dom-
    E-value  score  bias    E-value  score  bias    exp  N  Model    Description
    ------- ------ -----    ------- ------ -----   ---- --  -------- -----------
  ------ inclusion threshold ------
       0.07   12.9   0.9        1.1    8.9   0.1    2.3  3  Snf7      Snf7


Domain annotation for each model (and alignments):
>> Snf7  Snf7
   #    score  bias  c-Evalue  i-Evalue hmmfrom  hmm to    alifrom  ali to    envfrom  env to     acc
 ---   ------ ----- --------- --------- ------- -------    ------- -------    ------- -------    ----
   1 ?    2.3   0.0    0.0064   1.3e+02      94     119 ..      22      50 ..      18      56 .. 0.66
   2 ?    8.9   0.1   5.8e-05       1.1     130     155 ..      88     114 ..      77     127 .. 0.83
   3 ?   -3.7   0.0      0.43   8.5e+03      42      54 ..     140     152 ..     133     154 .. 0.62

  Alignments for each domain:
  == domain 1  score: 2.3 bits;  conditional E-value: 0.0064
           HHHHHHHCTCHHHHHHH...HHHHHHHHH CS
  Snf7  94 mkamnkkvdidkidklm...deiedqmek 119
           m+   k + id+id+l    de++d +e+
  orf1  22 MRRLAKRFAIDNIDDLFeldDEVNDLVEI 50 
           78888888899888875222455555444 PP

  == domain 2  score: 8.9 bits;  conditional E-value: 5.8e-05
           CHTT-.GCTTHCHHHHHHHHHHHHHHH CS
  Snf7 130 sldda.deedEeeleaeLdaLeqelgd 155
           ++d+  d +d ++++ eLd+L +e+++
  orf1  88 NIDISgDCVDKDDVNMELDELNSEVKK 114
           455557899***************876 PP

  == domain 3  score: -3.7 bits;  conditional E-value: 0.43
           HHHHHHHHHHHHH CS
  Snf7  42 ralllLKqkkrye 54 
           ++  +L++k + e
  orf1 140 KVTEALNRKTYVE 152
           4555666666555 PP



Internal pipeline statistics summary:
-------------------------------------
Query sequence(s):                         1  (161 residues searched)
Target model(s):                       19632  (3329936 nodes)
Passed MSV filter:                      1025  (0.0522107); expected 392.6 (0.02)
Passed bias filter:                      718  (0.0365729); expected 392.6 (0.02)
Passed Vit filter:                        54  (0.00275061); expected 19.6 (0.001)
Passed Fwd filter:                         1  (5.09372e-05); expected 0.2 (1e-05)
Initial search space (Z):              19632  [actual number of targets]
Domain search space  (domZ):               1  [number of targets reported over threshold]
# CPU time: 0.34u 0.18s 00:00:00.52 Elapsed: 00:00:00.35
# Mc/sec: 1518.61
/Query:       orf2  [L=237]
Description: source=IMGVR_UViG_3300011005_001192_3300011005_Ga0139361_1000061_30389-94793/44569-42974 coords=439..1149 length=237 frame=1 desc=
Scores for complete sequence (score includes all domains):
   --- full sequence ---   --- best 1 domain ---    -#dom-
    E-value  score  bias    E-value  score  bias    exp  N  Model    Description
    ------- ------ -----    ------- ------ -----   ---- --  -------- -----------

   [No hits detected that satisfy reporting thresholds]


Domain annotation for each model (and alignments):

   [No targets detected that satisfy reporting thresholds]


Internal pipeline statistics summary:
-------------------------------------
Query sequence(s):                         1  (237 residues searched)
Target model(s):                       19632  (3329936 nodes)
Passed MSV filter:                       714  (0.0363692); expected 392.6 (0.02)
Passed bias filter:                      515  (0.0262327); expected 392.6 (0.02)
Passed Vit filter:                        32  (0.00162999); expected 19.6 (0.001)
Passed Fwd filter:                         0  (0); expected 0.2 (1e-05)
Initial search space (Z):              19632  [actual number of targets]
Domain search space  (domZ):               0  [number of targets reported over threshold]
# CPU time: 0.33u 0.16s 00:00:00.49 Elapsed: 00:00:00.33
# Mc/sec: 2385.56
//
[oQuery:       orf3  [L=121]
Description: source=IMGVR_UViG_3300011005_001192_3300011005_Ga0139361_1000061_30389-94793/45042-43382 coords=472..110 length=121 frame=5 desc=
Scores for complete sequence (score includes all domains):
   --- full sequence ---   --- best 1 domain ---    -#dom-
    E-value  score  bias    E-value  score  bias    exp  N  Model    Description
    ------- ------ -----    ------- ------ -----   ---- --  -------- -----------
  ------ inclusion threshold ------
        0.1   12.9   0.2       0.18   12.1   0.2    1.4  1  SGS       SGS domain


Domain annotation for each model (and alignments):
>> SGS  SGS domain
   #    score  bias  c-Evalue  i-Evalue hmmfrom  hmm to    alifrom  ali to    envfrom  env to     acc
 ---   ------ ----- --------- --------- ------- -------    ------- -------    ------- -------    ----
   1 ?   12.1   0.2   9.4e-06      0.18      13      46 ..       7      40 ..       1      42 [. 0.77

  Alignments for each domain:
  == domain 1  score: 12.1 bits;  conditional E-value: 9.4e-06
   SGS 13 eekeekkeeegddalnklFkklYadadedtrram 46
          ++++  ke ++++++++l kk+Y ++d + ++a 
  orf3  7 KRSDIMKELSQNEQIDSLIKKIYTNSDLQHKQAF 40
          344445567899***************9999985 PP



Internal pipeline statistics summary:
-------------------------------------
Query sequence(s):                         1  (121 residues searched)
Target model(s):                       19632  (3329936 nodes)
Passed MSV filter:                      1099  (0.05598); expected 392.6 (0.02)
Passed bias filter:                      541  (0.027557); expected 392.6 (0.02)
Passed Vit filter:                        35  (0.0017828); expected 19.6 (0.001)
Passed Fwd filter:                         1  (5.09372e-05); expected 0.2 (1e-05)
Initial search space (Z):              19632  [actual number of targets]
Domain search space  (domZ):               1  [number of targets reported over threshold]
# CPU time: 0.28u 0.16s 00:00:00.44 Elapsed: 00:00:00.30
# Mc/sec: 1331.70
//
[ok]
