# hmmscan :: search sequence(s) against a profile database
# HMMER 3.3.2 (Nov 2020); http://hmmer.org/
# Copyright (C) 2020 Howard Hughes Medical Institute.
# Freely distributed under the BSD open source license.
# - - - - - - - - - - - - - - - - - - - - - - - - - - - - - - - - - - - -
# query sequence file:             -
# target HMM database:             /n/eddy_lab/data/pfam-35.0/Pfam-A.hmm
# output directed to file:         ./all_windows_new/hmmscan/out/IMGVR_UViG_2667528104_000003_2667528104_2667612846_19298-79412_hmmscan_output.out
# per-seq hits tabular output:     ./all_windows_new/hmmscan/tblout/IMGVR_UViG_2667528104_000003_2667528104_2667612846_19298-79412_hmmscan_output.tblout
# - - - - - - - - - - - - - - - - - - - - - - - - - - - - - - - - - - - -

Query:       orf1  [L=107]
Description: source=IMGVR_UViG_2667528104_000003_2667528104_2667612846_19298-79412/46685-48271 coords=277..597 length=107 frame=1 desc=
Scores for complete sequence (score includes all domains):
   --- full sequence ---   --- best 1 domain ---    -#dom-
    E-value  score  bias    E-value  score  bias    exp  N  Model       Description
    ------- ------ -----    ------- ------ -----   ---- --  --------    -----------
    3.2e-13   49.6   7.6    4.6e-13   49.1   7.6    1.2  1  Zn_Tnp_IS91  Transposase zinc-binding domain


Domain annotation for each model (and alignments):
>> Zn_Tnp_IS91  Transposase zinc-binding domain
   #    score  bias  c-Evalue  i-Evalue hmmfrom  hmm to    alifrom  ali to    envfrom  env to     acc
 ---   ------ ----- --------- --------- ------- -------    ------- -------    ------- -------    ----
   1 !   49.1   7.6   2.3e-17   4.6e-13       4      62 ..      46     107 .]      43     107 .] 0.95

  Alignments for each domain:
  == domain 1  score: 49.1 bits;  conditional E-value: 2.3e-17
  Zn_Tnp_IS91   4 ehleeflek.keklspsqkkavekilkCrtaalGfaryeCee..CghekivpfsCksrhCps 62 
                  e +e++l++ +++++++q + +ek+l+C+t+++G ++yeCe+  C+h+k++++sCks+ C+s
         orf1  46 EAWEKYLTHcGDNITTNQIECIEKMLACGTSKVGSKHYECENpaCEHRKVIYNSCKSKACSS 107
                  689*******99*****************************888****************85 PP



Internal pipeline statistics summary:
-------------------------------------
Query sequence(s):                         1  (107 residues searched)
Target model(s):                       19632  (3329936 nodes)
Passed MSV filter:                       550  (0.0280155); expected 392.6 (0.02)
Passed bias filter:                      254  (0.0129381); expected 392.6 (0.02)
Passed Vit filter:                        20  (0.00101874); expected 19.6 (0.001)
Passed Fwd filter:                         1  (5.09372e-05); expected 0.2 (1e-05)
Initial search space (Z):              19632  [actual number of targets]
Domain search space  (domZ):               1  [number of targets reported over threshold]
# CPU time: 0.27u 0.18s 00:00:00.45 Elapsed: 00:00:00.32
# Mc/sec: 1088.02
//
Query:       orf2  [L=298]
Description: source=IMGVR_UViG_2667528104_000003_2667528104_2667612846_19298-79412/46685-48271 coords=601..1494 length=298 frame=1 desc=
Scores for complete sequence (score includes all domains):
   --- full sequence ---   --- best 1 domain ---    -#dom-
    E-value  score  bias    E-value  score  bias    exp  N  Model    Description
    ------- ------ -----    ------- ------ -----   ---- --  -------- -----------
    1.4e-15   57.5   0.1      2e-14   53.8   0.0    2.2  2  RVT_1     Reverse transcriptase (RNA-dependent DNA polymerase
    9.7e-08   32.1   8.6    9.7e-08   32.1   8.6    2.6  2  GIIM      Group II intron, maturase-specific domain
  ------ inclusion threshold ------
      0.097   13.1   2.0       0.25   11.8   2.0    1.7  1  PSP1      PSP1 C-terminal conserved region
       0.12   11.8   0.0        0.2   11.1   0.0    1.3  1  tify      tify domain


Domain annotation for each model (and alignments):
>> RVT_1  Reverse transcriptase (RNA-dependent DNA polymerase)
   #    score  bias  c-Evalue  i-Evalue hmmfrom  hmm to    alifrom  ali to    envfrom  env to     acc
 ---   ------ ----- --------- --------- ------- -------    ------- -------    ------- -------    ----
   1 !   53.8   0.0     4e-18     2e-14     134     222 .]      10     128 ..       9     128 .. 0.97
   2 ?    1.4   0.1     0.043   2.1e+02       1      30 [.     129     160 ..     129     184 .. 0.77

  Alignments for each domain:
  == domain 1  score: 53.8 bits;  conditional E-value: 4e-18
            ST-TTHHHHHHHHHHHHHTT-T.....................................TEEECTTEEEEEESS.HHHHHHHHHHHHHHHHH.TT--BEGGG-E CS
  RVT_1 134 qGsvlSPllfnlfmnellrelrkra...............................kgvtllrYaDDililsks.keelqelleaveewlke.sglkinpeKtk 204
            qG+v+SPll+n+++ne+++ l++r+                               + v ++rYaDD+++++k+ k++++++ ++++++l+   +l++n +Kt+
   orf2  10 QGGVISPLLSNIMLNEFDQYLNQRYlskkarkdrwywnhsikigrkpalennrqwrPAVAYCRYADDFVVIVKGsKQDAEHIRDECRSFLEGkLKLTLNLDKTH 113
            9*************************************************************************7777************976*********** PP

            EE.....ESSEEETTEEE CS
  RVT_1 205 lvlftvkseevkyLGvtl 222
            +++    ++ + +LG+++
   orf2 114 VTH---VNDGFVFLGHRI 128
            **9...999999999975 PP

  == domain 2  score: 1.4 bits;  conditional E-value: 0.043
            EE-TT..S-EEE.......-THHHHCTB--.. CS
  RVT_1   1 ipKkg.pgsyRp.isllsvdykalnkliakrL 30 
            i+K+g +g++R+  s+++ + kal   ++k L
   orf2 129 IRKRGpKGNMRViSSIPKDKAKALIHSLIKEL 160
            7899999*****66677778887766666544 PP

>> GIIM  Group II intron, maturase-specific domain
   #    score  bias  c-Evalue  i-Evalue hmmfrom  hmm to    alifrom  ali to    envfrom  env to     acc
 ---   ------ ----- --------- --------- ------- -------    ------- -------    ------- -------    ----
   1 ?   -2.6   0.2       1.3   6.5e+03      52      63 ..      27      35 ..      21      55 .. 0.52
   2 !   32.1   8.6     2e-11   9.7e-08       8      69 ..     153     217 ..     147     240 .. 0.78

  Alignments for each domain:
  == domain 1  score: -2.6 bits;  conditional E-value: 1.3
  GIIM 52 dhyirrrLrrwl 63
          d+y+++r    l
  orf2 27 DQYLNQRY---L 35
          55555442...2 PP

  == domain 2  score: 32.1 bits;  conditional E-value: 2e-11
  GIIM   8 ireltkrsskg..vsleelirklnpiirGWanYyrlv.vakrvfskldhyirrrLrrwllrkhkk 69 
           i++l+k+ s +   s  ++++k+n+ + GW ++yr++  ++ +++++d+ ++++L+rwl rk++ 
  orf2 153 IHSLIKELSGDfsCSKIDKVEKINQKLNGWSQFYRHTdFTAMTYRRIDRVVFWKLARWLARKYRC 217
           55555444444114556889*****************889999********************86 PP

>> PSP1  PSP1 C-terminal conserved region
   #    score  bias  c-Evalue  i-Evalue hmmfrom  hmm to    alifrom  ali to    envfrom  env to     acc
 ---   ------ ----- --------- --------- ------- -------    ------- -------    ------- -------    ----
   1 ?   11.8   2.0   5.1e-05      0.25      55      83 ..     193     221 ..     146     223 .. 0.90

  Alignments for each domain:
  == domain 1  score: 11.8 bits;  conditional E-value: 5.1e-05
  PSP1  55 tfyYvaeervdFreLvkeLfkfyktRIwL 83 
            + Y+  +rv F +L + L++ y++RI+L
  orf2 193 AMTYRRIDRVVFWKLARWLARKYRCRIKL 221
           5689999********************98 PP

>> tify  tify domain
   #    score  bias  c-Evalue  i-Evalue hmmfrom  hmm to    alifrom  ali to    envfrom  env to     acc
 ---   ------ ----- --------- --------- ------- -------    ------- -------    ------- -------    ----
   1 ?   11.1   0.0   4.1e-05       0.2      13      31 ..     136     154 ..     135     156 .. 0.92

  Alignments for each domain:
  == domain 1  score: 11.1 bits;  conditional E-value: 4.1e-05
  tify  13 GkVvVfDdvpaeKAkaIml 31 
           G + V +++p +KAka+++
  orf2 136 GNMRVISSIPKDKAKALIH 154
           8999*************96 PP



Internal pipeline statistics summary:
-------------------------------------
Query sequence(s):                         1  (298 residues searched)
Target model(s):                       19632  (3329936 nodes)
Passed MSV filter:                       613  (0.0312245); expected 392.6 (0.02)
Passed bias filter:                      477  (0.0242971); expected 392.6 (0.02)
Passed Vit filter:                        35  (0.0017828); expected 19.6 (0.001)
Passed Fwd filter:                         4  (0.000203749); expected 0.2 (1e-05)
Initial search space (Z):              19632  [actual number of targets]
Domain search space  (domZ):               4  [number of targets reported over threshold]
# CPU time: 0.33u 0.15s 00:00:00.48 Elapsed: 00:00:00.30
# Mc/sec: 3298.40
//
[ok]
