# hmmscan :: search sequence(s) against a profile database
# HMMER 3.3.2 (Nov 2020); http://hmmer.org/
# Copyright (C) 2020 Howard Hughes Medical Institute.
# Freely distributed under the BSD open source license.
# - - - - - - - - - - - - - - - - - - - - - - - - - - - - - - - - - - - -
# query sequence file:             -
# target HMM database:             /n/eddy_lab/data/pfam-35.0/Pfam-A.hmm
# output directed to file:         ./all_windows_new/hmmscan/out/IMGVR_UViG_3300045988_120273_3300045988_Ga0495776_102839_hmmscan_output.out
# per-seq hits tabular output:     ./all_windows_new/hmmscan/tblout/IMGVR_UViG_3300045988_120273_3300045988_Ga0495776_102839_hmmscan_output.tblout
# - - - - - - - - - - - - - - - - - - - - - - - - - - - - - - - - - - - -

Query:       orf1  [L=211]
Description: source=IMGVR_UViG_3300045988_120273_3300045988_Ga0495776_102839/21629-23213 coords=207..839 length=211 frame=3 desc=
Scores for complete sequence (score includes all domains):
   --- full sequence ---   --- best 1 domain ---    -#dom-
    E-value  score  bias    E-value  score  bias    exp  N  Model         Description
    ------- ------ -----    ------- ------ -----   ---- --  --------      -----------
    1.8e-07   31.4   8.0    1.8e-07   31.4   0.9    2.3  2  PhageMin_Tail  Phage-related minor tail protein


Domain annotation for each model (and alignments):
>> PhageMin_Tail  Phage-related minor tail protein
   #    score  bias  c-Evalue  i-Evalue hmmfrom  hmm to    alifrom  ali to    envfrom  env to     acc
 ---   ------ ----- --------- --------- ------- -------    ------- -------    ------- -------    ----
   1 !    3.7   1.3    0.0028        55      93     183 ..      36     140 ..      11     146 .. 0.62
   2 !   31.4   0.9   9.1e-12   1.8e-07       6      63 ..     147     203 ..     143     204 .. 0.95

  Alignments for each domain:
  == domain 1  score: 3.7 bits;  conditional E-value: 0.0028
  PhageMin_Tail  93 vedladalkevaavakaaGlsfeetaaalatlaaag.ikgeeAgtalknllsrl...tkeaaealkklG.........is.tkdaqgkaksldeil 174
                    ++ l d ++ ++++akaa ls         +  + g +   e++  lkn+ s       +  + l ++G         is  ++ ++ +k  + i+
           orf1  36 LKSLVDKFSSLSPAAKAATLSVSALVVGFKAVHKLGvTALTEVTGVLKNIGSVAldiGGQIWDSLAQIGgiptsigdiISeYTSYNATMKEVQAIS 131
                    456777777777777777777777777777777777666666666666666654444335555555554444444444443344445556666666 PP

  PhageMin_Tail 175 eelkealkk 183
                    + +++++++
           orf1 132 GATSSEFQQ 140
                    666665555 PP

  == domain 2  score: 31.4 bits;  conditional E-value: 9.1e-12
  PhageMin_Tail   6 qlgektkysaaeaaealeelakaGvsleealdllegaaklakaggaddleeaaeiaat 63 
                    +lg +t+++a+ aae+l+++ +aG+s++e +++l+++++la+ g ad l+++++i at
           orf1 147 KLGRQuery:       orf2  [L=211]
Description: source=IMGVR_UViG_3300045988_120273_3300045988_Ga0495776_102839/20988-22726 coords=848..1480 length=211 frame=2 desc=
Scores for complete sequence (score includes all domains):
   --- full sequence ---   --- best 1 domain ---    -#dom-
    E-value  score  bias    E-value  score  bias    exp  N  Model         Description
    ------- ------ -----    ------- ------ -----   ---- --  --------      -----------
    1.8e-07   31.4   8.0    1.8e-07   31.4   0.9    2.3  2  PhageMin_Tail  Phage-related minor tail protein


Domain annotation for each model (and alignments):
>> PhageMin_Tail  Phage-related minor tail protein
   #    score  bias  c-Evalue  i-Evalue hmmfrom  hmm to    alifrom  ali to    envfrom  env to     acc
 ---   ------ ----- --------- --------- ------- -------    ------- -------    ------- -------    ----
   1 !    3.7   1.3    0.0028        55      93     1Query:       orf2  [L=92]
Description: source=IMGVR_UViG_3300045988_120273_3300045988_Ga0495776_102839/21629-23213 coords=508..233 length=92 frame=4 desc=
Scores for complete sequence (score includes all domains):
   --- full sequence ---   --- best 1 domain ---    -#dom-
    E-value  score  bias    E-value  score  bias    exp  N  Model    Description
    ------- ------ -----    ------- ------ -----   ---- --  -------- -----------

   [No hits detected that satisfy reporting thresholds]


Domain annotation for each model (and alignments):

   [No targets detected that satisfy reporting thresholds]


Internal pipeline statistics summary:
-------------------------------------
Query sequence(s):                         1  (92 residues searched)
Target model(s):                       19632  (3329936 nodes)
Passed MSV filter:                       267  (0.0136002); expected 392.6 (0.02)
Passed bias filter:                      232  (0.0118174); expected 392.6 (0.02)
Passed Vit filter:                        16  (0.000814996); expected 19.6 (0.001)
Passed Fwd filter:                         0  (0); expected 0.2 (1e-05)
Initial search space (Z):              19632  [actual number of targets]
Domain search space  (domZ):               0  [number of targets reported over threshold]
# CPU time: 0.29u 0.18s 00:00:00.47 Elapsed: 00:00:00.32
# Mc/sec: 940.66
//
[ok]
esidues searched)
Target model(s):                       19632  (3329936 nodes)
Passed MSV filter:                       605  (0.030817); expected 392.6 (0.02)
Passed bias filter:                      487  (0.0248064); expected 392.6 (0.02)
Passed Vit filter:                        35  (0.0017828); expected 19.6 (0.001)
Passed Fwd filter:                         1  (5.09372e-05); expected 0.2 (1e-05)
Initial search space (Z):              19632  [actual number of targets]
Domain search space  (domZ):               1  [number of targets reported over threshold]
# CPU time: 0.35u 0.17s 00:00:00.52 Elapsed: 00:00:00.32
# Mc/sec: 2166.76
//
Query:       orf3  [L=92]
Description: source=IMGVR_UViG_3300045988_120273_3300045988_Ga0495776_102839/20988-22726 coords=1149..874 length=92 frame=6 desc=
Scores for complete sequence (score includes all domains):
   --- full sequence ---   --- best 1 domain ---    -#dom-
    E-value  score  bias    E-value  score  bias    exp  N  Model    Description
    ------- ------ -----    ------- ------ -----   ---- --  -------- -----------

   [No hits detected that satisfy reporting thresholds]


Domain annotation for each model (and alignments):

   [No targets detected that satisfy reporting thresholds]


Internal pipeline statistics summary:
-------------------------------------
Query sequence(s):                         1  (92 residues searched)
Target model(s):                       19632  (3329936 nodes)
Passed MSV filter:                       267  (0.0136002); expected 392.6 (0.02)
Passed bias filter:                      232  (0.0118174); expected 392.6 (0.02)
Passed Vit filter:                        16  (0.000814996); expected 19.6 (0.001)
Passed Fwd filter:                         0  (0); expected 0.2 (1e-05)
Initial search space (Z):              19632  [actual number of targets]
Domain search space  (domZ):               0  [number of targets reported over threshold]
# CPU time: 0.26u 0.17s 00:00:00.43 Elapsed: 00:00:00.31
# Mc/sec: 976.82
//
[ok]
