# hmmscan :: search sequence(s) against a profile database
# HMMER 3.3.2 (Nov 2020); http://hmmer.org/
# Copyright (C) 2020 Howard Hughes Medical Institute.
# Freely distributed under the BSD open source license.
# - - - - - - - - - - - - - - - - - - - - - - - - - - - - - - - - - - - -
# query sequence file:             -
# target HMM database:             /n/eddy_lab/data/pfam-35.0/Pfam-A.hmm
# output directed to file:         ./all_windows_new/hmmscan/out/IMGVR_UViG_3300032420_000192_3300032420_Ga0335397_10020717_hmmscan_output.out
# per-seq hits tabular output:     ./all_windows_new/hmmscan/tblout/IMGVR_UViG_3300032420_000192_3300032420_Ga0335397_10020717_hmmscan_output.tblout
# - - - - - - - - - - - - - - - - - - - - - - - - - - - - - - - - - - - -

Query:       orf1  [L=167]
Description: source=IMGVR_UViG_3300032420_000192_3300032420_Ga0335397_10020717/4702-6277 coords=86..586 length=167 frame=2 desc=
Scores for complete sequence (score includes all domains):
   --- full sequence ---   --- best 1 domain ---    -#dom-
    E-value  score  bias    E-value  score  bias    exp  N  Model    Description
    ------- ------ -----    ------- ------ -----   ---- --  -------- -----------

   [No hits detected that satisfy reporting thresholds]


Domain annotation for each model (and alignments):

   [No targets detected that satisfy reporting thresholds]


Internal pipeline statistics summary:
-------------------------------------
Query sequence(s):                         1  (167 residues searched)
Target model(s):                       19632  (3329936 nodes)
Passed MSV filter:                       590  (0.030053); expected 392.6 (0.02)
Passed bias filter:                      480  (0.0244499); expected 392.6 (0.02)
Passed Vit filter:                        25  (0.00127343); expected 19.6 (0.001)
Passed Fwd filter:                         0  (0); expected 0.2 (1e-05)
Initial search space (Z):              19632  [actual number of targets]
Domain search space  (domZ):               0  [number of targets reported over threshold]
# CPU time: 0.37u 0.22s 00:00:00.59 Elapsed: 00:00:00.38
# Mc/sec: 1444.27
//
Query:       orf2  [L=93]
Description: source=IMGVR_UViG_3300032420_000192_3300032420_Ga0335397_10020717/4702-6277 coords=1237..1515 length=93 frame=1 desc=
Scores for complete sequence (score includes all domains):
   --- full sequence ---   --- best 1 domain ---    -#dom-
    E-value  score  bias    E-value  score  bias    exp  N  Model    Description
    ------- ------ -----    ------- ------ -----   ---- --  -------- -----------
  ------ inclusion threshold ------
      0.015   15.4   0.6      0.069   13.2   0.6    1.9  1  KSHV_K1   Glycoprotein K1 of Kaposi's sarcoma-associated herp
      0.097   12.9   0.0       0.12   12.6   0.0    1.1  1  DUF6121   Family of unknown function (DUF6121)


Domain annotation for each model (and alignments):
>> KSHV_K1  Glycoprotein K1 of Kaposi's sarcoma-associated herpes virus
   #    score  bias  c-Evalue  i-Evalue hmmfrom  hmm to    alifrom  ali to    envfrom  env to     acc
 ---   ------ ----- --------- --------- ------- -------    ------- -------    ------- -------    ----
   1 ?   13.2   0.6     7e-06     0.069      26      53 ..      50      85 ..      39      89 .. 0.83

  Alignments for each domain:
  == domain 1  score: 13.2 bits;  conditional E-value: 7e-06
  KSHV_K1 26 tqgtltvdtlicnf........scvgqsghryslwi 53
              qgt+    lic f        sc+g++gh y  w+
     orf2 50 RQGTFPYTGLICSFaairyvmhSCIGETGHWYKRWL 85
             58999999999998666666668***********97 PP

>> DUF6121  Family of unknown function (DUF6121)
   #    score  bias  c-Evalue  i-Evalue hmmfrom  hmm to    alifrom  ali to    envfrom  env to     acc
 ---   ------ ----- --------- --------- ------- -------    ------- -------    ------- -------    ----
   1 ?   12.6   0.0   1.2e-05      0.12      36      90 ..      25      78 ..      20      83 .. 0.79

  Alignments for each domain:
  == domain 1  score: 12.6 bits;  conditional E-value: 1.2e-05
  DUF6121 36 qpdatpylgpamvvgvaivvvlatavgvregspavsglva..aataylvmlgvgavg 90
             + d    +g amvv     ++l+ a   r+g+   +gl++  aa  y++  ++g  g
     orf2 25 EKDVNAAFGSAMVVRK---LLLSIAQATRQGTFPYTGLICsfAAIRYVMHSCIGETG 78
             5677888899999986...457778889***********955577787777888777 PP



Internal pipeline statistics summary:
-------------------------------------
Query sequence(s):                         1  (93 residues searched)
Target model(s):                       19632  (3329936 nodes)
Passed MSV filter:                       338  (0.0172168)Query:       orf2  [L=90]
Description: source=IMGVR_UViG_3300032420_000192_3300032420_Ga0335397_10020717/3025-4601 coords=606..875 length=90 frame=3 desc=
Scores for complete sequence (score includes all domains):
   --- full sequence ---   --- best 1 domain ---    -#dom-
    E-value  score  bias    E-value  score  bias    exp  N  Model    Description
    ------- ------ -----    ------- ------ -----   ---- --  -------- -----------

   [No hits detected that satisfy reporting thresholds]


Domain annotatioQuery:       orf3  [L=102]
Description: source=IMGVR_UViG_3300032420_000192_3300032420_Ga0335397_10020717/4702-6277 coords=978..673 length=102 frame=5 desc=
Scores for complete sequence (score includes all domains):
   --- full sequence ---   --- best 1 domain ---    -#dom-
    E-value  score  bias    E-value  score  bias    exp  N  Model    Description
    ------- ------ -----    ------- ------ -----   ---- --  -------- -----------

   [No hits detected that satisfy reporting thresholds]


Domain annotation for each model (and alignments):

   [No targets detected that satisfy reporting thresholds]


Internal pipeline statistics summary:
-------------------------------------
Query sequence(s):                         1  (102 residues searched)
Target model(s):                       19632  (3329936 nodes)
Passed MSV filter:                       337  (0.0171659); expected 392.6 (0.02)
Passed bias filter:                      277  (0.0141096); expected 392.6 (0.02)
Passed Vit filter:                        15  (0.000764059); expected 19.6 (0.001)
Passed Fwd filter:                         0  (0); expected 0.2 (1e-05)
Initial search space (Z):              19632  [actual number of targets]
Domain search space  (domZ):               0  [number of targets reported over threshold]
# CPU time: 0.34u 0.18s 00:00:00.52 Elapsed: 00:00:00.32
# Mc/sec: 1030.92
//
[ok]
