# hmmscan :: search sequence(s) against a profile database
# HMMER 3.3.2 (Nov 2020); http://hmmer.org/
# Copyright (C) 2020 Howard Hughes Medical Institute.
# Freely distributed under the BSD open source license.
# - - - - - - - - - - - - - - - - - - - - - - - - - - - - - - - - - - - -
# query sequence file:             -
# target HMM database:             /n/eddy_lab/data/pfam-35.0/Pfam-A.hmm
# output directed to file:         ./all_windows_new/hmmscan/out/IMGVR_UViG_3300006523_000165_3300006523_Ga0101039_100231_27025-68086_hmmscan_output.out
# per-seq hits tabular output:     ./all_windows_new/hmmscan/tblout/IMGVR_UViG_3300006523_000165_3300006523_Ga0101039_100231_27025-68086_hmmscan_output.tblout
# - - - - - - - - - - - - - - - - - - - - - - - - - - - - - - - - - - - -

Query:       orf1  [L=173]
Description: source=IMGVR_UViG_3300006523_000165_3300006523_Ga0101039_100231_27025-68086/3131-1535 coords=2..520 length=173 frame=2 desc=
Scores for complete sequence (score includes all domains):
   --- full sequence ---   --- best 1 domain ---    -#dom-
    E-value  score  bias    E-value  score  bias    exp  N  Model         Description
    ------- ------ -----    ------- ------ -----   ---- --  --------      -----------
    4.6e-16   58.8   0.0    5.9e-16   58.4   0.0    1.1  1  Peptidase_S24  Peptidase S24-like


Domain annotation for each model (and alignments):
>> Peptidase_S24  Peptidase S24-like
   #    score  bias  c-Evalue  i-Evalue hmmfrom  hmm to    alifrom  ali to    envfrom  env to     acc
 ---   ------ ----- --------- --------- ------- -------    ------- -------    ------- -------    ----
   1 !   58.4   0.0     3e-20   5.9e-16       1     111 [.      39     159 ..      39     164 .. 0.86

  Alignments for each domain:
  == domain 1  score: 58.4 bits;  conditional E-value: 3e-20
                    EEE.CCCEESCCCTCEECCEEEEEXXGCCS.XTTTTEEEEE--SSTTGCT--TT-EEEEE....CTS---TTSEEEE..EETT..EEEEEEEEE.. CS
  Peptidase_S24   1 pli.gevsaGapeeaeeeieeylplpsetl.sapeelfalrvkGdSMepgikdgdivlvd....petevrnGdivva..rldg..eatvKrlkr.. 84 
                    pl+  +++aG  ++++ ++ +++p++   +   p ++ al v+GdSM+p +k+gdivl +    + +++  G+++++  +ldg  ++t+K+++r  
           orf1  39 PLYeLDATAGLVALFDGTT-RQVPVSHLQIpDLPPCDGALYVRGDSMYPLLKSGDIVLYKeipyTASSILWGEMYLLsfTLDGenYITIKYIQRad 133
                    5663367777777777777.78899888888889**************************99867799999*****877899999*********97 PP

                    ETTEEEEE-SSTTS--EEECC.GCEEE CS
  Peptidase_S24  85 eggqirLkslNpeypdikipeeeevei 111
                    ++  +rL+s+Np++ + +ip+ ++++ 
           orf1 134 DDRFVRLVSHNPHHSPKEIPA-DSIRA 159
                    77789***************9.66665 PP



Internal pipeline statistics summary:
-------------------------------------
Query sequence(s):                         1  (173 residues searched)
Target model(s):                       19632  (3329936 nodes)
Passed MSV filter:                       234  (0.0119193); expected 392.6 (0.02)
Passed bias filter:                      234  (0.0119193); expected 392.6 (0.02)
Passed Vit filter:                        18  (0.00091687); expected 19.6 (0.001)
Passed Fwd filter:                         1  (5.09372e-05); expected 0.2 (1e-05)
Initial search space (Z):              19632  [actual number of targets]
Domain search space  (domZ):               1  [number of targets reported over threshold]
# CPU time: 0.31u 0.15s 00:00:00.46 Elapsed: 00:00:00.31
# Mc/sec: 1812.69
//
Query:       orf2  [L=92]
Description: source=IMGVR_UViG_3300006523_000165_3300006523_Ga0101039_100231_27025-68086/3131-1535 coords=292..567 length=92 frame=1 desc=
Scores for complete sequence (score includes all domains):
   --- full sequence ---   --- best 1 domain ---    -#dom-
    E-value  score  bias    E-value  score  bias    exp  N  Model    Description
    ------- ------ -----    ------- ------ -----   ---- --  -------- -----------

   [No hits detected that satisfy reporting thresholds]


Domain annotation for each model (and alignments):

   [No targets detected that satisfy reporting thresholds]


Internal pipeline statistics summary:
-------------------------------------
Query sequence(s):                         1  (92 residues searched)
Target model(s):                       19632  (3329936 nodes)
Passed MSV filter:                       356  (0.0181337); expected 392.6 (0.02)
Passed bias filter:                      231  (0.0117665); expected 392.6 (0.02)
Passed Vit filter:                        12  (0.000611247); expected 19.6 (0.001)
Passed Fwd filter:                         0  (0); expected 0.2 (1e-05)
Initial search space (Z):              19632  [actual number of targets]
Domain search space  (domZ):               0  [number of targets reported over threshold]
# CPU time: 0.28u 0.14s 00:00:00.42 Elapsed: 00:00:00.28
# Mc/sec: 1069.25
//
Query:       orf3  [L=97]
Description: source=IMGVR_UViG_3300006523_000165_3300006523_Ga0101039_100231_27025-68086/3131-1535 coords=843..1133 length=97 frame=3 desc=
Scores for complete sequence (score includes all domains):
   --- full sequence ---   --- best 1 domain ---    -#dom-
    E-value  score  bias    E-value  score  bias    exp  N  Model    Description
    ------- ------ -----    ------- ------ -----   ---- --  -------- -----------

   [No hits detected that satisfy reporting thresholds]


Domain annotation for each model (and alignments):

   [No targets detected that satisfy reporting thresholds]


Internal pipeline statistics summary:
-------------------------------------
Query sequence(s):                         1  (97 residues searched)
Target model(s):                       19632  (3329936 nodes)
Passed MSV filter:                       252  (0.0128362); expected 392.6 (0.02)
Passed bias filter:                      239  (0.012174); expected 392.6 (0.02)
Passed Vit filter:                        16  (0.000814996); expected 19.6 (0.001)
Passed Fwd filter:                         0  (0); expected 0.2 (1e-05)
Initial search space (Z):              19632  [actual number of targets]
Domain search space  (domZ):               0  [number of targets reported over threshold]
# CPU time: 0.26u 0.14s 00:00:00.40 Elapsed: 00:00:00.28
# Mc/sec: 1140.90
//
Query:       orf4  [L=102]
Description: source=IMGVR_UViG_3300006523_000165_3300006523_Ga0101039_100231_27025-68086/3131-1535 coords=1186..1491 length=102 frame=1 desc=
Scores for complete sequence (score includes all domains):
   --- full sequence ---   --- best 1 domain ---    -#dom-
    E-value  score  bias    E-value  score  bias    exp  N  Model         Description
    ------- ------ -----    ------- ------ -----   ---- --  --------      -----------
    0.00022   21.5   2.6     0.0017   18.6   2.6    2.0  1  HNH            HNH endonuclease
  ------ inclusion threshold ------
      0.014   15.5   0.3      0.024   14.8   0.3    1.3  1  DZR            Double zinc ribbon
      0.052   13.9   0.3      0.067   13.6   0.3    1.2  1  PSCyt3         Protein of unknown function (DUF1588)
       0.18   11.7   1.4       0.56   10.2   0.1    2.0  2  zinc_ribbon_2  zinc-ribbon domain
       0.24   11.6   1.9        1.8    8.8   1.0    2.3  2  zf-BED         BED zinc finger


Domain annotation for each model (and alignments):
>> HNH  HNH endonuclease
   #    score  bias  c-Evalue  i-Evalue hmmfrom  hmm to    alifrom  ali to    envfrom  env to     acc
 ---   ------ ----- --------- --------- ------- -------    ------- -------    ------- -------    ----
   1 !   18.6   2.6   4.2e-07    0.0017       1      43 [.      45      92 ..      45      95 .. 0.80

  Alignments for each domain:
  == domain 1  score: 18.6 bits;  conditional E-value: 4.2e-07
          -SSSS-B-SSEE--EEEESS-TTT.T--BS.GGGEE.......EE-HHHHHH CS
   HNH  1 CeyCgrkfhksdalevdHiipisq.ggadd.ieNlq.......llCksCHnk 43
          Ce Cg +    d le++H+  +++ +g+ d + N++       ++C++CH k
  orf4 45 CELCGAT----DKLEMHHVRKLKDlKGKSDwEKNMIarrrktlAVCSKCHAK 92
          9******....6699********99888886889994444444489999976 PP

>> DZR  Double zinc ribbon
   #    score  bias  c-Evalue  i-Evalue hmmfrom  hmm to    alifrom  ali to    envfrom  env to     acc
 ---   ------ ----- --------- --------- ------- -------    ------- -------    ------- -------    ----
   1 ?   14.8   0.3   6.1e-06     0.024      13      43 ..      43      98 ..      38      99 .. 0.86

  Alignments for each domain:
  == domain 1  score: 14.8 bits;  conditional E-value: 6.1e-06
   DZR 13 rfCpeCgtk..lkavaa.........................edrCpsCgesvspear 43
          ++C+ Cg++  l  + +                           +C++C+++++p+ r
  orf4 43 QVCELCGATdkL--EMHhvrklkdlkgksdweknmiarrrktLAVCSKCHAKIDPDRR 98
          68******9553..3445888999999***************************9876 PP

>> PSCyt3  Protein of unknown function (DUF1588)
   #    score  bias  c-Evalue  i-Evalue hmmfrom  hmm to    alifrom  ali to    envfrom  env to     acc
 ---   ------ ----- --------- --------- ------- -------    ------- -------    ------- -------    ----
   1 ?   13.6   0.3   1.7e-05     0.067      32      80 ..      46      95 ..      24      96 .. 0.65

  Alignments for each domain:
  == domain 1  score: 13.6 bits;  conditional E-value: 1.7e-05
  PSCyt3 32 klLceklppppanvpelkeeeeeelttrerleahrsaea.CasCHelidp 80
            +l + + +   ++v++lk+ + ++  +++ ++++r++ a C++CH++idp
    orf4 46 ELCGATDKLEMHHVRKLKDLKGKSDWEKNMIARRRKTLAvCSKCHAKIDP 95
            5555555555667777766666665666667766655445*********8 PP

>> zinc_ribbon_2  zinc-ribbon domain
   #    score  bias  c-Evalue  i-Evalue hmmfrom  hmm to    alifrom  ali to    envfrom  env to     acc
 ---   ------ ----- --------- --------- ------- -------    ------- -------    ------- -------    ----
   1 ?    0.6   0.1      0.15   5.8e+02      16      21 ..      45      50 ..      43      51 .. 0.70
   2 ?   10.2   0.1   0.00014      0.56       1      12 [.      85      96 ..      85      98 .. 0.87

  Alignments for each domain:
  == domain 1  score: 0.6 bits;  conditional E-value: 0.15
  zinc_ribbon_2 16 CpkCGt 21
                   C  CG+
           orf4 45 CELCGA 50
                   777886 PP

  == domain 2  score: 10.2 bits;  conditional E-value: 0.00014
  zinc_ribbon_2  1 fCpnCGaeipdn 12
                   +C++C+a+i+++
           orf4 85 VCSKCHAKIDPD 96
                   5********986 PP

>> zf-BED  BED zinc finger
   #    score  bias  c-Evalue  i-Evalue hmmfrom  hmm to    alifrom  ali to    envfrom  env to     acc
 ---   ------ ----- --------- --------- ------- -------    ------- -------    ------- -------    ----
   1 ?    1.6   0.0     0.082   3.2e+02      16      25 ..      42      51 ..      24      54 .. 0.83
   2 ?    8.8   1.0   0.00045       1.8      11      26 ..      78      93 ..      57      98 .. 0.84

  Alignments for each domain:
  == domain 1  score: 1.6 bits;  conditional E-value: 0.082
            --EETTTTEE CS
  zf-BED 16 kavCryCgkq 25
              vC +Cg++
    orf4 42 LQVCELCGAT 51
            568****985 PP

  == domain 2  score: 8.8 bits;  conditional E-value: 0.00045
            -GGSS--EETTTTEE- CS
  zf-BED 11 plkekkavCryCgkql 26
             ++++ avC +C++++
    orf4 78 RRRKTLAVCSKCHAKI 93
            4899*********998 PP



Internal pipeline statistics summary:
-------------------------------------
Query sequence(s):                         1  (102 residues searched)
Target model(s):                       19632  (3329936 nodes)
Passed MSV filter:                       956  (0.048696); expected 392.6 (0.02)
Passed bias filter:                      699  (0.0356051); expected 392.6 (0.02)
Passed Vit filter:                        77  (0.00392217); expected 19.6 (0.001)
Passed Fwd filter:                         5  (0.000254686); expected 0.2 (1e-05)
Initial search space (Z):              19632  [actual number of targets]
Domain search space  (domZ):               5  [number of targets reported over threshold]
# CPU time: 0.29u 0.14s 00:00:00.43 Elapsed: 00:00:00.28
# Mc/sec: 1203.68
//
Query:       orf5  [L=117]
Description: source=IMGVR_UViG_3300006523_000165_3300006523_Ga0101039_100231_27025-68086/3131-1535 coords=720..370 length=117 frame=5 desc=
Scores for complete sequence (score includes all domains):
   --- full sequence ---   --- best 1 domain ---    -#dom-
    E-value  score  bias    E-value  score  bias    exp  N  Model    Description
    ------- ------ -----    ------- ------ -----   ---- --  -------- -----------

   [No hits detected that satisfy reporting thresholds]


Domain annotation for each model (and alignments):

   [No targets detected that satisfy reporting thresholds]


Internal pipeline statistics summary:
-------------------------------------
Query sequence(s):                         1  (117 residues searched)
Target model(s):                       19632  (3329936 nodes)
Passed MSV filter:                       349  (0.0177771); expected 392.6 (0.02)
Passed bias filter:                      276  (0.0140587); expected 392.6 (0.02)
Passed Vit filter:                        13  (0.000662184); expected 19.6 (0.001)
Passed Fwd filter:                         0  (0); expected 0.2 (1e-05)
Initial search space (Z):              19632  [actual number of targets]
Domain search space  (domZ):               0  [number of targets reported over threshold]
# CPU time: 0.28u 0.13s 00:00:00.41 Elapsed: 00:00:00.27
# Mc/sec: 1415.64
//
Query:       orf6  [L=100]
Description: source=IMGVR_UViG_3300006523_000165_3300006523_Ga0101039_100231_27025-68086/3131-1535 coords=300..1 length=100 frame=5 desc=
Scores for complete sequence (score includes all domains):
   --- full sequence ---   --- best 1 domain ---    -#dom-
    E-value  score  bias    E-value  score  bias    exp  N  Model    Description
    ------- ------ -----    ------- ------ -----   ---- --  -------- -----------
  ------ inclusion threshold ------
       0.15   12.0   0.1        0.9    9.5   0.0    2.0  2  JmjN      jmjN domain


Domain annotation for each model (and alignments):
>> JmjN  jmjN domain
   #    score  bias  c-Evalue  i-Evalue hmmfrom  hmm to    alifrom  ali to    envfrom  env to     acc
 ---   ------ ----- --------- --------- ------- -------    ------- -------    ------- -------    ----
   1 ?    9.5   0.0   4.6e-05       0.9      15      31 ..      15      36 ..      14      36 .. 0.92
   2 ?   -0.4   0.0     0.058   1.1e+03      28      34 .]      40      46 ..      39      46 .. 0.87

  Alignments for each domain:
  == domain 1  score: 9.5 bits;  conditional E-value: 4.6e-05
          HHHHHHHH.....HHCCCSEEE CS
  JmjN 15 kYiekiep.....lgekyGIcK 31
          +Yie+ +      +g ++GIcK
  orf6 15 GYIESPRTynapsHGGRSGICK 36
          79999999999999*******9 PP

  == domain 2  score: -0.4 bits;  conditional E-value: 0.058
          SEEEE-- CS
  JmjN 28 GIcKIvP 34
          G c++vP
  orf6 40 GTCRVVP 46
          77****9 PP



Internal pipeline statistics summary:
-------------------------------------
Query sequence(s):                         1  (100 residues searched)
Target model(s):                       19632  (3329936 nodes)
Passed MSV filter:                       339  (0.0172677); expected 392.6 (0.02)
Passed bias filter:                      223  (0.011359); expected 392.6 (0.02)
Passed Vit filter:                        10  (0.000509372); expected 19.6 (0.001)
Passed Fwd filter:                         1  (5.09372e-05); expected 0.2 (1e-05)
Initial search space (Z):              19632  [actual number of targets]
Domain search space  (domZ):               1  [number of targets reported over threshold]
# CPU time: 0.26u 0.13s 00:00:00.39 Elapsed: 00:00:00.27
# Mc/sec: 1218.88
//
[ok]
