# hmmscan :: search sequence(s) against a profile database
# HMMER 3.3.2 (Nov 2020); http://hmmer.org/
# Copyright (C) 2020 Howard Hughes Medical Institute.
# Freely distributed under the BSD open source license.
# - - - - - - - - - - - - - - - - - - - - - - - - - - - - - - - - - - - -
# query sequence file:             -
# target HMM database:             /n/eddy_lab/data/pfam-35.0/Pfam-A.hmm
# output directed to file:         ./all_windows_new/hmmscan/out/IMGVR_UViG_3300014804_000101_3300014804_Ga0134371_1000822_hmmscan_output.out
# per-seq hits tabular output:     ./all_windows_new/hmmscan/tblout/IMGVR_UViG_3300014804_000101_3300014804_Ga0134371_1000822_hmmscan_output.tblout
# - - - - - - - - - - - - - - - - - - - - - - - - - - - - - - - - - - - -

Query:       orf1  [L=418]
Description: source=IMGVR_UViG_3300014804_000101_3300014804_Ga0134371_1000822/17642-16058 coords=238..1491 length=418 frame=1 desc=
Scores for complete sequence (score includes all domains):
   --- full sequence ---   --- best 1 domain ---    -#dom-
    E-value  score  bias    E-value  score  bias    exp  N  Model    Description
    ------- ------ -----    ------- ------ -----   ---- --  -------- -----------
    1.4e-13   51.1   0.0    3.2e-13   49.9   0.0    1.6  1  RVT_1     Reverse transcriptase (RNA-dependent DNA polymerase
     0.0057   16.9   0.1      0.014   15.7   0.1    1.7  1  HNH       HNH endonuclease


Domain annotation for each model (and alignments):
>> RVT_1  Reverse transcriptase (RNA-dependent DNA polymerase)
   #    score  bias  c-Evalue  i-Evalue hmmfrom  hmm to    alifrom  ali to    envfrom  env to     acc
 ---   ------ ----- --------- --------- ------- -------    ------- -------    ------- -------    ----
   1 !   49.9   0.0   3.2e-17   3.2e-13     135     222 .]       1     120 [.       1     120 [. 0.96

  Alignments for each domain:
  == domain 1  score: 49.9 bits;  conditional E-value: 3.2e-17
            T-TTHHHHHHHHHHHHHTT-T.......................................TEEECTTEEEEEESSHHHHHHHHHHHHHHHHH.TT--BEGGG-E CS
  RVT_1 135 GsvlSPllfnlfmnellrelrkra.................................kgvtllrYaDDililskskeelqelleaveewlke.sglkinpeKtk 204
            G+++SPll+n+++nel++ +++++                                 k+ +++rYaDD+ il++++e++++ l av +wlke  +l ++peKt+
   orf1   1 GGIISPLLANVVLNELDHWIESQWqcnpvtenyayrenaagcpiqshayramrntrlKEMYIVRYADDFRILCRTREQADRTLIAVTQWLKErLRLDVSPEKTR 104
            899*****************************************************************************************99********** PP

            EE......ESSEEETTEEE CS
  RVT_1 205 lvlftv.kseevkyLGvtl 222
            +v     +++  ++LG+++
   orf1 105 VV---DvRRSYSEFLGFKI 120
            **...44788888999875 PP

>> HNH  HNH endonuclease
   #    score  bias  c-Evalue  i-Evalue hmmfrom  hmm to    alifrom  ali to    envfrom  env to     acc
 ---   ------ ----- --------- --------- ------- -------    ------- -------    ------- -------    ----
   1 !   15.7   0.1   1.4e-06     0.014       5      36 ..     319     350 ..     313     352 .. 0.83

  Alignments for each domain:
  == domain 1  score: 15.7 bits;  conditional E-value: 1.4e-06
           S-B-SSEE--EEEESS-TTTT--BSGGGEEEE CS
   HNH   5 grkfhksdalevdHiipisqggaddieNlqll 36 
           g+kf   ++ +++H++p+  gg+d +eNl+l+
  orf1 319 GKKFQCISEIHCHHKKPKGIGGSDKYENLVLV 350
           455555589********************985 PP



Internal pipeline statistics summary:
-------------------------------------
Query sequence(s):                         1  (418 residues searched)
Target model(s):                       19632  (3329936 nodes)
Passed MSV filter:                       814  (0.0414629); expected 392.6 (0.02)
Passed bias filter:                      519  (0.0264364); expected 392.6 (0.02)
Passed Vit filter:                        40  (0.00203749); expected 19.6 (0.001)
Passed Fwd filter:                         2  (0.000101874); expected 0.2 (1e-05)
Initial search space (Z):              19632  [actual number of targets]
Domain search space  (domZ):               2  [number of targets reported over threshold]
# CPU time: 0.30u 0.19s 00:00:00.49 Elapsed: 00:00:00.31
# Mc/sec: 4363.21
//
Query:       orf2  [L=91]
Description: source=IMGVR_UViG_3300014804_000101_3300014804_Ga0134371_1000822/17642-16058 coords=531..259 length=91 frame=5 desc=
Scores for complete sequence (score includes all domains):
   --- full sequence ---   --- best 1 domain ---    -#dom-
    E-value  score  bias    E-value  score  bias    exp  N  Model    Description
    ------- ------ -----    ------- ------ -----   ---- --  -------- -----------

   [No hits detected that satisfy reporting thresholds]


Domain annotation for each model (and alignments):

   [No targets detected that satisfy reporting thresholds]


Internal pipeline statistics summary:
-------------------------------------
Query sequence(s):                         1  (91 residues searched)
Target model(s):                       19632  (3329936 nodes)
Passed MSV filter:                       335  (0.017064); expected 392.6 (0.02)
Passed bias filter:                      204  (0.0103912); expected 392.6 (0.02)
Passed Vit filter:                        15  (0.000764059); expected 19.6 (0.001)
Passed Fwd filter:                         0  (0); expected 0.2 (1e-05)
Initial search space (Z):              19632  [actual number of targets]
Domain search space  (domZ):               0  [number of targets reported over threshold]
# CPU time: 0.26u 0.13s 00:00:00.39 Elapsed: 00:00:00.27
# Mc/sec: 1095.53
//
[ok]
