# hmmscan :: search sequence(s) against a profile database
# HMMER 3.3.2 (Nov 2020); http://hmmer.org/
# Copyright (C) 2020 Howard Hughes Medical Institute.
# Freely distributed under the BSD open source license.
# - - - - - - - - - - - - - - - - - - - - - - - - - - - - - - - - - - - -
# query sequence file:             -
# target HMM database:             /n/eddy_lab/data/pfam-35.0/Pfam-A.hmm
# output directed to file:         ./all_windows_new/hmmscan/out/IMGVR_UViG_3300043313_002758_3300043313_Ga0452169_00088265_hmmscan_output.out
# per-seq hits tabular output:     ./all_windows_new/hmmscan/tblout/IMGVR_UViG_3300043313_002758_3300043313_Ga0452169_00088265_hmmscan_output.tblout
# - - - - - - - - - - - - - - - - - - - - - - - - - - - - - - - - - - - -

Query:       orf1  [L=121]
Description: source=IMGVR_UViG_3300043313_002758_3300043313_Ga0452169_00088265/3787-5362 coords=9..371 length=121 frame=3 desc=
Scores for complete sequence (score includes all domains):
   --- full sequence ---   --- best 1 domain ---    -#dom-
    E-value  score  bias    E-value  score  bias    exp  N  Model    Description
    ------- ------ -----    ------- ------ -----   ---- --  -------- -----------

   [No hits detected that satisfy reporting thresholds]


Domain annotation for each model (and alignments):

   [No targets detected that satisfy reporting thresholds]


Internal pipeline statistics summary:
-------------------------------------
Query sequence(s):                         1  (121 residues searched)
Target model(s):                       19632  (3329936 nodes)
Passed MSV filter:                       309  (0.0157396); expected 392.6 (0.02)
Passed bias filter:                      223  (0.011359); expected 392.6 (0.02)
Passed Vit filter:                        13  (0.000662184); expected 19.6 (0.001)
Passed Fwd filter:                         0  (0); expected 0.2 (1e-05)
Initial search space (Z):              19632  [actual number of targets]
Domain search space  (domZ):               0  [number of targets reported over threshold]
# CPU time: 0.21u 0.15s 00:00:00.36 Elapsed: 00:00:00.26
# Mc/sec: 1497.21
//
Query:       orf2  [L=101]
Description: source=IMGVR_UViG_3300043313_002758_3300043313_Ga0452169_00088265/3787-5362 coords=433..735 length=101 frame=1 desc=
Scores for complete sequence (score includes all domains):
   --- full sequence ---   --- best 1 domain ---    -#dom-
    E-value  score  bias    E-value  score  bias    exp  N  Model    Description
    ------- ------ -----    ------- ------ -----   ---- --  -------- -----------

   [No hits detected that satisfy reporting thresholds]


Domain annotation for each model (and alignments):

   [No targets detected that satisfy reporting thresholds]


Internal pipeline statistics summary:
-------------------------------------
Query sequence(s):                         1  (101 residues searched)
Target model(s):                       19632  (3329936 nodes)
Passed MSV filter:                       387  (0.0197127); expected 392.6 (0.02)
Passed bias filter:                      335  (0.017064); expected 392.6 (0.02)
Passed Vit filter:                        30  (0.00152812); expected 19.6 (0.001)
Passed Fwd filter:                         0  (0); expected 0.2 (1e-05)
Initial search space (Z):              19632  [actual number of targets]
Domain search space  (domZ):               0  [number of targets reported over threshold]
# CPU time: 0.22u 0.15s 00:00:00.37 Elapsed: 00:00:00.26
# Mc/sec: 1257.38
//
Query:       orf3  [L=223]
Description: source=IMGVR_UViG_3300043313_002758_3300043313_Ga0452169_00088265/3787-5362 coords=707..1375 length=223 frame=2 desc=
Scores for complete sequence (score includes all domains):
   --- full sequence ---   --- best 1 domain ---    -#dom-
    E-value  score  bias    E-value  score  bias    exp  N  Model    Description
    ------- ------ -----    ------- ------ -----   ---- --  -------- -----------
    1.4e-06   28.8   0.0    2.6e-06   28.0   0.0    1.5  1  NusG      Transcription termination factor nusG
      0.007   16.4   0.0      0.018   15.1   0.0    1.7  1  KOW       KOW motif


Domain annotation for each model (and alignments):
>> NusG  Transcription termination factor nusG
   #    score  bias  c-Evalue  i-Evalue hmmfrom  hmm to    alifrom  ali to    envfrom  env to     acc
 ---   ------ ----- --------- --------- ------- -------    ------- -------    ------- -------    ----
   1 !   28.0   0.0   2.6e-10   2.6e-06      19      97 ..      27     104 ..      11     105 .. 0.84

  Alignments for each domain:
  == domain 1  score: 28.0 bits;  conditional E-value: 2.6e-10
           HHHHHHHHCT-EEE-SCEEEEEEETTEEE....CSSTTEEEEEE---CHHHHHHHCSTTEEEE-EETTSSCC-EB-HHHHHHH CS
           xxxxxxxxxxxxxxxxxxxxxxxxxxxxx....xxxxxxxxxxxxxxxxxxxxxxxxxxxxxxxxxxxxxxxxxxxxxxxxxx RF
  NusG  19 nLlkvleleglevivPaeevveirqgkkk....klfpgyilikadmndkllmairktpgvtgfvmvggkekpvplkeeevqki 97 
           +L + l + g+e++ P  ++v++  g+k      lfp y ++ +  +   ++  r+ pgv+++vm g+ + p++++++ ++++
  orf3  27 AL-HCLGHLGYETYAPRLRTVRVSHGRKIerrsLLFPSYAFLAIVSQ---WHEARRAPGVVRLVMAGD-GAPAQVPDAVISHL 104
           44.55578899******9999989888777899**********9977...****************98.6******9988765 PP

>> KOW  KOW motif
   #    score  bias  c-Evalue  i-Evalue hmmfrom  hmm to    alifrom  ali to    envfrom  env to     acc
 ---   ------ ----- --------- --------- ------- -------    ------- -------    ------- -------    ----
   1 !   15.1   0.0   1.8e-06     0.018       1      15 [.     123     137 ..     123     140 .. 0.92

  Alignments for each domain:
  == domain 1  score: 15.1 bits;  conditional E-value: 1.8e-06
           TTSEEEESSSTTTTC CS
   KOW   1 pGdhVkVvsGphkGk 15 
           pGd+V++++Gp+ G 
  orf3 123 PGDEVRIIRGPFQGH 137
           8***********996 PP



Internal pipeline statistics summary:
-------------------------------------
Query sequence(s):                         1  (223 residues searched)
Target model(s):                       19632  (3329936 nodes)
Passed MSV filter:                       293  (0.0149246); expected 392.6 (0.02)
Passed bias filter:                      223  (0.011359); expected 392.6 (0.02)
Passed Vit filter:                        15  (0.000764059); expected 19.6 (0.001)
Passed Fwd filter:                         2  (0.000101874); expected 0.2 (1e-05)
Initial search space (Z):              19632  [actual number of targets]
Domain search space  (domZ):               2  [number of targets reported over threshold]
# CPU time: 0.22u 0.12s 00:00:00.34 Elapsed: 00:00:00.23
# Mc/sec: 3194.72
//
Query:       orf4  [L=174]
Description: source=IMGVR_UViG_3300043313_002758_3300043313_Ga0452169_00088265/3787-5362 coords=1053..1574 length=174 frame=3 desc=
Scores for complete sequence (score includes all domains):
   --- full sequence ---   --- best 1 domain ---    -#dom-
    E-value  score  bias    E-value  score  bias    exp  N  Model    Description
    ------- ------ -----    ------- ------ -----   ---- --  -------- -----------

   [No hits detected that satisfy reporting thresholds]


Domain annotation for each model (and alignments):

   [No targets detected that satisfy reporting thresholds]


Internal pipeline statistics summary:
-------------------------------------
Query sequence(s):                         1  (174 residues searched)
Target model(s):                       19632  (3329936 nodes)
Passed MSV filter:                       329  (0.0167584); expected 392.6 (0.02)
Passed bias filter:                      221  (0.0112571); expected 392.6 (0.02)
Passed Vit filter:                        21  (0.00106968); expected 19.6 (0.001)
Passed Fwd filter:                         0  (0); expected 0.2 (1e-05)
Initial search space (Z):              19632  [actual number of targets]
Domain search space  (domZ):               0  [number of targets reported over threshold]
# CPU time: 0.25u 0.11s 00:00:00.36 Elapsed: 00:00:00.24
# Mc/sec: 2385.13
//
Query:       orf5  [L=119]
Description: source=IMGVR_UViG_3300043313_002758_3300043313_Ga0452169_00088265/3787-5362 coords=1219..1575 length=119 frame=1 desc=
Scores for complete sequence (score includes all domains):
   --- full sequence ---   --- best 1 domain ---    -#dom-
    E-value  score  bias    E-value  score  bias    exp  N  Model           Description
    ------- ------ -----    ------- ------ -----   ---- --  --------        -----------
  ------ inclusion threshold ------
      0.088   13.4   1.1       0.12   13.0   1.1    1.2  1  DNase_NucA_NucB  Deoxyribonuclease NucA/NucB


Domain annotation for each model (and alignments):
>> DNase_NucA_NucB  Deoxyribonuclease NucA/NucB
   #    score  bias  c-Evalue  i-Evalue hmmfrom  hmm to    alifrom  ali to    envfrom  env to     acc
 ---   ------ ----- --------- --------- ------- -------    ------- -------    ------- -------    ----
   1 ?   13.0   1.1   6.2e-06      0.12      30      82 ..       2      55 ..       1      60 [. 0.87

  Alignments for each domain:
  == domain 1  score: 13.0 bits;  conditional E-value: 6.2e-06
  DNase_NucA_NucB 30 dadksktndrRkaagc.sgspcsasslpykkigkscDEfPfAstkEggkgAslr 82
                     d+ +s+++ rR+ + + s  p+s++ ++++k+ + c+ f     k +g+g  +r
             orf5  2 DGRPSSASRRRRSSRRpSSPPPSRAPASWQKAPRPCEGFGTGRRKKSGTGNLIR 55
                     667888888888888889999999***************999999999987665 PP



Internal pipeline statistics summary:
-------------------------------------
Query sequence(s):                         1  (119 residues searched)
Target model(s):                       19632  (3329936 nodes)
Passed MSV filter:                       361  (0.0183883); expected 392.6 (0.02)
Passed bias filter:                      231  (0.0117665); expected 392.6 (0.02)
Passed Vit filter:                        19  (0.000967808); expected 19.6 (0.001)
Passed Fwd filter:                         2  (0.000101874); expected 0.2 (1e-05)
Initial search space (Z):              19632  [actual number of targets]
Domain search space  (domZ):               1  [number of targets reported over threshold]
# CPU time: 0.20u 0.13s 00:00:00.33 Elapsed: 00:00:00.23
# Mc/sec: 1694.00
//
Query:       orf6  [L=143]
Description: source=IMGVR_UViG_3300043313_002758_3300043313_Ga0452169_00088265/3787-5362 coords=1523..1095 length=143 frame=6 desc=
Scores for complete sequence (score includes all domains):
   --- full sequence ---   --- best 1 domain ---    -#dom-
    E-value  score  bias    E-value  score  bias    exp  N  Model    Description
    ------- ------ -----    ------- ------ -----   ---- --  -------- -----------

   [No hits detected that satisfy reporting thresholds]


Domain annotation for each model (and alignments):

   [No targets detected that satisfy reporting thresholds]


Internal pipeline statistics summary:
-------------------------------------
Query sequence(s):                         1  (143 residues searched)
Target model(s):                       19632  (3329936 nodes)
Passed MSV filter:                       239  (0.012174); expected 392.6 (0.02)
Passed bias filter:                      133  (0.00677465); expected 392.6 (0.02)
Passed Vit filter:                         6  (0.000305623); expected 19.6 (0.001)
Passed Fwd filter:                         0  (0); expected 0.2 (1e-05)
Initial search space (Z):              19632  [actual number of targets]
Domain search space  (domZ):               0  [number of targets reported over threshold]
# CPU time: 0.22u 0.12s 00:00:00.34 Elapsed: 00:00:00.23
# Mc/sec: 2052.39
//
Query:       orf7  [L=218]
Description: source=IMGVR_UViG_3300043313_002758_3300043313_Ga0452169_00088265/3787-5362 coords=1378..725 length=218 frame=4 desc=
Scores for complete sequence (score includes all domains):
   --- full sequence ---   --- best 1 domain ---    -#dom-
    E-value  score  bias    E-value  score  bias    exp  N  Model    Description
    ------- ------ -----    ------- ------ -----   ---- --  -------- -----------

   [No hits detected that satisfy reporting thresholds]


Domain annotation for each model (and alignments):

   [No targets detected that satisfy reporting thresholds]


Internal pipeline statistics summary:
-------------------------------------
Query sequence(s):                         1  (218 residues searched)
Target model(s):                       19632  (3329936 nodes)
Passed MSV filter:                       292  (0.0148737); expected 392.6 (0.02)
Passed bias filter:                      227  (0.0115628); expected 392.6 (0.02)
Passed Vit filter:                        14  (0.000713121); expected 19.6 (0.001)
Passed Fwd filter:                         0  (0); expected 0.2 (1e-05)
Initial search space (Z):              19632  [actual number of targets]
Domain search space  (domZ):               0  [number of targets reported over threshold]
# CPU time: 0.25u 0.10s 00:00:00.35 Elapsed: 00:00:00.23
# Mc/sec: 3108.50
//
Query:       orf8  [L=98]
Description: source=IMGVR_UViG_3300043313_002758_3300043313_Ga0452169_00088265/3787-5362 coords=325..32 length=98 frame=4 desc=
Scores for complete sequence (score includes all domains):
   --- full sequence ---   --- best 1 domain ---    -#dom-
    E-value  score  bias    E-value  score  bias    exp  N  Model    Description
    ------- ------ -----    ------- ------ -----   ---- --  -------- -----------

   [No hits detected that satisfy reporting thresholds]


Domain annotation for each model (and alignments):

   [No targets detected that satisfy reporting thresholds]


Internal pipeline statistics summary:
-------------------------------------
Query sequence(s):                         1  (98 residues searched)
Target model(s):                       19632  (3329936 nodes)
Passed MSV filter:                       271  (0.013804); expected 392.6 (0.02)
Passed bias filter:                      196  (0.0099837); expected 392.6 (0.02)
Passed Vit filter:                        10  (0.000509372); expected 19.6 (0.001)
Passed Fwd filter:                         0  (0); expected 0.2 (1e-05)
Initial search space (Z):              19632  [actual number of targets]
Domain search space  (domZ):               0  [number of targets reported over threshold]
# CPU time: 0.21u 0.11s 00:00:00.32 Elapsed: 00:00:00.22
# Mc/sec: 1432.00
//
[ok]
