# hmmscan :: search sequence(s) against a profile database
# HMMER 3.3.2 (Nov 2020); http://hmmer.org/
# Copyright (C) 2020 Howard Hughes Medical Institute.
# Freely distributed under the BSD open source license.
# - - - - - - - - - - - - - - - - - - - - - - - - - - - - - - - - - - - -
# query sequence file:             -
# target HMM database:             /n/eddy_lab/data/pfam-35.0/Pfam-A.hmm
# output directed to file:         ./all_windows_new/hmmscan/out/IMGVR_UViG_3300022811_000004_3300022811_Ga0242710_101750_hmmscan_output.out
# per-seq hits tabular output:     ./all_windows_new/hmmscan/tblout/IMGVR_UViG_3300022811_000004_3300022811_Ga0242710_101750_hmmscan_output.tblout
# - - - - - - - - - - - - - - - - - - - - - - - - - - - - - - - - - - - -

Query:       orf1  [L=269]
Description: source=IMGVR_UViG_3300022811_000004_3300022811_Ga0242710_101750/1342-2918 coords=250..1056 length=269 frame=1 desc=
Scores for complete sequence (score includes all domains):
   --- full sequence ---   --- best 1 domain ---    -#dom-
    E-value  score  bias    E-value  score  bias    exp  N  Model           Description
    ------- ------ -----    ------- ------ -----   ---- --  --------        -----------
    2.4e-23   83.7   1.4    3.4e-23   83.2   1.4    1.3  1  Sulfotransfer_2  Sulfotransferase family


Domain annotation for each model (and alignments):
>> Sulfotransfer_2  Sulfotransferase family
   #    score  bias  c-Evalue  i-Evalue hmmfrom  hmm to    alifrom  ali to    envfrom  env to     acc
 ---   ------ ----- --------- --------- ------- -------    ------- -------    ------- -------    ----
   1 !   83.2   1.4   1.7e-27   3.4e-23       4     246 .]      57     268 ..      54     268 .. 0.80

  Alignments for each domain:
  == domain 1  score: 83.2 bits;  conditional E-value: 1.7e-27
  Sulfotransfer_2   4 ivapddkivycrVpKvasttfkrvlcvlsgeekfcdkkdtericenevhskqeqleknlkrleelspeeikhrlk.nyfkflfvRdPfeRllSa 96 
                       +++++k+vy  +pK+a+tt+k  + +  g+  ++      +++++  +              +ls  e + +l+ +yf+f+fvR+P++RllS+
             orf1  57 YISHKHKVVYYTIPKAACTTIKLFIGLIEGTATWK------DNPHELSM-------------LRLSLPEARSILYkDYFHFTFVRNPYDRLLSC 131
                      5899*****************99999999944442......44444222.............34455667888999****************** PP

  Sulfotransfer_2  97 yrnKcveen........v.rgairkptkeelpscgsgvtFerfldvlldefeeresafneqdrhlapqsllChpclikydfigrletleedaka 181
                      y +K+ e          +  g+ r+   e     +++++F +f++++   +++        drh+ pq+ l + +l ++  +g++e+l++d  +
             orf1 132 YMDKIYEVGlcdhddreFaNGEFRQFLVEYGRLGYREMSFADFIWFVTRVPDR------HCDRHFIPQHYLLNLDLLNF--VGHFENLNQDFLY 217
                      ******8888888888744555577777777888999********98887622......3466*******888888776..8************ PP

  Sulfotransfer_2 182 llkllgvfelt.evpeksqeriertfkkgrtahssrrrkyfkelspelrqrlyklyklDfelFeYa 246
                      + k++g+ ++t ++++ +            ++ ++  ++y+   +++lr+++ + y +D e+F+Y+
             orf1 218 VRKQIGLSDDTlQLQKINA-----------SK-HGPYQNYY---NDKLRKMVARKYARDLEIFNYD 268
                      **********966666662...........22.55555554...69*******************6 PP



Internal pipeline statistics summary:
-------------------------------------
Query sequence(s):                         1  (269 residues searched)
Target model(s):                       19632  (3329936 nodes)
Passed MSV filter:                       319  (0.016249); expected 392.6 (0.02)
Passed bias filter:                      255  (0.012989); expected 392.6 (0.02)
Passed Vit filter:                        13  (0.000662184); expected 19.6 (0.001)
Passed Fwd filter:                         1  (5.09372e-05); expected 0.2 (1e-05)
Initial search space (Z):              19632  [actual number of targets]
Domain search space  (domZ):               1  [number of targets reported over threshold]
# CPU time: 0.30u 0.16s 00:00:00.46 Elapsed: 00:00:00.32
# Mc/sec: 2798.92
//
Query:       orf2  [L=164]
Description: source=IMGVR_UViG_3300022811_000004_3300022811_Ga0242710_101750/1342-2918 coords=1077..1568 length=164 frame=3 desc=
Scores for complete sequence (score includes all domains):
   --- full sequence ---   --- best 1 domain ---    -#dom-
    E-value  score  bias    E-value  score  bias    exp  N  Model          Description
    ------- ------ -----    ------- ------ -----   ---- --  --------       -----------
    5.4e-05   23.0   0.0    8.3e-05   22.4   0.0    1.4  1  HNH_3           HNH endonuclease
      0.001   19.3   8.0     0.0017   18.6   8.0    1.4  1  HNH             HNH endonuclease
  ------ inclusion threshold ------
       0.72    9.9   6.4        2.9    8.0   6.4    1.8  1  Endonuclease_7  Recombination endonuclease VII


Domain annotation for each model (and alignments):
>> HNH_3  HNH endonuclease
   #    score  bias  c-Evalue  i-Evalue hmmfrom  hmm to    alifrom  ali to    envfrom  env to     acc
 ---   ------ ----- --------- --------- ------- -------    ------- -------    ------- -------    ----
   1 !   22.4   0.0   1.3e-08   8.3e-05      19      39 ..     101     121 ..      63     122 .. 0.88

  Alignments for each domain:
  == domain 1  score: 22.4 bits;  conditional E-value: 1.3e-08
  HNH_3  19 lvVdHidgdksnnrpeNLrlv 39 
             +V+H+dg+  nn + NL l+
   orf2 101 VEVHHMDGNHKNNKIANLALI 121
            79****************985 PP

>> HNH  HNH endonuclease
   #    score  bias  c-Evalue  i-Evalue hmmfrom  hmm to    alifrom  ali to    envfrom  env to     acc
 ---   ------ ----- --------- --------- ------- -------    ------- -------    ------- -------    ----
   1 !   18.6   8.0   2.6e-07    0.0017       1      45 [.      88     130 ..      88     132 .. 0.93

  Alignments for each domain:
  == domain 1  score: 18.6 bits;  conditional E-value: 2.6e-07
           -SSSS-B-SSEE--EEEESS-TTTT--BSGGGEEEE-HHHHHHHH CS
   HNH   1 CeyCgrkfhksdalevdHiipisqggaddieNlqllCksCHnkkh 45 
           C +C+     +d+ ev+H+   +  + + i Nl+l++ +CH+  h
  orf2  88 CKRCHLFLSSEDMVEVHHMDGNH--KNNKIANLALIHGHCHDEVH 130
           ********999*********999..6777*************988 PP

>> Endonuclease_7  Recombination endonuclease VII
   #    score  bias  c-Evalue  i-Evalue hmmfrom  hmm to    alifrom  ali to    envfrom  env to     acc
 ---   ------ ----- --------- --------- ------- -------    ------- -------    ------- -------    ----
   1 ?    8.0   6.4   0.00044       2.9       7      68 ..      69     136 ..      64     143 .. 0.70

  Alignments for each domain:
  == domain 1  score: 8.0 bits;  conditional E-value: 0.00044
                     H.-SHHHHHHTT---TTSE-TTT--EEETT..S--EEEEE-TTT--.E..EEEEHHHHH..HHH.TTT CS
  Endonuclease_7   7 lyeitkeerkalleaqggkCaiCqerekek..tkalavDHdHktgkvR..gllCgsCNt.alGk.lkd 68 
                     +y +t  + ++ll+ q+g+C+ C+     +  ++  ++D +Hk  k+   +l+ g C   + G+ ++d
            orf2  69 KYPTTSPRVSKLLKLQKGRCKRCHLFLSSEdmVEVHHMDGNHKNNKIAnlALIHGHCHDeVHGRsMRD 136
                     6778999999**************85554445677799999998875411456666655455654455 PP



Internal pipeline statistics summary:
-------------------------------------
Query sequence(s):                         1  (164 residues searched)
Target model(s):                       19632  (3329936 nodes)
Passed MSV filter:                       580  (0.0295436); expected 392.6 (0.02)
Passed bias filter:                      479  (0.0243989); expected 392.6 (0.02)
Passed Vit filter:                        36  (0.00183374); expected 19.6 (0.001)
Passed Fwd filter:                         3  (0.000152812); expected 0.2 (1e-05)
Initial search space (Z):              19632  [actual number of targets]
Domain search space  (domZ):               3  [number of targets reported over threshold]
# CPU time: 0.28u 0.15s 00:00:00.43 Elapsed: 00:00:00.28
# Mc/sec: 1923.78
//
Query:       orf3  [L=102]
Description: source=IMGVR_UViG_3300022811_000004_3300022811_Ga0242710_101750/1342-2918 coords=1567..1262 length=102 frame=5 desc=
Scores for complete sequence (score includes all domains):
   --- full sequence ---   --- best 1 domain ---    -#dom-
    E-value  score  bias    E-value  score  bias    exp  N  Model    Description
    ------- ------ -----    ------- ------ -----   ---- --  -------- -----------

   [No hits detected that satisfy reporting thresholds]


Domain annotation for each model (and alignments):

   [No targets detected that satisfy reporting thresholds]


Internal pipeline statistics summary:
-------------------------------------
Query sequence(s):                         1  (102 residues searched)
Target model(s):                       19632  (3329936 nodes)
Passed MSV filter:                       407  (0.0207315); expected 392.6 (0.02)
Passed bias filter:                      241  (0.0122759); expected 392.6 (0.02)
Passed Vit filter:                        17  (0.000865933); expected 19.6 (0.001)
Passed Fwd filter:                         0  (0); expected 0.2 (1e-05)
Initial search space (Z):              19632  [actual number of targets]
Domain search space  (domZ):               0  [number of targets reported over threshold]
# CPU time: 0.25u 0.14s 00:00:00.39 Elapsed: 00:00:00.27
# Mc/sec: 1218.08
//
[ok]
