# hmmscan :: search sequence(s) against a profile database
# HMMER 3.3.2 (Nov 2020); http://hmmer.org/
# Copyright (C) 2020 Howard Hughes Medical Institute.
# Freely distributed under the BSD open source license.
# - - - - - - - - - - - - - - - - - - - - - - - - - - - - - - - - - - - -
# query sequence file:             -
# target HMM database:             /n/eddy_lab/data/pfam-35.0/Pfam-A.hmm
# output directed to file:         ./all_windows_new/hmmscan/out/IMGVR_UViG_3300029437_000291_3300029437_Ga0242826_1002087_hmmscan_output.out
# per-seq hits tabular output:     ./all_windows_new/hmmscan/tblout/IMGVR_UViG_3300029437_000291_3300029437_Ga0242826_1002087_hmmscan_output.tblout
# - - - - - - - - - - - - - - - - - - - - - - - - - - - - - - - - - - - -

Query:       orf1  [L=481]
Description: source=IMGVR_UViG_3300029437_000291_3300029437_Ga0242826_1002087/10263-11847 coords=1..1443 length=481 frame=1 desc=
Scores for complete sequence (score includes all domains):
   --- full sequence ---   --- best 1 domain ---    -#dom-
    E-value  score  bias    E-value  score  bias    exp  N  Model          Description
    ------- ------ -----    ------- ------ -----   ---- --  --------       -----------
    3.1e-33  115.3   0.7    8.8e-33  113.8   0.1    2.1  2  RVT_1           Reverse transcriptase (RNA-dependent DNA poly
    0.00038   20.7   1.9    0.00038   20.7   1.9    2.0  2  HNH             HNH endonuclease
  ------ inclusion threshold ------
      0.011   15.9   0.6      0.011   15.9   0.6    2.8  3  GIIM            Group II intron, maturase-specific domain
      0.026   14.7   0.2      0.049   13.8   0.2    1.4  1  U5_2-snRNA_bdg  U5-snRNA binding site 2 of PrP8
      0.074   13.3   0.3        7.6    6.8   0.0    2.9  3  DUF5774         Family of unknown function (DUF5774)


Domain annotation for each model (and alignments):
>> RVT_1  Reverse transcriptase (RNA-dependent DNA polymerase)
   #    score  bias  c-Evalue  i-Evalue hmmfrom  hmm to    alifrom  ali to    envfrom  env to     acc
 ---   ------ ----- --------- --------- ------- -------    ------- -------    ------- -------    ----
   1 !  113.8   0.1   2.2e-36   8.8e-33      42     222 .]       3     210 ..       1     210 [. 0.92
   2 ?   -2.3   0.0      0.74   2.9e+03     189     205 ..     450     466 ..     418     474 .. 0.68

  Alignments for each domain:
  == domain 1  score: 113.8 bits;  conditional E-value: 2.2e-36
            ---HHHH.............HCCHTS--EEEEEEBCCGCCCSBB-GGGGGGG-EEET...........................TEEEEESB--ST-TTHHHHH CS
  RVT_1  42 qpgfrpgrstldavedllkalkkkkkaklllklDlkkaFdsvpleellrkltafkvp.tklinliksflstrsfsvrv.ngeeskgryekkglpqGsvlSPllf 143
            + gfrp+rst++ + ++ +   + +  ++++++D+k++Fd+v++++l+r+++a++++ +kli +ik++l+ +     + ng     +y +kg+pqG++lSPll+
   orf1   3 SNGFRPNRSTEHVIAQCDRL-IQLTHLHYVVDVDIKGFFDNVNHSKLIRQMWAMGIRdKKLICIIKQMLKAPI---VLpNG---DMIYPTKGTPQGGILSPLLA 99 
            679*******8877555555.467888*****************************7257899******4444...45466...89****************** PP

            HHHHHHHHTT-T.......................................TEEECTTEEEEEESSHHHHHHHHHHHHHHHHH.TT--BEGGG-EEE......E CS
  RVT_1 144 nlfmnellrelrkra.................................kgvtllrYaDDililskskeelqelleaveewlke.sglkinpeKtklvlftv.ks 212
            n+++nel+  +++++                                 k+ +++rYaDD+ i+++++++++++  av++wlk+  +l+i++eK+k+v   + k+
   orf1 100 NIVLNELDWWVSSQWetmpahkeyklrmdrngnpirshiyrafrtsnlKEMYIVRYADDFKIFCRKRSDADKIFIAVKQWLKDrLKLEISEEKSKVV---NlKK 200
            **********************************************************************************999************...7799 PP

            SSEEETTEEE CS
  RVT_1 213 eevkyLGvtl 22Query:       orf2  [L=104]
Description: source=IMGVR_UViG_3300029437_000291_3300029437_Ga0242826_1002087/7704-9402 coords=1270..959 length=104 frame=4 desc=
Scores for complete sequence (score includes all domains):
   --- full sequence ---   --- best 1 domain ---    -#dom-
    E-value  score  bias    E-value  score  bias    exp  N  Model    Description
    ------- ------ -----    ------- ------ -----   ---- --  -------- -----------

   [No hits detected that satisfy reporting thresholds]


Domain annotation for each model (and alignments):

   [No targets detected that satisfy reporting thresholds]


Internal pipeline statistics summary:
-------------------------------------
Query sequence(s):                         1  (104 residues searched)
Target model(s):                       19632  (3329936 nodes)
Passed MSV filter:                       638  (0.032498); expected 392.6 (0.02)
Passed bias filter:                      420  (0.0213936); expected 392.6 (0.02)
Passed Vit filter:                        32  (0.00162999); expected 19.6 (0.001)
Passed Fwd filter:                         0  (0); expected 0.2 (1e-05)
Initial search space (Z):              19632  [actual number of targets]
Domain search space  (domZ):               0  [number of targets reported over threshold]
# CPU time: 0.12u 0.12s 00:00:00.24 Elapsed: 00:00:00.17
# Mc/sec: 1983.87
//
Query:       orf3  [L=165]
Description: source=IMGVR_UViG_3300029437_000291_3300029437_Ga0242826_1002087/7704-9402 coords=923..429 length=165 frame=6 desc=
Scores for complete sequence (score includes all domains):
   --- full sequence ---   --- best 1 domain ---    -#dom-
    E-value  score  bias    E-value  score  bias    exp  N  Model    Description
    ------- ------ -----    ------- ------ -----   ---- --  -------- -----------

   [No hits detected that satisfy reporting thresholds]


Domain annotation for each model (and alignments):

   [No targets detected that satisfy reporting thresholds]


Internal pipeline statistics summary:
-------------------------------------
Query sequence(s):                         1  (165 residues searched)
Target model(s):                       19632  (3329936 nodes)
Passed MSV filter:                       682  (0.0347392); expected 392.6 (0.02)
Passed bias filter:                      349  (0.0177771); expected 392.6 (0.02)
Passed Vit filter:                        20  (0.00101874); expected 19.6 (0.001)
Passed Fwd filter:                         0  (0); expected 0.2 (1e-05)
Initial search space (Z):              19632  [actual number of targets]
Domain search space  (domZ):               0  [number of targets reported over threshold]
# CPU time: 0.12u 0.11s 00:00:00.23 Elapsed: 00:00:00.15
# Mc/sec: 3441.37
//
Query:       orf4  [L=93]
Description: source=IMGVR_UViG_3300029437_000291_3300029437_Ga0242826_1002087/7704-9402 coords=425..147 length=93 frame=6 desc=
Scores for complete sequence (score includes all domains):
   --- full sequence ---   --- best 1 domain ---    -#dom-
    E-value  score  bias    E-value  score  bias    exp  N  Model    Description
    ------- ------ -----    ------- ------ -----   ---- --  -------- -----------

   [No hits detected that satisfy reporting thresholds]


Domain annotation for each model (and alignments):

   [No targets detected that satisfy reporting thresholds]


Internal pipeline statistics summary:
-------------------------------------
Query sequence(s):                         1  (93 residues searched)
Target model(s):                       19632  (3329936 nodes)
Passed MSV filter:                       425  (0.0216483); expected 392.6 (0.02)
Passed bias filter:                      239  (0.012174); expected 392.6 (0.02)
Passed Vit filter:                        17  (0.000865933); expected 19.6 (0.001)
Passed Fwd filter:                         0  (0); expected 0.2 (1e-05)
Initial search space (Z):              19632  [actual number of targets]
Domain search space  (domZ):               0  [number of targets reported over threshold]
# CPU time: 0.10u 0.12s 00:00:00.22 Elapsed: 00:00:00.17
# Mc/sec: 1764.15
//
[ok]
MWAMGIRDKKLICIIKQMLKAPIVLP 77
             5666666677789999999999999999975 PP

  == domain 2  score: 3.1 bits;  conditional E-value: 0.027
  DUF5774   8 kvykeweekk..ekdieeLkeaLclsQfgee 36 
              +v + +  +k  +k++e+Lk+++++ Q++++
     orf1 219 YVARSHMSDKavKKETEKLKQQIIVIQHSKD 249
              56677776667799*************9876 PP

  == domain 3  score: 6.8 bits;  conditional E-value: 0.0019
  DUF5774  25 keaLclsQfgeevedaklvWlrv 47 
              +  L+ +Q+g+     k++W++ 
     orf1 391 RVSLYAAQYGKCAVTGKVLWIDE 413
              6789****************975 PP



Internal pipeline statistics summary:
-------------------------------------
Query sequence(s):                         1  (481 residues searched)
Target model(s):                       19632  (3329936 nodes)
Passed MSV filter:                      1029  (0.0524144); expected 392.6 (0.02)
Passed bias filter:                      496  (0.0252649); expected 392.6 (0.02)
Passed Vit filter:                        44  (0.00224124); expected 19.6 (0.001)
Passed Fwd filter:                         5  (0.000254686); expected 0.2 (1e-05)
Initial search space (Z):              19632  [actual number of targets]
Domain search space  (domZ):               5  [number of targets reported over threshold]
# CPU time: 0.26u 0.14s 00:00:00.40 Elapsed: 00:00:00.26
# Mc/sec: 6014.17
//
Query:       orf2  [L=96]
Description: source=IMGVR_UViG_3300029437_000291_3300029437_Ga0242826_1002087/10263-11847 coords=1176..889 length=96 frame=5 desc=
Scores for complete sequence (score includes all domains):
   --- full sequence ---   --- best 1 domain ---    -#dom-
    E-value  score  bias    E-value  score  bias    exp  N  Model    Description
    ------- ------ -----    ------- ------ -----   ---- --  -------- -----------
  ------ inclusion threshold ------
       0.19   11.9   3.3       0.12   12.5   1.3    1.8  2  JTB       Jumping translocation breakpoint protein (JTB)


Domain annotation for each model (and alignments):
>> JTB  Jumping translocation breakpoint protein (JTB)
   #    score  bias  c-Evalue  i-Evalue hmmfrom  hmm to    alifrom  ali to    envfrom  env to     acc
 ---   ------ ----- --------- --------- ------- -------    ------- -------    ------- -------    ----
   1 ?   12.5   1.3   6.3e-06      0.12      57      92 ..      12      46 ..       3      65 .. 0.87
   2 ?   -1.4   0.0      0.13   2.5e+03      68      89 ..      68      89 ..      59      93 .. 0.66

  Alignments for each domain:
  == domain 1  score: 12.5 bits;  conditional E-value: 6.3e-06
   JTB 57 tvlrsCdrvalleerefwkFevvmlviavlsalvvv 92
            +rsC +  + ++++f +F+++m +++ ls ++ +
  orf2 12 RQIRSC-KHMKHRRNAFVEFQTFMNFLSALSRIFAY 46
          568***.889999***********999999887655 PP

  == domain 2  score: -1.4 bits;  conditional E-value: 0.13
   JTB 68 leerefwkFevvmlviavlsal 89
          +++ +++ F v++  i +  a+
  orf2 68 IQKPNHFAFSVSVCYIFMAYAA 89
          4556677777776666665554 PP



Internal pipeline statistics summary:
-------------------------------------
Query sequence(s):                         1  (96 residues searched)
Target model(s):                       19632  (3329936 nodes)
Passed MSV filter:                       975  (0.0496638); expected 392.6 (0.02)
Passed bias filter:                      397  (0.0202221); expected 392.6 (0.02)
Passed Vit filter:                        29  (0.00147718); expected 19.6 (0.001)
Passed Fwd filter:                         1  (5.09372e-05); expected 0.2 (1e-05)
Initial search space (Z):              19632  [actual number of targets]
Domain search space  (domZ):               1  [number of targets reported over threshold]
# CPU time: 0.22u 0.11s 00:00:00.33 Elapsed: 00:00:00.23
# Mc/sec: 1388.48
//
[ok]
