# hmmscan :: search sequence(s) against a profile database
# HMMER 3.3.2 (Nov 2020); http://hmmer.org/
# Copyright (C) 2020 Howard Hughes Medical Institute.
# Freely distributed under the BSD open source license.
# - - - - - - - - - - - - - - - - - - - - - - - - - - - - - - - - - - - -
# query sequence file:             -
# target HMM database:             /n/eddy_lab/data/pfam-35.0/Pfam-A.hmm
# output directed to file:         ./all_windows_new/hmmscan/out/IMGVR_UViG_3300036715_003700_3300036715_Ga0373634_0026982_hmmscan_output.out
# per-seq hits tabular output:     ./all_windows_new/hmmscan/tblout/IMGVR_UViG_3300036715_003700_3300036715_Ga0373634_0026982_hmmscan_output.tblout
# - - - - - - - - - - - - - - - - - - - - - - - - - - - - - - - - - - - -

Query:       orf1  [L=260]
Description: source=IMGVR_UViG_3300036715_003700_3300036715_Ga0373634_0026982/8010-6427 coords=668..1447 length=260 frame=2 desc=
Scores for complete sequence (score includes all domains):
   --- full sequence ---   --- best 1 domain ---    -#dom-
    E-value  score  bias    E-value  score  bias    exp  N  Model    Description
    ------- ------ -----    ------- ------ -----   ---- --  -------- -----------
    3.1e-05   24.2   0.4    7.9e-05   22.9   0.4    1.7  1  HNH       HNH endonuclease
     0.0041   17.5   0.3      0.037   14.4   0.0    2.4  2  RVT_N     N-terminal domain of reverse transcriptase
  ------ inclusion threshold ------
      0.016   15.2   0.1      0.078   13.0   0.0    2.1  2  DUF1851   Domain of unknown function (DUF1851)


Domain annotation for each model (and alignments):
>> HNH  HNH endonuclease
   #    score  bias  c-Evalue  i-Evalue hmmfrom  hmm to    alifrom  ali to    envfrom  env to     acc
 ---   ------ ----- --------- --------- ------- -------    ------- -------    ------- -------    ----
   1 !   22.9   0.4   1.2e-08   7.9e-05      12      46 ..     190     224 ..     181     225 .. 0.89

  Alignments for each domain:
  == domain 1  score: 22.9 bits;  conditional E-value: 1.2e-08
           E--EEEESS-TTTT--BSGGGEEEE-HHHHHHHHH CS
   HNH  12 dalevdHiipisqggaddieNlqllCksCHnkkhd 46 
           d+ +++H++p++ gg+d++ Nl+ l+++ H+  h+
  orf1 190 DEIHCHHKKPRALGGTDEYKNLAILHEDAHRLVHS 224
           789*************************9998886 PP

>> RVT_N  N-terminal domain of reverse transcriptase
   #    score  bias  c-Evalue  i-Evalue hmmfrom  hmm to    alifrom  ali to    envfrom  env to     acc
 ---   ------ ----- --------- --------- ------- -------    ------- -------    ------- -------    ----
   1 !   14.4   0.0   5.7e-06     0.037      42      72 ..      51      80 ..      22      85 .. 0.80
   2 ?    0.4   0.0      0.13   8.7e+02      21      38 ..     239     256 ..     227     260 .] 0.82

  Alignments for each domain:
  == domain 1  score: 14.4 bits;  conditional E-value: 5.7e-06
  RVT_N 42 SlsakllavrrVtqdnkgkktagvdgvkslt 72
           S  + lla r + + n+g +t gvdg+++ +
   orf1 51 SRENILLAYRNIKK-NTGSNTKGVDGKTIAN 80
           78899********9.***********98765 PP

  == domain 2  score: 0.4 bits;  conditional E-value: 0.13
  RVT_N  21 ykAsqegdikkvkkLqkl 38 
             kA+q ++++k ++L kl
   orf1 239 LKAEQLERVNKLRELAKL 256
            589999999999999886 PP

>> DUF1851  Domain of unknown function (DUF1851)
   #    score  bias  c-Evalue  i-Evalue hmmfrom  hmm to    alifrom  ali to    envfrom  env to     acc
 ---   ------ ----- --------- --------- ------- -------    ------- -------    ------- -------    ----
   1 ?   -1.2   0.0      0.33   2.1e+03      35      46 ..      16      27 ..      12      46 .. 0.80
   2 ?   13.0   0.0   1.2e-05     0.078      21      62 ..     172     214 ..     161     222 .. 0.85

  Alignments for each domain:
  == domain 1  score: -1.2 bits;  conditional E-value: 0.33
  DUF1851 35 eLeedecygfvp 46
             +L ++e y f++
     orf1 16 KLRNNEYYNFQE 27
             677777777765 PP

  == domain 2  score: 13.0 bits;  conditional E-value: 1.2e-05
  DUF1851  21 lqeplfeqaleklgeLeedecy.gfvpllvLGGseklenlekv 62 
              l+++++ ++   + eLe de+  + + + +LGG+++ +nl ++
     orf1 172 LYVAQYGKCYVSGVELEVDEIHcHHKKPRALGGTDEYKNLAIL 214
              678899999999********9857899*************987 PP



Internal pipeline statistics summary:
-------------------------------------
Query sequence(s):                         1  (260 residues searched)
Target model(s):                       19632  (3329936 nodes)
Passed MSV filter:                       942  (0.0479829); expected 392.6 (0.02)
Passed bias filter:                      488  (0.0248574); expected 392.6 (0.02)
Passed Vit filter:                        37  (0.00188468); expected 19.6 (0.001)
Passed Fwd filter:                         3  (0.000152812); expected 0.2 (1e-05)
Initial search space (Z):              19632  [actual number of targets]
Domain search space  (domZ):               3  [number of targets reported over threshold]
# CPU time: 0.40u 0.20s 00:00:00.60 Elapsed: 00:00:00.37
# Mc/sec: 2301.98
//
Query:       orf2  [L=127]
Description: source=IMGVR_UViG_3300036715_003700_3300036715_Ga0373634_0026982/8010-6427 coords=994..614 length=127 frame=6 desc=
Scores for complete sequence (score includes all domains):
   --- full sequence ---   --- best 1 domain ---    -#dom-
    E-value  score  bias    E-value  score  bias    exp  N  Model    Description
    ------- ------ -----    ------- ------ -----   ---- --  -------- -----------

   [No hits detected that satisfy reporting thresholds]


Domain annotation for each model (and alignments):

   [No targets detected that satisfy reporting thresholds]


Internal pipeline statistics summary:
-------------------------------------
Query sequence(s):                         1  (127 residues searched)
Target model(s):                       19632  (3329936 nodes)
Passed MSV filter:                       578  (0.0294417); expected 392.6 (0.02)
Passed bias filter:                      283  (0.0144152); expected 392.6 (0.02)
Passed Vit filter:                        15  (0.000764059); expected 19.6 (0.001)
Passed Fwd filter:                         0  (0); expected 0.2 (1e-05)
Initial search space (Z):              19632  [actual number of targets]
Domain search space  (domZ):               0  [number of targets reported over threshold]
# CPU time: 0.32u 0.18s 00:00:00.50 Elapsed: 00:00:00.32
# Mc/sec: 1283.04
//
[ok]
