# hmmscan :: search sequence(s) against a profile database
# HMMER 3.3.2 (Nov 2020); http://hmmer.org/
# Copyright (C) 2020 Howard Hughes Medical Institute.
# Freely distributed under the BSD open source license.
# - - - - - - - - - - - - - - - - - - - - - - - - - - - - - - - - - - - -
# query sequence file:             -
# target HMM database:             /n/eddy_lab/data/pfam-35.0/Pfam-A.hmm
# output directed to file:         ./all_windows_new/hmmscan/out/IMGVR_UViG_3300046373_000235_3300046373_Ga0494103_000454_hmmscan_output.out
# per-seq hits tabular output:     ./all_windows_new/hmmscan/tblout/IMGVR_UViG_3300046373_000235_3300046373_Ga0494103_000454_hmmscan_output.tblout
# - - - - - - - - - - - - - - - - - - - - - - - - - - - - - - - - - - - -

Query:       orf1  [L=100]
Description: source=IMGVR_UViG_3300046373_000235_3300046373_Ga0494103_000454/5367-6941 coords=1561..1262 length=100 frame=6 desc=
Scores for complete sequence (score includes all domains):
   --- full sequence ---   --- best 1 domain ---    -#dom-
    E-value  score  bias    E-value  score  bias    exp  N  Model    Description
    ------- ------ -----    ------- ------ -----   ---- --  -------- -----------

   [No hits detected that satisfy reporting thresholds]


Domain annotation for each model (and alignments):

   [No targets detected that satisfy reporting thresholds]


Internal pipeline statistics summary:
-------------------------------------
Query sequence(s):                         1  (100 residues searched)
Target model(s):                       19632  (3329936 nodes)
Passed MSV filter:                       273  (0.0139059); expected 392.6 (0.02)
Passed bias filter:                      221  (0.0112571); expected 392.6 (0.02)
Passed Vit filter:                        10  (0.000509372); expected 19.6 (0.001)
Passed Fwd filter:                         0  (0); expected 0.2 (1e-05)
Initial search space (Z):              19632  [actual number of targets]
Domain search space  (domZ):               0  [number of targets reported over threshold]
# CPU time: 0.31u 0.19s 00:00:00.50 Elapsed: 00:00:00.36
# Mc/sec: 901.96
//
Query:       orf2  [L=94]
Description: source=IMGVR_UViG_3300046373_000235_3300046373_Ga0494103_000454/5367-6941 coords=1193..912 length=94 frame=5 desc=
Scores for complete sequence (score includes all domains):
   --- full sequence ---   --- best 1 domain ---    -#dom-
    E-value  score  bias    E-value  score  bias    exp  N  Model    Description
    ------- ------ -----    ------- ------ -----   ---- --  -------- -----------

   [No hits detected that satisfy reporting thresholds]


Domain annotation for each model (and alignments):

   [No targets detected that satisfy reporting thresholds]


Internal pipeline statistics summary:
-------------------------------------
Query sequence(s):                         1  (94 residues searched)
Target model(s):                       19632  (3329936 nodes)
Passed MSV filter:                       289  (0.0147209); expected 392.6 (0.02)
Passed bias filter:                      245  (0.0124796); expected 392.6 (0.02)
Passed Vit filter:                        15  (0.000764059); expected 19.6 (0.001)
Passed Fwd filter:                         0  (0); expected 0.2 (1e-05)
Initial search space (Z):              19632  [actual number of targets]
Domain search space  (domZ):               0  [number of targets reported over threshold]
# CPU time: 0.28u 0.21s 00:00:00.49 Elapsed: 00:00:00.34
# Mc/sec: 896.01
//
[ok]
