# hmmscan :: search sequence(s) against a profile database
# HMMER 3.3.2 (Nov 2020); http://hmmer.org/
# Copyright (C) 2020 Howard Hughes Medical Institute.
# Freely distributed under the BSD open source license.
# - - - - - - - - - - - - - - - - - - - - - - - - - - - - - - - - - - - -
# query sequence file:             -
# target HMM database:             /n/eddy_lab/data/pfam-35.0/Pfam-A.hmm
# output directed to file:         ./all_windows_new/hmmscan/out/IMGVR_UViG_3300029707_000150_3300029707_Ga0245244_105483_hmmscan_output.out
# per-seq hits tabular output:     ./all_windows_new/hmmscan/tblout/IMGVR_UViG_3300029707_000150_3300029707_Ga0245244_105483_hmmscan_output.tblout
# - - - - - - - - - - - - - - - - - - - - - - - - - - - - - - - - - - - -

Query:       orf1  [L=478]
Description: source=IMGVR_UViG_3300029707_000150_3300029707_Ga0245244_105483/2173-3757 coords=2..1435 length=478 frame=2 desc=
Scores for complete sequence (score includes all domains):
   --- full sequence ---   --- best 1 domain ---    -#dom-
    E-value  score  bias    E-value  score  bias    exp  N  Model        Description
    ------- ------ -----    ------- ------ -----   ---- --  --------     -----------
    3.9e-32  111.7   0.2    1.3e-31  110.0   0.0    1.9  2  RVT_1         Reverse transcriptase (RNA-dependent DNA polyme
    2.7e-05   24.4   0.3    7.7e-05   22.9   0.3    1.7  1  HNH           HNH endonuclease
  ------ inclusion threshold ------
      0.075   13.1   0.0       0.18   11.9   0.0    1.6  1  HNH_4         HNH endonuclease
       0.35   11.0   2.7       0.35   10.9   0.1    2.4  3  RepB-RCR_reg  Replication regulatory protein RepB


Domain annotation for each model (and alignments):
>> RVT_1  Reverse transcriptase (RNA-dependent DNA polymerase)
   #    score  bias  c-Evalue  i-Evalue hmmfrom  hmm to    alifrom  ali to    envfrom  env to     acc
 ---   ------ ----- --------- --------- ------- -------    ------- -------    ------- -------    ----
   1 !  110.0   0.0   2.6e-35   1.3e-31      45     221 ..       1     202 [.       1     203 [. 0.92
   2 ?   -1.3   0.0      0.29   1.4e+03      11      33 ..     267     289 ..     211     314 .. 0.75

  Alignments for each domain:
  == domain 1  score: 110.0 bits;  conditional E-value: 2.6e-35
            HHHH..............HCCHTS--EEEEEEBCCGCCCSBB-GGGGGGG-EEET...........................TEEEEESB--ST-TTHHHHHHH CS
  RVT_1  45 frpgrstldav.edllkalkkkkkaklllklDlkkaFdsvpleellrkltafkvptk.linliksflstrsfsvrv.ngeeskgryekkglpqGsvlSPllfnl 145
            frp+rs+ da+ ++      ++++ ++++++D+k++Fd+v++++l+++++++++++k l+ +i+++l   ++ v++ +g   k +   kg+pqG+++SPll+n+
   orf1   1 FRPNRSVRDAIgRMNFLL--QNANLHYVIEFDIKGFFDNVNHKKLMKQIWTLGIHDKeLLYMIQKIL---KAPVKIpDG---KLILPDKGTPQGGIISPLLANI 96 
            89*********8444444..57999*****************************8652677788888...444577666...88******************** PP

            HHHHHHTT-T.....................................TEEECTTEEEEEESSHHHHHHHHHHHHHHHHH.TT--BEGGG-EEE......ESSEE CS
  RVT_1 146 fmnellrelrkra...............................kgvtllrYaDDililskskeelqelleaveewlke.sglkinpeKtklvlftv.kseevk 216
            ++nel++ +++++                               k+ +++rYaDD+ il+++k+++q++l+av  wlke  +l+++peKt++v   + ++++ +
   orf1  97 VLNELDHWVESQWennpvaikhtycyngrankgagyrimrktgmKEMFIVRYADDFRILCRNKSDAQNILTAVTLWLKErLKLEVSPEKTQIV---NaRKHNTE 197
            *******************************************************************************99************...779***** PP

            ETTEE CS
  RVT_1 217 yLGvt 221
            +LG++
   orf1 198 FLGFK 202
            ***96 PP

  == domain 2  score: -1.3 bits;  conditional E-value: 0.29
            E......-THHHHCTB--..... CS
  RVT_1  11 pisllsvdykalnkliakrLkdv 33 
            p  l+s d+++l +++   L++ 
   orf1 267 PATLISADCRVLHRAVMTTLTNR 289
            45567777777777777766654 PP

>> HNH  HNH endonuclease
   #    score  bias  c-Evalue  i-Evalue hmmfrom  hmm to    alifrom  ali to    envfrom  env to     acc
 ---   ------ ----- --------- --------- ------- -------    ------- -------    ------- -------    ----
   1 !   22.9   0.3   1.6e-08   7.7e-05       5      36 ..     402     433 ..     397     436 .. 0.85

  Alignments for each domain:
  == domain 1  score: 22.9 bits;  conditional E-value: 1.6e-08
           S-B-SSEE--EEEESS-TTTT--BSGGGEEEE CS
   HNH   5 grkfhksdalevdHiipisqggaddieNlqll 36 
           g++f  +++ +++Hiip++ gg d ++Nl+l+
  orf1 402 GKEFTCTYEIHCHHIIPKKSGGNDKYSNLTLV 433
           566666699********************985 PP

>> HNH_4  HNH endonuclease
   #    score  bias  c-Evalue  i-Evalue hmmfrom  hmm to    alifrom  ali to    envfrom  env to     acc
 ---   ------ ----- --------- --------- ------- -------    ------- -------    ------- -------    ----
   1 ?   11.9   0.0   3.7e-05      0.18      21      44 ..     413     436 ..     403     438 .. 0.86

  Alignments for each domain:
  == domain 1  score: 11.9 bits;  conditional E-value: 3.7e-05
  HNH_4  21 iDHilPrsrsfdDsvsNkvLvlrs 44 
              Hi+P+  +  D +sN++Lvl+s
   orf1 413 CHHIIPKKSGGNDKYSNLTLVLNS 436
            46*******************875 PP

>> RepB-RCR_reg  Replication regulatory protein RepB
   #    score  bias  c-Evalue  i-Evalue hmmfrom  hmm to    alifrom  ali to    envfrom  env to     acc
 ---   ------ ----- --------- --------- ------- -------    ------- -------    ------- -------    ----
   1 ?   -2.8   0.1       1.4   6.9e+03      43      69 ..      32      58 ..      30      67 .. 0.50
   2 ?   -2.7   0.0       1.3   6.6e+03      24      38 ..     182     196 ..     153     197 .. 0.73
   3 ?   10.9   0.1   7.2e-05      0.35       1      31 [.     283     314 ..     283     319 .. 0.86

  Alignments for each domain:
  == domain 1  score: -2.8 bits;  conditional E-value: 1.4
  RepB-RCR_reg 43 kvfiknelkdslvqlCeeeGitqaqli 69
                  k f  n    +l++     Gi  ++l+
          orf1 32 KGFFDNVNHKKLMKQIWTLGIHDKELL 58
                  556666544444444445666666543 PP

  == domain 2  score: -2.7 bits;  conditional E-value: 1.3
  RepB-RCR_reg  24 daekqrlsvsrkklt 38 
                   + ek ++  +rk+ t
          orf1 182 SPEKTQIVNARKHNT 196
                   568888888888776 PP

  == domain 3  score: 10.9 bits;  conditional E-value: 7.2e-05
  RepB-RCR_reg   1 msqienavtssl.kriyrkGkPltdaekqrls 31 
                   m+ + n +ts    r++rkG+ ltd e++r  
          orf1 283 MTTLTNRLTSERgTRLVRKGRKLTDVEQKRYG 314
                   66678999999989**************9965 PP



Internal pipeline statistics summary:
-------------------------------------
Query sequence(s):                         1  (478 residues searched)
Target model(s):                       19632  (3329936 nodes)
Passed MSV filter:                       697  (0.0355033); expected 392.6 (0.02)
Passed bias filter:                      474  (0.0241443); expected 392.6 (0.02)
Passed Vit filter:                        33  (0.00168093); expected 19.6 (0.001)
Passed Fwd filter:                         4  (0.000203749); expected 0.2 (1e-05)
Initial search space (Z):              19632  [actual number of targets]
Domain search space  (domZ):               4  [number of targets reported over threshold]
# CPU time: 0.38u 0.20s 00:00:00.58 Elapsed: 00:00:00.37
# Mc/sec: 4209.64
//
[ok]
