# hmmscan :: search sequence(s) against a profile database
# HMMER 3.3.2 (Nov 2020); http://hmmer.org/
# Copyright (C) 2020 Howard Hughes Medical Institute.
# Freely distributed under the BSD open source license.
# - - - - - - - - - - - - - - - - - - - - - - - - - - - - - - - - - - - -
# query sequence file:             -
# target HMM database:             /n/eddy_lab/data/pfam-35.0/Pfam-A.hmm
# output directed to file:         ./all_windows_new/hmmscan/out/IMGVR_UViG_3300029040_000094_3300029040_Ga0169694_101674_hmmscan_output.out
# per-seq hits tabular output:     ./all_windows_new/hmmscan/tblout/IMGVR_UViG_3300029040_000094_3300029040_Ga0169694_101674_hmmscan_output.tblout
# - - - - - - - - - - - - - - - - - - - - - - - - - - - - - - - - - - - -

Query:       orf1  [L=109]
Description: source=IMGVR_UViG_3300029040_000094_3300029040_Ga0169694_101674/1-770 coords=3..329 length=109 frame=3 desc=
Scores for complete sequence (score includes all domains):
   --- full sequence ---   --- best 1 domain ---    -#dom-
    E-value  score  bias    E-value  score  bias    exp  N  Model    Description
    ------- ------ -----    ------- ------ -----   ---- --  -------- -----------

   [No hits detected that satisfy reporting thresholds]


Domain annotation for each model (and alignments):

   [No targets detected that satisfy reporting thresholds]


Internal pipeline statistics summary:
-------------------------------------
Query sequence(s):                         1  (109 residues searched)
Target model(s):                       19632  (3329936 nodes)
Passed MSV filter:                       304  (0.0154849); expected 392.6 (0.02)
Passed bias filter:                      263  (0.0133965); expected 392.6 (0.02)
Passed Vit filter:                        18  (0.00091687); expected 19.6 (0.001)
Passed Fwd filter:                         0  (0); expected 0.2 (1e-05)
Initial search space (Z):              19632  [actual number of targets]
Domain search space  (domZ):               0  [number of targets reported over threshold]
# CPU time: 0.32u 0.19s 00:00:00.51 Elapsed: 00:00:00.35
# Mc/sec: 1013.43
//
Query: Query:       orf2  [L=483]
Description: source=IMGVR_UViG_3300029040_000094_3300029040_Ga0169694_101674/1671-3256 coords=1..1449 length=483 frame=1 desc=
Scores for complete sequence (score includes all domains):
   --- full sequence ---   --- best 1 domain ---    -#dom-
    E-value  score  bias    E-value  score  bias    exp  N  Model    Description
    ------- ------ -----    ------- ------ -----   ---- --  -------- -----------
    2.9e-32  112.1   0.2    1.6e-31  109.7   0.0    2.0  2  RVT_1     Reverse transcriptase (RNA-dependent DNA polymerase


Domain annotation for each model (and alignments):
>> RVT_1  Reverse transcriptase (RNA-dependent DNA polymerase)
   #    score  bias  c-Evalue  i-Evalue hmmfrom  hmm to    alifrom  ali to    envfrom  env to     acc
 ---   ------ ----- --------- --------- ------- -------    ------- -------    ------- -------    ----
   1 !  109.7   0.0   8.1e-36   1.6e-31      44     222 .]       1     208 [.       1     208 [. 0.92
   2 ?   -0.2   0.1     0.033   6.4e+02       9      34 ..     269     294 ..     264     304 .. 0.83

  Alignments for each domain:
  == domain 1  score: 109.7 bits;  conditional E-value: 8.1e-36
            -HHHH..............HCCHTS--EEEEEEBCCGCCCSBB-GGGGGGG-EEET...........................TEEEEESB--ST-TTHHHHHH CS
  RVT_1  44 gfrpgrstldav.edllkalkkkkkaklllklDlkkaFdsvpleellrkltafkvptk.linliksflstrsfsvrv.ngeeskgryekkglpqGsvlSPllfn 144
            gfrp+rs+++a+ + +     +++  +++l++D+k++Fd+v++ +l+r+l+++++++k l+ +ik++l   ++ +r+ +g   ++ y +kg+pqG+++SPll+n
   orf2   1 GFRPNRSVEHAIsRAYSLL--QRAHLHYVLEFDIKGFFDNVDHGKLMRQLWSLGIQDKqLLFVIKRIL---KAPIRMpDG---STVYPEKGTPQGGIISPLLAN 96 
            8*********997554444..66888*****************************8761567899999...445688677...89******************* PP

            HHHHHHHTT-T.........................................TEEECTTEEEEEESSHHHHHHHHHHHHHHHHH.TT--BEGGG-EEE...... CS
  RVT_1 145 lfmnellrelrkra...................................kgvtllrYaDDililskskeelqelleaveewlke.sglkinpeKtklvlftv.k 211
            +++nel++ +++++                                   k+ +++rYaDD+ i+++++e++++ + av +w+ e   l+++peKt++v   + +
   orf2  97 VVLNELDHWIDSQWvehplanrngtrrmirtsevfdkskgyckmrktnlKEMFIVRYADDFRIFCRNREDAEKTMVAVTKWITErLHLEVSPEKTRIV---NvR 197
            **********************************************************************************9989************...669 PP

            ESSEEETTEEE CS
  RVT_1 212 seevkyLGvtl 222
            ++  ++LG+++
   orf2 198 KRYSEFLGFKI 208
            99999**9986 PP

  == domain 2  score: -0.2 bits;  conditional E-value: 0.033
            EEE......-THHHHCTB--...... CS
  RVT_1   9 yRpisllsvdykalnkliakrLkdvl 34 
            yR+  ++s d++ + + i   L++ l
   orf2 269 YRIATCISLDCRRVHRKIMTVLTNRL 294
            99999***********9999887665 PP



Internal pipeline statistics summary:
-------------------------------------
Query sequence(s):                         1  (483 residues searched)
Target model(s):                       19632  (3329936 nodes)
Passed MSV filter:                       605  (0.030817); expected 392.6 (0.02)
Passed bias filter:                      429  (0.0218521); expected 392.6 (0.02)
Passed Vit filter:                        26  (0.00132437); expected 19.6 (0.001)
Passed Fwd filter:                         1  (5.09372e-05); expected 0.2 (1e-05)
Initial search space (Z):              19632  [actual number of targets]
Domain search space  (domZ):               1  [number of targets reported over threshold]
# CPU time: 0.38u 0.20s 00:00:00.58 Elapsed: 00:00:00.36
# Mc/sec: 4446.29
//
Query:       orf3  [L=189]
Description: source=IMGVR_UViG_3300029040_000094_3300029040_Ga0169694_101674/1671-3256 coords=1113..547 length=189 frame=6 desc=
Scores for complete sequence (score includes all domains):
   --- full sequence ---   --- best 1 domain ---    -#dom-
    E-value  score  bias    E-value  score  bias    exp  N  Model    Description
    ------- ------ -----    ------- ------ -----   ---- --  -------- -----------

   [No hits detected that satisfy reporting thresholds]


Domain annotation for each model (and alignments):

   [No targets detected that satisfy reporting thresholds]


Internal pipeline statistics summary:
-------------------------------------
Query sequence(s):                         1  (189 residues searched)
Target model(s):                       19632  (3329936 nodes)
Passed MSV filter:                       497  (0.0253158); expected 392.6 (0.02)
Passed bias filter:                      303  (0.015434); expected 392.6 (0.02)
Passed Vit filter:                        17  (0.000865933); expected 19.6 (0.001)
Passed Fwd filter:                         0  (0); expected 0.2 (1e-05)
Initial search space (Z):              19632  [actual number of targets]
Domain search space  (domZ):               0  [number of targets reported over threshold]
# CPU time: 0.32u 0.16s 00:00:00.48 Elapsed: 00:00:00.31
# Mc/sec: 1971.50
//
Query:       orf4  [L=90]
Description: source=IMGVR_UViG_3300029040_000094_3300029040_Ga0169694_101674/1671-3256 coords=543..274 length=90 frame=6 desc=
Scores for complete sequence (score includes all domains):
   --- full sequence ---   --- best 1 domain ---    -#dom-
    E-value  score  bias    E-value  score  bias    exp  N  Model    Description
    ------- ------ -----    ------- ------ -----   ---- --  -------- -----------

   [No hits detected that satisfy reporting thresholds]


Domain annotation for each model (and alignments):

   [No targets detected that satisfy reporting thresholds]


Internal pipeline statistics summary:
-------------------------------------
Query sequence(s):                         1  (90 residues searched)
Target model(s):                       19632  (3329936 nodes)
Passed MSV filter:                       483  (0.0246027); expected 392.6 (0.02)
Passed bias filter:                      251  (0.0127852); expected 392.6 (0.02)
Passed Vit filter:                        19  (0.000967808); expected 19.6 (0.001)
Passed Fwd filter:                         0  (0); expected 0.2 (1e-05)
Initial search space (Z):              19632  [actual number of targets]
Domain search space  (domZ):               0  [number of targets reported over threshold]
# CPU time: 0.28u 0.20s 00:00:00.48 Elapsed: 00:00:00.33
# Mc/sec: 884.86
//
Query:       orf5  [L=90]
Description: source=IMGVR_UViG_3300029040_000094_3300029040_Ga0169694_101674/1671-3256 coords=270..1 length=90 frame=6 desc=
Scores for complete sequence (score includes all domains):
   --- full sequence ---   --- best 1 domain ---    -#dom-
    E-value  score  bias    E-value  score  bias    exp  N  Model         Description
    ------- ------ -----    ------- ------ -----   ---- --  --------      -----------
  ------ inclusion threshold ------
      0.057   13.6   0.1       0.12   12.6   0.0    1.5  2  tRNA_int_endo  tRNA intron endonuclease, catalytic C-terminal


Domain annotation for each model (and alignments):
>> tRNA_int_endo  tRNA intron endonuclease, catalytic C-terminal domain
   #    score  bias  c-Evalue  i-Evalue hmmfrom  hmm to    alifrom  ali to    envfrom  env to     acc
 ---   ------ ----- --------- --------- ------- -------    ------- -------    ------- -------    ----
   1 ?   12.6   0.0     6e-06      0.12      29      60 ..      36      67 ..      33      74 .. 0.89
   2 ?   -2.4   0.0      0.29   5.7e+03       2      14 ..      77      89 ..      76      89 .. 0.80

  Alignments for each domain:
  == domain 1  score: 12.6 bits;  conditional E-value: 6e-06
                   EEETSCTTTSSCSEEEEEEETTSEEEHHHHHH CS
  tRNA_int_endo 29 rvYqrrpslehseylVvvvsedeeldwpdlsa 60
                   ++Y +rp+l+h+  +V++++e+  ++++ +++
           orf5 36 ILYAKRPELTHQFAVVYIIEESLDVKFQHIVQ 67
                   89*******************99988888775 PP

  == domain 2  score: -2.4 bits;  conditional E-value: 0.29
                   HHHHHHHHHHHHT CS
  tRNA_int_endo  2 alkyavykdLrek 14
                   a++++ y+  r+k
           orf5 77 ARNCVFYRPIRSK 89
                   6789999998875 PP



Internal pipeline statistics summary:
-------------------------------------
Query sequence(s):                         1  (90 residues searched)
Target model(s):                       19632  (3329936 nodes)
Passed MSV filter:                       387  (0.0197127); expected 392.6 (0.02)
Passed bias filter:                      261  (0.0132946); expected 392.6 (0.02)
Passed Vit filter:                        18  (0.00091687); expected 19.6 (0.001)
Passed Fwd filter:                         1  (5.09372e-05); expected 0.2 (1e-05)
Initial search space (Z):              19632  [actual number of targets]
Domain search space  (domZ):               1  [number of targets reported over threshold]
# CPU time: 0.30u 0.18s 00:00:00.48 Elapsed: 00:00:00.34
# Mc/sec: 870.86
//
[ok]
#    score  bias  c-Evalue  i-Evalue hmmfrom  hmm to    alifrom  ali to    envfrom  env to     acc
 ---   ------ ----- --------- --------- ------- -------    ------- -------    ------- -------    ----
   1 ?   12.2   0.0   7.2e-05      0.13      21      36 ..      44      59 ..      36      62 .. 0.82
   2 ?   -1.6   0.0       1.5   2.6e+03      24      36 ..     134     146 ..     126     147 .. 0.81

  Alignments for each domain:
  == domain 1  score: 12.2 bits;  conditional E-value: 7.2e-05
  AAA_29 21 lkgatlltGpsGsGKS 36
            ++ ++l++G sGsGK+
    orf2 44 RNKNVLIIGGSGSGKT 59
            4458***********7 PP

  == domain 2  score: -1.6 bits;  conditional E-value: 1.5
  AAA_29  24 atlltGpsGsGKS 36 
             ++l+  + G GKS
    orf2 134 NCLILNTKGEGKS 146
             5788889999999 PP

>> AAA_7  P-loop containing dynein motor region
   #    score  bias  c-Evalue  i-Evalue hmmfrom  hmm to    alifrom  ali to    envfrom  env to     acc
 ---   ------ ----- --------- --------- ------- -------    ------- -------    ------- -------    ----
   1 ?   12.3   0.0   5.5e-05     0.098      30      66 ..      42      79 ..      16      84 .. 0.77

  Alignments for each domain:
  == domain 1  score: 12.3 bits;  conditional E-value: 5.5e-05
  AAA_7 30 lknkkpvLlvGptGtGKtviikn.llkkldkekylslt 66
            +++k+vL++G +G+GKt    +  l ++ ++ky +++
   orf2 42 YARNKNVLIIGGSGSGKTRFFVKpNLMQCVSDKYPCSF 79
           6789**************88776666666668887665 PP

>> UvrD-helicase  UvrD/REP helicase N-terminal domain
   #    score  bias  c-Evalue  i-Evalue hmmfrom  hmm to    alifrom  ali to    envfrom  env to     acc
 ---   ------ ----- --------- --------- ------- -------    ------- -------    ------- -------    ----
   1 ?   11.3   0.0   0.00011      0.19       5      30 ..      37      62 ..      33      69 .. 0.83
   2 ?   -1.7   0.0      0.99   1.8e+03     274     296 ..      66      88 ..      62      89 .. 0.87

  Alignments for each domain:
  == domain 1  score: 11.3 bits;  conditional E-value: 0.00011
                   HHHHHHS-SSEEEEEE-TTSSHHHHH CS
  UvrD-helicase  5 qreaiaslggpilveAsAGsGKTfvl 30
                    ++++   ++++l++ + GsGKT+  
           orf2 37 PKNPAYARNKNVLIIGGSGSGKTRFF 62
                   667777889**************965 PP

  == domain 2  score: -1.7 bits;  conditional E-value: 0.99
                    HHHHHHCTTTTTEEEEE-GGG-- CS
  UvrD-helicase 274 rilkllasgheelfmvGDpkQsI 296
                    ++++ ++ + +  f+v Dpk sI
           orf2  66 NLMQCVSDKYPCSFVVTDPKGSI 88 
                    5788899999999*******998 PP



Internal pipeline statistics summary:
-------------------------------------
Query sequence(s):                         1  (181 residues searched)
Target model(s):                       19632  (3329936 nodes)
Passed MSV filter:                       439  (0.0223615); expected 392.6 (0.02)
Passed bias filter:                      395  (0.0201202); expected 392.6 (0.02)
Passed Vit filter:                        84  (0.00427873); expected 19.6 (0.001)
Passed Fwd filter:                        11  (0.00056031); expected 0.2 (1e-05)
Initial search space (Z):              19632  [actual number of targets]
Domain search space  (domZ):              11  [number of targets reported over threshold]
# CPU time: 0.35u 0.20s 00:00:00.55 Elapsed: 00:00:00.36
# Mc/sec: 1669.77
//
Query:       orf3  [L=91]
Description: source=IMGVR_UViG_3300029040_000094_3300029040_Ga0169694_101674/1-770 coords=748..476 length=91 frame=5 desc=
Scores for complete sequence (score includes all domains):
   --- full sequence ---   --- best 1 domain ---    -#dom-
    E-value  score  bias    E-value  score  bias    exp  N  Model    Description
    ------- ------ -----    ------- ------ -----   ---- --  -------- -----------

   [No hits detected that satisfy reporting thresholds]


Domain annotation for each model (and alignments):

   [No targets detected that satisfy reporting thresholds]


Internal pipeline statistics summary:
-------------------------------------
Query sequence(s):                         1  (91 residues searched)
Target model(s):                       19632  (3329936 nodes)
Passed MSV filter:                       245  (0.0124796); expected 392.6 (0.02)
Passed bias filter:                      190  (0.00967808); expected 392.6 (0.02)
Passed Vit filter:                        11  (0.00056031); expected 19.6 (0.001)
Passed Fwd filter:                         0  (0); expected 0.2 (1e-05)
Initial search space (Z):              19632  [actual number of targets]
Domain search space  (domZ):               0  [number of targets reported over threshold]
# CPU time: 0.30u 0.15s 00:00:00.44 Elapsed: 00:00:00.31
# Mc/sec: 950.11
//
Query:       orf4  [L=232]
Description: source=IMGVR_UViG_3300029040_000094_3300029040_Ga0169694_101674/1-770 coords=768..73 length=232 frame=6 desc=
Scores for complete sequence (score includes all domains):
   --- full sequence ---   --- best 1 domain ---    -#dom-
    E-value  score  bias    E-value  score  bias    exp  N  Model    Description
    ------- ------ -----    ------- ------ -----   ---- --  -------- -----------
  ------ inclusion threshold ------
      0.025   14.9   0.0      0.045   14.1   0.0    1.3  1  FpoO      F420H2 dehydrogenase subunit FpoO


Domain annotation for each model (and alignments):
>> FpoO  F420H2 dehydrogenase subunit FpoO
   #    score  bias  c-Evalue  i-Evalue hmmfrom  hmm to    alifrom  ali to    envfrom  env to     acc
 ---   ------ ----- --------- --------- ------- -------    ------- -------    ------- -------    ----
   1 ?   14.1   0.0   2.3e-06     0.045       5      42 ..      62      99 ..      59     109 .. 0.86

  Alignments for each domain:
  == domain 1  score: 14.1 bits;  conditional E-value: 2.3e-06
  FpoO  5 dlcgvsiptvvpvrvfeprlelsypeGvwkGlcetclk 42
          +l  + ip v+p+  ++ r   ++peGv+      c++
  orf4 62 QLSKQRIPVVCPLTSYRQRTSRTFPEGVVAFTLSFCIE 99
          577789**********************9877777776 PP



Internal pipeline statistics summary:
-------------------------------------
Query sequence(s):                         1  (232 residues searched)
Target model(s):                       19632  (3329936 nodes)
Passed MSV filter:                       393  (0.0200183); expected 392.6 (0.02)
Passed bias filter:                      323  (0.0164527); expected 392.6 (0.02)
Passed Vit filter:                        16  (0.000814996); expected 19.6 (0.001)
Passed Fwd filter:                         1  (5.09372e-05); expected 0.2 (1e-05)
Initial search space (Z):              19632  [actual number of targets]
Domain search space  (domZ):               1  [number of targets reported over threshold]
# CPU time: 0.33u 0.17s 00:00:00.50 Elapsed: 00:00:00.32
# Mc/sec: 2354.66
//
Query:       orf5  [L=100]
Description: source=IMGVR_UViG_3300029040_000094_3300029040_Ga0169694_101674/1-770 coords=347..48 length=100 frame=4 desc=
Scores for complete sequence (score includes all domains):
   --- full sequence ---   --- best 1 domain ---    -#dom-
    E-value  score  bias    E-value  score  bias    exp  N  Model    Description
    ------- ------ -----    ------- ------ -----   ---- --  -------- -----------

   [No hits detected that satisfy reporting thresholds]


Domain annotation for each model (and alignments):

   [No targets detected that satisfy reporting thresholds]


Internal pipeline statistics summary:
-------------------------------------
Query sequence(s):                         1  (100 residues searched)
Target model(s):                       19632  (3329936 nodes)
Passed MSV filter:                       257  (0.0130909); expected 392.6 (0.02)
Passed bias filter:                      234  (0.0119193); expected 392.6 (0.02)
Passed Vit filter:                        11  (0.00056031); expected 19.6 (0.001)
Passed Fwd filter:                         0  (0); expected 0.2 (1e-05)
Initial search space (Z):              19632  [actual number of targets]
Domain search space  (domZ):               0  [number of targets reported over threshold]
# CPU time: 0.30u 0.16s 00:00:00.46 Elapsed: 00:00:00.32
# Mc/sec: 1039.68
//
[ok]
