# hmmscan :: search sequence(s) against a profile database
# HMMER 3.3.2 (Nov 2020); http://hmmer.org/
# Copyright (C) 2020 Howard Hughes Medical Institute.
# Freely distributed under the BSD open source license.
# - - - - - - - - - - - - - - - - - - - - - - - - - - - - - - - - - - - -
# query sequence file:             -
# target HMM database:             /n/eddy_lab/data/pfam-35.0/Pfam-A.hmm
# output directed to file:         ./all_windows_new/hmmscan/out/IMGVR_UViG_3300029570_000201_3300029570_Ga0244916_102907_hmmscan_output.out
# per-seq hits tabular output:     ./all_windows_new/hmmscan/tblout/IMGVR_UViG_3300029570_000201_3300029570_Ga0244916_102907_hmmscan_output.tblout
# - - - - - - - - - - - - - - - - - - - - - - - - - - - - - - - - - - - -

Query:       orf1  [L=113]
Description: source=IMGVR_UViG_3300029570_000201_3300029570_Ga0244916_102907/7075-5491 coords=181..519 length=113 frame=1 desc=
Scores for complete sequence (score includes all domains):
   --- full sequence ---   --- best 1 domain ---    -#dom-
    E-value  score  bias    E-value  score  bias    exp  N  Model    Description
    ------- ------ -----    ------- ------ -----   ---- --  -------- -----------
  ------ inclusion threshold ------
      0.066   13.3   0.6       0.14   12.2   0.1    1.8  2  Croc_4    Contingent replication of cDNA 4


Domain annotation for each model (and alignments):
>> Croc_4  Contingent replication of cDNA 4
   #    score  bias  c-Evalue  i-Evalue hmmfrom  hmm to    alifrom  ali to    envfrom  env to     acc
 ---   ------ ----- --------- --------- ------- -------    ------- -------    ------- -------    ----
   1 ?   12.2   0.1   7.1e-06      0.14      96     124 ..       1      29 [.       1      46 [. 0.92
   2 ?   -0.9   0.0     0.078   1.5e+03      35      53 ..      53      71 ..      35      83 .. 0.63

  Alignments for each domain:
  == domain 1  score: 12.2 bits;  conditional E-value: 7.1e-06
  Croc_4  96 kplwnlhrvyrtvpvhpaaqdlssprcdg 124
             kp w +  v r +p+    +++ssprc  
    orf1   1 KPQWCFRTVKRLIPIRARRREVSSPRCSP 29 
             899************************75 PP

  == domain 2  score: -0.9 bits;  conditional E-value: 0.078
  Croc_4 35 etslvratfhppapqsakl 53
               + r   h  ap  a l
    orf1 53 SRRVQRKMAHQTAPTNAAL 71
            3334455556666665554 PP



Internal pipeline statistics summary:
-------------------------------------
Query sequence(s):                         1  (113 residues searched)
Target model(s):                       19632  (3329936 nodes)
Passed MSV filter:                       322  (0.0164018); expected 392.6 (0.02)
Passed bias filter:                      262  (0.0133456); expected 392.6 (0.02)
Passed Vit filter:                        20  (0.00101874); expected 19.6 (0.001)
Passed Fwd filter:                         1  (5.09372e-05); expected 0.2 (1e-05)
Initial search space (Z):              19632  [actual number of targets]
Domain search space  (domZ):               1  [number of targets reported over threshold]
# CPU time: 0.12u 0.17s 00:00:00.29 Elapsed: 00:00:00.23
# Mc/sec: 1624.12
//
Query:       orf2  [L=228]
Description: source=IMGVR_UViG_3300029570_000201_3300029570_Ga0244916_102907/7075-5491 coords=3..686 length=228 frame=3 desc=
Scores for complete sequence (score includes all domains):
   --- full sequence ---   --- best 1 domain ---    -#dom-
    E-value  score  bias    E-value  score  bias    exp  N  Model    Description
    ------- ------ -----    ------- ------ -----   ---- --  -------- -----------
    5.3e-29  101.5   0.1    6.7e-29  101.1   0.1    1.1  1  RVT_1     Reverse transcriptase (RNA-dependent DNA polymerase


Domain annotation for each model (and alignments):
>> RVT_1  Reverse transcriptase (RNA-dependent DNA polymerase)
   #    score  bias  c-Evalue  i-Evalue hmmfrom  hmm to    alifrom  ali to    envfrom  env to     acc
 ---   ------ ----- --------- --------- ------- -------    ------- -------    ------- -------    ----
   1 !  101.1   0.1   3.4e-33   6.7e-29      65     222 .]      14     199 ..       1     199 [. 0.91

  Alignments for each domain:
  == domain 1  score: 101.1 bits;  conditional E-value: 3.4e-33
            HTS--EEEEEEBCCGCCCSBB-GGGGGGG-EEET...........................TEEEEESB--ST-TTHHHHHHHHHHHHHTT-T........... CS
  RVT_1  65 kkkaklllklDlkkaFdsvpleellrkltafkvptk.linliksflstrsfsvrv.ngeeskgryekkglpqGsvlSPllfnlfmnellrelrkra........ 158
             +  + ++++D+k++Fd+v++ +l+r+++++++++k l+ +ik++l+ +     + ng   ++ y  kg+pqG++lSPll+n+++nel+  +++++        
   orf2  14 IQHLHFVVDVDIKGFFDNVNHTKLMRQMWTLGIQDKrLLCIIKEMLKAPV---VLpNG---EKTYPDKGTPQGGILSPLLSNIVLNELDWWVSSQWedipthtv 111
            4566889**************************86527778999994444...55466...79***************************************** PP

            ............................TEEECTTEEEEEESSHHHHHHHHHHHHHHHHH.TT--BEGGG-EEE......ESSEEETTEEE CS
  RVT_1 159 .........................kgvtllrYaDDililskskeelqelleaveewlke.sglkinpeKtklvlftv.kseevkyLGvtl 222
                                     k+ +++rYaDD+ i++++++++ + + av++wl+e  +l+i++eK+k+v   + k++  ++LG++l
   orf2 112 ikegtakngtpnrsnkcrtlrrsnlKEMYIVRYADDFRIFCRKRSDAVKTYHAVKQWLEErLKLQISEEKSKVV---NlKKNYSEFLGFKL 199
            ***********************************************************999************...77999999999975 PP



Internal pipeline statistics summary:
-------------------------------------
Query sequence(s):                         1  (228 residues searched)
Target model(s):                       19632  (3329936 nodes)
Passed MSV filter:                       655  (0.0333639); expected 392.6 (0.02)
Passed bias filter:                      414  (0.021088); expected 392.6 (0.02)
Passed Vit filter:                        26  (0.00132437); expected 19.6 (0.001)
Passed Fwd filter:                         1  (5.09372e-05); expected 0.2 (1e-05)
Initial search space (Z):              19632  [actual number of targets]
Domain search space  (domZ):               1  [number of targets reported over threshold]
# CPU time: 0.14u 0.11s 00:00:00.25 Elapsed: 00:00:00.17
# Mc/sec: 4391.45
//
Query:       orf3  [L=138]
Description: source=IMGVR_UViG_3300029570_000201_3300029570_Ga0244916_102907/7075-5491 coords=867..1280 length=138 frame=3 desc=
Scores for complete sequence (score includes all domains):
   --- full sequence ---   --- best 1 domain ---    -#dom-
    E-value  score  bias    E-value  score  bias    exp  N  Model    Description
    ------- ------ -----    ------- ------ -----   ---- --  -------- -----------

   [No hits detected that satisfy reporting thresholds]


Domain annotation for each model (and alignments):

   [No targets detected that satisfy reporting thresholds]


Internal pipeline statistics summary:
-------------------------------------
Query sequence(s):                         1  (138 residues searched)
Target model(s):                       19632  (3329936 nodes)
Passed MSV filter:                       433  (0.0220558); expected 392.6 (0.02)
Passed bias filter:                      266  (0.0135493); expected 392.6 (0.02)
Passed Vit filter:                        16  (0.000814996); expected 19.6 (0.001)
Passed Fwd filter:                         0  (0); expected 0.2 (1e-05)
Initial search space (Z):              19632  [actual number of targets]
Domain search space  (domZ):               0  [number of targets reported over threshold]
# CPU time: 0.14u 0.08s 00:00:00.22 Elapsed: 00:00:00.15
# Mc/sec: 3033.59
//
Query:       orf4  [L=267]
Description: source=IMGVR_UViG_3300029570_000201_3300029570_Ga0244916_102907/7075-5491 coords=623..1423 length=267 frame=2 desc=
Scores for complete sequence (score includes all domains):
   --- full sequence ---   --- best 1 domain ---    -#dom-
    E-value  score  bias    E-value  score  bias    exp  N  Model    Description
    ------- ------ -----    ------- ------ -----   ---- --  -------- -----------
     0.0044   17.3   0.9     0.0081   16.4   0.3    1.8  2  HNH       HNH endonuclease


Domain annotation for each model (and alignments):
>> HNH  HNH endonuclease
   #    score  bias  c-Evalue  i-Evalue hmmfrom  hmm to    alifrom  ali to    envfrom  env to     acc
 ---   ------ ----- --------- --------- ------- -------    ------- -------    ------- -------    ----
   1 ?   -3.9   0.0      0.92   1.8e+04      14      21 ..      24      31 ..      20      35 .. 0.78
   2 !   16.4   0.3   4.2e-07    0.0081      12      39 ..     198     225 ..     187     233 .. 0.79

  Alignments for each domain:
  == domain 1  score: -3.9 bits;  conditional E-value: 0.92
          -EEEESS- CS
   HNH 14 levdHiip 21
          +++d+i++
  orf4 24 AQIDYIQH 31
          68999986 PP

  == domain 2  score: 16.4 bits;  conditional E-value: 4.2e-07
           E--EEEESS-TTTT--BSGGGEEEE-HH CS
   HNH  12 dalevdHiipisqggaddieNlqllCks 39 
           d+ +++H+ p+ qgg+d + Nl+ + k+
  orf4 198 DEIHCHHKLPVEQGGTDAYANLVIVRKD 225
           689*******************987555 PP



Internal pipeline statistics summary:
-------------------------------------
Query sequence(s):                         1  (267 residues searched)
Target model(s):                       19632  (3329936 nodes)
Passed MSV filter:                       818  (0.0416667); expected 392.6 (0.02)
Passed bias filter:                      541  (0.027557); expected 392.6 (0.02)
Passed Vit filter:                        34  (0.00173187); expected 19.6 (0.001)
Passed Fwd filter:                         1  (5.09372e-05); expected 0.2 (1e-05)
Initial search space (Z):              19632  [actual number of targets]
Domain search space  (domZ):               1  [number of targets reported over threshold]
# CPU time: 0.14u 0.13s 00:00:00.27 Elapsed: 00:00:00.17
# Mc/sec: 5201.30
//
Query:       orf5  [L=141]
Description: source=IMGVR_UViG_3300029570_000201_3300029570_Ga0244916_102907/7075-5491 coords=1345..923 length=141 frame=4 desc=
Scores for complete sequence (score includes all domains):
   --- full sequence ---   --- best 1 domain ---    -#dom-
    E-value  score  bias    E-value  score  bias    exp  N  Model          Description
    ------- ------ -----    ------- ------ -----   ---- --  --------       -----------
  ------ inclusion threshold ------
       0.18   12.1   0.0       0.26   11.5   0.0    1.3  1  Malt_amylase_C  Maltogenic Amylase, C-terminal domain


Domain annotation for each model (and alignments):
>> Malt_amylase_C  Maltogenic Amylase, C-terminal domain
   #    score  bias  c-Evalue  i-Evalue hmmfrom  hmm to    alifrom  ali to    envfrom  env to     acc
 ---   ------ ----- --------- --------- ------- -------    ------- -------    ------- -------    ----
   1 ?   11.5   0.0   1.3e-05      0.26      10      37 ..      51      78 ..      44      99 .. 0.70

  Alignments for each domain:
  == domain 1  score: 11.5 bits;  conditional E-value: 1.3e-05
                    -TTEEEEEEEETTEEEEEEEESS-EEEE CS
  Malt_amylase_C 10 nrkvLaYlReyedetilvvaNrsaqave 37
                     ++ L  lR+ +++t+++v+N s ++  
            orf5 51 CDRTLSILRRIKGNTVVCVFNASIKHRV 78
                    4569999**************7655443 PP



Internal pipeline statistics summary:
-------------------------------------
Query sequence(s):                         1  (141 residues searched)
Target model(s):                       19632  (3329936 nodes)
Passed MSV filter:                       564  (0.0287286); expected 392.6 (0.02)
Passed bias filter:                      303  (0.015434); expected 392.6 (0.02)
Passed Vit filter:                        21  (0.00106968); expected 19.6 (0.001)
Passed Fwd filter:                         1  (5.09372e-05); expected 0.2 (1e-05)
Initial search space (Z):              19632  [actual number of targets]
Domain search space  (domZ):               1  [number of targets reported over threshold]
# CPU time: 0.13u 0.07s 00:00:00.20 Elapsed: 00:00:00.14
# Mc/sec: 3181.51
//
Query:       orf6  [L=126]
Description: source=IMGVR_UViG_3300029570_000201_3300029570_Ga0244916_102907/7075-5491 coords=533..156 length=126 frame=6 desc=
Scores for complete sequence (score includes all domains):
   --- full sequence ---   --- best 1 domain ---    -#dom-
    E-value  score  bias    E-value  score  bias    exp  N  Model    Description
    ------- ------ -----    ------- ------ -----   ---- --  -------- -----------

   [No hits detected that satisfy reporting thresholds]


Domain annotation for each model (and alignments):

   [No targets detected that satisfy reporting thresholds]


Internal pipeline statistics summary:
-------------------------------------
Query sequence(s):                         1  (126 residues searched)
Target model(s):                       19632  (3329936 nodes)
Passed MSV filter:                       245  (0.0124796); expected 392.6 (0.02)
Passed bias filter:                      235  (0.0119703); expected 392.6 (0.02)
Passed Vit filter:                        12  (0.000611247); expected 19.6 (0.001)
Passed Fwd filter:                         0  (0); expected 0.2 (1e-05)
Initial search space (Z):              19632  [actual number of targets]
Domain search space  (domZ):               0  [number of targets reported over threshold]
# CPU time: 0.13u 0.08s 00:00:00.21 Elapsed: 00:00:00.15
# Mc/sec: 2777.69
//
[ok]
