# hmmscan :: search sequence(s) against a profile database
# HMMER 3.3.2 (Nov 2020); http://hmmer.org/
# Copyright (C) 2020 Howard Hughes Medical Institute.
# Freely distributed under the BSD open source license.
# - - - - - - - - - - - - - - - - - - - - - - - - - - - - - - - - - - - -
# query sequence file:             -
# target HMM database:             /n/eddy_lab/data/pfam-35.0/Pfam-A.hmm
# output directed to file:         ./all_windows_new/hmmscan/out/IMGVR_UViG_3300029414_000187_3300029414_Ga0243798_102544_hmmscan_output.out
# per-seq hits tabular output:     ./all_windows_new/hmmscan/tblout/IMGVR_UViG_3300029414_000187_3300029414_Ga0243798_102544_hmmscan_output.tblout
# - - - - - - - - - - - - - - - - - - - - - - - - - - - - - - - - - - - -

Query:       orf1  [L=477]
Description: source=IMGVR_UViG_3300029414_000187_3300029414_Ga0243798_102544/6747-5039 coords=1..1431 length=477 frame=1 desc=
Scores for complete sequence (score includes all domains):
   --- full sequence ---   --- best 1 domain ---    -#dom-
    E-value  score  bias    E-value  score  bias    exp  N  Model    Description
    ------- ------ -----    ------- ------ -----   ---- --  -------- -----------

   [No hits detected that satisfy reporting thresholds]


Domain annotation for each model (and alignments):

   [No targets detected that satisfy reporting thresholds]


Internal pipeline statistics summary:
-------------------------------------
Query sequence(s):                         1  (477 residues searched)
Target model(s):                       19632  (3329936 nodes)
Passed MSV filter:                      2957  (0.150621); expected 392.6 (0.02)
Passed bias filter:                      648  (0.0330073); expected 392.6 (0.02)
Passed Vit filter:                       117  (0.00595966); expected 19.6 (0.001)
Passed Fwd filter:                        13  (0.000662184); expected 0.2 (1e-05)
Initial search space (Z):              19632  [actual number of targets]
Domain search space  (domZ):               0  [number of targets reported over threshold]
# CPU time: 0.42u 0.20s 00:00:00.62 Elapsed: 00:00:00.33
# Mc/sec: 4786.65
//
Query:       orf2  [L=113]
Description: source=IMGVR_UViG_3300029414_000187_3300029414_Ga0243798_102544/6747-5039 coords=1554..1216 length=113 frame=6 desc=
Scores for complete sequence (score includes all domains):
   --- full sequence ---   --- best 1 domain ---    -#dom-
    E-value  score  bias    E-value  score  bias    exp  N  Model      Description
    ------- ------ -----    ------- ------ -----   ---- --  --------   -----------
  ------ inclusion threshold ------
       0.15   12.4   0.6        0.2   12.0   0.6    1.2  1  OrfB_IS605  Probable transposase


Domain annotation for each model (and alignments):
>> OrfB_IS605  Probable transposase
   #    score  bias  c-Evalue  i-Evalue hmmfrom  hmm to    alifrom  ali to    envfrom  env to     acc
 ---   ------ ----- --------- --------- ------- -------    ------- -------    ------- -------    ----
   1 ?   12.0   0.6     1e-05       0.2      76     105 ..      81     110 ..      74     113 .] 0.91

  Alignments for each domain:
  == domain 1  score: 12.0 bits;  conditional E-value: 1e-05
  OrfB_IS605  76 klarlhekrsrrrkdllhklathliktlke 105
                  ++rl++k++++   +++kl++hli++l +
        orf2  81 LIQRLDMKIYNQISVHIQKLCQHLICQLRC 110
                 69************************9976 PP



Internal pipeline statistics summary:
-------------------------------------
Query sequence(s):                         1  (113 residues searched)
Target model(s):                       19632  (3329936 nodes)
Passed MSV filter:                       451  (0.0229727); expected 392.6 (0.02)
Passed bias filter:                      286  (0.0145681); expected 392.6 (0.02)
Passed Vit filter:                        21  (0.00106968); expected 19.6 (0.001)
Passed Fwd filter:                         1  (5.09372e-05); expected 0.2 (1e-05)
Initial search space (Z):              19632  [actual number of targets]
Domain search space  (domZ):               1  [number of targets reported over threshold]
# CPU time: 0.25u 0.13s 00:00:00.38 Elapsed: 00:00:00.26
# Mc/sec: 1398.34
//
Query:       orf3  [L=112]
Description: source=IMGVR_UViG_3300029414_000187_3300029414_Ga0243798_102544/6747-5039 coords=858..523 length=112 frame=6 desc=
Scores for complete sequence (score includes all domains):
   --- full sequence ---   --- best 1 domain ---    -#dom-
    E-value  score  bias    E-value  score  bias    exp  N  Model    Description
    ------- ------ -----    ------- ------ -----   ---- --  -------- -----------

   [No hits detected that satisfy reporting thresholds]


Domain annotation for each model (and alignments):

   [No targets detected that satisfy reporting thresholds]


Internal pipeline statistics summary:
-------------------------------------
Query sequence(s):                         1  (112 residues searched)
Target model(s):                       19632  (3329936 nodes)
Passed MSV filter:                       428  (0.0218011); expected 392.6 (0.02)
Passed bias filter:                      280  (0.0142624); expected 392.6 (0.02)
Passed Vit filter:                        13  (0.000662184); expected 19.6 (0.001)
Passed Fwd filter:                         0  (0); expected 0.2 (1e-05)
Initial search space (Z):              19632  [actual number of targets]
Domain search space  (domZ):               0  [number of targets reported over threshold]
# CPU time: 0.25u 0.14s 00:00:00.39 Elapsed: 00:00:00.27
# Mc/sec: 1378.76
//
Query:       orf4  [L=100]
Description: source=IMGVR_UViG_3300029414_000187_3300029414_Ga0243798_102544/6747-5039 coords=655..356 length=100 frame=5 desc=
Scores for complete sequence (score includes all domains):
   --- full sequence ---   --- best 1 domain ---    -#dom-
    E-value  score  bias    E-value  score  bias    exp  N  Model    Description
    ------- ------ -----    ------- ------ -----   ---- --  -------- -----------

   [No hits detected that satisfy reporting thresholds]


Domain annotation for each model (and alignments):

   [No targets detected that satisfy reporting thresholds]


Internal pipeline statistics summary:
-------------------------------------
Query sequence(s):                         1  (100 residues searched)
Target model(s):                       19632  (3329936 nodes)
Passed MSV filter:                       297  (0.0151284); expected 392.6 (0.02)
Passed bias filter:                      197  (0.0100346); expected 392.6 (0.02)
Passed Vit filter:                        13  (0.000662184); expected 19.6 (0.001)
Passed Fwd filter:                         0  (0); expected 0.2 (1e-05)
Initial search space (Z):              19632  [actual number of targets]
Domain search space  (domZ):               0  [number of targets reported over threshold]
# CPU time: 0.25u 0.14s 00:00:00.39 Elapsed: 00:00:00.28
# Mc/sec: 1181.14
//
Query:       orf5  [L=132]
Description: source=IMGVR_UViG_3300029414_000187_3300029414_Ga0243798_102544/6747-5039 coords=396..1 length=132 frame=6 desc=
Scores for complete sequence (score includes all domains):
   --- full sequence ---   --- best 1 domain ---    -#dom-
    E-value  score  bias    E-value  score  bias    exp  N  Model    Description
    ------- ------ -----    ------- ------ -----   ---- --  -------- -----------

   [No hits detected that satisfy reporting thresholds]


Domain annotation for each model (and alignments):

   [No targets detected that satisfy reporting thresholds]


Internal pipeline statistics summary:
-------------------------------------
Query sequence(s):                         1  (132 residues searched)
Target model(s):                       19632  (3329936 nodes)
Passed MSV filter:                       782  (0.0398329); expected 392.6 (0.02)
Passed bias filter:                      282  (0.0143643); expected 392.6 (0.02)
Passed Vit filter:                        21  (0.00106968); expected 19.6 (0.001)
Passed Fwd filter:                         0  (0); expected 0.2 (1e-05)
Initial search space (Z):              19632  [actual number of targets]
Domain search space  (domZ):               0  [number of targets reported over threshold]
# CPU time: 0.26u 0.15s 00:00:00.41 Elapsed: 00:00:00.28
# Mc/sec: 1560.66
//
[ok]
