# hmmscan :: search sequence(s) against a profile database
# HMMER 3.3.2 (Nov 2020); http://hmmer.org/
# Copyright (C) 2020 Howard Hughes Medical Institute.
# Freely distributed under the BSD open source license.
# - - - - - - - - - - - - - - - - - - - - - - - - - - - - - - - - - - - -
# query sequence file:             -
# target HMM database:             /n/eddy_lab/data/pfam-35.0/Pfam-A.hmm
# output directed to file:         ./all_windows_new/hmmscan/out/IMGVR_UViG_3300029104_000237_3300029104_Ga0169203_101587_hmmscan_output.out
# per-seq hits tabular output:     ./all_windows_new/hmmscan/tblout/IMGVR_UViG_3300029104_000237_3300029104_Ga0169203_101587_hmmscan_output.tblout
# - - - - - - - - - - - - - - - - - - - - - - - - - - - - - - - - - - - -

Query:       orf1  [L=482]
Description: source=IMGVR_UViG_3300029104_000237_3300029104_Ga0169203_101587/3211-1599 coords=3..1448 length=482 frame=3 desc=
Scores for complete sequence (score includes all domains):
   --- full sequence ---   --- best 1 domain ---    -#dom-
    E-value  score  bias    E-value  score  bias    exp  N  Model           Description
    ------- ------ -----    ------- ------ -----   ---- --  --------        -----------
    1.7e-32  112.9   0.5      8e-32  110.7   0.0    2.2  2  RVT_1            Reverse transcriptase (RNA-dependent DNA pol
  ------ inclusion threshold ------
      0.033   13.9   0.0      0.083   12.5   0.0    1.7  1  Radical_SAM_N2   Radical SAM proteins, N-terminal
      0.035   14.1   0.0       0.19   11.7   0.0    2.2  2  DUF1851          Domain of unknown function (DUF1851)
      0.049   14.1   0.2          4    7.9   0.0    3.0  2  PriX             Primase X
       0.25   11.6   6.9      0.044   14.0   1.8    2.5  3  GIIM             Group II intron, maturase-specific domain
       0.51   10.4   5.3       0.21   11.7   2.3    2.0  2  Intron_maturas2  Type II intron maturase


Domain annotation for each model (and alignments):
>> RVT_1  Reverse transcriptase (RNA-dependent DNA polymerase)
   #    score  bias  c-Evalue  i-Evalue hmmfrom  hmm to    alifrom  ali to    envfrom  env to     acc
 ---   ------ --Query:       orf2  [L=476]
Description: source=IMGVR_UViG_3300029104_000237_3300029104_Ga0169203_101587/5807-4106 coords=1..1428 length=476 frame=1 desc=
Scores for complete sequence (score includes all domains):
   --- full sequence ---   --- best 1 domain ---    -#dom-
    E-value  score  bias    E-value  score  bias    exp  N  Model    Description
    ------- ------ -----    ------- ------ -----   ---- --  -------- -----------

   [No hits detected that satisfy reporting thresholds]


Domain annotation for each model (and alignments):

   [No targets detected that satisfy reporting thresholds]


Internal pipeline statistics summary:
-------------------------------------
Query sequence(s):                         1  (476 residues searched)
Target model(s):                       19632  (3329936 nodes)
Passed MSV filter:                       658  (0.0335167); expected 392.6 (0.02)
Passed bias filter:                      499  (0.0254177); expected 392.6 (0.02)
Passed Vit filter:                        34  (0.00173187); expected 19.6 (0.001)
Passed Fwd filter:                         0  (0); expected 0.2 (1e-05)
Initial search space (Z):              19632  [actual number of targets]
Domain search space  (domZ):               0  [number of targets reported over threshold]
# CPU time: 0.38u 0.20s 00:00:00.58 Elapsed: 00:00:00.37
# Mc/sec: 4277.77
//
Query:       orf3  [L=345]
Description: source=IMGVR_UViG_3300029104_000237_3300029104_Ga0169203_101587/5807-4106 coords=1365..331 length=345 frame=5 desc=
Scores for complete sequence (score includes all domains):
   --- full sequence ---   --- best 1 domain ---    -#dom-
    E-value  score  bias    E-value  score  bias    exp  N  Model    Description
    ------- ------ -----    ------- ------ -----   ---- --  -------- -----------

   [No hits detected that satisfy reporting thresholds]


Domain annotation for each model (and alignments):

   [No targets detected that satisfy reporting thresholds]


Internal pipeline statistics summary:
-------------------------------------
Query sequence(s):                         1  (345 residues searched)
Target model(s):                       19632  (3329936 nodes)
Passed MSV filter:                       291  (0.0148227); expected 392.6 (0.02)
Passed bias filter:                      258  (0.0131418); expected 392.6 (0.02)
Passed Vit filter:                        14  (0.000713121); expected 19.6 (0.001)
Passed Fwd filter:                         0  (0); expected 0.2 (1e-05)
Initial search space (Z):              19632  [actual number of targets]
Domain search space  (domZ):               0  [number of targets reported over threshold]
# CPU time: 0.33u 0.17s 00:00:00.50 Elapsed: 00:00:00.33
# Mc/sec: 3462.20
//
Query:       orf4  [L=109]
Description: source=IMGVR_UViG_3300029104_000237_3300029104_Ga0169203_101587/5807-4106 coords=327..1 length=109 frame=5 desc=
Scores for complete sequence (score includes all domains):
   --- full sequence ---   --- best 1 domain ---    -#dom-
    E-value  score  bias    E-value  score  bias    exp  N  Model           Description
    ------- ------ -----    ------- ------ -----   ---- --  --------        -----------
  ------ inclusion threshold ------
      0.095   12.8   0.0       0.11   12.6   0.0    1.1  1  Pdase_C33_assoc  Peptidase_C33-associated domain


Domain annotation for each model (and alignments):
>> Pdase_C33_assoc  Peptidase_C33-associated domain
   #    score  bias  c-Evalue  i-Evalue hmmfrom  hmm to    alifrom  ali to    envfrom  env to     acc
 ---   ------ ----- --------- --------- ------- -------    ------- -------    ------- -------    ----
   1 ?   12.6   0.0   5.4e-06      0.11      48      93 ..      46      92 ..      21     103 .. 0.87

  Alignments for each domain:
  == domain 1  score: 12.6 bits;  conditional E-value: 5.4e-06
  Pdase_C33_assoc 48 vttvwtvsqfyarhkggehpdq.vclgkiislcqviedcccsqnktn 93
                      t+v++  +f  +h+ ge  d  +c + i+ lc++i +  c q  +n
             orf4 46 HTAVFSEVDFIVQHRIGEVTDGgICGNGIVLLCKLILHLICGQLTVN 92
                     477889999*********999637788899***********998887 PP



Internal pipeline statistics summary:
-------------------------------------
Query sequence(s):                         1  (109 residues searched)
Target model(s):                       19632  (3329936 nodes)
Passed MSV filter:                       266  (0.0135493); expected 392.6 (0.02)
Passed bias filter:                      239  (0.012174); expected 392.6 (0.02)
Passed Vit filter:                        17  (0.000865933); expected 19.6 (0.001)
Passed Fwd filter:                         1  (5.09372e-05); expected 0.2 (1e-05)
Initial search space (Z):              19632  [actual number of targets]
Domain search space  (domZ):               1  [number of targets reported over threshold]
# CPU time: 0.30u 0.17s 00:00:00.47 Elapsed: 00:00:00.32
# Mc/sec: 1104.92
//
[ok]
GIIM  Group II intron, maturase-specific domain
   #    score  bias  c-Evalue  i-Evalue hmmfrom  hmm to    alifrom  ali to    envfrom  env to     acc
 ---   ------ ----- --------- --------- ------- -------    ------- -------    ------- -------    ----
   1 ?   -2.8   0.1       2.3   7.5e+03      47      55 ..      96     104 ..      93     111 .. 0.79
   2 ?   14.0   1.8   1.4e-05     0.044      22      74 ..     255     311 ..     231     317 .. 0.72
   3 ?   -2.2   0.0       1.5     5e+03      11      30 ..     441     460 ..     436     460 .. 0.78

  Alignments for each domain:
  == domain 1  score: -2.8 bits;  conditional E-value: 2.3
  GIIM  47 vfskldhyi 55 
           v+++ld++i
  orf1  96 VLNELDWWI 104
           678999998 PP

  == domain 2  score: 14.0 bits;  conditional E-value: 1.4e-05
  GIIM  22 eelirklnpiirGWanYyrlv.vakrvfskldhyirrrLrrwllrkhkkkk...rrr 74 
             li+k+n+++ G  nYy+++  +   f+k+   ++++L+  l+++ +kk+   +r 
  orf1 255 YRLIQKYNSYVMGVHNYYSIAtHVNIDFHKIAFDVKKSLYNRLKHRLQKKGqitNRY 311
           479******************666666**********************65444333 PP

  == domain 3  score: -2.2 bits;  conditional E-value: 1.5
  GIIM  11 ltkrsskgvsleelirklnp 30 
           ++ +ss+  ++++ ++ lnp
  orf1 441 IIIHSSNERTIRKYLKVLNP 460
           44588899999999999998 PP

>> Intron_maturas2  Type II intron maturase
   #    score  bias  c-Evalue  i-Evalue hmmfrom  hmm to    alifrom  ali to    envfrom  env to     acc
 ---   ------ ----- --------- --------- ------- -------    ------- -------    ------- -------    ----
   1 ?   11.7   2.3   6.4e-05      0.21      45      98 ..     256     307 ..     229     352 .. 0.79
   2 ?   -2.7   0.1       1.7   5.6e+03      73      92 ..     438     457 ..     430     476 .. 0.63

  Alignments for each domain:
  == domain 1  score: 11.7 bits;  conditional E-value: 6.4e-05
  Intron_maturas2  45 dIllrykaiirgllnYYsfadnk.krlrerikyilrkscvkTLArKlklktvrkv 98 
                       ++++y++ + g+ nYYs+a+   + ++  i + ++ks+   L ++l+ k   ++
             orf1 256 RLIQKYNSYVMGVHNYYSIATHVnIDFH-KIAFDVKKSLYNRLKHRLQKK--GQI 307
                      5799****************98616788.**********99996666543..333 PP

  == domain 2  score: -2.7 bits;  conditional E-value: 1.7
  Intron_maturas2  73 rikyilrkscvkTLArKlkl 92 
                      +++ i++ s  +T+ + lk 
             orf1 438 VVHIIIHSSNERTIRKYLKV 457
                      55666777777777555553 PP



Internal pipeline statistics summary:
-------------------------------------
Query sequence(s):                         1  (482 residues searched)
Target model(s):                       19632  (3329936 nodes)
Passed MSV filter:                       871  (0.0443663); expected 392.6 (0.02)
Passed bias filter:                      541  (0.027557); expected 392.6 (0.02)
Passed Vit filter:                        42  (0.00213936); expected 19.6 (0.001)
Passed Fwd filter:                         6  (0.000305623); expected 0.2 (1e-05)
Initial search space (Z):              19632  [actual number of targets]
Domain search space  (domZ):               6  [number of targets reported over threshold]
# CPU time: 0.40u 0.19s 00:00:00.59 Elapsed: 00:00:00.36
# Mc/sec: 4398.03
//
Query:       orf2  [L=191]
Description: source=IMGVR_UViG_3300029104_000237_3300029104_Ga0169203_101587/3211-1599 coords=1364..792 length=191 frame=4 desc=
Scores for complete sequence (score includes all domains):
   --- full sequence ---   --- best 1 domain ---    -#dom-
    E-value  score  bias    E-value  score  bias    exp  N  Model    Description
    ------- ------ -----    ------- ------ -----   ---- --  -------- -----------

   [No hits detected that satisfy reporting thresholds]


Domain annotation for each model (and alignments):

   [No targets detected that satisfy reporting thresholds]


Internal pipeline statistics summary:
-------------------------------------
Query sequence(s):                         1  (191 residues searched)
Target model(s):                       19632  (3329936 nodes)
Passed MSV filter:                       573  (0.029187); expected 392.6 (0.02)
Passed bias filter:                      342  (0.0174205); expected 392.6 (0.02)
Passed Vit filter:                        18  (0.00091687); expected 19.6 (0.001)
Passed Fwd filter:                         0  (0); expected 0.2 (1e-05)
Initial search space (Z):              19632  [actual number of targets]
Domain search space  (domZ):               0  [number of targets reported over threshold]
# CPU time: 0.35u 0.15s 00:00:00.50 Elapsed: 00:00:00.32
# Mc/sec: 1942.14
//
[ok]
