# hmmscan :: search sequence(s) against a profile database
# HMMER 3.3.2 (Nov 2020); http://hmmer.org/
# Copyright (C) 2020 Howard Hughes Medical Institute.
# Freely distributed under the BSD open source license.
# - - - - - - - - - - - - - - - - - - - - - - - - - - - - - - - - - - - -
# query sequence file:             -
# target HMM database:             /n/eddy_lab/data/pfam-35.0/Pfam-A.hmm
# output directed to file:         ./all_windows_new/hmmscan/out/IMGVR_UViG_3300039321_000206_3300039321_Ga0169796_02701_hmmscan_output.out
# per-seq hits tabular output:     ./all_windows_new/hmmscan/tblout/IMGVR_UViG_3300039321_000206_3300039321_Ga0169796_02701_hmmscan_output.tblout
# - - - - - - - - - - - - - - - - - - - - - - - - - - - - - - - - - - - -

Query:       orf1  [L=486]
Description: source=IMGVR_UViG_3300039321_000206_3300039321_Ga0169796_02701/4091-2501 coords=3..1460 length=486 frame=3 desc=
Scores for complete sequence (score includes all domains):
   --- full sequence ---   --- best 1 domain ---    -#dom-
    E-value  score  bias    E-value  score  bias    exp  N  Model    Description
    ------- ------ -----    ------- ------ -----   ---- --  -------- -----------
    7.5e-33  114.0   1.3    1.2e-32  113.3   0.3    1.9  2  RVT_1     Reverse transcriptase (RNA-dependent DNA polymerase
    0.00031   21.0   0.4    0.00093   19.4   0.4    1.9  1  HNH       HNH endonuclease
  ------ inclusion threshold ------
       0.11   12.7   0.0       0.26   11.4   0.0    1.6  1  HNH_4     HNH endonuclease


Domain annotation for each model (and alignments):
>> RVT_1  Reverse transcriptase (RNA-dependent DNA polymerase)
   #    score  bias  c-Evalue  i-Evalue hmmfrom  hmm to    alifrom  ali to    envfrom  env to     acc
 ---   ------ ----- --------- --------- ------- -------    ------- -------    ------- -------    ----
   1 !  113.3   0.3   1.9e-36   1.2e-32      42     222 .]       1     208 [.       1     208 [. 0.93
   2 ?   -3.0   0.0      0.72   4.7e+03      33      53 ..     218     238 ..     210     251 .. 0.69

  Alignments for each domain:
  == domain 1  score: 113.3 bits;  conditional E-value: 1.9e-36
            ---HHHH..............HCCHTS--EEEEEEBCCGCCCSBB-GGGGGGG-EEET...........................TEEEEESB--ST-TTHHHH CS
  RVT_1  42 qpgfrpgrstldav.edllkalkkkkkaklllklDlkkaFdsvpleellrkltafkvp.tklinliksflstrsfsvrv.ngeeskgryekkglpqGsvlSPll 142
            ++gfrp+rs++ a+  ++++   +  + ++++++D+k++Fd+v++++l+++++a++++ ++li ++k++l+ +   +++ +g   +  y +kg+pqG+++SPll
   orf1   1 SYGFRPNRSVENAIkATYNRL--QISQLHYVIEFDIKGFFDNVNHSKLIKQIWAMGIRdKHLIFILKRILKAP---IKMtDG---TITYPEKGTPQGGIISPLL 96 
            69**********998777777..78999*****************************7256899999999333...355344...89***************** PP

            HHHHHHHHHTT-T.......................................TEEECTTEEEEEESSHHHHHHHHHHHHHHHHH.TT--BEGGG-EEE...... CS
  RVT_1 143 fnlfmnellrelrkra.................................kgvtllrYaDDililskskeelqelleaveewlke.sglkinpeKtklvlftv.k 211
            +n+++nel++ +++++                                 k+ +++rYaDD+ +++++ke++++   a+ +w+++  +l++++eKt++v   + +
   orf1  97 ANIVLNELDHWVESQWqenpviknyvvhinksgspcksnaykemkktklKEMYMVRYADDFRVFCRHKESAEKTKIAITQWIEQrLKLEVSQEKTRIV---NvR 197
            ***********************************************************************************999************...669 PP

            ESSEEETTEEE CS
  RVT_1 212 seevkyLGvtl 222
            ++  ++LG+++
   orf1 198 KRYSDFLGFKI 208
            99999999986 PP

  == domain 2  score: -3.0 bits;  conditional E-value: 0.72
            .....-------HHHH..... CS
  RVT_1  33 vlekllsenqpgfrpgrstld 53 
            v+++++s++q+  ++ + +++
   orf1 218 VVKSHISDKQFKTQKDKLVSQ 238
            447888999999888877655 PP

>> HNH  HNH endonuclease
   #    score  bias  c-Evalue  i-Evalue hmmfrom  hmm to    alifrom  ali to    envfrom  env to     acc
 ---   ------ ----- --------- --------- ------- -------    ------- -------    ------- -------    ----
   1 !   19.4   0.4   1.4e-07   0.00093       8      36 ..     410     438 ..     401     449 .. 0.80

  Alignments for each domain:
  == domain 1  score: 19.4 bits;  conditional E-value: 1.4e-07
           -SSEE--EEEESS-TTTT--BSGGGEEEE CS
   HNH   8 fhksdalevdHiipisqggaddieNlqll 36 
           f + ++ +++Hi+p   gg+dd+ Nl+l+
  orf1 410 FQQANEIHCHHIVPTGAGGTDDYKNLILV 438
           3344899********************97 PP

>> HNH_4  HNH endonuclease
   #    score  bias  c-Evalue  i-Evalue hmmfrom  hmm to    alifrom  ali to    envfrom  env to     acc
 ---   ------ ----- --------- --------- ------- -------    ------- -------    ------- -------    ----
   1 ?   11.4   0.0     4e-05      0.26       8      45 ..     405     442 ..     402     453 .. 0.86

  Alignments for each domain:
  == domain 1  score: 11.4 bits;  conditional E-value: 4e-05
  HNH_4   8 IsieelsstkeydiDHilPrsrsfdDsvsNkvLvlrsa 45 
            I++ee  + +e+   Hi+P   +  D ++N++Lv + +
   orf1 405 ITLEEFQQANEIHCHHIVPTGAGGTDDYKNLILVKEAV 442
            778887778999999******************98765 PP



Internal pipeline statistics summary:
-------------------------------------
Query sequence(s):                         1  (486 residues searched)
Target model(s):                       19632  (3329936 nodes)
Passed MSV filter:                       982  (0.0500204); expected 392.6 (0.02)
Passed bias filter:                      447  (0.0227689); expected 392.6 (0.02)
Passed Vit filter:                        35  (0.0017828); expected 19.6 (0.001)
Passed Fwd filter:                         3  (0.000152812); expected 0.2 (1e-05)
Initial search space (Z):              19632  [actual number of targets]
Domain search space  (domZ):               3  [number of targets reported over threshold]
# CPU time: 0.38u 0.21s 00:00:00.59 Elapsed: 00:00:00.34
# Mc/sec: 4694.24
//
Query:       orf2  [L=92]
Description: source=IMGVR_UViG_3300039321_000206_3300039321_Ga0169796_02701/4091-2501 coords=361..86 length=92 frame=4 desc=
Scores for complete sequence (score includes all domains):
   --- full sequence ---   --- best 1 domain ---    -#dom-
    E-value  score  bias    E-value  score  bias    exp  N  Model    Description
    ------- ------ -----    ------- ------ -----   ---- --  -------- -----------

   [No hits detected that satisfy reporting thresholds]


Domain annotation for each model (and alignments):

   [No targets detected that satisfy reporting thresholds]


Internal pipeline statistics summary:
-------------------------------------
Query sequence(s):                         1  (92 residues searched)
Target model(s):                       19632  (3329936 nodes)
Passed MSV filter:                       321  (0.0163509); expected 392.6 (0.02)
Passed bias filter:                      223  (0.011359); expected 392.6 (0.02)
Passed Vit filter:                        10  (0.000509372); expected 19.6 (0.001)
Passed Fwd filter:                         0  (0); expected 0.2 (1e-05)
Initial search space (Z):              19632  [actual number of targets]
Domain search space  (domZ):               0  [number of targets reported over threshold]
# CPU time: 0.34u 0.13s 00:00:00.47 Elapsed: 00:00:00.29
# Mc/sec: 1027.04
//
[ok]
