# hmmscan :: search sequence(s) against a profile database
# HMMER 3.3.2 (Nov 2020); http://hmmer.org/
# Copyright (C) 2020 Howard Hughes Medical Institute.
# Freely distributed under the BSD open source license.
# - - - - - - - - - - - - - - - - - - - - - - - - - - - - - - - - - - - -
# query sequence file:             -
# target HMM database:             /n/eddy_lab/data/pfam-35.0/Pfam-A.hmm
# output directed to file:         ./all_windows_new/hmmscan/out/IMGVR_UViG_2541047519_000001_2541047519_2541143359_117933-187054_hmmscan_output.out
# per-seq hits tabular output:     ./all_windows_new/hmmscan/tblout/IMGVR_UViG_2541047519_000001_2541047519_2541143359_117933-187054_hmmscan_output.tblout
# - - - - - - - - - - - - - - - - - - - - - - - - - - - - - - - - - - - -

Query:       orf1  [L=158]
Description: source=IMGVR_UViG_2541047519_000001_2541047519_2541143359_117933-187054/49458-51138 coords=1..474 length=158 frame=1 desc=
Scores for complete sequence (score includes all domains):
   --- full sequence ---   --- best 1 domain ---    -#dom-
    E-value  score  bias    E-value  score  bias    exp  N  Model    Description
    ------- ------ -----    ------- ------ -----   ---- --  -------- -----------

   [No hits detected that satisfy reporting thresholds]


Domain annotation for each model (and alignments):

   [No targets detected that satisfy reporting thresholds]


Internal pipeline statistics summary:
-------------------------------------
Query sequence(s):                         1  (158 residues searched)
Target model(s):                       19632  (3329936 nodes)
Passed MSV filter:                      1088  (0.0554197); expected 392.6 (0.02)
Passed bias filter:                      648  (0.0330073); expected 392.6 (0.02)
Passed Vit filter:                        42  (0.00213936); expected 19.6 (0.001)
Passed Fwd filter:                         0  (0); expected 0.2 (1e-05)
Initial search space (Z):              19632  [actual number of targets]
Domain search space  (domZ):               0  [number of targets reported over threshold]
# CPU time: 0.31u 0.18s 00:00:00.49 Elapsed: 00:00:00.34
# Mc/sec: 1536.01
//
Query:       orf2  [L=210]
Description: source=IMGVR_UViG_2541047519_000001_2541047519_2541143359_117933-187054/49458-51138 coords=755..1384 length=210 frame=2 desc=
Scores for complete sequence (score includes all domains):
   --- full sequence ---   --- best 1 domain ---    -#dom-
    E-value  score  bias    E-value  score  bias    exp  N  Model     Description
    ------- ------ -----    ------- ------ -----   ---- --  --------  -----------
    8.8e-24   84.4   0.2    1.5e-23   83.6   0.2    1.4  1  Resolvase  Resolvase, N terminal domain
  ------ inclusion threshold ------
      0.016   15.2   0.2      0.047   13.7   0.2    1.8  1  RST        RCD1-SRO-TAF4 (RST) plant domain


Domain annotation for each model (and alignments):
>> Resolvase  Resolvase, N terminal domain
   #    score  bias  c-Evalue  i-Evalue hmmfrom  hmm to    alifrom  ali to    envfrom  env to     acc
 ---   ------ ----- --------- --------- ------- -------    ------- -------    ------- -------    ----
   1 !   83.6   0.2   1.6e-27   1.5e-23       2     146 .]       7     151 ..       6     151 .. 0.88

  Alignments for each domain:
  == domain 1  score: 83.6 bits;  conditional E-value: 1.6e-27
                EEEEEES-----THHHHHHHHHHHH-S--..SE...EEEE.S-TT-TT-HHHHHHHHHHTT-EE.EEEESSCCCC-S...S-HHHHHHH.HHTT-EEEES CS
  Resolvase   2 igYaRvSteeqddslerQlealrayakenglkivkefeDkgvSGskkeRpglerllaalrkgkgdvlvvtkldRLaRsvadllelleel.rekgvelvsl 100
                + Y+RvS+++q+  ++rQl+++ +++  +  +i   f+Dk  SG++ + p++++l + lr+  gd l+++++dR++Rs +++ +  e +  e ++e++++
       orf2   7 FSYIRVSSKDQN--IDRQLNEMLELGIHE-RDI---FIDK-ESGKNFNHPQYKALKQCLRE--GDLLYIKSIDRFGRSSKEIKKEWEIItSEIKAEIRVI 97 
                78**********..***********9776.459...****.********************..****************999999888877788999999 PP

                S...SS----HHHH.......HHHHHHHHHHHHHHHHHCT-TTHHHHHHHHHHC CS
  Resolvase 101 keg.idtstpmgrl.......llqilaalaeferelirertkeglaaakakGkk 146
                + +  dt++  + l       +lq+l+ +ae ere i +r++eg++ akakGk+
       orf2  98 DMPlLDTTQHKDTLgtfvsdlVLQVLSFVAEKEREDINRRQREGIESAKAKGKH 151
                976655544444444445555*******************************96 PP

>> RST  RCD1-SRO-TAF4 (RST) plant domain
   #    score  bias  c-Evalue  i-Evalue hmmfrom  hmm to    alifrom  ali to    envfrom  env to     acc
 ---   ------ ----- --------- --------- ------- -------    ------- -------    ------- -------    ----
   1 ?   13.7   0.2   4.8e-06     0.047      19      49 ..     161     191 ..     157     193 .. 0.93

  Alignments for each domain:
  == domain 1  score: 13.7 bits;  conditional E-value: 4.8e-06
   RST  19 klppskmellqkhYedlkekkIsreelvrkl 49 
            l++++ ++l+++Ye  k+++I+  e++ k+
  orf2 161 SLNEKQKAILKTKYESWKKNEITAVEFMNKI 191
           68999***********************986 PP



Internal pipeline statistics summary:
-------------------------------------
Query sequence(s):                         1  (210 residues searched)
Target model(s):                       19632  (3329936 nodes)
Passed MSV filter:                      1353  (0.0689181); expected 392.6 (0.02)
Passed bias filter:                      534  (0.0272005); expected 392.6 (0.02)
Passed Vit filter:                        44  (0.00224124); expected 19.6 (0.001)
Passed Fwd filter:                         2  (0.000101874); expected 0.2 (1e-05)
Initial search space (Z):              19632  [actual number of targets]
Domain search space  (domZ):               2  [number of targets reported over threshold]
# CPU time: 0.32u 0.16s 00:00:00.48 Elapsed: 00:00:00.31
# Mc/sec: 2234.54
//
Query:       orf3  [L=133]
Description: source=IMGVR_UViG_2541047519_000001_2541047519_2541143359_117933-187054/49458-51138 coords=1347..949 length=133 frame=5 desc=
Scores for complete sequence (score includes all domains):
   --- full sequence ---   --- best 1 domain ---    -#dom-
    E-value  score  bias    E-value  score  bias    exp  N  Model    Description
    ------- ------ -----    ------- ------ -----   ---- --  -------- -----------

   [No hits detected that satisfy reporting thresholds]


Domain annotation for each model (and alignments):

   [No targets detected that satisfy reporting thresholds]


Internal pipeline statistics summary:
-------------------------------------
Query sequence(s):                         1  (133 residues searched)
Target model(s):                       19632  (3329936 nodes)
Passed MSV filter:                       413  (0.0210371); expected 392.6 (0.02)
Passed bias filter:                      208  (0.0105949); expected 392.6 (0.02)
Passed Vit filter:                        17  (0.000865933); expected 19.6 (0.001)
Passed Fwd filter:                         0  (0); expected 0.2 (1e-05)
Initial search space (Z):              19632  [actual number of targets]
Domain search space  (domZ):               0  [number of targets reported over threshold]
# CPU time: 0.28u 0.13s 00:00:00.41 Elapsed: 00:00:00.28
# Mc/sec: 1538.71
//
[ok]
