# hmmscan :: search sequence(s) against a profile database
# HMMER 3.3.2 (Nov 2020); http://hmmer.org/
# Copyright (C) 2020 Howard Hughes Medical Institute.
# Freely distributed under the BSD open source license.
# - - - - - - - - - - - - - - - - - - - - - - - - - - - - - - - - - - - -
# query sequence file:             -
# target HMM database:             /n/eddy_lab/data/pfam-35.0/Pfam-A.hmm
# output directed to file:         ./all_windows_new/hmmscan/out/IMGVR_UViG_3300008480_000187_3300008480_Ga0115173_1001195_hmmscan_output.out
# per-seq hits tabular output:     ./all_windows_new/hmmscan/tblout/IMGVR_UViG_3300008480_000187_3300008480_Ga0115173_1001195_hmmscan_output.tblout
# - - - - - - - - - - - - - - - - - - - - - - - - - - - - - - - - - - - -

Query:       orf1  [L=496]
Description: source=IMGVR_UViG_3300008480_000187_3300008480_Ga0115173_1001195/9641-8057 coords=1..1488 length=496 frame=1 desc=
Scores for complete sequence (score includes all domains):
   --- full sequence ---   --- best 1 domain ---    -#dom-
    E-value  score  bias    E-value  score  bias    exp  N  Model           Description
    ------- ------ -----    ------- ------ -----   ---- --  --------        -----------
    6.7e-35  120.7   2.1    1.6e-34  119.5   0.3    2.2  3  RVT_1            Reverse transcriptase (RNA-dependent DNA pol
    0.00022   21.3   1.3    0.00022   21.3   1.3    3.0  3  GIIM             Group II intron, maturase-specific domain
  ------ inclusion threshold ------
      0.093   12.8   6.7      0.041   14.0   3.2    2.1  2  Intron_maturas2  Type II intron maturase
       0.11   12.8   0.0         13    6.1   0.0    2.8  2  DUF5880          Family of unknown function (DUF5880)


Domain annotation for each model (and alignments):
>> RVT_1  Reverse transcriptase (RNA-dependent DNA polymerase)
   #    score  bias  c-Evalue  i-Evalue hmmfrom  hmm to    alifrom  ali to    envfrom  env to     acc
 ---   ------ ----- --------- --------- ------- -------    ------- -------    ------- -------    ----
   1 !  119.5   0.3   3.3e-38   1.6e-34      23     221 ..       2     213 ..       1     214 [. 0.91
   2 ?   -0.6   0.0      0.18   8.7e+02      82     129 ..     238     285 ..     237     290 .. 0.76
   3 ?   -1.2   0.0      0.26   1.3e+03      15      41 ..     277     303 ..     248     325 .. 0.75

  Alignments for each domain:
  == domain 1  score: 119.5 bits;  conditional E-value: 3.3e-38
            HCTB--.........-------HHHH.............HCCHTS--EEEEEEBCCGCCCSBB-GGGGGGG-EEET..........................TE CS
  RVT_1  23 nkliakrLkdvlekllsenqpgfrpgrstldavedllkalkkkkkaklllklDlkkaFdsvpleellrkltafkvptk.linliksflstrsfsvrvngeeskg 125
            ++ i++ L++++e +++ +++gfrp+rs ++a+  +++   +  k ++++++D+k++Fd+v++ +l+++++++++++k li +i ++l+++           + 
   orf1   2 QQCIIQILEPICEAKFHAHSYGFRPNRSASHAIARVQSL-MNVSKLHYVVDVDIKGFFDNVNHGKLIKQIWTMGIRDKsLISIIGKILKSKI---------EGI 95 
            788999*************************99555544.566999*****************************86526667777773333.........477 PP

            EEEESB--ST-TTHHHHHHHHHHHHHTT-T.............................TEEECTTEEEEEESSHHHHHHHHHHHHHHHHH.TT--BEGGG-EE CS
  RVT_1 126 ryekkglpqGsvlSPllfnlfmnellrelrkra.......................kgvtllrYaDDililskskeelqelleaveewlke.sglkinpeKtkl 205
               +kg+pqG+++SPll+n+++nel+  l+ ++                       k+ +++rYaDD+ il+++ + +q++  av++wl e  +lki+peK+k+
   orf1  96 GIPEKGTPQGGIISPLLSNIVLNELDWWLSDQWetiqtrhkytashkydalkksklKEFFFVRYADDFKILCRDYKTAQKIFVAVKDWLFErLELKISPEKSKI 199
            7899************************************************************************************97779*********** PP

            E......ESSEEETTEE CS
  RVT_1 206 vlftv.kseevkyLGvt 221
            +   + ++ + ++LG+ 
   orf1 200 T---NvRKGKTEFLGFS 213
            *...669999*****96 PP

  == domain 2  score: -0.6 bits;  conditional E-value: 0.18
            CSBB-GGGGGGG-EEET..........................TEEEEE CS
  RVT_1  82 svpleellrkltafkvptklinliksflstrsfsvrv.ngeeskgryek 129
            +++l+e+++++++  + ++++n ++s++ + + ++++ +g ++ +r ++
   orf1 238 KIKLKEQIKEIQK-DTSPHQVNQLNSMILGMHNYYNIaTGCSIDFREIN 285
            6899999999999.55558899999999888888888666676666655 PP

  == domain 3  score: -1.2 bits;  conditional E-value: 0.26
            ...-THHHHCTB--.........---- CS
  RVT_1  15 lsvdykalnkliakrLkdvlekllsen 41 
            +s+d++ +n +++k Lk  l+++ ++ 
   orf1 277 CSIDFREINFVVSKSLKHRLREKSKKA 303
            678888888888888887775554444 PP

>> GIIM  Group II intron, maturase-specific domain
   #    score  bias  c-Evalue  i-Evalue hmmfrom  hmm to    alifrom  ali to    envfrom  env to     acc
 ---   ------ ----- --------- --------- ------- -------    ------- -------    ------- -------    ----
   1 ?   -1.7   0.2      0.72   3.5e+03      47      69 ..     116     137 ..     113     149 .. 0.62
   2 ?    0.7   0.0      0.12     6e+02      43      59 ..     172     188 ..     169     203 .. 0.91
   3 !   21.3   1.3   4.6e-08   0.00022       2      78 ..     235     311 ..     234     313 .. 0.87

  Alignments for each domain:
  == domain 1  score: -1.7 bits;  conditional E-value: 0.72
  GIIM  47 vfskldhyirrrLrrwllrkhkk 69 
           v+++ld+++  + ++ +  +hk 
  orf1 116 VLNELDWWLSDQ-WETIQTRHKY 137
           567888888765.5555555554 PP

  == domain 2  score: 0.7 bits;  conditional E-value: 0.12
  GIIM  43 vakrvfskldhyirrrL 59 
            a+++f ++++++++rL
  orf1 172 TAQKIFVAVKDWLFERL 188
           5899***********99 PP

  == domain 3  score: 21.3 bits;  conditional E-value: 4.6e-08
  GIIM   2 krfkrkireltkrsskgvsleelirklnpiirGWanYyrlv.vakrvfskldhyirrrLrrwllrkhkkkkrrralrk 78 
           k++k k++e +k+  ++ +  + +++ln++i G  nYy+++  ++  f+++   + ++L + l+ k kk+kr++ ++k
  orf1 235 KAMKIKLKEQIKEI-QKDTSPHQVNQLNSMILGMHNYYNIAtGCSIDFREINFVVSKSLKHRLREKSKKAKRNKKAKK 311
           67888888888555.5566677889****************999999**********************998887776 PP

>> Intron_maturas2  Type II intron maturase
   #    score  bias  c-Evalue  i-Evalue hmmfrom  hmm to    alifrom  ali to    envfrom  env to     acc
 ---   ------ ----- --------- --------- ------- -------    ------- -------    ------- -------    ----
   1 ?   14.0   3.2   8.4e-06     0.041      47     127 ..     257     336 ..     216     346 .. 0.77
   2 ?   -1.3   0.1      0.42   2.1e+03      34      54 ..     449     469 ..     441     471 .. 0.87

  Alignments for each domain:
  == domain 1  score: 14.0 bits;  conditional E-value: 8.4e-06
  Intron_maturas2  47 llrykaiirgllnYYsfadn.kkrlrerikyilrkscvkTLArKlklktvrkvikkf..Gkklsdlekeeflsieknvklktnl 127
                      +++ +++i g+ nYY +a+   + +r  i++++ ks+   L +K k   ++k  kk+  G   + ++++++  +    ++k+++
             orf1 257 VNQLNSMILGMHNYYNIATGcSIDFR-EINFVVSKSLKHRLREKSKKAKRNKKAKKLlsG---KVPKSKTYERFYGRYNQKPKI 336
                      6889999***********98256788.9****************************9434...333344555554444455555 PP

  == domain 2  score: -1.3 bits;  conditional E-value: 0.42
  Intron_maturas2  34 svlrwidledrdIllrykaii 54 
                      +v ++i+  d+d +++y  i 
             orf1 449 EVHKLIHATDKDTIEKYLHIL 469
                      689999**********99986 PP

>> DUF5880  Family of unknown function (DUF5880)
   #    score  bias  c-Evalue  i-Evalue hmmfrom  hmm to    alifrom  ali to    envfrom  env to     acc
 ---   ------ ----- --------- --------- ------- -------    ------- -------    ------- -------    ----
   1 ?    6.1   0.0    0.0027        13      11      36 ..     186     211 ..     178     219 .. 0.91
   2 ?    3.4   0.0     0.019        91       6      34 ..     242     270 ..     237     312 .. 0.74

  Alignments for each domain:
  == domain 1  score: 6.1 bits;  conditional E-value: 0.0027
  DUF5880  11 eevdlDltPkknevkallegkatfvG 36 
              e ++l ++P+k +++++ +gk+ f+G
     orf1 186 ERLELKISPEKSKITNVRKGKTEFLG 211
              67899********************9 PP

  == domain 2  score: 3.4 bits;  conditional E-value: 0.019
  DUF5880   6 dlgdveevdlDltPk.knevkallegkatf 34 
              + ++++e++ D++P+ +n+++ ++ g +++
     orf1 242 K-EQIKEIQKDTSPHqVNQLNSMILGMHNY 270
              4.79**********7368888877776655 PP



Internal pipeline statistics summary:
-------------------------------------
Query sequence(s):                         1  (496 residues searched)
Target model(s):                       19632  (3329936 nodes)
Passed MSV filter:                      1386  (0.070599); expected 392.6 (0.02)
Passed bias filter:                      514  (0.0261817); expected 392.6 (0.02)
Passed Vit filter:                        37  (0.00188468); expected 19.6 (0.001)
Passed Fwd filter:                         4  (0.000203749); expected 0.2 (1e-05)
Initial search space (Z):              19632  [actual number of targets]
Domain search space  (domZ):               4  [number of targets reported over threshold]
# CPU time: 0.36u 0.16s 00:00:00.52 Elapsed: 00:00:00.32
# Mc/sec: 5021.45
//
[ok]
