# hmmscan :: search sequence(s) against a profile database
# HMMER 3.3.2 (Nov 2020); http://hmmer.org/
# Copyright (C) 2020 Howard Hughes Medical Institute.
# Freely distributed under the BSD open source license.
# - - - - - - - - - - - - - - - - - - - - - - - - - - - - - - - - - - - -
# query sequence file:             -
# target HMM database:             /n/eddy_lab/data/pfam-35.0/Pfam-A.hmm
# output directed to file:         ./all_windows_new/hmmscan/out/IMGVR_UViG_3300031555_008129_3300031555_Ga0318466_10043933_hmmscan_output.out
# per-seq hits tabular output:     ./all_windows_new/hmmscan/tblout/IMGVR_UViG_3300031555_008129_3300031555_Ga0318466_10043933_hmmscan_output.tblout
# - - - - - - - - - - - - - - - - - - - - - - - - - - - - - - - - - - - -

Query:       orf1  [L=251]
Description: source=IMGVR_UViG_3300031555_008129_3300031555_Ga0318466_10043933/20546-18869 coords=25..777 length=251 frame=1 desc=
Scores for complete sequence (score includes all domains):
   --- full sequence ---   --- best 1 domain ---    -#dom-
    E-value  score  bias    E-value  score  bias    exp  N  Model    Description
    ------- ------ -----    ------- ------ -----   ---- --  -------- -----------

   [No hits detected that satisfy reporting thresholds]


Domain annotation for each model (and alignments):

   [No targets detected that satisfy reporting thresholds]


Internal pipeline statistics summary:
-------------------------------------
Query sequence(s):                         1  (251 residues searched)
Target model(s):                       19632  (3329936 nodes)
Passed MSV filter:                       559  (0.0284739); expected 392.6 (0.02)
Passed bias filter:                      441  (0.0224633); expected 392.6 (0.02)
Passed Vit filter:                        36  (0.00183374); expected 19.6 (0.001)
Passed Fwd filter:                         0  (0); expected 0.2 (1e-05)
Initial search space (Z):              19632  [actual number of targets]
Domain search space  (domZ):               0  [number of targets reported over threshold]
# CPU time: 0.31u 0.21s 00:00:00.52 Elapsed: 00:00:00.36
# Mc/sec: 2305.96
//
QuQuery:       orf2  [L=106]
Description: source=IMGVR_UViG_3300031555_008129_3300031555_Ga0318466_10043933/19927-18343 coords=1563..1246 length=106 frame=5 desc=
Scores for complete sequence (score includes all domains):
   --- full sequence ---   --- best 1 domain ---    -#dom-
    E-value  score  bias    E-value  score  bias    exp  N  Model    Description
    ------- ------ -----    ------- ------ -----   ---- --  -------- -----------

   [No hits detected that satisfy reporting thresholds]


Domain annotation for each model (and alignments):

   [No targets detected that satisfy reporting thresholds]


Internal pipeline statistics summary:
-------------------------------------
Query sequence(s):                         1  (106 residues searched)
Target model(s):                       19632  (3329936 nodes)
Passed MSV filter:                       181  (0.00921964); expected 392.6 (0.02)
Passed bias filter:                      170  (0.00865933); expected 392.6 (0.02)
Passed Vit filter:                         9  (0.000458435); expected 19.6 (0.001)
Passed Fwd filter:                         0  (0); expected 0.2 (1e-05)
Initial search space (Z):              19632  [actual number of targets]
Domain search space  (domZ):               0  [number of targets reported over threshold]
# CPU time: 0.27u 0.22s 00:00:00.49 Elapsed: 00:00:00.36
# Mc/sec: 964.10
QueQuery:       orf3  [L=147]
Description: source=IMGVR_UViG_3300031555_008129_3300031555_Ga0318466_10043933/19927-18343 coords=1253..813 length=147 frame=6 desc=
Scores for complete sequence (score includes all domains):
   --- full sequence ---   --- best 1 domain ---    -#dom-
    E-value  score  bias    E-value  score  bias    exp  N  Model    Description
    ------- ------ -----    ------- ------ -----   ---- --  -------- -----------

   [No hits detected that satisfy reporting thresholds]


Domain annotation for each model (and alignments):

   [No targets detected that satisfy reporting thresholds]


Internal pipeline statistics summary:
-------------------------------------
Query sequence(s):                         1  (147 residues searched)
Target model(s):                       19632  (3329936 nodes)
Passed MSV filter:                       267  (0.0136002); expected 392.6 (0.02)
Passed bias filter:                      226  (0.0115118); expected 392.6 (0.02)
Passed Vit filter:                        13  (0.000662184); expected 19.6 (0.001)
Passed Fwd filter:                         0  (0); expected 0.2 (1e-05)
Initial search space (Z):              19632  [actual number of targets]
Domain search space  (domZ):               0  [number of targets reported over threshold]
# CPU time: 0.31u 0.19s 00:00:00.50 Elapsed: 00:00:00.36
# Mc/sec: 1345.77
//
Query:       orf4  [L=150]
Description: source=IMGVR_UViG_3300031555_008129_3300031555_Ga0318466_10043933/19927-18343 coords=936..487 length=150 frame=5 desc=
Scores for complete sequence (score includes all domains):
   --- full sequence ---   --- best 1 domain ---    -#dom-
    E-value  score  bias    E-value  score  bias    exp  N  Model    Description
    ------- ------ -----    ------- ------ -----   ---- --  -------- -----------
  ------ inclusion threshold ------
      0.034   14.6   0.0      0.053   14.0   0.0    1.4  1  DUF6487   Domain of unknown function (DUF6487)


Domain annotation for each model (and alignments):
>> DUF6487  Domain of unknown function (DUF6487)
   #    score  bias  c-Evalue  i-Evalue hmmfrom  hmm to    alifrom  ali to    envfrom  env to     acc
 ---   ------ ----- --------- --------- ------- -------    ------- -------    ------- -------    ----
   1 ?   14.0   0.0   2.7e-06     0.053      32      46 ..      21      40 ..       4      44 .. 0.73

  Alignments for each domain:
  == domain 1  score: 14.0 bits;  conditional E-value: 2.7e-06
  DUF6487 32 k.....veAyhCrkCrkiii 46
                   + A+hCr+Cr ++i
     orf4 21 SgrsegAAAFHCRTCRTVVI 40
             044555569*********98 PP



Internal pipeline statistics summary:
-------------------------------------
Query sequence(s):                         1  (150 residues searched)
Target model(s):                       19632  (3329936 nodes)
Passed MSV filter:                       718  (0.0365729); expected 392.6 (0.02)
Passed bias filter:                      389  (0.0198146); expected 392.6 (0.02)
Passed Vit filter:                        26  (0.00132437); expected 19.6 (0.001)
Passed Fwd filter:                         1  (5.09372e-05); expected 0.2 (1e-05)
Initial search space (Z):              19632  [actual number of targets]
Domain search space  (domZ):               1  [number of targets reported over threshold]
# CPU time: 0.31u 0.19s 00:00:00.50 Elapsed: 00:00:00.35
# Mc/sec: 1407.27
//
[ok]
