# hmmscan :: search sequence(s) against a profile database
# HMMER 3.3.2 (Nov 2020); http://hmmer.org/
# Copyright (C) 2020 Howard Hughes Medical Institute.
# Freely distributed under the BSD open source license.
# - - - - - - - - - - - - - - - - - - - - - - - - - - - - - - - - - - - -
# query sequence file:             -
# target HMM database:             /n/eddy_lab/data/pfam-35.0/Pfam-A.hmm
# output directed to file:         ./all_windows_new/hmmscan/out/IMGVR_UViG_3300030522_000031_3300030522_Ga0307512_10007357_hmmscan_output.out
# per-seq hits tabular output:     ./all_windows_new/hmmscan/tblout/IMGVR_UViG_3300030522_000031_3300030522_Ga0307512_10007357_hmmscan_output.tblout
# - - - - - - - - - - - - - - - - - - - - - - - - - - - - - - - - - - - -

Query:       orf1  [L=92]
Description: source=IMGVR_UViG_3300030522_000031_3300030522_Ga0307512_10007357/7169-8743 coords=115..390 length=92 frame=1 desc=
Scores for complete sequence (score includes all domains):
   --- full sequence ---   --- best 1 domain ---    -#dom-
    E-value  score  bias    E-value  score  bias    exp  N  Model    Description
    ------- ------ -----    ------- ------ -----   ---- --  -------- -----------
    1.4e-05   25.3   0.1    2.5e-05   24.5   0.1    1.5  1  NUMOD1    NUMOD1 domain
  ------ inclusion threshold ------
      0.012   16.0   0.1      0.014   15.8   0.1    1.1  1  NusG_add  NusG additional domain


Domain annotation for each model (and alignments):
>> NUMOD1  NUMOD1 domain
   #    score  bias  c-Evalue  i-Evalue hmmfrom  hmm to    alifrom  ali to    envfrom  env to     acc
 ---   ------ ----- --------- --------- ------- -------    ------- -------    ------- -------    ----
   1 !   24.5   0.1   2.6e-09   2.5e-05       9      34 ..      44      69 ..      37      72 .. 0.87

  Alignments for each domain:
  == domain 1  score: 24.5 bits;  conditional E-value: 2.6e-09
  NUMOD1  9 ntktigkFsSireAakyLgishntIn 34
            ++ +i k++ i++A k+L+ish tI+
    orf1 44 DGQFICKYDGITSAEKALKISHDTIK 69
            778899*******************8 PP

>> NusG_add  NusG additional domain
   #    score  bias  c-Evalue  i-Evalue hmmfrom  hmm to    alifrom  ali to    envfrom  env to     acc
 ---   ------ ----- --------- --------- ------- -------    ------- -------    ------- -------    ----
   1 ?   15.8   0.1   1.4e-06     0.014      38      87 ..      20      68 ..       8      87 .. 0.76

  Alignments for each domain:
  == domain 1  score: 15.8 bits;  conditional E-value: 1.4e-06
  NusG_add 38 pesakletglkinarvkigmplakefeyiseldgkvveveklkrvvvsre 87
              p+ + l + +k + ++ +g+ + k++++i+++dg   ++ek  ++  ++ 
      orf1 20 PDYTNLVAQIKSQKHITKGVFVFKDGQFICKYDGIT-SAEKALKISHDTI 68
              77889999**************************65.5555555554444 PP



Internal pipeline statistics summary:
-------------------------------------
Query sequence(s):                         1  (92 residues searched)
Target model(s):                       19632  (3329936 nodes)
Passed MSV filter:                       594  (0.0302567); expected 392.6 (0.02)
Passed bias filter:                      370  (0.0188468); expected 392.6 (0.02)
Passed Vit filter:                        27  (0.00137531); expected 19.6 (0.001)
Passed Fwd filter:                         2  (0.000101874); expected 0.2 (1e-05)
Initial search space (Z):              19632  [actual number of targets]
Domain search space  (domZ):               2  [number of targets reported over threshold]
# CPU time: 0.30u 0.20s 00:00:00.50 Elapsed: 00:00:00.36
# Mc/sec: 828.52
//
Query:       orf2  [L=96]
Description: source=IMGVR_UViG_3300030522_000031_3300030522_Ga0307512_10007357/7169-8743 coords=1007..720 length=96 frame=5 desc=
Scores for complete sequence (score includes all domains):
   --- full sequence ---   --- best 1 domain ---    -#dom-
    E-value  score  bias    E-value  score  bias    exp  N  Model    Description
    ------- ------ -----    ------- ------ -----   ---- --  -------- -----------

   [No hits detected that satisfy reporting thresholds]


Domain annotation for each model (and alignments):

   [No targets detected that satisfy reporting thresholds]


Internal pipeline statistics summary:
-------------------------------------
Query sequence(s):                         1  (96 residues searched)
Target model(s):                       19632  (3329936 nodes)
Passed MSV filter:                       331  (0.0168602); expected 392.6 (0.02)
Passed bias filter:                      267  (0.0136002); expected 392.6 (0.02)
Passed Vit filter:                        16  (0.000814996); expected 19.6 (0.001)
Passed Fwd filter:                         0  (0); expected 0.2 (1e-05)
Initial search space (Z):              19632  [actual number of targets]
Domain search space  (domZ):               0  [number of targets reported over threshold]
# CPU time: 0.29u 0.18s 00:00:00.47 Elapsed: 00:00:00.31
# Mc/sec: 1003.84
//
[ok]
