# hmmscan :: search sequence(s) against a profile database
# HMMER 3.3.2 (Nov 2020); http://hmmer.org/
# Copyright (C) 2020 Howard Hughes Medical Institute.
# Freely distributed under the BSD open source license.
# - - - - - - - - - - - - - - - - - - - - - - - - - - - - - - - - - - - -
# query sequence file:             -
# target HMM database:             /n/eddy_lab/data/pfam-35.0/Pfam-A.hmm
# output directed to file:         ./all_windows_new/hmmscan/out/IMGVR_UViG_3300029034_000077_3300029034_Ga0169608_101903_hmmscan_output.out
# per-seq hits tabular output:     ./all_windows_new/hmmscan/tblout/IMGVR_UViG_3300029034_000077_3300029034_Ga0169608_101903_hmmscan_output.tblout
# - - - - - - - - - - - - - - - - - - - - - - - - - - - - - - - - - - - -

Query:       orf1  [L=103]
Description: source=IMGVR_UViG_3300029034_000077_3300029034_Ga0169608_101903/4530-2836 coords=725..1033 length=103 frame=2 desc=
Scores for complete sequence (score includes all domains):
   --- full sequence ---   --- best 1 domain ---    -#dom-
    E-value  score  bias    E-value  score  bias    exp  N  Model    Description
    ------- ------ -----    ------- ------ -----   ---- --  -------- -----------

   [No hits detected that satisfy reporting thresholds]


Domain annotation for each model (and alignments):

   [No targets detected that satisfy reporting thresholds]


Internal pipeline statistics summary:
-------------------------------------
Query sequence(s):                         1  (103 residues searched)
Target model(s):                       19632  (3329936 nodes)
Passed MSV filter:                       529  (0.0269458); expected 392.6 (0.02)
Passed bias filter:                      398  (0.020273); expected 392.6 (0.02)
Passed Vit filter:                        24  (0.00122249); expected 19.6 (0.001)
Passed Fwd filter:                         0  (0); expected 0.2 (1e-05)
Initial search space (Z):              19632  [actual number of targets]
Domain search space  (domZ):               0  [number of targets reported over threshold]
# CPU time: 0.36u 0.20s 00:00:00.56 Elapsed: 00:00:00.36
# Mc/sec: 938.94
QueQuery:       orf2  [L=410]
Description: source=IMGVR_UViG_3300029034_000077_3300029034_Ga0169608_101903/4530-2836 coords=1..1230 length=410 frame=1 desc=
Scores for complete sequence (score includes all domains):
   --- full sequence ---   --- best 1 domain ---    -#dom-
    E-value  score  bias    E-value  score  bias    exp  N  Model           Description
    ------- ------ -----    ------- ------ -----   ---- --  --------        -----------
    1.1e-34  120.0   0.0    4.5e-34  118.0   0.0    1.9  2  RVT_1            Reverse transcriptase (RNA-dependent DNA pol
    2.2e-28   98.3   8.6    3.2e-27   94.5   7.2    2.4  2  GIIM             Group II intron, maturase-specific domain
  ------ inclusion threshold ------
      0.015   15.4   0.4      0.075   13.1   0.5    2.0  2  Intron_maturas2  Type II intron maturase
       0.03   14.2   0.4       0.11   12.4   0.1    2.2  2  Rad50_zn_hook    Rad50 zinc hook motif
       0.11   12.7   0.0       0.24   11.6   0.0    1.5  1  U5_2-snRNA_bdg   U5-snRNA binding site 2 of PrP8


Domain annotation for each model (and alignments):
>> RVT_1  Reverse transcriptase (RNA-dependent DNA polymerase)
   #    score  bias  c-Evalue  i-Evalue hmmfrom  hmm to    alifrom  ali to    envfrom  env to     acc
 ---   ------ ----- --------- --------- ------- -------    ------- -------    ------- -------    ----
   1 !  118.0   Query:       orf3  [L=484]
Description: source=IMGVR_UViG_3300029034_000077_3300029034_Ga0169608_101903/1932-348 coords=1..1452 length=484 frame=1 desc=
Scores for complete sequence (score includes all domains):
   --- full sequence ---   --- best 1 domain ---    -#dom-
    E-value  score  bias    E-value  score  bias    exp  N  Model    Description
    ------- ------ -----    ------- ------ -----   ---- --  -------- -----------
    8.5e-32  110.6   0.3    1.8e-31  109.5   0.1    1.7  2  RVT_1     Reverse transcriptase (RNA-dependent DNA polymerase


Domain annotation for each model (and alignments):
>> RVT_1  Reverse transcriptase (RNA-dependent DNA polymerase)
   #    score  bias  c-Evalue  i-Evalue hmmfrom  hmm to    alifrom  ali to    envfrom  env to     acc
 ---   ------ ----- --------- --------- ------- -------    ------- -------    ------- -------    ----
   1 !  109.5   0.1   9.3e-36   1.8e-31      45     222 .]       1     207 [.       1     207 [. 0.92
   2 ?   -2.4   0.0      0.16   3.1e+03      13      33 ..     272     292 ..     248     299 .. 0.78

  Alignments for each domain:
  == domain 1  score: 109.5 bits;  conditional E-value: 9.3e-36
            HHHH..............HCCHTS--EEEEEEBCCGCCCSBB-GGGGGGG-EEET...........................TEEEEESB--ST-TTHHHHHHH CS
  RVT_1  45 frpgrstldav.edllkalkkkkkaklllklDlkkaFdsvpleellrkltafkvpt.klinliksflstrsfsvrv.ngeeskgryekkglpqGsvlSPllfnl 145
            frp+rs+++av ++++    ++ + ++++++D+k++Fd+v++++l+r+++a+++++ +li +ik++l   ++ +r+ +g   +++   kg+pqG+++SPll+n+
   orf3   1 FRPNRSVEHAVqKTYTML--QRMNLHYVIEFDIKGFFDNVNHSKLMRQIWAMGIHDkQLIFIIKRIL---KAPIRMpDG---TTLIPDKGTPQGGIISPLLANI 96 
            89*******996444444..45566*****************************8615799******...555688777...78******************** PP

            HHHHHHTT-T.........................................TEEECTTEEEEEESSHHHHHHHHHHHHHHHHH.TT--BEGGG-EEE......E CS
  RVT_1 146 fmnellrelrkra...................................kgvtllrYaDDililskskeelqelleaveewlke.sglkinpeKtklvlftv.ks 212
            ++nel++ +++++                                   k+ +++rYaDD+ i++++ke++ +  eav +w+ e  +l+++peKt++v   + ++
   orf3  97 VLNELDKWVESQWqnhplvkeygyerkirnsitfdrskaflkmrktglKEMYIVRYADDFRIFCRNKEDALRTKEAVTAWITErLRLEVSPEKTRIV---NvRK 197
            *********************************************************************************9989************...6699 PP

            SSEEETTEEE CS
  RVT_1 213 eevkyLGvtl 222
            +  ++LG+++
   orf3 198 RYSEFLGFKI 207
            9999**9986 PP

  == domain 2  score: -2.4 bits;  conditional E-value: 0.16
            .....-THHHHCTB--..... CS
  RVT_1  13 sllsvdykalnkliakrLkdv 33 
             ++s+d++++ + +   L++ 
   orf3 272 TCISIDCRKIHRQVMTVLTNR 292
            577788888888877766654 PP



Internal pipeline statistics summary:
-------------------------------------
Query sequence(s):                         1  (484 residues searched)
Target model(s):                       19632  (3329936 nodes)
Passed MSV filter:                       619  (0.0315302); expected 392.6 (0.02)
Passed bias filter:                      487  (0.0248064); expected 392.6 (0.02)
Passed Vit filter:                        38  (0.00193562); expected 19.6 (0.001)
Passed Fwd filter:                         1  (5.09372e-05); expected 0.2 (1e-05)
Initial search space (Z):              19632  [actual number of targets]
Domain search space  (domZ):               1  [number of targets reported over threshold]
# CPU time: 0.43u 0.19s 00:00:00.62 Elapsed: 00:00:00.34
# Mc/sec: 4666.91
//
Query:       orf4  [L=109]
Description: source=IMGVR_UViG_3300029034_000077_3300029034_Ga0169608_101903/1932-348 coords=597..271 length=109 frame=5 desc=
Scores for complete sequence (score includes all domains):
   --- full sequence ---   --- best 1 domain ---    -#dom-
    E-value  score  bias    E-value  score  bias    exp  N  Model    Description
    ------- ------ -----    ------- ------ -----   ---- --  -------- -----------

   [No hits detected that satisfy reporting thresholds]


Domain annotation for each model (and alignments):

   [No targets detected that satisfy reporting thresholds]


Internal pipeline statistics summary:
-------------------------------------
Query sequence(s):                         1  (109 residues searched)
Target model(s):                       19632  (3329936 nodes)
Passed MSV filter:                       200  (0.0101874); expected 392.6 (0.02)
Passed bias filter:                      170  (0.00865933); expected 392.6 (0.02)
Passed Vit filter:                         8  (0.000407498); expected 19.6 (0.001)
Passed Fwd filter:                         0  (0); expected 0.2 (1e-05)
Initial search space (Z):              19632  [actual number of targets]
Domain search space  (domZ):               0  [number of targets reported over threshold]
# CPU time: 0.34u 0.17s 00:00:00.51 Elapsed: 00:00:00.33
# Mc/sec: 1080.45
//
Query:       orf5  [L=158]
Description: source=IMGVR_UViG_3300029034_000077_3300029034_Ga0169608_101903/1932-348 coords=593..120 length=158 frame=6 desc=
Scores for complete sequence (score includes all domains):
   --- full sequence ---   --- best 1 domain ---    -#dom-
    E-value  score  bias    E-value  score  bias    exp  N  Model    Description
    ------- ------ -----    ------- ------ -----   ---- --  -------- -----------

   [No hits detected that satisfy reporting thresholds]


Domain annotation for each model (and alignments):

   [No targets detected that satisfy reporting thresholds]


Internal pipeline statistics summary:
-------------------------------------
Query sequence(s):                         1  (158 residues searched)
Target model(s):                       19632  (3329936 nodes)
Passed MSV filter:                       518  (0.0263855); expected 392.6 (0.02)
Passed bias filter:                      298  (0.0151793); expected 392.6 (0.02)
Passed Vit filter:                        18  (0.00091687); expected 19.6 (0.001)
Passed Fwd filter:                         0  (0); expected 0.2 (1e-05)
Initial search space (Z):              19632  [actual number of targets]
Domain search space  (domZ):               0  [number of targets reported over threshold]
# CPU time: 0.37u 0.15s 00:00:00.52 Elapsed: 00:00:00.32
# Mc/sec: 1623.11
//
[ok]
d 0.2 (1e-05)
Initial search space (Z):              19632  [actual number of targets]
Domain search space  (domZ):               5  [number of targets reported over threshold]
# CPU time: 0.46u 0.17s 00:00:00.63 Elapsed: 00:00:00.36
# Mc/sec: 3758.70
//
Query:       orf3  [L=100]
Description: source=IMGVR_UViG_3300029034_000077_3300029034_Ga0169608_101903/4530-2836 coords=1215..1514 length=100 frame=3 desc=
Scores for complete sequence (score includes all domains):
   --- full sequence ---   --- best 1 domain ---    -#dom-
    E-value  score  bias    E-value  score  bias    exp  N  Model    Description
    ------- ------ -----    ------- ------ -----   ---- --  -------- -----------

   [No hits detected that satisfy reporting thresholds]


Domain annotation for each model (and alignments):

   [No targets detected that satisfy reporting thresholds]


Internal pipeline statistics summary:
-------------------------------------
Query sequence(s):                         1  (100 residues searched)
Target model(s):                       19632  (3329936 nodes)
Passed MSV filter:                       328  (0.0167074); expected 392.6 (0.02)
Passed bias filter:                      321  (0.0163509); expected 392.6 (0.02)
Passed Vit filter:                        18  (0.00091687); expected 19.6 (0.001)
Passed Fwd filter:                         0  (0); expected 0.2 (1e-05)
Initial search space (Z):              19632  [actual number of targets]
Domain search space  (domZ):               0  [number of targets reported over threshold]
# CPU time: 0.37u 0.16s 00:00:00.53 Elapsed: 00:00:00.34
# Mc/sec: 974.70
//
Query:       orf4  [L=103]
Description: source=IMGVR_UViG_3300029034_000077_3300029034_Ga0169608_101903/4530-2836 coords=1570..1262 length=103 frame=6 desc=
Scores for complete sequence (score includes all domains):
   --- full sequence ---   --- best 1 domain ---    -#dom-
    E-value  score  bias    E-value  score  bias    exp  N  Model    Description
    ------- ------ -----    ------- ------ -----   ---- --  -------- -----------

   [No hits detected that satisfy reporting thresholds]


Domain annotation for each model (and alignments):

   [No targets detected that satisfy reporting thresholds]


Internal pipeline statistics summary:
-------------------------------------
Query sequence(s):                         1  (103 residues searched)
Target model(s):                       19632  (3329936 nodes)
Passed MSV filter:                       273  (0.0139059); expected 392.6 (0.02)
Passed bias filter:                      246  (0.0125306); expected 392.6 (0.02)
Passed Vit filter:                        10  (0.000509372); expected 19.6 (0.001)
Passed Fwd filter:                         0  (0); expected 0.2 (1e-05)
Initial search space (Z):              19632  [actual number of targets]
Domain search space  (domZ):               0  [number of targets reported over threshold]
# CPU time: 0.34u 0.17s 00:00:00.51 Elapsed: 00:00:00.33
# Mc/sec: 1025.34
//
Query:       orf5  [L=177]
Description: source=IMGVR_UViG_3300029034_000077_3300029034_Ga0169608_101903/4530-2836 coords=1305..775 length=177 frame=4 desc=
Scores for complete sequence (score includes all domains):
   --- full sequence ---   --- best 1 domain ---    -#dom-
    E-value  score  bias    E-value  score  bias    exp  N  Model    Description
    ------- ------ -----    ------- ------ -----   ---- --  -------- -----------

   [No hits detected that satisfy reporting thresholds]


Domain annotation for each model (and alignments):

   [No targets detected that satisfy reporting thresholds]


Internal pipeline statistics summary:
-------------------------------------
Query sequence(s):                         1  (177 residues searched)
Target model(s):                       19632  (3329936 nodes)
Passed MSV filter:                       264  (0.0134474); expected 392.6 (0.02)
Passed bias filter:                      218  (0.0111043); expected 392.6 (0.02)
Passed Vit filter:                        16  (0.000814996); expected 19.6 (0.001)
Passed Fwd filter:                         0  (0); expected 0.2 (1e-05)
Initial search space (Z):              19632  [actual number of targets]
Domain search space  (domZ):               0  [number of targets reported over threshold]
# CPU time: 0.34u 0.19s 00:00:00.53 Elapsed: 00:00:00.33
# Mc/sec: 1772.30
//
Query:       orf6  [L=95]
Description: source=IMGVR_UViG_3300029034_000077_3300029034_Ga0169608_101903/4530-2836 coords=1004..720 length=95 frame=5 desc=
Scores for complete sequence (score includes all domains):
   --- full sequence ---   --- best 1 domain ---    -#dom-
    E-value  score  bias    E-value  score  bias    exp  N  Model    Description
    ------- ------ -----    ------- ------ -----   ---- --  -------- -----------

   [No hits detected that satisfy reporting thresholds]


Domain annotation for each model (and alignments):

   [No targets detected that satisfy reporting thresholds]


Internal pipeline statistics summary:
-------------------------------------
Query sequence(s):                         1  (95 residues searched)
Target model(s):                       19632  (3329936 nodes)
Passed MSV filter:                       343  (0.0174715); expected 392.6 (0.02)
Passed bias filter:                      236  (0.0120212); expected 392.6 (0.02)
Passed Vit filter:                        16  (0.000814996); expected 19.6 (0.001)
Passed Fwd filter:                         0  (0); expected 0.2 (1e-05)
Initial search space (Z):              19632  [actual number of targets]
Domain search space  (domZ):               0  [number of targets reported over threshold]
# CPU time: 0.35u 0.17s 00:00:00.52 Elapsed: 00:00:00.33
# Mc/sec: 935.48
//
Query:       orf7  [L=113]
Description: source=IMGVR_UViG_3300029034_000077_3300029034_Ga0169608_101903/4530-2836 coords=707..369 length=113 frame=5 desc=
Scores for complete sequence (score includes all domains):
   --- full sequence ---   --- best 1 domain ---    -#dom-
    E-value  score  bias    E-value  score  bias    exp  N  Model    Description
    ------- ------ -----    ------- ------ -----   ---- --  -------- -----------

   [No hits detected that satisfy reporting thresholds]


Domain annotation for each model (and alignments):

   [No targets detected that satisfy reporting thresholds]


Internal pipeline statistics summary:
-------------------------------------
Query sequence(s):                         1  (113 residues searched)
Target model(s):                       19632  (3329936 nodes)
Passed MSV filter:                       322  (0.0164018); expected 392.6 (0.02)
Passed bias filter:                      254  (0.0129381); expected 392.6 (0.02)
Passed Vit filter:                        14  (0.000713121); expected 19.6 (0.001)
Passed Fwd filter:                         0  (0); expected 0.2 (1e-05)
Initial search space (Z):              19632  [actual number of targets]
Domain search space  (domZ):               0  [number of targets reported over threshold]
# CPU time: 0.33u 0.15s 00:00:00.48 Elapsed: 00:00:00.31
# Mc/sec: 1210.16
//
Query:       orf8  [L=99]
Description: source=IMGVR_UViG_3300029034_000077_3300029034_Ga0169608_101903/4530-2836 coords=297..1 length=99 frame=4 desc=
Scores for complete sequence (score includes all domains):
   --- full sequence ---   --- best 1 domain ---    -#dom-
    E-value  score  bias    E-value  score  bias    exp  N  Model    Description
    ------- ------ -----    ------- ------ -----   ---- --  -------- -----------
  ------ inclusion threshold ------
       0.05   13.6   0.0      0.057   13.5   0.0    1.1  1  ELMO_ARM  ELMO, armadillo-like helical domain


Domain annotation for each model (and alignments):
>> ELMO_ARM  ELMO, armadillo-like helical domain
   #    score  bias  c-Evalue  i-Evalue hmmfrom  hmm to    alifrom  ali to    envfrom  env to     acc
 ---   ------ ----- --------- --------- ------- -------    ------- -------    ------- -------    ----
   1 ?   13.5   0.0   2.9e-06     0.057      29      87 ..      24      87 ..      15      96 .. 0.72

  Alignments for each domain:
  == domain 1  score: 13.5 bits;  conditional E-value: 2.9e-06
  ELMO_ARM 29 LayaLtaflelmdhgivsWdtledeFikkvasivnks.aadasilqrslaiLe....sivlnss 87
                +  ++f+ l +h +v Wd+ ++   + v++ + +   +++     s +i+e    siv++ss
      orf8 24 FGLHKATFQPLFEHFLVHWDICQQPVMADVVKATLNVsLQNPLRGTGSAQIVEalpdSIVCASS 87
              5566679**********************99987666355555555666666533335566655 PP



Internal pipeline statistics summary:
-------------------------------------
Query sequence(s):                         1  (99 residues searched)
Target model(s):                       19632  (3329936 nodes)
Passed MSV filter:                       390  (0.0198655); expected 392.6 (0.02)
Passed bias filter:                      318  (0.016198); expected 392.6 (0.02)
Passed Vit filter:                        18  (0.00091687); expected 19.6 (0.001)
Passed Fwd filter:                         1  (5.09372e-05); expected 0.2 (1e-05)
Initial search space (Z):              19632  [actual number of targets]
Domain search space  (domZ):               1  [number of targets reported over threshold]
# CPU time: 0.31u 0.16s 00:00:00.47 Elapsed: 00:00:00.30
# Mc/sec: 1093.34
//
[ok]
