# hmmscan :: search sequence(s) against a profile database
# HMMER 3.3.2 (Nov 2020); http://hmmer.org/
# Copyright (C) 2020 Howard Hughes Medical Institute.
# Freely distributed under the BSD open source license.
# - - - - - - - - - - - - - - - - - - - - - - - - - - - - - - - - - - - -
# query sequence file:             -
# target HMM database:             /n/eddy_lab/data/pfam-35.0/Pfam-A.hmm
# output directed to file:         ./all_windows_new/hmmscan/out/IMGVR_UViG_3300007222_000375_3300007222_Ga0104061_100238_5628-36015_hmmscan_output.out
# per-seq hits tabular output:     ./all_windows_new/hmmscan/tblout/IMGVR_UViG_3300007222_000375_3300007222_Ga0104061_100238_5628-36015_hmmscan_output.tblout
# - - - - - - - - - - - - - - - - - - - - - - - - - - - - - - - - - - - -

Query:       orf1  [L=469]
Description: source=IMGVR_UViG_3300007222_000375_3300007222_Ga0104061_100238_5628-36015/9832-11532 coords=1..1407 length=469 frame=1 desc=
Scores for complete sequence (score includes all domains):
   --- full sequence ---   --- best 1 domain ---    -#dom-
    E-value  score  bias    E-value  score  bias    exp  N  Model           Description
    ------- ------ -----    ------- ------ -----   ---- --  --------        -----------
    1.1e-10   41.1   0.0    3.6e-09   36.2   0.0    2.2  1  AAA_10           AAA-like domain
    4.6e-10   38.8   0.0    5.7e-09   35.2   0.0    2.1  1  P-loop_TraG      TraG P-loop domain
    8.4e-05   22.9   0.5    0.00052   20.3   0.0    2.2  2  DUF87            Helicase HerA, central domain
     0.0082   15.6   0.0      0.016   14.7   0.0    1.3  1  FtsK_SpoIIIE     FtsK/SpoIIIE family
  ------ inclusion threshold ------
      0.016   14.2   0.0       0.03   13.3   0.0    1.4  1  T4SS-DNA_transf  Type IV secretory system Conjugative DNA tra
      0.072   13.4   0.1       0.19   12.0   0.1    1.8  1  YonK             YonK protein
      0.094   13.0   0.0       0.49   10.7   0.0    2.1  2  AAA_33           AAA domain
       0.17   11.7   1.1       0.24   11.2   0.1    1.8  2  NepR             Anti-sigma factor NepR


Domain annotation for each model (and alignments):
>> AAA_10  AAA-like domain
   #    scoreQuery:       orf2  [L=114]
Description: source=IMGVR_UViG_3300007222_000375_3300007222_Ga0104061_100238_5628-36015/12430-14014 coords=940..1281 length=114 frame=1 desc=
Scores for complete sequence (score includes all domains):
   --- full sequence ---   --- best 1 domain ---    -#dom-
    E-value  score  bias    E-value  score  bias    exp  N  Model    Description
    ------- ------ -----    ------- ------ -----   ---- --  -------- -----------

   [No hits detected that satisfy reporting thresholds]


Domain annotation for each model (and alignments):

   [No targets detected that satisfy reporting thresholds]


Internal pipeline statistics summary:
-------------------------------------
Query sequence(s):                         1  (114 residues searched)
Target model(s):                       19632  (3329936 nodes)
Passed MSV filter:                       343  (0.0174715); expected 392.6 (0.02)
Passed bias filter:                      307  (0.0156377); expected 392.6 (0.02)
Passed Vit filter:                        21  (0.00106968); expected 19.6 (0.001)
Passed Fwd filter:                         0  (0); expected 0.2 (1e-05)
Initial search space (Z):              19632  [actual number of targets]
Domain search space  (domZ):               0  [number of targets reported over threshold]
# CPU time: 0.30u 0.17s 00:00:00.47 Elapsed: 00:00:00.33
# Mc/sec: 1133.93
//
Query:       orf3  [L=473]
Description: source=IMGVR_UViG_3300007222_000375_3300007222_Ga0104061_100238_5628-36015/12430-14014 coords=3..1421 length=473 frame=3 desc=
Scores for complete sequence (score includes all domains):
   --- full sequence ---   --- best 1 domain ---    -#dom-
    E-value  score  bias    E-value  score  bias    exp  N  Model    Description
    ------- ------ -----    ------- ------ -----   ---- --  -------- -----------
    9.2e-34  117.0   0.1    1.5e-33  116.3   0.1    1.3  1  RVT_1     Reverse transcriptase (RNA-dependent DNA polymerase
  ------ inclusion threshold ------
      0.019   15.1   0.0      0.044   13.9   0.0    1.6  1  HNH_4     HNH endonuclease
       0.06   13.7   0.6       0.21   11.9   0.6    1.9  1  HNH       HNH endonuclease


Domain annotation for each model (and alignments):
>> RVT_1  Reverse transcriptase (RNA-dependent DNA polymerase)
   #    score  bias  c-Evalue  i-Evalue hmmfrom  hmm to    alifrom  ali to    envfrom  env to     acc
 ---   ------ ----- --------- --------- ------- -------    ------- -------    ------- -------    ----
   1 !  116.3   0.1   2.3e-37   1.5e-33      43     221 ..       1     197 [.       1     198 [. 0.91

  Alignments for each domain:
  == domain 1  score: 116.3 bits;  conditional E-value: 2.3e-37
            --HHHH..............HCCHTS--EEEEEEBCCGCCCSBB-GGGGGGG-EEET..........................TEEEEESB--ST-TTHHHHHH CS
  RVT_1  43 pgfrpgrstldav.edllkalkkkkkaklllklDlkkaFdsvpleellrkltafkvptk.linliksflstrsfsvrvngeeskgryekkglpqGsvlSPllfn 144
            +gfrp++s++ a+ ++++    ++++ ++++++D+k++Fd+v++++l+r+++a+++++k li +++++l     +++++ e  ++++  kg+pqG+++SPll+n
   orf3   1 YGFRPNHSVENAIaRSYKLL--QQANLHYVIEFDIKGFFDNVNHAKLIRQIWAMGIHDKaLIFVLRRIL-----TAQIKLEDGTFITPDKGTPQGGIISPLLAN 97 
            79*******99998666655..77999*****************************8763688888888.....4455555449******************** PP

            HHHHHHHTT-T..............................TEEECTTEEEEEESSHHHHHHHHHHHHHHHHH.TT--BEGGG-EEE......ESSEEETTEE CS
  RVT_1 145 lfmnellrelrkra........................kgvtllrYaDDililskskeelqelleaveewlke.sglkinpeKtklvlftv.kseevkyLGvt 221
            +++nel++ +++++                        k+ +++rYaDD+ i++++k+ +++ + av +wl+e  +l+i+++Kt+++   + +++  ++LG++
   orf3  98 IVLNELDHWVESQWqwspickrnvrpengyrqakksnlKEMFIVRYADDFRIYCRTKDTAERTMHAVIQWLRErLKLEISEKKTRII---NvRNHYSDFLGFK 197
            *************************************************************************99************...6588888999986 PP

>> HNH_4  HNH endonuclease
   #    score  bias  c-Evalue  i-Evalue hmmfrom  hmm to    alifrom  ali to    envfrom  env to     acc
 ---   ------ ----- --------- --------- ------- -------    ------- -------    ------- -------    ----
   1 ?   13.9   0.0   6.7e-06     0.044      13      44 ..     400     431 ..     394     434 .. 0.85

  Alignments for each domain:
  == domain 1  score: 13.9 bits;  conditional E-value: 6.7e-06
  HNH_4  13 lsstkeydiDHilPrsrsfdDsvsNkvLvlrs 44 
             sst e+   H lPr ++ dDs+ N++Lv  s
   orf3 400 FSSTHEIHCHHKLPRYLGGDDSYGNLILVKDS 431
            5667888889******************9865 PP

>> HNH  HNH endonuclease
   #    score  bias  c-Evalue  i-Evalue hmmfrom  hmm to    alifrom  ali to    envfrom  env to     acc
 ---   ------ ----- --------- --------- ------- -------    ------- -------    ------- -------    ----
   1 ?   11.9   0.6   3.1e-05      0.21       6      36 ..     398     428 ..     393     437 .. 0.87

  Alignments for each domain:
  == domain 1  score: 11.9 bits;  conditional E-value: 3.1e-05
           -B-SSEE--EEEESS-TTTT--BSGGGEEEE CS
   HNH   6 rkfhksdalevdHiipisqggaddieNlqll 36 
           ++f  + + +++H+ p+  gg d++ Nl+l+
  orf3 398 EEFSSTHEIHCHHKLPRYLGGDDSYGNLILV 428
           566666899********************96 PP



Internal pipeline statistics summary:
-------------------------------------
Query sequence(s):                         1  (473 residues searched)
Target model(s):                       19632  (3329936 nodes)
Passed MSV filter:                       716  (0.0364711); expected 392.6 (0.02)
Passed bias filter:                      490  (0.0249593); expected 392.6 (0.02)
Passed Vit filter:                        41  (0.00208843); expected 19.6 (0.001)
Passed Fwd filter:                         3  (0.000152812); expected 0.2 (1e-05)
Initial search space (Z):              19632  [actual number of targets]
Domain search space  (domZ):               3  [number of targets reported over threshold]
# CPU time: 0.34u 0.16s 00:00:00.50 Elapsed: 00:00:00.29
# Mc/sec: 5369.64
//
Query:       orf4  [L=94]
Description: source=IMGVR_UViG_3300007222_000375_3300007222_Ga0104061_100238_5628-36015/12430-14014 coords=448..167 length=94 frame=4 desc=
Scores for complete sequence (score includes all domains):
   --- full sequence ---   --- best 1 domain ---    -#dom-
    E-value  score  bias    E-value  score  bias    exp  N  Model    Description
    ------- ------ -----    ------- ------ -----   ---- --  -------- -----------

   [No hits detected that satisfy reporting thresholds]


Domain annotation for each model (and alignments):

   [No targets detected that satisfy reporting thresholds]


Internal pipeline statistics summary:
-------------------------------------
Query sequence(s):                         1  (94 residues searched)
Target model(s):                       19632  (3329936 nodes)
Passed MSV filter:                       236  (0.0120212); expected 392.6 (0.02)
Passed bias filter:                      183  (0.00932152); expected 392.6 (0.02)
Passed Vit filter:                         7  (0.000356561); expected 19.6 (0.001)
Passed Fwd filter:                         0  (0); expected 0.2 (1e-05)
Initial search space (Z):              19632  [actual number of targets]
Domain search space  (domZ):               0  [number of targets reported over threshold]
# CPU time: 0.28u 0.12s 00:00:00.40 Elapsed: 00:00:00.28
# Mc/sec: 1117.62
//
Query:       orf5  [L=147]
Description: source=IMGVR_UViG_3300007222_000375_3300007222_Ga0104061_100238_5628-36015/12430-14014 coords=503..63 length=147 frame=6 desc=
Scores for complete sequence (score includes all domains):
   --- full sequence ---   --- best 1 domain ---    -#dom-
    E-value  score  bias    E-value  score  bias    exp  N  Model    Description
    ------- ------ -----    ------- ------ -----   ---- --  -------- -----------

   [No hits detected that satisfy reporting thresholds]


Domain annotation for each model (and alignments):

   [No targets detected that satisfy reporting thresholds]


Internal pipeline statistics summary:
-------------------------------------
Query sequence(s):                         1  (147 residues searched)
Target model(s):                       19632  (3329936 nodes)
Passed MSV filter:                       485  (0.0247046); expected 392.6 (0.02)
Passed bias filter:                      276  (0.0140587); expected 392.6 (0.02)
Passed Vit filter:                        22  (0.00112062); expected 19.6 (0.001)
Passed Fwd filter:                         0  (0); expected 0.2 (1e-05)
Initial search space (Z):              19632  [actual number of targets]
Domain search space  (domZ):               0  [number of targets reported over threshold]
# CPU time: 0.30u 0.14s 00:00:00.44 Elapsed: 00:00:00.30
# Mc/sec: 1630.14
//
[ok]
 score: 11.2 bits;  conditional E-value: 9.8e-05
  NepR   4 IgrnLRrlYddvvdEpvPDr 23 
           I+r  R +Y+d +  pvP++
  orf1 305 IDRSVRKVYQDYLADPVPEK 324
           99****************97 PP

  == domain 2  score: -3.1 bits;  conditional E-value: 2.9
  NepR   3 qIgrnLRr 10 
           q+g +L+ 
  orf1 380 QLGKQLKK 387
           89999997 PP



Internal pipeline statistics summary:
-------------------------------------
Query sequence(s):                         1  (469 residues searched)
Target model(s):                       19632  (3329936 nodes)
Passed MSV filter:                       822  (0.0418704); expected 392.6 (0.02)
Passed bias filter:                      575  (0.0292889); expected 392.6 (0.02)
Passed Vit filter:                        63  (0.00320905); expected 19.6 (0.001)
Passed Fwd filter:                         8  (0.000407498); expected 0.2 (1e-05)
Initial search space (Z):              19632  [actual number of targets]
Domain search space  (domZ):               8  [number of targets reported over threshold]
# CPU time: 0.42u 0.20s 00:00:00.62 Elapsed: 00:00:00.36
# Mc/sec: 4276.30
//
Query:       orf2  [L=475]
Description: source=IMGVR_UViG_3300007222_000375_3300007222_Ga0104061_100238_5628-36015/9832-11532 coords=1425..1 length=475 frame=4 desc=
Scores for complete sequence (score includes all domains):
   --- full sequence ---   --- best 1 domain ---    -#dom-
    E-value  score  bias    E-value  score  bias    exp  N  Model    Description
    ------- ------ -----    ------- ------ -----   ---- --  -------- -----------

   [No hits detected that satisfy reporting thresholds]


Domain annotation for each model (and alignments):

   [No targets detected that satisfy reporting thresholds]


Internal pipeline statistics summary:
-------------------------------------
Query sequence(s):                         1  (475 residues searched)
Target model(s):                       19632  (3329936 nodes)
Passed MSV filter:                       365  (0.0185921); expected 392.6 (0.02)
Passed bias filter:                      334  (0.017013); expected 392.6 (0.02)
Passed Vit filter:                        25  (0.00127343); expected 19.6 (0.001)
Passed Fwd filter:                         0  (0); expected 0.2 (1e-05)
Initial search space (Z):              19632  [actual number of targets]
Domain search space  (domZ):               0  [number of targets reported over threshold]
# CPU time: 0.36u 0.15s 00:00:00.51 Elapsed: 00:00:00.31
# Mc/sec: 5051.72
//
[ok]
