# hmmscan :: search sequence(s) against a profile database
# HMMER 3.3.2 (Nov 2020); http://hmmer.org/
# Copyright (C) 2020 Howard Hughes Medical Institute.
# Freely distributed under the BSD open source license.
# - - - - - - - - - - - - - - - - - - - - - - - - - - - - - - - - - - - -
# query sequence file:             -
# target HMM database:             /n/eddy_lab/data/pfam-35.0/Pfam-A.hmm
# output directed to file:         ./all_windows_new/hmmscan/out/IMGVR_UViG_3300029375_000413_3300029375_Ga0243934_1000240_2-72283_hmmscan_output.out
# per-seq hits tabular output:     ./all_windows_new/hmmscan/tblout/IMGVR_UViG_3300029375_000413_3300029375_Ga0243934_1000240_2-72283_hmmscan_output.tblout
# - - - - - - - - - - - - - - - - - - - - - - - - - - - - - - - - - - - -

Query:       orf1  [L=122]
Description: source=IMGVR_UViG_3300029375_000413_3300029375_Ga0243934_1000240_2-72283/3026-4601 coords=73..438 length=122 frame=1 desc=
Scores for complete sequence (score includes all domains):
   --- full sequence ---   --- best 1 domain ---    -#dom-
    E-value  score  bias    E-value  score  bias    exp  N  Model    Description
    ------- ------ -----    ------- ------ -----   ---- --  -------- -----------

   [No hits detected that satisfy reporting thresholds]


Domain annotation for each model (and alignments):

   [No targets detected that satisfy reporting thresholds]


Internal pipeline statistics summary:
-------------------------------------
Query sequence(s):                         1  (122 residues searched)
Target model(s):                       19632  (3329936 nodes)
Passed MSV filter:                       467  (0.0237877); expected 392.6 (0.02)
Passed bias filter:                      285  (0.0145171); expected 392.6 (0.02)
Passed Vit filter:                        14  (0.000713121); expected 19.6 (0.001)
Passed Fwd filter:                         0  (0); expected 0.2 (1e-05)
Initial search space (Z):              19632  [actual number of targets]
Domain search space  (domZ):               0  [number of targets reported over threshold]
# CPU time: 0.31u 0.21s 00:00:00.52 Elapsed: 00:00:00.37
# Mc/sec: 1076.32
//
Query:       orf2  [L=125]
Description: source=IMGVR_UViG_3300029375_000413_3300029375_Ga0243934_1000240_2-72283/3026-4601 coords=1322..948 length=125 frame=6 desc=
Scores for complete sequence (score includes all domains):
   --- full sequence ---   --- best 1 domain ---    -#dom-
    E-value  score  bias    E-value  score  bias    exp  N  Model    Description
    ------- ------ -----    ------- ------ -----   ---- --  -------- -----------

   [No hits detected that satisfy reporting thresholds]


Domain annotation for each model (and alignments):

   [No targets detected that satisfy reporting thresholds]


Internal pipeline statistics summary:
-------------------------------------
Query sequence(s):                         1  (125 residues searched)
Target model(s):                       19632  (3329936 nodes)
Passed MSV filter:                       246  (0.0125306); expected 392.6 (0.02)
Passed bias filter:                      234  (0.0119193); expected 392.6 (0.02)
Passed Vit filter:                         9  (0.000458435); expected 19.6 (0.001)
Passed Fwd filter:                         0  (0); expected 0.2 (1e-05)
Initial search space (Z):              19632  [actual number of targets]
Domain search space  (domZ):               0  [number of targets reported over threshold]
# CPU time: 0.31u 0.21s 00:00:00.52 Elapsed: 00:00:00.37
# Mc/sec: 1123.03
//
Query:       orf3  [L=201]
Description: source=IMGVR_UViG_3300029375_000413_3300029375_Ga0243934_1000240_2-72283/3026-4601 coords=605..3 length=201 frame=6 desc=
Scores for complete sequence (score includes all domains):
   --- full sequence ---   --- best 1 domain ---    -#dom-
    E-value  score  bias    E-value  score  bias    exp  N  Model         Description
    ------- ------ -----    ------- ------ -----   ---- --  --------      -----------
  ------ inclusion threshold ------
        0.1   13.1   0.1       0.21   12.0   0.1    1.5  1  Interfer-bind  Interferon-alpha/beta receptor, fibronectin ty


Domain annotation for each model (and alignments):
>> Interfer-bind  Interferon-alpha/beta receptor, fibronectin type III
   #    score  bias  c-Evalue  i-Evalue hmmfrom  hmm to    alifrom  ali to    envfrom  env to     acc
 ---   ------ ----- --------- --------- ------- -------    ------- -------    ------- -------    ----
   1 ?   12.0   0.1   1.1e-05      0.21      51      84 ..      16      48 ..      11      59 .. 0.83

  Alignments for each domain:
  == domain 1  score: 12.0 bits;  conditional E-value: 1.1e-05
                   TTTCEEEEEEEESSSEEEEESS-TT-EEEEEEEE CS
  Interfer-bind 51 nssneekkelestnslvvlekLepetnYCvsVqa 84
                   +s++ + + ++ ++++v+l++L  +++YC++ q 
           orf3 16 QSDK-NANFIDAKSKEVILHQLASRSSYCITFQK 48
                   4444.899999*******************9875 PP



Internal pipeline statistics summary:
-------------------------------------
Query sequence(s):                         1  (201 residues searched)
Target model(s):                       19632  (3329936 nodes)
Passed MSV filter:                       789  (0.0401895); expected 392.6 (0.02)
Passed bias filter:                      551  (0.0280664); expected 392.6 (0.02)
Passed Vit filter:                        32  (0.00162999); expected 19.6 (0.001)
Passed Fwd filter:                         1  (5.09372e-05); expected 0.2 (1e-05)
Initial search space (Z):              19632  [actual number of targets]
Domain search space  (domZ):               1  [number of targets reported over threshold]
# CPU time: 0.33u 0.21s 00:00:00.54 Elapsed: 00:00:00.36
# Mc/sec: 1815.36
//
[ok]
