# hmmscan :: search sequence(s) against a profile database
# HMMER 3.3.2 (Nov 2020); http://hmmer.org/
# Copyright (C) 2020 Howard Hughes Medical Institute.
# Freely distributed under the BSD open source license.
# - - - - - - - - - - - - - - - - - - - - - - - - - - - - - - - - - - - -
# query sequence file:             -
# target HMM database:             /n/eddy_lab/data/pfam-35.0/Pfam-A.hmm
# output directed to file:         ./all_windows_new/hmmscan/out/IMGVR_UViG_3300029372_000206_3300029372_Ga0243963_101571_hmmscan_output.out
# per-seq hits tabular output:     ./all_windows_new/hmmscan/tblout/IMGVR_UViG_3300029372_000206_3300029372_Ga0243963_101571_hmmscan_output.tblout
# - - - - - - - - - - - - - - - - - - - - - - - - - - - - - - - - - - - -

Query:       orf1  [L=483]
Description: source=IMGVR_UViG_3300029372_000206_3300029372_Ga0243963_101571/1440-3024 coords=2..1450 length=483 frame=2 desc=
Scores for complete sequence (score includes all domains):
   --- full sequence ---   --- best 1 domain ---    -#dom-
    E-value  score  bias    E-value  score  bias    exp  N  Model    Description
    ------- ------ -----    ------- ------ -----   ---- --  -------- -----------
    7.7e-31  107.5   0.2      2e-30  106.1   0.0    1.7  2  RVT_1     Reverse transcriptase (RNA-dependent DNA polymerase
  ------ inclusion threshold ------
        3.7    7.6   5.6        1.3    9.1   1.5    2.3  2  NUFIP1    Nuclear fragile X mental retardation-interacting pr


Domain annotation for each model (and alignments):
>> RVT_1  Reverse transcriptase (RNA-dependent DNA polymerase)
   #    score  bias  c-Evalue  i-Evalue hmmfrom  hmm to    alifrom  ali to    envfrom  env to     acc
 ---   ------ ----- --------- --------- ------- -------    ------- -------    ------- -------    ----
   1 !  106.1   0.0     2e-34     2e-30      45     222 .]       1     207 [.       1     207 [. 0.92
   2 ?   -2.2   0.0      0.27   2.7e+03      12      26 ..     271     285 ..     226     300 .. 0.60

  Alignments for each domain:
  == domain 1  score: 106.1 bits;  conditional E-value: 2e-34
            HHHH..............HCCHTS--EEEEEEBCCGCCCSBB-GGGGGGG-EEET...........................TEEEEESB--ST-TTHHHHHHH CS
  RVT_1  45 frpgrstldav.edllkalkkkkkaklllklDlkkaFdsvpleellrkltafkvptk.linliksflstrsfsvrv.ngeeskgryekkglpqGsvlSPllfnl 145
            frp+rs+++a+ ++++    ++ + ++++++D+k++Fd+v++++l+r+++++++++k li +ik++l   ++ +++ ++   ++   +kg+pqG+++SPll+n+
   orf1   1 FRPNRSVEHAInRTYTML--QMMNLHYVIEFDIKGFFDNVNHSKLIRQIWSLGIHDKtLIFIIKRIL---TAPIKMpDN---TTVLPNKGTPQGGIISPLLANI 96 
            89*******997665555..77888*****************************8652789999999...545566444...899******************* PP

            HHHHHHTT-T.........................................TEEECTTEEEEEESSHHHHHHHHHHHHHHHHH.TT--BEGGG-EEE......E CS
  RVT_1 146 fmnellrelrkra...................................kgvtllrYaDDililskskeelqelleaveewlke.sglkinpeKtklvlftv.ks 212
            ++nel+  +++++                                   k+ +++rYaDD+ i++++ke++ +  eav +w++e  +l+++peKt++v   + ++
   orf1  97 VLNELDWWIASQWeenpiaisrgreriigktkvfdkshgyrimkntemKEMHIIRYADDFRIFCRTKEDAVRTKEAVTAWIEErLKLEVSPEKTRIV---NtRK 197
            **********************************************************************************999************...6677 PP

            SSEEETTEEE CS
  RVT_1 213 eevkyLGvtl 222
            +  ++LG+++
   orf1 198 RWSEFLGFKI 207
            8889999976 PP

  == domain 2  score: -2.2 bits;  conditional E-value: 0.27
            ......-THHHHCTB CS
  RVT_1  12 isllsvdykalnkli 26 
              ++s+d++ + +++
   orf1 271 ATCISIDCREFHRRV 285
            334444444444444 PP

>> NUFIP1  Nuclear fragile X mental retardation-interacting protein 1 (NUFIP1)
   #    score  bias  c-Evalue  i-Evalue hmmfrom  hmm to    alifrom  ali to    envfrom  env to     acc
 ---   ------ ----- --------- --------- ------- -------    ------- -------    ------- -------    ----
   1 ?   -2.2   0.1      0.44   4.3e+03      37      50 ..     137     150 ..     137     152 .. 0.84
   2 ?    9.1   1.5   0.00013       1.3      15      28 ..     167     180 ..     161     182 .. 0.83

  Alignments for each domain:
  == domain 1  score: -2.2 bits;  conditional E-value: 0.44
  NUFIP1  37 niekkkkaeeekkk 50 
             +i+k+ +++e+ + 
    orf1 137 RIMKNTEMKEMHII 150
             6999999*999876 PP

  == domain 2  score: 9.1 bits;  conditional E-value: 0.00013
  NUFIP1  15 letpEeIakWieER 28 
             + t+E + +WieER
    orf1 167 VRTKEAVTAWIEER 180
             78************ PP



Internal pipeline statistics summary:
-------------------------------------
Query sequence(s):                         1  (483 residues searched)
Target model(s):                       19632  (3329936 nodes)
Passed MSV filter:                       735  (0.0374389); expected 392.6 (0.02)
Passed bias filter:                      440  (0.0224124); expected 392.6 (0.02)
Passed Vit filter:                        26  (0.00132437); expected 19.6 (0.001)
Passed Fwd filter:                         2  (0.000101874); expected 0.2 (1e-05)
Initial search space (Z):              19632  [actual number of targets]
Domain search space  (domZ):               2  [number of targets reported over threshold]
# CPU time: 0.39u 0.18s 00:00:00.57 Elapsed: 00:00:00.35
# Mc/sec: 4485.41
//
[ok]
