# hmmscan :: search sequence(s) against a profile database
# HMMER 3.3.2 (Nov 2020); http://hmmer.org/
# Copyright (C) 2020 Howard Hughes Medical Institute.
# Freely distributed under the BSD open source license.
# - - - - - - - - - - - - - - - - - - - - - - - - - - - - - - - - - - - -
# query sequence file:             -
# target HMM database:             /n/eddy_lab/data/pfam-35.0/Pfam-A.hmm
# output directed to file:         ./all_windows_new/hmmscan/out/IMGVR_UViG_3300033986_000246_3300033986_Ga0310138_005627_hmmscan_output.out
# per-seq hits tabular output:     ./all_windows_new/hmmscan/tblout/IMGVR_UViG_3300033986_000246_3300033986_Ga0310138_005627_hmmscan_output.tblout
# - - - - - - - - - - - - - - - - - - - - - - - - - - - - - - - - - - - -

Query:       orf1  [L=127]
Description: source=IMGVR_UViG_3300033986_000246_3300033986_Ga0310138_005627/1280-2966 coords=1..381 length=127 frame=1 desc=
Scores for complete sequence (score includes all domains):
   --- full sequence ---   --- best 1 domain ---    -#dom-
    E-value  score  bias    E-value  score  bias    exp  N  Model    Description
    ------- ------ -----    ------- ------ -----   ---- --  -------- -----------
  ------ inclusion threshold ------
      0.042   14.1   0.8      0.068   13.4   0.8    1.3  1  Zn_clus   Fungal Zn(2)-Cys(6) binuclear cluster domain


Domain annotation for each model (and alignments):
>> Zn_clus  Fungal Zn(2)-Cys(6) binuclear cluster domain
   #    score  bias  c-Evalue  i-Evalue hmmfrom  hmm to    alifrom  ali to    envfrom  env to     acc
 ---   ------ ----- --------- --------- ------- -------    ------- -------    ------- -------    ----
   1 ?   13.4   0.8   3.5e-06     0.068       5      29 ..      75      99 ..      74     106 .. 0.91

  Alignments for each domain:
  == domain 1  score: 13.4 bits;  conditional E-value: 3.5e-06
             HHHHHTS--STSSSS-HHHHHTTHH CS
  Zn_clus  5 nCrkkKvKCdakkPaCsnCkklnle 29
             +C  +K+K + k+++Cs C+k++++
     orf1 75 TCVHQKRKGELKNGNCSTCQKSGTK 99
             59999*****************975 PP



Internal pipeline statistics summary:
-------------------------------------
Query sequence(s):                         1  (127 residues searched)
Target model(s):                       19632  (3329936 nodes)
Passed MSV filter:                       659  (0.0335676); expected 392.6 (0.02)
Passed bias filter:                      367  (0.018694); expected 392.6 (0.02)
Passed Vit filter:                        26  (0.00132437); expected 19.6 (0.001)
Passed Fwd filter:                         1  (5.09372e-05); expected 0.2 (1e-05)
Initial search space (Z):              19632  [actual number of targets]
Domain search space  (domZ):               1  [number of targets reported over threshold]
# CPU time: 0.33u 0.16s 00:00:00.49 Elapsed: 00:00:00.34
# Mc/sec: 1231.75
//
Query:       orf2  [L=134]
Description: source=IMGVR_UViG_3300033986_000246_3300033986_Ga0310138_005627/1280-2966 coords=257..658 length=134 frame=2 desc=
Scores for complete sequence (score includes all domains):
   --- full sequence ---   --- best 1 domain ---    -#dom-
    E-value  score  bias    E-value  score  bias    exp  N  Model       Description
    ------- ------ -----    ------- ------ -----   ---- --  --------    -----------
  ------ inclusion threshold ------
      0.016   15.3   0.8      0.027   14.6   0.7    1.5  1  HypA         Hydrogenase/urease nickel incorporation, metallo
      0.042   13.4   1.0       0.11   12.1   1.0    1.6  1  zf-ribbon_3  zinc-ribbon domain
      0.061   13.5   1.9         28    4.9   0.0    3.1  3  DUF6237      Family of unknown function (DUF6237)
       0.31   11.1   3.7        7.4    6.7   0.0    3.0  3  ADK_lid      Adenylate kinase, active site lid


Domain annotation for each model (and alignments):
>> HypA  Hydrogenase/urease nickel incorporation, metallochaperone, hypA
   #    score  bias  c-Evalue  i-Evalue hmmfrom  hmm to    alifrom  ali to    envfrom  env to     acc
 ---   ------ ----- --------- --------- ------- -------    ------- -------    ------- -------    ----
   1 ?   14.6   0.7   5.5e-06     0.027      65      95 ..      75     105 ..      36     111 .. 0.76

  Alignments for each domain:
  == domain 1  score: 14.6 bits;  conditional E-value: 5.5e-06
           EEE--EEEETTTTEEEECHHHHHS-TTTSSS CS
  HypA  65 eevpvsvrCreCgkefeleekalrCpkCgsa 95 
            ++p++ rC++Cg+ ++l+  + +C++Cg+ 
  orf2  75 YTEPAVGRCNRCGELVTLRGFTNTCGRCGAD 105
           57899********99999975678****984 PP

>> zf-ribbon_3  zinc-ribbon domain
   #    score  bias  c-Evalue  i-Evalue hmmfrom  hmm to    alifrom  ali to    envfrom  env to     acc
 ---   ------ ----- --------- --------- ------- -------    ------- -------    ------- -------    ----
   1 ?   12.1   1.0   2.2e-05      0.11       4      26 ..      82     105 ..      82     105 .. 0.94

  Alignments for each domain:
  == domain 1  score: 12.1 bits;  conditional E-value: 2.2e-05
  zf-ribbon_3   4 rCPnCGapp.lssddnvCpyCGtk 26 
                  rC++CG+++ l+   n+C  CG++
         orf2  82 RCNRCGELVtLRGFTNTCGRCGAD 105
                  8******99*************85 PP

>> DUF6237  Family of unknown function (DUF6237)
   #    score  bias  c-Evalue  i-Evalue hmmfrom  hmm to    alifrom  ali to    envfrom  env to     acc
 ---   ------ ----- --------- --------- ------- -------    ------- -------    ------- -------    ----
   1 ?    4.9   0.0    0.0058        28      44      68 ..      37      61 ..      32      72 .. 0.83
   2 ?    3.0   0.1     0.023   1.1e+02      16      28 ..      79      91 ..      73      94 .. 0.83
   3 ?    3.3   0.4     0.019        93      18      27 ..      97     106 ..      93     109 .. 0.82

  Alignments for each domain:
  == domain 1  score: 4.9 bits;  conditional E-value: 0.0058
  DUF6237 44 dahavwdrlapierdGfasilrtil 68
             d    +d+l+p+ r+ + + l  i+
     orf2 37 DGNVYLDQLTPVARENLNACLCGIY 61
             666779**********999998776 PP

  == domain 2  score: 3.0 bits;  conditional E-value: 0.023
  DUF6237 16 aiyrCgrCGaest 28
             a+ rC rCG+  t
     orf2 79 AVGRCNRCGELVT 91
             7789*****9766 PP

  == domain 3  score: 3.3 bits;  conditional E-value: 0.019
  DUF6237  18 yrCgrCGaes 27 
               +CgrCGa++
     orf2  97 NTCGRCGADY 106
              57*****976 PP

>> ADK_lid  Adenylate kinase, active site lid
   #    score  bias  c-Evalue  i-Evalue hmmfrom  hmm to    alifrom  ali to    envfrom  env to     acc
 ---   ------ ----- --------- --------- ------- -------    ------- -------    ------- -------    ----
   1 ?   -1.3   0.2      0.48   2.4e+03      24      29 ..      34      39 ..      33      44 .. 0.70
   2 ?    4.4   0.1    0.0078        38      21      32 ..      80      90 ..      58      94 .. 0.78
   3 ?    6.7   0.0    0.0015       7.4       3      14 ..      98     108 ..      97     117 .. 0.86

  Alignments for each domain:
  == domain 1  score: -1.3 bits;  conditional E-value: 0.48
             -TTT-- CS
  ADK_lid 24 CDkcGe 29
             CDk+G 
     orf2 34 CDKDGN 39
             777764 PP

  == domain 2  score: 4.4 bits;  conditional E-value: 0.0078
             TTB-TTT--.-B CS
  ADK_lid 21 egvCDkcGepLi 32
              g C  cGe L+
     orf2 80 VGRCNRCGE-LV 90
             589*****9.54 PP

  == domain 3  score: 6.7 bits;  conditional E-value: 0.0015
              E-TTT--EEETT CS
  ADK_lid   3 vCpnCGriYHve 14 
              +C  CG+ Y+  
     orf2  98 TCGRCGADYN-L 108
              8*********.3 PP



Internal pipeline statistics summary:
-------------------------------------
Query sequence(s):                         1  (134 residues searched)
Target model(s):                       19632  (3329936 nodes)
Passed MSV filter:                       449  (0.0228708); expected 392.6 (0.02)
Passed bias filter:                      338  (0.0172168); expected 392.6 (0.02)
Passed Vit filter:                        39  (0.00198655); expected 19.6 (0.001)
Passed Fwd filter:                         4  (0.000203749); expected 0.2 (1e-05)
Initial search space (Z):              19632  [actual number of targets]
Domain search space  (domZ):               4  [number of targets reported over threshold]
# CPU time: 0.30u 0.19s 00:00:00.49 Elapsed: 00:00:00.34
# Mc/sec: 1302.46
//
Query:       orf3  [L=122]
Description: source=IMGVR_UViG_3300033986_000246_3300033986_Ga0310138_005627/1280-2966 coords=528..893 length=122 frame=3 desc=
Scores for complete sequence (score includes all domains):
   --- full sequence ---   --- best 1 domain ---    -#dom-
    E-value  score  bias    E-value  score  bias    exp  N  Model    Description
    ------- ------ -----    ------- ------ -----   ---- --  -------- -----------

   [No hits detected that satisfy reporting thresholds]


Domain annotation for each model (and alignments):

   [No targets detected that satisfy reporting thresholds]


Internal pipeline statistics summary:
-------------------------------------
Query sequence(s):                         1  (122 residues searched)
Target model(s):                       19632  (3329936 nodes)
Passed MSV filter:                       697  (0.0355033); expected 392.6 (0.02)
Passed bias filter:                      584  (0.0297474); expected 392.6 (0.02)
Passed Vit filter:                        39  (0.00198655); expected 19.6 (0.001)
Passed Fwd filter:                         0  (0); expected 0.2 (1e-05)
Initial search space (Z):              19632  [actual number of targets]
Domain search space  (domZ):               0  [number of targets reported over threshold]
# CPU time: 0.31u 0.15s 00:00:00.46 Elapsed: 00:00:00.30
# Mc/sec: 1319.31
//
Query:       orf4  [L=102]
Description: source=IMGVR_UViG_3300033986_000246_3300033986_Ga0310138_005627/1280-2966 coords=897..1202 length=102 frame=3 desc=
Scores for complete sequence (score includes all domains):
   --- full sequence ---   --- best 1 domain ---    -#dom-
    E-value  score  bias    E-value  score  bias    exp  N  Model         Description
    ------- ------ -----    ------- ------ -----   ---- --  --------      -----------
     0.0069   16.1   4.6       0.22   11.3   0.1    3.3  3  zf_UBZ         Ubiquitin-Binding Zinc Finger
  ------ inclusion threshold ------
       0.02   14.7   0.9      0.026   14.3   0.9    1.2  1  DUF2321        Uncharacterized protein conserved in bacteria 
      0.076   12.9   3.7        5.5    7.0   0.4    2.7  2  zinc_ribbon_2  zinc-ribbon domain
       0.45   10.1   6.1        4.3    7.0   0.1    2.6  3  zf-ribbon_3    zinc-ribbon domain
       0.85   10.0   0.1       0.85   10.0   0.1    2.9  3  HNH            HNH endonuclease
          1   10.1   0.2          1   10.1   0.2    3.0  4  zf-C2H2        Zinc finger, C2H2 type
        1.5    8.9   8.5          2    8.5   3.7    2.6  2  DZR_2          Double zinc ribbon domain


Domain annotation for each model (and alignments):
>> zf_UBZ  Ubiquitin-Binding Zinc Finger
   #    score  bias  c-Evalue  i-Evalue hmmfrom  hmm to    alifrom  ali to    envfrom  env to     acc
 ---   ------ ----- --------- --------- ------- -------    ------- -------    ------- -------    ----
   1 ?    3.0   0.1     0.032        91       3       9 ..      30      36 ..      28      43 .. 0.84
   2 !   11.3   0.1   7.8e-05      0.22       4      17 ..      70      83 ..      67      85 .. 0.89
   3 ?    2.2   0.1     0.055   1.5e+02       4       8 ..      94      98 ..      92     101 .. 0.83

  Alignments for each domain:
  == domain 1  score: 3.0 bits;  conditional E-value: 0.032
  zf_UBZ  3 yvCprCg 9 
              C++Cg
    orf4 30 KKCEKCG 36
            68****8 PP

  == domain 2  score: 11.3 bits;  conditional E-value: 7.8e-05
  zf_UBZ  4 vCprCgkeipesel 17
             C++Cgk +p +el
    orf4 70 YCSDCGKAFPKDEL 83
            6**********997 PP

  == domain 3  score: 2.2 bits;  conditional E-value: 0.055
  zf_UBZ  4 vCprC 8 
            +C+rC
    orf4 94 LCDRC 98
            8**** PP

>> DUF2321  Uncharacterized protein conserved in bacteria (DUF2321)
   #    score  bias  c-Evalue  i-Evalue hmmfrom  hmm to    alifrom  ali to    envfrom  env to     acc
 ---   ------ ----- --------- --------- ------- -------    ------- -------    ------- -------    ----
   1 ?   14.3   0.9   9.3e-06     0.026      27      78 ..      30      80 ..      18      90 .. 0.85

  Alignments for each domain:
  == domain 1  score: 14.3 bits;  conditional E-value: 9.3e-06
  DUF2321 27 nfCekcGektitkcpkCsteirGkyyvegvvslgkdyevpsyCkkCGkpyPW 78
             + CekcG +  ++  +   +    +y+e+   l   y    yC+ CGk++P 
     orf4 30 KKCEKCGWEGPDDLFTVVHHYDHPDYIEDW-CLDCFYDEFDYCSDCGKAFPK 80
             4599999999999999999999999****6.888899999***********5 PP

>> zinc_ribbon_2  zinc-ribbon domain
   #    score  bias  c-Evalue  i-Evalue hmmfrom  hmm to    alifrom  ali to    envfrom  env to     acc
 ---   ------ ----- --------- --------- ------- -------    ------- -------    ------- -------    ----
   1 ?    7.0   0.4     0.002       5.5       1       9 [.      31      39 ..      25      42 .. 0.63
   2 ?    6.3   0.2    0.0033       9.4       1       7 [.      70      76 ..      68      81 .. 0.85

  Alignments for each domain:
  == domain 1  score: 7.0 bits;  conditional E-value: 0.002
  zinc_ribbon_2  1 fCpnCGaei 9 
                   +C +CG e 
           orf4 31 KCEKCGWEG 39
                   466666665 PP

  == domain 2  score: 6.3 bits;  conditional E-value: 0.0033
  zinc_ribbon_2  1 fCpnCGa 7 
                   +C+ CG+
           orf4 70 YCSDCGK 76
                   7999997 PP

>> zf-ribbon_3  zinc-ribbon domain
   #    score  bias  c-Evalue  i-Evalue hmmfrom  hmm to    alifrom  ali to    envfrom  env to     acc
 ---   ------ ----- --------- --------- ------- -------    ------- -------    ------- -------    ----
   1 ?    7.0   0.1    0.0015       4.3       2      12 ..      29      38 ..      28      44 .. 0.76
   2 ?    6.5   0.0    0.0022       6.2       3      13 ..      69      79 ..      67      83 .. 0.75
   3 ?   -3.9   0.6       4.2   1.2e+04       5       8 ..      95      98 ..      95      98 .. 0.64

  Alignments for each domain:
  == domain 1  score: 7.0 bits;  conditional E-value: 0.0015
  zf-ribbon_3  2 tvrCPnCGapp 12
                 +++C +CG+  
         orf4 29 MKKCEKCGW-E 38
                 899*****9.4 PP

  == domain 2  score: 6.5 bits;  conditional E-value: 0.0022
  zf-ribbon_3  3 vrCPnCGappl 13
                  +C+ CG+ ++
         orf4 69 DYCSDCGKAFP 79
                 69*****9655 PP

  == domain 3  score: -3.9 bits;  conditional E-value: 4.2
  zf-ribbon_3  5 CPnC 8 
                 C +C
         orf4 95 CDRC 98
                 6666 PP

>> HNH  HNH endonuclease
   #    score  bias  c-Evalue  i-Evalue hmmfrom  hmm to    alifrom  ali to    envfrom  env to     acc
 ---   ------ ----- --------- --------- ------- -------    ------- -------    ------- -------    ----
   1 ?   10.0   0.1    0.0003      0.85       1      21 [.      32      52 ..      32      59 .. 0.91
   2 ?    3.2   0.1      0.04   1.1e+02       1      15 [.      71      85 ..      71      89 .. 0.78
   3 ?   -2.0   0.3       1.7   4.6e+03      35      40 ..      93      98 ..      92      98 .. 0.75

  Alignments for each domain:
  == domain 1  score: 10.0 bits;  conditional E-value: 0.0003
          -SSSS-B-SSEE--EEEESS- CS
   HNH  1 CeyCgrkfhksdalevdHiip 21
          Ce Cg+++ +  +  v+H  +
  orf4 32 CEKCGWEGPDDLFTVVHHYDH 52
          ***********9999999765 PP

  == domain 2  score: 3.2 bits;  conditional E-value: 0.04
          -SSSS-B-SSEE--E CS
   HNH  1 CeyCgrkfhksdale 15
          C  Cg+ f k + + 
  orf4 71 CSDCGKAFPKDELND 85
          9******99975544 PP

  == domain 3  score: -2.0 bits;  conditional E-value: 1.7
          EE-HHH CS
   HNH 35 llCksC 40
          llC +C
  orf4 93 LLCDRC 98
          678887 PP

>> zf-C2H2  Zinc finger, C2H2 type
   #    score  bias  c-Evalue  i-Evalue hmmfrom  hmm to    alifrom  ali to    envfrom  env to     acc
 ---   ------ ----- --------- --------- ------- -------    ------- -------    ------- -------    ----
   1 ?    3.0   0.1     0.063   1.8e+02       2       8 ..      31      37 ..      30      51 .. 0.87
   2 ?   -3.8   0.6         7     2e+04       3       6 ..      60      63 ..      60      64 .. 0.84
   3 ?   10.1   0.2   0.00036         1       2      11 ..      70      79 ..      69      84 .. 0.86
   4 ?   -3.1   0.3       5.6   1.6e+04       6       9 ..      95      98 ..      94      99 .. 0.58

  Alignments for each domain:
  == domain 1  score: 3.0 bits;  conditional E-value: 0.063
             EETTTTE CS
  zf-C2H2  2 kCpdCgk 8 
             kC++Cg+
     orf4 31 KCEKCGW 37
             7****97 PP

  == domain 2  score: -3.8 bits;  conditional E-value: 7
             ETTT CS
  zf-C2H2  3 CpdC 6 
             C dC
     orf4 60 CLDC 63
             8899 PP

  == domain 3  score: 10.1 bits;  conditional E-value: 0.00036
             EETTTTEEES CS
  zf-C2H2  2 kCpdCgksFk 11
             +C+dCgk F+
     orf4 70 YCSDCGKAFP 79
             6********7 PP

  == domain 4  score: -3.1 bits;  conditional E-value: 5.6
             TTEE CS
  zf-C2H2  6 Cgks 9 
             C+++
     orf4 95 CDRC 98
             5554 PP

>> DZR_2  Double zinc ribbon domain
   #    score  bias  c-Evalue  i-Evalue hmmfrom  hmm to    alifrom  ali to    envfrom  env to     acc
 ---   ------ ----- --------- --------- ------- -------    ------- -------    ------- -------    ----
   1 ?    1.9   2.0     0.085   2.4e+02      37      48 ..      30      41 ..      21      64 .. 0.54
   2 ?    8.5   3.7   0.00073         2      22      55 ..      58      98 ..      54      99 .. 0.71

  Alignments for each domain:
  == domain 1  score: 1.9 bits;  conditional E-value: 0.085
  DZR_2 37 plCkrcGkplee 48
           + C++cG + ++
   orf4 30 KKCEKCGWEGPD 41
           679999986433 PP

  == domain 2  score: 8.5 bits;  conditional E-value: 0.00073
  DZR_2 22 alCaaCwkelkfieeplCkrcGkplee...........eelCgdC 55
           ++C +C+ +       +C+ cGk +++           + lC++C
   orf4 58 DWCLDCFYDE----FDYCSDCGKAFPKdelndidevgvGLLCDRC 98
           5788887665....68*******9976444445445445999999 PP



Internal pipeline statistics summary:
-------------------------------------
Query sequence(s):                         1  (102 residues searched)
Target model(s):                       19632  (3329936 nodes)
Passed MSV filter:                       680  (0.0346373); expected 392.6 (0.02)
Passed bias filter:                      425  (0.0216483); expected 392.6 (0.02)
Passed Vit filter:                        51  (0.0025978); expected 19.6 (0.001)
Passed Fwd filter:                         8  (0.000407498); expected 0.2 (1e-05)
Initial search space (Z):              19632  [actual number of targets]
Domain search space  (domZ):               7  [number of targets reported over threshold]
# CPU time: 0.32u 0.13s 00:00:00.45 Elapsed: 00:00:00.30
# Mc/sec: 1112.02
//
Query:       orf5  [L=121]
Description: source=IMGVR_UViG_3300033986_000246_3300033986_Ga0310138_005627/1280-2966 coords=1567..1205 length=121 frame=4 desc=
Scores for complete sequence (score includes all domains):
   --- full sequence ---   --- best 1 domain ---    -#dom-
    E-value  score  bias    E-value  score  bias    exp  N  Model    Description
    ------- ------ -----    ------- ------ -----   ---- --  -------- -----------

   [No hits detected that satisfy reporting thresholds]


Domain annotation for each model (and alignments):

   [No targets detected that satisfy reporting thresholds]


Internal pipeline statistics summary:
-------------------------------------
Query sequence(s):                         1  (121 residues searched)
Target model(s):                       19632  (3329936 nodes)
Passed MSV filter:                       291  (0.0148227); expected 392.6 (0.02)
Passed bias filter:                      274  (0.0139568); expected 392.6 (0.02)
Passed Vit filter:                        17  (0.000865933); expected 19.6 (0.001)
Passed Fwd filter:                         0  (0); expected 0.2 (1e-05)
Initial search space (Z):              19632  [actual number of targets]
Domain search space  (domZ):               0  [number of targets reported over threshold]
# CPU time: 0.28u 0.14s 00:00:00.42 Elapsed: 00:00:00.28
# Mc/sec: 1410.67
//
Query:       orf6  [L=122]
Description: source=IMGVR_UViG_3300033986_000246_3300033986_Ga0310138_005627/1280-2966 coords=1395..1030 length=122 frame=5 desc=
Scores for complete sequence (score includes all domains):
   --- full sequence ---   --- best 1 domain ---    -#dom-
    E-value  score  bias    E-value  score  bias    exp  N  Model       Description
    ------- ------ -----    ------- ------ -----   ---- --  --------    -----------
  ------ inclusion threshold ------
       0.33   11.1   0.1       0.33   11.1   0.1    1.8  2  His_Me_b4a2  His-Me finger endonuclease beta4-alpha2 domain


Domain annotation for each model (and alignments):
>> His_Me_b4a2  His-Me finger endonuclease beta4-alpha2 domain
   #    score  bias  c-Evalue  i-Evalue hmmfrom  hmm to    alifrom  ali to    envfrom  env to     acc
 ---   ------ ----- --------- --------- ------- -------    ------- -------    ------- -------    ----
   1 ?   11.1   0.1   1.7e-05      0.33      29      47 ..      65      83 ..      61      85 .. 0.91
   2 ?   -2.4   0.7      0.28   5.5e+03      29      43 ..      98     112 ..      94     113 .. 0.57

  Alignments for each domain:
  == domain 1  score: 11.1 bits;  conditional E-value: 1.7e-05
  His_Me_b4a2 29 nqtdakGrkttrPsCreCr 47
                 n+t   Gr++trP  r+Cr
         orf6 65 NKTLHSGRRATRPQPRQCR 83
                 889999************9 PP

  == domain 2  score: -2.4 bits;  conditional E-value: 0.28
  His_Me_b4a2  29 nqtdakGrkttrPsC 43 
                  n+t  +  + t P C
         orf6  98 NRTRRRSSRGTSPRC 112
                  445555555566655 PP



Internal pipeline statistics summary:
-------------------------------------
Query sequence(s):                         1  (122 residues searched)
Target model(s):                       19632  (3329936 nodes)
Passed MSV filter:                       488  (0.0248574); expected 392.6 (0.02)
Passed bias filter:                      282  (0.0143643); expected 392.6 (0.02)
Passed Vit filter:                        17  (0.000865933); expected 19.6 (0.001)
Passed Fwd filter:                         1  (5.09372e-05); expected 0.2 (1e-05)
Initial search space (Z):              19632  [actual number of targets]
Domain search space  (domZ):               1  [number of targets reported over threshold]
# CPU time: 0.29u 0.17s 00:00:00.46 Elapsed: 00:00:00.31
# Mc/sec: 1309.43
//
Query:       orf7  [L=93]
Description: source=IMGVR_UViG_3300033986_000246_3300033986_Ga0310138_005627/1280-2966 coords=1214..936 length=93 frame=6 desc=
Scores for complete sequence (score includes all domains):
   --- full sequence ---   --- best 1 domain ---    -#dom-
    E-value  score  bias    E-value  score  bias    exp  N  Model    Description
    ------- ------ -----    ------- ------ -----   ---- --  -------- -----------

   [No hits detected that satisfy reporting thresholds]


Domain annotation for each model (and alignments):

   [No targets detected that satisfy reporting thresholds]


Internal pipeline statistics summary:
-------------------------------------
Query sequence(s):                         1  (93 residues searched)
Target model(s):                       19632  (3329936 nodes)
Passed MSV filter:                       377  (0.0192033); expected 392.6 (0.02)
Passed bias filter:                      293  (0.0149246); expected 392.6 (0.02)
Passed Vit filter:                        18  (0.00091687); expected 19.6 (0.001)
Passed Fwd filter:                         0  (0); expected 0.2 (1e-05)
Initial search space (Z):              19632  [actual number of targets]
Domain search space  (domZ):               0  [number of targets reported over threshold]
# CPU time: 0.26u 0.16s 00:00:00.42 Elapsed: 00:00:00.29
# Mc/sec: 1052.09
//
Query:       orf8  [L=94]
Description: source=IMGVR_UViG_3300033986_000246_3300033986_Ga0310138_005627/1280-2966 coords=862..581 length=94 frame=4 desc=
Scores for complete sequence (score includes all domains):
   --- full sequence ---   --- best 1 domain ---    -#dom-
    E-value  score  bias    E-value  score  bias    exp  N  Model    Description
    ------- ------ -----    ------- ------ -----   ---- --  -------- -----------
  ------ inclusion threshold ------
       0.11   11.3   0.0       0.12   11.2   0.0    1.1  1  TctA      Tripartite tricarboxylate transporter TctA family


Domain annotation for each model (and alignments):
>> TctA  Tripartite tricarboxylate transporter TctA family
   #    score  bias  c-Evalue  i-Evalue hmmfrom  hmm to    alifrom  ali to    envfrom  env to     acc
 ---   ------ ----- --------- --------- ------- -------    ------- -------    ------- -------    ----
   1 ?   11.2   0.0   6.2e-06      0.12      49      79 ..      52      81 ..      28      91 .. 0.81

  Alignments for each domain:
  == domain 1  score: 11.2 bits;  conditional E-value: 6.2e-06
  TctA 49 yvgatfggsipaillgvPGtpssvatvldgy 79
          ++++++++++ +il+++P +p+ v+ +++g+
  orf8 52 WLSHQYTEYFLSILFSLP-DPQNVVQAFPGF 81
          479***************.***********8 PP



Internal pipeline statistics summary:
-------------------------------------
Query sequence(s):                         1  (94 residues searched)
Target model(s):                       19632  (3329936 nodes)
Passed MSV filter:                       327  (0.0166565); expected 392.6 (0.02)
Passed bias filter:                      280  (0.0142624); expected 392.6 (0.02)
Passed Vit filter:                        19  (0.000967808); expected 19.6 (0.001)
Passed Fwd filter:                         1  (5.09372e-05); expected 0.2 (1e-05)
Initial search space (Z):              19632  [actual number of targets]
Domain search space  (domZ):               1  [number of targets reported over threshold]
# CPU time: 0.29u 0.13s 00:00:00.42 Elapsed: 00:00:00.29
# Mc/sec: 1059.12
//
Query:       orf9  [L=176]
Description: source=IMGVR_UViG_3300033986_000246_3300033986_Ga0310138_005627/1280-2966 coords=529..2 length=176 frame=4 desc=
Scores for complete sequence (score includes all domains):
   --- full sequence ---   --- best 1 domain ---    -#dom-
    E-value  score  bias    E-value  score  bias    exp  N  Model    Description
    ------- ------ -----    ------- ------ -----   ---- --  -------- -----------

   [No hits detected that satisfy reporting thresholds]


Domain annotation for each model (and alignments):

   [No targets detected that satisfy reporting thresholds]


Internal pipeline statistics summary:
-------------------------------------
Query sequence(s):                         1  (176 residues searched)
Target model(s):                       19632  (3329936 nodes)
Passed MSV filter:                       389  (0.0198146); expected 392.6 (0.02)
Passed bias filter:                      315  (0.0160452); expected 392.6 (0.02)
Passed Vit filter:                        23  (0.00117156); expected 19.6 (0.001)
Passed Fwd filter:                         0  (0); expected 0.2 (1e-05)
Initial search space (Z):              19632  [actual number of targets]
Domain search space  (domZ):               0  [number of targets reported over threshold]
# CPU time: 0.28u 0.16s 00:00:00.44 Elapsed: 00:00:00.30
# Mc/sec: 1935.37
//
[ok]
