# hmmscan :: search sequence(s) against a profile database
# HMMER 3.3.2 (Nov 2020); http://hmmer.org/
# Copyright (C) 2020 Howard Hughes Medical Institute.
# Freely distributed under the BSD open source license.
# - - - - - - - - - - - - - - - - - - - - - - - - - - - - - - - - - - - -
# query sequence file:             -
# target HMM database:             /n/eddy_lab/data/pfam-35.0/Pfam-A.hmm
# output directed to file:         ./all_windows_new/hmmscan/out/IMGVR_UViG_3300029211_000145_3300029211_Ga0168693_101250_hmmscan_output.out
# per-seq hits tabular output:     ./all_windows_new/hmmscan/tblout/IMGVR_UViG_3300029211_000145_3300029211_Ga0168693_101250_hmmscan_output.tblout
# - - - - - - - - - - - - - - - - - - - - - - - - - - - - - - - - - - - -

Query:       orf1  [L=93]
Description: source=IMGVR_UViG_3300029211_000145_3300029211_Ga0168693_101250/9190-10774 coords=578..856 length=93 frame=2 desc=
Scores for complete sequence (score includes all domains):
   --- full sequence ---   --- best 1 domain ---    -#dom-
    E-value  score  bias    E-value  score  bias    exp  N  Model    Description
    ------- ------ -----    ------- ------ -----   ---- --  -------- -----------

   [No hits detected that satisfy reporting thresholds]


Domain annotation for each model (and alignments):

   [No targets detected that satisfy reporting thresholds]


Internal pipeline statistics summary:
-------------------------------------
Query sequence(s):                         1  (93 residues searched)
Target model(s):                       19632  (3329936 nodes)
Passed MSV filter:                       360  (0.0183374); expected 392.6 (0.02)
Passed bias filter:                      221  (0.0112571); expected 392.6 (0.02)
Passed Vit filter:                        14  (0.000713121); expected 19.6 (0.001)
Passed Fwd filter:                         0  (0); expected 0.2 (1e-05)
Initial search space (Z):              19632  [actual number of targets]
Domain search space  (domZ):               0  [number of targets reported over threshold]
# CPU time: 0.31u 0.19s 00:00:00.50 Elapsed: 00:00:00.36
# Mc/sec: 858.33
//
Query:       orf2  [L=111]
Description: source=IMGVR_UViG_3300029211_000145_3300029211_Ga0168693_101250/9190-10774 coords=831..1163 length=111 frame=3 desc=
Scores for complete sequence (score includes all domains):
   --- full sequence ---   --- best 1 domain ---    -#dom-
    E-value  score  bias    E-value  score  bias    exp  N  Model    Description
    ------- ------ -----    ------- ------ -----   ---- --  -------- -----------

   [No hits detected that satisfy reporting thresholds]


Domain annotation for each model (and alignments):

   [No targets detected that satisfy reporting thresholds]


Internal pipeline statistics summary:
-------------------------------------
Query sequence(s):                         1  (111 residues searched)
Target model(s):                       19632  (3329936 nodes)
Passed MSV filter:                       330  (0.0168093); expected 392.6 (0.02)
Passed bias filter:                      230  (0.0117156); expected 392.6 (0.02)
Passed Vit filter:                        12  (0.000611247); expected 19.6 (0.001)
Passed Fwd filter:                         0  (0); expected 0.2 (1e-05)
Initial search space (Z):              19632  [actual number of targets]
Domain search space  (domZ):               0  [number of targets reported over threshold]
# CPU time: 0.32u 0.19s 00:00:00.51 Elapsed: 00:00:00.36
# Mc/sec: 1017.72
//
Query:       orf3  [L=484]
Description: source=IMGVR_UViG_3300029211_000145_3300029211_Ga0168693_101250/9190-10774 coords=1..1452 length=484 frame=1 desc=
Scores for complete sequence (score includes all domains):
   --- full sequence ---   --- best 1 domain ---    -#dom-
    E-value  score  bias    E-value  score  bias    exp  N  Model    Description
    ------- ------ -----    ------- ------ -----   ---- --  -------- -----------
    7.9e-32  110.7   0.2    1.8e-31  109.5   0.0    1.7  2  RVT_1     Reverse transcriptase (RNA-dependent DNA polymerase


Domain annotation for each model (and alignments):
>> RVT_1  Reverse transcriptase (RNA-dependent DNA polymerase)
   #    score  bias  c-Evalue  i-Evalue hmmfrom  hmm to    alifrom  ali to    envfrom  env to     acc
 ---   ------ ----- --------- --------- ------- -------    ------- -------    ------- -------    ----
   1 !  109.5   0.0   9.2e-36   1.8e-31      45     222 .]       1     207 [.       1     207 [. 0.92
   2 ?   -2.5   0.0      0.17   3.2e+03      13      33 ..     272     292 ..     249     298 .. 0.78

  Alignments for each domain:
  == domain 1  score: 109.5 bits;  conditional E-value: 9.2e-36
            HHHH..............HCCHTS--EEEEEEBCCGCCCSBB-GGGGGGG-EEET...........................TEEEEESB--ST-TTHHHHHHH CS
  RVT_1  45 frpgrstldav.edllkalkkkkkaklllklDlkkaFdsvpleellrkltafkvpt.klinliksflstrsfsvrv.ngeeskgryekkglpqGsvlSPllfnl 145
            frp+rs+++av ++++    ++ + ++++++D+k++Fd+v++++l+r+++a+++++ +li +ik++l   ++ +r+ +g   +++   kg+pqG+++SPll+n+
   orf3   1 FRPNRSVEHAVqKTYTML--QRMNLHYVIEFDIKGFFDNVNHSKLMRQIWAMGIHDkQLIFIIKRIL---KAPIRMpDG---TTLIPDKGTPQGGIISPLLANI 96 
            89*******996444444..45566*****************************8615799******...555688777...78******************** PP

            HHHHHHTT-T.........................................TEEECTTEEEEEESSHHHHHHHHHHHHHHHHH.TT--BEGGG-EEE......E CS
  RVT_1 146 fmnellrelrkra...................................kgvtllrYaDDililskskeelqelleaveewlke.sglkinpeKtklvlftv.ks 212
            ++nel++ +++++                                   k+ +++rYaDD+ i++++ke++ +  eav +w+ e  +l+++peKt++v   + ++
   orf3  97 VLNELDKWVESQWqnhplvkeygyerkirnsitfdrskafpkmrktglKEMYIVRYADDFRIFCRNKEDALRTKEAVTAWITErLRLEVSPEKTRIV---NvRK 197
            *********************************************************************************9989************...6699 PP

            SSEEETTEEE CS
  RVT_1 213 eevkyLGvtl 222
            +  ++LG+++
   orf3 198 RYSEFLGFKI 207
            9999**9986 PP

  == domain 2  score: -2.5 bits;  conditional E-value: 0.17
            .....-THHHHCTB--..... CS
  RVT_1  13 sllsvdykalnkliakrLkdv 33 
             ++s+d++++ + +   L++ 
   orf3 272 TCISIDCRKIHRQVMTVLTNR 292
            577888888888887766654 PP



Internal pipeline statistics summary:
-------------------------------------
Query sequence(s):                         1  (484 residues searched)
Target model(s):                       19632  (3329936 nodes)
Passed MSV filter:                       614  (0.0312755); expected 392.6 (0.02)
Passed bias filter:                      493  (0.0251121); expected 392.6 (0.02)
Passed Vit filter:                        41  (0.00208843); expected 19.6 (0.001)
Passed Fwd filter:                         1  (5.09372e-05); expected 0.2 (1e-05)
Initial search space (Z):              19632  [actual number of targets]
Domain search space  (domZ):               1  [number of targets repQuery:       orf4  [L=309]
Description: source=IMGVR_UViG_3300029211_000145_3300029211_Ga0168693_101Query:       orf4  [L=109]
Description: source=IMGVR_UViG_3300029211_000145_3300029211_Ga0168693_101250/9190-10774 coords=597..271 length=109 frame=5 desc=
Scores for complete sequence (score includes all domains):
   --- full sequence ---   --- best 1 domain ---    -#dom-
    E-value  score  bias    E-value  score  bias    exp  N  Model     Description
    ------- ------ -----    ------- ------ -----   ---- --  --------  -----------
  ------ inclusion threshold ------
      0.033   14.1   0.1      0.041   13.8   0.1    1.2  1  ASFV_J13L  African swine fever virus J13L protein


Domain annotation for each model (and alignments):
>> ASFV_J13L  African swine fever virus J13L protein
   #    score  bias  c-Evalue  i-Evalue hmmfrom  hmm to    alifrom  ali to    envfrom  env to     acc
 ---   ------ ----- --------- --------- ------- -------    ------- -------    ------- -------    ----
   1 ?   13.8   0.1   2.1e-06     0.041       2      24 ..      51      72 ..      50      92 .. 0.86

  Alignments for each domain:
  == domain 1  score: 13.8 bits;  conditional E-value: 2.1e-06
  ASFV_J13L  2 dseffqpvyprhygeclssvsap 24
               d  ffqp +p h+gecl++v + 
       orf4 51 DIHFFQPCFP-HFGECLAPVKSN 72
               678******9.9*******9865 PP



Internal pipeline statistics summary:
-------------------------------------
Query sequence(s):                         1  (109 residues searched)
Target model(s):                       19632  (3329936 nodes)
Passed MSV filter:                       195  (0.00993276); expected 392.6 (0.02)
Passed bias filter:                      172  (0.00876121); expected 392.6 (0.02)
Passed Vit filter:                         7  (0.000356561); expected 19.6 (0.001)
Passed Fwd filter:                         1  (5.09372e-05); expected 0.2 (1e-05)
Initial search space (Z):              19632  [actual number of targets]
Domain search space  (domZ):               1  [number of targets reported over threshold]
# CPU time: 0.32u 0.15s 00:00:00.47 Elapsed: 00:00:00.32
# Mc/sec: 1122.95
//
Query:       orf5  [L=158]
Description: source=IMGVR_UViG_3300029211_000145_3300029211_Ga0168693_101250/9190-10774 coords=593..120 length=158 frame=6 desc=
Scores for complete sequence (score includes all domains):
   --- full sequence ---   --- best 1 domain ---    -#dom-
    E-value  score  bias    E-value  score  bias    exp  N  Model    Description
    ------- ------ -----    ------- ------ -----   ---- --  -------- -----------

   [No hits detected that satisfy reporting thresholds]


Domain annotation for each model (and alignments):

   [No targets detected that satisfy reporting thresholds]


Internal pipeline statistics summary:
-------------------------------------
Query sequence(s):                         1  (158 residues searched)
Target model(s):                       19632  (3329936 nodes)
Passed MSV filter:                       521  (0.0265383); expected 392.6 (0.02)
Passed bias filter:                      301  (0.0153321); expected 392.6 (0.02)
Passed Vit filter:                        21  (0.00106968); expected 19.6 (0.001)
Passed Fwd filter:                         0  (0); expected 0.2 (1e-05)
Initial search space (Z):              19632  [actual number of targets]
Domain search space  (domZ):               0  [number of targets reported over threshold]
# CPU time: 0.32u 0.15s 00:00:00.47 Elapsed: 00:00:00.32
# Mc/sec: 1622.18
//
[ok]
*987666666644455666666679******* PP

  TrwB_AAD_bind  82 aeiktkadfaelAaaliped...gessdpfWaeaarkvlae 119
                    a i++++d+ +l   li ++   g+  d+fW++a r   ++
           orf4 253 AYIHSEKDILKLVTTLIANTkgeGKAGDDFWVSATRSQTVK 293
                    *****************98764566789*****99975555 PP

>> P-loop_TraG  TraG P-loop domain
   #    score  bias  c-Evalue  i-Evalue hmmfrom  hmm to    alifrom  ali to    envfrom  env to     acc
 ---   ------ ----- --------- --------- ------- -------    ------- -------    ------- -------    ----
   1 ?   13.0   0.0     1e-05     0.033      17      67 ..     149     205 ..     140     261 .. 0.69

  Alignments for each domain:
  == domain 1  score: 13.0 bits;  conditional E-value: 1e-05
  P-loop_TraG  17 lsdepmkkgiitnrnklilGpsGsGksfft...n..hlvrsyyeqg.ahvvlvdvGh 67 
                  +  +p +  +  n+n l++G+sGsGk+ f    n  ++  sy+ ++    +lv+ G+
         orf4 149 MNSRPKDPKTARNKNVLVIGGSGSGKTRFWlkpNlmQMHSSYVVTDpKGTILVECGK 205
                  56678888999***************8653121211233344333313455666665 PP

>> AAA_19  AAA domain
   #    score  bias  c-Evalue  i-Evalue hmmfrom  hmm to    alifrom  ali to    envfrom  env to     acc
 ---   ------ ----- --------- --------- ------- -------    ------- -------    ------- -------    ----
   1 ?   13.4   0.0   2.3e-05     0.074       7      26 ..     158     177 ..     155     207 .. 0.88

  Alignments for each domain:
  == domain 1  score: 13.4 bits;  conditional E-value: 2.3e-05
  AAA_19   7 alkekvllvtaGpGtGKTrt 26 
             ++++k++lv++G G+GKTr 
    orf4 158 TARNKNVLVIGGSGSGKTRF 177
             56899*************96 PP

>> DEAD  DEAD/DEAH box helicase
   #    score  bias  c-Evalue  i-Evalue hmmfrom  hmm to    alifrom  ali to    envfrom  env to     acc
 ---   ------ ----- --------- --------- ------- -------    ------- -------    ------- -------    ----
   1 ?   10.7   0.0   0.00011      0.35      11      49 ..     158     196 ..     155     250 .. 0.80
   2 ?   -2.8   0.0       1.5   4.9e+03     144     175 ..     264     294 ..     254     295 .. 0.57

  Alignments for each domain:
  == domain 1  score: 10.7 bits;  conditional E-value: 0.00011
           HHTTHEEEEEESTTSSHHHHHHHHHHHHHHHSTTCTSSE CS
           xxxxxxxxxxxxxxxxxxxxxxxxxxxxxxxxxxxxxxx RF
  DEAD  11 ilgggdvlvaaeTGsGKTlaflipvlqivyetkgktgpk 49 
           + ++++vlv +  GsGKT  +l p l ++ ++   t pk
  orf4 158 TARNKNVLVIGGSGSGKTRFWLKPNLMQMHSSYVVTDPK 196
           55789*******************998876663333333 PP

  == domain 2  score: -2.8 bits;  conditional E-value: 1.5
           HHHHHSHHHHCCST.TTSEEEEEESSBSHHHHH CS
           xxxxxxxxxxxxxx.xxxxxxxxxxxxxxxxxx RF
  DEAD 144 rilnqlpqitcdgk.lqrqvivlSATlpkdvkk 175
            + + +++++ +gk  +     +SAT +++vk 
  orf4 264 LVTTLIANTKGEGKaGD--DFWVSATRSQTVKS 294
           44444444444444333..67788888888875 PP

>> FtsK_SpoIIIE  FtsK/SpoIIIE family
   #    score  bias  c-Evalue  i-Evalue hmmfrom  hmm to    alifrom  ali to    envfrom  env to     acc
 ---   ------ ----- --------- --------- ------- -------    ------- -------    ------- -------    ----
   1 ?   10.2   0.0   0.00012      0.39      39      55 ..     159     177 ..     136     193 .. 0.85

  Alignments for each domain:
  == domain 1  score: 10.2 bits;  conditional E-value: 0.00012
                   -...SEEEE--TTSSHHHH CS
  FtsK_SpoIIIE  39 a..shllvaGatgsGKSta 55 
                   a   ++lv+G++gsGK+ +
          orf4 159 ArnKNVLVIGGSGSGKTRF 177
                   2456************986 PP



Internal pipeline statistics summary:
-------------------------------------
Query sequence(s):                         1  (309 residues searched)
Target model(s):                       19632  (3329936 nodes)
Passed MSV filter:                       546  (0.0278117); expected 392.6 (0.02)
Passed bias filter:                      501  (0.0255196); expected 392.6 (0.02)
Passed Vit filter:                        64  (0.00325998); expected 19.6 (0.001)
Passed Fwd filter:                         6  (0.000305623); expected 0.2 (1e-05)
Initial search space (Z):              19632  [actual number of targets]
Domain search space  (domZ):               6  [number of targets reported over threshold]
# CPU time: 0.39u 0.18s 00:00:00.57 Elapsed: 00:00:00.36
# Mc/sec: 2837.91
//
Query:       orf5  [L=315]
Description: source=IMGVR_UViG_3300029211_000145_3300029211_Ga0168693_101250/6592-8286 coords=1550..606 length=315 frame=5 desc=
Scores for complete sequence (score includes all domains):
   --- full sequence ---   --- best 1 domain ---    -#dom-
    E-value  score  bias    E-value  score  bias    exp  N  Model    Description
    ------- ------ -----    ------- ------ -----   ---- --  -------- -----------

   [No hits detected that satisfy reporting thresholds]


Domain annotation for each model (and alignments):

   [No targets detected that satisfy reporting thresholds]


Internal pipeline statistics summary:
-------------------------------------
Query sequence(s):                         1  (315 residues searched)
Target model(s):                       19632  (3329936 nodes)
Passed MSV filter:                       444  (0.0226161); expected 392.6 (0.02)
Passed bias filter:                      346  (0.0176243); expected 392.6 (0.02)
Passed Vit filter:                        17  (0.000865933); expected 19.6 (0.001)
Passed Fwd filter:                         0  (0); expected 0.2 (1e-05)
Initial search space (Z):              19632  [actual number of targets]
Domain search space  (domZ):               0  [number of targets reported over threshold]
# CPU time: 0.34u 0.16s 00:00:00.50 Elapsed: 00:00:00.32
# Mc/sec: 3257.88
//
Query:       orf6  [L=222]
Description: source=IMGVR_UViG_3300029211_000145_3300029211_Ga0168693_101250/6592-8286 coords=666..1 length=222 frame=4 desc=
Scores for complete sequence (score includes all domains):
   --- full sequence ---   --- best 1 domain ---    -#dom-
    E-value  score  bias    E-value  score  bias    exp  N  Model    Description
    ------- ------ -----    ------- ------ -----   ---- --  -------- -----------
  ------ inclusion threshold ------
      0.026   14.2   0.3      0.036   13.7   0.3    1.2  1  DUF6369   Family of unknown function (DUF6369)


Domain annotation for each model (and alignments):
>> DUF6369  Family of unknown function (DUF6369)
   #    score  bias  c-Evalue  i-Evalue hmmfrom  hmm to    alifrom  ali to    envfrom  env to     acc
 ---   ------ ----- --------- --------- ------- -------    ------- -------    ------- -------    ----
   1 ?   13.7   0.3   1.8e-06     0.036     291     319 ..      37      65 ..      20      82 .. 0.87

  Alignments for each domain:
  == domain 1  score: 13.7 bits;  conditional E-value: 1.8e-06
  DUF6369 291 fnllqtielyegifGkGlGsafyiPWfey 319
              f  l+ ++l+ g+fGkG G + +iP fe 
     orf6  37 FRFLRLFHLFAGVFGKGSGQSIHIPPFEE 65 
              77889999*******************95 PP



Internal pipeline statistics summary:
-------------------------------------
Query sequence(s):                         1  (222 residues searched)
Target model(s):                       19632  (3329936 nodes)
Passed MSV filter:                       215  (0.0109515); expected 392.6 (0.02)
Passed bias filter:                      189  (0.00962714); expected 392.6 (0.02)
Passed Vit filter:                        10  (0.000509372); expected 19.6 (0.001)
Passed Fwd filter:                         1  (5.09372e-05); expected 0.2 (1e-05)
Initial search space (Z):              19632  [actual number of targets]
Domain search space  (domZ):               1  [number of targets reported over threshold]
# CPU time: 0.30u 0.15s 00:00:00.44 Elapsed: 00:00:00.30
# Mc/sec: 2418.40
//
[ok]
