# hmmscan :: search sequence(s) against a profile database
# HMMER 3.3.2 (Nov 2020); http://hmmer.org/
# Copyright (C) 2020 Howard Hughes Medical Institute.
# Freely distributed under the BSD open source license.
# - - - - - - - - - - - - - - - - - - - - - - - - - - - - - - - - - - - -
# query sequence file:             -
# target HMM database:             /n/eddy_lab/data/pfam-35.0/Pfam-A.hmm
# output directed to file:         ./all_windows_new/hmmscan/out/IMGVR_UViG_2529292907_000021_2529292907_2529367056_1-42935_hmmscan_output.out
# per-seq hits tabular output:     ./all_windows_new/hmmscan/tblout/IMGVR_UViG_2529292907_000021_2529292907_2529367056_1-42935_hmmscan_output.tblout
# - - - - - - - - - - - - - - - - - - - - - - - - - - - - - - - - - - - -

Query:       orf1  [L=243]
Description: source=IMGVR_UViG_2529292907_000021_2529292907_2529367056_1-42935/1-822 coords=1..729 length=243 frame=1 desc=
Scores for complete sequence (score includes all domains):
   --- full sequence ---   --- best 1 domain ---    -#dom-
    E-value  score  bias    E-value  score  bias    exp  N  Model    Description
    ------- ------ -----    ------- ------ -----   ---- --  -------- -----------
    4.4e-12   46.0   0.9    8.8e-12   45.0   0.9    1.6  1  GIIM      Group II intron, maturase-specific domain
    4.4e-07   29.8   0.0    7.9e-07   28.9   0.0    1.3  1  RVT_1     Reverse transcriptase (RNA-dependent DNA polymerase


Domain annotation for each model (and alignments):
>> GIIM  Group II intron, maturase-specific domain
   #    score  bias  c-Evalue  i-Evalue hmmfrom  hmm to    alifrom  ali to    envfrom  env to     acc
 ---   ------ ----- --------- --------- ------- -------    ------- -------    ------- -------    ----
   1 !   45.0   0.9     9e-16   8.8e-12       3      69 ..      96     162 ..      94     182 .. 0.83

  Alignments for each domain:
  == domain 1  score: 45.0 bits;  conditional E-value: 9e-16
  GIIM   3 rfkrkireltkrsskgvsleelirklnpiirGWanYyrlv.vakrvfskldhyirrrLrrwllrkhkk 69 
           +f + +  l+   + + s  +++++ln+ ++GWa +y++v   ++vfs++d+ ++++L++wl rk+++
  orf1  96 NFAASLTALL-SGNYSESKVDMAEQLNRKLKGWAMFYQFVdFKAKVFSYIDRVVFWKLAHWLARKYRT 162
           6666777777.555788889********************88889*********************98 PP

>> RVT_1  Reverse transcriptase (RNA-dependent DNA polymerase)
   #    score  bias  c-Evalue  i-Evalue hmmfrom  hmm to    alifrom  ali to    envfrom  env to     acc
 ---   ------ ----- --------- --------- ------- -------    ------- -------    ------- -------    ----
   1 !   28.9   0.0     8e-11   7.9e-07     159     222 .]      11      73 ..       2      73 .. 0.89

  Alignments for each domain:
  == domain 1  score: 28.9 bits;  conditional E-value: 8e-11
            ...TEEECTTEEEEEESS.HHHHHHHHHHHHHHHHH.TT--BEGGG-EEE.....ESSEEETTEEE CS
  RVT_1 159 kgvtllrYaDDililsks.keelqelleaveewlke.sglkinpeKtklvlftvkseevkyLGvtl 222
            + v ++rYaDD+++++k+ k +++++ e+++  l+   +l++n++Ktk+++    ++ + +LG+++
   orf1  11 PAVAYCRYADDFVLIVKGtKAQAEAIREECRGVLEGsLKLRLNMDKTKITH---VNDGFIFLGHRI 73 
            5789**************7888************9879************9...999999999875 PP



Internal pipeline statistics summary:
-------------------------------------
Query sequence(s):                         1  (243 residues searched)
Target model(s):                       19632  (3329936 nodes)
Passed MSV filter:                       537  (0.0273533); expected 392.6 (0.02)
Passed bias filter:                      450  (0.0229218); expected 392.6 (0.02)
Passed Vit filter:                        31  (0.00157905); expected 19.6 (0.001)
Passed Fwd filter:                         2  (0.000101874); expected 0.2 (1e-05)
Initial search space (Z):              19632  [actual number of targets]
Domain search space  (domZ):               2  [number of targets reported over threshold]
# CPU time: 0.34u 0.17s 00:00:00.51 Elapsed: 00:00:00.33
# Mc/sec: 2390.84
//
[ok]
