# hmmscan :: search sequence(s) against a profile database
# HMMER 3.3.2 (Nov 2020); http://hmmer.org/
# Copyright (C) 2020 Howard Hughes Medical Institute.
# Freely distributed under the BSD open source license.
# - - - - - - - - - - - - - - - - - - - - - - - - - - - - - - - - - - - -
# query sequence file:             -
# target HMM database:             /n/eddy_lab/data/pfam-35.0/Pfam-A.hmm
# output directed to file:         ./all_windows_new/hmmscan/out/IMGVR_UViG_3300050587_000091_3300050587_Ga0531111_001542_hmmscan_output.out
# per-seq hits tabular output:     ./all_windows_new/hmmscan/tblout/IMGVR_UViG_3300050587_000091_3300050587_Ga0531111_001542_hmmscan_output.tblout
# - - - - - - - - - - - - - - - - - - - - - - - - - - - - - - - - - - - -

Query:       orf1  [L=344]
Description: source=IMGVR_UViG_3300050587_000091_3300050587_Ga0531111_001542/22739-21149 coords=1180..149 length=344 frame=4 desc=
Scores for complete sequence (score includes all domains):
   --- full sequence ---   --- best 1 domain ---    -#dom-
    E-value  score  bias    E-value  score  bias    exp  N  Model    Description
    ------- ------ -----    ------- ------ -----   ---- --  -------- -----------
    3.4e-07   30.2   7.4    1.4e-06   28.2   7.4    2.2  1  SEC-C     SEC-C motif
    5.8e-06   27.0   2.4    5.8e-06   27.0   2.4    2.2  2  CxxCxxCC  Putative zinc- or iron-chelating domain
  ------ inclusion threshold ------
       0.12   12.5   0.1       0.19   11.8   0.1    1.2  1  DUF6261   Family of unknown function (DUF6261)


Domain annotation for each model (and alignments):
>> SEC-C  SEC-C motif
   #    score  bias  c-Evalue  i-Evalue hmmfrom  hmm to    alifrom  ali to    envfrom  env to     acc
 ---   ------ ----- --------- --------- ------- -------    ------- -------    ------- -------    ----
   1 !   28.2   7.4   2.2e-10   1.4e-06       4      18 ..      95     109 ..      94     110 .. 0.92

  Alignments for each domain:
  == domain 1  score: 28.2 bits;  conditional E-value: 2.2e-10
  SEC-C   4 pCPCGSGkKYKkCCg 18 
             CPCGSG KYKkCC 
   orf1  95 RCPCGSGIKYKKCCL 109
            6*************6 PP

>> CxxCxxCC  Putative zinc- or iron-chelating domain
   #    score  bias  c-Evalue  i-Evalue hmmfrom  hmm to    alifrom  ali to    envfrom  env to     acc
 ---   ------ ----- --------- --------- ------- -------    ------- -------    ------- -------    ----
   1 ?   -1.3   0.1       0.6     4e+03       7      25 ..     106     123 ..     102     157 .. 0.57
   2 !   27.0   2.4   8.8e-10   5.8e-06       2      69 ..     182     274 ..     181     291 .. 0.70

  Alignments for each domain:
  == domain 1  score: -1.3 bits;  conditional E-value: 0.6
  CxxCxxCC   7 aCCkelkvklteedlerlk 25 
               +CC ++  k  +   ++ +
      orf1 106 KCCLDT-GKQFYSIGKNYQ 123
               799833.333333333333 PP

  == domain 2  score: 27.0 bits;  conditional E-value: 8.8e-10
  CxxCxxCC   2 Cke.CgaCCkelkvklteedlerlkaaevaeeeeeskkiak..........................adgrCvfldeetklCkiYeeRpkicrlf 69 
               Ck  C++CC+ l v++ + + e ++++     ++e+ + ++                           + +C fl++e + C+iY+ Rp  cr++
      orf1 182 CKIgCNTCCN-LIVEISPIEAELIRQYVLLYFDKEQLRSMQertssnyssyleyrkvhgssmneylkYNIPCSFLSNE-GVCTIYKVRPFNCRNH 274
               7766******.555555555554444333222222222222346666666777888999999999999**********.6*************76 PP

>> DUF6261  Family of unknown function (DUF6261)
   #    score  bias  c-Evalue  i-Evalue hmmfrom  hmm to    alifrom  ali to    envfrom  env to     acc
 ---   ------ ----- --------- --------- ------- -------    ------- -------    ------- -------    ----
   1 ?   11.8   0.1   2.9e-05      0.19       8      45 ..     130     167 ..     127     175 .. 0.86

  Alignments for each domain:
  == domain 1  score: 11.8 bits;  conditional E-value: 2.9e-05
  DUF6261   8 DkeRDkalsglravvraylkspdaeekeAakrLkqvlk 45 
              DkeRDk +s +   +++++ +++ +e+eA k L+++ +
     orf1 130 DKERDKKYSDMILDFQNNKLHTIRNESEALKALEELYQ 167
              9*************************999988876654 PP



Internal pipeline statistics summary:
-------------------------------------
Query sequence(s):                         1  (344 residues searched)
Target model(s):                       19632  (3329936 nodes)
Passed MSV filter:                       715  (0.0364201); expected 392.6 (0.02)
Passed bias filter:                      385  (0.0196108); expected 392.6 (0.02)
Passed Vit filter:                        39  (0.00198655); expected 19.6 (0.001)
Passed Fwd filter:                         3  (0.000152812); expected 0.2 (1e-05)
Initial search space (Z):              19632  [actual number of targets]
Domain search space  (domZ):               3  [number of targets reported over threshold]
# CPU time: 0.35u 0.20s 00:00:00.55 Elapsed: 00:00:00.38
# Mc/sec: 2994.96
//
[ok]
