# hmmscan :: search sequence(s) against a profile database
# HMMER 3.3.2 (Nov 2020); http://hmmer.org/
# Copyright (C) 2020 Howard Hughes Medical Institute.
# Freely distributed under the BSD open source license.
# - - - - - - - - - - - - - - - - - - - - - - - - - - - - - - - - - - - -
# query sequence file:             -
# target HMM database:             /n/eddy_lab/data/pfam-35.0/Pfam-A.hmm
# output directed to file:         ./all_windows_new/hmmscan/out/IMGVR_UViG_3300029786_000234_3300029786_Ga0243817_1004025_hmmscan_output.out
# per-seq hits tabular output:     ./all_windows_new/hmmscan/tblout/IMGVR_UViG_3300029786_000234_3300029786_Ga0243817_1004025_hmmscan_output.tblout
# - - - - - - - - - - - - - - - - - - - - - - - - - - - - - - - - - - - -

Query:       orf1  [L=497]
Description: source=IMGVR_UViG_3300029786_000234_3300029786_Ga0243817_1004025/1688-104 coords=1..1491 length=497 frame=1 desc=
Scores for complete sequence (score includes all domains):
   --- full sequence ---   --- best 1 domain ---    -#dom-
    E-value  score  bias    E-value  score  bias    exp  N  Model    Description
    ------- ------ -----    ------- ------ -----   ---- --  -------- -----------
    1.5e-27   96.7   0.0    3.1e-27   95.7   0.0    1.5  1  RVT_1     Reverse transcriptase (RNA-dependent DNA polymerase
     0.0043   17.3   0.1      0.012   15.9   0.1    1.8  1  HNH       HNH endonuclease


Domain annotation for each model (and alignments):
>> RVT_1  Reverse transcriptase (RNA-dependent DNA polymerase)
   #    score  bias  c-Evalue  i-Evalue hmmfrom  hmm to    alifrom  ali to    envfrom  env to     acc
 ---   ------ ----- --------- --------- ------- -------    ------- -------    ------- -------    ----
   1 !   95.7   0.0   3.1e-31   3.1e-27      62     222 .]      11     199 ..       1     199 [. 0.89

  Alignments for each domain:
  == domain 1  score: 95.7 bits;  conditional E-value: 3.1e-31
            HCCHTS--EEEEEEBCCGCCCSBB-GGGGGGG-EEET...........................TEEEEESB--ST-TTHHHHHHHHHHHHHTT-T........ CS
  RVT_1  62 lkkkkkaklllklDlkkaFdsvpleellrkltafkvptk.linliksflstrsfsvrv.ngeeskgryekkglpqGsvlSPllfnlfmnellrelrkra..... 158
            l +k + ++++++D+k++Fd+v++++l+++l+++++++k l+ +i+++l+ +   + + +g+   +   +kg+pqG+++SPll+n+++nel++ +++++     
   orf1  11 LMQKSGLHYVVEFDIKGFFDNVDHSKLIKQLWSLNIRDKeLLYVIRRILKAP---ILMpDGN---TEHPTKGTPQGGIISPLLANVVLNELDHWIESQWqcnpv 108
            45677889****************************8652667788888433...4555664...456789********************************* PP

            ...............................TEEECTTEEEEEESSHHHHHHHHHHHHHHHHH.TT--BEGGG-EEE......ESSEEETTEEE CS
  RVT_1 159 ............................kgvtllrYaDDililskskeelqelleaveewlke.sglkinpeKtklvlftv.kseevkyLGvtl 222
                                        k+ +++rYaDD+ il++++e++++ l av +wlke  +l ++peKt++v     +++  ++LG+++
   orf1 109 tenyayrenaagcpiqshayramrntrlKEMYIVRYADDFRILCRTREQADRTLIAVTQWLKErLRLDVSPEKTRVV---DvRRSYSEFLGFKI 199
            ***************************************************************99************...44788888999875 PP

>> HNH  HNH endonuclease
   #    score  bias  c-Evalue  i-Evalue hmmfrom  hmm to    alifrom  ali to    envfrom  env to     acc
 ---   ------ ----- --------- --------- ------- -------    ------- -------    ------- -------    ----
   1 !   15.9   0.1   1.2e-06     0.012       5      36 ..     398     429 ..     393     431 .. 0.86

  Alignments for each domain:
  == domain 1  score: 15.9 bits;  conditional E-value: 1.2e-06
           S-B-SSEE--EEEESS-TTTT--BSGGGEEEE CS
   HNH   5 grkfhksdalevdHiipisqggaddieNlqll 36 
           g+kf   ++ +++H++p+  gg+d +eNl+l+
  orf1 398 GKKFQCITEIHCHHKKPKGIGGRDKYENLVLV 429
           566666699********************985 PP



Internal pipeline statistics summary:
-------------------------------------
Query sequence(s):                         1  (497 residues searched)
Target model(s):                       19632  (3329936 nodes)
Passed MSV filter:                       664  (0.0338223); expected 392.6 (0.02)
Passed bias filter:                      471  (0.0239914); expected 392.6 (0.02)
Passed Vit filter:                        36  (0.00183374); expected 19.6 (0.001)
Passed Fwd filter:                         2  (0.000101874); expected 0.2 (1e-05)
Initial search space (Z):              19632  [actual number of targets]
Domain search space  (domZ):               2  [number of targets reported over threshold]
# CPU time: 0.43u 0.20s 00:00:00.63 Elapsed: 00:00:00.37
# Mc/sec: 4410.66
//
Query:       orf2  [L=91]
Description: source=IMGVR_UViG_3300029786_000234_3300029786_Ga0243817_1004025/1688-104 coords=531..259 length=91 frame=5 desc=
Scores for complete sequence (score includes all domains):
   --- full sequence ---   --- best 1 domain ---    -#dom-
    E-value  score  bias    E-value  score  bias    exp  N  Model    Description
    ------- ------ -----    ------- ------ -----   ---- --  -------- -----------

   [No hits detected that satisfy reporting thresholds]


Domain annotation for each model (and alignments):

   [No targets detected that satisfy reporting thresholds]


Internal pipeline statistics summary:
-------------------------------------
Query sequence(s):                         1  (91 residues searched)
Target model(s):                       19632  (3329936 nodes)
Passed MSV filter:                       335  (0.017064); expected 392.6 (0.02)
Passed bias filter:                      204  (0.0103912); expected 392.6 (0.02)
Passed Vit filter:                        15  (0.000764059); expected 19.6 (0.001)
Passed Fwd filter:                         0  (0); expected 0.2 (1e-05)
Initial search space (Z):              19632  [actual number of targets]
Domain search space  (domZ): Query:       orf2  [L=379]
Description: source=IMGVR_UViG_3300029786_000234_3300029786_Ga0243817_1004025/4325-2617 coords=295..1431 length=379 frame=1 desc=
Scores for complete sequence (score includes all domains):
   --- full sequence ---   --- best 1 domain ---    -#dom-
    E-value  score  bias    E-value  score  bias    exp  N  Model    Description
    ------- ------ -----    ------- ------ -----   ---- --  -------- -----------

   [No hits detected that satisfy reporting thresholds]


Domain annotation for each model (and alignments):

   [No targets detected that satisfy reporting thresholds]


Internal pipeline statistics summary:
-------------------------------------
Query sequence(s):                         1  (379 residues searched)
Target model(s):                       19632  (3329936 nodes)
Passed MSV filter:                      1830  (0.0932152); expected 392.6 (0.02)
Passed bias filter:                      831  (0.0423289); expected 392.6 (0.02)
Passed Vit filter:                        74  (0.00376936); expected 19.6 (0.001)
Passed Fwd filter:                         0  (0); expected 0.2 (1e-05)
Initial search space (Z):              19632  [actual number of targets]
Domain search space  (domZ):               0  [number of targets reported over threshold]
# CPU time: 0.45u 0.17s 00:00:00.62 Elapsed: 00:00:00.33
# Mc/sec: 3775.63
//
Query:       orf3  [L=95]
Description: source=IMGVR_UViG_3300029786_000234_3300029786_Ga0243817_1004025/4325-2617 coords=1554..1270 length=95 frame=6 desc=
Scores for complete sequence (score includes all domains):
   --- full sequence ---   --- best 1 domain ---    -#dom-
    E-value  score  bias    E-value  score  bias    exp  N  Model    Description
    ------- ------ -----    ------- ------ -----   ---- --  -------- -----------

   [No hits detected that satisfy reporting thresholds]


Domain annotation for each model (and alignments):

   [No targets detected that satisfy reporting thresholds]


Internal pipeline statistics summary:
-------------------------------------
Query sequence(s):                         1  (95 residues searched)
Target model(s):                       19632  (3329936 nodes)
Passed MSV filter:                       201  (0.0102384); expected 392.6 (0.02)
Passed bias filter:                      176  (0.00896496); expected 392.6 (0.02)
Passed Vit filter:                        10  (0.000509372); expected 19.6 (0.001)
Passed Fwd filter:                         0  (0); expected 0.2 (1e-05)
Initial search space (Z):              19632  [actual number of targets]
Domain search space  (domZ):               0  [number of targets reported over threshold]
# CPU time: 0.31u 0.17s 00:00:00.48 Elapsed: 00:00:00.32
# Mc/sec: 967.73
//
Query:       orf4  [L=128]
Description: source=IMGVR_UViG_3300029786_000234_3300029786_Ga0243817_1004025/4325-2617 coords=1469..1086 length=128 frame=4 desc=
Scores for complete sequence (score includes all domains):
   --- full sequence ---   --- best 1 domain ---    -#dom-
    E-value  score  bias    E-value  score  bias    exp  N  Model    Description
    ------- ------ -----    ------- ------ -----   ---- --  -------- -----------

   [No hits detected that satisfy reporting thresholds]


Domain annotation for each model (and alignments):

   [No targets detected that satisfy reporting thresholds]


Internal pipeline statistics summary:
-------------------------------------
Query sequence(s):                         1  (128 residues searched)
Target model(s):                       19632  (3329936 nodes)
Passed MSV filter:                       379  (0.0193052); expected 392.6 (0.02)
Passed bias filter:                      287  (0.014619); expected 392.6 (0.02)
Passed Vit filter:                        10  (0.000509372); expected 19.6 (0.001)
Passed Fwd filter:                         0  (0); expected 0.2 (1e-05)
Initial search space (Z):              19632  [actual number of targets]
Domain search space  (domZ):               0  [number of targets reported over threshold]
# CPU time: 0.35u 0.19s 00:00:00.54 Elapsed: 00:00:00.34
# Mc/sec: 1233.19
//
Query:       orf5  [L=108]
Description: source=IMGVR_UViG_3300029786_000234_3300029786_Ga0243817_1004025/4325-2617 coords=1046..723 length=108 frame=4 desc=
Scores for complete sequence (score includes all domains):
   --- full sequence ---   --- best 1 domain ---    -#dom-
    E-value  score  bias    E-value  score  bias    exp  N  Model    Description
    ------- ------ -----    ------- ------ -----   ---- --  -------- -----------

   [No hits detected that satisfy reporting thresholds]


Domain annotation for each model (and alignments):

   [No targets detected that satisfy reporting thresholds]


Internal pipeline statistics summary:
-------------------------------------
Query sequence(s):                         1  (108 residues searched)
Target model(s):                       19632  (3329936 nodes)
Passed MSV filter:                       172  (0.00876121); expected 392.6 (0.02)
Passed bias filter:                      129  (0.0065709); expected 392.6 (0.02)
Passed Vit filter:                         5  (0.000254686); expected 19.6 (0.001)
Passed Fwd filter:                         0  (0); expected 0.2 (1e-05)
Initial search space (Z):              19632  [actual number of targets]
Domain search space  (domZ):               0  [number of targets reported over threshold]
# CPU time: 0.32u 0.16s 00:00:00.48 Elapsed: 00:00:00.32
# Mc/sec: 1097.91
//
Query:       orf6  [L=111]
Description: source=IMGVR_UViG_3300029786_000234_3300029786_Ga0243817_1004025/4325-2617 coords=714..382 length=111 frame=6 desc=
Scores for complete sequence (score includes all domains):
   --- full sequence ---   --- best 1 domain ---    -#dom-
    E-value  score  bias    E-value  score  bias    exp  N  Model    Description
    ------- ------ -----    ------- ------ -----   ---- --  -------- -----------

   [No hits detected that satisfy reporting thresholds]


Domain annotation for each model (and alignments):

   [No targets detected that satisfy reporting thresholds]


Internal pipeline statistics summary:
-------------------------------------
Query sequence(s):                         1  (111 residues searched)
Target model(s):                       19632  (3329936 nodes)
Passed MSV filter:                       327  (0.0166565); expected 392.6 (0.02)
Passed bias filter:                      208  (0.0105949); expected 392.6 (0.02)
Passed Vit filter:                        18  (0.00091687); expected 19.6 (0.001)
Passed Fwd filter:                         0  (0); expected 0.2 (1e-05)
Initial search space (Z):              19632  [actual number of targets]
Domain search space  (domZ):               0  [number of targets reported over threshold]
# CPU time: 0.30u 0.17s 00:00:00.47 Elapsed: 00:00:00.31
# Mc/sec: 1175.21
//
Query:       orf7  [L=94]
Description: source=IMGVR_UViG_3300029786_000234_3300029786_Ga0243817_1004025/4325-2617 coords=365..84 length=94 frame=4 desc=
Scores for complete sequence (score includes all domains):
   --- full sequence ---   --- best 1 domain ---    -#dom-
    E-value  score  bias    E-value  score  bias    exp  N  Model    Description
    ------- ------ -----    ------- ------ -----   ---- --  -------- -----------

   [No hits detected that satisfy reporting thresholds]


Domain annotation for each model (and alignments):

   [No targets detected that satisfy reporting thresholds]


Internal pipeline statistics summary:
-------------------------------------
Query sequence(s):                         1  (94 residues searched)
Target model(s):                       19632  (3329936 nodes)
Passed MSV filter:                       269  (0.0137021); expected 392.6 (0.02)
Passed bias filter:                      223  (0.011359); expected 392.6 (0.02)
Passed Vit filter:                         9  (0.000458435); expected 19.6 (0.001)
Passed Fwd filter:                         0  (0); expected 0.2 (1e-05)
Initial search space (Z):              19632  [actual number of targets]
Domain search space  (domZ):               0  [number of targets reported over threshold]
# CPU time: 0.30u 0.19s 00:00:00.49 Elapsed: 00:00:00.31
# Mc/sec: 986.42
//
[ok]
