# hmmscan :: search sequence(s) against a profile database
# HMMER 3.3.2 (Nov 2020); http://hmmer.org/
# Copyright (C) 2020 Howard Hughes Medical Institute.
# Freely distributed under the BSD open source license.
# - - - - - - - - - - - - - - - - - - - - - - - - - - - - - - - - - - - -
# query sequence file:             -
# target HMM database:             /n/eddy_lab/data/pfam-35.0/Pfam-A.hmm
# output directed to file:         ./all_windows_new/hmmscan/out/IMGVR_UViG_3300014783_000092_3300014783_Ga0134390_101177_hmmscan_output.out
# per-seq hits tabular output:     ./all_windows_new/hmmscan/tblout/IMGVR_UViG_3300014783_000092_3300014783_Ga0134390_101177_hmmscan_output.tblout
# - - - - - - - - - - - - - - - - - - - - - - - - - - - - - - - - - - - -

Query:       orf1  [L=226]
Description: source=IMGVR_UViG_3300014783_000092_3300014783_Ga0134390_101177/8884-10477 coords=339..1016 length=226 frame=3 desc=
Scores for complete sequence (score includes all domains):
   --- full sequence ---   --- best 1 domain ---    -#dom-
    E-value  score  bias    E-value  score  bias    exp  N  Model    Description
    ------- ------ -----    ------- ------ -----   ---- --  -------- -----------
     0.0056   16.7   1.3      0.015   15.3   1.3    1.8  1  DUF723    Protein of unknown function (DUF723)
  ------ inclusion threshold ------
      0.057   13.6   1.2       0.21   11.8   1.2    1.9  1  DUF5522   Family of unknown function (DUF5522)


Domain annotation for each model (and alignments):
>> DUF723  Protein of unknown function (DUF723)
   #    score  bias  c-Evalue  i-Evalue hmmfrom  hmm to    alifrom  ali to    envfrom  env to     acc
 ---   ------ ----- --------- --------- ------- -------    ------- -------    ------- -------    ----
   1 !   15.3   1.3   1.6e-06     0.015      22      59 ..      11      51 ..       6      52 .. 0.72

  Alignments for each domain:
  == domain 1  score: 15.3 bits;  conditional E-value: 1.6e-06
  DUF723 22 veFegvakPvvinCPlHGnvtystykal...ikSkyGCPeC 59
            v++  +  Pv i CP+HG+      k +        GCP+C
    orf1 11 VKYVNMWTPVEIICPVHGSFFQTPAKHIktgKCAAQGCPSC 51
            67777889**********976554444421134568***** PP

>> DUF5522  Family of unknown function (DUF5522)
   #    score  bias  c-Evalue  i-Evalue hmmfrom  hmm to    alifrom  ali to    envfrom  env to     acc
 ---   ------ ----- --------- --------- ------- -------    ------- -------    ------- -------    ----
   1 ?   11.8   1.2   2.2e-05      0.21      14      44 ..      23      53 ..      21      57 .. 0.90

  Alignments for each domain:
  == domain 1  score: 11.8 bits;  conditional E-value: 2.2e-05
  DUF5522 14 ldpetgymVfTelyHlkRgkCCgngCRHCPY 44
             ++p +g +  T   H+k gkC  +gC  C Y
     orf1 23 ICPVHGSFFQTPAKHIKTGKCAAQGCPSCRY 53
             568999999********************99 PP



Internal pipeline statistics summary:
-------------------------------------
Query sequence(s):                         1  (226 residues searched)
Target model(s):                       19632  (3329936 nodes)
Passed MSV filter:                       697  (0.0355033); expected 392.6 (0.02)
Passed bias filter:                      373  (0.0189996); expected 392.6 (0.02)
Passed Vit filter:                        26  (0.00132437); expected 19.6 (0.001)
Passed Fwd filter:                         2  (0.000101874); expected 0.2 (1e-05)
Initial search space (Z):              19632  [actual number of targets]
Domain search space  (domZ):               2  [number of targets reported over threshold]
# CPU time: 0.28u 0.17s 00:00:00.45 Elapsed: 00:00:00.30
# Mc/sec: 2437.78
//
Query:       orf2  [L=175]
Description: source=IMGVR_UViG_3300014783_000092_3300014783_Ga0134390_101177/8884-10477 coords=1484..960 length=175 frame=6 desc=
Scores for complete sequence (score includes all domains):
   --- full sequence ---   --- best 1 domain ---    -#dom-
    E-value  score  bias    E-value  score  bias    exp  N  Model    Description
    ------- ------ -----    ------- ------ -----   ---- --  -------- -----------

   [No hits detected that satisfy reporting thresholds]


Domain annotation for each model (and alignments):

   [No targets detected that satisfy reporting thresholds]


Internal pipeline statistics summary:
-------------------------------------
Query sequence(s):                         1  (175 residues searched)
Target model(s):                       19632  (3329936 nodes)
Passed MSV filter:                       437  (0.0222596); expected 392.6 (0.02)
Passed bias filter:                      243  (0.0123778); expected 392.6 (0.02)
Passed Vit filter:                        19  (0.000967808); expected 19.6 (0.001)
Passed Fwd filter:                         1  (5.09372e-05); expected 0.2 (1e-05)
Initial search space (Z):              19632  [actual number of targets]
Domain search space  (domZ):               0  [number of targets reported over threshold]
# CPU time: 0.30u 0.13s 00:00:00.43 Elapsed: 00:00:00.28
# Mc/sec: 2016.09
//
Query:       orf3  [L=94]
Description: source=IMGVR_UViG_3300014783_000092_3300014783_Ga0134390_101177/8884-10477 coords=422..141 length=94 frame=6 desc=
Scores for complete sequence (score includes all domains):
   --- full sequence ---   --- best 1 domain ---    -#dom-
    E-value  score  bias    E-value  score  bias    exp  N  Model    Description
    ------- ------ -----    ------- ------ -----   ---- --  -------- -----------

   [No hits detected that satisfy reporting thresholds]


Domain annotation for each model (and alignments):

   [No targets detected that satisfy reporting thresholds]


Internal pipeline statistics summary:
-------------------------------------
Query sequence(s):                         1  (94 residues searched)
Target model(s):                       19632  (3329936 nodes)
Passed MSV filter:                       564  (0.0287286); expected 392.6 (0.02)
Passed bias filter:                      324  (0.0165037); expected 392.6 (0.02)
Passed Vit filter:                        25  (0.00127343); expected 19.6 (0.001)
Passed Fwd filter:                         0  (0); expected 0.2 (1e-05)
Initial search space (Z):              19632  [actual number of targets]
Domain search space  (domZ):               0  [number of targets reported over threshold]
# CPU time: 0.28u 0.14s 00:00:00.42 Elapsed: 00:00:00.29
# Mc/sec: 1066.64
//
[ok]
