# hmmscan :: search sequence(s) against a profile database
# HMMER 3.3.2 (Nov 2020); http://hmmer.org/
# Copyright (C) 2020 Howard Hughes Medical Institute.
# Freely distributed under the BSD open source license.
# - - - - - - - - - - - - - - - - - - - - - - - - - - - - - - - - - - - -
# query sequence file:             -
# target HMM database:             /n/eddy_lab/data/pfam-35.0/Pfam-A.hmm
# output directed to file:         ./all_windows_new/hmmscan/out/IMGVR_UViG_3300045609_000069_3300045609_Ga0455789_0000640_hmmscan_output.out
# per-seq hits tabular output:     ./all_windows_new/hmmscan/tblout/IMGVR_UViG_3300045609_000069_3300045609_Ga0455789_0000640_hmmscan_output.tblout
# - - - - - - - - - - - - - - - - - - - - - - - - - - - - - - - - - - - -

Query:       orf1  [L=93]
Description: source=IMGVR_UViG_3300045609_000069_3300045609_Ga0455789_0000640/21504-19867 coords=273..551 length=93 frame=3 desc=
Scores for complete sequence (score includes all domains):
   --- full sequence ---   --- best 1 domain ---    -#dom-
    E-value  score  bias    E-value  score  bias    exp  N  Model    Description
    ------- ------ -----    ------- ------ -----   ---- --  -------- -----------
  ------ inclusion threshold ------
      0.046   13.9   0.1       0.12   12.6   0.0    1.6  2  DUF4945   Domain of unknown function (DUF4945)


Domain annotation for each model (and alignments):
>> DUF4945  Domain of unknown function (DUF4945)
   #    score  bias  c-Evalue  i-Evalue hmmfrom  hmm to    alifrom  ali to    envfrom  env to     acc
 ---   ------ ----- --------- --------- ------- -------    ------- -------    ------- -------    ----
   1 ?   -1.0   0.0     0.096   1.9e+03      60      82 ..       7      29 ..       2      38 .. 0.67
   2 ?   12.6   0.0   5.9e-06      0.12      77     111 ..      39      72 ..      32      82 .. 0.88

  Alignments for each domain:
  == domain 1  score: -1.0 bits;  conditional E-value: 0.096
  DUF4945 60 vlektlsvfntilenepsefiye 82
             ++++ +  +   l+ +p ef y+
     orf1  7 NINEVMKQYFDQLNIDPIEFDYD 29
             45555555666777788888885 PP

  == domain 2  score: 12.6 bits;  conditional E-value: 5.9e-06
  DUF4945  77 sefiyelkeiekkyrivvklnGslkvkdvnysdei 111
               +fiy+++++e +y i+vk+ G +    v+ sd +
     orf1  39 ESFIYDINDPE-QYFIAVKISGNIGTVVVGTSDGV 72 
              58********8.599********999999999865 PP



Internal pipeline statistics summary:
-------------------------------------
Query sequence(s):                         1  (93 residues searched)
Target model(s):                       19632  (3329936 nodes)
Passed MSV filter:                       664  (0.0338223); expected 392.6 (0.02)
Passed bias filter:                      466  (0.0237368); expected 392.6 (0.02)
Passed Vit filter:                        40  (0.00203749); expected 19.6 (0.001)
Passed Fwd filter:                         1  (5.09372e-05); expected 0.2 (1e-05)
Initial search space (Z):              19632  [actual number of targets]
DoQuery:       orf2  [L=92]
Description: source=IMGVR_UViG_3300045609_000069_3300045609_Ga0455789_0000640/15330-13734 coords=513..788 length=92 frame=3 desc=
Scores for complete sequence (score includes all domains):
   --- full sequence ---   --- best 1 domain ---    -#dom-
    E-value  score  bias    E-value  score  bias    exp  N  Model    Description
    ------- ------ -----    ------- ------ -----   ---- --  -------- -----------
     0.0057   16.7   1.9       0.18   11.9   0.1    2.4  2  zf-FCS    MYM-type Zinc finger with FCS sequence motif
     0.0068   16.5   0.7      0.041   14.1   0.6    2.0  2  PHD_4     PHD-finger
  ------ inclusion threshold ------
      0.019   14.9   3.3        2.3    8.2   0.3    2.2  2  VATC      Vms1-associating treble clef domain
      0.059   13.4   0.6       0.61   10.1   0.1    2.1  2  ADD_ATRX  Cysteine Rich ADD domain
       0.11   12.7   0.9       0.11   12.7   0.9    1.7  2  zf-BED    BED zinc finger
       0.98    9.6   3.8        5.1    7.3   0.4    2.1  2  DUF2387   Probable metal-binding protein (DUF2387)


Domain annotation for each model (and alignments):
>> zf-FCS  MYM-type Zinc finger with FCS sequence motif
   #    score  bias  c-Evalue  i-Evalue hmmfrom  hmm to    alifrom  ali to    envfrom  env to     acc
 ---   ------ ----- --------- --------- ------- -------    ------- -------    ------- -------    ----
   1 !   11.9   0.1   5.6e-05      0.18       5      18 ..      48      61 ..      45      72 .. 0.85
   2 ?    4.1   0.2     0.015        51       6      18 ..      78      90 ..      74      92 .] 0.84

  Alignments for each domain:
  == domain 1  score: 11.9 bits;  conditional E-value: 5.6e-05
  zf-FCS  5 rCwfCkkyikgkpe 18
            +C +C+++i++k+ 
    orf2 48 NCIHCGQQISFKES 61
            8***********95 PP

  == domain 2  score: 4.1 bits;  conditional E-value: 0.015
  zf-FCS  6 CwfCkkyikgkpe 18
            C++C +++   ++
    orf2 78 CSTCYNNFLPLTK 90
            ********98887 PP

>> PHD_4  PHD-finger
   #    score  bias  c-Evalue  i-Evalue hmmfrom  hmm to    alifrom  ali to    envfrom  env to     acc
 ---   ------ ----- --------- --------- ------- -------    ------- -------    ------- -------    ----
   1 ?    0.3   0.0      0.25   8.1e+02      52      63 ..      23      35 ..      10      38 .. 0.68
   2 !   14.1   0.6   1.2e-05     0.041       6      39 ..      48      84 ..      40      87 .. 0.81

  Alignments for each domain:
  == domain 1  score: 0.3 bits;  conditional E-value: 0.25
  PHD_4 52 gvvne.dlpnsWe 63
           g + + ++pn+W+
   orf2 23 GKYTDaNVPNDWK 35
           4444448999997 PP

  == domain 2  score: 14.1 bits;  conditional E-value: 1.2e-05
  PHD_4  6 aCivCgedgkeqtpa...aeesetpselmeCsvCyei 39
           +Ci+Cg++ + ++     + ++e   ++ eCs Cy+ 
   orf2 48 NCIHCGQQISFKESFeskRYNDEHGRSYRECSTCYNN 84
           7*****99877765556655689999*********85 PP

>> VATC  Vms1-associating treble clef domain
   #    score  bias  c-Evalue  i-Evalue hmmfrom  hmm to    alifrom  ali to    envfrom  env to     acc
 ---   ------ ----- --------- --------- ------- -------    ------- -------    ------- -------    ----
   1 ?    7.6   0.2    0.0011       3.5       1      19 [.      44      62 ..      44      67 .. 0.81
   2 ?    8.2   0.3   0.00071       2.3       3      19 ..      75      91 ..      73      92 .] 0.86

  Alignments for each domain:
  == domain 1  score: 7.6 bits;  conditional E-value: 0.0011
  VATC  1 knylrCdiCgesllgrvyF 19
          +n+++C +Cg+++  ++ F
  orf2 44 NNIINCIHCGQQISFKESF 62
          599********98766666 PP

  == domain 2  score: 8.2 bits;  conditional E-value: 0.00071
  VATC  3 ylrCdiCgesllgrvyF 19
          y++C+[ok]
+l+ + F
  orf2 75 YRECSTCYNNFLPLTKF 91
          89**********97766 PP

>> ADD_ATRX  Cysteine Rich ADD domain
   #    score  bias  c-Evalue  i-Evalue hmmfrom  hmm to    alifrom  ali to    envfrom  env to     acc
 ---   ------ ----- --------- --------- ------- -------    ------- -------    ------- -------    ----
   1 ?   10.1   0.1   0.00019      0.61       5      22 ..      40      57 ..      37      62 .. 0.83
   2 ?    1.7   0.0     0.081   2.7e+02       2      18 ..      66      82 ..      65      90 .. 0.72

  Alignments for each domain:
  == domain 1  score: 10.1 bits;  conditional E-value: 0.00019
  ADD_ATRX  5 daeleeivkCtaCgqQvn 22
              +++ ++i++C  CgqQ+ 
      orf2 40 EEDNNNIINCIHCGQQIS 57
              4567889*********95 PP

  == domain 2  score: 1.7 bits;  conditional E-value: 0.081
  ADD_ATRX  2 krgdaeleeivkCtaCg 18
              + +d++  +  +C++C 
      orf2 66 RYNDEHGRSYRECSTCY 82
              56666667777899995 PP

>> zf-BED  BED zinc finger
   #    score  bias  c-Evalue  i-Evalue hmmfrom  hmm to    alifrom  ali to    envfrom  env to     acc
 ---   ------ ----- --------- --------- ------- -------    ------- -------    ------- -------    ----
   1 ?   12.7   0.9   3.3e-05      0.11      13      29 ..      43      59 ..      34      68 .. 0.83
   2 ?   -1.7   0.2         1   3.3e+03      18      25 ..      77      84 ..      62      85 .. 0.67

  Alignments for each domain:
  == domain 1  score: 12.7 bits;  conditional E-value: 3.3e-05
            GSS--EETTTTEE---- CS
  zf-BED 13 kekkavCryCgkqlsrg 29
             ++ + C++Cg q+s +
    orf2 43 NNNIINCIHCGQQISFK 59
            47899*********966 PP

  == domain 2  score: -1.7 bits;  conditional E-value: 1
            EETTTTEE CS
  zf-BED 18 vCryCgkq 25
            +C  C ++
    orf2 77 ECSTCYNN 84
            68888766 PP

>> DUF2387  Probable metal-binding protein (DUF2387)
   #    score  bias  c-Evalue  i-Evalue hmmfrom  hmm to    alifrom  ali to    envfrom  env to     acc
 ---   ------ ----- --------- --------- ------- -------    ------- -------    ------- -------    ----
   1 ?    7.3   0.4    0.0016       5.1      19      38 ..      35      54 ..      28      65 .. 0.82
   2 ?    3.7   0.3      0.02        67      23      36 ..      67      81 ..      59      86 .. 0.76

  Alignments for each domain:
  == domain 1  score: 7.3 bits;  conditional E-value: 0.0016
  DUF2387 19 klvmwkedeveirECvaCgf 38
             k+ + +ed+ +i  C++Cg 
     orf2 35 KISVKEEDNNNIINCIHCGQ 54
             677888999*********95 PP

  == domain 2  score: 3.7 bits;  conditional E-value: 0.02
  DUF2387 23 wkede.veirECvaC 36
             ++++  +  rEC  C
     orf2 67 YNDEHgRSYRECSTC 81
             5555449******99 PP



Internal pipeline statistics summary:
-------------------------------------
Query sequence(s):                         1  (92 residues searched)
Target model(s):                       19632  (3329936 nodes)
Passed MSV filter:                       947  (0.0482376); expected 392.6 (0.02)
Passed bias filter:                      519  (0.0264364); expected 392.6 (0.02)
Passed Vit filter:                        57  (0.00290342); expected 19.6 (0.001)
Passed Fwd filter:                         6  (0.000305623); expected 0.2 (1e-05)
Initial search space (Z):              19632  [actual number of targets]
Domain search space  (domZ):               6  [number of targets reported over threshold]
# CPU time: 0.30u 0.15s 00:00:00.44 Elapsed: 00:00:00.31
# Mc/sec: 973.40
//
Query:       orf3  [L=134]
Description: source=IMGVR_UViG_3300045609_000069_3300045609_Ga0455789_0000640/15330-13734 coords=1107..706 length=134 frame=5 desc=
Scores for complete sequence (score includes all domains):
   --- full sequence ---   --- best 1 domain ---    -#dom-
    E-value  score  bias    E-value  score  bias    exp  N  Model    Description
    ------- ------ -----    ------- ------ -----   ---- --  -------- -----------

   [No hits detected that satisfy reporting thresholds]


Domain annotation for each model (and alignments):

   [No targets detected that satisfy reporting thresholds]


Internal pipeline statistics summary:
-------------------------------------
Query sequence(s):                         1  (134 residues searched)
Target model(s):                       19632  (3329936 nodes)
Passed MSV filter:                       654  (0.033313); expected 392.6 (0.02)
Passed bias filter:                      318  (0.016198); expected 392.6 (0.02)
Passed Vit filter:                        19  (0.000967808); expected 19.6 (0.001)
Passed Fwd filter:                         0  (0); expected 0.2 (1e-05)
Initial search space (Z):              19632  [actual number of targets]
Domain search space  (domZ):               0  [number of targets reported over threshold]
# CPU time: 0.27u 0.15s 00:00:00.42 Elapsed: 00:00:00.28
# Mc/sec: 1559.79
//
[ok]
uery:       orf4  [L=126]
Description: source=IMGVR_UViG_3300045609_000069_3300045609_Ga0455789_0000640/15818-14173 coords=519..142 length=126 frame=6 desc=
Scores for complete sequence (score includes all domains):
   --- full sequence ---   --- best 1 domain ---    -#dom-
    E-value  score  bias    E-value  score  bias    exp  N  Model    Description
    ------- ------ -----    ------- ------ -----   ---- --  -------- -----------

   [No hits detected that satisfy reporting thresholds]


Domain annotation for each model (and alignments):

   [No targets detected that satisfy reporting thresholds]


Internal pipeline statistics summary:
-------------------------------------
Query sequence(s):                         1  (126 residues searched)
Target model(s):                       19632  (3329936 nodes)
Passed MSV filter:                       577  (0.0293908); expected 392.6 (0.02)
Passed bias filter:                      387  (0.0197127); expected 392.6 (0.02)
Passed Vit filter:                        22  (0.00112062); expected 19.6 (0.001)
Passed Fwd filter:                         0  (0); expected 0.2 (1e-05)
Initial search space (Z):              19632  [actual number of targets]
Domain search space  (domZ):               0  [number of targets reported over threshold]
# CPU time: 0.28u 0.17s 00:00:00.45 Elapsed: 00:00:00.31
# Mc/sec: 1340.82
//
[ok]
