# hmmscan :: search sequence(s) against a profile database
# HMMER 3.3.2 (Nov 2020); http://hmmer.org/
# Copyright (C) 2020 Howard Hughes Medical Institute.
# Freely distributed under the BSD open source license.
# - - - - - - - - - - - - - - - - - - - - - - - - - - - - - - - - - - - -
# query sequence file:             -
# target HMM database:             /n/eddy_lab/data/pfam-35.0/Pfam-A.hmm
# output directed to file:         ./all_windows_new/hmmscan/out/IMGVR_UViG_3300029633_000108_3300029633_Ga0242758_101687_hmmscan_output.out
# per-seq hits tabular output:     ./all_windows_new/hmmscan/tblout/IMGVR_UViG_3300029633_000108_3300029633_Ga0242758_101687_hmmscan_output.tblout
# - - - - - - - - - - - - - - - - - - - - - - - - - - - - - - - - - - - -

Query:       orf1  [L=497]
Description: source=IMGVR_UViG_3300029633_000108_3300029633_Ga0242758_101687/6102-7686 coords=1..1491 length=497 frame=1 desc=
Scores for complete sequence (score includes all domains):
   --- full sequence ---   --- best 1 domain ---    -#dom-
    E-value  score  bias    E-value  score  bias    exp  N  Model    Description
    ------- ------ -----    ------- ------ -----   ---- --  -------- -----------
    2.7e-26   92.6   0.0    5.1e-26   91.7   0.0    1.4  1  RVT_1     Reverse transcriptase (RNA-dependent DNA polymerase
     0.0027   18.0   0.1     0.0095   16.2   0.1    1.9  1  HNH       HNH endonuclease


Domain annotation for each model (and alignments):
>> RVT_1  Reverse transcriptase (RNA-dependent DNA polymerase)
   #    score  bias  c-Evalue  i-Evalue hmmfrom  hmm to    alifrom  ali to    envfrom  env to     acc
 ---   ------ ----- --------- --------- ------- -------    ------- -------    ------- -------    ----
   1 !   91.7   0.0   5.2e-30   5.1e-26      64     222 .]      13     199 ..       2     199 .. 0.89

  Alignments for each domain:
  == domain 1  score: 91.7 bits;  conditional E-value: 5.2e-30
            CHTS--EEEEEEBCCGCCCSBB-GGGGGGG-EEET...........................TEEEEESB--ST-TTHHHHHHHHHHHHHTT-T.......... CS
  RVT_1  64 kkkkaklllklDlkkaFdsvpleellrkltafkvptk.linliksflstrsfsvrv.ngeeskgryekkglpqGsvlSPllfnlfmnellrelrkra....... 158
            ++ +  +++++D+k++Fd+v++++l+++l+++++++k l+ +i+++l+ +   + + +g   +    +kg+pqG+++SPll+n+++nel++ +++++       
   orf1  13 QRSGLYYVVEFDIKGFFDNVDHSKLIKQLWSLNIRDKeLLYVIRRILKAP---ILMpDG---HIEHPAKGTPQGGIISPLLANVVLNELDHWIESQWqcnpvte 110
            5667789***************************8652667788888333...355455...677899************************************ PP

            .............................TEEECTTEEEEEESSHHHHHHHHHHHHHHHHH.TT--BEGGG-EEE......ESSEEETTEEE CS
  RVT_1 159 ..........................kgvtllrYaDDililskskeelqelleaveewlke.sglkinpeKtklvlftv.kseevkyLGvtl 222
                                      k+ +++rYaDD+ il+++ke++++ l av +wlke  +l ++peKt++v     +++  ++LG+++
   orf1 111 nysyrenatgcpiqshayramrntrlKEMYIVRYADDFRILCRTKEQADRTLIAVTHWLKErLRLDVSPEKTRVV---DtRRSYSEFLGFKI 199
            *************************************************************99************...54666778888875 PP

>> HNH  HNH endonuclease
   #    score  bias  c-Evalue  i-Evalue hmmfrom  hmm to    alifrom  ali to    envfrom  env to     acc
 ---   ------ ----- --------- --------- ------- -------    ------- -------    ------- -------    ----
   1 !   16.2   0.1   9.7e-07    0.0095       5      36 ..     398     429 ..     393     431 .. 0.82

  Alignments for each domain:
  == domain 1  score: 16.2 bits;  conditional E-value: 9.7e-07
           S-B-SSEE--EEEESS-TTTT--BSGGGEEEE CS
   HNH   5 grkfhksdalevdHiipisqggaddieNlqll 36 
           g++f  +++ +++H+ p+ +gg+d +eNl+l+
  orf1 398 GKEFQCVSEIHCHHKTPKGNGGSDKYENLVLV 429
           4455555899*******************985 PP



Internal pipeline statistics summary:
-------------------------------------
Query sequence(s):                         1  (497 residues searched)
Target model(s):                       19632  (3329936 nodes)
Passed MSV filter:                       594  (0.0302567); expected 392.6 (0.02)
Passed bias filter:                      426  (0.0216993); expected 392.6 (0.02)
Passed Vit filter:                        30  (0.00152812); expected 19.6 (0.001)
Passed Fwd filter:                         2  (0.000101874); expected 0.2 (1e-05)
Initial search space (Z):              19632  [actual number of targets]
Domain search space  (domZ):               2  [number of targets reported over threshold]
# CPU time: 0.37u 0.21s 00:00:00.57 Elapsed: 00:00:00.37
# Mc/sec: 4400.24
//
[ok]
ssoc 34 qyqqhgqaLeKlLqdilk 51
                    y++hgq LeK+ ++ilk
           orf1 82 MYEKHGQGLEKIVGNILK 99
                   69**************97 PP



Internal pipeline statistics summary:
-------------------------------------
Query sequence(s):                         1  (165 residues searched)
Target model(s):                       19632  (3329936 nodes)
Passed MSV filter:                       856  (0.0436023); expected 392.6 (0.02)
Passed bias filter:                      666  (0.0339242); expected 392.6 (0.02)
Passed Vit filter:                        67  (0.0034128); expected 19.6 (0.001)
Passed Fwd filter:                         4  (0.000203749); expected 0.2 (1e-05)
Initial search space (Z):              19632  [actual number of targets]
Domain search space  (domZ):               4  [number of targets reported over threshold]
# CPU time: 0.31u 0.23s 00:00:00.54 Elapsed: 00:00:00.37
# Mc/sec: 1481.77
//
Query:       orf2  [L=96]
Description: source=IMGVR_UViG_3300029633_000108_3300029633_Ga0242758_101687/3466-5173 coords=473..760 length=96 frame=2 desc=
Scores for complete sequence (score includes all domains):
   --- full sequence ---   --- best 1 domain ---    -#dom-
    E-value  score  bias    E-value  score  bias    exp  N  Model    Description
    ------- ------ -----    ------- ------ -----   ---- --  -------- -----------
  ------ inclusion threshold ------
      0.014   15.5   1.3       0.03   14.5   1.3    1.6  1  DUF1199   Protein of unknown function (DUF1199)


Domain annotation for each model (and alignments):
>> DUF1199  Protein of unknown function (DUF1199)
   #    score  bias  c-Evalue  i-Evalue hmmfrom  hmm to    alifrom  ali to    envfrom  env to     acc
 ---   ------ ----- --------- --------- ------- -------    ------- -------    ------- -------    ----
   1 ?   14.5   1.3   1.5e-06      0.03      24      42 ..      54      72 ..      44      77 .. 0.86

  Alignments for each domain:
  == domain 1  score: 14.5 bits;  conditional E-value: 1.5e-06
  DUF1199 24 qgSgSmETSTisSPsrRiR 42
             q+  S  TSTisSP+ +iR
     orf2 54 QRPFSFRTSTISSPKMKIR 72
             6667999***********9 PP



Internal pipeline statistics summary:
-------------------------------------
Query sequence(s):                         1  (96 residues searched)
Target model(s):                       19632  (3329936 nodes)
Passed MSV filter:                       371  (0.0188977); expected 392.6 (0.02)
Passed bias filter:                      246  (0.0125306); expected 392.6 (0.02)
Passed Vit filter:                        18  (0.00091687); expected 19.6 (0.001)
Passed Fwd filter:                         1  (5.09372e-05); expected 0.2 (1e-05)
Initial search space (Z):              19632  [actual number of targets]
Domain search space  (domZ):               1  [number of targets reported over threshold]
# CPU time: 0.26u 0.18s 00:00:00.44 Elapsed: 00:00:00.32
# Mc/sec: 979.29
//
Query:       orf3  [L=356]
Description: source=IMGVR_UViG_3300029633_000108_3300029633_Ga0242758_101687/3466-5173 coords=364..1431 length=356 frame=1 desc=
Scores for complete sequence (score includes all domains):
   --- full sequence ---   --- best 1 domain ---    -#dom-
    E-value  score  bias    E-value  score  bias    exp  N  Model        Description
    ------- ------ -----    ------- ------ -----   ---- --  --------     -----------
  ------ inclusion threshold ------
      0.012   15.5   1.7      0.012   15.5   1.7    1.7  2  aRib          Atypical Rib domain
       0.11   12.6   0.3       0.39   10.8   0.1    2.1  2  Tap-RNA_bind  Tap, RNA-binding


Domain annotation for each model (and alignments):
>> aRib  Atypical Rib domain
   #    score  bias  c-Evalue  i-Evalue hmmfrom  hmm to    alifrom  ali to    envfrom  env to     acc
 ---   ------ ----- --------- --------- ------- -------    ------- -------    ------- -------    ----
   1 ?   15.5   1.7   1.3e-06     0.012      10      37 ..      35      62 ..      26      71 .. 0.83
   2 ?   -3.3   0.1      0.92     9e+03      65      70 ..     321     326 ..     311     339 .. 0.59

  Alignments for each domain:
  == domain 1  score: 15.5 bits;  conditional E-value: 1.3e-06
          EES-TTS--HHHHHHHHHHHHHH-TTS- CS
  aRib 10 eVkdpnkLtqeEKekVkeavkkaNkdlp 37
          +Vk ++kL+ ++K+++++a+  aN ++ 
  orf3 35 PVKTKKKLSRADKKQIEAAIARANRTDK 62
          7***********************9764 PP

  == domain 2  score: -3.3 bits;  conditional E-value: 0.92
           GGTEEE CS
  aRib  65 kdlvke 70 
            ++vk+
  orf3 321 IKTVKR 326
           444443 PP

>> Tap-RNA_bind  Tap, RNA-binding
   #    score  bias  c-Evalue  i-Evalue hmmfrom  hmm to    alifrom  ali to    envfrom  env to     acc
 ---   ------ ----- --------- --------- ------- -------    ------- -------    ------- -------    ----
   1 ?   -2.5   0.0      0.56   5.5e+03      26      40 ..      92     106 ..      87     111 .. 0.75
   2 ?   10.8   0.1     4e-05      0.39      41      69 ..     308     336 ..     272     342 .. 0.85

  Alignments for each domain:
  == domain 1  score: -2.5 bits;  conditional E-value: 0.56
  Tap-RNA_bind  26 svpftpvefhyeknk 40 
                   +++f+ +++++++n+
          orf3  92 TIQFQDINYQLSQNE 106
                   478888888888775 PP

  == domain 2  score: 10.8 bits;  conditional E-value: 4e-05
  Tap-RNA_bind  41 aqFfVedastAsaLkkvsrkItdedgeki 69 
                   ++ ++++ ++ +a+k+v+rkItd d +ki
          orf3 308 VSMHIQSVDQVKAIKTVKRKITDLDRSKI 336
                   567899********************998 PP



Internal pipeline statistics summary:
-------------------------------------
Query sequence(s):                         1  (356 residues searched)
Target model(s):                       19632  (3329936 nodes)
Passed MSV filter:                       850  (0.0432967); expected 392.6 (0.02)
Passed bias filter:                      506  (0.0257742); expected 392.6 (0.02)
Passed Vit filter:                        36  (0.00183374); expected 19.6 (0.001)
Passed Fwd filter:                         3  (0.000152812); expected 0.2 (1e-05)
Initial search space (Z):              19632  [actual number of targets]
Domain search space  (domZ):               2  [number of targets reported over threshold]
# CPU time: 0.33u 0.21s 00:00:00.54 Elapsed: 00:00:00.35
# Mc/sec: 3380.38
//
Query:       orf4  [L=418]
Description: source=IMGVR_UViG_3300029633_000108_3300029633_Ga0242758_101687/3466-5173 coords=1554..301 length=418 frame=5 desc=
Scores for complete sequence (score includes all domains):
   --- full sequence ---   --- best 1 domain ---    -#dom-
    E-value  score  bias    E-value  score  bias    exp  N  Model    Description
    ------- ------ -----    ------- ------ -----   ---- --  -------- -----------

   [No hits detected that satisfy reporting thresholds]


Domain annotation for each model (and alignments):

   [No targets detected that satisfy reporting thresholds]


Internal pipeline statistics summary:
-------------------------------------
Query sequence(s):                         1  (418 residues searched)
Target model(s):                       19632  (3329936 nodes)
Passed MSV filter:                       472  (0.0240424); expected 392.6 (0.02)
Passed bias filter:                      427  (0.0217502); expected 392.6 (0.02)
Passed Vit filter:                        31  (0.00157905); expected 19.6 (0.001)
Passed Fwd filter:                         0  (0); expected 0.2 (1e-05)
Initial search space (Z):              19632  [actual number of targets]
Domain search space  (domZ):               0  [number of targets reported over threshold]
# CPU time: 0.34u 0.18s 00:00:00.52 Elapsed: 00:00:00.33
# Mc/sec: 4105.83
//
Query:       orf5  [L=94]
Description: source=IMGVR_UViG_3300029633_000108_3300029633_Ga0242758_101687/3466-5173 coords=359..78 length=94 frame=6 desc=
Scores for complete sequence (score includes all domains):
   --- full sequence ---   --- best 1 domain ---    -#dom-
    E-value  score  bias    E-value  score  bias    exp  N  Model    Description
    ------- ------ -----    ------- ------ -----   ---- --  -------- -----------

   [No hits detected that satisfy reporting thresholds]


Domain annotation for each model (and alignments):

   [No targets detected that satisfy reporting thresholds]


Internal pipeline statistics summary:
-------------------------------------
Query sequence(s):                         1  (94 residues searched)
Target model(s):                       19632  (3329936 nodes)
Passed MSV filter:                       497  (0.0253158); expected 392.6 (0.02)
Passed bias filter:                      377  (0.0192033); expected 392.6 (0.02)
Passed Vit filter:                        24  (0.00122249); expected 19.6 (0.001)
Passed Fwd filter:                         0  (0); expected 0.2 (1e-05)
Initial search space (Z):              19632  [actual number of targets]
Domain search space  (domZ):               0  [number of targets reported over threshold]
# CPU time: 0.26u 0.19s 00:00:00.45 Elapsed: 00:00:00.32
# Mc/sec: 969.48
//
Query:       orf6  [L=92]
Description: source=IMGVR_UViG_3300029633_000108_3300029633_Ga0242758_101687/3466-5173 coords=331..56 length=92 frame=4 desc=
Scores for complete sequence (score includes all domains):
   --- full sequence ---   --- best 1 domain ---    -#dom-
    E-value  score  bias    E-value  score  bias    exp  N  Model    Description
    ------- ------ -----    ------- ------ -----   ---- --  -------- -----------

   [No hits detected that satisfy reporting thresholds]


Domain annotation for each model (and alignments):

   [No targets detected that satisfy reporting thresholds]


Internal pipeline statistics summary:
-------------------------------------
Query sequence(s):                         1  (92 residues searched)
Target model(s):                       19632  (3329936 nodes)
Passed MSV filter:                       304  (0.0154849); expected 392.6 (0.02)
Passed bias filter:                      207  (0.010544); expected 392.6 (0.02)
Passed Vit filter:                        14  (0.000713121); expected 19.6 (0.001)
Passed Fwd filter:                         0  (0); expected 0.2 (1e-05)
Initial search space (Z):              19632  [actual number of targets]
Domain search space  (domZ):               0  [number of targets reported over threshold]
# CPU time: 0.31u 0.16s 00:00:00.47 Elapsed: 00:00:00.32
# Mc/sec: 928.57
//
[ok]
:               1  [number of targets reported over threshold]
# CPU time: 0.30u 0.17s 00:00:00.47 Elapsed: 00:00:00.31
# Mc/sec: 1416.26
//
Query:       orf3  [L=120]
Description: source=IMGVR_UViG_3300029633_000108_3300029633_Ga0242758_101687/1067-2663 coords=858..499 length=120 frame=5 desc=
Scores for complete sequence (score includes all domains):
   --- full sequence ---   --- best 1 domain ---    -#dom-
    E-value  score  bias    E-value  score  bias    exp  N  Model    Description
    ------- ------ -----    ------- ------ -----   ---- --  -------- -----------

   [No hits detected that satisfy reporting thresholds]


Domain annotation for each model (and alignments):

   [No targets detected that satisfy reporting thresholds]


Internal pipeline statistics summary:
-------------------------------------
Query sequence(s):                         1  (120 residues searched)
Target model(s):                       19632  (3329936 nodes)
Passed MSV filter:                       340  (0.0173187); expected 392.6 (0.02)
Passed bias filter:                      293  (0.0149246); expected 392.6 (0.02)
Passed Vit filter:                        20  (0.00101874); expected 19.6 (0.001)
Passed Fwd filter:                         0  (0); expected 0.2 (1e-05)
Initial search space (Z):              19632  [actual number of targets]
Domain search space  (domZ):               0  [number of targets reported over threshold]
# CPU time: 0.28u 0.17s 00:00:00.45 Elapsed: 00:00:00.31
# Mc/sec: 1273.55
//
Query:       orf4  [L=90]
Description: source=IMGVR_UViG_3300029633_000108_3300029633_Ga0242758_101687/1067-2663 coords=495..226 length=90 frame=5 desc=
Scores for complete sequence (score includes all domains):
   --- full sequence ---   --- best 1 domain ---    -#dom-
    E-value  score  bias    E-value  score  bias    exp  N  Model    Description
    ------- ------ -----    ------- ------ -----   ---- --  -------- -----------

   [No hits detected that satisfy reporting thresholds]


Domain annotation for each model (and alignments):

   [No targets detected that satisfy reporting thresholds]


Internal pipeline statistics summary:
-------------------------------------
Query sequence(s):                         1  (90 residues searched)
Target model(s):                       19632  (3329936 nodes)
Passed MSV filter:                       416  (0.0211899); expected 392.6 (0.02)
Passed bias filter:                      316  (0.0160962); expected 392.6 (0.02)
Passed Vit filter:                        18  (0.00091687); expected 19.6 (0.001)
Passed Fwd filter:                         0  (0); expected 0.2 (1e-05)
Initial search space (Z):              19632  [actual number of targets]
Domain search space  (domZ):               0  [number of targets reported over threshold]
# CPU time: 0.31u 0.14s 00:00:00.45 Elapsed: 00:00:00.31
# Mc/sec: 951.26
//
[ok]
