# hmmscan :: search sequence(s) against a profile database
# HMMER 3.3.2 (Nov 2020); http://hmmer.org/
# Copyright (C) 2020 Howard Hughes Medical Institute.
# Freely distributed under the BSD open source license.
# - - - - - - - - - - - - - - - - - - - - - - - - - - - - - - - - - - - -
# query sequence file:             -
# target HMM database:             /n/eddy_lab/data/pfam-35.0/Pfam-A.hmm
# output directed to file:         ./all_windows_new/hmmscan/out/IMGVR_UViG_3300029412_000152_3300029412_Ga0243915_100352_hmmscan_output.out
# per-seq hits tabular output:     ./all_windows_new/hmmscan/tblout/IMGVR_UViG_3300029412_000152_3300029412_Ga0243915_100352_hmmscan_output.tblout
# - - - - - - - - - - - - - - - - - - - - - - - - - - - - - - - - - - - -

Query:       orf1  [L=161]
Description: source=IMGVR_UViG_3300029412_000152_3300029412_Ga0243915_100352/76259-74566 coords=223..705 length=161 frame=1 desc=
Scores for complete sequence (score includes all domains):
   --- full sequence ---   --- best 1 domain ---    -#dom-
    E-value  score  bias    E-value  score  bias    exp  N  Model       Description
    ------- ------ -----    ------- ------ -----   ---- --  --------    -----------
    4.2e-29  102.1   9.1      8e-28   97.9   9.1    2.0  1  DUF3801      Protein of unknown function (DUF3801)
  ------ inclusion threshold ------
      0.077   13.1   0.4      0.077   13.1   0.4    2.1  2  Sec2p        GDP/GTP exchange factor Sec2p
        1.2    9.7   6.1       0.65   10.6   0.3    2.4  2  Cep57_MT_bd  Centrosome microtubule-binding domain of Cep57


Domain annotation for each model (and alignments):
>> DUF3801  Protein of unknown function (DUF3801)
   #    score  bias  c-Evalue  i-Evalue hmmfrom  hmm to    alifrom  ali to    envfrom  env to     acc
 ---   ------ ----- --------- --------- ------- -------    ------- -------    ------- -------    ----
   1 !   97.9   9.1   1.2e-31     8e-28       3     115 ..      28     137 ..      18     157 .. 0.77

  Alignments for each domain:
  == domain 1  score: 97.9 bits;  conditional E-value: 1.2e-31
  DUF3801   3 nlakllkallkavdk....kknkGktslkkLlkkggdlkvlqlQuery:       orf2  [L=111]
Description: source=IMGVR_UViG_3300029412_000152_3300029412_Ga0243915_100352/73665-72081 coords=200..532 length=111 frame=2 desc=
Scores for complete sequence (score includes all domains):
   --- full sequence ---   --- best 1 domain ---    -#dom-
    E-value  score  bias    E-value  score  bias    exp  N  Model    Description
    ------- ------ -----    ------- ------ -----   ---- --  -------- -----------

   [No hits detected that satisfy reporting thresholds]


Domain annotation for each model (and alignments):

   [No targets detected that satisfy reporting thresholds]


Internal pipeline statistics summary:
-------------------------------------
Query sequence(s):                         1  (111 residues searched)
Target model(s):                       19632  (3329936 nodes)
Passed MSV filter:                       419  (0.0213427); expected 392.6 (0.02)
Passed bias filter:                      196  (0.0099837); expected 392.6 (0.02)
Passed Vit filter:                        11  (0.00056031); expected 19.6 (0.001)
Passed Fwd filter:                         0  (0); expected 0.2 (1e-05)
Initial search space (Z):              19632  [actual number of targets]
Domain search space  (domZ):               0  [number of targets reported over threshold]
# CPU time: 0.22u 0.18s 00:00:00.40 Elapsed: 00:00:00.28
# Mc/sec: 1287.42
//
Query:       orf3  [L=110]
Description: source=IMGVR_UViG_3300029412_000152_3300029412_Ga0243915_100352/73665-72081 coords=929..1258 length=110 frame=2 desc=
Scores for complete sequence (score includes all domains):
   --- full sequence ---   --- best 1 domain ---    -#dom-
    E-value  score  bias    E-value  score  bias    exp  N  Model       Description
    ------- ------ -----    ------- ------ -----   ---- --  --------    -----------
  ------ inclusion threshold ------
       0.14   12.1   1.2       0.19   11.7   1.2    1.2  1  Herpes_gE_N  Alphaherpesvirus glycoprotein E N-terminal


Domain annotation for each model (and alignments):
>> Herpes_gE_N  Alphaherpesvirus glycoprotein E N-terminal
   #    score  bias  c-Evalue  i-Evalue hmmfrom  hmm to    alifrom  ali to    envfrom  env to     acc
 ---   ------ ----- --------- --------- ------- -------    ------- -------    ------- -------    ----
   1 ?   11.7   1.2   9.6e-06      0.19       5      64 ..      44     101 ..      40     109 .. 0.79

  Alignments for each domain:
  == domain 1  score: 11.7 bits;  conditional E-value: 9.6e-06
  Herpes_gE_N   5 PseRvdgtlytltWavlP..ltatgplaPsevclksakcftdlvvdveCa..kradePlivart 64 
                   s R dg++yt  W ++   l  +g      +c k a+  +  + ++ C   +ra  P +v  +
         orf3  44 ASLRRDGKRYTIIWKWIRpcLRICG-----NICRK-ATAWNTPIAGSPCWlpRRASAPSAVNGS 101
                  56778***********955******.....89965.5667778899999888899999888755 PP



Internal pipeline statistics summary:
-------------------------------------
Query sequence(s):                         1  (110 residues searched)
Target model(s):                       19632  (3329936 nodes)
Passed MSV filter:                       292  (0.0148737); expected 392.6 (0.02)
Passed bias filter:                      164  (0.00835371); expected 392.6 (0.02)
Passed Vit filter:                         9  (0.000458435); expected 19.6 (0.001)
Passed Fwd filter:                         1  (5.09372e-05); expected 0.2 (1e-05)
Initial search space (Z):              19632  [actual number of targets]
Domain search space  (domZ):               1  [number of targets reported over threshold]
# CPU time: 0.22u 0.17s 00:00:00.39 Elapsed: 00:00:00.29
# Mc/sec: 1251.47
//
Query:       orf4  [L=483]
Description: source=IMGVR_UViG_3300029412_000152_3300029412_Ga0243915_100352/73665-72081 coords=1..1449 length=483 frame=1 desc=
Scores for complete sequence (score includes all domains):
   --- full sequence ---   --- best 1 domain ---    -#dom-
    E-value  score  bias    E-value  score  bias    exp  N  Model    Description
    ------- ------ -----    ------- ------ -----   ---- --  -------- -----------
    1.1e-34  120.0   0.4    1.4e-33  116.4   0.0    2.1  2  RVT_1     Reverse transcriptase (RNA-dependent DNA polymerase
  ------ inclusion threshold ------
      0.014   15.3   0.3        1.3    8.8   0.0    2.6  2  GNAT_C    GNAT-like C-terminal domain


Domain annotation for each model (and alignments):
>> RVT_1  Reverse transcriptase (RNA-dependent DNA polymerase)
   #    score  bias  c-Evalue  i-Evalue hmmfrom  hmm to    alifrom  ali to    envfrom  env to     acc
 ---   ------ ----- --------- --------- ------- -------    ------- -------    ------- -------    ----
   1 !  116.4   0.0   1.4e-37   1.4e-33      44     222 .]       1     208 [.       1     208 [. 0.92
   2 ?    1.5   0.1      0.02     2e+02       8      34 ..     268     294 ..     263     304 .. 0.85

  Alignments for each domain:
  == domain 1  score: 116.4 bits;  conditional E-value: 1.4e-37
            -HHHH..............HCCHTS--EEEEEEBCCGCCCSBB-GGGGGGG-EEET...........................TEEEEESB--ST-TTHHHHHH CS
  RVT_1  44 gfrpgrstldav.edllkalkkkkkaklllklDlkkaFdsvpleellrkltafkvptk.linliksflstrsfsvrv.ngeeskgryekkglpqGsvlSPllfn 144
            gfrp+rs+++a+ +++     +++  +++l++D+k++Fd+v++++l+++l+++++++k l+ +ik++l   ++ +r+ +g   ++ y +kg+pqG+++SPll+n
   orf4   1 GFRPNRSVEHAIsRTYSLL--QRAHLHYVLEIDIKGFFDNVNHSKLIKQLWTLGIQDKqLLFVIKRIL---KAPIRMpDG---STVYPTKGTPQGGIISPLLAN 96 
            8*********998555555..67888*****************************8761567899999...445688677...89******************* PP

            HHHHHHHTT-T.........................................TEEECTTEEEEEESSHHHHHHHHHHHHHHHHH.TT--BEGGG-EEE...... CS
  RVT_1 145 lfmnellrelrkra...................................kgvtllrYaDDililskskeelqelleaveewlke.sglkinpeKtklvlftv.k 211
            +++nel++ +++++                                   k+ +++rYaDD+ i+++++e++++ +eav +w+ e  +l+i+peKt++v   + +
   orf4  97 VVLNELDHWIDSQWvehplanrygtrriirtsevfdkskgyqkmrksnlKEMFIVRYADDFRIFCRNREDAEKTMEAVTRWMTErLKLEISPEKTRIV---NvR 197
            **********************************************************************************9989************...669 PP

            ESSEEETTEEE CS
  RVT_1 212 seevkyLGvtl 222
            ++  ++LG+++
   orf4 198 KRYSEFLGFKI 208
            99999**9986 PP

  == domain 2  score: 1.5 bits;  conditional E-value: 0.02
            -EEE......-THHHHCTB--...... CS
  RVT_1   8 syRpisllsvdykalnkliakrLkdvl 34 
             yR+  ++s d++++ +++   L++ l
   orf4 268 YYRIATCISLDCRKIHRRVMTVLTNRL 294
            59**99*************99888765 PP

>> GNAT_C  GNAT-like C-terminal domain
   #    score  bias  c-Evalue  i-Evalue hmmfrom  hmm to    alifrom  ali to    envfrom  env to     acc
 ---   ------ ----- --------- --------- ------- -------    ------- -------    ------- -------    ----
   1 ?    3.7   0.1    0.0052        51      90     132 ..     149     193 ..     138     204 .. 0.81
   2 ?    8.8   0.0   0.00014       1.3      32     136 ..     376     478 ..     354     481 .. 0.85

  Alignments for each domain:
  == domain 1  score: 3.7 bits;  conditional E-value: 0.0052
  GNAT_C  90 nIvrFqrrFelvpvke.edkqilefvfglr.teadlaalpedtsL 132
              Ivr++++F+++ ++  ++++ +e v ++  ++ +l+  pe+t++
    orf4 149 FIVRYADDFRIFCRNReDAEKTMEAVTRWMtERLKLEISPEKTRI 193
             599********987764889999****999777888888999986 PP

  == domain 2  score: 8.8 bits;  conditional E-value: 0.00014
  GNAT_C  32 lsvHIPeggpltpeaveeSlaqakeFfkkhfper..kvkavvCeSWLLdpalkelleedSnIvrFqrrFelvpvkeedkqilefvfglrteadlaalpedtsL 132
             l  H Peg++++ + ++ Sl  aQuery:       orf5  [L=299]
Description: source=IMGVR_UViG_3300029412_000152_3300029412_Ga0243915_100352/76259-74566 coords=606..1502 length=299 frame=3 desc=
Scores for complete sequence (score includes all domains):
   --- full sequence ---   --- best 1 domain ---    -#dom-
    E-value  score  bias    E-value  score  bias    exp  N  Model           Description
    ------- ------ -----    ------- ------ -----   ---- --  --------        -----------
    7.1e-14   51.6   0.0    9.2e-14   51.2   0.0    1.1  1  T4SS-DNA_transf  Type IV secretory system Conjugative DNA tra
  ------ inclusion threshold ------
      0.021   13.9   0.0      0.026   13.6   0.0    1.1  1  TrwB_AAD_bind    Type IV secretion-system coupling protein DN
       0.22   11.1   0.0       0.34   10.5   0.0    1.2  1  Pox_A32          Poxvirus A32 protein


Domain annotation for each model (and alignments):
>> T4SS-DNA_transf  Type IV secretory system Conjugative DNA transfer
   #    score  bias  c-Evalue  i-Evalue hmmfrom  hmm to    alifrom  ali to    envfrom  env to     acc
 ---   ------ ----- --------- --------- ------- -------    ------- -------    ------- -------    ----
   1 !   51.2   0.0   1.4eQuery:       orf5  [L=251]
Description: source=IMGVR_UViG_3300029412_000152_3300029412_Ga0243915_100352/73665-72081 coords=1437..685 length=251 frame=5 desc=
Scores for complete sequence (score includes all domains):
   --- full sequence ---   --- best 1 domain ---    -#dom-
    E-value  score  bias    E-value  score  bias    exp  N  Model    Description
    ------- ------ -----    ------- ------ -----   ---- --  -------- -----------

   [No hits detected that satisfy reporting thresholds]


Domain annotation for each model (and alignments):

   [No targets detected that satisfy reporting thresholds]


Internal pipeline statistics summary:
-------------------------------------
Query sequence(s):                         1  (251 residues searched)
Target model(s):                       19632  (3329936 nodes)
Passed MSV filter:                       545  (0.0277608); expected 392.6 (0.02)
Passed bias filter:                      492  (0.0250611); expected 392.6 (0.02)
Passed Vit filter:                        41  (0.00208843); expected 19.6 (0.001)
Passed Fwd filter:                         0  (0); expected 0.2 (1e-05)
Initial search space (Z):              19632  [actual number of targets]
Domain search space  (domZ):               0  [number of targets reported over threshold]
# CPU time: 0.28u 0.13s 00:00:00.41 Elapsed: 00:00:00.27
# Mc/sec: 3009.87
//
Query:       orf6  [L=114]
Description: source=IMGVR_UViG_3300029412_000152_3300029412_Ga0243915_100352/73665-72081 coords=800..459 length=114 frame=6 desc=
Scores for complete sequence (score includes all domains):
   --- full sequence ---   --- best 1 domain ---    -#dom-
    E-value  score  bias    E-value  score  bias    exp  N  Model    Description
    ------- ------ -----    ------- ------ -----   ---- --  -------- -----------

   [No hits detected that satisfy reporting thresholds]


Domain annotation for each model (and alignments):

   [No targets detected that satisfy reporting thresholds]


Internal pipeline statistics summary:
-------------------------------------
Query sequence(s):                         1  (114 residues searched)
Target model(s):                       19632  (3329936 nodes)
Passed MSV filter:                       336  (0.0171149); expected 392.6 (0.02)
Passed bias filter:                      237  (0.0120721); expected 392.6 (0.02)
Passed Vit filter:                        12  (0.000611247); expected 19.6 (0.001)
Passed Fwd filter:                         0  (0); expected 0.2 (1e-05)
Initial search space (Z):              19632  [actual number of targets]
Domain search space  (domZ):               0  [number of targets reported over threshold]
# CPU time: 0.22u 0.16s 00:00:00.38 Elapsed: 00:00:00.27
# Mc/sec: 1405.16
//
Query:       orf7  [L=203]
Description: source=IMGVR_UViG_3300029412_000152_3300029412_Ga0243915_100352/73665-72081 coords=681..73 length=203 frame=5 desc=
Scores for complete sequence (score includes all domains):
   --- full sequence ---   --- best 1 domain ---    -#dom-
    E-value  score  bias    E-value  score  bias    exp  N  Model    Description
    ------- ------ -----    ------- ------ -----   ---- --  -------- -----------

   [No hits detected that satisfy reporting thresholds]


Domain annotation for each model (and alignments):

   [No targets detected that satisfy reporting thresholds]


Internal pipeline statistics summary:
-------------------------------------
Query sequence(s):                         1  (203 residues searched)
Target model(s):                       19632  (3329936 nodes)
Passed MSV filter:                       351  (0.017879); expected 392.6 (0.02)
Passed bias filter:                      320  (0.0162999); expected 392.6 (0.02)
Passed Vit filter:                        15  (0.000764059); expected 19.6 (0.001)
Passed Fwd filter:                         0  (0); expected 0.2 (1e-05)
Initial search space (Z):              19632  [actual number of targets]
Domain search space  (domZ):               0  [number of targets reported over threshold]
# CPU time: 0.24u 0.15s 00:00:00.39 Elapsed: 00:00:00.29
# Mc/sec: 2320.62
//
[ok]
s]


Internal pipeline statistics summary:
-------------------------------------
Query sequence(s):                         1  (100 residues searched)
Target model(s):                       19632  (3329936 nodes)
Passed MSV filter:                       214  (0.0109006); expected 392.6 (0.02)
Passed bias filter:                      171  (0.00871027); expected 392.6 (0.02)
Passed Vit filter:                         6  (0.000305623); expected 19.6 (0.001)
Passed Fwd filter:                         0  (0); expected 0.2 (1e-05)
Initial search space (Z):              19632  [actual number of targets]
Domain search space  (domZ):               0  [number of targets reported over threshold]
# CPU time: 0.21u 0.16s 00:00:00.37 Elapsed: 00:00:00.26
# Mc/sec: 1255.29
//
Query:       orf7  [L=131]
Description: source=IMGVR_UViG_3300029412_000152_3300029412_Ga0243915_100352/76259-74566 coords=1694..1302 length=131 frame=4 desc=
Scores for complete sequence (score includes all domains):
   --- full sequence ---   --- best 1 domain ---    -#dom-
    E-value  score  bias    E-value  score  bias    exp  N  Model    Description
    ------- ------ -----    ------- ------ -----   ---- --  -------- -----------

   [No hits detected that satisfy reporting thresholds]


Domain annotation for each model (and alignments):

   [No targets detected that satisfy reporting thresholds]


Internal pipeline statistics summary:
-------------------------------------
Query sequence(s):                         1  (131 residues searched)
Target model(s):                       19632  (3329936 nodes)
Passed MSV filter:                       442  (0.0225143); expected 392.6 (0.02)
Passed bias filter:                      405  (0.0206296); expected 392.6 (0.02)
Passed Vit filter:                        21  (0.00106968); expected 19.6 (0.001)
Passed Fwd filter:                         0  (0); expected 0.2 (1e-05)
Initial search space (Z):              19632  [actual number of targets]
Domain search space  (domZ):               0  [number of targets reported over threshold]
# CPU time: 0.23u 0.17s 00:00:00.40 Elapsed: 00:00:00.28
# Mc/sec: 1541.58
//
Query:       orf8  [L=140]
Description: source=IMGVR_UViG_3300029412_000152_3300029412_Ga0243915_100352/76259-74566 coords=1163..744 length=140 frame=4 desc=
Scores for complete sequence (score includes all domains):
   --- full sequence ---   --- best 1 domain ---    -#dom-
    E-value  score  bias    E-value  score  bias    exp  N  Model    Description
    ------- ------ -----    ------- ------ -----   ---- --  -------- -----------
  ------ inclusion threshold ------
       0.23   11.3   0.0       0.38   10.6   0.0    1.3  1  Dpy-30    Dpy-30 motif


Domain annotation for each model (and alignments):
>> Dpy-30  Dpy-30 motif
   #    score  bias  c-Evalue  i-Evalue hmmfrom  hmm to    alifrom  ali to    envfrom  env to     acc
 ---   ------ ----- --------- --------- ------- -------    ------- -------    ------- -------    ----
   1 ?   10.6   0.0   1.9e-05      0.38      24      34 ..     105     115 ..     104     116 .. 0.92

  Alignments for each domain:
  == domain 1  score: 10.6 bits;  conditional E-value: 1.9e-05
             C-SSSCCCCHH CS
  Dpy-30  24 eRPeDPieyLA 34 
             eRP++Pi+++A
    orf8 105 ERPKNPIQHIA 115
             8*********9 PP



Internal pipeline statistics summary:
-------------------------------------
Query sequence(s):                         1  (140 residues searched)
Target model(s):                       19632  (3329936 nodes)
Passed MSV filter:                       224  (0.0114099); expected 392.6 (0.02)
Passed bias filter:                      209  (0.0106459); expected 392.6 (0.02)
Passed Vit filter:                        11  (0.00056031); expected 19.6 (0.001)
Passed Fwd filter:                         1  (5.09372e-05); expected 0.2 (1e-05)
Initial search space (Z):              19632  [actual number of targets]
Domain search space  (domZ):               1  [number of targets reported over threshold]
# CPU time: 0.21u 0.14s 00:00:00.35 Elapsed: 00:00:00.24
# Mc/sec: 1885.12
//
Query:       orf9  [L=174]
Description: source=IMGVR_UViG_3300029412_000152_3300029412_Ga0243915_100352/76259-74566 coords=1177..656 length=174 frame=5 desc=
Scores for complete sequence (score includes all domains):
   --- full sequence ---   --- best 1 domain ---    -#dom-
    E-value  score  bias    E-value  score  bias    exp  N  Model    Description
    ------- ------ -----    ------- ------ -----   ---- --  -------- -----------

   [No hits detected that satisfy reporting thresholds]


Domain annotation for each model (and alignments):

   [No targets detected that satisfy reporting thresholds]


Internal pipeline statistics summary:
-------------------------------------
Query sequence(s):                         1  (174 residues searched)
Target model(s):                       19632  (3329936 nodes)
Passed MSV filter:                       190  (0.00967808); expected 392.6 (0.02)
Passed bias filter:                      158  (0.00804808); expected 392.6 (0.02)
Passed Vit filter:                        14  (0.000713121); expected 19.6 (0.001)
Passed Fwd filter:                         0  (0); expected 0.2 (1e-05)
Initial search space (Z):              19632  [actual number of targets]
Domain search space  (domZ):               0  [number of targets reported over threshold]
# CPU time: 0.21u 0.14s 00:00:00.35 Elapsed: 00:00:00.25
# Mc/sec: 2255.70
//
Query:       orf10  [L=127]
Description: source=IMGVR_UViG_3300029412_000152_3300029412_Ga0243915_100352/76259-74566 coords=740..360 length=127 frame=4 desc=
Scores for complete sequence (score includes all domains):
   --- full sequence ---   --- best 1 domain ---    -#dom-
    E-value  score  bias    E-value  score  bias    exp  N  Model    Description
    ------- ------ -----    ------- ------ -----   ---- --  -------- -----------

   [No hits detected that satisfy reporting thresholds]


Domain annotation for each model (and alignments):

   [No targets detected that satisfy reporting thresholds]


Internal pipeline statistics summary:
-------------------------------------
Query sequence(s):                         1  (127 residues searched)
Target model(s):                       19632  (3329936 nodes)
Passed MSV filter:                       300  (0.0152812); expected 392.6 (0.02)
Passed bias filter:                      248  (0.0126324); expected 392.6 (0.02)
Passed Vit filter:                        11  (0.00056031); expected 19.6 (0.001)
Passed Fwd filter:                         0  (0); expected 0.2 (1e-05)
Initial search space (Z):              19632  [actual number of targets]
Domain search space  (domZ):               0  [number of targets reported over threshold]
# CPU time: 0.22u 0.15s 00:00:00.37 Elapsed: 00:00:00.26
# Mc/sec: 1615.82
//
Query:       orf11  [L=201]
Description: source=IMGVR_UViG_3300029412_000152_3300029412_Ga0243915_100352/76259-74566 coords=780..178 length=201 frame=6 desc=
Scores for complete sequence (score includes all domains):
   --- full sequence ---   --- best 1 domain ---    -#dom-
    E-value  score  bias    E-value  score  bias    exp  N  Model    Description
    ------- ------ -----    ------- ------ -----   ---- --  -------- -----------

   [No hits detected that satisfy reporting thresholds]


Domain annotation for each model (and alignments):

   [No targets detected that satisfy reporting thresholds]


Internal pipeline statistics summary:
-------------------------------------
Query sequence(s):                         1  (201 residues searched)
Target model(s):                       19632  (3329936 nodes)
Passed MSV filter:                       269  (0.0137021); expected 392.6 (0.02)
Passed bias filter:                      242  (0.0123268); expected 392.6 (0.02)
Passed Vit filter:                        12  (0.000611247); expected 19.6 (0.001)
Passed Fwd filter:                         0  (0); expected 0.2 (1e-05)
Initial search space (Z):              19632  [actual number of targets]
Domain search space  (domZ):               0  [number of targets reported over threshold]
# CPU time: 0.21u 0.15s 00:00:00.36 Elapsed: 00:00:00.25
# Mc/sec: 2627.59
//
[ok]
