# hmmscan :: search sequence(s) against a profile database
# HMMER 3.3.2 (Nov 2020); http://hmmer.org/
# Copyright (C) 2020 Howard Hughes Medical Institute.
# Freely distributed under the BSD open source license.
# - - - - - - - - - - - - - - - - - - - - - - - - - - - - - - - - - - - -
# query sequence file:             -
# target HMM database:             /n/eddy_lab/data/pfam-35.0/Pfam-A.hmm
# output directed to file:         ./all_windows_new/hmmscan/out/IMGVR_UViG_3300000274_000004_3300000274_EM173_1000078_hmmscan_output.out
# per-seq hits tabular output:     ./all_windows_new/hmmscan/tblout/IMGVR_UViG_3300000274_000004_3300000274_EM173_1000078_hmmscan_output.tblout
# - - - - - - - - - - - - - - - - - - - - - - - - - - - - - - - - - - - -

Query:       orf1  [L=135]
Description: source=IMGVR_UViG_3300000274_000004_3300000274_EM173_1000078/1-521 coords=1..405 length=135 frame=1 desc=
Scores for complete sequence (score includes all domains):
   --- full sequence ---   --- best 1 domain ---    -#dom-
    E-value  score  bias    E-value  score  bias    exp  N  Model     Description
    ------- ------ -----    ------- ------ -----   ---- --  --------  -----------
  ------ inclusion threshold ------
      0.056   13.8   0.8       0.43   10.9   0.1    2.3  2  zf-RING_7  C4-type zinc ribbon domain
      0.059   13.7   1.6       0.16   12.3   0.1    2.2  2  zf-nanos   Nanos RNA binding domain
      0.076   13.3   0.3        1.3    9.4   0.0    2.6  3  HNH        HNH endonuclease


Domain annotation for each model (and alignments):
>> zf-RING_7  C4-type zinc ribbon domain
   #    score  bias  c-Evalue  i-Evalue hmmfrom  hmm to    alifrom  ali to    envfrom  env to     acc
 ---   ------ ----- --------- --------- ------- -------    ------- -------    ------- -------    ----
   1 ?    1.0   0.1     0.085   5.6e+02      25      31 ..      80      86 ..      70      86 .. 0.79
   2 ?   10.9   0.1   6.5e-05      0.43      17      33 .]     114     130 ..     109     130 .. 0.80

  Alignments for each domain:
  == domain 1  score: 1.0 bits;  conditional E-value: 0.085
               E-TTT-- CS
  zf-RING_7 25 tCpeCGR 31
               tC+ CG+
       orf1 80 TCEMCGA 86
               8999996 PP

  == domain 2  score: 10.9 bits;  conditional E-value: 6.5e-05
                HCCSTB-EE-TTT--EE CS
  zf-RING_7  17 lragdevvtCpeCGRIL 33 
                +r  + +v C++C++I+
       orf1 114 SRHRKTLVVCESCNAII 130
                456677*********96 PP

>> zf-nanos  Nanos RNA binding domain
   #    score  bias  c-Evalue  i-Evalue hmmfrom  hmm to    alifrom  ali to    envfrom  env to     acc
 ---   ------ ----- --------- --------- ------- -------    ------- -------    ------- -------    ----
   1 ?   12.3   0.1   2.5e-05      0.16      30      46 ..      75      91 ..      72      99 .. 0.82
   2 ?   -0.0   0.1      0.18   1.1e+03      34      41 ..     121     128 ..     117     131 .. 0.85

  Alignments for each domain:
  == domain 1  score: 12.3 bits;  conditional E-value: 2.5e-05
  zf-nanos 30 vLrkyvCpiCgatgdkA 46
              +L++++C++Cgat+ + 
      orf1 75 RLKQQTCEMCGATDTNV 91
              79***********9875 PP

  == domain 2  score: -0.0 bits;  conditional E-value: 0.18
  zf-nanos  34 yvCpiCga 41 
               +vC+ C+a
      orf1 121 VVCESCNA 128
               69999998 PP

>> HNH  HNH endonuclease
   #    score  bias  c-Evalue  i-Evalue hmmfrom  hmm to    alifrom  ali to    envfrom  env to     acc
 ---   ------ ----- --------- --------- ------- -------    ------- -------    ------- -------    ----
   1 ?   -1.4   0.0      0.45   2.9e+03      13      27 ..      21      36 ..      14      39 .. 0.68
   2 ?    9.4   0.0    0.0002       1.3       1      23 [.      81     100 ..      81     114 .. 0.79
   3 ?    0.6   0.1      0.11   7.1e+02      36      41 ..     122     127 ..     120     131 .. 0.84

  Alignments for each domain:
  == domain 1  score: -1.4 bits;  conditional E-value: 0.45
          --EEEESS-TTT.T-- CS
   HNH 13 alevdHiipisq.gga 27
           +  + +ip+++ +g+
  orf1 21 RKGKNFVIPYKDaKGK 36
          5556789999987555 PP

  == domain 2  score: 9.4 bits;  conditional E-value: 0.0002
           -SSSS-B-SSEE--EEEESS-TT CS
   HNH   1 CeyCgrkfhksdalevdHiipis 23 
           Ce+Cg ++  +    ++Hi  + 
  orf1  81 CEMCGATDTNV---VMHHIRTLV 100
           *******9555...*****8765 PP

  == domain 3  score: 0.6 bits;  conditional E-value: 0.11
           E-HHHH CS
   HNH  36 lCksCH 41 
           +C+sC+
  orf1 122 VCESCN 127
           799999 PP



Internal pipeline statistics summary:
-------------------------------------
Query sequence(s):                         1  (135 residues searched)
Target model(s):                       19632  (3329936 nodes)
Passed MSV filter:                       663  (0.0337714); expected 392.6 (0.02)
Passed bias filter:                      492  (0.0250611); expected 392.6 (0.02)
Passed Vit filter:                        47  (0.00239405); expected 19.6 (0.001)
Passed Fwd filter:                         3  (0.000152812); expected 0.2 (1e-05)
Initial search space (Z):              19632  [actual number of targets]
Domain search space  (domZ):               3  [number of targets reported over threshold]
# CPU time: 0.27u 0.18s 00:00:00.45 Elapsed: 00:00:00.32
# Mc/sec: 1373.08
//
Query:       orf2  [L=120]
Description: source=IMGVR_UViG_3300000274_000004_3300000274_EM173_1000078/1-521 coords=519..160 length=120 frame=6 desc=
Scores for complete sequence (score includes all domains):
   --- full sequence ---   --- best 1 domain ---    -#dom-
    E-value  score  bias    E-value  score  bias    exp  N  Model    Description
    ------- ------ -----    ------- ------ -----   ---- --  -------- -----------
  ------ inclusion threshold ------
      0.052   14.0   0.4      0.082   13.4   0.4    1.3  1  DUF5342   Family of unknown function (DUF5342)


Domain annotation for each model (and alignments):
>> DUF5342  Family of unknown function (DUF5342)
   #    score  bias  c-Evalue  i-Evalue hmmfrom  hmm to    alifrom  ali to    envfrom  env to     acc
 ---   ------ ----- --------- --------- ------- -------    ------- -------    ------- -------    ----
   1 ?   13.4   0.4   4.2e-06     0.082       3      35 ..      51      83 ..      49      92 .. 0.89

  Alignments for each domain:
  == domain 1  score: 13.4 bits;  conditional E-value: 4.2e-06
  DUF5342  3 sHFqykplfeneqlpgWsisfyykkkrvegeYh 35
             +H++   +++++ql  Ws+s y +k+ +  +Y 
     orf2 51 THYKRLTMSRQHQLAPWSFSLYPNKSAYMMHYD 83
             689999999*******************99997 PP



Internal pipeline statistics summary:
-------------------------------------
Query sequence(s):                         1  (120 residues searched)
Target model(s):                       19632  (3329936 nodes)
Passed MSV filter:                       362  (0.0184393); expected 392.6 (0.02)
Passed bias filter:                      282  (0.0143643); expected 392.6 (0.02)
Passed Vit filter:                        13  (0.000662184); expected 19.6 (0.001)
Passed Fwd filter:                         1  (5.09372e-05); expected 0.2 (1e-05)
Initial search space (Z):              19632  [actual number of targets]
Domain search space  (domZ):               1  [number of targets reported over threshold]
# CPU time: 0.27u 0.15s 00:00:00.42 Elapsed: 00:00:00.29
# Mc/sec: 1365.37
//
[ok]
