# hmmscan :: search sequence(s) against a profile database
# HMMER 3.3.2 (Nov 2020); http://hmmer.org/
# Copyright (C) 2020 Howard Hughes Medical Institute.
# Freely distributed under the BSD open source license.
# - - - - - - - - - - - - - - - - - - - - - - - - - - - - - - - - - - - -
# query sequence file:             -
# target HMM database:             /n/eddy_lab/data/pfam-35.0/Pfam-A.hmm
# output directed to file:         ./all_windows_new/hmmscan/out/IMGVR_UViG_3300037455_000537_3300037455_Ga0394157_0032362_hmmscan_output.out
# per-seq hits tabular output:     ./all_windows_new/hmmscan/tblout/IMGVR_UViG_3300037455_000537_3300037455_Ga0394157_0032362_hmmscan_output.tblout
# - - - - - - - - - - - - - - - - - - - - - - - - - - - - - - - - - - - -

Query:       orf1  [L=297]
Description: source=IMGVR_UViG_3300037455_000537_3300037455_Ga0394157_0032362/3079-1483 coords=3..893 length=297 frame=3 desc=
Scores for complete sequence (score includes all domains):
   --- full sequence ---   --- best 1 domain ---    -#dom-
    E-value  score  bias    E-value  score  bias    exp  N  Model       Description
    ------- ------ -----    ------- ------ -----   ---- --  --------    -----------
  ------ inclusion threshold ------
        2.6    8.4   7.0       0.23   11.8   0.5    2.7  3  Orthopox_F6  Orthopoxvirus F6 protein


Domain annotation for each model (and alignments):
>> Orthopox_F6  Orthopoxvirus F6 protein
   #    score  bias  c-Evalue  i-Evalue hmmfrom  hmm to    alifrom  ali to    envfrom  env to     acc
 ---   ------ ----- --------- --------- ------- -------    ------- -------    ------- -------    ----
   1 ?   -3.0   0.2      0.46     9e+03       8      17 ..      40      49 ..      36      54 .. 0.61
   2 ?   11.8   0.5   1.2e-05      0.23       3      24 ..     141     162 ..     131     164 .. 0.89
   3 ?   -3.0   0.1      0.49   9.5e+03       7      15 ..     171     179 ..     167     187 .. 0.52

  Alignments for each domain:
  == domain 1  score: -3.0 bits;  conditional E-value: 0.46
  Orthopox_F6  8 vknkiidlik 17
                 +k ki d +k
         orf1 40 IKQKISDTVK 49
                 5666666655 PP

  == domain 2  score: 11.8 bits;  conditional E-value: 1.2e-05
  Orthopox_F6   3 kiltfvknkiidlikndqikys 24 
                  k  tfvkn  idlikn  ++ s
         orf1 141 KGYTFVKNDQIDLIKNYYVQQS 162
                  567*************888766 PP

  == domain 3  score: -3.0 bits;  conditional E-value: 0.49
  Orthopox_F6   7 fvknkiidl 15 
                  fvkn   d 
         orf1 171 FVKNICNDT 179
                  555544442 PP



Internal pipeline statistics summary:
-------------------------------------
Query sequence(s):                         1  (297 residues searched)
Target model(s):                       19632  (3329936 nodes)
Passed MSV filter:                      1335  (0.0680012); expected 392.6 (0.02)
Passed bias filter:                      396  (0.0201711); expected 392.6 (0.02)
Passed Vit filter:                        32  (0.00162999); expected 19.6 (0.001)
Passed Fwd filter:                         1  (5.09372e-05); expected 0.2 (1e-05)
Initial search space (Z):              19632  [actual number of targets]
Domain search space  (domZ):               1  [number of targets reported over threshold]
# CPU time: 0.32u 0.18s 00:00:00.50 Elapsed: 00:00:00.33
# Mc/sec: 2935.06
//
[ok]
