# hmmscan :: search sequence(s) against a profile database
# HMMER 3.3.2 (Nov 2020); http://hmmer.org/
# Copyright (C) 2020 Howard Hughes Medical Institute.
# Freely distributed under the BSD open source license.
# - - - - - - - - - - - - - - - - - - - - - - - - - - - - - - - - - - - -
# query sequence file:             -
# target HMM database:             /n/eddy_lab/data/pfam-35.0/Pfam-A.hmm
# output directed to file:         ./all_windows_new/hmmscan/out/IMGVR_UViG_3300045988_172806_3300045988_Ga0495776_003806_hmmscan_output.out
# per-seq hits tabular output:     ./all_windows_new/hmmscan/tblout/IMGVR_UViG_3300045988_172806_3300045988_Ga0495776_003806_hmmscan_output.tblout
# - - - - - - - - - - - - - - - - - - - - - - - - - - - - - - - - - - - -

Query:       orf1  [L=151]
Description: source=IMGVR_UViG_3300045988_172806_3300045988_Ga0495776_003806/210917-212514 coords=131..583 length=151 frame=2 desc=
Scores for complete sequence (score includes all domains):
   --- full sequence ---   --- best 1 domain ---    -#dom-
    E-value  score  bias    E-value  score  bias    exp  N  Model          Description
    ------- ------ -----    ------- ------ -----   ---- --  --------       -----------
  ------ inclusion threshold ------
       0.15   11.6   0.0       0.18   11.3   0.0    1.0  1  RNA_pol_Rpb1_5  RNA polymerase Rpb1, domain 5


Domain annotation for each model (and alignments):
>> RNA_pol_Rpb1_5  RNA polymerase Rpb1, domain 5
   #    score  bias  c-Evalue  i-Evalue hmmfrom  hmm to    alifrom  ali to    envfrom  env to     acc
 ---   ------ ----- --------- --------- ------- -------    ------- -------    ------- -------    ----
   1 ?   11.3   0.0   9.2e-06      0.18      31      97 ..      14     145 ..      10     151 .] 0.89

  Alignments for each domain:
  == domain 1  score: 11.3 bits;  conditional E-value: 9.2e-06
                     HHHHHHHHHTTEEEETT..SEEEETTS-EEESSGGGTT......................................................... CS
                     xxxxxxxxxxxxxxxxx..xxxxxxxxxxxxxxxxxxx......................................................... RF
  RNA_pol_Rpb1_5  31 lqRrlvkaledvvvkyd..dtvrnsggeivqflygedg......................................................... 66 
                     l+R+l+ +l d vv+ d  d++++ +  + ++++ e +                                                         
            orf1  14 LTRKLLLSLCDTVVNPDieDCGTK-HFYMCNVTSKERQrringrnyyeidekgnvgtklltvtpevdlvgktialrspitccahdengkpcicat 107
                     89*********9998543388865.6667777777766799****************************************************** PP

                     .......B--TT-BHHHHHHHHHHHHHHHCCSSTSSST CS
                     .......xxxxxxxxxxxxxxxxxxxxxxxxxxxxxxx RF
  RNA_pol_Rpb1_5  67 .......lvepGeavGiiaaQSiGePgTQltlnTFHfa 97 
                             ++  +  Gi+a   i +P TQ  l   H  
            orf1 108 cygkrlaEINRNKHAGIVATLKITDPLTQKLLSAKHRV 145
                     *****999*********************999988865 PP



Internal pipeline statistics summary:
-------------------------------------
Query sequence(s):                         1  (151 residues searched)
Target model(s):                       19632  (3329936 nodes)
Passed MSV filter:                       585  (0.0297983); expected 392.6 (0.02)
Passed bias filter:                      337  (0.0171659); expected 392.6 (0.02)
Passed Vit filter:                        24  (0.00122249); expected 19.6 (0.001)
Passed Fwd filter:                         1  (5.09372e-05); expected 0.2 (1e-05)
Initial search space (Z):              19632  [actual number of targets]
Domain search space  (domZ):               1  [number of targets reported over threshold]
# CPU time: 0.36u 0.22s 00:00:00.57 Elapsed: 00:00:00.38
# Mc/sec: 1294.15
//
Query:       orf2  [L=161]
Description: source=IMGVR_UViG_3300045988_172806_3300045988_Ga0495776_003806/210917-212514 coords=1004..1486 length=161 frame=2 desc=
Scores for complete sequence (score includes all domains):
   --- full sequence ---   --- best 1 domain ---    -#dom-
    E-value  score  bias    E-value  score  bias    exp  N  Model    Description
    ------- ------ -----    ------- ------ -----   ---- --  -------- -----------

   [No hits detected that satisfy reporting thresholds]


Domain annotation for each model (and alignments):

   [No targets detected that satisfy reporting thresholds]


Internal pipeline statistics summary:
-------------------------------------
Query sequence(s):                         1  (161 residues searched)
Target model(s):                       19632  (3329936 nodes)
Passed MSV filter:                       834  (0.0424817); expected 392.6 (0.02)
Passed bias filter:                      528  (0.0268949); expected 392.6 (0.02)
Passed Vit filter:                        37  (0.00188468); expected 19.6 (0.001)
Passed Fwd filter:                         0  (0); expected 0.2 (1e-05)
Initial search space (Z):              19632  [actual number of targets]
Domain search space  (domZ):               0  [number of targets reported over threshold]
# CPU time: 0.38u 0.16s 00:00:00.54 Elapsed: 00:00:00.33
# Mc/sec: 1589.58
//
Query:       orf3  [L=90]
Description: source=IMGVR_UViG_3300045988_172806_3300045988_Ga0495776_003806/210917-212514 coords=1269..1000 length=90 frame=6 desc=
Scores for complete sequence (score includes all domains):
   --- full sequence ---   --- best 1 domain ---    -#dom-
    E-value  score  bias    E-value  score  bias    exp  N  Model    Description
    ------- ------ -----    ------- ------ -----   ---- --  -------- -----------

   [No hits detected that satisfy reporting thresholds]


Domain annotation for each model (and alignments):

   [No targets detected that satisfy reporting thresholds]


Internal pipeline statistics summary:
-------------------------------------
Query sequence(s):                         1  (90 residues searched)
Target model(s):                       19632  (3329936 nodes)
Passed MSV filter:                       300  (0.0152812); expected 392.6 (0.02)
Passed bias filter:                      195  (0.00993276); expected 392.6 (0.02)
Passed Vit filter:                         8  (0.000407498); expected 19.6 (0.001)
Passed Fwd filter:                         0  (0); expected 0.2 (1e-05)
Initial search space (Z):              19632  [actual number of targets]
Domain search space  (domZ):               0  [number of targets reported over threshold]
# CPU time: 0.33u 0.18s 00:00:00.51 Elapsed: 00:00:00.34
# Mc/sec: 874.44
//
Query:       orf4  [L=123]
Description: source=IMGVR_UViG_3300045988_172806_3300045988_Ga0495776_003806/210917-212514 coords=1030..662 length=123 frame=5 desc=
Scores for complete sequence (score includes all domains):
   --- full sequence ---   --- best 1 domain ---    -#dom-
    E-value  score  bias    E-value  score  bias    exp  N  Model    Description
    ------- ------ -----    ------- ------ -----   ---- --  -------- -----------

   [No hits detected that satisfy reporting thresholds]


Domain annotation for each model (and alignments):

   [No targets detected that satisfy reporting thresholds]


Internal pipeline statistics summary:
-------------------------------------
Query sequence(s):                         1  (123 residues searched)
Target model(s):                       19632  (3329936 nodes)
Passed MSV filter:                       460  (0.0234311); expected 392.6 (0.02)
Passed bias filter:                      278  (0.0141606); expected 392.6 (0.02)
Passed Vit filter:                        12  (0.000611247); expected 19.6 (0.001)
Passed Fwd filter:                         0  (0); expected 0.2 (1e-05)
Initial search space (Z):              19632  [actual number of targets]
Domain search space  (domZ):               0  [number of targets reported over threshold]
# CPU time: 0.34u 0.18s 00:00:00.52 Elapsed: 00:00:00.34
# Mc/sec: 1193.00
//
[ok]
domain 5
   #    score  bias  c-Evalue  i-Evalue hmmfrom  hmm to    alifrom  ali to    envfrom  env to     acc
 ---   ------ ----- --------- --------- ------- -------    ------- -------    ------- -------    ----
   1 ?   11.3   0.0   9.2e-06      0.18      31      97 ..      14     145 ..      10     151 .] 0.89

  Alignments for each domain:
  == domain 1  score: 11.3 bits;  conditional E-value: 9.2e-06
                     HHHHHHHHHTTEEEETT..SEEEETTS-EEESSGGGTT......................................................... CS
                     xxxxxxxxxxxxxxxxx..xxxxxxxxxxxxxxxxxxx......................................................... RF
  RNA_pol_Rpb1_5  31 lqRrlvkaledvvvkyd..dtvrnsggeivqflygedg......................................................... 66 
                     l+R+l+ +l d vv+ d  d++++ +  + ++++ e +                                                         
            orf2  14 LTRKLLLSLCDTVVNPDieDCGTK-HFYMCNVTSKERQrringrnyyeidekgnvgtklltvtpevdlvgktialrspitccahdengkpcicat 107
                     89*********9998543388865.6667777777766799****************************************************** PP

                     .......B--TT-BHHHHHHHHHHHHHHHCCSSTSSST CS
                     .......xxxxxxxxxxxxxxxxxxxxxxxxxxxxxxx RF
  RNA_pol_Rpb1_5  67 .......lvepGeavGiiaaQSiGePgTQltlnTFHfa 97 
                             ++  +  Gi+a   i +P TQ  l   H  
            orf2 108 cygkrlaEINRNKHAGIVATLKITDPLTQKLLSAKHRV 145
                     *****999*********************999988865 PP



Internal pipeline statistics summary:
-------------------------------------
Query sequence(s):                         1  (151 residues searched)
Target model(s):                       19632  (3329936 nodes)
Passed MSV filter:                       585  (0.0297983); expected 392.6 (0.02)
Passed bias filter:                      337  (0.0171659); expected 392.6 (0.02)
Passed Vit filter:                        24  (0.00122249); expected 19.6 (0.001)
Passed Fwd filter:                         1  (5.09372e-05); expected 0.2 (1e-05)
Initial search space (Z):              19632  [actual number of targets]
Domain search space  (domZ):               1  [number of targets reported over threshold]
# CPU time: 0.36u 0.17s 00:00:00.53 Elapsed: 00:00:00.34
# Mc/sec: 1477.89
//
[ok]
