# hmmscan :: search sequence(s) against a profile database
# HMMER 3.3.2 (Nov 2020); http://hmmer.org/
# Copyright (C) 2020 Howard Hughes Medical Institute.
# Freely distributed under the BSD open source license.
# - - - - - - - - - - - - - - - - - - - - - - - - - - - - - - - - - - - -
# query sequence file:             -
# target HMM database:             /n/eddy_lab/data/pfam-35.0/Pfam-A.hmm
# output directed to file:         ./all_windows_new/hmmscan/out/IMGVR_UViG_3300029512_000083_3300029512_Ga0244798_101144_hmmscan_output.out
# per-seq hits tabular output:     ./all_windows_new/hmmscan/tblout/IMGVR_UViG_3300029512_000083_3300029512_Ga0244798_101144_hmmscan_output.tblout
# - - - - - - - - - - - - - - - - - - - - - - - - - - - - - - - - - - - -

Query:       orf1  [L=497]
Description: source=IMGVR_UViG_3300029512_000083_3300029512_Ga0244798_101144/15663-17247 coords=1..1491 length=497 frame=1 desc=
Scores for complete sequence (score includes all domains):
   --- full sequence ---   --- best 1 domain ---    -#dom-
    E-value  score  bias    E-value  score  bias    exp  N  Model    Description
    ------- ------ -----    ------- ------ -----   ---- --  -------- -----------
    5.4e-27   94.9   0.0    1.1e-26   93.8   0.0    1.5  1  RVT_1     Reverse transcriptase (RNA-dependent DNA polymerase
     0.0051   17.1   0.1      0.014   15.6   0.1    1.7  1  HNH       HNH endonuclease


Domain annotation for each model (and alignments):
>> RVT_1  Reverse transcriptase (RNA-dependent DNA polymerase)
   #    score  bias  c-Evalue  i-Evalue hmmfrom  hmm to    alifrom  ali to    envfrom  env to     acc
 ---   ------ ----- --------- --------- ------- -------    ------- -------    ------- -------    ----
   1 !   93.8   0.0   1.1e-30   1.1e-26      62     222 .]      11     199 ..       1     199 [. 0.89

  Alignments for each domain:
  == domain 1  score: 93.8 bits;  conditional E-value: 1.1e-30
            HCCHTS--EEEEEEBCCGCCCSBB-GGGGGGG-EEET...........................TEEEEESB--ST-TTHHHHHHHHHHHHHTT-T........ CS
  RVT_1  62 lkkkkkaklllklDlkkaFdsvpleellrkltafkvptk.linliksflstrsfsvrv.ngeeskgryekkglpqGsvlSPllfnlfmnellrelrkra..... 158
            l +k + ++++++D+k++Fd+v++++l+++l+++++++k l+ +i+++l+ +   + + +g+   +   +kg+pqG+++SPll+n+++nel++ +++++     
   orf1  11 LMQKSGLHYVVEFDIKGFFDNVDHSKLIKQLWSLNIRDKeLLYVIRRILKAP---ILMpDGN---TEHPTKGTPQGGIISPLLANVVLNELDHWIESQWqcnpv 108
            45677889****************************8652667788888433...4555664...456789********************************* PP

            ...............................TEEECTTEEEEEESSHHHHHHHHHHHHHHHHH.TT--BEGGG-EEE......ESSEEETTEEE CS
  RVT_1 159 ............................kgvtllrYaDDililskskeelqelleaveewlke.sglkinpeKtklvlftv.kseevkyLGvtl 222
                                        k+ +++rYaDD+ il+ ++e++++ l av +wlke  +l ++peKt++v     +++  ++LG+++
   orf1 109 tenyayrenaagcpiqshayramrntrlKEMYIVRYADDFRILCGTREQADRTLIAVTQWLKErLRLDVSPEKTRVV---DvGRSYSEFLGFKI 199
            ***************************************************************99************...54888888999875 PP

>> HNH  HNH endonuclease
   #    score  bias  c-Evalue  i-Evalue hmmfrom  hmm to    alifrom  ali to    envfrom  env to     acc
 ---   ------ ----- --------- --------- ------- -------    ------- -------    ------- -------    ----
   1 !   15.6   0.1   1.5e-06     0.014       5      36 ..     398     429 ..     393     431 .. 0.85

  Alignments for each domain:
  == domain 1  score: 15.6 bits;  conditional E-value: 1.5e-06
           S-B-SSEE--EEEESS-TTTT--BSGGGEEEE CS
   HNH   5 grkfhksdalevdHiipisqggaddieNlqll 36 
           g+kf   ++ +++H++p+  gg+d +eNl+l+
  orf1 398 GKKFQCISEIHCHHKKPKGIGGRDKYENLVLV 429
           556666689********************985 PP



Internal pipeline statistics summary:
-------------------------------------
Query sequence(s):                         1  (497 residues searched)
Target model(s):                       19632  (3329936 nodes)
Passed MSV filter:                       649  (0.0330583); expected 392.6 (0.02)
Passed bias filter:                      484  (0.0246536); expected 392.6 (0.02)
Passed Vit filter:                        33  (0.00168093); expected 19.6 (0.001)
Passed Fwd filter:                         2  (0.000101874); expected 0.2 (1e-05)
Initial search space (Z):              19632  [actual number of targets]
Domain search space  (domZ):               2  [number of targets reported over threshold]
# CPU time: 0.36u 0.17s 00:00:00.53 Elapsed: 00:00:00.33
# Mc/sec: 4978.53
//
Query:       orf2  [L=91]
Description: source=IMGVR_UViG_3300029512_000083_3300029512_Ga0244798_101144/15663-17247 coords=531..259 length=91 frame=5 desc=
Scores for complete sequence (score includes all domains):
   --- full sequence ---   --- best 1 domain ---    -#dom-
    E-value  score  bias    E-value  score  bias    exp  N  Model    Description
    ------- ------ -----    ------- ------ -----   ---- --  -------- -----------

   [No hits detected that satisfy reporting thresholds]


Domain annotation for each model (and alignments):

   [No targets detected that satisfy reporting thresholds]


Internal pipeline statistics summary:
-------------------------------------
Query sequence(s):                         1  (91 residues searched)
Target model(s):                       19632  (3329936 nodes)
Passed MSV filter:                       339  (0.0172677); expected 392.6 (0.02)
Passed bias filter:                      194  (0.00988183); expected 392.6 (0.02)
Passed Vit filter:                        15  (0.000764059); expected 19.6 (0.001)
Passed Fwd filter:                         0  (0); expected 0.2 (1e-05)
Initial search space (Z):              19632  [actual number of targets]
Domain search space  (domZ):               0  [number of targets reported over threshold]
# CPU time: 0.25u 0.15s 00:00:00.40 Elapsed: 00:00:00.28
# Mc/sec: 1049.24
//
[ok]
