# hmmscan :: search sequence(s) against a profile database
# HMMER 3.3.2 (Nov 2020); http://hmmer.org/
# Copyright (C) 2020 Howard Hughes Medical Institute.
# Freely distributed under the BSD open source license.
# - - - - - - - - - - - - - - - - - - - - - - - - - - - - - - - - - - - -
# query sequence file:             -
# target HMM database:             /n/eddy_lab/data/pfam-35.0/Pfam-A.hmm
# output directed to file:         ./all_windows_new/hmmscan/out/IMGVR_UViG_3300006217_003137_3300006217_Ga0081461_1029180_hmmscan_output.out
# per-seq hits tabular output:     ./all_windows_new/hmmscan/tblout/IMGVR_UViG_3300006217_003137_3300006217_Ga0081461_1029180_hmmscan_output.tblout
# - - - - - - - - - - - - - - - - - - - - - - - - - - - - - - - - - - - -

Query:       orf1  [L=110]
Description: source=IMGVR_UViG_3300006217_003137_3300006217_Ga0081461_1029180/3418-1821 coords=141..470 length=110 frame=3 desc=
Scores for complete sequence (score includes all domains):
   --- full sequence ---   --- best 1 domain ---    -#dom-
    E-value  score  bias    E-value  score  bias    exp  N  Model    Description
    ------- ------ -----    ------- ------ -----   ---- --  -------- -----------

   [No hits detected that satisfy reporting thresholds]


Domain annotation for each model (and alignments):

   [No targets detected that satisfy reporting thresholds]


Internal pipeline statistics summary:
-------------------------------------
Query sequence(s):                         1  (110 residues searched)
Target model(s):                       19632  (3329936 nodes)
Passed MSV filter:                       296  (0.0150774); expected 392.6 (0.02)
Passed bias filter:                      140  (0.00713121); expected 392.6 (0.02)
Passed Vit filter:                        16  (0.000814996); expected 19.6 (0.001)
Passed Fwd filter:                         0  (0); expected 0.2 (1e-05)
Initial search space (Z):              19632  [actual number of targets]
Domain search space  (domZ):               0  [number of targets reported over threshold]
# CPU time: 0.31u 0.19s 00:00:00.50 Elapsed: 00:00:00.35
# Mc/sec: 1032.53
//
Query:       orf2  [L=106]
Description: source=IMGVR_UViG_3300006217_003137_3300006217_Ga0081461_1029180/3418-1821 coords=344..661 length=106 frame=2 desc=
Scores for complete sequence (score includes all domains):
   --- full sequence ---   --- best 1 domain ---    -#dom-
    E-value  score  bias    E-value  score  bias    exp  N  Model    Description
    ------- ------ -----    ------- ------ -----   ---- --  -------- -----------

   [No hits detected that satisfy reporting thresholds]


Domain annotation for each model (and alignments):

   [No targets detected that satisfy reporting thresholds]


Internal pipeline statistics summary:
-------------------------------------
Query sequence(s):                         1  (106 residues searched)
Target model(s):                       19632  (3329936 nodes)
Passed MSV filter:                       548  (0.0279136); expected 392.6 (0.02)
Passed bias filter:                      234  (0.0119193); expected 392.6 (0.02)
Passed Vit filter:                        14  (0.000713121); expected 19.6 (0.001)
Passed Fwd filter:                         0  (0); expected 0.2 (1e-05)
Initial search space (Z):              19632  [actual number of targets]
Domain search space  (domZ):               0  [number of targets reported over threshold]
# CPU time: 0.32u 0.19s 00:00:00.51 Elapsed: 00:00:00.35
# Mc/sec: 981.18
//
Query:       orf3  [L=266]
Description: source=IMGVR_UViG_3300006217_003137_3300006217_Ga0081461_1029180/3418-1821 coords=220..1017 length=266 frame=1 desc=
Scores for complete sequence (score includes all domains):
   --- full sequence ---   --- best 1 domain ---    -#dom-
    E-value  score  bias    E-value  score  bias    exp  N  Model    Description
    ------- ------ -----    ------- ------ -----   ---- --  -------- -----------

   [No hits detected that satisfy reporting thresholds]


Domain annotation for each model (and alignments):

   [No targets detected that satisfy reporting thresholds]


Internal pipeline statistics summary:
-------------------------------------
Query sequence(s):                         1  (266 residues searched)
Target model(s):                       19632  (3329936 nodes)
Passed MSV filter:                       644  (0.0328036); expected 392.6 (0.02)
Passed bias filter:                      470  (0.0239405); expected 392.6 (0.02)
Passed Vit filter:                        37  (0.00188468); expected 19.6 (0.001)
Passed Fwd filter:                         0  (0); expected 0.2 (1e-05)
Initial search space (Z):              19632  [actual number of targets]
Domain search space  (domZ):               0  [number of targets reported over threshold]
# CPU time: 0.35u 0.17s 00:00:00.52 Elapsed: 00:00:00.34
# Mc/sec: 2583.02
//
Query:       orf4  [L=104]
Description: source=IMGVR_UViG_3300006217_003137_3300006217_Ga0081461_1029180/3418-1821 coords=1286..1597 length=104 frame=2 desc=
Scores for complete sequence (score includes all domains):
   --- full sequence ---   --- best 1 domain ---    -#dom-
    E-value  score  bias    E-value  score  bias    exp  N  Model    Description
    ------- ------ -----    ------- ------ -----   ---- --  -------- -----------

   [No hits detected that satisfy reporting thresholds]


Domain annotation for each model (and alignments):

   [No targets detected that satisfy reporting thresholds]


Internal pipeline statistics summary:
-------------------------------------
Query sequence(s):                         1  (104 residues searched)
Target model(s):                       19632  (3329936 nodes)
Passed MSV filter:                       373  (0.0189996); expected 392.6 (0.02)
Passed bias filter:                      246  (0.0125306); expected 392.6 (0.02)
Passed Vit filter:                        11  (0.00056031); expected 19.6 (0.001)
Passed Fwd filter:                         0  (0); expected 0.2 (1e-05)
Initial search space (Z):              19632  [actual number of targets]
Domain search space  (domZ):               0  [number of targets reported over threshold]
# CPU time: 0.28u 0.16s 00:00:00.44 Elapsed: 00:00:00.30
# Mc/sec: 1131.53
//
Query:       orf5  [L=170]
Description: source=IMGVR_UViG_3300006217_003137_3300006217_Ga0081461_1029180/3418-1821 coords=1450..941 length=170 frame=5 desc=
Scores for complete sequence (score includes all domains):
   --- full sequence ---   --- best 1 domain ---    -#dom-
    E-value  score  bias    E-value  score  bias    exp  N  Model    Description
    ------- ------ -----    ------- ------ -----   ---- --  -------- -----------

   [No hits detected that satisfy reporting thresholds]


Domain annotation for each model (and alignments):

   [No targets detected that satisfy reporting thresholds]


Internal pipeline statistics summary:
-------------------------------------
Query sequence(s):                         1  (170 residues searched)
Target model(s):                       19632  (3329936 nodes)
Passed MSV filter:                       326  (0.0166055); expected 392.6 (0.02)
Passed bias filter:                      267  (0.0136002); expected 392.6 (0.02)
Passed Vit filter:                        20  (0.00101874); expected 19.6 (0.001)
Passed Fwd filter:                         0  (0); expected 0.2 (1e-05)
Initial search space (Z):              19632  [actual number of targets]
Domain search space  (domZ):               0  [number of targets reported over threshold]
# CPU time: 0.30u 0.18s 00:00:00.48 Elapsed: 00:00:00.33
# Mc/sec: 1700.20
//
Query:       orf6  [L=223]
Description: source=IMGVR_UViG_3300006217_003137_3300006217_Ga0081461_1029180/3418-1821 coords=927..259 length=223 frame=6 desc=
Scores for complete sequence (score includes all domains):
   --- full sequence ---   --- best 1 domain ---    -#dom-
    E-value  score  bias    E-value  score  bias    exp  N  Model    Description
    ------- ------ -----    ------- ------ -----   ---- --  -------- -----------
  ------ inclusion threshold ------
      0.068   13.3   0.2        1.5    9.0   0.0    2.5  3  DUF2199   Uncharacterized protein conserved in bacteria (DUF2


Domain annotation for each model (and alignments):
>> DUF2199  Uncharacterized protein conserved in bacteria (DUF2199)
   #    score  bias  c-Evalue  i-Evalue hmmfrom  hmm to    alifrom  ali to    envfrom  env to     acc
 ---   ------ ----- --------- --------- ------- -------    ------- -------    ------- -------    ----
   1 ?   -0.1   0.0     0.049   9.6e+02      98     133 ..      26      61 ..      22      71 .. 0.82
   2 ?    1.2   0.0     0.019   3.8e+02      32      61 ..      68      97 ..      52     100 .. 0.77
   3 ?    9.0   0.0   7.4e-05       1.5      10      55 ..      99     143 ..      96     148 .. 0.83

  Alignments for each domain:
  == domain 1  score: -0.1 bits;  conditional E-value: 0.049
  DUF2199  98 fgwlaneipvYestaslelkvhtrakgqrPeielee 133
               ++l+ e+    ++++ + +v + +++ +P++ + +
     orf6  26 TARLKEEMVAIAENEDTKYTVYLTEDKGYPSLSVCK 61 
              678888999999999999999999999999998865 PP

  == domain 2  score: 1.2 bits;  conditional E-value: 0.019
  DUF2199 32 eeraelseDlCviagerffiRgvleipiad 61
              ++ ++seD C+ + +++++R +  + + +
     orf6 68 YQEGAISEDDCTDTAKKCYVRYLFPVMVNN 97
             44566999999999*******999888876 PP

  == domain 3  score: 9.0 bits;  conditional E-value: 7.4e-05
  DUF2199  10 eelpslsfkaPdayaalseeereeraelseDlCviagerffiRgvl 55 
              ++ p  sf+ Pd +++l+e++r++++ + eD  ++     f+++ l
     orf6  99 KGFPKSSFEEPDDLEDLTEQDRQDNVYVREDELRF-AMCDFLKVAL 143
              578999************************98877.4455666666 PP



Internal pipeline statistics summary:
-------------------------------------
Query sequence(s):                         1  (223 residues searched)
Target model(s):                       19632  (3329936 nodes)
Passed MSV filter:                       484  (0.0246536); expected 392.6 (0.02)
Passed bias filter:                      406  (0.0206805); expected 392.6 (0.02)
Passed Vit filter:                        26  (0.00132437); expected 19.6 (0.001)
Passed Fwd filter:                         1  (5.09372e-05); expected 0.2 (1e-05)
Initial search space (Z):              19632  [actual number of targets]
Domain search space  (domZ):               1  [number of targets reported over threshold]
# CPU time: 0.30u 0.19s 00:00:00.49 Elapsed: 00:00:00.32
# Mc/sec: 2306.14
//
[ok]
