# hmmscan :: search sequence(s) against a profile database
# HMMER 3.3.2 (Nov 2020); http://hmmer.org/
# Copyright (C) 2020 Howard Hughes Medical Institute.
# Freely distributed under the BSD open source license.
# - - - - - - - - - - - - - - - - - - - - - - - - - - - - - - - - - - - -
# query sequence file:             -
# target HMM database:             /n/eddy_lab/data/pfam-35.0/Pfam-A.hmm
# output directed to file:         ./all_windows_new/hmmscan/out/IMGVR_UViG_7000000298_000201_7000000298_SRS016569_Baylor_scaffold_16361_hmmscan_output.out
# per-seq hits tabular output:     ./all_windows_new/hmmscan/tblout/IMGVR_UViG_7000000298_000201_7000000298_SRS016569_Baylor_scaffold_16361_hmmscan_output.tblout
# - - - - - - - - - - - - - - - - - - - - - - - - - - - - - - - - - - - -

Query:       orf1  [L=431]
Description: source=IMGVR_UViG_7000000298_000201_7000000298_SRS016569_Baylor_scaffold_16361/5102-3518 coords=1..1293 length=431 frame=1 desc=
Scores for complete sequence (score includes all domains):
   --- full sequence ---   --- best 1 domain ---    -#dom-
    E-value  score  bias    E-value  score  bias    exp  N  Model    Description
    ------- ------ -----    ------- ------ -----   ---- --  -------- -----------

   [No hits detected that satisfy reporting thresholds]


Domain annotation for each model (and alignments):

   [No targets detected that satisfy reporting thresholds]


Internal pipeline statistics summary:
-------------------------------------
Query sequence(s):                         1  (431 residues searched)
Target model(s):                       19632  (3329936 nodes)
Passed MSV filter:                       418  (0.0212918); expected 392.6 (0.02)
Passed bias filter:                      360  (0.0183374); expected 392.6 (0.02)
Passed Vit filter:                        36  (0.00183374); expected 19.6 (0.001)
Passed Fwd filter:                         0  (0); expected 0.2 (1e-05)
Initial search space (Z):              19632  [actual number of targets]
Domain search space  (domZ):               0  [number of targets reported over threshold]
# CPU time: 0.36u 0.19s 00:00:00.55 Elapsed: 00:00:00.35
# Mc/sec: 4029.17
//
[ok]
