# hmmscan :: search sequence(s) against a profile database
# HMMER 3.3.2 (Nov 2020); http://hmmer.org/
# Copyright (C) 2020 Howard Hughes Medical Institute.
# Freely distributed under the BSD open source license.
# - - - - - - - - - - - - - - - - - - - - - - - - - - - - - - - - - - - -
# query sequence file:             -
# target HMM database:             /n/eddy_lab/data/pfam-35.0/Pfam-A.hmm
# output directed to file:         ./all_windows_new/hmmscan/out/IMGVR_UViG_2563367173_000019_2563367173_2563434020_13915-36083_hmmscan_output.out
# per-seq hits tabular output:     ./all_windows_new/hmmscan/tblout/IMGVR_UViG_2563367173_000019_2563367173_2563434020_13915-36083_hmmscan_output.tblout
# - - - - - - - - - - - - - - - - - - - - - - - - - - - - - - - - - - - -

Query:       orf1  [L=110]
Description: source=IMGVR_UViG_2563367173_000019_2563367173_2563434020_13915-36083/18378-19967 coords=928..1257 length=110 frame=1 desc=
Scores for complete sequence (score includes all domains):
   --- full sequence ---   --- best 1 domain ---    -#dom-
    E-value  score  bias    E-value  score  bias    exp  N  Model    Description
    ------- ------ -----    ------- ------ -----   ---- --  -------- -----------

   [No hits detected that satisfy reporting thresholds]


Domain annotation for each model (and alignments):

   [No targets detected that satisfy reporting thresholds]


Internal pipeline statistics summary:
-------------------------------------
Query sequence(s):                         1  (110 residues searched)
Target model(s):                       19632  (3329936 nodes)
Passed MSV filter:                       330  (0.0168093); expected 392.6 (0.02)
Passed bias filter:                      253  (0.0128871); expected 392.6 (0.02)
Passed Vit filter:                        23  (0.00117156); expected 19.6 (0.001)
Passed Fwd filter:                         0  (0); expected 0.2 (1e-05)
Initial search space (Z):              19632  [actual number of targets]
Domain search space  (domZ):               0  [number of targets reported over threshold]
# CPU time: 0.31u 0.16s 00:00:00.47 Elapsed: 00:00:00.33
# Mc/sec: 1093.91
//
Query:       orf2  [L=469]
Description: source=IMGVR_UViG_2563367173_000019_2563367173_2563434020_13915-36083/18378-19967 coords=3..1409 length=469 frame=3 desc=
Scores for complete sequence (score includes all domains):
   --- full sequence ---   --- best 1 domain ---    -#dom-
    E-value  score  bias    E-value  score  bias    exp  N  Model    Description
    ------- ------ -----    ------- ------ -----   ---- --  -------- -----------
    2.2e-28   99.4   0.0    5.1e-28   98.2   0.0    1.5  1  RVT_1     Reverse transcriptase (RNA-dependent DNA polymerase
  ------ inclusion threshold ------
       0.01   16.1   0.1      0.028   14.7   0.1    1.7  1  HNH       HNH endonuclease
        0.1   13.0   1.2       0.27   11.6   1.2    1.7  1  DBP10CT   DBP10CT (NUC160) domain


Domain annotation for each model (and alignments):
>> RVT_1  Reverse transcriptase (RNA-dependent DNA polymerase)
   #    score  bias  c-Evalue  i-Evalue hmmfrom  hmm to    alifrom  ali to    envfrom  env to     acc
 ---   ------ ----- --------- --------- ------- -------    ------- -------    ------- -------    ----
   1 !   98.2   0.0   7.8e-32   5.1e-28      64     221 ..      10     197 ..       2     198 .. 0.90

  Alignments for each domain:
  == domain 1  score: 98.2 bits;  conditional E-value: 7.8e-32
            CHTS--EEEEEEBCCGCCCSBB-GGGGGGG-EEET..........................TEEEEESB--ST-TTHHHHHHHHHHHHHTT-T........... CS
  RVT_1  64 kkkkaklllklDlkkaFdsvpleellrkltafkvptk.linliksflstrsfsvrvngeeskgryekkglpqGsvlSPllfnlfmnellrelrkra........ 158
            ++   ++++++D+k++Fd+v++++l+++++a+++++k li ++k++l   ++ +++++   ++ +  kg+pqG+++SPll+n+++nel+  +++++        
   orf2  10 QQSHLHYVAEFDIKGFFDNVDHSKLIKQMWALGIRDKrLIYIVKRIL---KAPIQLENG--TTVAPVKGTPQGGIISPLLANIVLNELDWWVESQWadnpmava 108
            455569****************************8762666777777...333466443..899**************************************** PP

            ..............................TEEECTTEEEEEESSHHHHHHHHHHHHHHHHH.TT--BEGGG-EEE......ESSEEETTEE CS
  RVT_1 159 ...........................kgvtllrYaDDililskskeelqelleaveewlke.sglkinpeKtklvlftv.kseevkyLGvt 221
                                       k+ +++rYaDD+ i++++k+++++ l av +wlke  +l ++peKt++v   +  ++  ++LG++
   orf2 109 rgrnrqlggntvfdkshgyramrttrlKEMHIVRYADDFRIFCQNKDSAERTLIAVTKWLKErLRLDVSPEKTRVV---NlNKHYSEFLGIK 197
            **************************************************************99************...6688889999986 PP

>> HNH  HNH endonuclease
   #    score  bias  c-Evalue  i-Evalue hmmfrom  hmm to    alifrom  ali to    envfrom  env to     acc
 ---   ------ ----- --------- --------- ------- -------    ------- -------    ------- -------    ----
   1 ?   14.7   0.1   4.3e-06     0.028      13      35 ..     399     421 ..     387     425 .. 0.88

  Alignments for each domain:
  == domain 1  score: 14.7 bits;  conditional E-value: 4.3e-06
           --EEEESS-TTTT--BSGGGEEE CS
   HNH  13 alevdHiipisqggaddieNlql 35 
           + +++H+ p+++gg+d+++Nl+ 
  orf2 399 DIHCHHKLPKNRGGRDNYQNLII 421
           579******************96 PP

>> DBP10CT  DBP10CT (NUC160) domain
   #    score  bias  c-Evalue  i-Evalue hmmfrom  hmm to    alifrom  ali to    envfrom  env to     acc
 ---   ------ ----- --------- --------- ------- -------    ------- -------    ------- -------    ----
   1 ?   11.6   1.2   4.2e-05      0.27      20      54 ..     197     231 ..     183     235 .. 0.88

  Alignments for each domain:
  == domain 1  score: 11.6 bits;  conditional E-value: 4.2e-05
  DBP10CT  20 klrWDkKkkkyVkranededgkkkirtEsGvkiaa 54 
              k+r  kKk+k V +++ +e+  k i+tE+ +ki++
     orf2 197 KMRLTKKKNKLVVQSRVSEKAVKRIKTEAKQKIKN 231
              577789**********999999***********86 PP



Internal pipeline statistics summary:
-------------------------------------
Query sequence(s):                         1  (469 residues searched)
Target model(s):                       19632  (3329936 nodes)
Passed MSV filter:                       906  (0.0461491); expected 392.6 (0.02)
Passed bias filter:                      577  (0.0293908); expected 392.6 (0.02)
Passed Vit filter:                        43  (0.0021903); expected 19.6 (0.001)
Passed Fwd filter:                         3  (0.000152812); expected 0.2 (1e-05)
Initial search space (Z):              19632  [actual number of targets]
Domain search space  (domZ):               3  [number of targets reported over threshold]
# CPU time: 0.35u 0.20s 00:00:00.55 Elapsed: 00:00:00.33
# Mc/sec: 4621.53
//
Query:       orf3  [L=261]
Description: source=IMGVR_UViG_2563367173_000019_2563367173_2563434020_13915-36083/18378-19967 coords=1130..348 length=261 frame=5 desc=
Scores for complete sequence (score includes all domains):
   --- full sequence ---   --- best 1 domain ---    -#dom-
    E-value  score  bias    E-value  score  bias    exp  N  Model    Description
    ------- ------ -----    ------- ------ -----   ---- --  -------- -----------

   [No hits detected that satisfy reporting thresholds]


Domain annotation for each model (and alignments):

   [No targets detected that satisfy reporting thresholds]


Internal pipeline statistics summary:
-------------------------------------
Query sequence(s):                         1  (261 residues searched)
Target model(s):                       19632  (3329936 nodes)
Passed MSV filter:                       366  (0.018643); expected 392.6 (0.02)
Passed bias filter:                      323  (0.0164527); expected 392.6 (0.02)
Passed Vit filter:                        12  (0.000611247); expected 19.6 (0.001)
Passed Fwd filter:                         0  (0); expected 0.2 (1e-05)
Initial search space (Z):              19632  [actual number of targets]
Domain search space  (domZ):               0  [number of targets reported over threshold]
# CPU time: 0.30u 0.15s 00:00:00.44 Elapsed: 00:00:00.30
# Mc/sec: 2836.33
//
[ok]
