# hmmscan :: search sequence(s) against a profile database
# HMMER 3.3.2 (Nov 2020); http://hmmer.org/
# Copyright (C) 2020 Howard Hughes Medical Institute.
# Freely distributed under the BSD open source license.
# - - - - - - - - - - - - - - - - - - - - - - - - - - - - - - - - - - - -
# query sequence file:             -
# target HMM database:             /n/eddy_lab/data/pfam-35.0/Pfam-A.hmm
# output directed to file:         ./all_windows_new/hmmscan/out/IMGVR_UViG_3300025718_000162_3300025718_Ga0209123_1000656_hmmscan_output.out
# per-seq hits tabular output:     ./all_windows_new/hmmscan/tblout/IMGVR_UViG_3300025718_000162_3300025718_Ga0209123_1000656_hmmscan_output.tblout
# - - - - - - - - - - - - - - - - - - - - - - - - - - - - - - - - - - - -

Query:       orf1  [L=498]
Description: source=IMGVR_UViG_3300025718_000162_3300025718_Ga0209123_1000656/40387-38788 coords=1..1494 length=498 frame=1 desc=
Scores for complete sequence (score includes all domains):
   --- full sequence ---   --- best 1 domain ---    -#dom-
    E-value  score  bias    E-value  score  bias    exp  N  Model    Description
    ------- ------ -----    ------- ------ -----   ---- --  -------- -----------
    1.4e-29  103.3   0.1    3.8e-29  101.9   0.1    1.7  1  RVT_1     Reverse transcriptase (RNA-dependent DNA polymerase
     0.0066   16.6   0.8     0.0066   16.6   0.8    2.8  3  GIIM      Group II intron, maturase-specific domain


Domain annotation for each model (and alignments):
>> RVT_1  Reverse transcriptase (RNA-dependent DNA polymerase)
   #    score  bias  c-Evalue  i-Evalue hmmfrom  hmm to    alifrom  ali to    envfrom  env to     acc
 ---   ------ ----- --------- --------- ------- -------    ------- -------    ------- -------    ----
   1 !  101.9   0.1   3.9e-33   3.8e-29      30     221 ..       5     212 ..       2     213 .. 0.89

  Alignments for each domain:
  == domain 1  score: 101.9 bits;  conditional E-value: 3.9e-33
            ........-------HHHH................HCCHTS--EEEEEEBCCGCCCSBB-GGGGGGG-EEET..........................TEEEEE CS
  RVT_1  30 Lkdvlekllsenqpgfrpgrstldav...edllkalkkkkkaklllklDlkkaFdsvpleellrkltafkvpt.klinliksflstrsfsvrvngeeskgryek 129
            L++++e ++ e+++gfrp+r t+ a+       +   + +++ ++++ D++k+Fd+++++ ll++l ++++++ ++i++ik++l+         g   +  + +
   orf1   5 LEPIMEAQFFEHSYGFRPMRDTHMALyriS---NL-VHLTGYYWIVEGDISKCFDKISHSILLKRLYHIGIKDrRVIQIIKTMLKAGI-----AG---ECDVNE 96 
            78999*********************6444...44.466*******************************986268999999992222.....22...445667 PP

            SB--ST-TTHHHHHHHHHHHHHTT-T...............................TEEECTTEEEEEESSHHHHHHHHHHHHHHHHH.TT--BEGGG-EEE. CS
  RVT_1 130 kglpqGsvlSPllfnlfmnellrelrkra.........................kgvtllrYaDDililskskeelqelleaveewlke.sglkinpeKtklvl 207
             g+pqG++lSPll+n++m+ +++ +++++                            +l+rY DD++il++s+++++   + v+e+l++ ++l+++ eKt ++ 
   orf1  97 YGTPQGGILSPLLANVYMDIMDEWISSQWerkktrtaytrhdikiiamrersnlIPGYLVRYSDDFVILTDSRQHAEIWKQNVQEFLQKdMRLTLSLEKTAIT- 199
            8*************************************************99886669*****************************999*************. PP

            .....ESSEEETTEE CS
  RVT_1 208 ftv.kseevkyLGvt 221
                +++ +++LG++
   orf1 200 --DvRKNYIHFLGYE 212
            ..559999*****96 PP

>> GIIM  Group II intron, maturase-specific domain
   #    score  bias  c-Evalue  i-Evalue hmmfrom  hmm to    alifrom  ali to    envfrom  env to     acc
 ---   ------ ----- --------- --------- ------- -------    ------- -------    ------- -------    ----
   1 ?   -0.6   0.1      0.16   1.5e+03      61      78 ..     119     136 ..     111     138 .. 0.82
   2 !   16.6   0.8   6.7e-07    0.0066       4      76 ..     242     310 ..     239     319 .. 0.74
   3 ?   -3.0   0.1      0.86   8.4e+03      45      66 ..     376     397 ..     369     402 .. 0.64

  Alignments for each domain:
  == domain 1  score: -0.6 bits;  conditional E-value: 0.16
  GIIM  61 rwllrkhkkkkrrralrk 78 
           +w+  ++++kk+r a+++
  orf1 119 EWISSQWERKKTRTAYTR 136
           699999999998877665 PP

  == domain 2  score: 16.6 bits;  conditional E-value: 6.7e-07
  GIIM   4 fkrkireltkrsskgvsleelirklnpiirGWanYyrlv.vakrvfskldhyirrrLrrwllrkhkkkkrrral 76 
           + ++i+ + +++s   +  ++i+ +n+ irG +nYy  +   ++v  k      +rL r+ +++ k+ +  +++
  orf1 242 IAKEIKGIPLDAS-REQAIQKINLINSQIRGLINYYENCtRISNVVIKH----AHRLQRVGKKRLKQYNGTWIK 310
           5667888877774.4677899*****************95555555444....678888888888887655554 PP

  == domain 3  score: -3.0 bits;  conditional E-value: 0.86
  GIIM  45 krvfskldhyirrrLrrwllrk 66 
           +r   +ld+ + ++L +++ ++
  orf1 376 SRQKARLDESVSEKLSEMASKR 397
           4455567777777776666665 PP



Internal pipeline statistics summary:
-------------------------------------
Query sequence(s):                         1  (498 residues searched)
Target model(s):                       19632  (3329936 nodes)
Passed MSV filter:                      1096  (0.0558272); expected 392.6 (0.02)
Passed bias filter:                      620  (0.0315811); expected 392.6 (0.02)
Passed Vit filter:                        56  (0.00285249); expected 19.6 (0.001)
Passed Fwd filter:                         2  (0.000101874); expected 0.2 (1e-05)
Initial search space (Z):              19632  [actual number of targets]
Domain search space  (domZ):               2  [number of targets reported over threshold]
# CPU time: 0.34u 0.17s 00:00:00.51 Elapsed: 00:00:00.31
# Mc/sec: 5229.58
//
[ok]
