# hmmscan :: search sequence(s) against a profile database
# HMMER 3.3.2 (Nov 2020); http://hmmer.org/
# Copyright (C) 2020 Howard Hughes Medical Institute.
# Freely distributed under the BSD open source license.
# - - - - - - - - - - - - - - - - - - - - - - - - - - - - - - - - - - - -
# query sequence file:             -
# target HMM database:             /n/eddy_lab/data/pfam-35.0/Pfam-A.hmm
# output directed to file:         ./all_windows_new/hmmscan/out/IMGVR_UViG_2874834968_000001_2874834968_2874834968_2558468-2767658_hmmscan_output.out
# per-seq hits tabular output:     ./all_windows_new/hmmscan/tblout/IMGVR_UViG_2874834968_000001_2874834968_2874834968_2558468-2767658_hmmscan_output.tblout
# - - - - - - - - - - - - - - - - - - - - - - - - - - - - - - - - - - - -

Query:       orf1  [L=407]
Description: source=IMGVR_UViG_2874834968_000001_2874834968_2874834968_2558468-2767658/112256-110672 coords=139..1359 length=407 frame=1 desc=
Scores for complete sequence (score includes all domains):
   --- full sequence ---   --- best 1 domain ---    -#dom-
    E-value  score  bias    E-value  score  bias    exp  N  Model    Description
    ------- ------ -----    ------- ------ -----   ---- --  -------- -----------
  ------ inclusion threshold ------
      0.063   13.3   0.0        0.1   12.6   0.0    1.3  1  HSDR_N    Type I restriction enzyme R protein N terminus (HSD


Domain annotation for each model (and alignments):
>> HSDR_N  Type I restriction enzyme R protein N terminus (HSDR_N)
   #    score  bias  c-Evalue  i-Evalue hmmfrom  hmm to    alifrom  ali to    envfrom  env to     acc
 ---   ------ ----- --------- --------- ------- -------    ------- -------    ------- -------    ----
   1 ?   12.6   0.0   5.3e-06       0.1     104     159 ..     299     369 ..     273     380 .. 0.86

  Alignments for each domain:
  == domain 1  score: 12.6 bits;  conditional E-value: 5.3e-06
             GGS-EEEEE----S.....SSS---EEEEEEETTEEEEEEEE--T..........T-HHHHHHHHTSS--- CS
  HSDR_N 104 enNrfqvvnQvtvt.....gnqkrrpDivlfvnglplvviElKrp..........gtieeAinQikryrke 159
              +N+fq+ +Q t++     g+++  +D+++f +  p ++iE+  +          g+ + Ai+Q Query:       orf2  [L=496]
Description: source=IMGVR_UViG_2874834968_000001_2874834968_2874834968_2558468-2767658/114184-112475 coords=3..1490 length=496 frame=3 desc=
Scores for complete sequence (score includes all domains):
   --- full sequence ---   --- best 1 domain ---    -#dom-
    E-value  score  bias    E-value  score  bias    exp  N  Model           Description
    ------- ------ -----    ------- ------ -----   ---- --  --------        -----------
      0.008   15.1   0.6        0.6    9.0   0.1    2.6  2  T4SS-DNA_transf  Type IV secretory system Conjugative DNA tra


Domain annotation for each model (and alignments):
>> T4SS-DNA_transf  Type IV secretory system Conjugative DNA transfer
   #    score  bias  c-Evalue  i-Evalue hmmfrom  hmm to    alifrom  ali to    envfrom  env to     acc
 ---   ------ ----- --------- --------- ------- -------    ------- -------    ------- -------    ----
   1 !    9.0   0.1   3.1e-05       0.6     221     249 ..     168     210 ..       6     212 .. 0.73
   2 !    3.7   0.1    0.0012        23     263     315 ..     404     458 ..     393     460 .. 0.71

  Alignments for each domain:
  == domain 1  score: 9.0 bits;  conditional E-value: 3.1e-05
                      H..............TTHHHHHHHHHHCCCCGXXXXXXXXXXX CS
  T4SS-DNA_transf 221 d..............etrsSvlgtakselalyadplvrnatSk 249
                                     ++ +Sv+g a  +++ ++dp+++ +tS+
             orf2 168 VgnadkalkamggaeKMMASVYGIAITAMSFFTDPTISTLTSG 210
                      033335555666666899***********************96 PP

  == domain 2  score: 3.7 bits;  conditional E-value: 0.0012
                      XXXXXXXXXXXXXXXXXXXXXXX.XX.XXXXXXXXXXXXXX.XXXXXXXXXXXXX CS
  T4SS-DNA_transf 263 svyvivnpkdlevvapllrlffnmvv.ellkrklpnkderp.kevlflLDEfpsl 315
                       v+ +++p+ +++++ +l l+ ++v  ++ +  +  ++++p +++ f+LDE  +l
             orf2 404 AVFFVTPPHLMKYAKLILILIKQLVDlNFDSSYMTRENQKPdYKTRFMLDELGNL 458
                      68999999999999999888888774233344444444444156*******8765 PP



Internal pipeline statistics summary:
-------------------------------------
Query sequence(s):                         1  (496 residues searched)
Target model(s):                       19632  (3329936 nodes)
Passed MSV filter:                       552  (0.0281174); expected 392.6 (0.02)
Passed bias filter:                      440  (0.0224124); expected 392.6 (0.02)
Passed Vit filter:                        28  (0.00142624); expected 19.6 (0.001)
Passed Fwd filter:                         1  (5.09372e-05); expected 0.2 (1e-05)
Initial search space (Z):              19632  [actual number of targets]
Domain search space  (domZ):               1  [number of targets reported over threshold]
# CPU time: 0.34u 0.22s 00:00:00.56 Elapsed: 00:00:00.36
# Mc/sec: 4520.16
//
Query:       orf3  [L=304]
Description: source=IMGVR_UViG_2874834968_000001_2874834968_2874834968_2558468-2767658/114184-112475 coords=1646..735 length=304 frame=5 desc=
Scores for complete sequence (score includes all domains):
   --- full sequence ---   --- best 1 domain ---    -#dom-
    E-value  score  bias    E-value  score  bias    exp  N  Model    Description
    ------- ------ -----    ------- ------ -----   ---- --  -------- -----------

   [No hits detected that satisfy reporting thresholds]


Domain annotation for each model (and alignments):

   [No targets detected that satisfy reporting thresholds]


Internal pipeline statistics summary:
-------------------------------------
Query sequence(s):                         1  (304 residues searched)
Target model(s):                       19632  (3329936 nodes)
Passed MSV filter:                       688  (0.0350448); expected 392.6 (0.02)
Passed bias filter:                      366  (0.018643); expected 392.6 (0.02)
Passed Vit filter:                        19  (0.000967808); expected 19.6 (0.001)
Passed Fwd filter:                         0  (0); expected 0.2 (1e-05)
Initial search space (Z):              19632  [actual number of targets]
Domain search space  (domZ):               0  [number of targets reported over threshold]
# CPU time: 0.31u 0.16s 00:00:00.47 Elapsed: 00:00:00.30
# Mc/sec: 3361.20
//
Query:       orf4  [L=103]
Description: source=IMGVR_UViG_2874834968_000001_2874834968_2874834968_2558468-2767658/114184-112475 coords=565..257 length=103 frame=6 desc=
Scores for complete sequence (score includes all domains):
   --- full sequence ---   --- best 1 domain ---    -#dom-
    E-value  score  bias    E-value  score  bias    exp  N  Model    Description
    ------- ------ -----    ------- ------ -----   ---- --  -------- -----------

   [No hits detected that satisfy reporting thresholds]


Domain annotation for each model (and alignments):

   [No targets detected that satisfy reporting thresholds]


Internal pipeline statistics summary:
-------------------------------------
Query sequence(s):                         1  (103 residues searched)
Target model(s):                       19632  (3329936 nodes)
Passed MSV filter:                       412  (0.0209861); expected 392.6 (0.02)
Passed bias filter:                      285  (0.0145171); expected 392.6 (0.02)
Passed Vit filter:                        12  (0.000611247); expected 19.6 (0.001)
Passed Fwd filter:                         0  (0); expected 0.2 (1e-05)
Initial search space (Z):              19632  [actual number of targets]
Domain search space  (domZ):               0  [number of targets reported over threshold]
# CPU time: 0.25u 0.15s 00:00:00.40 Elapsed: 00:00:00.28
# Mc/sec: 1212.02
//
Query:       orf5  [L=114]
Description: source=IMGVR_UViG_2874834968_000001_2874834968_2874834968_2558468-2767658/114184-112475 coords=344..3 length=114 frame=5 desc=
Scores for complete sequence (score includes all domains):
   --- full sequence ---   --- best 1 domain ---    -#dom-
    E-value  score  bias    E-value  score  bias    exp  N  Model    Description
    ------- ------ -----    ------- ------ -----   ---- --  -------- -----------

   [No hits detected that satisfy reporting thresholds]


Domain annotation for each model (and alignments):

   [No targets detected that satisfy reporting thresholds]


Internal pipeline statistics summary:
-------------------------------------
Query sequence(s):                         1  (114 residues searched)
Target model(s):                       19632  (3329936 nodes)
Passed MSV filter:                       344  (0.0175224); expected 392.6 (0.02)
Passed bias filter:                      296  (0.0150774); expected 392.6 (0.02)
Passed Vit filter:                        24  (0.00122249); expected 19.6 (0.001)
Passed Fwd filter:                         0  (0); expected 0.2 (1e-05)
Initial search space (Z):              19632  [actual number of targets]
Domain search space  (domZ):               0  [number of targets reported over threshold]
# CPU time: 0.27u 0.17s 00:00:00.44 Elapsed: 00:00:00.31
# Mc/sec: 1220.22
//
[ok]
