# hmmscan :: search sequence(s) against a profile database
# HMMER 3.3.2 (Nov 2020); http://hmmer.org/
# Copyright (C) 2020 Howard Hughes Medical Institute.
# Freely distributed under the BSD open source license.
# - - - - - - - - - - - - - - - - - - - - - - - - - - - - - - - - - - - -
# query sequence file:             -
# target HMM database:             /n/eddy_lab/data/pfam-35.0/Pfam-A.hmm
# output directed to file:         ./all_windows_new/hmmscan/out/IMGVR_UViG_3300029310_000181_3300029310_Ga0134545_1007365_hmmscan_output.out
# per-seq hits tabular output:     ./all_windows_new/hmmscan/tblout/IMGVR_UViG_3300029310_000181_3300029310_Ga0134545_1007365_hmmscan_output.tblout
# - - - - - - - - - - - - - - - - - - - - - - - - - - - - - - - - - - - -

Query:       orf1  [L=145]
Description: source=IMGVR_UViG_3300029310_000181_3300029310_Ga0134545_1007365/2053-413 coords=2..436 length=145 frame=2 desc=
Scores for complete sequence (score includes all domains):
   --- full sequence ---   --- best 1 domain ---    -#dom-
    E-value  score  bias    E-value  score  bias    exp  N  Model    Description
    ------- ------ -----    ------- ------ -----   ---- --  -------- -----------

   [No hits detected that satisfy reporting thresholds]


Domain annotation for each model (and alignments):

   [No targets detected that satisfy reporting thresholds]


Internal pipeline statistics summary:
-------------------------------------
Query sequence(s):                         1  (145 residues searched)
Target model(s):                       19632  (3329936 nodes)
Passed MSV filter:                       379  (0.0193052); expected 392.6 (0.02)
Passed bias filter:                      321  (0.0163509); expected 392.6 (0.02)
Passed Vit filter:                        17  (0.000865933); expected 19.6 (0.001)
Passed Fwd filter:                         0  (0); expected 0.2 (1e-05)
Initial search space (Z):              19632  [actual number of targets]
Domain search space  (domZ):               0  [number of targets reported over threshold]
# CPU time: 0.31u 0.20s 00:00:00.51 Elapsed: 00:00:00.37
# Mc/sec: 1293.03
//
Query:       orf2  [L=337]
Description: source=IMGVR_UViG_3300029310_000181_3300029310_Ga0134545_1007365/2053-413 coords=458..1468 length=337 frame=2 desc=
Scores for complete sequence (score includes all domains):
   --- full sequence ---   --- best 1 domain ---    -#dom-
    E-value  score  bias    E-value  score  bias    exp  N  Model    Description
    ------- ------ -----    ------- ------ -----   ---- --  -------- -----------

   [No hits detected that satisfy reporting thresholds]


Domain annotation for each model (and alignments):

   [No targets detected that satisfy reporting thresholds]


Internal pipeline statistics summary:
-------------------------------------
Query sequence(s):                         1  (337 residues searched)
Target model(s):                       19632  (3329936 nodes)
Passed MSV filter:                       674  (0.0343317); expected 392.6 (0.02)
Passed bias filter:                      540  (0.0275061); expected 392.6 (0.02)
Passed Vit filter:                        38  (0.00193562); expected 19.6 (0.001)
Passed Fwd filter:                         0  (0); expected 0.2 (1e-05)
Initial search space (Z):              19632  [actual number of targets]
Domain search space  (domZ):               0  [number of targets reported over threshold]
# CPU time: 0.34u 0.22s 00:00:00.56 Elapsed: 00:00:00.37
# Mc/sec: 2969.86
//
Query:       orf3  [L=366]
Description: source=IMGVR_UViG_3300029310_000181_3300029310_Ga0134545_1007365/2053-413 coords=1552..455 length=366 frame=6 desc=
Scores for complete sequence (score includes all domains):
   --- full sequence ---   --- best 1 domain ---    -#dom-
    E-value  score  bias    E-value  score  bias    exp  N  Model    Description
    ------- ------ -----    ------- ------ -----   ---- --  -------- -----------

   [No hits detected that satisfy reporting thresholds]


Domain annotation for each model (and alignments):

   [No targets detected that satisfy reporting thresholds]


Internal pipeline statistics summary:
-------------------------------------
Query sequence(s):                         1  (366 residues searched)
Target model(s):                       19632  (3329936 nodes)
Passed MSV filter:                       635  (0.0323452); expected 392.6 (0.02)
Passed bias filter:                      327  (0.0166565); expected 392.6 (0.02)
Passed Vit filter:                        19  (0.000967808); expected 19.6 (0.001)
Passed Fwd filter:                         0  (0); expected 0.2 (1e-05)
Initial search space (Z):              19632  [actual number of targets]
Domain search space  (domZ):               0  [number of targets reported over threshold]
# CPU time: 0.30u 0.20s 00:00:00.50 Elapsed: 00:00:00.33
# Mc/sec: 3605.13
//
Query:       orf4  [L=150]
Description: source=IMGVR_UViG_3300029310_000181_3300029310_Ga0134545_1007365/2053-413 coords=451..2 length=150 frame=6 desc=
Scores for complete sequence (score includes all domains):
   --- full sequence ---   --- best 1 domain ---    -#dom-
    E-value  score  bias    E-value  score  bias    exp  N  Model    Description
    ------- ------ -----    ------- ------ -----   ---- --  -------- -----------

   [No hits detected that satisfy reporting thresholds]


Domain annotation for each model (and alignments):

   [No targets detected that satisfy reporting thresholds]


Internal pipeline statistics summary:
-------------------------------------
Query sequence(s):                         1  (150 residues searched)
Target model(s):                       19632  (3329936 nodes)
Passed MSV filter:                       666  (0.0339242); expected 392.6 (0.02)
Passed bias filter:                      310  (0.0157905); expected 392.6 (0.02)
Passed Vit filter:                        12  (0.000611247); expected 19.6 (0.001)
Passed Fwd filter:                         0  (0); expected 0.2 (1e-05)
Initial search space (Z):              19632  [actual number of targets]
Domain search space  (domZ):               0  [number of targets reported over threshold]
# CPU time: 0.29u 0.19s 00:00:00.48 Elapsed: 00:00:00.34
# Mc/sec: 1449.42
//
[ok]
