# hmmscan :: search sequence(s) against a profile database
# HMMER 3.3.2 (Nov 2020); http://hmmer.org/
# Copyright (C) 2020 Howard Hughes Medical Institute.
# Freely distributed under the BSD open source license.
# - - - - - - - - - - - - - - - - - - - - - - - - - - - - - - - - - - - -
# query sequence file:             -
# target HMM database:             /n/eddy_lab/data/pfam-35.0/Pfam-A.hmm
# output directed to file:         ./all_windows_new/hmmscan/out/IMGVR_UViG_3300024520_004102_3300024520_Ga0255047_10002803_hmmscan_output.out
# per-seq hits tabular output:     ./all_windows_new/hmmscan/tblout/IMGVR_UViG_3300024520_004102_3300024520_Ga0255047_10002803_hmmscan_output.tblout
# - - - - - - - - - - - - - - - - - - - - - - - - - - - - - - - - - - - -

Query:       orf1  [L=112]
Description: source=IMGVR_UViG_3300024520_004102_3300024520_Ga0255047_10002803/9095-7510 coords=1023..688 length=112 frame=6 desc=
Scores for complete sequence (score includes all domains):
   --- full sequence ---   --- best 1 domain ---    -#dom-
    E-value  score  bias    E-value  score  bias    exp  N  Model    Description
    ------- ------ -----    ------- ------ -----   ---- --  -------- -----------
  ------ inclusion threshold ------
       0.14   12.0   1.7        1.3    9.0   0.4    2.3  2  RRM       Putative RRM domain


Domain annotation for each model (and alignments):
>> RRM  Putative RRM domain
   #    score  bias  c-Evalue  i-Evalue hmmfrom  hmm to    alifrom  ali to    envfrom  env to     acc
 ---   ------ ----- --------- --------- ------- -------    ------- -------    ------- -------    ----
   1 ?    9.0   0.4   6.4e-05       1.3      15      38 ..      29      54 ..      26      64 .. 0.74
   2 ?    1.9   0.0      0.01     2e+02       1      14 [.      82      95 ..      82     100 .. 0.79

  Alignments for each domain:
  == domain 1  score: 9.0 bits;  conditional E-value: 6.4e-05
   RRM 15 asLLPShLLvgSPfis..sPnlpsqy 38
          a+LLP   Lv+SP+ s   P++ +  
  orf1 29 ATLLPYWSLVSSPMASitMPTMKRRT 54
          69************954355555544 PP

  == domain 2  score: 1.9 bits;  conditional E-value: 0.01
   RRM  1 vPnvPqTPFDlaYg 14
          +Pn+P T F l Y 
  orf1 82 MPNIPRTVFLLIYM 95
          7******9988875 PP



Internal pipeline statistics summary:
-------------------------------------
Query sequence(s):                         1  (112 residues searched)
Target model(s):                       19632  (3329936 nodes)
Passed MSV filter:                       284  (0.0144662); expected 392.6 (0.02)
Passed bias filter:                      209  (0.0106459); expected 392.6 (0.02)
Passed Vit filter:                        20  (0.00101874); expected 19.6 (0.001)
Passed Fwd filter:                         1  (5.09372e-05); expected 0.2 (1e-05)
Initial search space (Z):              19632  [actual number of targets]
Domain search space  (domZ):               1  [number of targets reported over threshold]
# CPU time: 0.28u 0.18s 00:00:00.46 Elapsed: 00:00:00.33
# Mc/sec: 1106.57
//
[ok]
