# hmmscan :: search sequence(s) against a profile database
# HMMER 3.3.2 (Nov 2020); http://hmmer.org/
# Copyright (C) 2020 Howard Hughes Medical Institute.
# Freely distributed under the BSD open source license.
# - - - - - - - - - - - - - - - - - - - - - - - - - - - - - - - - - - - -
# query sequence file:             -
# target HMM database:             /n/eddy_lab/data/pfam-35.0/Pfam-A.hmm
# output directed to file:         ./all_windows_new/hmmscan/out/IMGVR_UViG_3300013946_000156_3300013946_Ga0117818_1000367_hmmscan_output.out
# per-seq hits tabular output:     ./all_windows_new/hmmscan/tblout/IMGVR_UViG_3300013946_000156_3300013946_Ga0117818_1000367_hmmscan_output.tblout
# - - - - - - - - - - - - - - - - - - - - - - - - - - - - - - - - - - - -

Query:       orf1  [L=299]
Description: source=IMGVR_UViG_3300013946_000156_3300013946_Ga0117818_1000367/1-1021 coords=2..898 length=299 frame=2 desc=
Scores for complete sequence (score includes all domains):
   --- full sequence ---   --- best 1 domain ---    -#dom-
    E-value  score  bias    E-value  score  bias    exp  N  Model    Description
    ------- ------ -----    ------- ------ -----   ---- --  -------- -----------
    1.7e-16   60.6   0.1    1.1e-15   57.9   0.0    2.1  2  RVT_1     Reverse transcriptase (RNA-dependent DNA polymerase


Domain annotation for each model (and alignments):
>> RVT_1  Reverse transcriptase (RNA-dependent DNA polymerase)
   #    score  bias  c-Evalue  i-Evalue hmmfrom  hmm to    alifrom  ali to    envfrom  env to     acc
 ---   ------ ----- --------- --------- ------- -------    ------- -------    ------- -------    ----
   1 !   57.9   0.0   5.7e-20   1.1e-15     127     221 ..      14     140 ..       2     141 .. 0.94
   2 ?   -0.3   0.0     0.034   6.8e+02       3      34 ..     148     178 ..     145     208 .. 0.74

  Alignments for each domain:
  == domain 1  score: 57.9 bits;  conditional E-value: 5.7e-20
            EEESB--ST-TTHHHHHHHHHHHHHTT-T.......................................TEEECTTEEEEEESSHHHHHHHHHHHHHHHHH.TT- CS
  RVT_1 127 yekkglpqGsvlSPllfnlfmnellrelrkra.................................kgvtllrYaDDililskskeelqelleaveewlke.sgl 196
            + ++g+pqG+++SPll+n+++nel+  l++++                                 k vt++rYaDD+ i+++s +++ +l+ a+++wlke   l
   orf1  14 FPEEGTPQGGIISPLLSNVVLNELDWWLASQWeeiptkfqykgtinpngsisrshkfealkrtnlKVVTCVRYADDFKIFTNSYQNAVKLYYATKQWLKErLSL 117
            6789************************************************************************************************99** PP

            -BEGGG-EEE......ESSEEETTEE CS
  RVT_1 197 kinpeKtklvlftv.kseevkyLGvt 221
             i+peK+k++   + k++  ++LG++
   orf1 118 DISPEKSKVI---NlKENYSEFLGLK 140
            **********...6688888888875 PP

  == domain 2  score: -0.3 bits;  conditional E-value: 0.034
            -TT.S-EEE......-THHHHCTB--...... CS
  RVT_1   3 KkgpgsyRpisllsvdykalnkliakrLkdvl 34 
            K+++g+ R + + +v++k ++k+  + +k +l
   orf1 148 KRSNGETRYVVVSHVRDKSIEKIKTN-IKRYL 178
            55579999999999999999999888.55543 PP



Internal pipeline statistics summary:
-------------------------------------
Query sequence(s):                         1  (299 residues searched)
Target model(s):                       19632  (3329936 nodes)
Passed MSV filter:                      1031  (0.0525163); expected 392.6 (0.02)
Passed bias filter:                      489  (0.0249083); expected 392.6 (0.02)
Passed Vit filter:                        37  (0.00188468); expected 19.6 (0.001)
Passed Fwd filter:                         1  (5.09372e-05); expected 0.2 (1e-05)
Initial search space (Z):              19632  [actual number of targets]
Domain search space  (domZ):               1  [number of targets reported over threshold]
# CPU time: 0.33u 0.16s 00:00:00.49 Elapsed: 00:00:00.32
# Mc/sec: 3026.59
//
Query:       orf2  [L=106]
Description: source=IMGVR_UViG_3300013946_000156_3300013946_Ga0117818_1000367/1-1021 coords=999..682 length=106 frame=5 desc=
Scores for complete sequence (score includes all domains):
   --- full sequence ---   --- best 1 domain ---    -#dom-
    E-value  score  bias    E-value  score  bias    exp  N  Model    Description
    ------- ------ -----    ------- ------ -----   ---- --  -------- -----------

   [No hits detected that satisfy reporting thresholds]


Domain annotation for each model (and alignments):

   [No targets detected that satisfy reporting thresholds]


Internal pipeline statistics summary:
-------------------------------------
Query sequence(s):                         1  (106 residues searched)
Target model(s):                       19632  (3329936 nodes)
Passed MSV filter:                       582  (0.0296455); expected 392.6 (0.02)
Passed bias filter:                      253  (0.0128871); expected 392.6 (0.02)
Passed Vit filter:                        22  (0.00112062); expected 19.6 (0.001)
Passed Fwd filter:                         0  (0); expected 0.2 (1e-05)
Initial search space (Z):              19632  [actual number of targets]
Domain search space  (domZ):               0  [number of targets reported over threshold]
# CPU time: 0.28u 0.15s 00:00:00.43 Elapsed: 00:00:00.29
# Mc/sec: 1208.04
//
Query:       orf3  [L=101]
Description: source=IMGVR_UViG_3300013946_000156_3300013946_Ga0117818_1000367/1-1021 coords=415..113 length=101 frame=4 desc=
Scores for complete sequence (score includes all domains):
   --- full sequence ---   --- best 1 domain ---    -#dom-
    E-value  score  bias    E-value  score  bias    exp  N  Model    Description
    ------- ------ -----    ------- ------ -----   ---- --  -------- -----------

   [No hits detected that satisfy reporting thresholds]


Domain annotation for each model (and alignments):

   [No targets detected that satisfy reporting thresholds]


Internal pipeline statistics summary:
-------------------------------------
Query sequence(s):                         1  (101 residues searched)
Target model(s):                       19632  (3329936 nodes)
Passed MSV filter:                       476  (0.0242461); expected 392.6 (0.02)
Passed bias filter:                      321  (0.0163509); expected 392.6 (0.02)
Passed Vit filter:                        14  (0.000713121); expected 19.6 (0.001)
Passed Fwd filter:                         0  (0); expected 0.2 (1e-05)
Initial search space (Z):              19632  [actual number of targets]
Domain search space  (domZ):               0  [number of targets reported over threshold]
# CPU time: 0.28u 0.14s 00:00:00.42 Elapsed: 00:00:00.29
# Mc/sec: 1146.16
//
[ok]
