# hmmscan :: search sequence(s) against a profile database
# HMMER 3.3.2 (Nov 2020); http://hmmer.org/
# Copyright (C) 2020 Howard Hughes Medical Institute.
# Freely distributed under the BSD open source license.
# - - - - - - - - - - - - - - - - - - - - - - - - - - - - - - - - - - - -
# query sequence file:             -
# target HMM database:             /n/eddy_lab/data/pfam-35.0/Pfam-A.hmm
# output directed to file:         ./all_windows_new/hmmscan/out/IMGVR_UViG_3300007361_000255_3300007361_Ga0104787_102258_hmmscan_output.out
# per-seq hits tabular output:     ./all_windows_new/hmmscan/tblout/IMGVR_UViG_3300007361_000255_3300007361_Ga0104787_102258_hmmscan_output.tblout
# - - - - - - - - - - - - - - - - - - - - - - - - - - - - - - - - - - - -

Query:       orf1  [L=482]
Description: source=IMGVR_UViG_3300007361_000255_3300007361_Ga0104787_102258/5983-7567 coords=2..1447 length=482 frame=2 desc=
Scores for complete sequence (score includes all domains):
   --- full sequence ---   --- best 1 domain ---    -#dom-
    E-value  score  bias    E-value  score  bias    exp  N  Model           Description
    ------- ------ -----    ------- ------ -----   ---- --  --------        -----------
    1.2e-29  103.6   0.0    2.3e-29  102.6   0.0    1.5  1  RVT_1            Reverse transcriptase (RNA-dependent DNA pol
     0.0033   17.7   0.5     0.0085   16.4   0.5    1.8  1  HNH              HNH endonuclease
  ------ inclusion threshold ------
      0.059   13.5   0.6       0.15   12.2   0.1    1.9  2  Intron_maturas2  Type II intron maturase


Domain annotation for each model (and alignments):
>> RVT_1  Reverse transcriptase (RNA-dependent DNA polymerase)
   #    score  bias  c-Evalue  i-Evalue hmmfrom  hmm to    alifrom  ali to    envfrom  env to     acc
 ---   ------ ----- --------- --------- ------- -------    ------- -------    ------- -------    ----
   1 !  102.6   0.0   3.6e-33   2.3e-29      47     222 .]       1     203 [.       1     203 [. 0.91

  Alignments for each domain:
  == domain 1  score: 102.6 bits;  conditional E-value: 3.6e-33
            HH..............HCCHTS--EEEEEEBCCGCCCSBB-GGGGGGG-EEET...........................TEEEEESB--ST-TTHHHHHHHHH CS
  RVT_1  47 pgrstldav.edllkalkkkkkaklllklDlkkaFdsvpleellrkltafkvptk.linliksflstrsfsvrv.ngeeskgryekkglpqGsvlSPllfnlfm 147
            p+rs++da+  ++++   ++ k ++++++D+k++Fd+v++++llr+++++++++k l+ +++++l   ++ +++ +g   +    +kg+pqG+++SPll+n+++
   orf1   1 PQRSVEDAIaATYVRL--QRSKLHYVIEFDIKGFFDNVDHPKLLRQIWQLGIQDKhLLYVLRQIL---KAPIKMpDG---RIVLPEKGTPQGGIISPLLANIVL 96 
            5799999998666666..67788*****************************9761455567777...334566555...8999******************** PP

            HHHHTT-T.......................................TEEECTTEEEEEESSHHHHHHHHHHHHHHHHH.TT--BEGGG-EEE......ESSEE CS
  RVT_1 148 nellrelrkra.................................kgvtllrYaDDililskskeelqelleaveewlke.sglkinpeKtklvlftv.kseevk 216
            nel++ +++++                                 k+ +++rYaDD+ i++++k+++q+   av +wlke  +l +++eKt++v   + k++  +
   orf1  97 NELDHWIDSQWlehpvlskyklpvnrngnticsngyramrdtalKEMYIVRYADDFRIFCRTKTDAQKTKIAVTQWLKErLKLDVSEEKTRIV---NvKRRYSE 197
            *******************************************************************************99************...66999999 PP

            ETTEEE CS
  RVT_1 217 yLGvtl 222
            +LG+++
   orf1 198 FLGFKI 203
            9*9986 PP

>> HNH  HNH endonuclease
   #    score  bias  c-Evalue  i-Evalue hmmfrom  hmm to    alifrom  ali to    envfrom  env to     acc
 ---   ------ ----- --------- --------- ------- -------    ------- -------    ------- -------    ----
   1 !   16.4   0.5   1.3e-06    0.0085       6      36 ..     402     432 ..     397     443 .. 0.83

  Alignments for each domain:
  == domain 1  score: 16.4 bits;  conditional E-value: 1.3e-06
           -B-SSEE--EEEESS-TTTT--BSGGGEEEE CS
   HNH   6 rkfhksdalevdHiipisqggaddieNlqll 36 
           ++f  s + +++H+ip+  gg+d + Nl+l+
  orf1 402 KDFPSSCDIHCHHKIPKYLGGTDQYANLILI 432
           5566667789*******************97 PP

>> Intron_maturas2  Type II intron maturase
   #    score  bias  c-Evalue  i-Evalue hmmfrom  hmm to    alifrom  ali to    envfrom  env to     acc
 ---   ------ ----- --------- --------- ------- -------    ------- -------    ------- -------    ----
   1 ?   -3.5   0.0       1.5   9.9e+03      22      41 ..     155     175 ..     153     183 .. 0.67
   2 ?   12.2   0.1   2.3e-05      0.15      45      91 ..     248     290 ..     213     313 .. 0.71

  Alignments for each domain:
  == domain 1  score: -3.5 bits;  conditional E-value: 1.5
  Intron_maturas2  22 fvktkk.ekgkPrsvlrwidl 41 
                      f+ tk+  +   ++v++w+++
             orf1 155 FCRTKTdAQKTKIAVTQWLKE 175
                      566666444555677888776 PP

  == domain 2  score: 12.2 bits;  conditional E-value: 2.3e-05
  Intron_maturas2  45 dIllrykaiirgllnYYsfadnkkrlrerikyilrkscvkTLArKlk 91 
                      d ++ry+a++ g+ nYY +a+n + l       l+++++  LA++l+
             orf1 248 DEIKRYNAMVLGVQNYYHIATNVN-LD---CKALHHAVMTVLANRLR 290
                      4589*****************974.33...22456666666666555 PP



Internal pipeline statistics summary:
-------------------------------------
Query sequence(s):                         1  (482 residues searched)
Target model(s):                       19632  (3329936 nodes)
Passed MSV filter:                       704  (0.0358598); expected 392.6 (0.02)
Passed bias filter:                      517  (0.0263346); expected 392.6 (0.02)
Passed Vit filter:                        35  (0.0017828); expected 19.6 (0.001)
Passed Fwd filter:                         3  (0.000152812); expected 0.2 (1e-05)
Initial search space (Z):              19632  [actual number of targets]
Domain search space  (domZ):               3  [number of targets reported over threshold]
# CPU time: 0.33u 0.17s 00:00:00.50 Elapsed: 00:00:00.32
# Mc/sec: 5014.83
//
Query:       orf2  [L=153]
Description: source=IMGVR_UViG_3300007361_000255_3300007361_Ga0104787_102258/5983-7567 coords=1108..650 length=153 frame=4 desc=
Scores for complete sequence (score includes all domains):
   --- full sequence ---   --- best 1 domain ---    -#dom-
    E-value  score  bias    E-value  score  bias    exp  N  Model    Description
    ------- ------ -----    ------- ------ -----   ---- --  -------- -----------

   [No hits detected that satisfy reporting thresholds]


Domain annotation for each model (and alignments):

   [No targets detected that satisfy reporting thresholds]


Internal pipeline statistics summary:
-------------------------------------
Query sequence(s):                         1  (153 residues searched)
Target model(s):                       19632  (3329936 nodes)
Passed MSV filter:                       684  (0.0348411); expected 392.6 (0.02)
Passed bias filter:                      346  (0.0176243); expected 392.6 (0.02)
Passed Vit filter:                        29  (0.00147718); expected 19.6 (0.001)
Passed Fwd filter:                         0  (0); expected 0.2 (1e-05)
Initial search space (Z):              19632  [actual number of targets]
Domain search space  (domZ):               0  [number of targets reported over threshold]
# CPU time: 0.28u 0.14s 00:00:00.42 Elapsed: 00:00:00.28
# Mc/sec: 1812.73
//
Query:       orf3  [L=137]
Description: source=IMGVR_UViG_3300007361_000255_3300007361_Ga0104787_102258/5983-7567 coords=729..319 length=137 frame=5 desc=
Scores for complete sequence (score includes all domains):
   --- full sequence ---   --- best 1 domain ---    -#dom-
    E-value  score  bias    E-value  score  bias    exp  N  Model    Description
    ------- ------ -----    ------- ------ -----   ---- --  -------- -----------
  ------ inclusion threshold ------
      0.025   14.9   1.2      0.025   14.9   1.2    2.0  3  YesK      YesK-like protein


Domain annotation for each model (and alignments):
>> YesK  YesK-like protein
   #    score  bias  c-Evalue  i-Evalue hmmfrom  hmm to    alifrom  ali to    envfrom  env to     acc
 ---   ------ ----- --------- --------- ------- -------    ------- -------    ------- -------    ----
   1 ?   -1.6   0.1      0.18   3.6e+03       6      24 ..       3      21 ..       1      26 [. 0.71
   2 ?   -2.9   0.0      0.44   8.7e+03      18      30 ..      41      53 ..      36      60 .. 0.46
   3 ?   14.9   1.2   1.3e-06     0.025       6      46 ..      73     112 ..      70     119 .. 0.79

  Alignments for each domain:
  == domain 1  score: -1.6 bits;  conditional E-value: 0.18
  YesK  6 iitaillfavsyllkkrfp 24
          + +a+ +++  ++++ rf+
  orf3  3 VAFAMCFACSIRFSRCRFH 21
          5678888887777777776 PP

  == domain 2  score: -2.9 bits;  conditional E-value: 0.44
  YesK 18 llkkrfpkkkygi 30
          +lk r+++ ++  
  orf3 41 ILKPRNSEYRRLT 53
          5555555544322 PP

  == domain 3  score: 14.9 bits;  conditional E-value: 1.3e-06
  YesK   6 iitaillfavsyllkkrfpkkkygiilllilillslivvly 46 
            +tail+f++s+l+++++ k ++   + ++++ +s i  ly
  orf3  73 CVTAILVFCASVLVRQKMRKSSAYRTIYISFSAVSRI-ALY 112
           69****************9999877777777777655.344 PP



Internal pipeline statistics summary:
-------------------------------------
Query sequence(s):                         1  (137 residues searched)
Target model(s):                       19632  (3329936 nodes)
Passed MSV filter:                       646  (0.0329055); expected 392.6 (0.02)
Passed bias filter:                      356  (0.0181337); expected 392.6 (0.02)
Passed Vit filter:                        19  (0.000967808); expected 19.6 (0.001)
Passed Fwd filter:                         1  (5.09372e-05); expected 0.2 (1e-05)
Initial search space (Z):              19632  [actual number of targets]
Domain search space  (domZ):               1  [number of targets reported over threshold]
# CPU time: 0.26u 0.15s 00:00:00.41 Elapsed: 00:00:00.28
# Mc/sec: 1622.47
//
Query:       orf4  [L=162]
Description: source=IMGVR_UViG_3300007361_000255_3300007361_Ga0104787_102258/5983-7567 coords=544..59 length=162 frame=4 desc=
Scores for complete sequence (score includes all domains):
   --- full sequence ---   --- best 1 domain ---    -#dom-
    E-value  score  bias    E-value  score  bias    exp  N  Model    Description
    ------- ------ -----    ------- ------ -----   ---- --  -------- -----------

   [No hits detected that satisfy reporting thresholds]


Domain annotation for each model (and alignments):

   [No targets detected that satisfy reporting thresholds]


Internal pipeline statistics summary:
-------------------------------------
Query sequence(s):                         1  (162 residues searched)
Target model(s):                       19632  (3329936 nodes)
Passed MSV filter:                       575  (0.0292889); expected 392.6 (0.02)
Passed bias filter:                      441  (0.0224633); expected 392.6 (0.02)
Passed Vit filter:                        35  (0.0017828); expected 19.6 (0.001)
Passed Fwd filter:                         0  (0); expected 0.2 (1e-05)
Initial search space (Z):              19632  [actual number of targets]
Domain search space  (domZ):               0  [number of targets reported over threshold]
# CPU time: 0.30u 0.16s 00:00:00.46 Elapsed: 00:00:00.30
# Mc/sec: 1767.42
//
[ok]
