# hmmscan :: search sequence(s) against a profile database
# HMMER 3.3.2 (Nov 2020); http://hmmer.org/
# Copyright (C) 2020 Howard Hughes Medical Institute.
# Freely distributed under the BSD open source license.
# - - - - - - - - - - - - - - - - - - - - - - - - - - - - - - - - - - - -
# query sequence file:             -
# target HMM database:             /n/eddy_lab/data/pfam-35.0/Pfam-A.hmm
# output directed to file:         ./all_windows_new/hmmscan/out/IMGVR_UViG_7000000465_000221_7000000465_SRS015038_WUGC_scaffold_32692_hmmscan_output.out
# per-seq hits tabular output:     ./all_windows_new/hmmscan/tblout/IMGVR_UViG_7000000465_000221_7000000465_SRS015038_WUGC_scaffold_32692_hmmscan_output.tblout
# - - - - - - - - - - - - - - - - - - - - - - - - - - - - - - - - - - - -

Query:       orf1  [L=90]
Description: source=IMGVR_UViG_7000000465_000221_7000000465_SRS015038_WUGC_scaffold_32692/12894-14543 coords=293..24 length=90 frame=5 desc=
Scores for complete sequence (score includes all domains):
   --- full sequence ---   --- best 1 domain ---    -#dom-
    E-value  score  bias    E-value  score  bias    exp  N  Model    Description
    ------- ------ -----    ------- ------ -----   ---- --  -------- -----------

   [No hits detected that satisfy reporting thresholds]


Domain annotation for each model (and alignments):

   [No targets detected that satisfy reporting thresholds]


Internal pipeline statistics summary:
-------------------------------------
Query sequence(s):                         1  (90 residues searched)
Target model(s):                       19632  (3329936 nodes)
Passed MSV filter:                       610  (0.0310717); expected 392.6 (0.02)
Passed bias filter:                      371  (0.0188977); expected 392.6 (0.02)
Passed Vit filter:                        20  (0.00101874); expected 19.6 (0.001)
Passed Fwd filter:                         0  (0); expected 0.2 (1e-05)
Initial search space (Z):              19632  [actual number of targets]
Domain search space  (domZ):               0  [number of targets reported over threshold]
# CPU time: 0.29u 0.21s 00:00:00.50 Elapsed: 00:00:00.37
# Mc/sec: 805.22
//
[ok]
ICLGKNVSDMKKLAFAVANKLKRFEGIDIEVPKV 185
           55677777999*************************************999987544 PP

  == domain 2  score: 0.8 bits;  conditional E-value: 0.023
           HHHHHHHHHHHHHHHHHHTTC.....E CS
  KH_2  45 srikkigkelrkdieklegkk.....V 66 
           +r k+i++el+k ++++  +k     V
  orf1 218 ERCKAIKSELKKSFRRIIASKnivkdV 244
           6789999*****999887777554442 PP



Internal pipeline statistics summary:
-------------------------------------
Query sequence(s):                         1  (324 residues searched)
Target model(s):                       19632  (3329936 nodes)
Passed MSV filter:                       798  (0.0406479); expected 392.6 (0.02)
Passed bias filter:                      503  (0.0256214); expected 392.6 (0.02)
Passed Vit filter:                        28  (0.00142624); expected 19.6 (0.001)
Passed Fwd filter:                         1  (5.09372e-05); expected 0.2 (1e-05)
Initial search space (Z):              19632  [actual number of targets]
Domain searcQuery:       orf2  [L=108]
Description: source=IMGVR_UViG_7000000465_000221_7000000465_SRS015038_WUGC_scaffold_32692/8531-10170 coords=1408..1085 length=108Query:       orf2  [L=156]
Description: source=IMGVR_UViG_7000000465_000221_7000000465_SRS015038_WUGC_scaffold_32692/7126-8777 coords=1293..826 length=156 frame=6 desc=
Scores for complete sequence (score includes all domains):
   --- full sequence ---   --- best 1 domain ---    -#dom-
    E-value  score  bias    E-value  score  bias    exp  N  Model    Description
    ------- ------ -----    ------- ------ -----   ---- --  -------- -----------

   [No hits detected that satisfy reporting thresholds]


Domain annotation for each model (and alignments):

   [No targets detected that satisfy reporting thresholds]


Internal pipeline statistics summary:
-------------------------------------
Query sequence(s):                         1  (156 residues searched)
Target model(s):                       19632  (3329936 nodes)
Passed MSV filter:                       594  (0.0302567); expected 392.6 (0.02)
Passed bias filter:                      276  (0.0140587); expected 392.6 (0.02)
Passed Vit filter:                        19  (0.000967808); expected 19.6 (0.001)
Passed Fwd filter:                         0  (0); expected 0.2 (1e-05)
Initial search space (Z):              19632  [actual number of targets]
Domain search sQuery:       orf3  [L=115]
Description: source=IMGVR_UViG_7000000465_000221_7000000465_SRS015038_WUGC_scaffold_32692/8531-10170 coords=689..345 length=11Query:       orf3  [L=102]
Description: source=IMGVR_UViG_7000000465_000221_7000000465_SRS015038_WUGC_scaffold_32692/6989-8551 coords=909..604 length=102 frame=4 desc=
Scores for complete sequence (score includes all domains):
   --- full sequence ---   --- best 1 domain ---    -#dom-
    E-value  score  bias    E-value  score  bias    exp  N  Model    Description
    ------- ------ -----    ------- ------ -----   ---- --  -------- -----------

   [No hits detected that satisfy reporting thresholds]


Domain annotation for each model (and alignments):

   [No targets detected that satisfy reporting thresholds]


Internal pipeline statistics summary:
-------------------------------------
Query sequence(s):                         1  (102 residues searched)
Target model(s):                       19632  (3329936 nodes)
Passed MSV filter:                       699  (0.0356051); expected 392.6 (0.02)
Passed bias filter:                      322  (0.0164018); expected 392.6 (0.02)
Passed Vit filter:                        14  (0.000713121); expected 19.6 (0.001)
Passed Fwd filter:                         0  (0); expected 0.2 (1e-05)
Initial search space (Z):              19632  [actual number of targets]
Domain search space  (domZ):               0  [number of targets reported over threshold]
# CPU time: 0.30u 0.18s 00:00:00.48 Elapsed: 00:00:00.34
# Mc/sec: 989.31
//
[ok]

esc=
Scores for complete sequence (score includes all domains):
   --- full sequence ---   --- best 1 domain ---    -#dom-
    E-value  score  bias    E-value  score  bias    exp  N  Model    Description
    ------- ------ -----    ------- ------ -----   ---- --  -------- -----------

   [No hits detected that satisfy reporting thresholds]


Domain annotation for each model (and alignments):

   [No targets detected that satisfy reporting thresholds]


Internal pipeline statistics summary:
-------------------------------------
Query sequence(s):                         1  (108 residues searched)
Target model(s):                       19632  (3329936 nodes)
Passed MSV filter:                       328  (0.0167074); expected 392.6 (0.02)
Passed bias filter:                      189  (0.00962714); expected 392.6 (0.02)
Passed Vit filter:                        14  (0.000713121); expected 19.6 (0.001)
Passed Fwd filter:                         0  (0); expected 0.2 (1e-05)
Initial search space (Z):              19632  [actual number of targets]
Domain search space  (domZ):               0  [number of targets reported over threshold]
# CPU time: 0.26u 0.20s 00:00:00.46 Elapsed: 00:00:00.34
# Mc/sec: 1053.10
//
[ok]
