# hmmscan :: search sequence(s) against a profile database
# HMMER 3.3.2 (Nov 2020); http://hmmer.org/
# Copyright (C) 2020 Howard Hughes Medical Institute.
# Freely distributed under the BSD open source license.
# - - - - - - - - - - - - - - - - - - - - - - - - - - - - - - - - - - - -
# query sequence file:             -
# target HMM database:             /n/eddy_lab/data/pfam-35.0/Pfam-A.hmm
# output directed to file:         ./all_windows_new/hmmscan/out/IMGVR_UViG_3300029230_000181_3300029230_Ga0168685_100318_1-19941_hmmscan_output.out
# per-seq hits tabular output:     ./all_windows_new/hmmscan/tblout/IMGVR_UViG_3300029230_000181_3300029230_Ga0168685_100318_1-19941_hmmscan_output.tblout
# - - - - - - - - - - - - - - - - - - - - - - - - - - - - - - - - - - - -

Query:       orf1  [L=113]
Description: source=IMGVR_UViG_3300029230_000181_3300029230_Ga0168685_100318_1-19941/10732-9148 coords=189..527 length=113 frame=3 desc=
Scores for complete sequence (score includes all domains):
   --- full sequence ---   --- best 1 domain ---    -#dom-
    E-value  score  bias    E-value  score  bias    exp  N  Model    Description
    ------- ------ -----    ------- ------ -----   ---- --  -------- -----------
  ------ inclusion threshold ------
      0.064   13.3   0.5       0.14   12.2   0.1    1.8  2  Croc_4    Contingent replication of cDNA 4


Domain annotation for each model (and alignments):
>> Croc_4  Contingent replication of cDNA 4
   #    score  bias  c-Evalue  i-Evalue hmmfrom  hmm to    alifrom  ali to    envfrom  env to     acc
 ---   ------ ----- --------- --------- ------- -------    ------- -------    ------- -------    ----
   1 ?   12.2   0.1   7.1e-06      0.14      96     124 ..       1      29 [.       1      46 [. 0.92
   2 ?   -0.8   0.0     0.074   1.4e+03      35      53 ..      53      71 ..      35      86 .. 0.64

  Alignments for each domain:
  == domain 1  score: 12.2 bits;  conditional E-value: 7.1e-06
  Croc_4  96 kplwnlhrvyrtvpvhpaaqdlssprcdg 124
             kp w +  v r +p+    +++ssprc  
    orf1   1 KPQWCFRTVKRLIPIRARRREVSSPRCSP 29 
             899************************75 PP

  == domain 2  score: -0.8 bits;  conditional E-value: 0.074
  Croc_4 35 etslvratfhppapqsakl 53
               + r   h  ap  a l
    orf1 53 SRRVQRKMAHQTAPTNAAL 71
            3334455556666655554 PP



Internal pipeline statistics summary:
-------------------------------------
Query sequence(s):                         1  (113 residues searched)
Target model(s):                       19632  (3329936 nodes)
Passed MSV filter:                       335  (0.017064); expected 392.6 (0.02)
Passed bias filter:                      274  (0.0139568); expected 392.6 (0.02)
Passed Vit filter:                        21  (0.00106968); expected 19.6 (0.001)
Passed Fwd filter:                         1  (5.09372e-05); expected 0.2 (1e-05)
Initial search sQuery:       orf2  [L=90]
Description: source=IMGVR_UViG_3300029230_000181_3300029230_Ga0168685_100318_1-19941/13319-11621 coords=955..1224 length=90 frame=1 desc=
Scores for complete sequence (score includes all domains):
 Query:       orf2  [L=137]
Description: source=IMGVR_UViG_3300029230_000181_3300029230_Ga0168685_100318_1-19941/10732-9148 coords=867..1277 length=137 frame=3 desc=
Scores for complete sequence (score includes all domains):
   --- full sequence ---   --- best 1 domain ---    -#dom-
    E-value  score  bias    E-value  score  bias    exp  N  Model    Description
    ------- ------ -----    ------- ------ -----   ---- --  -------- -----------

   [No hits detected that satisfy reporting thresholds]


Domain annotation for each model (and alignments):

   [No targets detected that satisfy reporting thresholds]


Internal pipeline statistics summary:
-------------------------------------
Query sequence(s):                         1  (137 residues searched)
Target model(s):                       19632  (3329936 nodes)
Passed MSV filter:                       424  (0.0215974); expected 392.6 (0.02)
Passed bias filter:                      261  (0.0132946); expected 392.6 (0.02)
Passed Vit filter:                        18  (0.00091687); expected 19.6 (0.001)
Passed Fwd filter:                         0  (0); expected 0.2 (1e-05)
Initial searchQuery:       orf3  [L=159]
Description: source=IMGVR_UViG_3300029230_000181_3300029230_Ga0168685_100318_1-19941/13319-11621 coords=1488..1012 length=159 frame=5 desc=
Scores for complete sequence (score includes all domains):
 Query:       orf3  [L=474]
Description: source=IMGVR_UViG_3300029230_000181_3300029230_Ga0168685_100318_1-19941/10732-9148 coords=2..1423 length=474 frame=2 desc=
Scores for complete sequence (score includes all domains):
   --- full sequence ---   --- best 1 domain ---    -#dom-
    E-value  score  bias    E-value  score  bias    exp  N  Model    Description
    ------- ------ -----    ------- ------ -----   ---- --  -------- -----------
    7.3e-29  101.0   0.1    1.3e-28  100.2   0.1    1.4  1  RVT_1     Reverse transcriptase (RNA-dependent DNA polymerase
  ------ inclusion threshold ------
      0.015   15.6   2.0      0.019   15.3   0.3    2.1  2  HNH       HNH endonuclease


Domain annotation for each model (and alignments):
>> RVT_1  Reverse transcriptase (RNA-dependent DNA polymerase)
   #    score  bias  c-Evalue  i-Evalue hmmfrom  hmm to    alifrom  ali to    envfrom  env to     acc
 ---   ------ ----- --------- --------- ------- -------    ------- -------    ------- -------    ----
   1 !  100.2   0.1   1.3e-32   1.3e-28      49     222 .]       2     202 ..       1     202 [. 0.90

  Alignments for each domain:
  == domain 1  sQuery:       orf4  [L=113]
Description: source=IMGVR_UViG_3300029230_000181_3300029230_Ga0168685_100318_1-19941/13319-11621 coords=963..625 length=113 frame=5 desc=
Scores for complete sequence (score includes all domains):
   --- full sequence ---   --- best 1 domain ---    -#dom-
    E-value  score  bias    E-value  score  bias    exp  N  Model    Description
    ------- ------ -----    ------- ------ -----   ---- --  -------- -----------

   [No hits detected that satisfy reporting thresholds]


Domain annotation for each model (and alignments):

   [No targets detected that satisfy reporting thresholds]


Internal pipeline statistics summary:
-------------------------------------
Query sequence(s):                         1  (113 residues searched)
Target model(s):                       19632  (3329936 nodes)
Passed MSV filter:                       218  (0.0111043); expected 392.6 (0.02)
Passed bias filter:                      204  (0.0103912); expected 392.6 (0.02)
Passed Vit filter:                        10  (0.000509372); expected 19.6 (0.001)
Passed Fwd filter:                         0  (0); expected 0.2 (1e-05)
Initial search space (Z):              19632  [actual number of targets]
Domain search space  (domZ):               0  [number of targets reported over threshold]
# CPU time: 0.28u 0.22s 00:00:00.50 Elapsed: 00:00:00.36
# Mc/sec: 1041.59
//
Query:       orf5  [L=146]
Description: source=IMGVR_UViG_3300029230_000181_3300029230_Ga0168685_100318_1-19941/13319-11621 coords=501..64 length=146 frame=5 desc=
Scores for complete sequence (score includes all domains):
   --- full sequence ---   --- best 1 domain ---    -#dom-
    E-value  score  bias    E-value  score  bias    exp  N  Model    Description
    ------- ------ -----    ------- ------ -----   ---- --  -------- -----------

   [No hits detected that satisfy reporting thresholds]


Domain annotation for each model (and alignments):

   [No targets detected that satisfy reporting thresholds]


Internal pipeline statistics summary:
-------------------------------------
Query sequence(s):                         1  (146 residues searched)
Target model(s):                       19632  (3329936 nodes)
Passed MSV filter:                       319  (0.016249); expected 392.6 (0.02)
Passed bias filter:                      258  (0.0131418); expected 392.6 (0.02)
Passed Vit filter:                        10  (0.000509372); expected 19.6 (0.001)
Passed Fwd filter:                         0  (0); expected 0.2 (1e-05)
Initial search space (Z):              19632  [actual number of targets]
Domain search space  (domZ):               0  [number of targets reported over threshold]
# CPU time: 0.29u 0.19s 00:00:00.48 Elapsed: 00:00:00.34
# Mc/sec: 1407.05
//
[ok]
pected 19.6 (0.001)
Passed Fwd filter:                         2  (0.000101874); expected 0.2 (1e-05)
Initial search space (Z):              19632  [actual number of targets]
Domain search space  (domZ):               2  [number of targets reported over threshold]
# CPU time: 0.37u 0.20s 00:00:00.57 Elapsed: 00:00:00.36
# Mc/sec: 4278.30
//
Query:       orf4  [L=118]
Description: source=IMGVR_UViG_3300029230_000181_3300029230_Ga0168685_100318_1-19941/10732-9148 coords=1276..923 length=118 frame=4 desc=
Scores for complete sequence (score includes all domains):
   --- full sequence ---   --- best 1 domain ---    -#dom-
    E-value  score  bias    E-value  score  bias    exp  N  Model          Description
    ------- ------ -----    ------- ------ -----   ---- --  --------       -----------
  ------ inclusion threshold ------
       0.13   12.5   0.0       0.18   12.1   0.0    1.2  1  Malt_amylase_C  Maltogenic Amylase, C-terminal domain


Domain annotation for each model (and alignments):
>> Malt_amylase_C  Maltogenic Amylase, C-terminal domain
   #    score  bias  c-Evalue  i-Evalue hmmfrom  hmm to    alifrom  ali to    envfrom  env to     acc
 ---   ------ ----- --------- --------- ------- -------    ------- -------    ------- -------    ----
   1 ?   12.1   0.0     9e-06      0.18      10      37 ..      28      55 ..      21      76 .. 0.69

  Alignments for each domain:
  == domain 1  score: 12.1 bits;  conditional E-value: 9e-06
                    -TTEEEEEEEETTEEEEEEEESS-EEEE CS
  Malt_amylase_C 10 nrkvLaYlReyedetilvvaNrsaqave 37
                     ++ L  lR+ +++t+++v+N s ++  
            orf4 28 CDRTLSILRRIKGNTVVCVFNASIKHRV 55
                    4569999**************7655443 PP



Internal pipeline statistics summary:
-------------------------------------
Query sequence(s):                         1  (118 residues searched)
Target model(s):                       19632  (3329936 nodes)
Passed MSV filter:                       585  (0.0297983); expected 392.6 (0.02)
Passed bias filter:                      327  (0.0166565); expected 392.6 (0.02)
Passed Vit filter:                        23  (0.00117156); expected 19.6 (0.001)
Passed Fwd filter:                         1  (5.09372e-05); expected 0.2 (1e-05)
Initial search space (Z):              19632  [actual number of targets]
Domain search space  (domZ):               1  [number of targets reported over threshold]
# CPU time: 0.30u 0.16s 00:00:00.46 Elapsed: 00:00:00.31
# Mc/sec: 1234.41
//
Query:       orf5  [L=126]
Description: source=IMGVR_UViG_3300029230_000181_3300029230_Ga0168685_100318_1-19941/10732-9148 coords=541..164 length=126 frame=4 desc=
Scores for complete sequence (score includes all domains):
   --- full sequence ---   --- best 1 domain ---    -#dom-
    E-value  score  bias    E-value  score  bias    exp  N  Model    Description
    ------- ------ -----    ------- ------ -----   ---- --  -------- -----------

   [No hits detected that satisfy reporting thresholds]


Domain annotation for each model (and alignments):

   [No targets detected that satisfy reporting thresholds]


Internal pipeline statistics summary:
-------------------------------------
Query sequence(s):                         1  (126 residues searched)
Target model(s):                       19632  (3329936 nodes)
Passed MSV filter:                       244  (0.0124287); expected 392.6 (0.02)
Passed bias filter:                      234  (0.0119193); expected 392.6 (0.02)
Passed Vit filter:                        13  (0.000662184); expected 19.6 (0.001)
Passed Fwd filter:                         0  (0); expected 0.2 (1e-05)
Initial search space (Z):              19632  [actual number of targets]
Domain search space  (domZ):               0  [number of targets reported over threshold]
# CPU time: 0.25u 0.18s 00:00:00.43 Elapsed: 00:00:00.30
# Mc/sec: 1379.11
//
[ok]
