# hmmscan :: search sequence(s) against a profile database
# HMMER 3.3.2 (Nov 2020); http://hmmer.org/
# Copyright (C) 2020 Howard Hughes Medical Institute.
# Freely distributed under the BSD open source license.
# - - - - - - - - - - - - - - - - - - - - - - - - - - - - - - - - - - - -
# query sequence file:             -
# target HMM database:             /n/eddy_lab/data/pfam-35.0/Pfam-A.hmm
# output directed to file:         ./all_windows_new/hmmscan/out/IMGVR_UViG_3300042277_000408_3300042277_Ga0451660_004256_hmmscan_output.out
# per-seq hits tabular output:     ./all_windows_new/hmmscan/tblout/IMGVR_UViG_3300042277_000408_3300042277_Ga0451660_004256_hmmscan_output.tblout
# - - - - - - - - - - - - - - - - - - - - - - - - - - - - - - - - - - - -

Query:       orf1  [L=110]
Description: source=IMGVR_UViG_3300042277_000408_3300042277_Ga0451660_004256/1138-2722 coords=930..1259 length=110 frame=3 desc=
Scores for complete sequence (score includes all domains):
   --- full sequence ---   --- best 1 domain ---    -#dom-
    E-value  score  bias    E-value  score  bias    exp  N  Model    Description
    ------- ------ -----    ------- ------ -----   ---- --  -------- -----------

   [No hits detected that satisfy reporting thresholds]


Domain annotation for each model (and alignments):

   [No targets detected that satisfy reporting thresholds]


Internal pipeline statistics summary:
-------------------------------------
Query sequence(s):                         1  (110 residues searched)
Target model(s):                       19632  (3329936 nodes)
Passed MSV filter:                       468  (0.0238386); expected 392.6 (0.02)
Passed bias filter:                      203  (0.0103403); expected 392.6 (0.02)
Passed Vit filter:                         9  (0.000458435); expected 19.6 (0.001)
Passed Fwd filter:                         0  (0); expected 0.2 (1e-05)
Initial search space (Z):              19632  [actual number of targets]
Domain search space  (domZ):               0  [number of targets reported over threshold]
# CPU time: 0.33u 0.18s 00:00:00.51 Elapsed: 00:00:00.37
# Mc/sec: 970.30
//
Query:       orf2  [L=476]
Description: source=IMGVR_UViG_3300042277_000408_3300042277_Ga0451660_004256/1138-2722 coords=1..1428 length=476 frame=1 desc=
Scores for complete sequence (score includes all domains):
   --- full sequence ---   --- best 1 domain ---    -#dom-
    E-value  score  bias    E-value  score  bias    exp  N  Model    Description
    ------- ------ -----    ------- ------ -----   ---- --  -------- -----------
    1.7e-28   99.8   0.0    3.2e-28   98.9   0.0    1.5  1  RVT_1     Reverse transcriptase (RNA-dependent DNA polymerase
    0.00023   21.4   0.5    0.00053   20.2   0.5    1.6  1  HNH       HNH endonuclease
  ------ inclusion threshold ------
       0.14   12.3   0.0       0.36   10.9   0.0    1.6  1  HNH_4     HNH endonuclease
        0.2   12.2   2.9       0.73   10.4   0.2    2.9  2  YgbA_NO   Nitrous oxide-stimulated promoter


Domain annotation for each model (and alignments):
>> RVT_1  Reverse transcriptase (RNA-dependent DNA polymerase)
   #    score  bias  c-Evalue  i-Evalue hmmfrom  hmm to    alifrom  ali to    envfrom  env to     acc
 ---   ------ ----- --------- --------- ------- -------    ------- -------    ------- -------    ----
   1 !   98.9   0.0   6.6e-32   3.2e-28      64     222 .]      14     199 ..       1     199 [. 0.91

  Alignments for each domain:
  == domain 1  score: 98.9 bits;  conditional E-value: 6.6e-32
            CHTS--EEEEEEBCCGCCCSBB-GGGGGGG-EEET...........................TEEEEESB--ST-TTHHHHHHHHHHHHHTT-T.......... CS
  RVT_1  64 kkkkaklllklDlkkaFdsvpleellrkltafkvpt.klinliksflstrsfsvrv.ngeeskgryekkglpqGsvlSPllfnlfmnellrelrkra....... 158
            + ++ ++++++D+k++Fd+v++++l+r+++a+++++ +li +++++l   ++ +++ +g   +g    kg+pqG+++SPll+n+++nel++ +++++       
   orf2  14 QLANLHYVIEFDIKGFFDNVNHSKLMRQIWAMGIHDkHLIYVLRKIL---TAPIKMlDG---RGVNPDKGTPQGGIISPLLANVVLNELDHWIDSQWlenpvce 111
            566779****************************7515788888888...444566577...89**************************************** PP

            ............................TEEECTTEEEEEESSHHHHHHHHHHHHHHHHH.TT--BEGGG-EEE......ESSEEETTEEE CS
  RVT_1 159 .........................kgvtllrYaDDililskskeelqelleaveewlke.sglkinpeKtklvlftv.kseevkyLGvtl 222
                                     k+ +++rYaDD+ i++++k+++++   av ++l+e  +l++++eKt++v   + k++  ++LG+++
   orf2 112 tyervqkdgylnrghgyramrktqlKEMYIVRYADDFRIFCRTKTDADRTKIAVTQFLEErLKLEVSEEKTRIV---NvKRHYSEFLGFKI 199
            ***********************************************************999************...66999999**9986 PP

>> HNH  HNH endonuclease
   #    score  bias  c-Evalue  i-Evalue hmmfrom  hmm to    alifrom  ali to    envfrom  env to     acc
 ---   ------ ----- --------- --------- ------- -------    ------- -------    ------- -------    ----
   1 !   20.2   0.5   1.1e-07   0.00053       5      36 ..     398     429 ..     394     438 .. 0.89

  Alignments for each domain:
  == domain 1  score: 20.2 bits;  conditional E-value: 1.1e-07
           S-B-SSEE--EEEESS-TTTT--BSGGGEEEE CS
   HNH   5 grkfhksdalevdHiipisqggaddieNlqll 36 
           gr+f  + + +++H++p+ qgg d ++Nl+l+
  orf2 398 GREFQTTAEIHCHHKVPREQGGDDKYDNLVLV 429
           678888899********************986 PP

>> HNH_4  HNH endonuclease
   #    score  bias  c-Evalue  i-Evalue hmmfrom  hmm to    alifrom  ali to    envfrom  env to     acc
 ---   ------ ----- --------- --------- ------- -------    ------- -------    ------- -------    ----
   1 ?   10.9   0.0   7.4e-05      0.36      18      44 ..     406     432 ..     398     435 .. 0.84

  Alignments for each domain:
  == domain 1  score: 10.9 bits;  conditional E-value: 7.4e-05
  HNH_4  18 eydiDHilPrsrsfdDsvsNkvLvlrs 44 
            e+   H +Pr  + dD ++N+vLvl +
   orf2 406 EIHCHHKVPREQGGDDKYDNLVLVLDD 432
            5556799*****************976 PP

>> YgbA_NO  Nitrous oxide-stimulated promoter
   #    score  bias  c-Evalue  i-Evalue hmmfrom  hmm to    alifrom  ali to    envfrom  env to     acc
 ---   ------ ----- --------- --------- ------- -------    ------- -------    ------- -------    ----
   1 ?   10.4   0.2   0.00015      0.73      51      89 ..     332     372 ..     327     383 .. 0.89
   2 ?    0.4   0.2      0.19   9.4e+02      53      71 ..     399     417 ..     374     419 .. 0.65

  Alignments for each domain:
  == domain 1  score: 10.4 bits;  conditional E-value: 0.00015
  YgbA_NO  51 eekttCskCkvhCYkpemrekirevmryaGPrml..lkhPi 89 
              ++ ++C+k  v CY    r+ +++ +r   P ml  ++hP+
     orf2 332 HKNPMCKKTSVRCYTVVGRQGLHDNLRVNVPLMLalMRHPL 372
              6789****************************964378997 PP

  == domain 2  score: 0.4 bits;  conditional E-value: 0.19
  YgbA_NO  53 kttCskCkvhCYkpemrek 71 
              + + ++ ++hC+++  re+
     orf2 399 REFQTTAEIHCHHKVPREQ 417
              44566789***99999986 PP



Internal pipeline statistics summary:
-------------------------------------
Query sequence(s):                         1  (476 residues searched)
Target model(s):                       19632  (3329936 nodes)
Passed MSV filter:                       621  (0.031632); expected 392.6 (0.02)
Passed bias filter:                      480  (0.0244499); expected 392.6 (0.02)
Passed Vit filter:                        40  (0.00203749); expected 19.6 (0.001)
Passed Fwd filter:                         4  (0.000203749); expected 0.2 (1e-05)
Initial search space (Z):              19632  [actual number of targets]
Domain search space  (domZ):               4  [number of targets reported over threshold]
# CPU time: 0.37u 0.18s 00:00:00.55 Elapsed: 00:00:00.34
# Mc/sec: 4634.65
//
[ok]
