# hmmscan :: search sequence(s) against a profile database
# HMMER 3.3.2 (Nov 2020); http://hmmer.org/
# Copyright (C) 2020 Howard Hughes Medical Institute.
# Freely distributed under the BSD open source license.
# - - - - - - - - - - - - - - - - - - - - - - - - - - - - - - - - - - - -
# query sequence file:             -
# target HMM database:             /n/eddy_lab/data/pfam-35.0/Pfam-A.hmm
# output directed to file:         ./all_windows_new/hmmscan/out/IMGVR_UViG_3300029341_000292_3300029341_Ga0243736_1008828_hmmscan_output.out
# per-seq hits tabular output:     ./all_windows_new/hmmscan/tblout/IMGVR_UViG_3300029341_000292_3300029341_Ga0243736_1008828_hmmscan_output.tblout
# - - - - - - - - - - - - - - - - - - - - - - - - - - - - - - - - - - - -

Query:       orf1  [L=110]
Description: source=IMGVR_UViG_3300029341_000292_3300029341_Ga0243736_1008828/1-830 coords=413..742 length=110 frame=2 desc=
Scores for complete sequence (score includes all domains):
   --- full sequence ---   --- best 1 domain ---    -#dom-
    E-value  score  bias    E-value  score  bias    exp  N  Model      Description
    ------- ------ -----    ------- ------ -----   ---- --  --------   -----------
  ------ inclusion threshold ------
       0.03   14.5   0.0      0.036   14.3   0.0    1.1  1  DpaA_N      Dipicolinate synthase subunit A N-terminal domain
      0.091   13.2   0.2         12    6.5   0.1    2.1  2  ATP-synt_E  ATP synthase E chain


Domain annotation for each model (and alignments):
>> DpaA_N  Dipicolinate synthase subunit A N-terminal domain
   #    score  bias  c-Evalue  i-Evalue hmmfrom  hmm to    alifrom  ali to    envfrom  env to     acc
 ---   ------ ----- --------- --------- ------- -------    ------- -------    ------- -------    ----
   1 ?   14.3   0.0   3.7e-06     0.036      14      66 ..      35      88 ..      29     100 .. 0.85

  Alignments for each domain:
  == domain 1  score: 14.3 bits;  conditional E-value: 3.7e-06
            HHHHHHHTT-EEEEES-.TSSS-BTTEEEE-GGGS-GGG-SEEE--TT-BETTT CS
  DpaA_N 14 laekLaekgakVslygl.eleekiegvekaesleealkdadvlilPvpgtkdgg 66
            l + +   g +++ +g+ ++ ++  +++++e+ +++ +++d li+P+ + + +g
    orf1 35 LHKDCMSTGESLYFLGFrKKRKQSMSCQQKEERQKKYRQSDNLIVPMKVGNANG 88
            456788999********98888889999999999999**********9887765 PP

>> ATP-synt_E  ATP synthase E chain
   #    score  bias  c-Evalue  i-Evalue hmmfrom  hmm to    alifrom  ali to    envfrom  env to     acc
 ---   ------ ----- --------- --------- ------- -------    ------- -------    ------- -------    ----
   1 ?    6.5   0.1    0.0012        12      27      56 ..      54      82 ..      48      88 .. 0.77
   2 ?    4.9   0.0    0.0037        36      21      36 ..      91     106 ..      89     109 .. 0.84

  Alignments for each domain:
  == domain 1  score: 6.5 bits;  conditional E-value: 0.0012
  ATP-synt_E 27 krqrslkseekkeekereleaqekliekak 56
                kr++s++ +++kee ++++ +  +li   k
        orf1 54 KRKQSMS-CQQKEERQKKYRQSDNLIVPMK 82
                4556666.9999********9999997666 PP

  == domain 2  score: 4.9 bits;  conditional E-value: 0.0037
  ATP-synt_E  21 GvvyGakrqrslksee 36 
                 G++yG +++r+l++++
        orf1  91 GITYGNIQERNLSNTQ 106
                 9***********9555 PP



Internal pipeline statistics summary:
-------------------------------------
Query sequence(s):                         1  (110 residues searched)
Target model(s):                       19632  (3329936 nodes)
Passed MSV filter:                       859  (0.0437551); expected 392.6 (0.02)
Passed bias filter:                      457  (0.0232783); expected 392.6 (0.02)
Passed Vit filter:                        15  (0.000764059); expected 19.6 (0.001)
Passed Fwd filter:                         2  (0.000101874); expected 0.2 (1e-05)
Initial search space (Z):              19632  [actual number of targets]
Domain search space  (domZ):               2  [number of targets reported over threshold]
# CPU time: 0.34u 0.23s 00:00:00.57 Elapsed: 00:00:00.38
# Mc/sec: 949.74
//
[ok]
