# hmmscan :: search sequence(s) against a profile database
# HMMER 3.3.2 (Nov 2020); http://hmmer.org/
# Copyright (C) 2020 Howard Hughes Medical Institute.
# Freely distributed under the BSD open source license.
# - - - - - - - - - - - - - - - - - - - - - - - - - - - - - - - - - - - -
# query sequence file:             -
# target HMM database:             /n/eddy_lab/data/pfam-35.0/Pfam-A.hmm
# output directed to file:         ./all_windows_new/hmmscan/out/IMGVR_UViG_3300028983_000050_3300028983_Ga0169618_100510_hmmscan_output.out
# per-seq hits tabular output:     ./all_windows_new/hmmscan/tblout/IMGVR_UViG_3300028983_000050_3300028983_Ga0169618_100510_hmmscan_output.tblout
# - - - - - - - - - - - - - - - - - - - - - - - - - - - - - - - - - - - -

Query:       orf1  [L=490]
Description: source=IMGVR_UViG_3300028983_000050_3300028983_Ga0169618_100510/10348-8764 coords=3..1472 length=490 frame=3 desc=
Scores for complete sequence (score includes all domains):
   --- full sequence ---   --- best 1 domain ---    -#dom-
    E-value  score  bias    E-value  score  bias    exp  N  Model    Description
    ------- ------ -----    ------- ------ -----   ---- --  -------- -----------
    4.4e-29  101.7   0.2    8.4e-29  100.8   0.0    1.6  2  RVT_1     Reverse transcriptase (RNA-dependent DNA polymerase


Domain annotation for each model (and alignments):
>> RVT_1  Reverse transcriptase (RNA-dependent DNA polymerase)
   #    score  bias  c-Evalue  i-Evalue hmmfrom  hmm to    alifrom  ali to    envfrom  env to     acc
 ---   ------ ----- --------- --------- ------- -------    ------- -------    ------- -------    ----
   1 !  100.8   0.0   4.3e-33   8.4e-29      28     222 .]       2     215 ..       1     215 [. 0.90
   2 ?   -3.9   0.0      0.43   8.5e+03      12      31 ..     228     246 ..     219     259 .. 0.63

  Alignments for each domain:
  == domain 1  score: 100.8 bits;  conditional E-value: 4.3e-33
            -.........-------HHHH..............HCCHTS--EEEEEEBCCGCCCSBB-GGGGGGG-EEET..........................TEEEEE CS
  RVT_1  28 krLkdvlekllsenqpgfrpgrstldav.edllkalkkkkkaklllklDlkkaFdsvpleellrkltafkvptk.linliksflstrsfsvrvngeeskgryek 129
            + L++++e++++++++gfr++r  ++av +++     ++ k+ +++++D+k++Fd+v++ +ll++++++++++k l+ +i+++l         + e  ++    
   orf1   2 QVLEPICEPKFHNHSYGFRQNRDAHHAVsRVVSMV--NMYKHYYCVDVDIKGFFDNVNHGKLLKQIWTLGIRDKrLLCIISKIL---------KSEIEGEGIPD 94 
            5699************************6443333..678999****************************9761344455555.........44434788999 PP

            SB--ST-TTHHHHHHHHHHHHHTT-T...................................TEEECTTEEEEEESSHHHHHHHHHHHHHHHHH.TT--BEGGG- CS
  RVT_1 130 kglpqGsvlSPllfnlfmnellrelrkra.............................kgvtllrYaDDililskskeelqelleaveewlke.sglkinpeKt 203
            kg+pqG+ +SPll+ +++nel+  +++++                             k+ +++rYaDD+ i+++s +++q+ + a+ ++lk+  +l i+peK+
   orf1  95 KGTPQGGLISPLLSLIVLNELDWWVSSQWetftpngvkkgnmkgskgwlsyarkytnlKDGYVVRYADDFKIMCRSYTDAQRYYHATIDFLKSrLKLDISPEKS 198
            ********************************************************************************************989********* PP

            EEE......ESSEEETTEEE CS
  RVT_1 204 klvlftv.kseevkyLGvtl 222
            k+v   + ++++ ++LG+++
   orf1 199 KVV---NlRKNSSDFLGFKI 215
            ***...779********986 PP

  == domain 2  score: -3.9 bits;  conditional E-value: 0.43
            ......-THHHHCTB--... CS
  RVT_1  12 isllsvdykalnkliakrLk 31 
            i+ + + +ka+ k++a+ Lk
   orf1 228 IAKTDMSDKAIKKVTAE-LK 246
            66677788888888887.43 PP



Internal pipeline statistics summary:
-------------------------------------
Query sequence(s):                         1  (490 residues searched)
Target model(s):                       19632  (3329936 nodes)
Passed MSV filter:                       742  (0.0377954); expected 392.6 (0.02)
Passed bias filter:                      469  (0.0238896); expected 392.6 (0.02)
Passed Vit filter:                        30  (0.00152812); expected 19.6 (0.001)
Passed Fwd filter:                         1  (5.09372e-05); expected 0.2 (1e-05)
Initial search space (Z):              19632  [actual number of targets]
Domain search space  (domZ):               1  [number of targets reported over threshold]
# CPU time: 0.30u 0.20s 00:00:00.50 Elapsed: 00:00:00.54
# Mc/sec: 2979.49
//
Query:       orf2  [L=101]
Description: source=IMGVR_UViG_3300028983_000050_3300028983_Ga0169618_100510/10348-8764 coords=433..131 length=101 frame=4 desc=
Scores for complete sequence (score includes all domains):
   --- full sequence ---   --- best 1 domain ---    -#dom-
    E-value  score  bias    E-value  score  bias    exp  N  Model    Description
    ------- ------ -----    ------- ------ -----   ---- --  -------- -----------

   [No hits detected that satisfy reporting thresholds]


Domain annotation for each model (and alignments):

   [No targets detected that satisfy reporting thresholds]


Internal pipeline statistics summary:
-------------------------------------
Query sequence(s):                         1  (101 residues searched)
Target model(s):                       19632  (3329936 nodes)
Passed MSV filter:                       276  (0.0140587); expected 392.6 (0.02)
Passed bias filter:                      224  (0.0114099); expected 392.6 (0.02)
Passed Vit filter:                        12  (0.000611247); expected 19.6 (0.001)
Passed Fwd filter:                         0  (0); expected 0.2 (1e-05)
Initial search space (Z):              19632  [actual number of targets]
Domain search space  (domZ):               0  [number of targets reported over threshold]
# CPU time: 0.23u 0.14s 00:00:00.37 Elapsed: 00:00:00.28
# Mc/sec: 1194.57
//
[ok]
