# hmmscan :: search sequence(s) against a profile database
# HMMER 3.3.2 (Nov 2020); http://hmmer.org/
# Copyright (C) 2020 Howard Hughes Medical Institute.
# Freely distributed under the BSD open source license.
# - - - - - - - - - - - - - - - - - - - - - - - - - - - - - - - - - - - -
# query sequence file:             -
# target HMM database:             /n/eddy_lab/data/pfam-35.0/Pfam-A.hmm
# output directed to file:         ./all_windows_new/hmmscan/out/IMGVR_UViG_3300029845_000254_3300029845_Ga0245277_1006376_hmmscan_output.out
# per-seq hits tabular output:     ./all_windows_new/hmmscan/tblout/IMGVR_UViG_3300029845_000254_3300029845_Ga0245277_1006376_hmmscan_output.tblout
# - - - - - - - - - - - - - - - - - - - - - - - - - - - - - - - - - - - -

Query:       orf1  [L=100]
Description: source=IMGVR_UViG_3300029845_000254_3300029845_Ga0245277_1006376/2249-3836 coords=2..301 length=100 frame=2 desc=
Scores for complete sequence (score includes all domains):
   --- full sequence ---   --- best 1 domain ---    -#dom-
    E-value  score  bias    E-value  score  bias    exp  N  Model    Description
    ------- ------ -----    ------- ------ -----   ---- --  -------- -----------
    1.9e-09   37.5   0.0    2.4e-09   37.2   0.0    1.0  1  RVT_1     Reverse transcriptase (RNA-dependent DNA polymerase


Domain annotation for each model (and alignments):
>> RVT_1  Reverse transcriptase (RNA-dependent DNA polymerase)
   #    score  bias  c-Evalue  i-Evalue hmmfrom  hmm to    alifrom  ali to    envfrom  env to     acc
 ---   ------ ----- --------- --------- ------- -------    ------- -------    ------- -------    ----
   1 !   37.2   0.0   1.2e-13   2.4e-09      44     136 ..       4      90 ..       2      92 .. 0.87

  Alignments for each domain:
  == domain 1  score: 37.2 bits;  conditional E-value: 1.2e-13
            -HHHH.............HCCHTS--EEEEEEBCCGCCCSBB-GGGGGGG-EEET..........................TEEEEESB--ST- CS
  RVT_1  44 gfrpgrstldavedllkalkkkkkaklllklDlkkaFdsvpleellrkltafkvp.tklinliksflstrsfsvrvngeeskgryekkglpqGs 136
            gfrp rst  a+ ++ k  ++ ++ + ++++D+ ++Fd++++++l+r+l+ ++++ +kli +ik++l   ++ + +n      ++ ++g+pqG+
   orf1   4 GFRPYRSTQNAIAQCYKM-AQLQNLHFVVDVDIVGFFDNIDHSKLIRQLWGIGIQdRKLIMIIKQML---KAEILFND---IIITPETGTPQGG 90 
            8*******9999777777.688999*****************************7257999******...44445555...899********96 PP



Internal pipeline statistics summary:
-------------------------------------
Query sequence(s):                         1  (100 residues searched)
Target model(s):                       19632  (3329936 nodes)
Passed MSV filter:                       491  (0.0250102); expected 392.6 (0.02)
Passed bias filter:                      399  (0.020324); expected 392.6 (0.02)
Passed Vit filter:                        24  (0.00122249); expected 19.6 (0.001)
Passed Fwd filter:                         1  (5.09372e-05); expected 0.2 (1e-05)
Initial search space (Z):              19632  [actual number of targets]
Domain search space  (domZ):               1  [number of targets reported over threshold]
# CPU time: 0.37u 0.19s 00:00:00.56 Elapsed: 00:00:00.33
# Mc/sec: 1003.29
//
Query:       orf2  [L=418]
Description: source=IMGVR_UViG_3300029845_000254_3300029845_Ga0245277_1006376/2249-3836 coords=232..1485 length=418 frame=1 desc=
Scores for complete sequence (score includes all domains):
   --- full sequence ---   --- best 1 domain ---    -#dom-
    E-value  score  bias    E-value  score  bias    exp  N  Model    Description
    ------- ------ -----    ------- ------ -----   ---- --  -------- -----------
    5.5e-08   32.7   0.1    2.4e-07   30.6   0.0    2.0  2  RVT_1     Reverse transcriptase (RNA-dependent DNA polymerase


Domain annotation for each model (and alignments):
>> RVT_1  Reverse transcriptase (RNA-dependent DNA polymerase)
   #    score  bias  c-Evalue  i-Evalue hmmfrom  hmm to    alifrom  ali to    envfrom  env to     acc
 ---   ------ ----- --------- --------- ------- -------    ------- -------    ------- -------    ----
   1 !   30.6   0.0   1.2e-11   2.4e-07     130     221 ..       7     138 ..       3     139 .. 0.95
   2 ?   -1.6   0.0     0.085   1.7e+03      17      56 ..     154     194 ..     143     210 .. 0.72

  Alignments for each domain:
  == domain 1  score: 30.6 bits;  conditional E-value: 1.2e-11
            SB--ST-TTHHHHHHHHHHHHHTT-T...............................................TEEECTTEEEEEESSHHHHHHHHHHHHHHHH CS
  RVT_1 130 kglpqGsvlSPllfnlfmnellrelrkra.........................................kgvtllrYaDDililskskeelqelleaveewlk 192
            +g   G++lSPll+n+++nel+  +++++                                         k+ +++rYaDD+ +++++   +++++ a++ wl+
   orf2   7 NGYTTGGILSPLLANVVLNELDWWIASQWemfkikegktglefnktdkegnvltvdrtqkwnklraktdlKEMYIVRYADDFKLFCRDYATAKKVMCATKLWLA 110
            67788**************************************************************************************************9 PP

            H.TT--BEGGG-EEE......ESSEEETTEE CS
  RVT_1 193 e.sglkinpeKtklvlftv.kseevkyLGvt 221
            e   l+ + eK+ ++   + +++  ++LG++
   orf2 111 EnLHLQASGEKSGIT---NlRKNYTTFLGIK 138
            989************...7789999999987 PP

  == domain 2  score: -1.6 bits;  conditional E-value: 0.085
            .-THHHHCTB--..........-------HHHH......... CS
  RVT_1  17 vdykalnkliakrLkdvl.ekllsenqpgfrpgrstldav.e 56 
            + +k   k+i+k L+dv+ + + +++q+ ++++ s+  a+ +
   orf2 154 MADKSKAKVIKK-LSDVWkDIKNPSRQSEIDRNISLYNAMvM 194
            567777788888.99999777788888888888777666552 PP



Internal pipeline statistics summary:
-------------------------------------
Query sequence(s):                         1  (418 residues searched)
Target model(s):                       19632  (3329936 nodes)
Passed MSV filter:                      1087  (0.0553688); expected 392.6 (0.02)
Passed bias filter:                      544  (0.0277099); expected 392.6 (0.02)
Passed Vit filter:                        35  (0.0017828); expected 19.6 (0.001)
Passed Fwd filter:                         1  (5.09372e-05); expected 0.2 (1e-05)
Initial search space (Z):              19632  [actual number of targets]
Domain search space  (domZ):               1  [number of targets reported over threshold]
# CPU time: 0.39u 0.15s 00:00:00.54 Elapsed: 00:00:00.27
# Mc/sec: 5114.22
//
Query:       orf3  [L=104]
Description: source=IMGVR_UViG_3300029845_000254_3300029845_Ga0245277_1006376/2249-3836 coords=343..32 length=104 frame=4 desc=
Scores for complete sequence (score includes all domains):
   --- full sequence ---   --- best 1 domain ---    -#dom-
    E-value  score  bias    E-value  score  bias    exp  N  Model    Description
    ------- ------ -----    ------- ------ -----   ---- --  -------- -----------

   [No hits detected that satisfy reporting thresholds]


Domain annotation for each model (and alignments):

   [No targets detected that satisfy reporting thresholds]


Internal pipeline statistics summary:
-------------------------------------
Query sequence(s):                         1  (104 residues searched)
Target model(s):                       19632  (3329936 nodes)
Passed MSV filter:                       605  (0.030817); expected 392.6 (0.02)
Passed bias filter:                      455  (0.0231764); expected 392.6 (0.02)
Passed Vit filter:                        20  (0.00101874); expected 19.6 (0.001)
Passed Fwd filter:                         0  (0); expected 0.2 (1e-05)
Initial search space (Z):              19632  [actual number of targets]
Domain search space  (domZ):               0  [number of targets reported over threshold]
# CPU time: 0.35u 0.16s 00:00:00.51 Elapsed: 00:00:00.28
# Mc/sec: 1235.07
//
[ok]
 +P++ + +ek++ +l + i+ + +g+
    orf1  43 ARNKNILVIGGSGSGKTrFFVK---PNLMQMHSSYVVTDPKGTvLVECGKMLEKggyVIKSLNTINFRKSMHY----NPFSYIRSEKDILKLVNTIIVNTKGD 138
             578899**********834444...45556678999******9777788888667778999******977777....***************9*999999998 PP

  AAA_10 117 kkkesekk 124
              +k  e +
    orf1 139 GDKSGEDF 146
             88887766 PP

>> UvrD-helicase  UvrD/REP helicase N-terminal domain
   #    score  bias  c-Evalue  i-Evalue hmmfrom  hmm to    alifrom  ali to    envfrom  env to     acc
 ---   ------ ----- --------- --------- ------- -------    ------- -------    ------- -------    ----
   1 ?   11.7   0.0   6.1e-05      0.15       2      31 ..      34      63 ..      33      75 .. 0.82

  Alignments for each domain:
  == domain 1  score: 11.7 bits;  conditional E-value: 6.1e-05
                   SHHHHHHHHS-SSEEEEEE-TTSSHHHHHH CS
  UvrD-helicase  2 npeqreaiaslggpilveAsAGsGKTfvla 31
                   n   +++    +++ilv+ + GsGKT+  +
           orf1 34 NSRPKQPKYARNKNILVIGGSGSGKTRFFV 63
                   556667777789**************9765 PP

>> DEAD  DEAD/DEAH box helicase
   #    score  bias  c-Evalue  i-Evalue hmmfrom  hmm to    alifrom  ali to    envfrom  env to     acc
 ---   ------ ----- --------- --------- ------- -------    ------- -------    ------- -------    ----
   1 ?   12.1   0.0   5.6e-05      0.14      12      49 ..      43      80 ..      36     266 .. 0.81

  Alignments for each domain:
  == domain 1  score: 12.1 bits;  conditional E-value: 5.6e-05
          HTTHEEEEEESTTSSHHHHHHHHHHHHHHHSTTCTSSE CS
          xxxxxxxxxxxxxxxxxxxxxxxxxxxxxxxxxxxxxx RF
  DEAD 12 lgggdvlvaaeTGsGKTlaflipvlqivyetkgktgpk 49
           +++++lv +  GsGKT  f+ p l ++ ++   t pk
  orf1 43 ARNKNILVIGGSGSGKTRFFVKPNLMQMHSSYVVTDPK 80
          5789*******************998886663333333 PP

>> FtsK_SpoIIIE  FtsK/SpoIIIE family
   #    score  bias  c-Evalue  i-Evalue hmmfrom  hmm to    alifrom  ali to    envfrom  env to     acc
 ---   ------ ----- --------- --------- ------- -------    ------- -------    ------- -------    ----
   1 ?   10.8   0.0   9.8e-05      0.24      37      55 ..      41      61 ..      14      69 .. 0.79

  Alignments for each domain:
  == domain 1  score: 10.8 bits;  conditional E-value: 9.8e-05
                  GS-...SEEEE--TTSSHHHH CS
  FtsK_SpoIIIE 37 kma..shllvaGatgsGKSta 55
                  k a   ++lv+G++gsGK+ +
          orf1 41 KYArnKNILVIGGSGSGKTRF 61
                  333666*************87 PP



Internal pipeline statistics summary:
-------------------------------------
Query sequence(s):                         1  (336 residues searched)
Target model(s):                       19632  (3329936 nodes)
Passed MSV filter:                       693  (0.0352995); expected 392.6 (0.02)
Passed bias filter:                      613  (0.0312245); expected 392.6 (0.02)
Passed Vit filter:                        81  (0.00412592); expected 19.6 (0.001)
Passed Fwd filter:                         8  (0.000407498); expected 0.2 (1e-05)
Initial search space (Z):              19632  [actual number of targets]
Domain search space  (domZ):               8  [number of targets reported over threshold]
# CPU time: 0.38u 0.20s 00:00:00.58 Elapsed: 00:00:00.31
# Mc/sec: 3507.81
//
Query:       orf2  [L=285]
Description: source=IMGVR_UViG_3300029845_000254_3300029845_Ga0245277_1006376/1-1299 coords=1081..227 length=285 frame=6 desc=
Scores for complete sequence (score includes all domains):
   --- full sequence ---   --- best 1 domain ---    -#dom-
    E-value  score  bias    E-value  score  bias    exp  N  Model    Description
    ------- ------ -----    ------- ------ -----   ---- --  -------- -----------
  ------ inclusion threshold ------
       0.19   12.1   0.6       0.39   11.0   0.6    1.5  1  SRP54_N   SRP54-type protein, helical bundle domain


Domain annotation for each model (and alignments):
>> SRP54_N  SRP54-type protein, helical bundle domain
   #    score  bias  c-Evalue  i-Evalue hmmfrom  hmm to    alifrom  ali to    envfrom  env to     acc
 ---   ------ ----- --------- --------- ------- -------    ------- -------    ------- -------    ----
   1 ?   11.0   0.6     2e-05      0.39      17      44 ..     207     230 ..     196     232 .. 0.83

  Alignments for each domain:
  == domain 1  score: 11.0 bits;  conditional E-value: 2e-05
              CGHHHHHHHHHHHHHHHHHHTT--HHHH CS
  SRP54_N  17 kideedleealkeleeaLleaDVnvkvv 44 
              ++d++ +++    le+ Ll aDV+ +vv
     orf2 207 RVDDDRIDQ----LEDVLLAADVAERVV 230
              689999999....**********98887 PP



Internal pipeline statistics summary:
-------------------------------------
Query sequence(s):                         1  (285 residues searched)
Target model(s):                       19632  (3329936 nodes)
Passed MSV filter:                       372  (0.0189487); expected 392.6 (0.02)
Passed bias filter:                      301  (0.0153321); expected 392.6 (0.02)
Passed Vit filter:                        20  (0.00101874); expected 19.6 (0.001)
Passed Fwd filter:                         1  (5.09372e-05); expected 0.2 (1e-05)
Initial search space (Z):              19632  [actual number of targets]
Domain search space  (domZ):               1  [number of targets reported over threshold]
# CPU time: 0.32u 0.15s 00:00:00.47 Elapsed: 00:00:00.26
# Mc/sec: 3554.22
//
[ok]
