# hmmscan :: search sequence(s) against a profile database
# HMMER 3.3.2 (Nov 2020); http://hmmer.org/
# Copyright (C) 2020 Howard Hughes Medical Institute.
# Freely distributed under the BSD open source license.
# - - - - - - - - - - - - - - - - - - - - - - - - - - - - - - - - - - - -
# query sequence file:             -
# target HMM database:             /n/eddy_lab/data/pfam-35.0/Pfam-A.hmm
# output directed to file:         ./all_windows_new/hmmscan/out/IMGVR_UViG_3300029815_000436_3300029815_Ga0244882_1007997_hmmscan_output.out
# per-seq hits tabular output:     ./all_windows_new/hmmscan/tblout/IMGVR_UViG_3300029815_000436_3300029815_Ga0244882_1007997_hmmscan_output.tblout
# - - - - - - - - - - - - - - - - - - - - - - - - - - - - - - - - - - - -

Query:       orf1  [L=142]
Description: source=IMGVR_UViG_3300029815_000436_3300029815_Ga0244882_1007997/1-532 coords=1..426 length=142 frame=1 desc=
Scores for complete sequence (score includes all domains):
   --- full sequence ---   --- best 1 domain ---    -#dom-
    E-value  score  bias    E-value  score  bias    exp  N  Model    Description
    ------- ------ -----    ------- ------ -----   ---- --  -------- -----------
    0.00031   21.0   1.8       0.26   11.6   0.1    2.3  2  HNH       HNH endonuclease
  ------ inclusion threshold ------
      0.034   14.3   0.1      0.061   13.4   0.1    1.3  1  DZR       Double zinc ribbon
      0.088   12.8   1.7        4.4    7.4   0.1    2.2  2  C1_1      Phorbol esters/diacylglycerol binding domain (C1 do
       0.11   12.7   1.0          1    9.5   0.1    2.3  2  zf-BED    BED zinc finger


Domain annotation for each model (and alignments):
>> HNH  HNH endonuclease
   #    score  bias  c-Evalue  i-Evalue hmmfrom  hmm to    alifrom  ali to    envfrom  env to     acc
 ---   ------ ----- --------- --------- ------- -------    ------- -------    ------- -------    ----
   1 !   11.6   0.1   5.3e-05      0.26       1      31 [.      87     115 ..      87     115 .. 0.89
   2 !    8.6   0.2   0.00046       2.3      34      46 ..     126     138 ..     125     139 .. 0.88

  Alignments for each domain:
  == domain 1  score: 11.6 bits;  conditional E-value: 5.3e-05
           -SSSS-B-SSEE--EEEESS-TTT.T--BSGG CS
   HNH   1 CeyCgrkfhksdalevdHiipisq.ggaddie 31 
           Ce Cg +      le++H+  +++ +g++ +e
  orf1  87 CEWCGAEN---VPLEIHHVRKLKDlSGRKQWE 115
           99999997...679*********999998886 PP

  == domain 2  score: 8.6 bits;  conditional E-value: 0.00046
           EEE-HHHHHHHHH CS
   HNH  34 qllCksCHnkkhd 46 
           ++lC +CH+k h+
  orf1 126 MALCVYCHDKLHA 138
           589*******997 PP

>> DZR  Double zinc ribbon
   #    score  bias  c-Evalue  i-Evalue hmmfrom  hmm to    alifrom  ali to    envfrom  env to     acc
 ---   ------ ----- --------- --------- ------- -------    ------- -------    ------- -------    ----
   1 ?   13.4   0.1   1.2e-05     0.061      11      40 ..      83     138 ..      79     140 .. 0.84

  Alignments for each domain:
  == domain 1  score: 13.4 bits;  conditional E-value: 1.2e-05
   DZR  11 darfCpeCgtk...lkavaa..........................edrCpsCgesvsp 40 
           +a+ C++Cg++   l   +                           +  C+ C+ ++++
  orf1  83 QANQCEWCGAEnvpL---EIhhvrklkdlsgrkqweiamigrkrktMALCVYCHDKLHA 138
           799*******96542...22358889999*************************99876 PP

>> C1_1  Phorbol esters/diacylglycerol binding domain (C1 domain)
   #    score  bias  c-Evalue  i-Evalue hmmfrom  hmm to    alifrom  ali to    envfrom  env to     acc
 ---   ------ ----- --------- --------- ------- -------    ------- -------    ------- -------    ----
   1 ?    7.4   0.1   0.00089       4.4      24      35 ..      80      91 ..      75      94 .. 0.83
   2 ?    4.5   0.1    0.0071        35      24      39 ..     122     137 ..     115     140 .. 0.64

  Alignments for each domain:
  == domain 1  score: 7.4 bits;  conditional E-value: 0.00089
          SSS-EEEETTT- CS
  C1_1 24 kekqglkCswCk 35
          k++q+ +C+wC+
  orf1 80 KRLQANQCEWCG 91
          889********8 PP

  == domain 2  score: 4.5 bits;  conditional E-value: 0.0071
           SSS-EEEETTT--EE- CS
  C1_1  24 kekqglkCswCkllvH 39 
           k+k++  C  C+ + H
  orf1 122 KRKTMALCVYCHDKLH 137
           5666666666666666 PP

>> zf-BED  BED zinc finger
   #    score  bias  c-Evalue  i-Evalue hmmfrom  hmm to    alifrom  ali to    envfrom  env to     acc
 ---   ------ ----- --------- --------- ------- -------    ------- -------    ------- -------    ----
   1 ?    1.7   0.1     0.062     3e+02      12      24 ..      80      92 ..      72      95 .. 0.79
   2 ?    9.5   0.1   0.00021         1      12      28 ..     122     138 ..     100     141 .. 0.81

  Alignments for each domain:
  == domain 1  score: 1.7 bits;  conditional E-value: 0.062
            GGSS--EETTTTE CS
  zf-BED 12 lkekkavCryCgk 24
            ++ +  +C  Cg+
    orf1 80 KRLQANQCEWCGA 92
            677899*****97 PP

  == domain 2  score: 9.5 bits;  conditional E-value: 0.00021
             GGSS--EETTTTEE--- CS
  zf-BED  12 lkekkavCryCgkqlsr 28 
             +++++a C yC+ +l  
    orf1 122 KRKTMALCVYCHDKLHA 138
             789*********99865 PP



Internal pipeline statistics summary:
-------------------------------------
Query sequence(s):                         1  (142 residues searched)
Target model(s):                       19632  (3329936 nodes)
Passed MSV filter:                       658  (0.0335167); expected 392.6 (0.02)
Passed bias filter:                      513  (0.0261308); expected 392.6 (0.02)
Passed Vit filter:                        45  (0.00229218); expected 19.6 (0.001)
Passed Fwd filter:                         4  (0.000203749); expected 0.2 (1e-05)
Initial search space (Z):              19632  [actual number of targets]
Domain search space  (domZ):               4  [number of targets reported over threshold]
# CPU time: 0.31u 0.20s 00:00:00.51 Elapsed: 00:00:00.36
# Mc/sec: 1282.33
//
Query:       orf2  [L=107]
Description: source=IMGVR_UViG_3300029815_000436_3300029815_Ga0244882_1007997/1-532 coords=321..1 length=107 frame=5 desc=
Scores for complete sequence (score includes all domains):
   --- full sequence ---   --- best 1 domain ---    -#dom-
    E-value  score  bias    E-value  score  bias    exp  N  Model    Description
    ------- ------ -----    ------- ------ -----   ---- --  -------- -----------

   [No hits detected that satisfy reporting thresholds]


Domain annotation for each model (and alignments):

   [No targets detected that satisfy reporting thresholds]


Internal pipeline statistics summary:
-------------------------------------
Query sequence(s):                         1  (107 residues searched)
Target model(s):                       19632  (3329936 nodes)
Passed MSV filter:                       294  (0.0149756); expected 392.6 (0.02)
Passed bias filter:                      219  (0.0111553); expected 392.6 (0.02)
Passed Vit filter:                        12  (0.000611247); expected 19.6 (0.001)
Passed Fwd filter:                         0  (0); expected 0.2 (1e-05)
Initial search space (Z):              19632  [actual number of targets]
Domain search space  (domZ):               0  [number of targets reported over threshold]
# CPU time: 0.27u 0.17s 00:00:00.44 Elapsed: 00:00:00.31
# Mc/sec: 1114.61
//
[ok]
