# hmmscan :: search sequence(s) against a profile database
# HMMER 3.3.2 (Nov 2020); http://hmmer.org/
# Copyright (C) 2020 Howard Hughes Medical Institute.
# Freely distributed under the BSD open source license.
# - - - - - - - - - - - - - - - - - - - - - - - - - - - - - - - - - - - -
# query sequence file:             -
# target HMM database:             /n/eddy_lab/data/pfam-35.0/Pfam-A.hmm
# output directed to file:         ./all_windows_new/hmmscan/out/IMGVR_UViG_3300029393_000220_3300029393_Ga0243986_1002088_hmmscan_output.out
# per-seq hits tabular output:     ./all_windows_new/hmmscan/tblout/IMGVR_UViG_3300029393_000220_3300029393_Ga0243986_1002088_hmmscan_output.tblout
# - - - - - - - - - - - - - - - - - - - - - - - - - - - - - - - - - - - -

Query:       orf1  [L=99]
Description: source=IMGVR_UViG_3300029393_000220_3300029393_Ga0243986_1002088/4038-2337 coords=540..836 length=99 frame=3 desc=
Scores for complete sequence (score includes all domains):
   --- full sequence ---   --- best 1 domain ---    -#dom-
    E-value  score  bias    E-value  score  bias    exp  N  Model    Description
    ------- ------ -----    ------- ------ -----   ---- --  -------- -----------

   [No hits detected that satisfy reporting thresholds]


Domain annotation for each model (and alignments):

   [No targets detected that satisfy reporting thresholds]


Internal pipeline statistics summary:
-------------------------------------
Query sequence(s):                         1  (99 residues searched)
Target model(s):                       19632  (3329936 nodes)
Passed MSV filter:                       355  (0.0180827); expected 392.6 (0.02)
Passed bias filter:                      275  (0.0140077); expected 392.6 (0.02)
Passed Vit filter:                        17  (0.000865933); expected 19.6 (0.001)
Passed Fwd filter:                         0  (0); expected 0.2 (1e-05)
Initial search space (Z):              19632  [actual number of targets]
Domain search space  (domZ):               0  [number of targets reported over threshold]
# CPU time: 0.23u 0.15s 00:00:00.38 Elapsed: 00:00:00.29
# Mc/sec: 1133.35
//
Query:       orf2  [L=476]
Description: source=IMGVR_UViG_3300029393_000220_3300029393_Ga0243986_1002088/4038-2337 coords=1..1428 length=476 frame=1 desc=
Scores for complete sequence (score includes all domains):
   --- full sequence ---   --- best 1 domain ---    -#dom-
    E-value  score  bias    E-value  score  bias    exp  N  Model    Description
    ------- ------ -----    ------- ------ -----   ---- --  -------- -----------
  ------ inclusion threshold ------
       0.34   11.1   0.1       0.34   11.1   0.1    2.1  2  DUF1542   Domain of Unknown Function (DUF1542)


Domain annotation for each model (and alignments):
>> DUF1542  Domain of Unknown Function (DUF1542)
   #    score  bias  c-Evalue  i-Evalue hmmfrom  hmm to    alifrom  ali to    envfrom  env to     acc
 ---   ------ ----- --------- --------- ------- -------    ------- -------    ------- -------    ----
   1 ?   11.1   0.1   1.7e-05      0.34      37      69 ..       6      38 ..       4      42 .. 0.90
   2 ?   -2.6   0.6      0.35   6.8e+03      21      32 ..     380     391 ..     373     396 .. 0.44

  Alignments for each domain:
  == domain 1  score: 11.1 bits;  conditional E-value: 1.7e-05
  DUF1542 37 kvnaakneaknnInqattnaeVetaknnginaI 69
              + +++nea+ nI+++ t+ eV++  +++ ++I
     orf2  6 DLAELLNEAISNIHAEITDYEVDEELTEEDHSI 38
             68899********************99998888 PP

  == domain 2  score: -2.6 bits;  conditional E-value: 0.35
  DUF1542  21 nnnsdaTneEKq 32 
              n+ + a  + Kq
     orf2 380 NKKETAIAQSKQ 391
              333333333344 PP



Internal pipeline statistics summary:
-------------------------------------
Query sequence(s):                         1  (476 residues searched)
Target model(s):                       19632  (3329936 nodes)
Passed MSV filter:                       811  (0.0413101); expected 392.6 (0.02)
Passed bias filter:                      458  (0.0233293); expected 392.6 (0.02)
Passed Vit filter:                        39  (0.00198655); expected 19.6 (0.001)
Passed Fwd filter:                         1  (5.09372e-05); expected 0.2 (1e-05)
Initial search space (Z):              19632  [actual number of targets]
Domain search space  (domZ):               1  [number of targets reported over threshold]
# CPU time: 0.28u 0.18s 00:00:00.46 Elapsed: 00:00:00.29
# Mc/sec: 5453.34
//
Query:       orf3  [L=144]
Description: source=IMGVR_UViG_3300029393_000220_3300029393_Ga0243986_1002088/4038-2337 coords=1386..955 length=144 frame=5 desc=
Scores for complete sequence (score includes all domains):
   --- full sequence ---   --- best 1 domain ---    -#dom-
    E-value  score  bias    E-value  score  bias    exp  N  Model    Description
    ------- ------ -----    ------- ------ -----   ---- --  -------- -----------

   [No hits detected that satisfy reporting thresholds]


Domain annotation for each model (and alignments):

   [No targets detected that satisfy reporting thresholds]


Internal pipeline statistics summary:
-------------------------------------
Query sequence(s):                         1  (144 residues searched)
Target model(s):                       19632  (3329936 nodes)
Passed MSV filter:                       364  (0.0185412); expected 392.6 (0.02)
Passed bias filter:                      231  (0.0117665); expected 392.6 (0.02)
Passed Vit filter:                        12  (0.000611247); expected 19.6 (0.001)
Passed Fwd filter:                         0  (0); expected 0.2 (1e-05)
Initial search space (Z):              19632  [actual number of targets]
Domain search space  (domZ):               0  [number of targets reported over threshold]
# CPU time: 0.21u 0.16s 00:00:00.37 Elapsed: 00:00:00.26
# Mc/sec: 1810.88
//
Query:       orf4  [L=99]
Description: source=IMGVR_UViG_3300029393_000220_3300029393_Ga0243986_1002088/4038-2337 coords=951..655 length=99 frame=5 desc=
Scores for complete sequence (score includes all domains):
   --- full sequence ---   --- best 1 domain ---    -#dom-
    E-value  score  bias    E-value  score  bias    exp  N  Model    Description
    ------- ------ -----    ------- ------ -----   ---- --  -------- -----------

   [No hits detected that satisfy reporting thresholds]


Domain annotation for each model (and alignments):

   [No targets detected that satisfy reporting thresholds]


Internal pipeline statistics summary:
-------------------------------------
Query sequence(s):                         1  (99 residues searched)
Target model(s):                       19632  (3329936 nodes)
Passed MSV filter:                       297  (0.0151284); expected 392.6 (0.02)
Passed bias filter:                      259  (0.0131927); expected 392.6 (0.02)
Passed Vit filter:                        19  (0.000967808); expected 19.6 (0.001)
Passed Fwd filter:                         0  (0); expected 0.2 (1e-05)
Initial search space (Z):              19632  [actual number of targets]
Domain search space  (domZ):               0  [number of targets reported over threshold]
# CPU time: 0.23u 0.15s 00:00:00.38 Elapsed: 00:00:00.27
# Mc/sec: 1196.10
//
Query:       orf5  [L=101]
Description: source=IMGVR_UViG_3300029393_000220_3300029393_Ga0243986_1002088/4038-2337 coords=633..331 length=101 frame=5 desc=
Scores for complete sequence (score includes all domains):
   --- full sequence ---   --- best 1 domain ---    -#dom-
    E-value  score  bias    E-value  score  bias    exp  N  Model    Description
    ------- ------ -----    ------- ------ -----   ---- --  -------- -----------

   [No hits detected that satisfy reporting thresholds]


Domain annotation for each model (and alignments):

   [No targets detected that satisfy reporting thresholds]


Internal pipeline statistics summary:
-------------------------------------
Query sequence(s):                         1  (101 residues searched)
Target model(s):                       19632  (3329936 nodes)
Passed MSV filter:                       272  (0.0138549); expected 392.6 (0.02)
Passed bias filter:                      249  (0.0126834); expected 392.6 (0.02)
Passed Vit filter:                        11  (0.00056031); expected 19.6 (0.001)
Passed Fwd filter:                         0  (0); expected 0.2 (1e-05)
Initial search space (Z):              19632  [actual number of targets]
Domain search space  (domZ):               0  [number of targets reported over threshold]
# CPU time: 0.23u 0.14s 00:00:00.37 Elapsed: 00:00:00.26
# Mc/sec: 1271.68
//
Query:       orf6  [L=109]
Description: source=IMGVR_UViG_3300029393_000220_3300029393_Ga0243986_1002088/4038-2337 coords=327..1 length=109 frame=5 desc=
Scores for complete sequence (score includes all domains):
   --- full sequence ---   --- best 1 domain ---    -#dom-
    E-value  score  bias    E-value  score  bias    exp  N  Model           Description
    ------- ------ -----    ------- ------ -----   ---- --  --------        -----------
  ------ inclusion threshold ------
      0.017   14.9   0.4      0.018   14.8   0.4    1.1  1  Proton_antipo_C  NADH-dehyrogenase subunit F, TMs, (complex I


Domain annotation for each model (and alignments):
>> Proton_antipo_C  NADH-dehyrogenase subunit F, TMs, (complex I) C-terminus
   #    score  bias  c-Evalue  i-Evalue hmmfrom  hmm to    alifrom  ali to    envfrom  env to     acc
 ---   ------ ----- --------- --------- ------- -------    ------- -------    ------- -------    ----
   1 ?   14.8   0.4     9e-07     0.018     105     191 ..       1      91 [.       1     107 [. 0.77

  Alignments for each domain:
  == domain 1  score: 14.8 bits;  conditional E-value: 9e-07
  Proton_antipo_C 105 lvLvlftlfvGliGi.pfnqegidldilskwLtpsin...llhknsnesvdwyefltnaifSvsialfGif.iAsllYkpvysslqnldlin 191
                      l+L lf +++G+iG  +fnq   ++ + ++ L p+++    lh++++ ++ +++f+++  +   +a fGi    +++++++  ++   +l+ 
             orf6   1 LLLFLFNFIIGIIGSlHFNQAANTIPYGNHTLDPVFSrsrTLHRRHSGIFTVIDFIVHNRIG-KVADFGIGgNGMIFFGQFLVHFVICNLCV 91 
                      689***********736*****************98867799*************9987765.67777775234566666666666555554 PP



Internal pipeline statistics summary:
-------------------------------------
Query sequence(s):                         1  (109 residues searched)
Target model(s):                       19632  (3329936 nodes)
Passed MSV filter:                       355  (0.0180827); expected 392.6 (0.02)
Passed bias filter:                      258  (0.0131418); expected 392.6 (0.02)
Passed Vit filter:                        15  (0.000764059); expected 19.6 (0.001)
Passed Fwd filter:                         1  (5.09372e-05); expected 0.2 (1e-05)
Initial search space (Z):              19632  [actual number of targets]
Domain search space  (domZ):               1  [number of targets reported over threshold]
# CPU time: 0.23u 0.13s 00:00:00.36 Elapsed: 00:00:00.26
# Mc/sec: 1365.05
//
[ok]
