# hmmscan :: search sequence(s) against a profile database
# HMMER 3.3.2 (Nov 2020); http://hmmer.org/
# Copyright (C) 2020 Howard Hughes Medical Institute.
# Freely distributed under the BSD open source license.
# - - - - - - - - - - - - - - - - - - - - - - - - - - - - - - - - - - - -
# query sequence file:             -
# target HMM database:             /n/eddy_lab/data/pfam-35.0/Pfam-A.hmm
# output directed to file:         ./all_windows_new/hmmscan/out/IMGVR_UViG_3300022661_004002_3300022661_Ga0216339_10012533_816-15261_hmmscan_output.out
# per-seq hits tabular output:     ./all_windows_new/hmmscan/tblout/IMGVR_UViG_3300022661_004002_3300022661_Ga0216339_10012533_816-15261_hmmscan_output.tblout
# - - - - - - - - - - - - - - - - - - - - - - - - - - - - - - - - - - - -

Query:       orf1  [L=479]
Description: source=IMGVR_UViG_3300022661_004002_3300022661_Ga0216339_10012533_816-15261/471-2055 coords=2..1438 length=479 frame=2 desc=
Scores for complete sequence (score includes all domains):
   --- full sequence ---   --- best 1 domain ---    -#dom-
    E-value  score  bias    E-value  score  bias    exp  N  Model    Description
    ------- ------ -----    ------- ------ -----   ---- --  -------- -----------
    6.9e-32  110.9   1.5    1.2e-31  110.1   0.1    1.9  2  RVT_1     Reverse transcriptase (RNA-dependent DNA polymerase
    9.5e-05   22.6   0.2    0.00033   20.9   0.2    2.0  1  HNH       HNH endonuclease
  ------ inclusion threshold ------
       0.12   12.6   0.1       0.33   11.2   0.0    1.8  1  DUF3567   Protein of unknown function (DUF3567)


Domain annotation for each model (and alignments):
>> RVT_1  Reverse transcriptase (RNA-dependent DNA polymerase)
   #    score  bias  c-Evalue  i-Evalue hmmfrom  hmm to    alifrom  ali to    envfrom  env to     acc
 ---   ------ ----- --------- --------- ------- -------    ------- -------    ------- -------    ----
   1 !  110.1   0.1   1.9e-35   1.2e-31      46     222 .]       1     204 [.       1     204 [. 0.90
   2 ?   -0.6   0.1      0.13   8.3e+02      15      53 ..     217     254 ..     206     276 .. 0.69

  Alignments for each domain:
  == domain 1  score: 110.1 bits;  conditional E-value: 1.9e-35
            HHH..............HCCHTS--EEEEEEBCCGCCCSBB-GGGGGGG-EEET...........................TEEEEESB--ST-TTHHHHHHHH CS
  RVT_1  46 rpgrstldav.edllkalkkkkkaklllklDlkkaFdsvpleellrkltafkvptk.linliksflstrsfsvrv.ngeeskgryekkglpqGsvlSPllfnlf 146
            rp+r++++a+  ++ +   +  k ++++++D+k++Fd v++++ll++++a+++++k l+ ++k++l   ++ +r+ ng    ++y +kg+pqG+v+SPll+n++
   orf1   1 RPMRNVEHAIqATYCRL--QLSKLHYVIEFDIKSFFDEVDHPKLLKQIWAMGIHDKhLLYVLKQIL---KAPIRMpNG---NTIYPTKGTPQGGVISPLLANIV 96 
            67888888776333333..68899*****************************8761555667777...455688666...68********************* PP

            HHHHHTT-T.......................................TEEECTTEEEEEESSHHHHHHHHHHHHHHHHH.TT--BEGGG-EEE......ESSE CS
  RVT_1 147 mnellrelrkra.................................kgvtllrYaDDililskskeelqelleaveewlke.sglkinpeKtklvlftv.kseev 215
            +nel++ +++++                                 k+ +++rYaDD+ i++++k+++++ l av +wl++  +l+++ eKtk+v   + k++  
   orf1  97 LNELDHWIESQWennpvtakysqhleksgalnknhgyeamrktalKEMYIVRYADDFRIFCRTKTDAEKTLVAVTQWLQKrLRLEVSSEKTKVV---NvKRKYS 197
            ******************************************************************************9989************...6699999 PP

            EETTEEE CS
  RVT_1 216 kyLGvtl 222
            ++LG+++
   orf1 198 EFLGFKI 204
            9999986 PP

  == domain 2  score: -0.6 bits;  conditional E-value: 0.13
            ...-THHHHCTB--.........-------HHHH..... CS
  RVT_1  15 lsvdykalnkliakrLkdvlekllsenqpgfrpgrstld 53 
             ++ +k+l ++ ak L++ ++++ +++ p+ ++++ tl 
   orf1 217 SHISDKKLKSIKAK-LTQQAKNVAKPRTPRTEKQEVTLY 254
            46678888888888.999999999999999999976644 PP

>> HNH  HNH endonuclease
   #    score  bias  c-Evalue  i-Evalue hmmfrom  hmm to    alifrom  ali to    envfrom  env to     acc
 ---   ------ ----- --------- --------- ------- -------    ------- -------    ------- -------    ----
   1 !   20.9   0.2   5.1e-08   0.00033      12      45 ..     410     443 ..     398     445 .. 0.82

  Alignments for each domain:
  == domain 1  score: 20.9 bits;  conditional E-value: 5.1e-08
           E--EEEESS-TTTT--BSGGGEEEE-HHHHHHHH CS
   HNH  12 dalevdHiipisqggaddieNlqllCksCHnkkh 45 
           ++ +++Hi p+  gg+d ++Nl+l+ +s H+  h
  orf1 410 EDIHCHHITPRRMGGTDKYQNLVLILPSAHKLIH 443
           789**********************999888777 PP

>> DUF3567  Protein of unknown function (DUF3567)
   #    score  bias  c-Evalue  i-Evalue hmmfrom  hmm to    alifrom  ali to    envfrom  env to     acc
 ---   ------ ----- --------- --------- ------- -------    ------- -------    ------- -------    ----
   1 ?   11.2   0.0     5e-05      0.33      22      67 ..     122     166 ..     105     184 .. 0.71

  Alignments for each domain:
  == domain 1  score: 11.2 bits;  conditional E-value: 5e-05
  DUF3567  22 ealaekaargGyEivDKrakkeiyldGslAesfrkkvkaliekeps 67 
              e+  + ++++GyE + K+a ke+y+  + A++fr   ++ ++ e++
     orf1 122 EKSGALNKNHGYEAMRKTALKEMYIV-RYADDFRIFCRTKTDAEKT 166
              233333499***************96.7888888766665555555 PP



Internal pipeline statistics summary:
-------------------------------------
Query sequence(s):                         1  (479 residues searched)
Target model(s):                       19632  (3329936 nodes)
Passed MSV filter:                      1047  (0.0533313); expected 392.6 (0.02)
Passed bias filter:                      472  (0.0240424); expected 392.6 (0.02)
Passed Vit filter:                        29  (0.00147718); expected 19.6 (0.001)
Passed Fwd filter:                         3  (0.000152812); expected 0.2 (1e-05)
Initial search space (Z):              19632  [actual number of targets]
Domain search space  (domZ):               3  [number of targets reported over threshold]
# CPU time: 0.34u 0.15s 00:00:00.49 Elapsed: 00:00:00.31
# Mc/sec: 5022.95
//
Query:       orf2  [L=132]
Description: source=IMGVR_UViG_3300022661_004002_3300022661_Ga0216339_10012533_816-15261/471-2055 coords=789..394 length=132 frame=5 desc=
Scores for complete sequence (score includes all domains):
   --- full sequence ---   --- best 1 domain ---    -#dom-
    E-value  score  bias    E-value  score  bias    exp  N  Model    Description
    ------- ------ -----    ------- ------ -----   ---- --  -------- -----------

   [No hits detected that satisfy reporting thresholds]


Domain annotation for each model (and alignments):

   [No targets detected that satisfy reporting thresholds]


Internal pipeline statistics summary:
-------------------------------------
Query sequence(s):                         1  (132 residues searched)
Target model(s):                       19632  (3329936 nodes)
Passed MSV filter:                      1060  (0.0539935); expected 392.6 (0.02)
Passed bias filter:                      504  (0.0256724); expected 392.6 (0.02)
Passed Vit filter:                        31  (0.00157905); expected 19.6 (0.001)
Passed Fwd filter:                         0  (0); expected 0.2 (1e-05)
Initial search space (Z):              19632  [actual number of targets]
Domain search space  (domZ):               0  [number of targets reported over threshold]
# CPU time: 0.26u 0.17s 00:00:00.43 Elapsed: 00:00:00.29
# Mc/sec: 1510.45
//
[ok]
