# hmmscan :: search sequence(s) against a profile database
# HMMER 3.3.2 (Nov 2020); http://hmmer.org/
# Copyright (C) 2020 Howard Hughes Medical Institute.
# Freely distributed under the BSD open source license.
# - - - - - - - - - - - - - - - - - - - - - - - - - - - - - - - - - - - -
# query sequence file:             -
# target HMM database:             /n/eddy_lab/data/pfam-35.0/Pfam-A.hmm
# output directed to file:         ./all_windows_new/hmmscan/out/IMGVR_UViG_3300034672_001102_3300034672_Ga0314797_001329_hmmscan_output.out
# per-seq hits tabular output:     ./all_windows_new/hmmscan/tblout/IMGVR_UViG_3300034672_001102_3300034672_Ga0314797_001329_hmmscan_output.tblout
# - - - - - - - - - - - - - - - - - - - - - - - - - - - - - - - - - - - -

Query:       orf1  [L=489]
Description: source=IMGVR_UViG_3300034672_001102_3300034672_Ga0314797_001329/1592-8 coords=3..1469 length=489 frame=3 desc=
Scores for complete sequence (score includes all domains):
   --- full sequence ---   --- best 1 domain ---    -#dom-
    E-value  score  bias    E-value  score  bias    exp  N  Model    Description
    ------- ------ -----    ------- ------ -----   ---- --  -------- -----------
    1.1e-34  120.0   0.6    2.3e-34  119.0   0.2    1.8  2  RVT_1     Reverse transcriptase (RNA-dependent DNA polymerase
     0.0029   17.8   2.2     0.0035   17.6   0.1    2.2  3  HNH       HNH endonuclease


Domain annotation for each model (and alignments):
>> RVT_1  Reverse transcriptase (RNA-dependent DNA polymerase)
   #    score  bias  c-Evalue  i-Evalue hmmfrom  hmm to    alifrom  ali to    envfrom  env to     acc
 ---   ------ ----- --------- --------- ------- -------    ------- -------    ------- -------    ----
   1 !  119.0   0.2   2.3e-38   2.3e-34      25     222 .]       3     215 ..       1     215 [. 0.91
   2 ?   -3.0   0.0      0.47   4.6e+03      24      47 ..     294     318 ..     288     332 .. 0.55

  Alignments for each domain:
  == domain 1  score: 119.0 bits;  conditional E-value: 2.3e-38
            TB--.........-------HHHH..............HCCHTS--EEEEEEBCCGCCCSBB-GGGGGGG-EEET..........................TEE CS
  RVT_1  25 liakrLkdvlekllsenqpgfrpgrstldav.edllkalkkkkkaklllklDlkkaFdsvpleellrkltafkvptk.linliksflstrsfsvrvngeeskgr 126
             i + L +++e +++++++gfrp+rst++a+ +++  +  + +k+ +++++D+k++Fd+v++ +ll++++++++++k l+ +i+++l         + e  ++ 
   orf1   3 SILQILAPICEAKFHNHSYGFRPNRSTHHALsRMISLI--NVGKHYYCVDIDIKGFFDNVNHGKLLKQMWSLGIRDKsLLCVISKIL---------KSEIEGEG 95 
            5788899************************9777777..889*******************************9761333344444.........44434888 PP

            EEESB--ST-TTHHHHHHHHHHHHHTT-T...............................TEEECTTEEEEEESSHHHHHHHHHHHHHHHHH.TT--BEGGG-E CS
  RVT_1 127 yekkglpqGsvlSPllfnlfmnellrelrkra.........................kgvtllrYaDDililskskeelqelleaveewlke.sglkinpeKtk 204
            + +kg+pqG+++SPll+n+++nel+  +++++                         k+ +++rYaDD+ i++++ ee+q+ + a+ ++l++  gl++n++K+k
   orf1  96 TPTKGTPQGGIISPLLSNIVLNELDWWVSNQWetykpqrfstkhkgflsyakkytnlKDGYIVRYADDFKIMCRTYEEAQRFYHATIDFLNKrLGLEVNEDKSK 199
            99****************************************************************************************9999********** PP

            EE......ESSEEETTEEE CS
  RVT_1 205 lvlftv.kseevkyLGvtl 222
            +v   + k+++ ++LG+++
   orf1 200 VV---NlKKNSSTFLGFKV 215
            **...779********985 PP

  == domain 2  score: -3.0 bits;  conditional E-value: 0.47
            CTB--..........-------HHH CS
  RVT_1  24 kliakrLkdvl.ekllsenqpgfrp 47 
            k +++rL+++l    +se +++f++
   orf1 294 KTMKNRLQNHLeIICFSETSSAFKK 318
            4556666666632234444444443 PP

>> HNH  HNH endonuclease
   #    score  bias  c-Evalue  i-Evalue hmmfrom  hmm to    alifrom  ali to    envfrom  env to     acc
 ---   ------ ----- --------- --------- ------- -------    ------- -------    ------- -------    ----
   1 ?   -3.9   0.2       1.8   1.8e+04       4      18 ..      12      31 ..      11      32 .. 0.63
   2 ?   -2.5   0.0      0.66   6.5e+03      16      23 ..     343     350 ..     341     357 .. 0.83
   3 !   17.6   0.1   3.6e-07    0.0035      12      35 ..     418     441 ..     408     442 .. 0.86

  Alignments for each domain:
  == domain 1  score: -3.9 bits;  conditional E-value: 1.8
          SS-B-SSE.....E--EEEE CS
   HNH  4 Cgrkfhks.....dalevdH 18
          C  kfh +     +    +H
  orf1 12 CEAKFHNHsygfrPNRSTHH 31
          88888887655555555555 PP

  == domain 2  score: -2.5 bits;  conditional E-value: 0.66
           EEESS-TT CS
   HNH  16 vdHiipis 23 
           ++H+ p++
  orf1 343 MHHKNPWN 350
           69*99996 PP

  == domain 3  score: 17.6 bits;  conditional E-value: 3.6e-07
           E--EEEESS-TTTT--BSGGGEEE CS
   HNH  12 dalevdHiipisqggaddieNlql 35 
           d  +++H+ip++ gg+d ++Nl+ 
  orf1 418 DRVHCHHVIPLHLGGTDQYSNLVI 441
           6789******************85 PP



Internal pipeline statistics summary:
-------------------------------------
Query sequence(s):                         1  (489 residues searched)
Target model(s):                       19632  (3329936 nodes)
Passed MSV filter:                       961  (0.0489507); expected 392.6 (0.02)
Passed bias filter:                      527  (0.0268439); expected 392.6 (0.02)
Passed Vit filter:                        39  (0.00198655); expected 19.6 (0.001)
Passed Fwd filter:                         2  (0.000101874); expected 0.2 (1e-05)
Initial search space (Z):              19632  [actual number of targets]
Domain search space  (domZ):               2  [number of targets reported over threshold]
# CPU time: 0.44u 0.16s 00:00:00.60 Elapsed: 00:00:00.34
# Mc/sec: 4660.10
//
Query:       orf2  [L=93]
Description: source=IMGVR_UViG_3300034672_001102_3300034672_Ga0314797_001329/1592-8 coords=1585..1307 length=93 frame=4 desc=
Scores for complete sequence (score includes all domains):
   --- full sequence ---   --- best 1 domain ---    -#dom-
    E-value  score  bias    E-value  score  bias    exp  N  Model    Description
    ------- ------ -----    ------- ------ -----   ---- --  -------- -----------

   [No hits detected that satisfy reporting thresholds]


Domain annotation for each model (and alignments):

   [No targets detected that satisfy reporting thresholds]


Internal pipeline statistics summary:
-------------------------------------
Query sequence(s):                         1  (93 residues searched)
Target model(s):                       19632  (3329936 nodes)
Passed MSV filter:                       269  (0.0137021); expected 392.6 (0.02)
Passed bias filter:                      185  (0.00942339); expected 392.6 (0.02)
Passed Vit filter:                        11  (0.00056031); expected 19.6 (0.001)
Passed Fwd filter:                         0  (0); expected 0.2 (1e-05)
Initial search space (Z):              19632  [actual number of targets]
Domain search space  (domZ):               0  [number of targets reported over threshold]
# CPU time: 0.32u 0.16s 00:00:00.48 Elapsed: 00:00:00.31
# Mc/sec: 992.84
//
Query:       orf3  [L=94]
Description: source=IMGVR_UViG_3300034672_001102_3300034672_Ga0314797_001329/1592-8 coords=820..539 length=94 frame=4 desc=
Scores for complete sequence (score includes all domains):
   --- full sequence ---   --- best 1 domain ---    -#dom-
    E-value  score  bias    E-value  score  bias    exp  N  Model    Description
    ------- ------ -----    ------- ------ -----   ---- --  -------- -----------

   [No hits detected that satisfy reporting thresholds]


Domain annotation for each model (and alignments):

   [No targets detected that satisfy reporting thresholds]


Internal pipeline statistics summary:
-------------------------------------
Query sequence(s):                         1  (94 residues searched)
Target model(s):                       19632  (3329936 nodes)
Passed MSV filter:                       340  (0.0173187); expected 392.6 (0.02)
Passed bias filter:                      255  (0.012989); expected 392.6 (0.02)
Passed Vit filter:                        17  (0.000865933); expected 19.6 (0.001)
Passed Fwd filter:                         0  (0); expected 0.2 (1e-05)
Initial search space (Z):              19632  [actual number of targets]
Domain search space  (domZ):               0  [number of targets reported over threshold]
# CPU time: 0.32u 0.15s 00:00:00.47 Elapsed: 00:00:00.30
# Mc/sec: 1023.33
//
[ok]
