# hmmscan :: search sequence(s) against a profile database
# HMMER 3.3.2 (Nov 2020); http://hmmer.org/
# Copyright (C) 2020 Howard Hughes Medical Institute.
# Freely distributed under the BSD open source license.
# - - - - - - - - - - - - - - - - - - - - - - - - - - - - - - - - - - - -
# query sequence file:             -
# target HMM database:             /n/eddy_lab/data/pfam-35.0/Pfam-A.hmm
# output directed to file:         ./all_windows_new/hmmscan/out/IMGVR_UViG_3300029607_000195_3300029607_Ga0244907_103128_hmmscan_output.out
# per-seq hits tabular output:     ./all_windows_new/hmmscan/tblout/IMGVR_UViG_3300029607_000195_3300029607_Ga0244907_103128_hmmscan_output.tblout
# - - - - - - - - - - - - - - - - - - - - - - - - - - - - - - - - - - - -

Query:       orf1  [L=182]
Description: source=IMGVR_UViG_3300029607_000195_3300029607_Ga0244907_103128/5085-6797 coords=57..602 length=182 frame=3 desc=
Scores for complete sequence (score includes all domains):
   --- full sequence ---   --- best 1 domain ---    -#dom-
    E-value  score  bias    E-value  score  bias    exp  N  Model    Description
    ------- ------ -----    ------- ------ -----   ---- --  -------- -----------
    1.7e-30  106.6   7.1    1.1e-28  100.7   7.1    2.1  1  DUF3801   Protein of unknown function (DUF3801)
  ------ inclusion threshold ------
      0.057   13.9   1.0       0.07   13.6   1.0    1.2  1  PBECR4    phage-Barnase-EndoU-ColicinE5/D-RelE like nuclease4
      0.081   12.6   0.1       0.18   11.5   0.1    1.6  1  THB       Tri-helix bundle domain


Domain annotation for each model (and alignments):
>> DUF3801  Protein of unknown function (DUF3801)
   #    score  bias  c-Evalue  i-Evalue hmmfrom  hmm to    alifrom  ali to    envfrom  env to     acc
 ---   ------ ----- --------- --------- ------- -------    ------- -------    ------- -------    ----
   1 !  100.7   7.1   1.7e-32   1.1e-28       5     179 ..      41     177 ..      37     179 .. 0.86

  Alignments for each domain:
  == domain 1  score: 100.7 bits;  conditional E-value: 1.7e-32
  DUF3801   5 akllkallkavdk............kknkGktslkkLlkkggdlkvlqldnsdlkkfkkeaQuery:       orf2  [L=469]
Description: source=IMGVR_UViG_3300029607_000195_3300029607_Ga0244907_103128/7743-9332 coords=2..1408 length=469 frame=2 desc=
Scores for complete sequence (score includes all domains):
   --- full sequence ---   --- best 1 domain ---    -#dom-
    E-value  score  bias    E-value  score  bias    exp  N  Model    Description
    ------- ------ -----    ------- ------ -----   ---- --  -------- -----------
    5.4e-29  101.4   0.0    1.2e-28  100.3   0.0    1.5  1  RVT_1     Reverse transcriptase (RNA-dependent DNA polymerase
     0.0084   16.4   0.1      0.028   14.7   0.1    1.8  1  HNH       HNH endonuclease
  ------ inclusion threshold ------
        0.1   13.0   1.3       0.26   11.7   1.3    1.6  1  DBP10CT   DBP10CT (NUC160) domain


Domain annotation for each model (and alignments):
>> RVT_1  Reverse transcriptase (RNA-dependent DNA polymerase)
   #    score  bias  c-Evalue  i-Evalue hmmfrom  hmm to    alifrom  ali to    envfrom  env to     acc
 ---   ------ ----- --------- --------- ------- -------    ------- -------    ------- -------    ----
   1 !  100.3   0.0   1.8e-32   1.2e-28      64     221 ..      10     197 ..       2     198 .. 0.90

  Alignments for each domain:
  == domain 1  score: 100.3 bits;  conditional E-value: 1.8e-32
            CHTS--EEEEEEBCCGCCCSBB-GGGGGGG-EEET..........................TEEEEESB--ST-TTHHHHHHHHHHHHHTT-T........... CS
  RVT_1  64 kkkkaklllklDlkkaFdsvpleellrkltafkvptk.linliksflstrsfsvrvngeeskgryekkglpqGsvlSPllfnlfmnellrelrkra........ 158
            ++   ++++++D+k++Fd+v++++l+++++a+++++k li ++k++l   ++ +++++   ++ +  kg+pqG+++SPll+n+++nel+  +++++        
   orf2  10 QQSHLHYVVEFDIKGFFDNVDHSKLIKQMWALGIRDKrLIYIVKRIL---KAPIQLENG--TTAAPVKGTPQGGIISPLLANIVLNELDWWVESQWadnpvava 108
            455669****************************8762666777777...334566443..89999************************************** PP

            ..............................TEEECTTEEEEEESSHHHHHHHHHHHHHHHHH.TT--BEGGG-EEE......ESSEEETTEE CS
  RVT_1 159 ...........................kgvtllrYaDDililskskeelqelleaveewlke.sglkinpeKtklvlftv.kseevkyLGvt 221
                                       k+ +++rYaDD+ i++++k+++++ l av +wlke  +l ++peKt++v   +  ++  ++LG++
   orf2 109 rgrnrqlggntvfdkshgyramrttrlKEMHIVRYADDFRIFCQNKDSAERTLIAVTKWLKErLRLDVSPEKTQVV---NlNKHYSEFLGIK 197
            **************************************************************99************...6688889999986 PP

>> HNH  HNH endonuclease
   #    score  bias  c-Evalue  i-Evalue hmmfrom  hmm to    alifrom  ali to    envfrom  env to     acc
 ---   ------ ----- --------- --------- ------- -------    ------- -------    ------- -------    ----
   1 !   14.7   0.1   4.3e-06     0.028      13      35 ..     399     421 ..     387     425 .. 0.88

  Alignments for each domain:
  == domain 1  score: 14.7 bits;  conditional E-value: 4.3e-06
           --EEEESS-TTTT--BSGGGEEE CS
   HNH  13 alevdHiipisqggaddieNlql 35 
           + +++H+ p+++gg+d+++Nl+ 
  orf2 399 DIHCHHKLPKNRGGRDNYQNLII 421
           579******************96 PP

>> DBP10CT  DBP10CT (NUC160) domain
   #    score  bias  c-Evalue  i-Evalue hmmfrom  hmm to    alifrom  ali to    envfrom  env to     acc
 ---   ------ ----- --------- --------- ------- -------    ------- -------    ------- -------    ----
   1 ?   11.7   1.3   3.9e-05      0.26      20      54 ..     197     231 ..     177     235 .. 0.87

  Alignments for each domain:
  == domain 1  score: 11.7 bits;  conditional E-value: 3.9e-05
  DBP10CT  20 klrWDkKkkkyVkranededgkkkirtEsGvkiaa 54 
              k+r  kKk+k V +++ +e+  k i+tE+ +ki++
     orf2 197 KMRLTKKKNKLVVQSRVSEKAVKRIKTEAKQKIKN 231
              577789**********999999***********86 PP



Internal pipeline statistics summary:
-------------------------------------
Query sequence(s):                         1  (469 residues searched)
Target model(s):                       19632  (3329936 nodes)
Passed MSV filter:                       940  (0.047881); expected 392.6 (0.02)
Passed bias filter:                      587  (0.0299002); expected 392.6 (0.02)
Passed Vit filter:                        47  (0.00239405); expected 19.6 (0.001)
Passed Fwd filter:                         3  (0.000152812); expected 0.2 (1e-05)
Initial search space (Z):              19632  [actual number of targets]
Domain search space  (domZ):               3  [number of targets reported over threshold]
# CPU time: 0.34u 0.20s 00:00:00.54 Elapsed: 00:00:00.33
# Mc/sec: 4599.96
//
Query:       orf3  [L=241]
Description: source=IMGVR_UViG_3300029607_000195_3300029607_Ga0244907_103128/7743-9332 coords=1129..407 length=241 frame=6 desc=
Scores for complete sequence (score includes all domains):
   --- full sequence ---   --- best 1 domain ---    -#dom-
    E-value  score  bias    E-value  score  bias    exp  N  Model    Description
    ------- ------ -----    ------- ------ -----   ---- --  -------- -----------

   [No hits detected that satisfy reporting thresholds]


Domain annotation for each model (and alignments):

   [No targets detected that satisfy reporting thresholds]


Internal pipeline statistics summary:
-------------------------------------
Query sequence(s):                         1  (241 residues searched)
Target model(s):                       19632  (3329936 nodes)
Passed MSV filter:                       361  (0.0183883); expected 392.6 (0.02)
Passed bias filter:                      302  (0.015383); expected 392.6 (0.02)
Passed Vit filter:                        20  (0.00101874); expected 19.6 (0.001)
Passed Fwd filter:                         0  (0); expected 0.2 (1e-05)
Initial search space (Z):              19632  [actual number of targets]
Domain search space  (domZ):               0  [number of targets reported over threshold]
# CPU time: 0.29u 0.16s 00:00:00.44 Elapsed: 00:00:00.30
# Mc/sec: 2670.93
//
[ok]
 !   13.5   0.0   5.8e-06     0.029      13     115 ..     192     322 ..     188     327 .. 0.81

  Alignments for each domain:
  == domain 1  score: 13.5 bits;  conditional E-value: 5.8e-06
  TrwB_AAD_bind  13 retrhilivGttGsGKtqaleelldqirargdraiilDltGafverfya..........................egkdillnPlD.aRsaaWsvf 81 
                    + ++ +l++G+ GsGKt    +   ++ +     +i D++G ++ +  +                          + +  +ln ++ ++s   ++f
           orf2 192 ARNKNVLVIGGSGSGKTRFWLK--PNLMQMHSSYVITDPKGTILVECGKmlqrgapklgkdgkpmkdkqgkviyePYRIRMLNTINfKKSMHYNPF 285
                    567889***********98654..5666677899*********9999999999***********9987555555544444555555567999**** PP

  TrwB_AAD_bind  82 aeiktkadfaelAaaliped...gessdpfWaeaark 115
                    a i++++d+ +l   li ++   g+  d+fW++a r 
           orf2 286 AYIHSEKDILKLVTTLIANTkgeGKAGDDFWVSATRS 322
                    *****************987644667899**999885 PP

>> P-loop_TraG  TraG P-loop domain
   #    score  bias  c-Evalue  i-Evalue hmmfrom  hmm to    alifrom  ali to    envfrom  env to     acc
 ---   ------ ----- --------- --------- ------- -------    ------- -------    ------- -------    ----
   1 ?   12.2   0.0   1.2e-05     0.057      17      46 ..     182     211 ..     173     291 .. 0.79

  Alignments for each domain:
  == domain 1  score: 12.2 bits;  conditional E-value: 1.2e-05
  P-loop_TraG  17 lsdepmkkgiitnrnklilGpsGsGksfft 46 
                  +  +p +  +  n+n l++G+sGsGk+ f 
         orf2 182 MNSRPKDPKTARNKNVLVIGGSGSGKTRFW 211
                  56678888999***************8653 PP

>> AAA_19  AAA domain
   #    score  bias  c-Evalue  i-Evalue hmmfrom  hmm to    alifrom  ali to    envfrom  env to     acc
 ---   ------ ----- --------- --------- ------- -------    ------- -------    ------- -------    ----
   1 ?   13.0   0.0     2e-05     0.098       7      26 ..     191     210 ..     188     224 .. 0.89

  Alignments for each domain:
  == domain 1  score: 13.0 bits;  conditional E-value: 2e-05
  AAA_19   7 alkekvllvtaGpGtGKTrt 26 
             ++++k++lv++G G+GKTr 
    orf2 191 TARNKNVLVIGGSGSGKTRF 210
             56899*************95 PP



Internal pipeline statistics summary:
-------------------------------------
Query sequence(s):                         1  (336 residues searched)
Target model(s):                       19632  (3329936 nodes)
Passed MSV filter:                       601  (0.0306133); expected 392.6 (0.02)
Passed bias filter:                      560  (0.0285249); expected 392.6 (0.02)
Passed Vit filter:                        76  (0.00387123); expected 19.6 (0.001)
Passed Fwd filter:                         4  (0.000203749); expected 0.2 (1e-05)
Initial search space (Z):              19632  [actual number of targets]
Domain search space  (domZ):               4  [number of targets reported over threshold]
# CPU time: 0.35u 0.15s 00:00:00.50 Elapsed: 00:00:00.30
# Mc/sec: 3652.82
//
Query:       orf3  [L=194]
Description: source=IMGVR_UViG_3300029607_000195_3300029607_Ga0244907_103128/5085-6797 coords=1465..884 length=194 frame=6 desc=
Scores for complete sequence (score includes all domains):
   --- full sequence ---   --- best 1 domain ---    -#dom-
    E-value  score  bias    E-value  score  bias    exp  N  Model    Description
    ------- ------ -----    ------- ------ -----   ---- --  -------- -----------

   [No hits detected that satisfy reporting thresholds]


Domain annotation for each model (and alignments):

   [No targets detected that satisfy reporting thresholds]


Internal pipeline statistics summary:
-------------------------------------
Query sequence(s):                         1  (194 residues searched)
Target model(s):                       19632  (3329936 nodes)
Passed MSV filter:                       250  (0.0127343); expected 392.6 (0.02)
Passed bias filter:                      237  (0.0120721); expected 392.6 (0.02)
Passed Vit filter:                         9  (0.000458435); expected 19.6 (0.001)
Passed Fwd filter:                         0  (0); expected 0.2 (1e-05)
Initial search space (Z):              19632  [actual number of targets]
Domain search space  (domZ):               0  [number of targets reported over threshold]
# CPU time: 0.29u 0.16s 00:00:00.44 Elapsed: 00:00:00.30
# Mc/sec: 2146.04
//
Query:       orf4  [L=162]
Description: source=IMGVR_UViG_3300029607_000195_3300029607_Ga0244907_103128/5085-6797 coords=620..135 length=162 frame=5 desc=
Scores for complete sequence (score includes all domains):
   --- full sequence ---   --- best 1 domain ---    -#dom-
    E-value  score  bias    E-value  score  bias    exp  N  Model    Description
    ------- ------ -----    ------- ------ -----   ---- --  -------- -----------

   [No hits detected that satisfy reporting thresholds]


Domain annotation for each model (and alignments):

   [No targets detected that satisfy reporting thresholds]


Internal pipeline statistics summary:
-------------------------------------
Query sequence(s):                         1  (162 residues searched)
Target model(s):                       19632  (3329936 nodes)
Passed MSV filter:                       287  (0.014619); expected 392.6 (0.02)
Passed bias filter:                      253  (0.0128871); expected 392.6 (0.02)
Passed Vit filter:                        17  (0.000865933); expected 19.6 (0.001)
Passed Fwd filter:                         0  (0); expected 0.2 (1e-05)
Initial search space (Z):              19632  [actual number of targets]
Domain search space  (domZ):               0  [number of targets reported over threshold]
# CPU time: 0.28u 0.16s 00:00:00.44 Elapsed: 00:00:00.30
# Mc/sec: 1776.36
//
Query:       orf5  [L=107]
Description: source=IMGVR_UViG_3300029607_000195_3300029607_Ga0244907_103128/5085-6797 coords=376..56 length=107 frame=6 desc=
Scores for complete sequence (score includes all domains):
   --- full sequence ---   --- best 1 domain ---    -#dom-
    E-value  score  bias    E-value  score  bias    exp  N  Model    Description
    ------- ------ -----    ------- ------ -----   ---- --  -------- -----------

   [No hits detected that satisfy reporting thresholds]


Domain annotation for each model (and alignments):

   [No targets detected that satisfy reporting thresholds]


Internal pipeline statistics summary:
-------------------------------------
Query sequence(s):                         1  (107 residues searched)
Target model(s):                       19632  (3329936 nodes)
Passed MSV filter:                       321  (0.0163509); expected 392.6 (0.02)
Passed bias filter:                      180  (0.0091687); expected 392.6 (0.02)
Passed Vit filter:                        10  (0.000509372); expected 19.6 (0.001)
Passed Fwd filter:                         0  (0); expected 0.2 (1e-05)
Initial search space (Z):              19632  [actual number of targets]
Domain search space  (domZ):               0  [number of targets reported over threshold]
# CPU time: 0.26u 0.17s 00:00:00.43 Elapsed: 00:00:00.31
# Mc/sec: 1134.09
//
[ok]
