# hmmscan :: search sequence(s) against a profile database
# HMMER 3.3.2 (Nov 2020); http://hmmer.org/
# Copyright (C) 2020 Howard Hughes Medical Institute.
# Freely distributed under the BSD open source license.
# - - - - - - - - - - - - - - - - - - - - - - - - - - - - - - - - - - - -
# query sequence file:             -
# target HMM database:             /n/eddy_lab/data/pfam-35.0/Pfam-A.hmm
# output directed to file:         ./all_windows_new/hmmscan/out/IMGVR_UViG_3300010260_000142_3300010260_Ga0129315_1001305_hmmscan_output.out
# per-seq hits tabular output:     ./all_windows_new/hmmscan/tblout/IMGVR_UViG_3300010260_000142_3300010260_Ga0129315_1001305_hmmscan_output.tblout
# - - - - - - - - - - - - - - - - - - - - - - - - - - - - - - - - - - - -

Query:       orf1  [L=476]
Description: source=IMGVR_UViG_3300010260_000142_3300010260_Ga0129315_1001305/8593-10294 coords=1..1428 length=476 frame=1 desc=
Scores for complete sequence (score includes all domains):
   --- full sequence ---   --- best 1 domain ---    -#dom-
    E-value  score  bias    E-value  score  bias    exp  N  Model    Description
    ------- ------ -----    ------- ------ -----   ---- --  -------- -----------

   [No hits detected that satisfy reporting thresholds]


Domain annotation for each model (and alignments):

   [No targets detected that satisfy reporting thresholds]


Internal pipeline statistics summary:
-------------------------------------
Query sequence(s):                         1  (476 residues searched)
Target model(s):                       19632  (3329936 nodes)
Passed MSV filter:                       783  (0.0398839); expected 392.6 (0.02)
Passed bias filter:                      517  (0.0263346); expected 392.6 (0.02)
Passed Vit filter:                        44  (0.00224124); expected 19.6 (0.001)
Passed Fwd filter:                         0  (0); expected 0.2 (1e-05)
Initial search space (Z):              19632  [actual number of targets]
Domain search space  (domZ):               0  [number of targets reported over threshold]
# CPU time: 0.36u 0.17s 00:00:00.53 Elapsed: 00:00:00.33
# Mc/sec: 4707.03
//
Query:       orf2  [L=91]
Description: source=IMGVR_UViG_3300010260_000142_3300010260_Ga0129315_1001305/8593-10294 coords=1440..1168 length=91 frame=5 desc=
Scores for complete sequence (score includes all domains):
   --- full sequence ---   --- best 1 domain ---    -#dom-
    E-value  score  bias    E-value  score  bias    exp  N  Model    Description
    ------- ------ -----    ------- ------ -----   ---- --  -------- -----------

   [No hits detected that satisfy reporting thresholds]


Domain annotation for each model (and alignments):

   [No targets detected that satisfy reporting thresholds]


Internal pipeline statistics summary:
-------------------------------------
Query sequence(s):                         1  (91 residues searched)
Target model(s):                       19632  (3329936 nodes)
Passed MSV filter:                       500  (0.0254686); expected 392.6 (0.02)
Passed bias filter:                      287  (0.014619); expected 392.6 (0.02)
Passed Vit filter:                        22  (0.00112062); expected 19.6 (0.001)
Passed Fwd filter:                         0  (0); expected 0.2 (1e-05)
Initial search space (Z):              19632  [actual number of targets]
Domain search space  (domZ):               0  [number of targets reported over threshold]
# CPU time: 0.28u 0.15s 00:00:00.43 Elapsed: 00:00:00.29
# Mc/sec: 1023.17
//
Query:       orf3  [L=140]
Description: source=IMGVR_UViG_3300010260_000142_3300010260_Ga0129315_1001305/8593-10294 coords=1074..655 length=140 frame=5 desc=
Scores for complete sequence (score includes all domains):
   --- full sequence ---   --- best 1 domain ---    -#dom-
    E-value  score  bias    E-value  score  bias    exp  N  Model    Description
    ------- ------ -----    ------- ------ -----   ---- --  -------- -----------

   [No hits detected that satisfy reporting thresholds]


Domain annotation for each model (and alignments):

   [No targets detected that satisfy reporting thresholds]


Internal pipeline statistics summary:
-------------------------------------
Query sequence(s):                         1  (140 residues searched)
Target model(s):                       19632  (3329936 nodes)
Passed MSV filter:                       346  (0.0176243); expected 392.6 (0.02)
Passed bias filter:                      223  (0.011359); expected 392.6 (0.02)
Passed Vit filter:                        12  (0.000611247); expected 19.6 (0.001)
Passed Fwd filter:                         0  (0); expected 0.2 (1e-05)
Initial search space (Z):              19632  [actual number of targets]
Domain search space  (domZ):               0  [number of targets reported over threshold]
# CPU time: 0.27u 0.16s 00:00:00.43 Elapsed: 00:00:00.30
# Mc/sec: 1551.11
//
Query:       orf4  [L=109]
Description: source=IMGVR_UViG_3300010260_000142_3300010260_Ga0129315_1001305/8593-10294 coords=327..1 length=109 frame=5 desc=
Scores for complete sequence (score includes all domains):
   --- full sequence ---   --- best 1 domain ---    -#dom-
    E-value  score  bias    E-value  score  bias    exp  N  Model    Description
    ------- ------ -----    ------- ------ -----   ---- --  -------- -----------
  ------ inclusion threshold ------
      0.053   13.8   0.2      0.067   13.5   0.2    1.2  1  DUF2243   Predicted membrane protein (DUF2243)


Domain annotation for each model (and alignments):
>> DUF2243  Predicted membrane protein (DUF2243)
   #    score  bias  c-Evalue  i-Evalue hmmfrom  hmm to    alifrom  ali to    envfrom  env to     acc
 ---   ------ ----- --------- --------- ------- -------    ------- -------    ------- -------    ----
   1 ?   13.5   0.2   3.4e-06     0.067      59     124 ..       9      82 ..       2      96 .. 0.73

  Alignments for each domain:
  == domain 1  score: 13.5 bits;  conditional E-value: 3.4e-06
  DUF2243  59 vaglvllararrredvalssrallgavllG........aGlFnlvdgvvdHkllgiHqvregeeqllydlvfla 124
              ++g+++  + ++r+d   ++++ l +vl+G        +G+F +vd +v+H++ ++ + r  ++ +++ l+f++
     orf4   9 TVGVIFCLQFNQRSDGISNGNHTLNSVLCGcrylhrshTGIFTIVDFIVHHRIGKVSHCRVCRNRIIFLLQFFL 82 
              556666666666666777777777777777444444445**********************8889999888764 PP



Internal pipeline statistics summary:
-------------------------------------
Query sequence(s):                         1  (109 residues searched)
Target model(s):                       19632  (3329936 nodes)
Passed MSV filter:                       652  (0.0332111); expected 392.6 (0.02)
Passed bias filter:                      197  (0.0100346); expected 392.6 (0.02)
Passed Vit filter:                        17  (0.000865933); expected 19.6 (0.001)
Passed Fwd filter:                         1  (5.09372e-05); expected 0.2 (1e-05)
Initial search space (Z):              19632  [actual number of targets]
Domain search space  (domZ):               1  [number of targets reported over threshold]
# CPU time: 0.28u 0.18s 00:00:00.46 Elapsed: 00:00:00.32
# Mc/sec: 1132.97
//
[ok]
