# hmmscan :: search sequence(s) against a profile database
# HMMER 3.3.2 (Nov 2020); http://hmmer.org/
# Copyright (C) 2020 Howard Hughes Medical Institute.
# Freely distributed under the BSD open source license.
# - - - - - - - - - - - - - - - - - - - - - - - - - - - - - - - - - - - -
# query sequence file:             -
# target HMM database:             /n/eddy_lab/data/pfam-35.0/Pfam-A.hmm
# output directed to file:         ./all_windows_new/hmmscan/out/IMGVR_UViG_3300029875_000248_3300029875_Ga0245324_102175_hmmscan_output.out
# per-seq hits tabular output:     ./all_windows_new/hmmscan/tblout/IMGVR_UViG_3300029875_000248_3300029875_Ga0245324_102175_hmmscan_output.tblout
# - - - - - - - - - - - - - - - - - - - - - - - - - - - - - - - - - - - -

Query:       orf1  [L=475]
Description: source=IMGVR_UViG_3300029875_000248_3300029875_Ga0245324_102175/1797-96 coords=3..1427 length=475 frame=3 desc=
Scores for complete sequence (score includes all domains):
   --- full sequence ---   --- best 1 domain ---    -#dom-
    E-value  score  bias    E-value  score  bias    exp  N  Model    Description
    ------- ------ -----    ------- ------ -----   ---- --  -------- -----------
  ------ inclusion threshold ------
       0.16   11.9   0.1        1.3    8.9   0.0    2.5  3  DEAD      DEAD/DEAH box helicase


Domain annotation for each model (and alignments):
>> DEAD  DEAD/DEAH box helicase
   #    score  bias  c-Evalue  i-Evalue hmmfrom  hmm to    alifrom  ali to    envfrom  env to     acc
 ---   ------ ----- --------- --------- ------- -------    ------- -------    ------- -------    ----
   1 ?   -2.1   0.0      0.16   3.1e+03      82     128 ..       9      62 ..       4      90 .. 0.66
   2 ?   -1.1   0.1     0.075   1.5e+03      90     129 ..     328     370 ..     294     394 .. 0.59
   3 ?    8.9   0.0   6.7e-05       1.3       2      29 ..     445     472 ..     444     475 .] 0.93

  Alignments for each domain:
  == domain 1  score: -2.1 bits;  conditional E-value: 0.16
           ESTSSHHHHHHHHHHTCSEEEESHHHHHHHH..HCTSSH.......HTTEEEEEEE CS
           xxxxxxxxxxxxxxxxxxxxxxxxxxxxxxx..xxxxxx.......xxxxxxxxxx RF
  DEAD  82 iggvaardqlskldngvdivvgtpgrlddll..stgkln.......lsqvrflVlD 128
           i g + ++ql++  ++++  ++  +r dd l  s  + +       +++++f V+D
  orf1   9 IAGADLSEQLRDAMANIHGSITEYEREDDELseS--TAEsipadpdVRNFSFTVVD 62 
           5566666777777677888888888888866442..22222344557777777777 PP

  == domain 2  score: -1.1 bits;  conditional E-value: 0.075
           HHHHHHHT..CSEEEESHHHHHHHHHCTSSHHTTEEE..EEEET CS
           xxxxxxxx..xxxxxxxxxxxxxxxxxxxxxxxxxxx..xxxxx RF
  DEAD  90 qlskldng..vdivvgtpgrlddllstgklnlsqvrf..lVlDE 129
           + ++  n+  + +++gt    +  + +++lnl++vr+   V DE
  orf1 328 KNADY-NNvaAGVTYGTNRINAYKIIEETLNLKDVRIfdTVTDE 370
           33333.33456677777755555445688899999986667777 PP

  == domain 3  score: 8.9 bits;  conditional E-value: 6.7e-05
           HHHHHHHHHHHTTHEEEEEESTTSSHHH CS
           xxxxxxxxxxxxxxxxxxxxxxxxxxxx RF
  DEAD   2 diQaeaiplilgggdvlvaaeTGsGKTl 29 
           + Q +ai  il gg+ l+a  +G+GK++
  orf1 445 PHQVNAIARILYGGNTLLAHVVGAGKSA 472
           789***********************97 PP



Internal pipeline statistics summary:
-------------------------------------
Query sequence(s):                         1  (475 residues searched)
Target model(s):                       19632  (3329936 nodes)
Passed MSV filter:                       804  (0.0409535); expected 392.6 (0.02)
Passed bias filter:                      546  (0.0278117); expected 392.6 (0.02)
Passed Vit filter:                        40  (0.00203749); expected 19.6 (0.001)
Passed Fwd filter:                         1  (5.09372e-05); expected 0.2 (1e-05)
Initial search space (Z):              19632  [actual number of targets]
Domain search space  (domZ):               1  [number of targets reported over threshold]
# CPU time: 0.38u 0.23s 00:00:00.61 Elapsed: 00:00:00.38
# Mc/sec: 4073.68
//
Query:       orf2  [L=105]
Description: source=IMGVR_UViG_3300029875_000248_3300029875_Ga0245324_102175/1797-96 coords=1220..1534 length=105 frame=2 desc=
Scores for complete sequence (score includes all domains):
   --- full sequence ---   --- best 1 domain ---    -#dom-
    E-value  score  bias    E-value  score  bias    exp  N  Model    Description
    ------- ------ -----    ------- ------ -----   ---- --  -------- -----------

   [No hits detected that satisfy reporting thresholds]


Domain annotation for each model (and alignments):

   [No targets detected that satisfy reporting thresholds]


Internal pipeline statistics summary:
-------------------------------------
Query sequence(s):                         1  (105 residues searched)
Target model(s):                       19632  (3329936 nodes)
Passed MSV filter:                       219  (0.0111553); expected 392.6 (0.02)
Passed bias filter:                      164  (0.00835371); expected 392.6 (0.02)
Passed Vit filter:                        12  (0.000611247); expected 19.6 (0.001)
Passed Fwd filter:                         0  (0); expected 0.2 (1e-05)
Initial search space (Z):              19632  [actual number of targets]
Domain search space  (domZ):               0  [number of targets reported over threshold]
# CPU time: 0.29u 0.18s 00:00:00.47 Elapsed: 00:00:00.34
# Mc/sec: 1019.66
//
Query:       orf3  [L=102]
Description: source=IMGVR_UViG_3300029875_000248_3300029875_Ga0245324_102175/1797-96 coords=1611..1306 length=102 frame=5 desc=
Scores for complete sequence (score includes all domains):
   --- full sequence ---   --- best 1 domain ---    -#dom-
    E-value  score  bias    E-value  score  bias    exp  N  Model    Description
    ------- ------ -----    ------- ------ -----   ---- --  -------- -----------

   [No hits detected that satisfy reporting thresholds]


Domain annotation for each model (and alignments):

   [No targets detected that satisfy reporting thresholds]


Internal pipeline statistics summary:
-------------------------------------
Query sequence(s):                         1  (102 residues searched)
Target model(s):                       19632  (3329936 nodes)
Passed MSV filter:                       367  (0.018694); expected 392.6 (0.02)
Passed bias filter:                      220  (0.0112062); expected 392.6 (0.02)
Passed Vit filter:                        20  (0.00101874); expected 19.6 (0.001)
Passed Fwd filter:                         0  (0); expected 0.2 (1e-05)
Initial search space (Z):              19632  [actual number of targets]
Domain search space  (domZ):               0  [number of targets reported over threshold]
# CPU time: 0.30u 0.21s 00:00:00.51 Elapsed: 00:00:00.37
# Mc/sec: 898.75
//
Query:       orf4  [L=123]
Description: source=IMGVR_UViG_3300029875_000248_3300029875_Ga0245324_102175/1797-96 coords=1439..1071 length=123 frame=6 desc=
Scores for complete sequence (score includes all domains):
   --- full sequence ---   --- best 1 domain ---    -#dom-
    E-value  score  bias    E-value  score  bias    exp  N  Model    Description
    ------- ------ -----    ------- ------ -----   ---- --  -------- -----------

   [No hits detected that satisfy reporting thresholds]


Domain annotation for each model (and alignments):

   [No targets detected that satisfy reporting thresholds]


Internal pipeline statistics summary:
-------------------------------------
Query sequence(s):                         1  (123 residues searched)
Target model(s):                       19632  (3329936 nodes)
Passed MSV filter:                       321  (0.0163509); expected 392.6 (0.02)
Passed bias filter:                      261  (0.0132946); expected 392.6 (0.02)
Passed Vit filter:                        16  (0.000814996); expected 19.6 (0.001)
Passed Fwd filter:                         0  (0); expected 0.2 (1e-05)
Initial search space (Z):              19632  [actual number of targets]
Domain search space  (domZ):               0  [number of targets reported over threshold]
# CPU time: 0.30u 0.20s 00:00:00.50 Elapsed: 00:00:00.36
# Mc/sec: 1108.26
//
Query:       orf5  [L=110]
Description: source=IMGVR_UViG_3300029875_000248_3300029875_Ga0245324_102175/1797-96 coords=775..446 length=110 frame=4 desc=
Scores for complete sequence (score includes all domains):
   --- full sequence ---   --- best 1 domain ---    -#dom-
    E-value  score  bias    E-value  score  bias    exp  N  Model         Description
    ------- ------ -----    ------- ------ -----   ---- --  --------      -----------
  ------ inclusion threshold ------
       0.13   13.1   1.8       0.15   12.9   0.2    1.8  2  Ribosomal_S12  Ribosomal protein S12


Domain annotation for each model (and alignments):
>> Ribosomal_S12  Ribosomal protein S12
   #    score  bias  c-Evalue  i-Evalue hmmfrom  hmm to    alifrom  ali to    envfrom  env to     acc
 ---   ------ ----- --------- --------- ------- -------    ------- -------    ------- -------    ----
   1 ?   -0.7   0.1      0.14   2.8e+03      14      33 ..      23      42 ..      14      62 .. 0.53
   2 ?   12.9   0.2   7.8e-06      0.15      10      32 ..      78     100 ..      71     106 .. 0.87

  Alignments for each domain:
  == domain 1  score: -0.7 bits;  conditional E-value: 0.14
  Ribosomal_S12 14 vrflllllvlyvsprlpssG 33
                   v +++++ +  ++p   s+ 
           orf5 23 VSYCFVVGLRKITPVSSSAS 42
                   45555555555555444333 PP

  == domain 2  score: 12.9 bits;  conditional E-value: 7.8e-06
  Ribosomal_S12  10 yGlcvrflllllvlyvsprlpss 32 
                      lc+r++l++ +  + prlp s
           orf5  78 TTLCCRIVLFVNISALRPRLPFS 100
                    579******************77 PP



Internal pipeline statistics summary:
-------------------------------------
Query sequence(s):                         1  (110 residues searched)
Target model(s):                       19632  (3329936 nodes)
Passed MSV filter:                       375  (0.0191015); expected 392.6 (0.02)
Passed bias filter:                      189  (0.00962714); expected 392.6 (0.02)
Passed Vit filter:                        12  (0.000611247); expected 19.6 (0.001)
Passed Fwd filter:                         1  (5.09372e-05); expected 0.2 (1e-05)
Initial search space (Z):              19632  [actual number of targets]
Domain search space  (domZ):               1  [number of targets reported over threshold]
# CPU time: 0.28u 0.18s 00:00:00.46 Elapsed: 00:00:00.34
# Mc/sec: 1074.54
//
Query:       orf6  [L=149]
Description: source=IMGVR_UViG_3300029875_000248_3300029875_Ga0245324_102175/1797-96 coords=449..3 length=149 frame=6 desc=
Scores for complete sequence (score includes all domains):
   --- full sequence ---   --- best 1 domain ---    -#dom-
    E-value  score  bias    E-value  score  bias    exp  N  Model    Description
    ------- ------ -----    ------- ------ -----   ---- --  -------- -----------

   [No hits detected that satisfy reporting thresholds]


Domain annotation for each model (and alignments):

   [No targets detected that satisfy reporting thresholds]


Internal pipeline statistics summary:
-------------------------------------
Query sequence(s):                         1  (149 residues searched)
Target model(s):                       19632  (3329936 nodes)
Passed MSV filter:                       316  (0.0160962); expected 392.6 (0.02)
Passed bias filter:                      254  (0.0129381); expected 392.6 (0.02)
Passed Vit filter:                        22  (0.00112062); expected 19.6 (0.001)
Passed Fwd filter:                         0  (0); expected 0.2 (1e-05)
Initial search space (Z):              19632  [actual number of targets]
Domain search space  (domZ):               0  [number of targets reported over threshold]
# CPU time: 0.30u 0.18s 00:00:00.48 Elapsed: 00:00:00.35
# Mc/sec: 1415.10
//
[ok]
