# hmmscan :: search sequence(s) against a profile database
# HMMER 3.3.2 (Nov 2020); http://hmmer.org/
# Copyright (C) 2020 Howard Hughes Medical Institute.
# Freely distributed under the BSD open source license.
# - - - - - - - - - - - - - - - - - - - - - - - - - - - - - - - - - - - -
# query sequence file:             -
# target HMM database:             /n/eddy_lab/data/pfam-35.0/Pfam-A.hmm
# output directed to file:         ./all_windows_new/hmmscan/out/IMGVR_UViG_3300014800_000139_3300014800_Ga0134399_1002706_hmmscan_output.out
# per-seq hits tabular output:     ./all_windows_new/hmmscan/tblout/IMGVR_UViG_3300014800_000139_3300014800_Ga0134399_1002706_hmmscan_output.tblout
# - - - - - - - - - - - - - - - - - - - - - - - - - - - - - - - - - - - -

Query:       orf1  [L=261]
Description: source=IMGVR_UViG_3300014800_000139_3300014800_Ga0134399_1002706/2346-750 coords=1..783 length=261 frame=1 desc=
Scores for complete sequence (score includes all domains):
   --- full sequence ---   --- best 1 domain ---    -#dom-
    E-value  score  bias    E-value  score  bias    exp  N  Model    Description
    ------- ------ -----    ------- ------ -----   ---- --  -------- -----------
  ------ inclusion threshold ------
      0.022   14.4   0.0      0.031   13.9   0.0    1.2  1  AAA_25    AAA domain
       0.11   12.6   0.0       0.24   11.5   0.0    1.5  1  DUF4743   Domain of unknown function (DUF4743)


Domain annotation for each model (and alignments):
>> AAA_25  AAA domain
   #    score  bias  c-Evalue  i-Evalue hmmfrom  hmm to    alifrom  ali to    envfrom  env to     acc
 ---   ------ ----- --------- --------- ------- -------    ------- -------    ------- -------    ----
   1 ?   13.9   0.0   3.2e-06     0.031     128     193 ..      41     105 ..      12     106 .. 0.87

  Alignments for each domain:
  == domain 1  score: 13.9 bits;  conditional E-value: 3.2e-06
  AAA_25 128 adveeleaaleevedvrlvviDplsralggdendnsdvgrlvkaldrlarrtgatvllvhHvgKeg 193
             + ++ +++a+ ++e+v+lvviD ++ ++  d n++++ ++++  l  +  + + ++  + H +K++
    orf1  41 ERIAIVREAIYRTENVGLVVIDGIRDMVY-DINSSGESTKVISLLMTWTGERNIHIHTILHQNKGD 105
             556678999*****************874.89999999***********************99976 PP

>> DUF4743  Domain of unknown function (DUF4743)
   #    score  bias  c-Evalue  i-Evalue hmmfrom  hmm to    alifrom  ali to    envfrom  env to     acc
 ---   ------ ----- --------- --------- ------- -------    ------- -------    ------- -------    ----
   1 ?   11.5   0.0   2.4e-05      0.24      63     108 ..      38      82 ..      26      86 .. 0.90

  Alignments for each domain:
  == domain 1  score: 11.5 bits;  conditional E-value: 2.4e-05
              SHHHHHHHHHHHHHHHHHTT...SS----S-EEEE-SSTTS---EE CS
  DUF4743  63 tyeeRtaaveevleelreegsfvalkgwrdElYeVkasfsdppllk 108
              t+eeR a v+e + + ++ g +v+++g+rd  Y++++s +++++++
     orf1  38 TPEERIAIVREAIYRTENVG-LVVIDGIRDMVYDINSSGESTKVIS 82 
              89**************9999.****************999888876 PP



Internal pipeline statistics summary:
-------------------------------------
Query sequence(s):                         1  (261 residues searched)
Target model(s):                       19632  (3329936 nodes)
Passed MSV filter:                       608  (0.0309698); expected 392.6 (0.02)
Passed bias filter:                      493  (0.0251121); expected 392.6 (0.02)
Passed Vit filter:                        43  (0.0021903); expected 19.6 (0.001)
Passed Fwd filter:                         2  (0.000101874); expected 0.2 (1e-05)
Initial search space (Z):              19632  [actual number of targets]
Domain search space  (domZ):               2  [number of targets reported over threshold]
# CPU time: 0.29u 0.17s 00:00:00.46 Elapsed: 00:00:00.31
# Mc/sec: 2792.48
//
Query:       orf2  [L=90]
Description: source=IMGVR_UViG_3300014800_000139_3300014800_Ga0134399_1002706/2346-750 coords=1212..1481 length=90 frame=3 desc=
Scores for complete sequence (score includes all domains):
   --- full sequence ---   --- best 1 domain ---    -#dom-
    E-value  score  bias    E-value  score  bias    exp  N  Model          Description
    ------- ------ -----    ------- ------ -----   ---- --  --------       -----------
     0.0046   17.0   3.5      0.023   14.7   3.5    2.1  1  Ribosomal_L40e  Ribosomal L40e family


Domain annotation for each model (and alignments):
>> Ribosomal_L40e  Ribosomal L40e family
   #    score  bias  c-Evalue  i-Evalue hmmfrom  hmm to    alifrom  ali to    envfrom  env to     acc
 ---   ------ ----- --------- --------- ------- -------    ------- -------    ------- -------    ----
   1 !   14.7   3.5   1.2e-06     0.023      10      30 ..      69      89 ..      51      90 .] 0.91

  Alignments for each domain:
  == domain 1  score: 14.7 bits;  conditional E-value: 1.2e-06
  Ribosomal_L40e 10 qKyncdKmiCrkCYArlppra 30
                    +K++    +C kCYA+ + +a
            orf2 69 EKHRKTLVVCEKCYAKIHSHA 89
                    7999999***********998 PP



Internal pipeline statistics summary:
-------------------------------------
Query sequence(s):                         1  (90 residues searched)
Target model(s):                       19632  (3329936 nodes)
Passed MSV filter:                       629  (0.0320395); expected 392.6 (0.02)
Passed bias filter:                      343  (0.0174715); expected 392.6 (0.02)
Passed Vit filter:                        31  (0.00157905); expected 19.6 (0.001)
Passed Fwd filter:                         1  (5.09372e-05); expected 0.2 (1e-05)
Initial search space (Z):              19632  [actual number of targets]
Domain search space  (domZ):               1  [number of targets reported over threshold]
# CPU time: 0.28u 0.15s 00:00:00.43 Elapsed: 00:00:00.29
# Mc/sec: 1001.20
//
Query:       orf3  [L=91]
Description: source=IMGVR_UViG_3300014800_000139_3300014800_Ga0134399_1002706/2346-750 coords=1325..1053 length=91 frame=6 desc=
Scores for complete sequence (score includes all domains):
   --- full sequence ---   --- best 1 domain ---    -#dom-
    E-value  score  bias    E-value  score  bias    exp  N  Model    Description
    ------- ------ -----    ------- ------ -----   ---- --  -------- -----------

   [No hits detected that satisfy reporting thresholds]


Domain annotation for each model (and alignments):

   [No targets detected that satisfy reporting thresholds]


Internal pipeline statistics summary:
-------------------------------------
Query sequence(s):                         1  (91 residues searched)
Target model(s):                       19632  (3329936 nodes)
Passed MSV filter:                       304  (0.0154849); expected 392.6 (0.02)
Passed bias filter:                      180  (0.0091687); expected 392.6 (0.02)
Passed Vit filter:                        14  (0.000713121); expected 19.6 (0.001)
Passed Fwd filter:                         0  (0); expected 0.2 (1e-05)
Initial search space (Z):              19632  [actual number of targets]
Domain search space  (domZ):               0  [number of targets reported over threshold]
# CPU time: 0.26u 0.16s 00:00:00.42 Elapsed: 00:00:00.29
# Mc/sec: 1011.77
//
Query:       orf4  [L=111]
Description: source=IMGVR_UViG_3300014800_000139_3300014800_Ga0134399_1002706/2346-750 coords=1099..767 length=111 frame=4 desc=
Scores for complete sequence (score includes all domains):
   --- full sequence ---   --- best 1 domain ---    -#dom-
    E-value  score  bias    E-value  score  bias    exp  N  Model    Description
    ------- ------ -----    ------- ------ -----   ---- --  -------- -----------
  ------ inclusion threshold ------
      0.041   14.2   1.1      0.066   13.6   1.1    1.3  1  Megourin  Aphid Megourins


Domain annotation for each model (and alignments):
>> Megourin  Aphid Megourins
   #    score  bias  c-Evalue  i-Evalue hmmfrom  hmm to    alifrom  ali to    envfrom  env to     acc
 ---   ------ ----- --------- --------- ------- -------    ------- -------    ------- -------    ----
   1 ?   13.6   1.1   3.4e-06     0.066      25      59 ..       3      37 ..       1      39 [. 0.82

  Alignments for each domain:
  == domain 1  score: 13.6 bits;  conditional E-value: 3.4e-06
  Megourin 25 tcqiGcraacqqpGcgGykeceqipni...rlhkyrch 59
              tc iGc  a   pGc+  +ec  ip      lh y c 
      orf4  3 TCTIGCLPAV-LPGCS--QECADIPLCvfaSLHSYSCR 37
              9*****9886.6***9..7******6423379999996 PP



Internal pipeline statistics summary:
-------------------------------------
Query sequence(s):                         1  (111 residues searched)
Target model(s):                       19632  (3329936 nodes)
Passed MSV filter:                       338  (0.0172168); expected 392.6 (0.02)
Passed bias filter:                      203  (0.0103403); expected 392.6 (0.02)
Passed Vit filter:                        16  (0.000814996); expected 19.6 (0.001)
Passed Fwd filter:                         1  (5.09372e-05); expected 0.2 (1e-05)
Initial search space (Z):              19632  [actual number of targets]
Domain search space  (domZ):               1  [number of targets reported over threshold]
# CPU time: 0.27u 0.16s 00:00:00.43 Elapsed: 00:00:00.30
# Mc/sec: 1205.75
//
Query:       orf5  [L=269]
Description: source=IMGVR_UViG_3300014800_000139_3300014800_Ga0134399_1002706/2346-750 coords=807..1 length=269 frame=5 desc=
Scores for complete sequence (score includes all domains):
   --- full sequence ---   --- best 1 domain ---    -#dom-
    E-value  score  bias    E-value  score  bias    exp  N  Model    Description
    ------- ------ -----    ------- ------ -----   ---- --  -------- -----------
  ------ inclusion threshold ------
      0.027   14.4   0.1      0.046   13.7   0.1    1.3  1  SCAN      SCAN domain


Domain annotation for each model (and alignments):
>> SCAN  SCAN domain
   #    score  bias  c-Evalue  i-Evalue hmmfrom  hmm to    alifrom  ali to    envfrom  env to     acc
 ---   ------ ----- --------- --------- ------- -------    ------- -------    ------- -------    ----
   1 ?   13.7   0.1   2.3e-06     0.046      44      72 ..      99     128 ..      97     131 .. 0.86

  Alignments for each domain:
  == domain 1  score: 13.7 bits;  conditional E-value: 2.3e-06
  SCAN  44 ilellvLEqFltilpeelqa.wvrekkpes 72 
           +lel+vL qF ++lp + ++ w++ ++p  
  orf5  99 VLELVVLQQFGQCLPVDAKSkWLEVHCPDM 128
           79*************998754899888876 PP



Internal pipeline statistics summary:
-------------------------------------
Query sequence(s):                         1  (269 residues searched)
Target model(s):                       19632  (3329936 nodes)
Passed MSV filter:                       233  (0.0118684); expected 392.6 (0.02)
Passed bias filter:                      213  (0.0108496); expected 392.6 (0.02)
Passed Vit filter:                        12  (0.000611247); expected 19.6 (0.001)
Passed Fwd filter:                         1  (5.09372e-05); expected 0.2 (1e-05)
Initial search space (Z):              19632  [actual number of targets]
Domain search space  (domZ):               1  [number of targets reported over threshold]
# CPU time: 0.31u 0.14s 00:00:00.45 Elapsed: 00:00:00.29
# Mc/sec: 3024.65
//
[ok]
