# hmmscan :: search sequence(s) against a profile database
# HMMER 3.3.2 (Nov 2020); http://hmmer.org/
# Copyright (C) 2020 Howard Hughes Medical Institute.
# Freely distributed under the BSD open source license.
# - - - - - - - - - - - - - - - - - - - - - - - - - - - - - - - - - - - -
# query sequence file:             -
# target HMM database:             /n/eddy_lab/data/pfam-35.0/Pfam-A.hmm
# output directed to file:         ./all_windows_new/hmmscan/out/IMGVR_UViG_3300045988_110012_3300045988_Ga0495776_113504_hmmscan_output.out
# per-seq hits tabular output:     ./all_windows_new/hmmscan/tblout/IMGVR_UViG_3300045988_110012_3300045988_Ga0495776_113504_hmmscan_output.tblout
# - - - - - - - - - - - - - - - - - - - - - - - - - - - - - - - - - - - -

Query:       orf1  [L=92]
Description: source=IMGVR_UViG_3300045988_110012_3300045988_Ga0495776_113504/25857-24154 coords=536..811 length=92 frame=2 desc=
Scores for complete sequence (score includes all domains):
   --- full sequence ---   --- best 1 domain ---    -#dom-
    E-value  score  bias    E-value  score  bias    exp  N  Model    Description
    ------- ------ -----    ------- ------ -----   ---- --  -------- -----------

   [No hits detected that satisfy reporting thresholds]


Domain annotation for each model (and alignments):

   [No targets detected that satisfy reporting thresholds]


Internal pipeline statistics summary:
-------------------------------------
Query sequence(s):                         1  (92 residues searched)
Target model(s):                       19632  (3329936 nodes)
Passed MSV filter:                       682  (0.0347392); expected 392.6 (0.02)
Passed bias filter:                      224  (0.0114099); expected 392.6 (0.02)
Passed Vit filter:                        17  (0.000865933); expected 19.6 (0.001)
Passed Fwd filter:                         0  (0); expected 0.2 (1e-05)
Initial search space (Z):              19632  [actual number of targets]
Domain search space  (domZ):               0  [number of targets reported over threshold]
# CPU time: 0.28u 0.23s 00:00:00.51 Elapsed: 00:00:00.37
# Mc/sec: 814.96
//
Query:       orf2  [L=296]
Description: source=IMGVR_UViG_3300045988_110012_3300045988_Ga0495776_113504/25857-24154 coords=369..1256 length=296 frame=3 desc=
Scores for complete sequence (score includes all domains):
   --- full sequence ---   --- best 1 domain ---    -#dom-
    E-value  score  bias    E-value  score  bias    exp  N  Model    Description
    ------- ------ -----    ------- ------ -----   ---- --  -------- -----------

   [No hits detected that satisfy reporting thresholds]


Domain annotation for each model (and alignments):

   [No targets detected that satisfy reporting thresholds]


Internal pipeline statistics summary:
-------------------------------------
Query sequence(s):                         1  (296 residues searched)
Target model(s):                       19632  (3329936 nodes)
Passed MSV filter:                       452  (0.0230236); expected 392.6 (0.02)
Passed bias filter:                      221  (0.0112571); expected 392.6 (0.02)
Passed Vit filter:                        21  (0.00106968); expected 19.6 (0.001)
Passed Fwd filter:                         3  (0.000152812); expected 0.2 (1e-05)
Initial search space (Z):              19632  [actual number of targets]
Domain search space  (domZ):               0  [number of targets reported over threshold]
# CPU time: 0.35u 0.20s 00:00:00.55 Elapsed: 00:00:00.36
# Mc/sec: 2668.14
//
Query:       orf3  [L=483]
Description: source=IMGVR_UViG_3300045988_110012_3300045988_Ga0495776_113504/25857-24154 coords=1..1449 length=483 frame=1 desc=
Scores for complete sequence (score includes all domains):
   --- full sequence ---   --- best 1 domain ---    -#dom-
    E-value  score  bias    E-value  score  bias    exp  N  Model    Description
    ------- ------ -----    ------- ------ -----   ---- --  -------- -----------
    2.4e-26   93.2   0.2    4.4e-26   92.3   0.2    1.4  1  LPD38     Large polyvalent protein associated domain 38
  ------ inclusion threshold ------
        0.1   12.8   1.5       0.52   10.6   1.4    2.3  2  DUF1542   Domain of Unknown Function (DUF1542)
        3.1    8.0   5.1         32    4.7   0.1    3.4  3  DUF2680   Protein of unknown function (DUF2680)


Domain annotation for each model (and alignments):
>> LPD38  Large polyvalent protein associated domain 38
   #    score  bias  c-Evalue  i-Evalue hmmfrom  hmm to    alifrom  ali to    envfrom  env to     acc
 ---   ------ ----- --------- --------- ------- -------    ------- -------    ------- -------    ----
   1 !   92.3   0.2   6.7e-30   4.4e-26       1     176 [.     122     286 ..     122     296 .. 0.87

  Alignments for each domain:
  == domain 1  score: 92.3 bits;  conditional E-value: 6.7e-30
  LPD38   1 derYkklpdyekdrnwiipi....GdgkflriPkPfelgrvfatigerlleaarddedpkaaerladslmdafsPggsgsalqsliptvlkPlvevat.nkn.. 97 
            d++++++p  +k ++++i      Gdg++++iPk+  + +v++t++    e ++   ++  ++++ + + ++++P      +  +  ++++ ++++   n +  
   orf3 122 DDEWDDIPANTKANYYLINAgklfGDGYWIKIPKGRAI-AVLSTAAVYGKEKID--GEDVKFSDVFEVIKSNIAP------TDIFNQNIATAWTQAKLtNPDnp 216
            79******************999***********7777.777777777777776..555579999999*******......77777778888888887765567 PP

  LPD38  98 ...ftGapIvpeelenlppelqytestselykalaealneatgeyepglidvsPekleylvrgytGglgrfvlkltdaaaae 176
               ++G++I++++l+n  pe++y+e+t+el+ka+++ +            +vsP+k++yl+++ytG +g+++l+l+++a+++
   orf3 217 gttWYGGNIESDRLQNYRPEDRYDEKTDELSKAIGKLF------------KVSPKKVNYLLDQYTGVIGDLLLPLITPATKS 286
            777***********************************............9*************************966654 PP

>> DUF1542  Domain of Unknown Function (DUF1542)
   #    score  bias  c-Evalue  i-Evalue hmmfrom  hmm to    alifrom  ali to    envfrom  env to     acc
 ---   ------ ----- --------- --------- ------- -------    ------- -------    ------- -------    ----
   1 ?   -2.9   0.0       1.2   8.2e+03      48      61 ..      84      97 ..      77     102 .. 0.83
   2 ?   10.6   1.4     8e-05      0.52       7      49 ..     342     383 ..     338     396 .. 0.82

  Alignments for each domain:
  == domain 1  score: -2.9 bits;  conditional E-value: 1.2
  DUF1542 48 nInqattnaeVeta 61
              I +at + +V+ a
     orf3 84 FIRNATETRSVKAA 97
             59999999999876 PP

  == domain 2  score: 10.6 bits;  conditional E-value: 8e-05
  DUF1542   7 aaIdqaadekkneInnnsdaTneEKqeainkvnaakneaknnI 49 
              +++++++ +++ +I+n + +++ EK+  ++ ++a++ e +++I
     orf3 342 DEVNDYY-QQIRAIQNDKSLSDGEKNRIVRALKAQLIERQKEI 383
              6666666.68999********************9988777776 PP

>> DUF2680  Protein of unknown function (DUF2680)
   #    score  bias  c-Evalue  i-Evalue hmmfrom  hmm to    alifrom  ali to    envfrom  env to     acc
 ---   ------ ----- --------- --------- ------- -------    ------- -------    ------- -------    ----
   1 ?    1.1   0.0     0.068   4.5e+02       7      21 ..     342     356 ..     341     357 .. 0.88
   2 ?    1.7   0.7     0.046     3e+02      10      24 ..     370     384 ..     365     386 .. 0.88
   3 ?    4.7   0.1     0.005        32      25      52 ..     413     440 ..     410     444 .. 0.82

  Alignments for each domain:
  == domain 1  score: 1.1 bits;  conditional E-value: 0.068
  DUF2680   7 keleaLykqiaelrK 21 
              +e++++y+qi  +++
     orf3 342 DEVNDYYQQIRAIQN 356
              799*******99986 PP

  == domain 2  score: 1.7 bits;  conditional E-value: 0.046
  DUF2680  10 eaLykqiaelrKqiv 24 
               aL++q  e +K+i+
     orf3 370 RALKAQLIERQKEII 384
              69************9 PP

  == domain 3  score: 4.7 bits;  conditional E-value: 0.005
  DUF2680  25 dKyVeaGliTkeqgeaikkniDkrleyr 52 
                y+e  +iT++q+e   + i  r+ +r
     orf3 413 AEYAERYEITEDQAESRMDAIVYREANR 440
              56888889*******9999987777776 PP



Internal pipeline statistics summary:
-------------------------------------
Query sequence(s):                         1  (483 residues searched)
Target model(s):                       19632  (3329936 nodes)
Passed MSV filter:                       833  (0.0424307); expected 392.6 (0.02)
Passed bias filter:                      567  (0.0288814); expected 392.6 (0.02)
Passed Vit filter:                        72  (0.00366748); expected 19.6 (0.001)
Passed Fwd filter:                         3  (0.000152812); expected 0.2 (1e-05)
Initial search space (Z):              19632  [actual number of targets]
Domain search space  (domZ):               3  [number of targets reported over threshold]
# CPU time: 0.37u 0.17s 00:00:00.54 Elapsed: 00:00:00.32
# Mc/sec: 4878.52
//
Query:       orf4  [L=90]
Description: source=IMGVR_UViG_3300045988_110012_3300045988_Ga0495776_113504/25857-24154 coords=1184..1453 length=90 frame=2 desc=
Scores for complete sequence (score includes all domains):
   --- full sequence ---   --- best 1 domain ---    -#dom-
    E-value  score  bias    E-value  score  bias    exp  N  Model    Description
    ------- ------ -----    ------- ------ -----   ---- --  -------- -----------

   [No hits detected that satisfy reporting thresholds]


Domain annotation for each model (and alignments):

   [No targets detected that satisfy reporting thresholds]


Internal pipeline statistics summary:
-------------------------------------
Query sequence(s):                         1  (90 residues searched)
Target model(s):                       19632  (3329936 nodes)
Passed MSV filter:                       443  (0.0225652); expected 392.6 (0.02)
Passed bias filter:                      192  (0.00977995); expected 392.6 (0.02)
Passed Vit filter:                        10  (0.000509372); expected 19.6 (0.001)
Passed Fwd filter:                         1  (5.09372e-05); expected 0.2 (1e-05)
Initial search space (Z):              19632  [actual number of targets]
Domain search space  (domZ):               0  [number of targets reported over threshold]
# CPU time: 0.28u 0.14s 00:00:00.42 Elapsed: 00:00:00.30
# Mc/sec: 989.33
//
Query:       orf5  [L=99]
Description: source=IMGVR_UViG_3300045988_110012_3300045988_Ga0495776_113504/25857-24154 coords=1260..1556 length=99 frame=3 desc=
Scores for complete sequence (score includes all domains):
   --- full sequence ---   --- best 1 domain ---    -#dom-
    E-value  score  bias    E-value  score  bias    exp  N  Model    Description
    ------- ------ -----    ------- ------ -----   ---- --  -------- -----------

   [No hits detected that satisfy reporting thresholds]


Domain annotation for each model (and alignments):

   [No targets detected that satisfy reporting thresholds]


Internal pipeline statistics summary:
-------------------------------------
Query sequence(s):                         1  (99 residues searched)
Target model(s):                       19632  (3329936 nodes)
Passed MSV filter:                       409  (0.0208333); expected 392.6 (0.02)
Passed bias filter:                      335  (0.017064); expected 392.6 (0.02)
Passed Vit filter:                        23  (0.00117156); expected 19.6 (0.001)
Passed Fwd filter:                         0  (0); expected 0.2 (1e-05)
Initial search space (Z):              19632  [actual number of targets]
Domain search space  (domZ):               0  [number of targets reported over threshold]
# CPU time: 0.28u 0.18s 00:00:00.46 Elapsed: 00:00:00.32
# Mc/sec: 1010.43
//
Query:       orf6  [L=146]
Description: source=IMGVR_UViG_3300045988_110012_3300045988_Ga0495776_113504/25857-24154 coords=1702..1265 length=146 frame=6 desc=
Scores for complete sequence (score includes all domains):
   --- full sequence ---   --- best 1 domain ---    -#dom-
    E-value  score  bias    E-value  score  bias    exp  N  Model    Description
    ------- ------ -----    ------- ------ -----   ---- --  -------- -----------

   [No hits detected that satisfy reporting thresholds]


Domain annotation for each model (and alignments):

   [No targets detected that satisfy reporting thresholds]


Internal pipeline statistics summary:
-------------------------------------
Query sequence(s):                         1  (146 residues searched)
Target model(s):                       19632  (3329936 nodes)
Passed MSV filter:                       520  (0.0264874); expected 392.6 (0.02)
Passed bias filter:                      275  (0.0140077); expected 392.6 (0.02)
Passed Vit filter:                        17  (0.000865933); expected 19.6 (0.001)
Passed Fwd filter:                         0  (0); expected 0.2 (1e-05)
Initial search space (Z):              19632  [actual number of targets]
Domain search space  (domZ):               0  [number of targets reported over threshold]
# CPU time: 0.29u 0.19s 00:00:00.48 Elapsed: 00:00:00.32
# Mc/sec: 1474.18
//
Query:       orf7  [L=95]
Description: source=IMGVR_UViG_3300045988_110012_3300045988_Ga0495776_113504/25857-24154 coords=695..411 length=95 frame=5 desc=
Scores for complete sequence (score includes all domains):
   --- full sequence ---   --- best 1 domain ---    -#dom-
    E-value  score  bias    E-value  score  bias    exp  N  Model    Description
    ------- ------ -----    ------- ------ -----   ---- --  -------- -----------

   [No hits detected that satisfy reporting thresholds]


Domain annotation for each model (and alignments):

   [No targets detected that satisfy reporting thresholds]


Internal pipeline statistics summary:
-------------------------------------
Query sequence(s):                         1  (95 residues searched)
Target model(s):                       19632  (3329936 nodes)
Passed MSV filter:                       460  (0.0234311); expected 392.6 (0.02)
Passed bias filter:                      266  (0.0135493); expected 392.6 (0.02)
Passed Vit filter:                        17  (0.000865933); expected 19.6 (0.001)
Passed Fwd filter:                         0  (0); expected 0.2 (1e-05)
Initial search space (Z):              19632  [actual number of targets]
Domain search space  (domZ):               0  [number of targets reported over threshold]
# CPU time: 0.29u 0.16s 00:00:00.44 Elapsed: 00:00:00.33
# Mc/sec: 957.36
//
Query:       orf8  [L=388]
Description: source=IMGVR_UViG_3300045988_110012_3300045988_Ga0495776_113504/25857-24154 coords=1461..298 length=388 frame=4 desc=
Scores for complete sequence (score includes all domains):
   --- full sequence ---   --- best 1 domain ---    -#dom-
    E-value  score  bias    E-value  score  bias    exp  N  Model    Description
    ------- ------ -----    ------- ------ -----   ---- --  -------- -----------

   [No hits detected that satisfy reporting thresholds]


Domain annotation for each model (and alignments):

   [No targets detected that satisfy reporting thresholds]


Internal pipeline statistics summary:
-------------------------------------
Query sequence(s):                         1  (388 residues searched)
Target model(s):                       19632  (3329936 nodes)
Passed MSV filter:                       435  (0.0221577); expected 392.6 (0.02)
Passed bias filter:                      311  (0.0158415); expected 392.6 (0.02)
Passed Vit filter:                        18  (0.00091687); expected 19.6 (0.001)
Passed Fwd filter:                         0  (0); expected 0.2 (1e-05)
Initial search space (Z):              19632  [actual number of targets]
Domain search space  (domZ):               0  [number of targets reported over threshold]
# CPU time: 0.32u 0.16s 00:00:00.48 Elapsed: 00:00:00.31
# Mc/sec: 4043.02
//
Query:       orf9  [L=98]
Description: source=IMGVR_UViG_3300045988_110012_3300045988_Ga0495776_113504/25857-24154 coords=294..1 length=98 frame=4 desc=
Scores for complete sequence (score includes all domains):
   --- full sequence ---   --- best 1 domain ---    -#dom-
    E-value  score  bias    E-value  score  bias    exp  N  Model    Description
    ------- ------ -----    ------- ------ -----   ---- --  -------- -----------

   [No hits detected that satisfy reporting thresholds]


Domain annotation for each model (and alignments):

   [No targets detected that satisfy reporting thresholds]


Internal pipeline statistics summary:
-------------------------------------
Query sequence(s):                         1  (98 residues searched)
Target model(s):                       19632  (3329936 nodes)
Passed MSV filter:                       334  (0.017013); expected 392.6 (0.02)
Passed bias filter:                      268  (0.0136512); expected 392.6 (0.02)
Passed Vit filter:                         7  (0.000356561); expected 19.6 (0.001)
Passed Fwd filter:                         0  (0); expected 0.2 (1e-05)
Initial search space (Z):              19632  [actual number of targets]
Domain search space  (domZ):               0  [number of targets reported over threshold]
# CPU time: 0.27u 0.13s 00:00:00.40 Elapsed: 00:00:00.28
# Mc/sec: 1141.94
//
[ok]
