# hmmscan :: search sequence(s) against a profile database
# HMMER 3.3.2 (Nov 2020); http://hmmer.org/
# Copyright (C) 2020 Howard Hughes Medical Institute.
# Freely distributed under the BSD open source license.
# - - - - - - - - - - - - - - - - - - - - - - - - - - - - - - - - - - - -
# query sequence file:             -
# target HMM database:             /n/eddy_lab/data/pfam-35.0/Pfam-A.hmm
# output directed to file:         ./all_windows_new/hmmscan/out/IMGVR_UViG_3300003973_000110_3300003973_Ga0063521_1000327_428-11507_hmmscan_output.out
# per-seq hits tabular output:     ./all_windows_new/hmmscan/tblout/IMGVR_UViG_3300003973_000110_3300003973_Ga0063521_1000327_428-11507_hmmscan_output.tblout
# - - - - - - - - - - - - - - - - - - - - - - - - - - - - - - - - - - - -

Query:       orf1  [L=125]
Description: source=IMGVR_UViG_3300003973_000110_3300003973_Ga0063521_1000327_428-11507/2967-1384 coords=360..734 length=125 frame=3 desc=
Scores for complete sequence (score includes all domains):
   --- full sequence ---   --- best 1 domain ---    -#dom-
    E-value  score  bias    E-value  score  bias    exp  N  Model      Description
    ------- ------ -----    ------- ------ -----   ---- --  --------   -----------
  ------ inclusion threshold ------
       0.17   12.7   0.4       0.34   11.7   0.3    1.6  1  mRNA_cap_C  mRNA capping enzyme, C-terminal domain


Domain annotation for each model (and alignments):
>> mRNA_cap_C  mRNA capping enzyme, C-terminal domain
   #    score  bias  c-Evalue  i-Evalue hmmfrom  hmm to    alifrom  ali to    envfrom  env to     acc
 ---   ------ ----- --------- --------- ------- -------    ------- -------    ------- -------    ----
   1 ?   11.7   0.3   1.7e-05      0.34      38      98 ..      18      92 ..       2      98 .. 0.75

  Alignments for each domain:
  == domain 1  score: 11.7 bits;  conditional E-value: 1.7e-05
                ---HH...HHHHHHHT-S--TTEEEEEEE-TTS-......EEEE........EE-TT-SS--BHHHHHHHHHHHH CS
  mRNA_cap_C 38 yleeeikeeweelkslneeldgkIvEcsldeekr......Wrll........riRdDKsepNhisvvekvleSik 98
                ++++e k+++ e  ++n+++   IvE++  +++r      W+ll        +   DK  + h+s  +++++Si 
        orf1 18 QVRQEFKKDIFEATKSNRAFAMMIVETYTASQHRthiikvWELLgfhhqeayKDYCDKLMGKHLSGRDEIMRSIY 92
                345555566655566999***********9775345666799997777776677789999999999999999995 PP



Internal pipeline statistics summary:
-------------------------------------
Query sequence(s):                         1  (125 residues searched)
Target model(s):                       19632  (3329936 nodes)
Passed MSV filter:                      1100  (0.056031); expected 392.6 (0.02)
Passed bias filter:                      624  (0.0317848); expected 392.6 (0.02)
Passed Vit filter:                        48  (0.00244499); expected 19.6 (0.001)
Passed Fwd filter:                         1  (5.09372e-05); expected 0.2 (1e-05)
Initial search space (Z):              19632  [actual number of targets]
Domain search space  (domZ):               1  [number of targets reported over threshold]
# CPU time: 0.35u 0.18s 00:00:00.53 Elapsed: 00:00:00.43
# Mc/sec: 955.46
//
[ok]
