# hmmscan :: search sequence(s) against a profile database
# HMMER 3.3.2 (Nov 2020); http://hmmer.org/
# Copyright (C) 2020 Howard Hughes Medical Institute.
# Freely distributed under the BSD open source license.
# - - - - - - - - - - - - - - - - - - - - - - - - - - - - - - - - - - - -
# query sequence file:             -
# target HMM database:             /n/eddy_lab/data/pfam-35.0/Pfam-A.hmm
# output directed to file:         ./all_windows_new/hmmscan/out/IMGVR_UViG_3300008159_000175_3300008159_Ga0114019_1000003_2-233714_hmmscan_output.out
# per-seq hits tabular output:     ./all_windows_new/hmmscan/tblout/IMGVR_UViG_3300008159_000175_3300008159_Ga0114019_1000003_2-233714_hmmscan_output.tblout
# - - - - - - - - - - - - - - - - - - - - - - - - - - - - - - - - - - - -

Query:       orf1  [L=428]
Description: source=IMGVR_UViG_3300008159_000175_3300008159_Ga0114019_1000003_2-233714/207524-209108 coords=198..1481 length=428 frame=3 desc=
Scores for complete sequence (score includes all domains):
   --- full sequence ---   --- best 1 domain ---    -#dom-
    E-value  score  bias    E-value  score  bias    exp  N  Model    Description
    ------- ------ -----    ------- ------ -----   ---- --  -------- -----------
    2.3e-20   73.2   0.2    5.7e-20   71.9   0.2    1.7  1  RVT_1     Reverse transcriptase (RNA-dependent DNA polymerase
    0.00078   19.7   1.8    0.00078   19.7   1.8    2.3  2  HNH       HNH endonuclease


Domain annotation for each model (and alignments):
>> RVT_1  Reverse transcriptase (RNA-dependent DNA polymerase)
   #    score  bias  c-Evalue  i-Evalue hmmfrom  hmm to    alifrom  ali to    envfrom  env to     acc
 ---   ------ ----- --------- --------- ------- -------    ------- -------    ------- -------    ----
   1 !   71.9   0.2   5.8e-24   5.7e-20      79     222 .]       1     153 [.       1     153 [. 0.95

  Alignments for each domain:
  == domain 1  score: 71.9 bits;  conditional E-value: 5.8e-24
            GCCCSBB-GGGGGGG-EEET..........................TEEEEESB--ST-TTHHHHHHHHHHHHHTT-T........................TE CS
  RVT_1  79 aFdsvpleellrkltafkvptk.linliksflstrsfsvrvngeeskgryekkglpqGsvlSPllfnlfmnellrelrkra..................kgvtl 163
            +Fd+vp+++l + l+++++++k ++ +i+++l+t            ++   +kg+ qG++lSPll+n+++n+l+  +++++                  k+ ++
   orf1   1 FFDNVPHKQLNKALWNIGIHDKrVLSIINKMLKTEV---------VGEGILTKGVLQGGILSPLLSNIILNQLDWWVSTQWedlpvknkryvhqkktnlKSGYI 95 
            7******************86527789999996666.........688999************************************************9**** PP

            EECTTEEEEEESSHHHHHHHHHHHHHHHHH.TT--BEGGG-EEE......ESSEEETTEEE CS
  RVT_1 164 lrYaDDililskskeelqelleaveewlke.sglkinpeKtklvlftv.kseevkyLGvtl 222
            +rYaDD+ i+++s +++ + + av ewl+   +l +n++K++++   + k+++ ++LG+t+
   orf1  96 VRYADDFKIMCRSYKHAIRWYHAVTEWLETyLKLPVNKDKSSVT---NlKRKSTEFLGFTI 153
            *****************************988************...77**********97 PP

>> HNH  HNH endonuclease
   #    score  bias  c-Evalue  i-Evalue hmmfrom  hmm to    alifrom  Query:       orf2  [L=231]
Description: source=IMGVR_UViG_3300008159_000175_3300008159_Ga0114019_1000003_2-233714/205093-206764 coords=801..1493 length=231 frame=3 desc=
Scores for complete sequence (score includes all domains):
   --- full sequence ---   --- best 1 domain ---    -#dom-
    E-value  score  bias    E-value  score  bias    exp  N  Model           Description
    ------- ------ -----    ------- ------ -----   ---- --  --------        -----------
     0.0086   15.1   0.0      0.012   14.6   0.0    1.1  1  T4SS-DNA_transf  Type IV secretory system Conjugative DNA tra
  ------ inclusion threshold ------
       0.11   13.0   0.9       0.22   12.0   0.9    1.5  1  Nodulin_late     Late nodulin protein


Domain annotation for each model (and alignments):
>> T4SS-DNA_transf  Type IV secretory system Conjugative DNA transfer
   #    score  bias  c-Evalue  i-Evalue hmmfrom  hmm to    alifrom  ali to    envfrom  env to     acc
 ---   ------ ----- --------- --------- ------- -------    ------- -------    ------- -------    ----
   1 !   14.6   0.0   1.2e-06     0.012      13      80 ..     148     217 ..     141     223 .. 0.76

  Alignments for each domain:
  == domain 1  score: 14.6 bits;  conditional E-value: 1.2e-06
                      XXXXXXXXXXXXXXXXXXXXXXXX..XXXXXXXXXXXXXXXXXXXXXXXXXXXXXXXXX...XXXXXXXXXXX CS
  T4SS-DNA_transf  13 llkrektikgevltkdkkalyagg..llntdGdfehvlvvAptrsgKgvgvviPnllkw...kqsiVvlDpkg 80 
                      +l ++++ +  v+ +dk + y g+  +++  G  +hvl+++ +++ K+ +  iP +l+    ++s++ +Dpkg
             orf2 148 ILGWDRESDDTVSYVDK-PQYEGDkrMYVIGG--PHVLIMGSSGARKSRSWAIPRILQAirrGESLILTDPKG 217
                      56666666777777774.66666666566666..9*******************9886422267********8 PP

>> Nodulin_late  Late nodulin protein
   #    score  bias  c-Evalue  i-Evalue hmmfrom  hmm to    alifrom  ali to    envfrom  env to     acc
 ---   ------ ----- --------- --------- ------- -------    ------- -------    ------- -------    ----
   1 ?   12.0   0.9   2.2e-05      0.22       3      20 ..      24      41 ..      23      49 .. 0.89

  Alignments for each domain:
  == domain 1  score: 12.0 bits;  conditional E-value: 2.2e-05
  Nodulin_late  3 kilkfvYalilflslflv 20
                  ++l fvYa+  fls+fl+
          orf2 24 RTLFFVYAVLAFLSIFLL 41
                  5899************97 PP



Internal pipeline statistics summary:
-------------------------------------
Query sequence(s):                         1  (231 residues searched)
Target model(s):                       19632  (3329936 nodes)
Passed MSV filter:                       538  (0.0274042); expected 392.6 (0.02)
Passed bias filter:                      432  (0.0220049); expected 392.6 (0.02)
Passed Vit filter:                        39  (0.00198655); expected 19.6 (0.001)
Passed Fwd filter:                         2  (0.000101874); expected 0.2 (1e-05)
Initial search space (Z):              19632  [actual number of targets]
Domain search space  (domZ):               2  [number of targets reported over threshold]
# CPU time: 0.26u 0.20s 00:00:00.46 Elapsed: 00:00:00.31
# Mc/sec: 2448.20
//
Query:       orf3  [L=95]
Description: source=IMGVR_UViG_3300008159_000175_3300008159_Ga0114019_1000003_2-233714/205093-206764 coords=379..95 length=95 frame=4 desc=
Scores for complete sequence (score includes all domains):
   --- full sequence ---   --- best 1 domain ---    -#dom-
    E-value  score  bias    E-value  score  bias    exp  N  Model    Description
    ------- ------ -----    ------- ------ -----   ---- --  -------- -----------

   [No hits detected that satisfy reporting thresholds]


Domain annotation for each model (and alignments):

   [No targets detected that satisfy reporting thresholds]


Internal pipeline statistics summary:
-------------------------------------
Query sequence(s):                         1  (95 residues searched)
Target model(s):                       19632  (3329936 nodes)
Passed MSV filter:                       373  (0.0189996); expected 392.6 (0.02)
Passed bias filter:                      218  (0.0111043); expected 392.6 (0.02)
Passed Vit filter:                        12  (0.000611247); expected 19.6 (0.001)
Passed Fwd filter:                         0  (0); expected 0.2 (1e-05)
Initial search space (Z):              19632  [actual number of targets]
Domain search space  (domZ):               0  [number of targets reported over threshold]
# CPU time: 0.26u 0.14s 00:00:00.40 Elapsed: 00:00:00.27
# Mc/sec: 1130.97
//
[ok]
