# hmmscan :: search sequence(s) against a profile database
# HMMER 3.3.2 (Nov 2020); http://hmmer.org/
# Copyright (C) 2020 Howard Hughes Medical Institute.
# Freely distributed under the BSD open source license.
# - - - - - - - - - - - - - - - - - - - - - - - - - - - - - - - - - - - -
# query sequence file:             -
# target HMM database:             /n/eddy_lab/data/pfam-35.0/Pfam-A.hmm
# output directed to file:         ./all_windows_new/hmmscan/out/IMGVR_UViG_2744054414_000001_2744054414_2744055622_3-45818_hmmscan_output.out
# per-seq hits tabular output:     ./all_windows_new/hmmscan/tblout/IMGVR_UViG_2744054414_000001_2744054414_2744055622_3-45818_hmmscan_output.tblout
# - - - - - - - - - - - - - - - - - - - - - - - - - - - - - - - - - - - -

Query:       orf1  [L=91]
Description: source=IMGVR_UViG_2744054414_000001_2744054414_2744055622_3-45818/36371-37947 coords=1487..1215 length=91 frame=4 desc=
Scores for complete sequence (score includes all domains):
   --- full sequence ---   --- best 1 domain ---    -#dom-
    E-value  score  bias    E-value  score  bias    exp  N  Model    Description
    ------- ------ -----    ------- ------ -----   ---- --  -------- -----------
  ------ inclusion threshold ------
      0.099   11.7   0.1        0.1   11.6   0.1    1.0  1  LuxC      Acyl-CoA reductase (LuxC)


Domain annotation for each model (and alignments):
>> LuxC  Acyl-CoA reductase (LuxC)
   #    score  bias  c-Evalue  i-Evalue hmmfrom  hmm to    alifrom  ali to    envfrom  env to     acc
 ---   ------ ----- --------- --------- ------- -------    ------- -------    ------- -------    ----
   1 ?   11.6   0.1   5.3e-06       0.1      99     140 ..      32      72 ..      21      86 .. 0.86

  Alignments for each domain:
  == domain 1  score: 11.6 bits;  conditional E-value: 5.3e-06
  LuxC  99 NvpllpvmsilqglLvknvnllkvSssdpvlaaallaslael 140
           N   lp+ s+l ++L+k  +++++ +s + +a+al +++a +
  orf1  32 NMVCLPFRSLLATALSKCLCIFRTYASHSLIASAL-KTFAVV 72 
           8899***********************99999886.566655 PP



Internal pipeline statistics summary:
-------------------------------------
Query sequence(s):                         1  (91 residues searched)
Target model(s):                       19632  (3329936 nodes)
Passed MSV filter:                       787  (0.0400876); expected 392.6 (0.02)
Passed bias filter:                      258  (0.0131418); expected 392.6 (0.02)
Passed Vit filter:                        23  (0.00117156); expected 19.6 (0.001)
Passed Fwd filter:                         1  (5.09372e-05); expected 0.2 (1e-05)
Initial search space (Z):              19632  [actual number of targets]
Domain search space  (domZ):               1  [number of targets reported over threshold]
# CPU time: 0.34u 0.22s 00:00:00.56 Elapsed: 00:00:00.37
# Mc/sec: 800.76
//
Query:       orf2  [L=112]
Description: source=IMGVR_UViG_2744054414_000001_2744054414_2744055622_3-45818/36371-37947 coords=339..4 length=112 frame=6 desc=
Scores for complete sequence (score includes all domains):
   --- full sequence ---   --- best 1 domain ---    -#dom-
    E-value  score  bias    E-value  score  bias    exp  N  Model    Description
    ------- ------ -----    ------- ------ -----   ---- --  -------- -----------

   [No hits detected that satisfy reporting thresholds]


Domain annotation for each model (and alignments):

   [No targets detected that satisfy reporting thresholds]


Internal pipeline statistics summary:
-------------------------------------
Query sequence(s):                         1  (112 residues searched)
Target model(s):                       19632  (3329936 nodes)
Passed MSV filter:                       335  (0.017064); expected 392.6 (0.02)
Passed bias filter:                      303  (0.015434); expected 392.6 (0.02)
Passed Vit filter:                        23  (0.00117156); expected 19.6 (0.001)
Passed Fwd filter:                         0  (0); expected 0.2 (1e-05)
Initial search space (Z):              19632  [actual number of targets]
Domain search space  (domZ):               0  [number of targets reported over threshold]
# CPU time: 0.30u 0.19s 00:00:00.49 Elapsed: 00:00:00.32
# Mc/sec: 1155.98
//
[ok]
