# hmmscan :: search sequence(s) against a profile database
# HMMER 3.3.2 (Nov 2020); http://hmmer.org/
# Copyright (C) 2020 Howard Hughes Medical Institute.
# Freely distributed under the BSD open source license.
# - - - - - - - - - - - - - - - - - - - - - - - - - - - - - - - - - - - -
# query sequence file:             -
# target HMM database:             /n/eddy_lab/data/pfam-35.0/Pfam-A.hmm
# output directed to file:         ./all_windows_new/hmmscan/out/IMGVR_UViG_3300044818_000032_3300044818_Ga0467082_0000425_hmmscan_output.out
# per-seq hits tabular output:     ./all_windows_new/hmmscan/tblout/IMGVR_UViG_3300044818_000032_3300044818_Ga0467082_0000425_hmmscan_output.tblout
# - - - - - - - - - - - - - - - - - - - - - - - - - - - - - - - - - - - -

Query:       orf1  [L=213]
Description: source=IMGVR_UViG_3300044818_000032_3300044818_Ga0467082_0000425/1537-3111 coords=3..641 length=213 frame=3 desc=
Scores for complete sequence (score includes all domains):
   --- full sequence ---   --- best 1 domain ---    -#dom-
    E-value  score  bias    E-value  score  bias    exp  N  Model    Description
    ------- ------ -----    ------- ------ -----   ---- --  -------- -----------
    0.00044   20.5   0.6     0.0055   17.1   0.3    2.5  2  NUMOD1    NUMOD1 domain


Domain annotation for each model (and alignments):
>> NUMOD1  NUMOD1 domain
   #    score  bias  c-Evalue  i-Evalue hmmfrom  hmm to    alifrom  ali to    envfrom  env to     acc
 ---   ------ ----- --------- --------- ------- -------    ------- -------    ------- -------    ----
   1 !   17.1   0.3   2.8e-07    0.0055      13      33 ..      91     111 ..      86     115 .. 0.90
   2 ?    0.7   0.0     0.039   7.6e+02      15      25 ..     177     187 ..     169     189 .. 0.85

  Alignments for each domain:
  == domain 1  score: 17.1 bits;  conditional E-value: 2.8e-07
  NUMOD1  13 igkFsSireAakyLgishntI 33 
             i++FsS++++++++gi+h tI
    orf1  91 IYIFSSKTSLYNDFGIHHATI 111
             89*****************99 PP

  == domain 2  score: 0.7 bits;  conditional E-value: 0.039
  NUMOD1  15 kFsSireAaky 25 
              F+S+r+Aa y
    orf1 177 NFYSLRQAAFY 187
             7*******965 PP



Internal pipeline statistics summary:
-------------------------------------
Query sequence(s):                         1  (213 residues searched)
Target model(s):                       19632  (3329936 nodes)
Passed MSV filter:                       426  (0.0216993); expected 392.6 (0.02)
Passed bias filter:                      277  (0.0141096); expected 392.6 (0.02)
Passed Vit filter:                        23  (0.00117156); expected 19.6 (0.001)
Passed Fwd filter:                         1  (5.09372e-05); expected 0.2 (1e-05)
Initial search space (Z):              19632  [actual number of targets]
Domain search space  (domZ):               1  [number of targets reported over threshold]
# CPU time: 0.26u 0.20s 00:00:00.46 Elapsed: 00:00:00.32
# Mc/sec: 2158.40
//
[ok]
