# hmmscan :: search sequence(s) against a profile database
# HMMER 3.3.2 (Nov 2020); http://hmmer.org/
# Copyright (C) 2020 Howard Hughes Medical Institute.
# Freely distributed under the BSD open source license.
# - - - - - - - - - - - - - - - - - - - - - - - - - - - - - - - - - - - -
# query sequence file:             -
# target HMM database:             /n/eddy_lab/data/pfam-35.0/Pfam-A.hmm
# output directed to file:         ./all_windows_new/hmmscan/out/IMGVR_UViG_3300029414_000150_3300029414_Ga0243798_102469_hmmscan_output.out
# per-seq hits tabular output:     ./all_windows_new/hmmscan/tblout/IMGVR_UViG_3300029414_000150_3300029414_Ga0243798_102469_hmmscan_output.tblout
# - - - - - - - - - - - - - - - - - - - - - - - - - - - - - - - - - - - -

Query:       orf1  [L=497]
Description: source=IMGVR_UViG_3300029414_000150_3300029414_Ga0243798_102469/8730-7146 coords=1..1491 length=497 frame=1 desc=
Scores for complete sequence (score includes all domains):
   --- full sequence ---   --- best 1 domain ---    -#dom-
    E-value  score  bias    E-value  score  bias    exp  N  Model    Description
    ------- ------ -----    ------- ------ -----   ---- --  -------- -----------
    6.5e-28   97.9   0.0    1.4e-27   96.8   0.0    1.5  1  RVT_1     Reverse transcriptase (RNA-dependent DNA polymerase
     0.0014   18.9   0.0     0.0042   17.4   0.0    1.7  1  HNH       HNH endonuclease


Domain annotation for each model (and alignments):
>> RVT_1  Reverse transcriptase (RNA-dependent DNA polymerase)
   #    score  bias  c-Evalue  i-Evalue hmmfrom  hmm to    alifrom  ali to    envfrom  env to     acc
 ---   ------ ----- --------- --------- ------- -------    ------- -------    ------- -------    ----
   1 !   96.8   0.0   1.5e-31   1.4e-27      64     222 .]      13     199 ..       2     199 .. 0.91

  Alignments for each domain:
  == domain 1  score: 96.8 bits;  conditional E-value: 1.5e-31
            CHTS--EEEEEEBCCGCCCSBB-GGGGGGG-EEET...........................TEEEEESB--ST-TTHHHHHHHHHHHHHTT-T.......... CS
  RVT_1  64 kkkkaklllklDlkkaFdsvpleellrkltafkvp.tklinliksflstrsfsvrv.ngeeskgryekkglpqGsvlSPllfnlfmnellrelrkra....... 158
            ++ +  +++++D+k++Fd+v++ +l+r+l++++++ +kl+++i+++l   ++ +++ +g   +    kkg+pqG+++SPll+n+++nel++ +++++       
   orf1  13 QRSGLYYVVEFDIKGFFDNVDHTKLIRQLWSLNIRdKKLLHVIRRIL---KAPIQMpDG---HLENPKKGTPQGGIISPLLANVVLNELDHWVESQWqnhpvie 110
            5567789***************************7256899******...555688777...567899************************************ PP

            .............................TEEECTTEEEEEESSHHHHHHHHHHHHHHHHH.TT--BEGGG-EEE......ESSEEETTEEE CS
  RVT_1 159 ..........................kgvtllrYaDDililskskeelqelleaveewlke.sglkinpeKtklvlftv.kseevkyLGvtl 222
                                      k+ +++rYaDD+ il+++ke++++ l av +wl e  +l+++peKt++v     +++  ++LG+++
   orf1 111 kysyrenaagcpihshayramrntnlKEMYIVRYADDFRILCRTKEQANRTLIAVTKWLTErLKLEVSPEKTRIV---DvRRSYSEFLGFKI 199
            ***********************************************************9989************...44788888999875 PP

>> HNH  HNH endonuclease
   #    score  bias  c-Evalue  i-Evalue hmmfrom  hmm to    alifrom  ali to    envfrom  env to     acc
 ---   ------ ----- --------- --------- ------- -------    ------- -------    ------- -------    ----
   1 !   17.4   0.0   4.2e-07    0.0042       5      36 ..     398     429 ..     394     431 .. 0.90

  Alignments for each domain:
  == domain 1  score: 17.4 bits;  conditional E-value: 4.2e-07
           S-B-SSEE--EEEESS-TTTT--BSGGGEEEE CS
   HNH   5 grkfhksdalevdHiipisqggaddieNlqll 36 
           g++f+ +++ +++H+ p+s gg+d + Nl+l+
  orf1 398 GKPFECVTDIHCHHKRPRSLGGTDKYGNLVLV 429
           788888899********************985 PP



Internal pipeline statistics summary:
-------------------------------------
Query sequence(s):                         1  (497 residues searched)
Target model(s):                       19632  (3329936 nodes)
Passed MSV filter:                       672  (0.0342298); expected 392.6 (0.02)
Passed bias filter:                      435  (0.0221577); expected 392.6 (0.02)
Passed Vit filter:                        35  (0.0017828); expected 19.6 (0.001)
Passed Fwd filter:                         2  (0.000101874); expected 0.2 (1e-05)
Initial search space (Z):              19632  [actual number of targets]
Domain search space  (domZ):               2  [number of targets reported over threshold]
# CPU time: 0.40u 0.24s 00:00:00.64 Elapsed: 00:00:00.40
# Mc/sec: 4095.01
//
Query:       orf2  [L=93]
Description: source=IMGVR_UViG_3300029414_000150_3300029414_Ga0243798_102469/8730-7146 coords=1468..1190 length=93 frame=4 desc=
Scores for complete sequence (score includes all domains):
   --- full sequence ---   --- best 1 domain ---    -#dom-
    E-value  score  bias    E-value  score  bias    exp  N  Model    Description
    ------- ------ -----    ------- ------ -----   ---- --  -------- -----------

   [No hits detected that satisfy reporting thresholds]


Domain annotation for each model (and alignments):

   [No targets detected that satisfy reporting thresholds]


Internal pipeline statistics summary:
-------------------------------------
Query sequence(s):                         1  (93 residues searched)
Target model(s):                       19632  (3329936 nodes)
Passed MSV filter:                       325  (0.0165546); expected 392.6 (0.02)
Passed bias filter:                      244  (0.0124287); expected 392.6 (0.02)
Passed Vit filter:                        12  (0.000611247); expected 19.6 (0.001)
Passed Fwd filter:                         0  (0); expected 0.2 (1e-05)
Initial search space (Z):              19632  [actual number of targets]
Domain search space  (domZ):               0  [number of targets reported over threshold]
# CPU time: 0.33u 0.17s 00:00:00.50 Elapsed: 00:00:00.34
# Mc/sec: 910.74
//
Query:       orf3  [L=91]
Description: source=IMGVR_UViG_3300029414_000150_3300029414_Ga0243798_102469/8730-7146 coords=1287..1015 length=91 frame=5 desc=
Scores for complete sequence (score includes all domains):
   --- full sequence ---   --- best 1 domain ---    -#dom-
    E-value  score  bias    E-value  score  bias    exp  N  Model    Description
    ------- ------ -----    ------- ------ -----   ---- --  -------- -----------

   [No hits detected that satisfy reporting thresholds]


Domain annotation for each model (and alignments):

   [No targets detected that satisfy reporting thresholds]


Internal pipeline statistics summary:
-------------------------------------
Query sequence(s):                         1  (91 residues searched)
Target model(s):                       19632  (3329936 nodes)
Passed MSV filter:                       453  (0.0230746); expected 392.6 (0.02)
Passed bias filter:                      334  (0.017013); expected 392.6 (0.02)
Passed Vit filter:                        26  (0.00132437); expected 19.6 (0.001)
Passed Fwd filter:                         0  (0); expected 0.2 (1e-05)
Initial search space (Z):              19632  [actual number of targets]
Domain search space  (domZ):               0  [number of targets reported over threshold]
# CPU time: 0.34u 0.19s 00:00:00.53 Elapsed: 00:00:00.34
# Mc/sec: 879.61
//
[ok]
