# hmmscan :: search sequence(s) against a profile database
# HMMER 3.3.2 (Nov 2020); http://hmmer.org/
# Copyright (C) 2020 Howard Hughes Medical Institute.
# Freely distributed under the BSD open source license.
# - - - - - - - - - - - - - - - - - - - - - - - - - - - - - - - - - - - -
# query sequence file:             -
# target HMM database:             /n/eddy_lab/data/pfam-35.0/Pfam-A.hmm
# output directed to file:         ./all_windows_new/hmmscan/out/IMGVR_UViG_3300048919_000548_3300048919_Ga0496116_0000163_93275-133821_hmmscan_output.out
# per-seq hits tabular output:     ./all_windows_new/hmmscan/tblout/IMGVR_UViG_3300048919_000548_3300048919_Ga0496116_0000163_93275-133821_hmmscan_output.tblout
# - - - - - - - - - - - - - - - - - - - - - - - - - - - - - - - - - - - -

Query:       orf1  [L=246]
Description: source=IMGVR_UViG_3300048919_000548_3300048919_Ga0496116_0000163_93275-133821/31567-33152 coords=1..738 length=246 frame=1 desc=
Scores for complete sequence (score includes all domains):
   --- full sequence ---   --- best 1 domain ---    -#dom-
    E-value  score  bias    E-value  score  bias    exp  N  Model        Description
    ------- ------ -----    ------- ------ -----   ---- --  --------     -----------
    0.00069   19.5   0.1      0.003   17.5   0.1    1.8  1  AAA_24        AAA domain
  ------ inclusion threshold ------
      0.029   14.8   0.0         11    6.4   0.0    2.2  2  AAA_22        AAA domain
      0.035   14.6   0.0       0.25   11.8   0.0    2.0  2  AAA_16        AAA ATPase domain
      0.035   14.0   0.0      0.088   12.7   0.0    1.6  1  AAA_29        P-loop containing region of AAA domain
      0.097   12.3   0.0         12    5.5   0.0    2.2  2  AAA_25        AAA domain
        0.1   12.0   0.0       0.16   11.3   0.0    1.3  1  120_Rick_ant  120 KDa Rickettsia surface antigen


Domain annotation for each model (and alignments):
>> AAA_24  AAA domain
   #    score  bias  c-Evalue  i-Evalue hmmfrom  hmm to    alifrom  ali to    envfrom  env to     acc
 ---   ------ ----- --------- --------- ------- -------    ------- -------    ------- -------    ----
   1 !   17.5   0.1     9e-07     0.003       3     191 ..      28     209 ..      26     210 .. 0.76

  Alignments for each domain:
  == domain 1  score: 17.5 bits;  conditional E-value: 9e-07
  AAA_24   3 lkiliyGpsgiGKTtfakel.kpkplvidtekGlksldadkfpdie..........swqdfldeivel..aaeladyktlviDtldelerlclayickqkska 92 
             + +li G+sg+GK+ ++ +l +++ ++++ e+  k+l ++     +           ++d+  +iv +   a  a+ k +v+D  + +   + ++ +++ s  
    orf1  28 IPVLILGDSGSGKSASLMHLnPDDGFLVNPEN--KRLPFKSSGWKPrdftaktgnvFFTDVPGDIVLIitHARRAGKKFVVVDDFQYV---MGNQFMRRRSE- 124
             5689****************878888888887..555554433111233344444444555555555599888999999**9976666...66777666666. PP

  AAA_24  93 eskedkgdgkGygelaeefrrllrklqelgk..nvifiahektrkdedpegekytrlepklgsktaneleeevDlvlrlelkredkvgervlktsnsevid 191
             +s e+      + e++   ++++r+ q++ +   v+f ah+++   +     k  ++  +l +k    +e+++ + lr  ++     + r+++t++s+++d
    orf1 125 KSFEK------FTEIGGGAWDVIRAAQAAEDdlIVYFLAHTEETPAGRI---KMKTIGKMLDEK--ITVEGMFSIALRTGVT-----DGRYYFTTQSDGTD 209
             45444......9*******************999********9999987...345888899999..99**********9985.....89999999999875 PP

>> AAA_22  AAA domain
   #    score  bias  c-Evalue  i-Evalue hmmfrom  hmm to    alifrom  ali to    envfrom  env to     acc
 ---   ------ ----- --------- --------- ------- -------    ------- -------    ------- -------    ----
   1 ?    6.3   0.0    0.0037        12       9      24 ..      31      46 ..      28      52 .. 0.86
   2 ?    6.4   0.0    0.0034        11      83     105 ..      94     120 ..      88     159 .. 0.77

  Alignments for each domain:
  == domain 1  score: 6.3 bits;  conditional E-value: 0.0037
  AAA_22  9 vvtGesGtGKTtllrr 24
            ++ G sG+GK+ +l  
    orf1 31 LILGDSGSGKSASLMH 46
            799********99865 PP

  == domain 2  score: 6.4 bits;  conditional E-value: 0.0034
  AAA_22  83 eqalraravielliiDEaqhlr.....s 105
               ++r++++ +++++D++q+++     +
    orf1  94 ITHARRAGK-KFVVVDDFQYVMgnqfmR 120
             567777888.9*********86554431 PP

>> AAA_16  AAA ATPase domain
   #    score  bias  c-Evalue  i-Evalue hmmfrom  hmm to    alifrom  ali to    envfrom  env to     acc
 ---   ------ ----- --------- --------- ------- -------    ------- -------    ------- -------    ----
   1 ?   11.8   0.0   7.5e-05      0.25      26      44 ..      29      47 ..      19      65 .. 0.85
   2 ?    0.3   0.0      0.26   8.4e+02     129     146 ..      96     132 ..      82     168 .. 0.59

  Alignments for each domain:
  == domain 1  score: 11.8 bits;  conditional E-value: 7.5e-05
  AAA_16 26 svllsGesGvGKsalvrel 44
             vl+ G+sG+GKsa + +l
    orf1 29 PVLILGDSGSGKSASLMHL 47
            59************99877 PP

  == domain 2  score: 0.3 bits;  conditional E-value: 0.26
  AAA_16 129 llstderplvlvlDdlq....................w 146
              +++ ++   +v+Dd+q                     
    orf1  96 HARRAGK-KFVVVDDFQyvmgnqfmrrrseksfekftE 132
             4555344.678889999555555555555555554440 PP

>> AAA_29  P-loop containing region of AAA domain
   #    score  bias  c-Evalue  i-Evalue hmmfrom  hmm to    alifrom  ali to    envfrom  env to     acc
 ---   ------ ----- --------- --------- ------- -------    ------- -------    ------- -------    ----
   1 ?   12.7   0.0   2.7e-05     0.088      23      37 ..      27      42 ..      18      45 .. 0.80

  Alignments for each domain:
  == domain 1  score: 12.7 bits;  conditional E-value: 2.7e-05
  AAA_29 23 g.atlltGpsGsGKST 37
            g  +l+ G+sGsGKS+
    orf1 27 GiPVLILGDSGSGKSA 42
            4468***********7 PP

>> AAA_25  AAA domain
   #    score  bias  c-Evalue  i-Evalue hmmfrom  hmm to    alifrom  ali to    envfrom  env to     acc
 ---   ------ ----- --------- --------- ------- -------    ------- -------    ------- -------    ----
   1 ?    4.8   0.0    0.0063        20      32      53 ..      26      47 ..      12      48 .. 0.89
   2 ?    5.5   0.0    0.0038        12     124     164 ..      84     123 ..      55     158 .. 0.77

  Alignments for each domain:
  == domain 1  score: 4.8 bits;  conditional E-value: 0.0063
  AAA_25 32 agelgllaGapgtGKttlaldl 53
            +g  +l+ G++g+GK+  +++l
    orf1 26 MGIPVLILGDSGSGKSASLMHL 47
            678899**********999986 PP

  == domain 2  score: 5.5 bits;  conditional E-value: 0.0038
  AAA_25 124 tlltadveeleaaleevedvrlvviDplsralggdendnsd 164
             t +++d+  ++ ++++ ++ ++vv+D ++ ++g++  + ++
    orf1  84 TDVPGDIVLIITHARR-AGKKFVVVDDFQYVMGNQFMRRRS 123
             3388999999999999.89*************997665555 PP

>> 120_Rick_ant  120 KDa Rickettsia surface antigen
   #    score  bias  c-Evalue  i-Evalue hmmfrom  hmm to    alifrom  ali to    envfrom  env to     acc
 ---   ------ ----- --------- --------- ------- -------    ------- -------    ------- -------    ----
   1 ?   11.3   0.0     5e-05      0.16     157     185 ..     149     177 ..     140     200 .. 0.81

  Alignments for each domain:
  == domain 1  score: 11.3 bits;  conditional E-value: 5e-05
  120_Rick_ant 157 kdkavyftahyeegpngkpqlkeisspkp 185
                    d  vyf ah ee p g+ ++k i     
          orf1 149 DDLIVYFLAHTEETPAGRIKMKTIGKMLD 177
                   5778******************9976555 PP



Internal pipeline statistics summary:
-------------------------------------
Query sequence(s):                         1  (246 residues searched)
Target model(s):                       19632  (3329936 nodes)
Passed MSV filter:                       533  (0.0271496); expected 392.6 (0.02)
Passed bias filter:                      508  (0.0258761); expected 392.6 (0.02)
Passed Vit filter:                        72  (0.00366748); expected 19.6 (0.001)
Passed Fwd filter:                         6  (0.000305623); expected 0.2 (1e-05)
Initial search space (Z):              19632  [actual number of targets]
Domain search space  (domZ):               6  [number of targets reported over threshold]
# CPU time: 0.33u 0.19s 00:00:00.52 Elapsed: 00:00:00.35
# Mc/sec: 2295.56
//
Query:       orf2  [L=236]
Description: source=IMGVR_UViG_3300048919_000548_3300048919_Ga0496116_0000163_93275-133821/31567-33152 coords=726..1433 length=236 frame=3 desc=
Scores for complete sequence (score includes all domains):
   --- full sequence ---   --- best 1 domain ---    -#dom-
    E-value  score  bias    E-value  score  bias    exp  N  Model    Description
    ------- ------ -----    ------- ------ -----   ---- --  -------- -----------

   [No hits detected that satisfy reporting thresholds]


Domain annotation for each model (and alignments):

   [No targets detected that satisfy reporting thresholds]


Internal pipeline statistics summary:
-------------------------------------
Query sequence(s):                         1  (236 residues searched)
Target model(s):                       19632  (3329936 nodes)
Passed MSV filter:                       579  (0.0294927); expected 392.6 (0.02)
Passed bias filter:                      457  (0.0232783); expected 392.6 (0.02)
Passed Vit filter:                        37  (0.00188468); expected 19.6 (0.001)
Passed Fwd filter:                         0  (0); expected 0.2 (1e-05)
Initial search space (Z):              19632  [actual number of targets]
Domain search space  (domZ):               0  [number of targets reported over threshold]
# CPU time: 0.31u 0.16s 00:00:00.47 Elapsed: 00:00:00.31
# Mc/sec: 2501.25
//
Query:       orf3  [L=105]
Description: source=IMGVR_UViG_3300048919_000548_3300048919_Ga0496116_0000163_93275-133821/31567-33152 coords=1314..1000 length=105 frame=6 desc=
Scores for complete sequence (score includes all domains):
   --- full sequence ---   --- best 1 domain ---    -#dom-
    E-value  score  bias    E-value  score  bias    exp  N  Model    Description
    ------- ------ -----    ------- ------ -----   ---- --  -------- -----------

   [No hits detected that satisfy reporting thresholds]


Domain annotation for each model (and alignments):

   [No targets detected that satisfy reporting thresholds]


Internal pipeline statistics summary:
-------------------------------------
Query sequence(s):                         1  (105 residues searched)
Target model(s):                       19632  (3329936 nodes)
Passed MSV filter:                       341  (0.0173696); expected 392.6 (0.02)
Passed bias filter:                      216  (0.0110024); expected 392.6 (0.02)
Passed Vit filter:                        20  (0.00101874); expected 19.6 (0.001)
Passed Fwd filter:                         0  (0); expected 0.2 (1e-05)
Initial search space (Z):              19632  [actual number of targets]
Domain search space  (domZ):               0  [number of targets reported over threshold]
# CPU time: 0.30u 0.19s 00:00:00.49 Elapsed: 00:00:00.35
# Mc/sec: 991.32
//
Query:       orf4  [L=126]
Description: source=IMGVR_UViG_3300048919_000548_3300048919_Ga0496116_0000163_93275-133821/31567-33152 coords=756..379 length=126 frame=6 desc=
Scores for complete sequence (score includes all domains):
   --- full sequence ---   --- best 1 domain ---    -#dom-
    E-value  score  bias    E-value  score  bias    exp  N  Model    Description
    ------- ------ -----    ------- ------ -----   ---- --  -------- -----------

   [No hits detected that satisfy reporting thresholds]


Domain annotation for each model (and alignments):

   [No targets detected that satisfy reporting thresholds]


Internal pipeline statistics summary:
-------------------------------------
Query sequence(s):                         1  (126 residues searched)
Target model(s):                       19632  (3329936 nodes)
Passed MSV filter:                       449  (0.0228708); expected 392.6 (0.02)
Passed bias filter:                      389  (0.0198146); expected 392.6 (0.02)
Passed Vit filter:                        29  (0.00147718); expected 19.6 (0.001)
Passed Fwd filter:                         0  (0); expected 0.2 (1e-05)
Initial search space (Z):              19632  [actual number of targets]
Domain search space  (domZ):               0  [number of targets reported over threshold]
# CPU time: 0.32u 0.19s 00:00:00.51 Elapsed: 00:00:00.35
# Mc/sec: 1189.38
//
Query:       orf5  [L=109]
Description: source=IMGVR_UViG_3300048919_000548_3300048919_Ga0496116_0000163_93275-133821/31567-33152 coords=329..3 length=109 frame=4 desc=
Scores for complete sequence (score includes all domains):
   --- full sequence ---   --- best 1 domain ---    -#dom-
    E-value  score  bias    E-value  score  bias    exp  N  Model    Description
    ------- ------ -----    ------- ------ -----   ---- --  -------- -----------

   [No hits detected that satisfy reporting thresholds]


Domain annotation for each model (and alignments):

   [No targets detected that satisfy reporting thresholds]


Internal pipeline statistics summary:
-------------------------------------
Query sequence(s):                         1  (109 residues searched)
Target model(s):                       19632  (3329936 nodes)
Passed MSV filter:                       172  (0.00876121); expected 392.6 (0.02)
Passed bias filter:                      166  (0.00845558); expected 392.6 (0.02)
Passed Vit filter:                        12  (0.000611247); expected 19.6 (0.001)
Passed Fwd filter:                         0  (0); expected 0.2 (1e-05)
Initial search space (Z):              19632  [actual number of targets]
Domain search space  (domZ):               0  [number of targets reported over threshold]
# CPU time: 0.28u 0.17s 00:00:00.45 Elapsed: 00:00:00.32
# Mc/sec: 1120.40
//
[ok]
