# hmmscan :: search sequence(s) against a profile database
# HMMER 3.3.2 (Nov 2020); http://hmmer.org/
# Copyright (C) 2020 Howard Hughes Medical Institute.
# Freely distributed under the BSD open source license.
# - - - - - - - - - - - - - - - - - - - - - - - - - - - - - - - - - - - -
# query sequence file:             -
# target HMM database:             /n/eddy_lab/data/pfam-35.0/Pfam-A.hmm
# output directed to file:         ./all_windows_new/hmmscan/out/IMGVR_UViG_3300038393_001628_3300038393_Ga0395904_0000215_hmmscan_output.out
# per-seq hits tabular output:     ./all_windows_new/hmmscan/tblout/IMGVR_UViG_3300038393_001628_3300038393_Ga0395904_0000215_hmmscan_output.tblout
# - - - - - - - - - - - - - - - - - - - - - - - - - - - - - - - - - - - -

Query:       orf1  [L=146]
Description: source=IMGVR_UViG_3300038393_001628_3300038393_Ga0395904_0000215/14832-16423 coords=167..604 length=146 frame=2 desc=
Scores for complete sequence (score includes all domains):
   --- full sequence ---   --- best 1 domain ---    -#dom-
    E-value  score  bias    E-value  score  bias    exp  N  Model    Description
    ------- ------ -----    ------- ------ -----   ---- --  -------- -----------

   [No hits detected that satisfy reporting thresholds]


Domain annotation for each model (and alignments):

   [No targets detected that satisfy reporting thresholds]


Internal pipeline statistics summary:
-------------------------------------
Query sequence(s):                         1  (146 residues searched)
Target model(s):                       19632  (3329936 nodes)
Passed MSV filter:                       179  (0.00911777); expected 392.6 (0.02)
Passed bias filter:                      141  (0.00718215); expected 392.6 (0.02)
Passed Vit filter:                        15  (0.000764059); expected 19.6 (0.001)
Passed Fwd filter:                         0  (0); expected 0.2 (1e-05)
Initial search space (Z):              19632  [actual number of targets]
Domain search space  (domZ):               0  [number of targets reported over threshold]
# CPU time: 0.22u 0.16s 00:00:00.38 Elapsed: 00:00:00.27
# Mc/sec: 1746.67
//
Query:       orf2  [L=209]
Description: source=IMGVR_UViG_3300038393_001628_3300038393_Ga0395904_0000215/14832-16423 coords=3..629 length=209 frame=3 desc=
Scores for complete sequence (score includes all domains):
   --- full sequence ---   --- best 1 domain ---    -#dom-
    E-value  score  bias    E-value  score  bias    exp  N  Model    Description
    ------- ------ -----    ------- ------ -----   ---- --  -------- -----------

   [No hits detected that satisfy reporting thresholds]


Domain annotation for each model (and alignments):

   [No targets detected that satisfy reporting thresholds]


Internal pipeline statistics summary:
-------------------------------------
Query sequence(s):                         1  (209 residues searched)
Target model(s):                       19632  (3329936 nodes)
Passed MSV filter:                       283  (0.0144152); expected 392.6 (0.02)
Passed bias filter:                      227  (0.0115628); expected 392.6 (0.02)
Passed Vit filter:                        12  (0.000611247); expected 19.6 (0.001)
Passed Fwd filter:                         0  (0); expected 0.2 (1e-05)
Initial search space (Z):              19632  [actual number of targets]
Domain search space  (domZ):               0  [number of targets reported over threshold]
# CPU time: 0.23u 0.15s 00:00:00.38 Elapsed: 00:00:00.27
# Mc/sec: 2572.29
//
Query:       orf3  [L=116]
Description: source=IMGVR_UViG_3300038393_001628_3300038393_Ga0395904_0000215/14832-16423 coords=633..980 length=116 frame=3 desc=
Scores for complete sequence (score includes all domains):
   --- full sequence ---   --- best 1 domain ---    -#dom-
    E-value  score  bias    E-value  score  bias    exp  N  Model    Description
    ------- ------ -----    ------- ------ -----   ---- --  -------- -----------

   [No hits detected that satisfy reporting thresholds]


Domain annotation for each model (and alignments):

   [No targets detected that satisfy reporting thresholds]


Internal pipeline statistics summary:
-------------------------------------
Query sequence(s):                         1  (116 residues searched)
Target model(s):                       19632  (3329936 nodes)
Passed MSV filter:                       299  (0.0152302); expected 392.6 (0.02)
Passed bias filter:                      211  (0.0107478); expected 392.6 (0.02)
Passed Vit filter:                        13  (0.000662184); expected 19.6 (0.001)
Passed Fwd filter:                         0  (0); expected 0.2 (1e-05)
Initial search space (Z):              19632  [actual number of targets]
Domain search space  (domZ):               0  [number of targets reported over threshold]
# CPU time: 0.21u 0.14s 00:00:00.35 Elapsed: 00:00:00.24
# Mc/sec: 1548.69
//
Query:       orf4  [L=125]
Description: source=IMGVR_UViG_3300038393_001628_3300038393_Ga0395904_0000215/14832-16423 coords=743..1117 length=125 frame=2 desc=
Scores for complete sequence (score includes all domains):
   --- full sequence ---   --- best 1 domain ---    -#dom-
    E-value  score  bias    E-value  score  bias    exp  N  Model    Description
    ------- ------ -----    ------- ------ -----   ---- --  -------- -----------

   [No hits detected that satisfy reporting thresholds]


Domain annotation for each model (and alignments):

   [No targets detected that satisfy reporting thresholds]


Internal pipeline statistics summary:
-------------------------------------
Query sequence(s):                         1  (125 residues searched)
Target model(s):                       19632  (3329936 nodes)
Passed MSV filter:                       269  (0.0137021); expected 392.6 (0.02)
Passed bias filter:                      213  (0.0108496); expected 392.6 (0.02)
Passed Vit filter:                        14  (0.000713121); expected 19.6 (0.001)
Passed Fwd filter:                         0  (0); expected 0.2 (1e-05)
Initial search space (Z):              19632  [actual number of targets]
Domain search space  (domZ):               0  [number of targets reported over threshold]
# CPU time: 0.22u 0.15s 00:00:00.37 Elapsed: 00:00:00.27
# Mc/sec: 1534.15
//
Query:       orf5  [L=124]
Description: source=IMGVR_UViG_3300038393_001628_3300038393_Ga0395904_0000215/14832-16423 coords=987..1358 length=124 frame=3 desc=
Scores for complete sequence (score includes all domains):
   --- full sequence ---   --- best 1 domain ---    -#dom-
    E-value  score  bias    E-value  score  bias    exp  N  Model    Description
    ------- ------ -----    ------- ------ -----   ---- --  -------- -----------

   [No hits detected that satisfy reporting thresholds]


Domain annotation for each model (and alignments):

   [No targets detected that satisfy reporting thresholds]


Internal pipeline statistics summary:
-------------------------------------
Query sequence(s):                         1  (124 residues searched)
Target model(s):                       19632  (3329936 nodes)
Passed MSV filter:                       229  (0.0116646); expected 392.6 (0.02)
Passed bias filter:                      150  (0.00764059); expected 392.6 (0.02)
Passed Vit filter:                        10  (0.000509372); expected 19.6 (0.001)
Passed Fwd filter:                         0  (0); expected 0.2 (1e-05)
Initial search space (Z):              19632  [actual number of targets]
Domain search space  (domZ):               0  [number of targets reported over threshold]
# CPU time: 0.21u 0.16s 00:00:00.37 Elapsed: 00:00:00.26
# Mc/sec: 1538.48
//
Query:       orf6  [L=98]
Description: source=IMGVR_UViG_3300038393_001628_3300038393_Ga0395904_0000215/14832-16423 coords=1217..1510 length=98 frame=2 desc=
Scores for complete sequence (score includes all domains):
   --- full sequence ---   --- best 1 domain ---    -#dom-
    E-value  score  bias    E-value  score  bias    exp  N  Model    Description
    ------- ------ -----    ------- ------ -----   ---- --  -------- -----------

   [No hits detected that satisfy reporting thresholds]


Domain annotation for each model (and alignments):

   [No targets detected that satisfy reporting thresholds]


Internal pipeline statistics summary:
-------------------------------------
Query sequence(s):                         1  (98 residues searched)
Target model(s):                       19632  (3329936 nodes)
Passed MSV filter:                       350  (0.017828); expected 392.6 (0.02)
Passed bias filter:                      307  (0.0156377); expected 392.6 (0.02)
Passed Vit filter:                        24  (0.00122249); expected 19.6 (0.001)
Passed Fwd filter:                         0  (0); expected 0.2 (1e-05)
Initial search space (Z):              19632  [actual number of targets]
Domain search space  (domZ):               0  [number of targets reported over threshold]
# CPU time: 0.21u 0.16s 00:00:00.37 Elapsed: 00:00:00.27
# Mc/sec: 1208.34
//
Query:       orf7  [L=106]
Description: source=IMGVR_UViG_3300038393_001628_3300038393_Ga0395904_0000215/14832-16423 coords=1590..1273 length=106 frame=6 desc=
Scores for complete sequence (score includes all domains):
   --- full sequence ---   --- best 1 domain ---    -#dom-
    E-value  score  bias    E-value  score  bias    exp  N  Model    Description
    ------- ------ -----    ------- ------ -----   ---- --  -------- -----------

   [No hits detected that satisfy reporting thresholds]


Domain annotation for each model (and alignments):

   [No targets detected that satisfy reporting thresholds]


Internal pipeline statistics summary:
-------------------------------------
Query sequence(s):                         1  (106 residues searched)
Target model(s):                       19632  (3329936 nodes)
Passed MSV filter:                       222  (0.0113081); expected 392.6 (0.02)
Passed bias filter:                      169  (0.00860839); expected 392.6 (0.02)
Passed Vit filter:                        13  (0.000662184); expected 19.6 (0.001)
Passed Fwd filter:                         0  (0); expected 0.2 (1e-05)
Initial search space (Z):              19632  [actual number of targets]
Domain search space  (domZ):               0  [number of targets reported over threshold]
# CPU time: 0.20u 0.16s 00:00:00.36 Elapsed: 00:00:00.26
# Mc/sec: 1320.59
//
Query:       orf8  [L=137]
Description: source=IMGVR_UViG_3300038393_001628_3300038393_Ga0395904_0000215/14832-16423 coords=728..318 length=137 frame=4 desc=
Scores for complete sequence (score includes all domains):
   --- full sequence ---   --- best 1 domain ---    -#dom-
    E-value  score  bias    E-value  score  bias    exp  N  Model    Description
    ------- ------ -----    ------- ------ -----   ---- --  -------- -----------

   [No hits detected that satisfy reporting thresholds]


Domain annotation for each model (and alignments):

   [No targets detected that satisfy reporting thresholds]


Internal pipeline statistics summary:
-------------------------------------
Query sequence(s):                         1  (137 residues searched)
Target model(s):                       19632  (3329936 nodes)
Passed MSV filter:                       192  (0.00977995); expected 392.6 (0.02)
Passed bias filter:                      134  (0.00682559); expected 392.6 (0.02)
Passed Vit filter:                         3  (0.000152812); expected 19.6 (0.001)
Passed Fwd filter:                         0  (0); expected 0.2 (1e-05)
Initial search space (Z):              19632  [actual number of targets]
Domain search space  (domZ):               0  [number of targets reported over threshold]
# CPU time: 0.23u 0.16s 00:00:00.39 Elapsed: 00:00:00.27
# Mc/sec: 1668.85
//
Query:       orf9  [L=127]
Description: source=IMGVR_UViG_3300038393_001628_3300038393_Ga0395904_0000215/14832-16423 coords=634..254 length=127 frame=5 desc=
Scores for complete sequence (score includes all domains):
   --- full sequence ---   --- best 1 domain ---    -#dom-
    E-value  score  bias    E-value  score  bias    exp  N  Model    Description
    ------- ------ -----    ------- ------ -----   ---- --  -------- -----------

   [No hits detected that satisfy reporting thresholds]


Domain annotation for each model (and alignments):

   [No targets detected that satisfy reporting thresholds]


Internal pipeline statistics summary:
-------------------------------------
Query sequence(s):                         1  (127 residues searched)
Target model(s):                       19632  (3329936 nodes)
Passed MSV filter:                       348  (0.0177262); expected 392.6 (0.02)
Passed bias filter:                      330  (0.0168093); expected 392.6 (0.02)
Passed Vit filter:                        19  (0.000967808); expected 19.6 (0.001)
Passed Fwd filter:                         0  (0); expected 0.2 (1e-05)
Initial search space (Z):              19632  [actual number of targets]
Domain search space  (domZ):               0  [number of targets reported over threshold]
# CPU time: 0.22u 0.15s 00:00:00.37 Elapsed: 00:00:00.26
# Mc/sec: 1584.45
//
[ok]
