# hmmscan :: search sequence(s) against a profile database
# HMMER 3.3.2 (Nov 2020); http://hmmer.org/
# Copyright (C) 2020 Howard Hughes Medical Institute.
# Freely distributed under the BSD open source license.
# - - - - - - - - - - - - - - - - - - - - - - - - - - - - - - - - - - - -
# query sequence file:             -
# target HMM database:             /n/eddy_lab/data/pfam-35.0/Pfam-A.hmm
# output directed to file:         ./all_windows_new/hmmscan/out/IMGVR_UViG_3300035520_001108_3300035520_Ga0376475_0002831_hmmscan_output.out
# per-seq hits tabular output:     ./all_windows_new/hmmscan/tblout/IMGVR_UViG_3300035520_001108_3300035520_Ga0376475_0002831_hmmscan_output.tblout
# - - - - - - - - - - - - - - - - - - - - - - - - - - - - - - - - - - - -

Query:       orf1  [L=256]
Description: source=IMGVR_UViG_3300035520_001108_3300035520_Ga0376475_0002831/8383-6742 coords=1..768 length=256 frame=1 desc=
Scores for complete sequence (score includes all domains):
   --- full sequence ---   --- best 1 domain ---    -#dom-
    E-value  score  bias    E-value  score  bias    exp  N  Model    Description
    ------- ------ -----    ------- ------ -----   ---- --  -------- -----------
    1.7e-06   28.0   0.7    1.7e-06   28.0   0.7    1.9  2  DUF723    Protein of unknown function (DUF723)


Domain annotation for each model (and alignments):
>> DUF723  Protein of unknown function (DUF723)
   #    score  bias  c-Evalue  i-Evalue hmmfrom  hmm to    alifrom  ali to    envfrom  env to     acc
 ---   ------ ----- --------- --------- ------- -------    ------- -------    ------- -------    ----
   1 !   28.0   0.7   8.5e-11   1.7e-06      18      60 .]      19      59 ..       6      59 .. 0.89
   2 ?   -3.8   0.1      0.72   1.4e+04      54      58 ..     241     245 ..     240     245 .. 0.75

  Alignments for each domain:
  == domain 1  score: 28.0 bits;  conditional E-value: 8.5e-11
  DUF723 18 hlklveFegvakPvvinCPlHGnvtystykalikSkyGCPeCa 60
            + +lv+++g++ Pv i CP+HG+ +   y  l     GCP+C+
    orf1 19 DYSLVDYQGNRMPVDIICPIHGKFRQIVYVHLN--GCGCPQCG 59
            578***********************9999885..58*****7 PP

  == domain 2  score: -3.8 bits;  conditional E-value: 0.72
  DUF723  54 yGCPe 58 
              GCP+
    orf1 241 RGCPD 245
             69*95 PP



Internal pipeline statistics summary:
-------------------------------------
Query sequence(s):                         1  (256 residues searched)
Target model(s):                       19632  (3329936 nodes)
Passed MSV filter:                      1005  (0.0511919); expected 392.6 (0.02)
Passed bias filter:                      574  (0.029238); expected 392.6 (0.02)
Passed Vit filter:                        38  (0.00193562); expected 19.6 (0.001)
Passed Fwd filter:                         1  (5.09372e-05); expected 0.2 (1e-05)
Initial search space (Z):              19632  [actual number of targets]
Domain search space  (domZ):               1  [number of targets reported over threshold]
# CPU time: 0.26u 0.16s 00:00:00.42 Elapsed: 00:00:00.28
# Mc/sec: 2960.64
//
Query:       orf2  [L=228]
Description: source=IMGVR_UViG_3300035520_001108_3300035520_Ga0376475_0002831/8383-6742 coords=808..1491 length=228 frame=1 desc=
Scores for complete sequence (score includes all domains):
   --- full sequence ---   --- best 1 domain ---    -#dom-
    E-value  score  bias    E-value  score  bias    exp  N  Model    Description
    ------- ------ -----    ------- ------ -----   ---- --  -------- -----------

   [No hits detected that satisfy reporting thresholds]


Domain annotation for each model (and alignments):

   [No targets detected that satisfy reporting thresholds]


Internal pipeline statistics summary:
-------------------------------------
Query sequence(s):                         1  (228 residues searched)
Target model(s):                       19632  (3329936 nodes)
Passed MSV filter:                       876  (0.044621); expected 392.6 (0.02)
Passed bias filter:                      497  (0.0253158); expected 392.6 (0.02)
Passed Vit filter:                        34  (0.00173187); expected 19.6 (0.001)
Passed Fwd filter:                         0  (0); expected 0.2 (1e-05)
Initial search space (Z):              19632  [actual number of targets]
Domain search space  (domZ):               0  [number of targets reported over threshold]
# CPU time: 0.25u 0.15s 00:00:00.40 Elapsed: 00:00:00.26
# Mc/sec: 2818.69
//
Query:       orf3  [L=99]
Description: source=IMGVR_UViG_3300035520_001108_3300035520_Ga0376475_0002831/8383-6742 coords=1640..1344 length=99 frame=6 desc=
Scores for complete sequence (score includes all domains):
   --- full sequence ---   --- best 1 domain ---    -#dom-
    E-value  score  bias    E-value  score  bias    exp  N  Model          Description
    ------- ------ -----    ------- ------ -----   ---- --  --------       -----------
  ------ inclusion threshold ------
      0.026   14.5   0.1      0.043   13.9   0.1    1.4  1  Phage_hub_GP28  Baseplate hub distal subunit


Domain annotation for each model (and alignments):
>> Phage_hub_GP28  Baseplate hub distal subunit
   #    score  bias  c-Evalue  i-Evalue hmmfrom  hmm to    alifrom  ali to    envfrom  env to     acc
 ---   ------ ----- --------- --------- ------- -------    ------- -------    ------- -------    ----
   1 ?   13.9   0.1   2.2e-06     0.043      61      94 ..      15      49 ..       8      67 .. 0.81

  Alignments for each domain:
  == domain 1  score: 13.9 bits;  conditional E-value: 2.2e-06
  Phage_hub_GP28 61 ytydindvyvcqrlefqyqgntfyfrpp.gkfeqf 94
                    +ty+i   y c+rle  +qg t+ f+    +f  f
            orf3 15 HTYQISLTYACRRLEDMFQGVTLSFHIStTQFVLF 49
                    79********************9997541455555 PP



Internal pipeline statistics summary:
-------------------------------------
Query sequence(s):                         1  (99 residues searched)
Target model(s):                       19632  (3329936 nodes)
Passed MSV filter:                       431  (0.021954); expected 392.6 (0.02)
Passed bias filter:                      323  (0.0164527); expected 392.6 (0.02)
Passed Vit filter:                        10  (0.000509372); expected 19.6 (0.001)
Passed Fwd filter:                         1  (5.09372e-05); expected 0.2 (1e-05)
Initial search space (Z):              19632  [actual number of targets]
Domain search space  (domZ):               1  [number of targets reported over threshold]
# CPU time: 0.23u 0.14s 00:00:00.37 Elapsed: 00:00:00.26
# Mc/sec: 1243.99
//
Query:       orf4  [L=99]
Description: source=IMGVR_UViG_3300035520_001108_3300035520_Ga0376475_0002831/8383-6742 coords=1176..880 length=99 frame=5 desc=
Scores for complete sequence (score includes all domains):
   --- full sequence ---   --- best 1 domain ---    -#dom-
    E-value  score  bias    E-value  score  bias    exp  N  Model    Description
    ------- ------ -----    ------- ------ -----   ---- --  -------- -----------

   [No hits detected that satisfy reporting thresholds]


Domain annotation for each model (and alignments):

   [No targets detected that satisfy reporting thresholds]


Internal pipeline statistics summary:
-------------------------------------
Query sequence(s):                         1  (99 residues searched)
Target model(s):                       19632  (3329936 nodes)
Passed MSV filter:                       460  (0.0234311); expected 392.6 (0.02)
Passed bias filter:                      313  (0.0159434); expected 392.6 (0.02)
Passed Vit filter:                        22  (0.00112062); expected 19.6 (0.001)
Passed Fwd filter:                         0  (0); expected 0.2 (1e-05)
Initial search space (Z):              19632  [actual number of targets]
Domain search space  (domZ):               0  [number of targets reported over threshold]
# CPU time: 0.23u 0.13s 00:00:00.36 Elapsed: 00:00:00.25
# Mc/sec: 1296.76
//
[ok]
e: 2.1
  DUF2072  11 fedgskeilkGCps 24 
              ++d ++ i +GCp 
     orf1 367 LSDVHEWISRGCPD 380
              67888899****95 PP

>> DUF3797  Domain of unknown function (DUF3797)
   #    score  bias  c-Evalue  i-Evalue hmmfrom  hmm to    alifrom  ali to    envfrom  env to  cted 392.6 (0.02)
Passed Vit filter:                        19  (0.000967808); expected 19.6 (0.001)
Passed Fwd filter:                         0  (0); expected 0.2 (1e-05)
Initial search space (Z):              19632  [actual number of targets]
Domain search space  (domZ):               0  [number of targets reported over threshold]
# CPU time: 0.36u 0.13s 00:00:00.49 Elapsed: 00:00:00.33
# Mc/sec: 1089.09
//
[ok]
lignments for each domain:
  == domain 1  score: 0.1 bits;  conditional E-value: 0.22
  DUF3797 13 YvqCPeCgNn 22
              + CP C  n
     orf1 61 HCGCPLCAGN 70
             6899*99543 PP

  == domain 2  score: 6.7 bits;  conditional E-value: 0.0019
  DUF3797  16 CPeCgNnkvlNse 28 
              CP C Nn + N +
     orf1 127 CPHCANNTMSNTD 139
              *********9976 PP

  == domain 3  score: 2.9 bits;  conditional E-value: 0.027
  DUF3797  13 YvqCPeCgN 21 
               + CP+Cg 
     orf1 187 GCGCPQCGL 195
              599****95 PP



Internal pipeline statistics summary:
-------------------------------------
Query sequence(s):                         1  (391 residues searched)
Target model(s):                       19632  (3329936 nodes)
Passed MSV filter:                       967  (0.0492563); expected 392.6 (0.02)
Passed bias filter:                      491  (0.0250102); expected 392.6 (0.02)
Passed Vit filter:                        39  (0.00198655); expected 19.6 (0.001)
Passed Fwd filter:                         5  (0.000254686); expected 0.2 (1e-05)
Initial search space (Z):              19632  [actual number of targets]
Domain search space  (domZ):               5  [number of targets reported over threshold]
# CPU time: 0.28u 0.16s 00:00:00.44 Elapsed: 00:00:00.28
# Mc/sec: 4506.34
//
[ok]
