# hmmscan :: search sequence(s) against a profile database
# HMMER 3.3.2 (Nov 2020); http://hmmer.org/
# Copyright (C) 2020 Howard Hughes Medical Institute.
# Freely distributed under the BSD open source license.
# - - - - - - - - - - - - - - - - - - - - - - - - - - - - - - - - - - - -
# query sequence file:             -
# target HMM database:             /n/eddy_lab/data/pfam-35.0/Pfam-A.hmm
# output directed to file:         ./all_windows_new/hmmscan/out/IMGVR_UViG_3300041955_001723_3300041955_Ga0455671_0014296_hmmscan_output.out
# per-seq hits tabular output:     ./all_windows_new/hmmscan/tblout/IMGVR_UViG_3300041955_001723_3300041955_Ga0455671_0014296_hmmscan_output.tblout
# - - - - - - - - - - - - - - - - - - - - - - - - - - - - - - - - - - - -

Query:       orf1  [L=486]
Description: source=IMGVR_UViG_3300041955_001723_3300041955_Ga0455671_0014296/6726-8311 coords=2..1459 length=486 frame=2 desc=
Scores for complete sequence (score includes all domains):
   --- full sequence ---   --- best 1 domain ---    -#dom-
    E-value  score  bias    E-value  score  bias    exp  N  Model    Description
    ------- ------ -----    ------- ------ -----   ---- --  -------- -----------
    3.9e-28   98.6   0.0    5.9e-28   98.0   0.0    1.3  1  RVT_1     Reverse transcriptase (RNA-dependent DNA polymerase
     0.0067   16.7   7.5      0.019   15.3   7.5    1.8  1  HNH       HNH endonuclease
  ------ inclusion threshold ------
      0.055   13.6   0.1        3.1    8.0   0.0    2.5  2  KIX_2     KIX domain


Domain annotation for each model (and alignments):
>> RVT_1  Reverse transcriptase (RNA-dependent DNA polymerase)
   #    score  bias  c-Evalue  i-Evalue hmmfrom  hmm to    alifrom  ali to    envfrom  env to     acc
 ---   ------ ----- --------- --------- ------- -------    ------- -------    ------- -------    ----
   1 !   98.0   0.0     9e-32   5.9e-28      32     221 ..       2     206 ..       1     207 [. 0.91

  Alignments for each domain:
  == domain 1  score: 98.0 bits;  conditional E-value: 9e-32
            ......-------HHHH................HCCHTS--EEEEEEBCCGCCCSBB-GGGGGGG-EEET...............Query:       orf2  [L=334]
Description: source=IMGVR_UViG_3300041955_001723_3300041955_Ga0455671_0014296/4162-5833 coords=2..1003 length=334 frame=2 desc=
Scores for complete sequence (score includes all domains):
   --- full sequence ---   --- best 1 domain ---    -#dom-
    E-value  score  bias    E-value  score  bias    exp  N  Model    Description
    ------- ------ -----    ------- ------ -----   ---- --  -------- -----------

   [No hits detected that satisfy reporting thresholds]


Domain annotation for each model (and alignments):

   [No targets detected that satisfy reporting thresholds]


Internal pipeline statistics summary:
-------------------------------------
Query sequence(s):                         1  (334 residues searched)
Target model(s):                       19632  (3329936 nodes)
Passed MSV filter:                       429  (0.0218521); expected 392.6 (0.02)
Passed bias filter:                      422  (0.0214955); expected 392.6 (0.02)
Passed Vit filter:                        29  (0.00147718); expected 19.6 (0.001)
Passed Fwd filter:                         0  (0); expected 0.2 (1e-05)
Initial search space (Z):              19632  [actual number of targets]
Domain search space  (domZ):               0  [number of targets reported over threshold]
# CPU time: 0.32u 0.17s 00:00:00.49 Elapsed: 00:00:00.32
# Mc/sec: 3433.45
//
Query:       orf3  [L=145]
Description: source=IMGVR_UViG_3300041955_001723_3300041955_Ga0455671_0014296/4162-5833 coords=1029..1463 length=145 frame=3 desc=
Scores for complete sequence (score includes all domains):
   --- full sequence ---   --- best 1 domain ---    -#dom-
    E-value  score  bias    E-value  score  bias    exp  N  Model           Description
    ------- ------ -----    ------- ------ -----   ---- --  --------        -----------
     0.0062   16.4   0.0     0.0093   15.9   0.0    1.3  1  DEAD             DEAD/DEAH box helicase
  ------ inclusion threshold ------
      0.049   13.3   0.0      0.082   12.5   0.0    1.4  1  UvrD-helicase    UvrD/REP helicase N-terminal domain
       0.09   13.0   0.2        0.3   11.3   0.0    1.9  3  PTPlike_phytase  Inositol hexakisphosphate
       0.11   12.9   0.0       0.15   12.4   0.0    1.3  1  AAA_19           AAA domain
       0.21   11.7   0.0       0.22   11.7   0.0    1.5  1  ResIII           Type III restriction enzyme, res subunit


Domain annotation for each model (and alignments):
>> DEAD  DEAD/DEAH box helicase
   #    score  bias  c-Evalue  i-Evalue hmmfrom  hmm to    alifrom  ali to    envfrom  env to     acc
 ---   ------ ----- --------- --------- ------- -------    ------- -------    ------- -------    ----
   1 !   15.9   0.0   2.4e-06    0.0093      14      35 ..     112     133 ..      99     144 .. 0.80

  Alignments for each domain:
  == domain 1  score: 15.9 bits;  conditional E-value: 2.4e-06
           THEEEEEESTTSSHHHHHHHHH CS
           xxxxxxxxxxxxxxxxxxxxxx RF
  DEAD  14 ggdvlvaaeTGsGKTlaflipv 35 
           +++vlv+a TG GKT++ +i+ 
  orf3 112 DKNVLVEAGTGVGKTTCIWIAQ 133
           68***************88864 PP

>> UvrD-helicase  UvrD/REP helicase N-terminal domain
   #    score  bias  c-Evalue  i-Evalue hmmfrom  hmm to    alifrom  ali to    envfrom  env to     acc
 ---   ------ ----- --------- --------- ------- -------    ------- -------    ------- -------    ----
   1 ?   12.5   0.0   2.1e-05     0.082      12      40 ..     111     141 ..      99     145 .] 0.80

  Alignments for each domain:
  == domain 1  score: 12.5 bits;  conditional E-value: 2.1e-05
                    -SSEEEEEE-TTSSHHHHH..HHHHHHHHHT CS
  UvrD-helicase  12 lggpilveAsAGsGKTfvl..aerilrlike 40 
                    + +++lveA+ G GKT+ +  a+ i+r + e
           orf3 111 PDKNVLVEAGTGVGKTTCIwiAQMIVRFVSE 141
                    679*************985337888888776 PP

>> PTPlike_phytase  Inositol hexakisphosphate
   #    score  bias  c-Evalue  i-Evalue hmmfrom  hmm to    alifrom  ali to    envfrom  env to     acc
 ---   ------ ----- --------- --------- ------- -------    ------- -------    ------- -------    ----
   1 ?   -2.2   0.0       1.1   4.4e+03       4       9 ..      43      48 ..      25      57 .. 0.63
   2 ?   -2.4   0.0       1.2   4.8e+03       2      14 ..      64      76 ..      63      80 .. 0.74
   3 ?   11.3   0.0   7.8e-05       0.3     109     154 ..      89     135 ..      85     137 .. 0.85

  Alignments for each domain:
  == domain 1  score: -2.2 bits;  conditional E-value: 1.1
                     E-S-EE CS
  PTPlike_phytase  4 ReEpvv 9 
                     ++Epvv
             orf3 43 QQEPVV 48
                     455555 PP

  == domain 2  score: -2.4 bits;  conditional E-value: 1.2
                     EEE-S-EEEETTE CS
  PTPlike_phytase  2 nlReEpvvyingr 14
                      lR Epv++   r
             orf3 64 ALRAEPVGERKAR 76
                     69****9976555 PP

  == domain 3  score: 11.3 bits;  conditional E-value: 7.8e-05
                      TTS---HHHHHHHHHHHHTS.-TT-EEEEE-SSSSHHHHHHHHHHHH CS
  PTPlike_phytase 109 dekapeeedfdalvellkea.pektalvfnCqmGrgRTTtamviatL 154
                      d   pe  +++ l +++k+    ++ +++   +G+g+TT   +   +
             orf3  89 DPDIPEFDELNPLQSFFKSHyDPDKNVLVEAGTGVGKTTCIWIAQMI 135
                      6678999*************888***************987665544 PP

>> AAA_19  AAA domain
   #    score  bias  c-Evalue  i-Evalue hmmfrom  hmm to    alifrom  ali to    envfrom  env to     acc
 ---   ------ ----- --------- --------- ------- -------    ------- -------    ------- -------    ----
   1 ?   12.4   0.0   3.9e-05      0.15       9      29 ..     111     131 ..     106     145 .] 0.78

  Alignments for each domain:
  == domain 1  score: 12.4 bits;  conditional E-value: 3.9e-05
  AAA_19   9 kekvllvtaGpGtGKTrtlvh 29 
             ++k++lv aG G GKT+++  
    orf3 111 PDKNVLVEAGTGVGKTTCIWI 131
             5789*************9854 PP

>> ResIII  Type III restriction enzyme, res subunit
   #    score  bias  c-Evalue  i-Evalue hmmfrom  hmm to    alifrom  ali to    envfrom  env to     acc
 ---   ------ ----- --------- --------- ------- -------    ------- -------    ------- -------    ----
   1 ?   11.7   0.0   5.5e-05      0.22      21      48 ..     106     138 ..       4     145 .] 0.84

  Alignments for each domain:
  == domain 1  score: 11.7 bits;  conditional E-value: 5.5e-05
             .....TTSEEEEEESTTSHHHHHH..HHHHHHH CS
  ResIII  21 s...krdkrglikmaTGtGKTlva..aklierl 48 
             +   + dk++l+++ TG+GKT ++  a++i r+
    orf3 106 KshyDPDKNVLVEAGTGVGKTTCIwiAQMIVRF 138
             146577899************998656666665 PP



Internal pipeline statistics summary:
-------------------------------------
Query sequence(s):                         1  (145 residues searched)
Target model(s):                       19632  (3329936 nodes)
Passed MSV filter:                       455  (0.0231764); expected 392.6 (0.02)
Passed bias filter:                      407  (0.0207315); expected 392.6 (0.02)
Passed Vit filter:                        33  (0.00168093); expected 19.6 (0.001)
Passed Fwd filter:                         5  (0.000254686); expected 0.2 (1e-05)
Initial search space (Z):              19632  [actual number of targets]
Domain search space  (domZ):               5  [number of targets reported over threshold]
# CPU time: 0.28u 0.14s 00:00:00.42 Elapsed: 00:00:00.28
# Mc/sec: 1724.05
//
Query:       orf4  [L=109]
Description: source=IMGVR_UViG_3300041955_001723_3300041955_Ga0455671_0014296/4162-5833 coords=1478..1152 length=109 frame=6 desc=
Scores for complete sequence (score includes all domains):
   --- full sequence ---   --- best 1 domain ---    -#dom-
    E-value  score  bias    E-value  score  bias    exp  N  Model    Description
    ------- ------ -----    ------- ------ -----   ---- --  -------- -----------

   [No hits detected that satisfy reporting thresholds]


Domain annotation for each model (and alignments):

   [No targets detected that satisfy reporting thresholds]


Internal pipeline statistics summary:
-------------------------------------
Query sequence(s):                         1  (109 residues searched)
Target model(s):                       19632  (3329936 nodes)
Passed MSV filter:                       253  (0.0128871); expected 392.6 (0.02)
Passed bias filter:                      224  (0.0114099); expected 392.6 (0.02)
Passed Vit filter:                        17  (0.000865933); expected 19.6 (0.001)
Passed Fwd filter:                         0  (0); expected 0.2 (1e-05)
Initial search space (Z):              19632  [actual number of targets]
Domain search space  (domZ):               0  [number of targets reported over threshold]
# CPU time: 0.24u 0.15s 00:00:00.39 Elapsed: 00:00:00.27
# Mc/sec: 1317.59
//
Query:       orf5  [L=105]
Description: source=IMGVR_UViG_3300041955_001723_3300041955_Ga0455671_0014296/4162-5833 coords=316..2 length=105 frame=4 desc=
Scores for complete sequence (score includes all domains):
   --- full sequence ---   --- best 1 domain ---    -#dom-
    E-value  score  bias    E-value  score  bias    exp  N  Model    Description
    ------- ------ -----    ------- ------ -----   ---- --  -------- -----------

   [No hits detected that satisfy reporting thresholds]


Domain annotation for each model (and alignments):

   [No targets detected that satisfy reporting thresholds]


Internal pipeline statistics summary:
-------------------------------------
Query sequence(s):                         1  (105 residues searched)
Target model(s):                       19632  (3329936 nodes)
Passed MSV filter:                       159  (0.00809902); expected 392.6 (0.02)
Passed bias filter:                      154  (0.00784434); expected 392.6 (0.02)
Passed Vit filter:                        16  (0.000814996); expected 19.6 (0.001)
Passed Fwd filter:                         0  (0); expected 0.2 (1e-05)
Initial search space (Z):              19632  [actual number of targets]
Domain search space  (domZ):               0  [number of targets reported over threshold]
# CPU time: 0.24u 0.14s 00:00:00.38 Elapsed: 00:00:00.27
# Mc/sec: 1257.30
//
[ok]
