# hmmscan :: search sequence(s) against a profile database
# HMMER 3.3.2 (Nov 2020); http://hmmer.org/
# Copyright (C) 2020 Howard Hughes Medical Institute.
# Freely distributed under the BSD open source license.
# - - - - - - - - - - - - - - - - - - - - - - - - - - - - - - - - - - - -
# query sequence file:             -
# target HMM database:             /n/eddy_lab/data/pfam-35.0/Pfam-A.hmm
# output directed to file:         ./all_windows_new/hmmscan/out/IMGVR_UViG_3300029473_000196_3300029473_Ga0244122_101732_hmmscan_output.out
# per-seq hits tabular output:     ./all_windows_new/hmmscan/tblout/IMGVR_UViG_3300029473_000196_3300029473_Ga0244122_101732_hmmscan_output.tblout
# - - - - - - - - - - - - - - - - - - - - - - - - - - - - - - - - - - - -

Query:       orf1  [L=180]
Description: source=IMGVR_UViG_3300029473_000196_3300029473_Ga0244122_101732/7778-6084 coords=109..648 length=180 frame=1 desc=
Scores for complete sequence (score includes all domains):
   --- full sequence ---   --- best 1 domain ---    -#dom-
    E-value  score  bias    E-value  score  bias    exp  N  Model    Description
    ------- ------ -----    ------- ------ -----   ---- --  -------- -----------
      4e-30  105.4   9.6    6.4e-28   98.2   9.6    2.1  1  DUF3801   Protein of unknown function (DUF3801)
  ------ inclusion threshold ------
      0.072   12.8   0.1       0.17   11.5   0.1    1.7  1  THB       Tri-helix bundle domain
       0.15   12.4   0.7        1.5    9.2   0.0    2.5  2  DUF4372   Domain of unknown function (DUF4372)


Domain annotation for each model (and alignments):
>> DUF3801  Protein of unknown function (DUF3801)
   #    score  bias  c-Evalue  i-Evalue hmmfrom  hmm to    alifrom  ali to    envfrom  env to     acc
 ---   ------ ----- --------- --------- ------- -------    ------- -------    ------- -------    ----
   1 !   98.2   9.6   9.8e-32   6.4e-28       2     179 ..      36     175 ..      35     177 .. 0.89

  Alignments for each domain:
  == domain 1  score: 98.2 bits;  conditional E-value: 9.8e-32
  DUF3801   2 knlakllkallkavdk............kknkGktslkkLlkkggdlkvlqldnsdlkkfkkeakkyGvdYaQuery:       orf2  [L=111]
Description: source=IMGVR_UViG_3300029473_000196_3300029473_Ga0244122_101732/5180-3596 coords=831..1163 length=111 frame=3 desc=
Scores for complete sequence (score includes all domains):
   --- full sequence ---   --- best 1 domain ---    -#dom-
    E-value  score  bias    E-value  score  bias    exp  N  Model    Description
    ------- ------ -----    ------- ------ -----   ---- --  -------- -----------

   [No hits detected that satisfy reporting thresholds]


Domain annotation for each model (and alignments):

   [No targets detected that satisfy reporting thresholds]


Internal pipeline statistics summary:
-------------------------------------
Query sequence(s):                         1  (111 residues searched)
Target model(s):                       19632  (3329936 nodes)
Passed MSV filter:                       359  (0.0182865); expected 392.6 (0.02)
Passed bias filter:                      245  (0.0124796); expected 392.6 (0.02)
Passed Vit filter:                        16  (0.000814996); expected 19.6 (0.001)
Passed Fwd filter:                         0  (0); expected 0.2 (1e-05)
Initial search space (Z):              19632  [actual number of targets]
Domain search space  (domZ):               0  [number of targets reported over threshold]
# CPU time: 0.30u 0.19s 00:00:00.49 Elapsed: 00:00:00.34
# Mc/sec: 1059.64
//
Query:       orf3  [L=484]
Description: source=IMGVR_UViG_3300029473_000196_3300029473_Ga0244122_101732/5180-3596 coords=1..1452 length=484 frame=1 desc=
Scores for complete sequence (score includes all domains):
   --- full sequence ---   --- best 1 domain ---    -#dom-
    E-value  score  bias    E-value  score  bias    exp  N  Model    Description
    ------- ------ -----    ------- ------ -----   ---- --  -------- -----------
    8.6e-32  110.6   0.3    1.8e-31  109.5   0.1    1.7  2  RVT_1     Reverse transcriptase (RNA-dependent DNA polymerase


Domain annotation for each model (and alignments):
>> RVT_1  Reverse transcriptase (RNA-dependent DNA polymerase)
   #    score  bias  c-Evalue  i-Evalue hmmfrom  hmm to    alifrom  ali to    envfrom  env to     acc
 ---   ------ ----- --------- --------- ------- -------    ------- -------    ------- -------    ----
   1 !  109.5   0.1   9.3e-36   1.8e-31      45     222 .]       1     207 [.       1     207 [. 0.92
   2 ?   -2.4   0.0      0.16   3.1e+03      13      33 ..     272     292 ..     248     299 .. 0.78

  Alignments for each domain:
  == domain 1  score: 109.5 bits;  conditional E-value: 9.3e-36
            HHHH..............HCCHTS--EEEEEEBCCGCCCSBB-GGGGGGG-EEET...........................TEEEEESB--ST-TTHHHHHHH CS
  RVT_1  45 frpgrstldav.edllkalkkkkkaklllklDlkkaFdsvpleellrkltafkvpt.klinliksflstrsfsvrv.ngeeskgryekkglpqGsvlSPllfnl 145
            frp+rs+++av ++++    ++ + ++++++D+k++Fd+v++++l+r+++a+++++ +li +ik++l   ++ +r+ +g   +++   kg+pqG+++SPll+n+
   orf3   1 FRPNRSVEHAVqKTYTML--QRMNLHYVIEFDIKGFFDNVNHSKLMRQIWAMGIHDkQLIFIIKRIL---KAPIRMpDG---TTLIPDKGTPQGGIISPLLANI 96 
            89*******996444444..45566*****************************8615799******...555688777...78******************** PP

            HHHHHHTT-T.........................................TEEECTTEEEEEESSHHHHHHHHHHHHHHHHH.TT--BEGGG-EEE......E CS
  RVT_1 146 fmnellrelrkra...................................kgvtllrYaDDililskskeelqelleaveewlke.sglkinpeKtklvlftv.ks 212
            ++nel++ +++++                                   k+ +++rYaDD+ i++++ke++ +  eav +w+ e  +l+++peKt++v   + ++
   orf3  97 VLNELDKWVESQWqnhplvkeygyerkirnsitfdrskaflkmrktglKEMYIVRYADDFRIFCRNKEDALRTKEAVTAWITErLRLEVSPEKTRIV---NvRK 197
            *********************************************************************************9989************...6699 PP

            SSEEETTEEE CS
  RVT_1 213 eevkyLGvtl 222
            +  ++LG+++
   orf3 198 RYSEFLGFKI 207
            9999**9986 PP

  == domain 2  score: -2.4 bits;  conditional E-value: 0.16
            .....-THHHHCTB--..... CS
  RVT_1  13 sllsvdykalnkliakrLkdv 33 
             ++s+d++++ + +   L++ 
   orf3 272 TCISIDCRKIHRQVMTVLTNR 292
            577788888888877766654 PP



Internal pipeline statistics summary:
-------------------------------------
Query sequence(s):                         1  (484 residues searched)
Target model(s):                       19632  (3329936 nodes)
Passed MSV filter:                       618  (0.0314792); expected 392.6 (0.02)
Passed bias filter:                      492  (0.0250611); expected 392.6 (0.02)
Passed Vit filter:                        39  (0.00198655); expected 19.6 (0.001)
Passed Fwd filter:                         1  (5.09372e-05); expected 0.2 (1e-05)
Initial search space (Z):              19632  [actual number of targets]
Domain search space  (domZ):               1  [number of targets reported over threshold]
# CPU time: 0.38u 0.18s 00:00:00.56 Elapsed: 00:00:00.35
# Mc/sec: 4579.66
//
Query:       orf4  [L=109]
Description: source=IMGVR_UViG_3300029473_000196_3300029473_Ga0244122_101732/5180-3596 coords=597..271 length=109 frame=5 desc=
Scores for complete sequence (score includes all domains):
   --- full sequence ---   --- best 1 domain ---    -#dom-
    E-value  score  bias    E-value  score  bias    exp  N  Model    Description
    ------- ------ -----    ------- ------ -----   ---- --  -------- -----------

   [No hits detected that satisfy reporting thresholds]


Domain annotation for each model (and alignments):

   [No targets detected that satisfy reporting thresholds]


Internal pipeline statistics summary:
-------------------------------------
Query sequence(s):                         1  (109 residues searched)
Target model(s):                       19632  (3329936 nodes)
Passed MSV filter:                       200  (0.0101874); expected 392.6 (0.02)
Passed bias filter:                      170  (0.00865933); expected 392.6 (0.02)
Passed Vit filter:                         8  (0.000407498); expected 19.6 (0.001)
Passed Fwd filter:                         0  (0); expected 0.2 (1e-05)
Initial search space (Z):              19632  [actual number of targets]
Domain search space  (domZ):               0  [number of targets reported over threshold]
# CPU time: 0.28u 0.15s 00:00:00.43 Elapsed: 00:00:00.30
# Mc/sec: 1207.35
//
Query:       orf5  [L=158]
Description: source=IMGVR_UViG_3300029473_000196_3300029473_Ga0244122_101732/5180-3596 coords=593..120 length=158 frame=6 desc=
Scores for complete sequence (score includes all domains):
   --- full sequence ---   --- best 1 domain ---    -#dom-
    E-value  score  bias    E-value  score  bias    exp  N  Model    Description
    ------- ------ -----    ------- ------ -----   ---- --  -------- -----------

   [No hits detected that satisfy reporting thresholds]


Domain annotation for each model (and alignments):

   [No targets detected that satisfy reporting thresholds]


Internal pipeline statistics summary:
-------------------------------------
Query sequence(s):                         1  (158 residues searched)
Target model(s):                       19632  (3329936 nodes)
Passed MSV filter:                       518  (0.0263855); expected 392.6 (0.02)
Passed bias filter:                      298  (0.0151793); expected 392.6 (0.02)
Passed Vit filter:                        18  (0.00091687); expected 19.6 (0.001)
Passed Fwd filter:                         0  (0); expected 0.2 (1e-05)
Initial search space (Z):              19632  [actual number of targets]
Domain search space  (domZ):               0  [number of targets reported over threshold]
# CPU time: 0.31u 0.15s 00:00:00.46 Elapsed: 00:00:00.30
# Mc/sec: 1715.58
//
[ok]
0.1       7      26 ..     222     241 ..     219     263 .. 0.89

  Alignments for each domain:
  == domain 1  score: 12.9 bits;  conditional E-value: 2.6e-05
  AAA_19   7 alkekvllvtaGpGtGKTrt 26 
             ++++k++lv++G G+GKTr 
    orf2 222 TARNKNVLVIGGSGSGKTRF 241
             56899*************96 PP

>> DEAD  DEAD/DEAH box helicase
   #    score  bias  c-Evalue  i-Evalue hmmfrom  hmm to    alifrom  ali to    envfrom  env to     acc
 ---   ------ ----- --------- --------- ------- -------    ------- -------    ------- -------    ----
   1 ?   10.4   0.0   0.00012      0.45      11      48 ..     222     259 ..     219     314 .. 0.77
   2 ?   -2.6   0.0       1.1   4.3e+03     143     174 ..     327     357 ..     280     359 .. 0.66

  Alignments for each domain:
  == domain 1  score: 10.4 bits;  conditional E-value: 0.00012
           HHTTHEEEEEESTTSSHHHHHHHHHHHHHHHSTTCTSS CS
           xxxxxxxxxxxxxxxxxxxxxxxxxxxxxxxxxxxxxx RF
  DEAD  11 ilgggdvlvaaeTGsGKTlaflipvlqivyetkgktgp 48 
           + ++++vlv +  GsGKT  +l p l ++ ++   t p
  orf2 222 TARNKNVLVIGGSGSGKTRFWLKPNLMQMHSSYVVTDP 259
           55789*******************99887666333333 PP

  == domain 2  score: -2.6 bits;  conditional E-value: 1.1
           HHHHHHSHHHHCCST.TTSEEEEEESSBSHHHH CS
           xxxxxxxxxxxxxxx.xxxxxxxxxxxxxxxxx RF
  DEAD 143 nrilnqlpqitcdgk.lqrqvivlSATlpkdvk 174
           + + + +++++ +gk  +     +SAT +++vk
  orf2 327 KLVTTLIANTKGEGKaGD--DFWVSATRSQTVK 357
           333333333333333222..5666777766666 PP



Internal pipeline statistics summary:
-------------------------------------
Query sequence(s):                         1  (373 residues searched)
Target model(s):                       19632  (3329936 nodes)
Passed MSV filter:                       462  (0.023533); expected 392.6 (0.02)
Passed bias filter:                      429  (0.0218521); expected 392.6 (0.02)
Passed Vit filter:                        69  (0.00351467); expected 19.6 (0.001)
Passed Fwd filter:                         5  (0.000254686); expected 0.2 (1e-05)
Initial search space (Z):              19632  [actual number of targets]
Domain search space  (domZ):               5  [number of targets reported over threshold]
# CPU time: 0.35u 0.17s 00:00:00.52 Elapsed: 00:00:00.31
# Mc/sec: 3928.66
//
Query:       orf3  [L=126]
Description: source=IMGVR_UViG_3300029473_000196_3300029473_Ga0244122_101732/7778-6084 coords=1695..1318 length=126 frame=4 desc=
Scores for complete sequence (score includes all domains):
   --- full sequence ---   --- best 1 domain ---    -#dom-
    E-value  score  bias    E-value  score  bias    exp  N  Model    Description
    ------- ------ -----    ------- ------ -----   ---- --  -------- -----------

   [No hits detected that satisfy reporting thresholds]


Domain annotation for each model (and alignments):

   [No targets detected that satisfy reporting thresholds]


Internal pipeline statistics summary:
-------------------------------------
Query sequence(s):                         1  (126 residues searched)
Target model(s):                       19632  (3329936 nodes)
Passed MSV filter:                       304  (0.0154849); expected 392.6 (0.02)
Passed bias filter:                      258  (0.0131418); expected 392.6 (0.02)
Passed Vit filter:                         9  (0.000458435); expected 19.6 (0.001)
Passed Fwd filter:                         0  (0); expected 0.2 (1e-05)
Initial search space (Z):              19632  [actual number of targets]
Domain search space  (domZ):               0  [number of targets reported over threshold]
# CPU time: 0.28u 0.18s 00:00:00.46 Elapsed: 00:00:00.31
# Mc/sec: 1352.84
//
Query:       orf4  [L=148]
Description: source=IMGVR_UViG_3300029473_000196_3300029473_Ga0244122_101732/7778-6084 coords=1122..679 length=148 frame=4 desc=
Scores for complete sequence (score includes all domains):
   --- full sequence ---   --- best 1 domain ---    -#dom-
    E-value  score  bias    E-value  score  bias    exp  N  Model      Description
    ------- ------ -----    ------- ------ -----   ---- --  --------   -----------
  ------ inclusion threshold ------
       0.46   11.2   4.6       0.33   11.7   2.0    2.2  3  Antistasin  Antistasin family


Domain annotation for each model (and alignments):
>> Antistasin  Antistasin family
   #    score  bias  c-Evalue  i-Evalue hmmfrom  hmm to    alifrom  ali to    envfrom  env to     acc
 ---   ------ ----- --------- --------- ------- -------    ------- -------    ------- -------    ----
   1 ?   11.7   2.0   1.7e-05      0.33       4      19 ..      45      62 ..      42      70 .. 0.70
   2 ?   -1.3   0.4      0.19   3.8e+03       1      13 [.      66      78 ..      64      80 .. 0.59
   3 ?   -2.9   0.0      0.62   1.2e+04      11      17 ..     139     145 ..     139     146 .. 0.81

  Alignments for each domain:
  == domain 1  score: 11.7 bits;  conditional E-value: 1.7e-05
  Antistasin  4 l..kCrlsCpyGyqtDen 19
                +   Cr +Cp+G+ t  n
        orf4 45 IpgRCRVQCPHGFPTGRN 62
                3346*********88777 PP

  == domain 2  score: -1.3 bits;  conditional E-value: 0.19
  Antistasin  1 CpplkCrls..CpyG 13
                C    C+ +  C +G
        orf4 66 CRA--CTSWrsCFSG 78
                533..6655557666 PP

  == domain 3  score: -2.9 bits;  conditional E-value: 0.62
  Antistasin  11 pyGyqtD 17 
                 p+Gy  D
        orf4 139 PSGYTAD 145
                 79**988 PP



Internal pipeline statistics summary:
-------------------------------------
Query sequence(s):                         1  (148 residues searched)
Target model(s):                       19632  (3329936 nodes)
Passed MSV filter:                       381  (0.0194071); expected 392.6 (0.02)
Passed bias filter:                      164  (0.00835371); expected 392.6 (0.02)
Passed Vit filter:                        14  (0.000713121); expected 19.6 (0.001)
Passed Fwd filter:                         1  (5.09372e-05); expected 0.2 (1e-05)
Initial search space (Z):              19632  [actual number of targets]
Domain search space  (domZ):               1  [number of targets reported over threshold]
# CPU time: 0.31u 0.17s 00:00:00.48 Elapsed: 00:00:00.33
# Mc/sec: 1492.24
//
Query:       orf5  [L=127]
Description: source=IMGVR_UViG_3300029473_000196_3300029473_Ga0244122_101732/7778-6084 coords=973..593 length=127 frame=6 desc=
Scores for complete sequence (score includes all domains):
   --- full sequence ---   --- best 1 domain ---    -#dom-
    E-value  score  bias    E-value  score  bias    exp  N  Model    Description
    ------- ------ -----    ------- ------ -----   ---- --  -------- -----------

   [No hits detected that satisfy reporting thresholds]


Domain annotation for each model (and alignments):

   [No targets detected that satisfy reporting thresholds]


Internal pipeline statistics summary:
-------------------------------------
Query sequence(s):                         1  (127 residues searched)
Target model(s):                       19632  (3329936 nodes)
Passed MSV filter:                       357  (0.0181846); expected 392.6 (0.02)
Passed bias filter:                      303  (0.015434); expected 392.6 (0.02)
Passed Vit filter:                        18  (0.00091687); expected 19.6 (0.001)
Passed Fwd filter:                         0  (0); expected 0.2 (1e-05)
Initial search space (Z):              19632  [actual number of targets]
Domain search space  (domZ):               0  [number of targets reported over threshold]
# CPU time: 0.32u 0.14s 00:00:00.46 Elapsed: 00:00:00.31
# Mc/sec: 1350.46
//
Query:       orf6  [L=291]
Description: source=IMGVR_UViG_3300029473_000196_3300029473_Ga0244122_101732/7778-6084 coords=1298..426 length=291 frame=5 desc=
Scores for complete sequence (score includes all domains):
   --- full sequence ---   --- best 1 domain ---    -#dom-
    E-value  score  bias    E-value  score  bias    exp  N  Model    Description
    ------- ------ -----    ------- ------ -----   ---- --  -------- -----------

   [No hits detected that satisfy reporting thresholds]


Domain annotation for each model (and alignments):

   [No targets detected that satisfy reporting thresholds]


Internal pipeline statistics summary:
-------------------------------------
Query sequence(s):                         1  (291 residues searched)
Target model(s):                       19632  (3329936 nodes)
Passed MSV filter:                       452  (0.0230236); expected 392.6 (0.02)
Passed bias filter:                      340  (0.0173187); expected 392.6 (0.02)
Passed Vit filter:                        25  (0.00127343); expected 19.6 (0.001)
Passed Fwd filter:                         0  (0); expected 0.2 (1e-05)
Initial search space (Z):              19632  [actual number of targets]
Domain search space  (domZ):               0  [number of targets reported over threshold]
# CPU time: 0.33u 0.13s 00:00:00.46 Elapsed: 00:00:00.30
# Mc/sec: 3184.26
//
Query:       orf7  [L=162]
Description: source=IMGVR_UViG_3300029473_000196_3300029473_Ga0244122_101732/7778-6084 coords=666..181 length=162 frame=4 desc=
Scores for complete sequence (score includes all domains):
   --- full sequence ---   --- best 1 domain ---    -#dom-
    E-value  score  bias    E-value  score  bias    exp  N  Model    Description
    ------- ------ -----    ------- ------ -----   ---- --  -------- -----------

   [No hits detected that satisfy reporting thresholds]


Domain annotation for each model (and alignments):

   [No targets detected that satisfy reporting thresholds]


Internal pipeline statistics summary:
-------------------------------------
Query sequence(s):                         1  (162 residues searched)
Target model(s):                       19632  (3329936 nodes)
Passed MSV filter:                       308  (0.0156887); expected 392.6 (0.02)
Passed bias filter:                      257  (0.0130909); expected 392.6 (0.02)
Passed Vit filter:                        12  (0.000611247); expected 19.6 (0.001)
Passed Fwd filter:                         0  (0); expected 0.2 (1e-05)
Initial search space (Z):              19632  [actual number of targets]
Domain search space  (domZ):               0  [number of targets reported over threshold]
# CPU time: 0.30u 0.12s 00:00:00.42 Elapsed: 00:00:00.28
# Mc/sec: 1871.19
//
[ok]
