# hmmscan :: search sequence(s) against a profile database
# HMMER 3.3.2 (Nov 2020); http://hmmer.org/
# Copyright (C) 2020 Howard Hughes Medical Institute.
# Freely distributed under the BSD open source license.
# - - - - - - - - - - - - - - - - - - - - - - - - - - - - - - - - - - - -
# query sequence file:             -
# target HMM database:             /n/eddy_lab/data/pfam-35.0/Pfam-A.hmm
# output directed to file:         ./all_windows_new/hmmscan/out/IMGVR_UViG_7000000197_000165_7000000197_SRS017808_Baylor_scaffold_59967_hmmscan_output.out
# per-seq hits tabular output:     ./all_windows_new/hmmscan/tblout/IMGVR_UViG_7000000197_000165_7000000197_SRS017808_Baylor_scaffold_59967_hmmscan_output.tblout
# - - - - - - - - - - - - - - - - - - - - - - - - - - - - - - - - - - - -

Query:       orf1  [L=325]
Description: source=IMGVR_UViG_7000000197_000165_7000000197_SRS017808_Baylor_scaffold_59967/3786-2202 coords=422..1396 length=325 frame=2 desc=
Scores for complete sequence (score includes all domains):
   --- full sequence ---   --- best 1 domain ---    -#dom-
    E-value  score  bias    E-value  score  bias    exp  N  Model          Description
    ------- ------ -----    ------- ------ -----   ---- --  --------       -----------
  ------ inclusion threshold ------
      0.092   12.6   0.0       0.17   11.7   0.0    1.4  1  DUF2726         Protein of unknown function (DUF2726)
       0.31   11.2   2.9         11    6.2   0.4    3.1  3  DUF1573         Protein of unknown function (DUF1573)
       0.55   10.5   2.8         87    3.4   0.0    3.3  3  Acetone_carb_G  Acetone carboxylase gamma subunit
        4.5    7.4  13.9        6.5    6.9   0.5    3.5  3  EPF             Epidermal patterning factor proteins


Domain annotation for each model (and alignments):
>> DUF2726  Protein of unknown function (DUF2726)
   #    score  bias  c-Evalue  i-Evalue hmmfrom  hmm to    alifrom  ali to    envfrom  env to     acc
 ---   ------ ----- --------- --------- ------- -------    ------- -------    ------- -------    ----
   1 ?   11.7   0.0   3.5e-05      0.17      58     112 ..     242     306 ..     240     309 .. 0.91

  Alignments for each doQuery:       orf2  [L=90]
Description: source=IMGVR_UViG_7000000197_000165_7000000197_SRS017808_Baylor_scaffold_59967/5240-3594 coords=882..613 length=90 frame=4 desc=
Scores for complete sequence (score includes all domains):
   --- full sequence ---   --- best 1 domain ---    -#dom-
    E-value  score  bias    E-value  score  bias    exp  N  Model    Description
    ------- ------ -----    ------- ------ -----   ---- --  -------- -----------

   [No hits detected that satisfy reporting thresholds]


Domain annotation for each model (and alignments):

   [No targets detected that satisfy reporting thresholds]


Internal pipeline statistics summary:
-------------------------------------
Query sequence(s):                         1  (90 residues searched)
Target model(s):                       19632  (3329936 nodes)
Passed MSV filter:                       433  (0.0220558); expected 392.6 (0.02)
Passed bias filter:                      283  (0.0144152); expected 392.6 (0.02)
Passed Vit filter:                        12  (0.000611247); expected 19.6 (0.001)
Passed Fwd filter:                         0  (0); expected 0.2 (1e-05)
Initial search space (Z):              19632  [actual number of targets]
Domain search space  (domZ):               0  [number of targets reported over threshold]
# CPU time: 0.27u 0.18s 00:00:00.45 Elapsed: 00:00:00.31
# Mc/sec: 961.62
//
Query:       orf3  [L=122]
Description: source=IMGVR_UViG_7000000197_000165_7000000197_SRS017808_Baylor_scaffold_59967/5240-3594 coords=589..224 length=122 frame=6 desc=
Scores for complete sequence (score includes all domains):
   --- full sequence ---   --- best 1 domain ---    -#dom-
    E-value  score  bias    E-value  score  bias    exp  N  Model    Description
    ------- ------ -----    ------- ------ -----   ---- --  -------- -----------

   [No hits detected that satisfy reporting thresholds]


Domain annotation for each model (and alignments):

   [No targets detected that satisfy reporting thresholds]


Internal pipeline statistics summary:
-------------------------------------
Query sequence(s):                         1  (122 residues searched)
Target model(s):                       19632  (3329936 nodes)
Passed MSV filter:                       702  (0.0357579); expected 392.6 (0.02)
Passed bias filter:                      457  (0.0232783); expected 392.6 (0.02)
Passed Vit filter:                        27  (0.00137531); expected 19.6 (0.001)
Passed Fwd filter:                         0  (0); expected 0.2 (1e-05)
Initial search space (Z):              19632  [actual number of targets]
Domain search space  (domZ):               0  [number of targets reported over threshold]
# CPU time: 0.30u 0.19s 00:00:00.49 Elapsed: 00:00:00.34
# Mc/sec: 1171.46
//
[ok]
             + w+++++cg+
            orf1 174 QMWKCRCDCGK 184
                     67*******96 PP

>> EPF  Epidermal patterning factor proteins
   #    score  bias  c-Evalue  i-Evalue hmmfrom  hmm to    alifrom  ali to    envfrom  env to     acc
 ---   ------ ----- --------- --------- ------- -------    ------- -------    ------- -------    ----
   1 ?    6.6   0.7    0.0016       8.1      19      46 ..      12      47 ..       7      49 .. 0.67
   2 ?    1.1   1.0     0.088   4.3e+02      39      46 ..     104     111 ..      87     117 .. 0.63
   3 ?    6.9   0.5    0.0013       6.5      36      46 ..     171     181 ..     162     185 .. 0.88

  Alignments for each domain:
  == domain 1  score: 6.6 bits;  conditional E-value: 0.0016
   EPF 19 CkavqV.......taksssaeeae.yypeaWkCkCg 46
          Ck  +V       t+   s+++++ y    W CkC+
  orf1 12 CKHDLVgkvfgywTVLGLSENQDNtYGDTRWTCKCR 47
          666666666666644444555566588999*****6 PP

  == domain 2  score: 1.1 bits;  conditional E-value: 0.088
   EPF  39 eaWkCkCg 46 
             W C C+
  orf1 104 RQWLCECK 111
           33777775 PP

  == domain 3  score: 6.9 bits;  conditional E-value: 0.0013
   EPF  36 yypeaWkCkCg 46 
            y+++WkC+C+
  orf1 171 GYAQMWKCRCD 181
           58999*****6 PP



Internal pipeline statistics summary:
-------------------------------------
Query sequence(s):                         1  (325 residues searched)
Target model(s):                       19632  (3329936 nodes)
Passed MSV filter:                       556  (0.0283211); expected 392.6 (0.02)
Passed bias filter:                      365  (0.0185921); expected 392.6 (0.02)
Passed Vit filter:                        25  (0.00127343); expected 19.6 (0.001)
Passed Fwd filter:                         5  (0.000254686); expected 0.2 (1e-05)
Initial search space (Z):              19632  [actual number of targets]
Domain search space  (domZ):               4  [number of targets reported over threshold]
# CPU time: 0.36u 0.16s 00:00:00.52 Elapsed: 00:00:00.34
# Mc/sec: 3136.85
//
[ok]
