# hmmscan :: search sequence(s) against a profile database
# HMMER 3.3.2 (Nov 2020); http://hmmer.org/
# Copyright (C) 2020 Howard Hughes Medical Institute.
# Freely distributed under the BSD open source license.
# - - - - - - - - - - - - - - - - - - - - - - - - - - - - - - - - - - - -
# query sequence file:             -
# target HMM database:             /n/eddy_lab/data/pfam-35.0/Pfam-A.hmm
# output directed to file:         ./all_windows_new/hmmscan/out/IMGVR_UViG_2617271147_000003_2617271147_2617343981_hmmscan_output.out
# per-seq hits tabular output:     ./all_windows_new/hmmscan/tblout/IMGVR_UViG_2617271147_000003_2617271147_2617343981_hmmscan_output.tblout
# - - - - - - - - - - - - - - - - - - - - - - - - - - - - - - - - - - - -

Query:       orf1  [L=118]
Description: source=IMGVR_UViG_2617271147_000003_2617271147_2617343981/3139-4707 coords=2..355 length=118 frame=2 desc=
Scores for complete sequence (score includes all domains):
   --- full sequence ---   --- best 1 domain ---    -#dom-
    E-value  score  bias    E-value  score  bias    exp  N  Model          Description
    ------- ------ -----    ------- ------ -----   ---- --  --------       -----------
    1.2e-22   80.2   0.0    1.5e-22   79.9   0.0    1.1  1  RNA_pol_Rpb2_7  RNA polymerase Rpb2, domain 7
    2.1e-06   27.2   0.1    2.8e-06   26.8   0.1    1.2  1  RNA_pol_Rpb2_6  RNA polymerase Rpb2, domain 6


Domain annotation for each model (and alignments):
>> RNA_pol_Rpb2_7  RNA polymerase Rpb2, domain 7
   #    score  bias  c-Evalue  i-Evalue hmmfrom  hmm to    alifrom  ali to    envfrom  env to     acc
 ---   ------ ----- --------- --------- ------- -------    ------- -------    ------- -------    ----
   1 !   79.9   0.0   1.6e-26   1.5e-22       1      85 [.      29     104 ..      29     106 .. 0.96

  Alignments for each domain:
  == domain 1  score: 79.9 bits;  conditional E-value: 1.6e-26
                     BBEEECHHHHHHHHHHTBHHHHHHHHTTTTTEEEEEEETTTCSCHBCCBBTTTTCSSSEEEEEEEHHHHHHHHHHHHTTEEEEEE CS
  RNA_pol_Rpb2_7   1 GGlrfGEMErdaliayGaaalLkerltikSDavevdvcgrckllaaaneCkivkseekiekvevpeafklLlqeLqslaialkll 85 
                     GG+r+GEME++al+++G a++L+e+lt+kSD    +++ r+++l +     ++ + + +++ + pe+f+lL++eL+sla++l+ +
            orf1  29 GGQRVGEMEVWALEGFGVAHILQEMLTYKSD----HIRARQEVLGT-----TIIGGTIPKPEDAPESFRLLVRELRSLALELNHF 104
                     9******************************....***********.....8888999**********************99875 PP

>> RNA_pol_Rpb2_6  RNA polymerase Rpb2, domain 6
   #    score  bias  c-Evalue  i-Evalue hmmfrom  hmm to    alifrom  ali to    envfrom  env to     acc
 ---   ------ ----- --------- --------- ------- -------    ------- -------    ------- -------    ----
   1 !   26.8   0.1   2.9e-10   2.8e-06     364     389 .]       2      27 ..       1      27 [. 0.97

  Alignments for each domain:
  == domain 1  score: 26.8 bits;  conditional E-value: 2.9e-10
                     CCCS----SS--B-TTT--B-SCGGG CS
  RNA_pol_Rpb2_6 364 vedKihaRstGpyslltqQPlgGkaq 389
                     v+dKih Rs G y l+tqQPl+G+++
            orf1   2 VDDKIHGRSSGHYALVTQQPLRGRSK 27 
                     89**********************96 PP



Internal pipeline statistics summary:
-------------------------------------
Query sequence(s):                         1  (118 residues searched)
Target model(s):                       19632  (3329936 nodes)
Passed MSV filter:                       286  (0.0145681); expected 392.6 (0.02)
Passed bias filter:                      263  (0.0133965); expected 392.6 (0.02)
Passed Vit filter:                        17  (0.000865933); expected 19.6 (0.001)
Passed Fwd filter:                         2  (0.000101874); expected 0.2 (1e-05)
Initial search space (Z):              19632  [actual number of targets]
Domain search space  (domZ):               2  [number of targets reported over threshold]
# CPU time: 0.31u 0.19s 00:00:00.50 Elapsed: 00:00:00.35
# Mc/sec: 1107.28
//
Query:       orf2  [L=158]
Description: source=IMGVR_UViG_2617271147_000003_2617271147_2617343981/3139-4707 coords=346..819 length=158 frame=1 desc=
Scores for complete sequence (score includes all domains):
   --- full sequence ---   --- best 1 domain ---    -#dom-
    E-value  score  bias    E-value  score  bias    exp  N  Model          Description
    ------- ------ -----    ------- ------ -----   ---- --  --------       -----------
    1.3e-17   64.2   0.1    1.8e-17   63.8   0.1    1.2  1  RNA_pol_Rpb1_1  RNA polymerase Rpb1, domain 1


Domain annotation for each model (and alignments):
>> RNA_pol_Rpb1_1  RNA polymerase Rpb1, domain 1
   #    score  bias  c-Evalue  i-Evalue hmmfrom  hmm to    alifrom  ali to    envfrom  env to     acc
 ---   ------ ----- --------- --------- ------- -------    ------- -------    ------- -------    ----
   1 !   63.8   0.1   9.1e-22   1.8e-17       7      94 ..      23     144 ..      18     156 .. 0.81

  Alignments for each domain:
  == domain 1  score: 63.8 bits;  conditional E-value: 9.1e-22
                     EEEEE--HHHHHHH-.........SEE--CSTSCCTTSSSSCTSSSSSSSSS-SSSSSTSTTSSSSTT............TS--..........- CS
                     xxxxxxxxxxxxxxx.........xxxxxxxxxxxxxxxxxxxxxxxxxxxxxxxxxxxxxxxxxxxx............xxxx..........x RF
  RNA_pol_Rpb1_1   7 iqfgiaspeeirkwS.........vvevtkaetieekslkPeegGllDerlgtidkdleCetCgkkkk............eCeg..........h 70 
                     +++g +sp++i +w+         v+evtk+ t+++k++kPe+ Gl++er++++ k+  C +Cg+++             +C +          +
            orf2  23 LRIGSVSPQQISAWAkkilpngetVGEVTKPYTFHYKTNKPEKDGLFCERIFGPIKSGIC-ACGNYRVignqkegpkfceQCGVefvdsrirryQ 116
                     66666777777776533333333379**********************************.****9999999999998888888*********** PP

                     -EEEEEEEEEE-CCCHHH....HHHHHC CS
                     xxxxxxxxxxxxxxxxxx....xxxxxx RF
  RNA_pol_Rpb1_1  71 fGhieLakPvfhigffkl....ilkile 94 
                     +G+i+La Pv h++++k     i ++l+
            orf2 117 MGYIRLACPVTHVWYLKRlpsyIANLLD 144
                     *****************96666444444 PP



Internal pipeline statistics summary:
-------------------------------------
Query sequence(s):                         1  (158 residues searched)
Target model(s):                       19632  (3329936 nodes)
Passed MSV filter:                       604  (0.0307661); expected 392.6 (0.02)
Passed bias filter:                      522  (0.0265892); expected 392.6 (0.02)
Passed Vit filter:                        53  (0.00269967); expected 19.6 (0.001)
Passed Fwd filter:                         1  (5.09372e-05); expected 0.2 (1e-05)
Initial search space (Z):              19632  [actual number of targets]
Domain search space  (domZ):               1  [number of targets reported over threshold]
# CPU time: 0.29u 0.20s 00:00:00.49 Elapsed: 00:00:00.34
# Mc/sec: 1543.54
//
[ok]
