# hmmscan :: search sequence(s) against a profile database
# HMMER 3.3.2 (Nov 2020); http://hmmer.org/
# Copyright (C) 2020 Howard Hughes Medical Institute.
# Freely distributed under the BSD open source license.
# - - - - - - - - - - - - - - - - - - - - - - - - - - - - - - - - - - - -
# query sequence file:             -
# target HMM database:             /n/eddy_lab/data/pfam-35.0/Pfam-A.hmm
# output directed to file:         ./all_windows_new/hmmscan/out/IMGVR_UViG_3300000290_000206_3300000290_EM291_1001636_hmmscan_output.out
# per-seq hits tabular output:     ./all_windows_new/hmmscan/tblout/IMGVR_UViG_3300000290_000206_3300000290_EM291_1001636_hmmscan_output.tblout
# - - - - - - - - - - - - - - - - - - - - - - - - - - - - - - - - - - - -

Query:       orf1  [L=329]
Description: source=IMGVR_UViG_3300000290_000206_3300000290_EM291_1001636/6595-8221 coords=120..1106 length=329 frame=3 desc=
Scores for complete sequence (score includes all domains):
   --- full sequence ---   --- best 1 domain ---    -#dom-
    E-value  score  bias    E-value  score  bias    exp  N  Model    Description
    ------- ------ -----    ------- ------ -----   ---- --  -------- -----------

   [No hits detected that satisfy reporting thresholds]


Domain annotation for each model (and alignments):

   [No targets detected that satisfy reporting thresholds]


Internal pipeline statistics summary:
-------------------------------------
Query sequence(s):                         1  (329 residues searched)
Target model(s):                       19632  (3329936 nodes)
Passed MSV filter:                       652  (0.0332111); expected 392.6 (0.02)
Passed bias filter:                      549  (0.0279645); expected 392.6 (0.02)
Passed Vit filter:                        30  (0.00152812); expected 19.6 (0.001)
Passed Fwd filter:                         0  (0); expected 0.2 (1e-05)
Initial search space (Z):              19632  [actual number of targets]
Domain search space  (domZ):               0  [number of targets reported over threshold]
# CPU time: 0.36u 0.20s 00:00:00.56 Elapsed: 00:00:00.36
# Mc/sec: 3011.81
//
Query:       orf2  [L=486]
Description: source=IMGVR_UViG_3300000290_000206_3300000290_EM291_1001636/9119-10714 coords=2..1459 length=486 frame=2 desc=
Scores for complete sequence (score includes all domains):
   --- full sequence ---   --- best 1 domain ---    -#dom-
    E-value  score  bias    E-value  score  bias    exp  N  Model    Description
    ------- ------ -----    ------- ------ -----   ---- --  -------- -----------
    3.5e-27   95.5   0.0    5.8e-27   94.8   0.0    1.4  1  RVT_1     Reverse transcriptase (RNA-dependent DNA polymerase
      2e-05   24.8   3.5      6e-05   23.2   3.5    1.9  1  HNH       HNH endonuclease
     0.0011   19.1   0.6      0.013   15.7   0.0    2.7  2  GIIM      Group II intron, maturase-specific domain


Domain annotation for each model (and alignments):
>> RVT_1  Reverse transcriptase (RNA-dependent DNA polymerase)
   #    score  bias  c-Evalue  i-Evalue hmmfrom  hmm to    alifrom  ali to    envfrom  env to     acc
 ---   ------ ----- --------- --------- ------- -------    ------- -------    ------- -------    ----
   1 !   94.8   0.0   8.8e-31   5.8e-27      37     221 ..       3     203 ..       1     204 [. 0.90

  Alignments for each domain:
  == domain 1  score: 94.8 bits;  conditional E-value: 8.8e-31
            .-------HHHH.............HCCHTS--EEEEEEBCCGCCCSBB-GGGGGGG-EEET..........................TEEEEESB--ST-TTH CS
  RVT_1  37 llsenqpgfrpgrstldavedllkalkkkkkaklllklDlkkaFdsvpleellrkltafkvptk.linliksflstrsfsvrvngeeskgryekkglpqGsvlS 139
            ++ ++++gfrp r  + a+e ++++  ++ ++ ++++ D++k+Fd+v++  l++kl++++v+++ ++ +ik++l ++     + g   + +    g+pqG+++S
   orf2   3 QFFKHSYGFRPWRDAHMALERVKDQ-VSRVGYYWIVEGDISKFFDNVNHTILIKKLWHMGVRDQrVLMIIKAML-KAG----IMG---EISENPLGTPQGGIIS 97 
            577899*************777777.6788999****************************9761455666666.333....233...6677789********* PP

            HHHHHHHHHHHHTT-T...............................TEEECTTEEEEEESSHHHHHHHHHHHHHHHHH.TT--BEGGG-EEE......ESSEE CS
  RVT_1 140 Pllfnlfmnellrelrkra.........................kgvtllrYaDDililskskeelqelleaveewlke.sglkinpeKtklvlftv.kseevk 216
            Pll+n++++++++ + +++                         k  +l+rYaDD ++l++s+e++++  + + ++lk   +l++++eKt ++   + k+++++
   orf2  98 PLLANVYLHSMDEWITREWenkktrttysssrnqyqslhrysnlKPAYLVRYADDWILLTNSRENANRWKSRIANYLKVnLKLELSMEKTLVT---NiKRKPIH 198
            ******************9*************************99********************************879************...779***** PP

            ETTEE CS
  RVT_1 217 yLGvt 221
            +LG+t
   orf2 199 FLGQuery:       orf3  [L=96]
Description: source=IMGVR_UViG_3300000290_000206_3300000290_EM291_1001636/6595-8221 coords=1208..1495 length=96 frame=2 desc=
Scores for complete sequence (score includes all domains):
   --- full sequence ---   --- best 1 domain ---    -#dom-
    E-value  score  bias    E-value  score  bias    exp  N  Model    Description
    ------- ------ -----    ------- ------ -----   ---- --  -------- -----------

   [No hits detected that satisfy reporting thresholds]


Domain annotation for each model (and alignments):

   [No targets detected that satisfy reporting thresholds]


Internal pipeline statistics summary:
-------------------------------------
Query sequence(s):                         1  (96 residues searched)
Target model(s):                       19632  (3329936 nodes)
Passed MSV filter:                       619  (0.0315302); expected 392.6 (0.02)
Passed bias filter:                      358  (0.0182355); expected 392.6 (0.02)
Passed Vit filter:                        18  (0.00091687); expected 19.6 (0.001)
Passed Fwd filter:                         0  (0); expected 0.2 (1e-05)
Initial search space (Z):              19632  [actual number of targets]
Domain search space  (domZ):               0  [number of targets reported over threshold]
# CPU time: 0.31u 0.16s 00:00:00.47 Elapsed: 00:00:00.31
# Mc/sec: 1002.54
//
Query:       orf4  [L=98]
Description: source=IMGVR_UViG_3300000290_000206_3300000290_EM291_1001636/6595-8221 coords=1627..1334 length=98 frame=4 desc=
Scores for complete sequence (score includes all domains):
   --- full sequence ---   --- best 1 domain ---    -#dom-
    E-value  score  bias    E-value  score  bias    exp  N  Model    Description
    ------- ------ -----    ------- ------ -----   ---- --  -------- -----------

   [No hits detected that satisfy reporting thresholds]


Domain annotation for each model (and alignments):

   [No targets detected that satisfy reporting thresholds]


Internal pipeline statistics summary:
-------------------------------------
Query sequence(s):                         1  (98 residues searched)
Target model(s):                       19632  (3329936 nodes)
Passed MSV filter:                       417  (0.0212408); expected 392.6 (0.02)
Passed bias filter:                      334  (0.017013); expected 392.6 (0.02)
Passed Vit filter:                        26  (0.00132437); expected 19.6 (0.001)
Passed Fwd filter:                         0  (0); expected 0.2 (1e-05)
Initial search space (Z):              19632  [actual number of targets]
Domain search space  (domZ):               0  [number of targets reported over threshold]
# CPU time: 0.31u 0.15s 00:00:00.46 Elapsed: 00:00:00.31
# Mc/sec: 1049.18
//
Query:       orf5  [L=109]
Description: source=IMGVR_UViG_3300000290_000206_3300000290_EM291_1001636/6595-8221 coords=1512..1186 length=109 frame=5 desc=
Scores for complete sequence (score includes all domains):
   --- full sequence ---   --- best 1 domain ---    -#dom-
    E-value  score  bias    E-value  score  bias    exp  N  Model    Description
    ------- ------ -----    ------- ------ -----   ---- --  -------- -----------

   [No hits detected that satisfy reporting thresholds]


Domain annotation for each model (and alignments):

   [No targets detected that satisfy reporting thresholds]


Internal pipeline statistics summary:
-------------------------------------
Query sequence(s):                         1  (109 residues searched)
Target model(s):                       19632  (3329936 nodes)
Passed MSV filter:                       387  (0.0197127); expected 392.6 (0.02)
Passed bias filter:                      316  (0.0160962); expected 392.6 (0.02)
Passed Vit filter:                        17  (0.000865933); expected 19.6 (0.001)
Passed Fwd filter:                         0  (0); expected 0.2 (1e-05)
Initial search space (Z):              19632  [actual number of targets]
Domain search space  (domZ):               0  [number of targets reported over threshold]
# CPU time: 0.26u 0.17s 00:00:00.43 Elapsed: 00:00:00.31
# Mc/sec: 1169.61
//
Query:       orf6  [L=117]
Description: source=IMGVR_UViG_3300000290_000206_3300000290_EM291_1001636/6595-8221 coords=977..627 length=117 frame=6 desc=
Scores for complete sequence (score includes all domains):
   --- full sequence ---   --- best 1 domain ---    -#dom-
    E-value  score  bias    E-value  score  bias    exp  N  Model    Description
    ------- ------ -----    ------- ------ -----   ---- --  -------- -----------

   [No hits detected that satisfy reporting thresholds]


Domain annotation for each model (and alignments):

   [No targets detected that satisfy reporting thresholds]


Internal pipeline statistics summary:
-------------------------------------
Query sequence(s):                         1  (117 residues searched)
Target model(s):                       19632  (3329936 nodes)
Passed MSV filter:                       381  (0.0194071); expected 392.6 (0.02)
Passed bias filter:                      241  (0.0122759); expected 392.6 (0.02)
Passed Vit filter:                        20  (0.00101874); expected 19.6 (0.001)
Passed Fwd filter:                         0  (0); expected 0.2 (1e-05)
Initial search space (Z):              19632  [actual number of targets]
Domain search space  (domZ):               0  [number of targets reported over threshold]
# CPU time: 0.28u 0.15s 00:00:00.43 Elapsed: 00:00:00.30
# Mc/sec: 1290.61
//
Query:       orf7  [L=170]
Description: source=IMGVR_UViG_3300000290_000206_3300000290_EM291_1001636/6595-8221 coords=623..114 length=170 frame=6 desc=
Scores for complete sequence (score includes all domains):
   --- full sequence ---   --- best 1 domain ---    -#dom-
    E-value  score  bias    E-value  score  bias    exp  N  Model    Description
    ------- ------ -----    ------- ------ -----   ---- --  -------- -----------

   [No hits detected that satisfy reporting thresholds]


Domain annotation for each model (and alignments):

   [No targets detected that satisfy reporting thresholds]


Internal pipeline statistics summary:
-------------------------------------
Query sequence(s):                         1  (170 residues searched)
Target model(s):                       19632  (3329936 nodes)
Passed MSV filter:                       374  (0.0190505); expected 392.6 (0.02)
Passed bias filter:                      266  (0.0135493); expected 392.6 (0.02)
Passed Vit filter:                        18  (0.00091687); expected 19.6 (0.001)
Passed Fwd filter:                         0  (0); expected 0.2 (1e-05)
Initial search space (Z):              19632  [actual number of targets]
Domain search space  (domZ):               0  [number of targets reported over threshold]
# CPU time: 0.27u 0.16s 00:00:00.43 Elapsed: 00:00:00.30
# Mc/sec: 1854.73
//
[ok]
