# hmmscan :: search sequence(s) against a profile database
# HMMER 3.3.2 (Nov 2020); http://hmmer.org/
# Copyright (C) 2020 Howard Hughes Medical Institute.
# Freely distributed under the BSD open source license.
# - - - - - - - - - - - - - - - - - - - - - - - - - - - - - - - - - - - -
# query sequence file:             -
# target HMM database:             /n/eddy_lab/data/pfam-35.0/Pfam-A.hmm
# output directed to file:         ./all_windows_new/hmmscan/out/IMGVR_UViG_3300042986_000617_3300042986_Ga0395766_0011738_hmmscan_output.out
# per-seq hits tabular output:     ./all_windows_new/hmmscan/tblout/IMGVR_UViG_3300042986_000617_3300042986_Ga0395766_0011738_hmmscan_output.tblout
# - - - - - - - - - - - - - - - - - - - - - - - - - - - - - - - - - - - -

Query:       orf1  [L=399]
Description: source=IMGVR_UViG_3300042986_000617_3300042986_Ga0395766_0011738/1713-119 coords=291..1487 length=399 frame=3 desc=
Scores for complete sequence (score includes all domains):
   --- full sequence ---   --- best 1 domain ---    -#dom-
    E-value  score  bias    E-value  score  bias    exp  N  Model       Description
    ------- ------ -----    ------- ------ -----   ---- --  --------    -----------
    2.2e-10   40.4  11.0    0.00068   19.7   0.2    3.9  3  DUF723       Protein of unknown function (DUF723)
     0.0051   17.3   6.4        2.5    8.7   0.2    4.5  4  DUF4379      Probable Zinc-ribbon domain
  ------ inclusion threshold ------
      0.012   15.4   0.7       0.06   13.1   0.1    2.5  2  DpnI         Dam-replacing family
       0.68   10.4   5.5        8.7    6.9   0.0    3.7  4  zf-Di19      Drought induced 19 protein (Di19), zinc-binding
        1.7    8.7   4.8        6.6    6.8   0.1    3.1  3  Prok-RING_4  Prokaryotic RING finger family 4


Domain annotation for each model (and alignments):
>> DUF723  Protein of unknown function (DUF723)
   #    score  bias  c-Evalue  i-Evalue hmmfrom  hmm to    alifrom  ali to    envfrom  env to     acc
 ---   ------ ----- --------- --------- ------- -------    ------- -------    ------- -------    ----
   1 !   16.4   1.0   1.7e-06    0.0068      22      60 .]      38      75 ..      29      75 .. 0.83
   2 !    9.2   0.3   0.00032       1.2      19      60 .]      99     138 ..      85     138 .. 0.83
   3 !   19.7   0.2   1.7e-07   0.00068      18      60 .]     161     201 ..     146     201 .. 0.90

  Alignments for each domain:
  == domain 1  score: 16.4 bits;  conditional E-value: 1.7e-06
  DUF723 22 veFegvakPvvinCPlHGnvtystykalikSkyGCPeCa 60
            ve+  ++  v i CP+HG+   s  +  +  k GCP+Ca
    orf1 38 VEYVNMKTKVKIICPIHGEFLQSP-EKHLYDKCGCPNCA 75
            56667777899********98776.556778*******7 PP

  == domain 2  score: 9.2 bits;  conditional E-value: 0.00032
  DUF723  19 lklveFegvakPvvinCPlHGnvtystykalikSkyGCPeCa 60 
              + v+++ ++  v i+C +HG  +    ++ +  k GCP Ca
    orf1  99 YSFVKYKNNRTNVKIKCYVHGIFEQT-PSNHLRGK-GCPYCA 138
             67899****************88765.45666655.9***97 PP

  == domain 3  score: 19.7 bits;  conditional E-value: 1.7e-07
  DUF723  18 hlklveFegvakPvvinCPlHGnvtystykalikSkyGCPeCa 60 
             + ++v+++g++ Pv i C +HG+     y  l +S  GCP C+
    orf1 161 DYSMVDYSGNRFPVNIICRKHGVFSQVPYVHLAGS--GCPVCG 201
             4689********************99999999887..*****7 PP

>> DUF4379  Probable Zinc-ribbon domain
   #    score  bias  c-Evalue  i-Evalue hmmfrom  hmm to    alifrom  ali to    envfrom  env to     acc
 ---   ------ ----- --------- --------- ------- -------    ------- -------    ------- -------    ----
   1 !    4.9   0.1    0.0092        36      24      56 .]      43      74 ..      29      74 .. 0.82
   2 !    8.7   0.2   0.00063       2.5      25      56 .]     108     137 ..      99     137 .. 0.83
   3 ?    3.3   0.0      0.03   1.2e+02      28      56 .]     174     200 ..     158     200 .. 0.83
   4 ?   -0.4   0.1      0.41   1.6e+03      29      34 ..     334     339 ..     317     356 .. 0.76

  Alignments for each domain:
  == domain 1  score: 4.9 bits;  conditional E-value: 0.0092
  DUF4379 24 skkkvwWkCakCgheWeasvsnRtkgsskCPkC 56
              k+kv  +C+  + e+ +s++++  ++ +CP C
     orf1 43 MKTKVKIICPI-HGEFLQSPEKHLYDKCGCPNC 74
             47899999**9.99**********66666**** PP

  == domain 2  score: 8.7 bits;  conditional E-value: 0.00063
  DUF4379  25 kkkvwWkCakCgheWeasvsnRtkgsskCPkC 56 
              +++v  kC   +  +e+++sn+ +g++ CP+C
     orf1 108 RTNVKIKCYV-HGIFEQTPSNHLRGKG-CPYC 137
              5567778888.7899********9999.**** PP

  == domain 3  score: 3.3 bits;  conditional E-value: 0.03
  DUF4379  28 vwWkCakCgheWeasvsnRtkgsskCPkC 56 
              v  +C+k +  +++ ++ + +gs+ CP C
     orf1 174 VNIICRK-HGVFSQVPYVHLAGSG-CPVC 200
              5557999.8899999999999999.**** PP

  == domain 4  score: -0.4 bits;  conditional E-value: 0.41
  DUF4379  29 wWkCak 34 
               WkC++
     orf1 334 EWKCKT 339
              366654 PP

>> DpnI  Dam-replacing family
   #    score  bias  c-Evalue  i-Evalue hmmfrom  hmm to    alifrom  ali to    envfrom  env to     acc
 ---   ------ ----- --------- --------- ------- -------    ------- -------    ------- -------    ----
   1 ?   -1.1   0.1      0.36   1.4e+03      25      43 ..      62      81 ..      48     113 .. 0.74
   2 ?   13.1   0.1   1.5e-05      0.06      34      64 ..     197     227 ..     192     266 .. 0.85

  Alignments for each domain:
  == domain 1  score: -1.1 bits;  conditional E-value: 0.36
          HHHHHHH---TTT.--SS-E CS
  DpnI 25 EkWvkknlyCpkC.gskkls 43
          Ek + +++ Cp+C g+++ls
  orf1 62 EKHLYDKCGCPNCaGNQRLS 81
          55666677777774444443 PP

  == domain 2  score: 13.1 bits;  conditional E-value: 1.5e-05
           -TTT--SS-EE--------EEE-TTT--EEE CS
  DpnI  34 CpkCgskklskfennkpvaDffCesckeefe 64 
           Cp Cg+++ ++++n k+++  fC++  +++ 
  orf1 197 CPVCGRESQQEHRNTKEIYKKFCDTMLSRYG 227
           ************************9998886 PP

>> zf-Di19  Drought induced 19 protein (Di19), zinc-binding
   #    score  bias  c-Evalue  i-Evalue hmmfrom  hmm to    alifrom  ali to    envfrom  env to     acc
 ---   ------ ----- --------- --------- ------- -------    ------- -------    ------- -------    ----
   1 ?   -2.9   0.0       2.5   9.8e+03      29      36 ..      46      53 ..      42      55 .. 0.76
   2 ?    1.2   0.1      0.13     5e+02      32      51 ..      69      91 ..      61      94 .. 0.57
   3 ?    6.9   0.0    0.0022       8.7       5      25 ..     134     156 ..     132     164 .. 0.75
   4 ?    2.3   0.1     0.058   2.3e+02      34      42 ..     197     205 ..     194     222 .. 0.66

  Alignments for each domain:
  == domain 1  score: -2.9 bits;  conditional E-value: 2.5
  zf-Di19 29 skevvCPv 36
             + + +CP+
     orf1 46 KVKIICPI 53
             55789998 PP

  == domain 2  score: 1.2 bits;  conditional E-value: 0.13
  zf-Di19 32 vvCPvCaek...vtkdlvaHltl 51
             + CP Ca +   +++ +++  +l
     orf1 69 CGCPNCAGNqrlSSNGFIQKAML 91
             45888873322244556655555 PP

  == domain 3  score: 6.9 bits;  conditional E-value: 0.0022
  zf-Di19   5 CPyCgke..ltvkeLveHvedeH 25 
              CPyC ++  lt++e+++  +  H
     orf1 134 CPYCANNvlLTTDEFIAKAKLIH 156
              99999854688888888776666 PP

  == domain 4  score: 2.3 bits;  conditional E-value: 0.058
  zf-Di19  34 CPvCaekvt 42 
              CPvC  +++
     orf1 197 CPVCGRESQ 205
              566643333 PP

>> Prok-RING_4  Prokaryotic RING finger family 4
   #    score  bias  c-Evalue  i-Evalue hmmfrom  hmm to    alifrom  ali to    envfrom  env to     acc
 ---   ------ ----- --------- --------- ------- -------    ------- -------    ------- -------    ----
   1 ?   -1.5   0.3      0.67   2.6e+03      32      37 ..      70      75 ..      62      83 .. 0.72
   2 ?    2.3   0.0     0.042   1.7e+02      31      40 ..     132     141 ..     121     148 .. 0.77
   3 ?    6.8   0.1    0.0017       6.6      29      40 ..     193     204 ..     177     210 .. 0.81

  Alignments for each domain:
  == domain 1  score: -1.5 bits;  conditional E-value: 0.67
  Prok-RING_4 32 aCPlCr 37
                 +CP C 
         orf1 70 GCPNCA 75
                 799885 PP

  == domain 2  score: 2.3 bits;  conditional E-value: 0.042
  Prok-RING_4  31 saCPlCrrri 40 
                  ++CP C  ++
         orf1 132 KGCPYCANNV 141
                  59****9987 PP

  == domain 3  score: 6.8 bits;  conditional E-value: 0.0017
  Prok-RING_4  29 dlsaCPlCrrri 40 
                    s+CP+C r+ 
         orf1 193 AGSGCPVCGRES 204
                  5689*****994 PP



Internal pipeline statistics summary:
-------------------------------------
Query sequence(s):                         1  (399 residues searched)
Target model(s):                       19632  (3329936 nodes)
Passed MSV filter:                       961  (0.0489507); expected 392.6 (0.02)
Passed bias filter:                      516  (0.0262836); expected 392.6 (0.02)
Passed Vit filter:                        40  (0.00203749); expected 19.6 (0.001)
Passed Fwd filter:                         6  (0.000305623); expected 0.2 (1e-05)
Initial search space (Z):              19632  [actual number of targets]
Domain search space  (domZ):               5  [number of targets reported over threshold]
# CPU time: 0.38u 0.19s 00:00:00.57 Elapsed: 00:00:00.36
# Mc/sec: 3615.25
//
[ok]
