# hmmscan :: search sequence(s) against a profile database
# HMMER 3.3.2 (Nov 2020); http://hmmer.org/
# Copyright (C) 2020 Howard Hughes Medical Institute.
# Freely distributed under the BSD open source license.
# - - - - - - - - - - - - - - - - - - - - - - - - - - - - - - - - - - - -
# query sequence file:             -
# target HMM database:             /n/eddy_lab/data/pfam-35.0/Pfam-A.hmm
# output directed to file:         ./all_windows_new/hmmscan/out/IMGVR_UViG_3300029716_000402_3300029716_Ga0245260_1004010_hmmscan_output.out
# per-seq hits tabular output:     ./all_windows_new/hmmscan/tblout/IMGVR_UViG_3300029716_000402_3300029716_Ga0245260_1004010_hmmscan_output.tblout
# - - - - - - - - - - - - - - - - - - - - - - - - - - - - - - - - - - - -

Query:       orf1  [L=93]
Description: source=IMGVR_UViG_3300029716_000402_3300029716_Ga0245260_1004010/6066-7650 coords=578..856 length=93 frame=2 desc=
Scores for complete sequence (score includes all domains):
   --- full sequence ---   --- best 1 domain ---    -#dom-
    E-value  score  bias    E-value  score  bias    exp  N  Model    Description
    ------- ------ -----    ------- ------ -----   ---- --  -------- -----------

   [No hits detected that satisfy reporting thresholds]


Domain annotation for each model (and alignments):

   [No targets detected that satisfy reporting thresholds]


Internal pipeline statistics summary:
-------------------------------------
Query sequence(s):                         1  (93 residues searched)
Target model(s):                       19632  (3329936 nodes)
Passed MSV filter:                       374  (0.0190505); expected 392.6 (0.02)
Passed bias filter:                      217  (0.0110534); expected 392.6 (0.02)
Passed Vit filter:                        13  (0.000662184); expected 19.6 (0.001)
Passed Fwd filter:                         0  (0); expected 0.2 (1e-05)
Initial search space (Z):              19632  [actual number of targets]
Domain search space  (domZ):               0  [number of targets reported over threshold]
# CPU time: 0.32u 0.19s 00:00:00.51 Elapsed: 00:00:00.36
# Mc/sec: 840.83
//
Query:       orf2  [L=111]
Description: source=IMGVR_UViG_3300029716_000402_3300029716_Ga0245260_1004010/6066-7650 coords=831..1163 length=111 frame=3 desc=
Scores for complete sequence (score includes all domains):
   --- full sequence ---   --- best 1 domain ---    -#dom-
    E-value  score  bias    E-value  score  bias    exp  N  Model    Description
    ------- ------ -----    ------- ------ -----   ---- --  -------- -----------

   [No hits detected that satisfy reporting thresholds]


Domain annotation for each model (and alignments):

   [No targets detected that satisfy reporting thresholds]


Internal pipeline statistics summary:
-------------------------------------
Query sequence(s):                         1  (111 residues searched)
Target model(s):                       19632  (3329936 nodes)
Passed MSV filter:                       330  (0.0168093); expected 392.6 (0.02)
Passed bias filter:                      230  (0.0117156); expected 392.6 (0.02)
Passed Vit filter:                        12  (0.000611247); expected 19.6 (0.001)
Passed Fwd filter:                         0  (0); expected 0.2 (1e-05)
Initial search space (Z):              19632  [actual number of targets]
Domain search space  (domZ):               0  [number of targets reported over threshold]
# CPU time: 0.30u 0.21s 00:00:00.51 Elapsed: 00:00:00.36
# Mc/sec: 1005.66
//
Query:       orf3  [L=484]
Description: source=IMGVR_UViG_3300029716_000402_3300029716_Ga0245260_1004010/6066-7650 coords=1..1452 length=484 frame=1 desc=
Scores for complete sequence (score includes all domains):
   --- full sequence ---   --- best 1 domain ---    -#dom-
    E-value  score  bias    E-value  score  bias    exp  N  Model    Description
    ------- ------ -----    ------- ------ -----   ---- --  -------- -----------
    8.5e-32  110.6   0.3    1.8e-31  109.5   0.1    1.7  2  RVT_1     Reverse transcriptase (RNA-dependent DNA polymerase


Domain annotation for each model (and alignments):
>> RVT_1  Reverse transcriptase (RNA-dependent DNA polymerase)
   #    score  bias  c-Evalue  i-Evalue hmmfrom  hmm to    alifrom  ali to    envfrom  env to     acc
 ---   ------ ----- --------- --------- ------- -------    ------- -------    ------- -------    ----
   1 !  109.5   0.1   9.3e-36   1.8e-31      45     222 .]       1     207 [.       1     207 [. 0.92
   2 ?   -2.4   0.0      0.16   3.1e+03      13      33 ..     272     292 ..     248     299 .. 0.78

  Alignments for each domain:
  == domain 1  score: 109.5 bits;  conditional E-value: 9.3e-36
            HHHH..............HCCHTS--EEEEEEBCCGCCCSBB-GGGGGGG-EEET...........................TEEEEESB--ST-TTHHHHHHH CS
  RVT_1  45 frpgrstldav.edllkalkkkkkaklllklDlkkaFdsvpleellrkltafkvpt.klinliksflstrsfsvrv.ngeeskgryekkglpqGsvlSPllfnl 145
            frp+rs+++av ++++    ++ + ++++++D+k++Fd+v++++l+r+++a+++++ +li +ik++l   ++ +r+ +g   +++   kg+pqG+++SPll+n+
   orf3   1 FRPNRSVEHAVqKTYTML--QRMNLHYVIEFDIKGFFDNVNHSKLMRQIWAMGIHDkQLIFIIKRIL---KAPIRMpDG---TTLIPDKGTPQGGIISPLLANI 96 
            89*******996444444..45566*****************************8615799******...555688777...78******************** PP

            HHHHHHTT-T.........................................TEEECTTEEEEEESSHHHHHHHHHHHHHHHHH.TT--BEGGG-EEE......E CS
  RVT_1 146 fmnellrelrkra...................................kgvtllrYaDDililskskeelqelleaveewlke.sglkinpeKtklvlftv.ks 212
            ++nel++ +++++                                   k+ +++rYaDD+ i++++ke++ +  eav +w+ e  +l+++peKt++v   + ++
   orf3  97 VLNELDKWVESQWqnhplvkeygyerkirnsitfdrskaflkmrktglKEMYIVRYADDFRIFCRNKEDALRTKEAVTAWITErLRLEVSPEKTRIV---NvRK 197
            *********************************************************************************9989************...6699 PP

            SSEEETTEEE CS
  RVT_1 213 eevkyLGvtl 222
            +  ++LG+++
   orf3 198 RYSEFLGFKI 207
            9999**9986 PP

  == domain 2  score: -2.4 bits;  conditional E-value: 0.16
            .....-THHHHCTB--..... CS
  RVT_1  13 sllsvdykalnkliakrLkdv 33 
             ++s+d++++ + +   L++ 
   orf3 272 TCISIDCRKIHRQVMTVLTNR 292
            577788888888877766654 PP



Internal pipeline statistics summary:
-------------------------------------
Query sequence(s):                         1  (484 residues searched)
Target model(s):                       19632  (3329936 nodes)
Passed MSV filter:                       619  (0.0315302); expected 392.6 (0.02)
Passed bias filter:                      487  (0.0248064); expected 392.6 (0.02)
Passed Vit filter:                        38  (0.00193562); expected 19.6 (0.001)
Passed Fwd filter:                         1  (5.09372e-05); expected 0.2 (1e-05)
Initial search space (Z):              19632  [actual number of targets]
Domain search space  (domZ):               1  [number of targets reported over threshold]
# CPU time: 0.36u 0.20s 00:00:00.56 Elapsed: 00:00:00.35
# Mc/sec: 4566.21
//
Query:       orf4  [L=109]
Description: source=IMGVR_UViG_3300029716_000402_3300029716_Ga0245260_1004010/6066-7650 coords=597..271 length=109 frame=5 desc=
Scores for complete sequence (score includes all domains):
   --- full sequence ---   --- best 1 domain ---    -#dom-
    E-value  score  bias    E-value  score  bias    exp  N  Model    Description
    ------- ------ -----    ------- ------ -----   ---- --  -------- -----------

   [No hits detected that satisfy reporting thresholds]


Domain annotation for each model (and alignments):

   [No targets detected that satisfy reporting thresholds]


Internal pipeline statistics summary:
-------------------------------------
Query sequence(s):                         1  (109 residues searched)
Target model(s):                       19632  (3329936 nodes)
Passed MSV filter:                       200  (0.0101874); expected 392.6 (0.02)
Passed bias filter:                      170  (0.00865933); expected 392.6 (0.02)
Passed Vit filter:                         8  (0.000407498); expected 19.6 (0.001)
Passed Fwd filter:                         0  (0); expected 0.2 (1e-05)
Initial search space (Z):              19632  [actual number of targets]
Domain search space  (domZ):               0  [number of targets reported over threshold]
# CPU time: 0.29u 0.14s 00:00:00.43 Elapsed: 00:00:00.30
# Mc/sec: 1187.55
//
Query:       orf5  [L=158]
Description: source=IMGVR_UViG_3300029716_000402_3300029716_Ga0245260_1004010/6066-7650 coords=593..120 length=158 frame=6 desc=
Scores for complete sequence (score includes all domains):
   --- full sequence ---   --- best 1 domain ---    -#dom-
    E-value  score  bias    E-value  score  bias    exp  N  Model    Description
    ------- ------ -----    ------- ------ -----   ---- --  -------- -----------

   [No hits detected that satisfy reporting thresholds]


Domain annotation for each model (and alignments):

   [No targets detected that satisfy reporting thresholds]


Internal pipeline statistics summary:
-------------------------------------
Query sequence(s):                         1  (158 residues searched)
Target model(s):                       19632  (3329936 nodes)
Passed MSV filter:                       518  (0.0263855); expected 392.6 (0.02)
Passed bias filter:                      298  (0.0151793); expected 392.6 (0.02)
Passed Vit filter:                        18  (0.00091687); expected 19.6 (0.001)
Passed Fwd filter:                         0  (0); expected 0.2 (1e-05)
Initial search space (Z):              19632  [actual number of targets]
Domain search space  (domZ):               0  [number of targets reported over threshold]
# CPU time: 0.30u 0.16s 00:00:00.46 Elapsed: 00:00:00.32
# Mc/sec: 1610.09
//
[ok]
ilGpsGsGks.fft..n..hlvrsyyeqg.ahvvlvdvGhsy 69 
                  +p + +   n+n l++G+sGsGk+ ff+  n  ++  sy+ ++    vlv+ G+  
         orf3 144 RPKNPANARNKNVLVVGGSGSGKTrFFIkpNlmQMHSSYVVTDpKGTVLVECGKML 199
                  566677789**************844542221123334433331456777777655 PP

>> UvrD-helicase  UvrD/REP helicase N-terminal domain
   #    score  bias  c-Evalue  i-Evalue hmmfrom  hmm to    alifrom  ali to    envfrom  env to     acc
 ---   ------ ----- --------- --------- ------- -------    ------- -------    ------- -------    ----
   1 ?   12.7   0.0   2.9e-05     0.071       2      30 ..     142     170 ..     141     182 .. 0.86

  Alignments for each domain:
  == domain 1  score: 12.7 bits;  conditional E-value: 2.9e-05
                    SHHHHHHHHS-SSEEEEEE-TTSSHHHHH CS
  UvrD-helicase   2 npeqreaiaslggpilveAsAGsGKTfvl 30 
                    n   +++++  ++++lv+ + GsGKT+  
           orf3 142 NGRPKNPANARNKNVLVVGGSGSGKTRFF 170
                    5667899999****************965 PP

>> DEAD  DEAD/DEAH box helicase
   #    score  bias  c-Evalue  i-Evalue hmmfrom  hmm to    alifrom  ali to    envfrom  env to     acc
 ---   ------ ----- --------- --------- ------- -------    ------- -------    ------- -------    ----
   1 ?   12.0   0.0   5.9e-05      0.15      13      42 ..     152     181 ..     144     211 .. 0.79
   2 ?   -3.0   0.0       2.4     6e+03     157     175 ..     269     286 ..     249     287 .. 0.53

  Alignments for each domain:
  == domain 1  score: 12.0 bits;  conditional E-value: 5.9e-05
           TTHEEEEEESTTSSHHHHHHHHHHHHHHHS CS
           xxxxxxxxxxxxxxxxxxxxxxxxxxxxxx RF
  DEAD  13 gggdvlvaaeTGsGKTlaflipvlqivyet 42 
           ++++vlv +  GsGKT  f+ p l ++ ++
  orf3 152 RNKNVLVVGGSGSGKTRFFIKPNLMQMHSS 181
           689*******************99877665 PP

  == domain 2  score: -3.0 bits;  conditional E-value: 2.4
           TTTSEEEEEESSBSHHHHH CS
           xxxxxxxxxxxxxxxxxxx RF
  DEAD 157 klqrqvivlSATlpkdvkk 175
           k       +SAT +++vk 
  orf3 269 K-AGDDFWVSATRSQTVKS 286
           3.23367788888888775 PP

>> AAA_19  AAA domain
   #    score  bias  c-Evalue  i-Evalue hmmfrom  hmm to    alifrom  ali to    envfrom  env to     acc
 ---   ------ ----- --------- --------- ------- -------    ------- -------    ------- -------    ----
   1 ?   12.6   0.0   5.4e-05      0.13       8      26 ..     151     169 ..     146     193 .. 0.85

  Alignments for each domain:
  == domain 1  score: 12.6 bits;  conditional E-value: 5.4e-05
  AAA_19   8 lkekvllvtaGpGtGKTrt 26 
             +++k++lv++G G+GKTr 
    orf3 151 ARNKNVLVVGGSGSGKTRF 169
             6899*************96 PP

>> FtsK_SpoIIIE  FtsK/SpoIIIE family
   #    score  bias  c-Evalue  i-Evalue hmmfrom  hmm to    alifrom  ali to    envfrom  env to     acc
 ---   ------ ----- --------- --------- ------- -------    ------- -------    ------- -------    ----
   1 ?   11.1   0.0   8.1e-05       0.2      39      55 ..     151     169 ..     128     181 .. 0.84

  Alignments for each domain:
  == domain 1  score: 11.1 bits;  conditional E-value: 8.1e-05
                   -...SEEEE--TTSSHHHH CS
  FtsK_SpoIIIE  39 a..shllvaGatgsGKSta 55 
                   a   ++lv+G++gsGK+ +
          orf3 151 ArnKNVLVVGGSGSGKTRF 169
                   1556*************87 PP

>> Zeta_toxin  Zeta toxin
   #    score  bias  c-Evalue  i-Evalue hmmfrom  hmm to    alifrom  ali to    envfrom  env to     acc
 ---   ------ ----- --------- --------- ------- -------    ------- -------    ------- -------    ----
   1 ?   10.4   0.0   0.00014      0.33      10      50 ..     147     186 ..     140     188 .. 0.73

  Alignments for each domain:
  == domain 1  score: 10.4 bits;  conditional E-value: 0.00014
  Zeta_toxin  10 tpsqerPkaillgGqpGaGKtelaellkdelerqgnvvrid 50 
                 +p++ r k +l++G++G+GKt+   + +  +++++++v+ d
        orf3 147 NPANARNKNVLVVGGSGSGKTRFFIKPNL-MQMHSSYVVTD 186
                 577889999************97644333.34577777655 PP



Internal pipeline statistics summary:
-------------------------------------
Query sequence(s):                         1  (301 residues searched)
Target model(s):                       19632  (3329936 nodes)
Passed MSV filter:                       531  (0.0270477); expected 392.6 (0.02)
Passed bias filter:                      484  (0.0246536); expected 392.6 (0.02)
Passed Vit filter:                        75  (0.00382029); expected 19.6 (0.001)
Passed Fwd filter:                         8  (0.000407498); expected 0.2 (1e-05)
Initial search space (Z):              19632  [actual number of targets]
Domain search space  (domZ):               8  [number of targets reported over threshold]
# CPU time: 0.33u 0.16s 00:00:00.49 Elapsed: 00:00:00.30
# Mc/sec: 3290.23
//
Query:       orf4  [L=97]
Description: source=IMGVR_UViG_3300029716_000402_3300029716_Ga0245260_1004010/3468-5162 coords=1388..1098 length=97 frame=5 desc=
Scores for complete sequence (score includes all domains):
   --- full sequence ---   --- best 1 domain ---    -#dom-
    E-value  score  bias    E-value  score  bias    exp  N  Model    Description
    ------- ------ -----    ------- ------ -----   ---- --  -------- -----------

   [No hits detected that satisfy reporting thresholds]


Domain annotation for each model (and alignments):

   [No targets detected that satisfy reporting thresholds]


Internal pipeline statistics summary:
-------------------------------------
Query sequence(s):                         1  (97 residues searched)
Target model(s):                       19632  (3329936 nodes)
Passed MSV filter:                       337  (0.0171659); expected 392.6 (0.02)
Passed bias filter:                      305  (0.0155359); expected 392.6 (0.02)
Passed Vit filter:                        24  (0.00122249); expected 19.6 (0.001)
Passed Fwd filter:                         0  (0); expected 0.2 (1e-05)
Initial search space (Z):              19632  [actual number of targets]
Domain search space  (domZ):               0  [number of targets reported over threshold]
# CPU time: 0.27u 0.14s 00:00:00.41 Elapsed: 00:00:00.28
# Mc/sec: 1121.48
//
Query:       orf5  [L=102]
Description: source=IMGVR_UViG_3300029716_000402_3300029716_Ga0245260_1004010/3468-5162 coords=681..376 length=102 frame=4 desc=
Scores for complete sequence (score includes all domains):
   --- full sequence ---   --- best 1 domain ---    -#dom-
    E-value  score  bias    E-value  score  bias    exp  N  Model    Description
    ------- ------ -----    ------- ------ -----   ---- --  -------- -----------

   [No hits detected that satisfy reporting thresholds]


Domain annotation for each model (and alignments):

   [No targets detected that satisfy reporting thresholds]


Internal pipeline statistics summary:
-------------------------------------
Query sequence(s):                         1  (102 residues searched)
Target model(s):                       19632  (3329936 nodes)
Passed MSV filter:                       713  (0.0363183); expected 392.6 (0.02)
Passed bias filter:                      377  (0.0192033); expected 392.6 (0.02)
Passed Vit filter:                        33  (0.00168093); expected 19.6 (0.001)
Passed Fwd filter:                         0  (0); expected 0.2 (1e-05)
Initial search space (Z):              19632  [actual number of targets]
Domain search space  (domZ):               0  [number of targets reported over threshold]
# CPU time: 0.28u 0.15s 00:00:00.43 Elapsed: 00:00:00.29
# Mc/sec: 1153.88
//
[ok]
