# hmmscan :: search sequence(s) against a profile database
# HMMER 3.3.2 (Nov 2020); http://hmmer.org/
# Copyright (C) 2020 Howard Hughes Medical Institute.
# Freely distributed under the BSD open source license.
# - - - - - - - - - - - - - - - - - - - - - - - - - - - - - - - - - - - -
# query sequence file:             -
# target HMM database:             /n/eddy_lab/data/pfam-35.0/Pfam-A.hmm
# output directed to file:         ./all_windows_new/hmmscan/out/IMGVR_UViG_3300050196_000415_3300050196_Ga0501166_002590_hmmscan_output.out
# per-seq hits tabular output:     ./all_windows_new/hmmscan/tblout/IMGVR_UViG_3300050196_000415_3300050196_Ga0501166_002590_hmmscan_output.tblout
# - - - - - - - - - - - - - - - - - - - - - - - - - - - - - - - - - - - -

Query:       orf1  [L=240]
Description: source=IMGVR_UViG_3300050196_000415_3300050196_Ga0501166_002590/57-1776 coords=263..982 length=240 frame=2 desc=
Scores for complete sequence (score includes all domains):
   --- full sequence ---   --- best 1 domain ---    -#dom-
    E-value  score  bias    E-value  score  bias    exp  N  Model         Description
    ------- ------ -----    ------- ------ -----   ---- --  --------      -----------
  ------ inclusion threshold ------
      0.019   14.9   0.1      0.039   13.9   0.1    1.4  1  NodS           Nodulation protein S (NodS)
      0.096   13.2   0.2       0.13   12.7   0.2    1.3  1  Aspzincin_M35  Lysine-specific metallo-endopeptidase
       0.13   11.9   0.0        0.2   11.3   0.0    1.2  1  Peptidase_M60  Peptidase M60, enhancin and enhancin-like


Domain annotation for each model (and alignments):
>> NodS  Nodulation protein S (NodS)
   #    score  bias  c-Evalue  i-Evalue hmmfrom  hmm to    alifrom  ali to    envfrom  env to     acc
 ---   ------ ----- --------- --------- ------- -------    ------- -------    ------- -------    ----
   1 ?   13.9   0.1   5.9e-06     0.039      86     118 ..     195     229 ..     181     235 .. 0.86

  Alignments for each domain:
  == domain 1  score: 13.9 bits;  conditional E-value: 5.9e-06
  NodS  86 nkwsdiiwveqdvqrl..dltekydlivvaevlyy 118
           n++ + i++++d+  +  + +++y  i+++ev+ y
  orf1 195 NHYMEFIFHNCDINSFgiSENKRYAHIICTEVMLY 229
           778899********983355789*********987 PP

>> Aspzincin_M35  Lysine-specific metallo-endopeptidase
   #    score  bias  c-Evalue  i-Evalue hmmfrom  hmm to    alifrom  ali to    envfrom  env to     acc
 ---   ------ ----- --------- --------- ------- -------    ------- -------    ------- -------    ----
   1 ?   12.7   0.2     2e-05      0.13      91     120 ..      80     109 ..      11     131 .. 0.56

  Alignments for each domain:
  == domain 1  score: 12.7 bits;  conditional E-value: 2e-05
  Aspzincin_M35  91 skagtivHEltHleevagtdDlaYgqsaak 120
                      + +ivHEltH++++ + + ++ + + ++
           orf1  80 AITDIIVHELTHFNQNIDFNRYGEDDEYTN 109
                    46789*********7644443333333344 PP

>> Peptidase_M60  Peptidase M60, enhancin and enhancin-like
   #    score  bias  c-Evalue  i-Evalue hmmfrom  hmm to    alifrom  ali to    envfrom  env to     acc
 ---   ------ ----- --------- --------- ------- -------    ------- -------    ------- -------    ----
   1 ?   11.3   0.0     3e-05       0.2     132     170 ..      85     123 ..      77     151 .. 0.85

  Alignments for each domain:
  == domain 1  score: 11.3 bits;  conditional E-value: 3e-05
  Peptidase_M60 132 llHElGHnqQrpgwkwvggtgEvtnNvlslyvqetltgi 170
                    ++HEl H +Q+ +++ +g+  E tnN+   +  +  + i
           orf1  85 IVHELTHFNQNIDFNRYGEDDEYTNNIEEEADRSSAKYI 123
                    68*************************877766666555 PP



Internal pipeline statistics summary:
-------------------------------------
Query sequence(s):                         1  (240 residues searched)
Target model(s):                       19632  (3329936 nodes)
Passed MSV filter:                       770  (0.0392217); expected 392.6 (0.02)
Passed bias filter:                      472  (0.0240424); expected 392.6 (0.02)
Passed Vit filter:                        44  (0.00224124); expected 19.6 (0.001)
Passed Fwd filter:                         3  (0.000152812); expected 0.2 (1e-05)
Initial search space (Z):              19632  [actual number of targets]
Domain search space  (domZ):               3  [number of targets reported over threshold]
# CPU time: 0.29u 0.16s 00:00:00.44 Elapsed: 00:00:00.28
# Mc/sec: 2796.74
//
Query:       orf2  [L=168]
Description: source=IMGVR_UViG_3300050196_000415_3300050196_Ga0501166_002590/57-1776 coords=978..1481 length=168 frame=3 desc=
Scores for complete sequence (score includes all domains):
   --- full sequence ---   --- best 1 domain ---    -#dom-
    E-value  score  bias    E-value  score  bias    exp  N  Model    Description
    ------- ------ -----    ------- ------ -----   ---- --  -------- -----------
     0.0062   16.7   0.0      0.015   15.5   0.0    1.6  1  Zincin_1  Zincin-like metallopeptidase
  ------ inclusion threshold ------
      0.058   13.5   0.1       0.08   13.0   0.1    1.2  1  Cutinase  Cutinase


Domain annotation for each model (and alignments):
>> Zincin_1  Zincin-like metallopeptidase
   #    score  bias  c-Evalue  i-Evalue hmmfrom  hmm to    alifrom  ali to    envfrom  env to     acc
 ---   ------ ----- --------- --------- ------- -------    ------- -------    ------- -------    ----
   1 !   15.5   0.0   1.5e-06     0.015      49      83 ..      52      86 ..      34      93 .. 0.88

  Alignments for each domain:
  == domain 1  score: 15.5 bits;  conditional E-value: 1.5e-06
              -EEEEEHHHHHHH--TT--HHHHHHHHHHHHHHHH CS
  Zincin_1 49 drivlYrrpllavaetreeleeevretllhEiahh 83
              + iv+Y +++ + ++++  +  e+  t++hE+ h+
      orf2 52 QYIVVYLENIINKCNSHSVICTEIVATIVHELMHY 86
              67********************************8 PP

>> Cutinase  Cutinase
   #    score  bias  c-Evalue  i-Evalue hmmfrom  hmm to    alifrom  ali to    envfrom  env to     acc
 ---   ------ ----- --------- --------- ------- -------    ------- -------    ------- -------    ----
   1 ?   13.0   0.1   8.2e-06      0.08     104     164 ..      20      88 ..       7      99 .. 0.75

  Alignments for each domain:
  == domain 1  score: 13.0 bits;  conditional E-value: 8.2e-06
               ..S-HHHHHHEEEEEEES-TTC...CCCTT.....S-TTS-GGGEEEE--TT-GGGTS----GGGG..-GGG CS
  Cutinase 104 t.lpaavadkvaavvlfGdpsn...vaglp.....evsklyaskikslCdagDpiCgsgneleaHl..sYvs 164
               + l+ +++++++a +l+ + ++   v         ++  +y ++i++ C++  +iC++ + + +H    Y +
      orf2  20 EdLNGKINSHIKANALYFQLNQnpdV---MgsgnyQYIVVYLENIINKCNSHSVICTEIVATIVHElmHYNQ 88 
               349999*********99887774551...334444777889*******************999998434443 PP



Internal pipeline statistics summary:
-------------------------------------
Query sequence(s):                         1  (168 residues searched)
Target model(s):                       19632  (3329936 nodes)
Passed MSV filter:                      1022  (0.0520579); expected 392.6 (0.02)
Passed bias filter:                      635  (0.0323452); expected 392.6 (0.02)
Passed Vit filter:                        42  (0.00213936); expected 19.6 (0.001)
Passed Fwd filter:                         2  (0.000101874); expected 0.2 (1e-05)
Initial search space (Z):              19632  [actual number of targets]
Domain search space  (domZ):               2  [number of targets reported over threshold]
# CPU time: 0.36u 0.16s 00:00:00.52 Elapsed: 00:00:00.28
# Mc/sec: 1961.94
//
[ok]
rom  ali to    envfrom  env to     acc
 ---   ------ ----- --------- --------- ------- -------    ------- -------    ------- -------    ----
   1 ?   10.8   0.0   0.00017      0.47       1      23 [.     415     437 ..     415     476 .. 0.64

  Alignments for each domain:
  == domain 1  score: 10.8 bits;  conditional E-value: 0.00017
  HNH_2   1 CvitgiddpalleaAHIiPwsls 23 
            C+it+   + ++e++HIiP+s  
   orf1 415 CAITKSPLDMSMEVHHIIPLSKG 437
            99***7777799*******6654 PP



Internal pipeline statistics summary:
-------------------------------------
Query sequence(s):                         1  (493 residues searched)
Target model(s):                       19632  (3329936 nodes)
Passed MSV filter:                       801  (0.0408007); expected 392.6 (0.02)
Passed bias filter:                      470  (0.0239405); expected 392.6 (0.02)
Passed Vit filter:                        29  (0.00147718); expected 19.6 (0.001)
Passed Fwd filter:                         7  (0.000356561); expected 0.2 (1e-05)
Initial search space (Z):              19632  [actual number of targets]
Domain search space  (domZ):               7  [number of targets reported over threshold]
# CPU time: 0.36u 0.16s 00:00:00.52 Elapsed: 00:00:00.27
# Mc/sec: 5899.31
//
Query:       orf2  [L=98]
Description: source=IMGVR_UViG_3300050196_000415_3300050196_Ga0501166_002590/3041-4625 coords=816..523 length=98 frame=5 desc=
Scores for complete sequence (score includes all domains):
   --- full sequence ---   --- best 1 domain ---    -#dom-
    E-value  score  bias    E-value  score  bias    exp  N  Model    Description
    ------- ------ -----    ------- ------ -----   ---- --  -------- -----------
  ------ inclusion threshold ------
       0.46   10.6   4.5       0.22   11.6   1.5    1.8  2  DUF2678   Protein of unknown function (DUF2678)


Domain annotation for each model (and alignments):
>> DUF2678  Protein of unknown function (DUF2678)
   #    score  bias  c-Evalue  i-Evalue hmmfrom  hmm to    alifrom  ali to    envfrom  env to     acc
 ---   ------ ----- --------- --------- ------- -------    ------- -------    ------- -------    ----
   1 ?    1.0   0.4     0.022   4.3e+02      59      96 ..      15      54 ..       3      61 .. 0.54
   2 ?   11.6   1.5   1.1e-05      0.22      36      72 ..      54      92 ..      44      96 .. 0.73

  Alignments for each domain:
  == domain 1  score: 1.0 bits;  conditional E-value: 0.022
  DUF2678 59 alniffavcillicssvl..vlifwyrqgdlepkfrnliy 96
             +++if+a  i l +++     l        l+pk   l++
     orf2 15 SFKIFLAWSIALFVGCDFtiHLFRLSNALILNPKNSVLVF 54
             5678888777766554330023222333346777666654 PP

  == domain 2  score: 11.6 bits;  conditional E-value: 1.1e-05
  DUF2678 36 gltsllv.lvtvissfvfps.lppkalniffavcillic 72
              lts+++ +  +iss+ +       a+nif+avci+l +
     orf2 54 FLTSVILdFSGLISSLSLSFnQYRTAINIFLAVCISLQA 92
             56766543678999987764145679*********9976 PP



Internal pipeline statistics summary:
-------------------------------------
Query sequence(s):                         1  (98 residues searched)
Target model(s):                       19632  (3329936 nodes)
Passed MSV filter:                       618  (0.0314792); expected 392.6 (0.02)
Passed bias filter:                      277  (0.0141096); expected 392.6 (0.02)
Passed Vit filter:                        18  (0.00091687); expected 19.6 (0.001)
Passed Fwd filter:                         1  (5.09372e-05); expected 0.2 (1e-05)
Initial search space (Z):              19632  [actual number of targets]
Domain search space  (domZ):               1  [number of targets reported over threshold]
# CPU time: 0.28u 0.15s 00:00:00.43 Elapsed: 00:00:00.26
# Mc/sec: 1230.82
//
[ok]
