# hmmscan :: search sequence(s) against a profile database
# HMMER 3.3.2 (Nov 2020); http://hmmer.org/
# Copyright (C) 2020 Howard Hughes Medical Institute.
# Freely distributed under the BSD open source license.
# - - - - - - - - - - - - - - - - - - - - - - - - - - - - - - - - - - - -
# query sequence file:             -
# target HMM database:             /n/eddy_lab/data/pfam-35.0/Pfam-A.hmm
# output directed to file:         ./all_windows_new/hmmscan/out/IMGVR_UViG_3300029334_000152_3300029334_Ga0243717_1000891_hmmscan_output.out
# per-seq hits tabular output:     ./all_windows_new/hmmscan/tblout/IMGVR_UViG_3300029334_000152_3300029334_Ga0243717_1000891_hmmscan_output.tblout
# - - - - - - - - - - - - - - - - - - - - - - - - - - - - - - - - - - - -

Query:       orf1  [L=134]
Description: source=IMGVR_UViG_3300029334_000152_3300029334_Ga0243717_1000891/16164-14469 coords=298..699 length=134 frame=1 desc=
Scores for complete sequence (score includes all domains):
   --- full sequence ---   --- best 1 domain ---    -#dom-
    E-value  score  bias    E-value  score  bias    exp  N  Model    Description
    ------- ------ -----    ------- ------ -----   ---- --  -------- -----------

   [No hits detected that satisfy reporting thresholds]


Domain annotation for each model (and alignments):

   [No targets detected that satisfy reporting thresholds]


Internal pipeline statistics summary:
-------------------------------------
Query sequence(s):                         1  (134 residues searched)
Target model(s):                       19632  (3329936 nodes)
Passed MSV filter:                       444  (0.0226161); expected 392.6 (0.02)
Passed bias filter:                      378  (0.0192543); expected 392.6 (0.02)
Passed Vit filter:                        26  (0.00132437); expected 19.6 (0.001)
Passed Fwd filter:                         0  (0); expected 0.2 (1e-05)
Initial search space (Z):              19632  [actual number of targets]
Domain search space  (domZ):               0  [number of targets reported over threshold]
# CPU time: 0.29u 0.22s 00:00:00.51 Elapsed: 00:00:00.36
# Mc/sec: 1206.25
//
Query:       orf2  [L=91]
Description: source=IMGVR_UViG_3300029334_000152_3300029334_Ga0243717_1000891/16164-14469 coords=497..769 length=91 frame=2 desc=
Scores for complete sequence (score includes all domains):
   --- full sequence ---   --- best 1 domain ---    -#dom-
    E-value  score  bias    E-value  score  bias    exp  N  Model    Description
    ------- ------ -----    ------- ------ -----   ---- --  -------- -----------

   [No hits detected that satisfy reporting thresholds]


Domain annotation for each model (and alignments):

   [No targets detected that satisfy reporting thresholds]


Internal pipeline statistics summary:
-------------------------------------
Query sequence(s):                         1  (91 residues searched)
Target model(s):                       19632  (3329936 nodes)
Passed MSV filter:                       772  (0.0393236); expected 392.6 (0.02)
Passed bias filter:                      384  (0.0195599); expected 392.6 (0.02)
Passed Vit filter:                        24  (0.00122249); expected 19.6 (0.001)
Passed Fwd filter:                         0  (0); expected 0.2 (1e-05)
Initial search space (Z):              19632  [actual number of targets]
Domain search space  (domZ):               0  [number of targets reported over threshold]
# CPU time: 0.29u 0.20s 00:00:00.49 Elapsed: 00:00:00.35
# Mc/sec: 857.93
//
Query:       orf3  [L=173]
Description: source=IMGVR_UViG_3300029334_000152_3300029334_Ga0243717_1000891/16164-14469 coords=947..1465 length=173 frame=2 desc=
Scores for complete sequence (score includes all domains):
   --- full sequence ---   --- best 1 domain ---    -#dom-
    E-value  score  bias    E-value  score  bias    exp  N  Model    Description
    ------- ------ -----    ------- ------ -----   ---- --  -------- -----------
    0.00069   19.8   0.1    0.00088   19.4   0.1    1.1  1  Band_7    SPFH domain / Band 7 family


Domain annotation for each model (and alignments):
>> Band_7  SPFH domain / Band 7 family
   #    score  bias  c-Evalue  i-Evalue hmmfrom  hmm to    alifrom  ali to    envfrom  env to     acc
 ---   ------ ----- --------- --------- ------- -------    ------- -------    ------- -------    ----
   1 !   19.4   0.1   4.5e-08   0.00088       4     105 ..      65     168 ..      62     171 .. 0.81

  Alignments for each domain:
  == domain 1  score: 19.4 bits;  conditional E-value: 4.5e-08
  Band_7   4 eegevgvvvrfGklkr..vlepGlhfilPflrsvtlvsvrvitldvsvdsltvptkDglpvtidvtviyrv..dpddapklvaav.dqesanldnlirrvles 101
             +++ ++++ +f k+ r  + ++G  ++lPfl++  +  v++i++d++  +  +pt+D + v++d++  +rv  d d +  +++++ + ++ ++ + ++  l+ 
    orf3  65 PPNVAYIISGFRKEPRvlIGRAG--IKLPFLERKDVLLVKQISVDIKT-NGYIPTQDFIGVDVDAVAKIRVktDGDGIQIAMKNFlNMSESDIVSALTDSLQG 164
             68888999889999994445556..667********************.**********************66666666666666777777777777777777 PP

  Band_7 102 alre 105
             + re
    orf3 165 NMRE 168
             7776 PP



Internal pipeline statistics summary:
-------------------------------------
Query sequence(s):                         1  (173 residues searched)
Target model(s):                       19632  (3329936 nodes)
Passed MSV filter:                       661  (0.0336695); expected 392.6 (0.02)
Passed bias filter:                      496  (0.0252649); expected 392.6 (0.02)
Passed Vit filter:                        40  (0.00203749); expected 19.6 (0.001)
Passed Fwd filter:                         1  (5.09372e-05); expected 0.2 (1e-05)
Initial search space (Z):              19632  [actual number of targets]
Domain search space  (domZ):               1  [number of targets reported over threshold]
# CPU time: 0.30u 0.20s 00:00:00.50 Elapsed: 00:00:00.35
# Mc/sec: 1623.94
//
Query:       orf4  [L=93]
Description: source=IMGVR_UViG_3300029334_000152_3300029334_Ga0243717_1000891/16164-14469 coords=548..270 length=93 frame=6 desc=
Scores for complete sequence (score includes all domains):
   --- full sequence ---   --- best 1 domain ---    -#dom-
    E-value  score  bias    E-value  score  bias    exp  N  Model    Description
    ------- ------ -----    ------- ------ -----   ---- --  -------- -----------

   [No hits detected that satisfy reporting thresholds]


Domain annotation for each model (and alignments):

   [No targets detected that satisfy reporting thresholds]


Internal pipeline statistics summary:
-------------------------------------
Query sequence(s):                         1  (93 residues searched)
Target model(s):                       19632  (3329936 nodes)
Passed MSV filter:                       437  (0.0222596); expected 392.6 (0.02)
Passed bias filter:                      312  (0.0158924); expected 392.6 (0.02)
Passed Vit filter:                        19  (0.000967808); expected 19.6 (0.001)
Passed Fwd filter:                         0  (0); expected 0.2 (1e-05)
Initial search space (Z):              19632  [actual number of targets]
Domain search space  (domZ):               0  [number of targets reported over threshold]
# CPU time: 0.31u 0.18s 00:00:00.49 Elapsed: 00:00:00.34
# Mc/sec: 886.33
//
[ok]
0.000254686); expected 0.2 (1e-05)
Initial search space (Z):              19632  [actual number of targets]
Domain search space  (domZ):               5  [number of targets reported over threshold]
# CPU time: 0.38u 0.19s 00:00:00.57 Elapsed: 00:00:00.36
# Mc/sec: 4449.72
//
[ok]
