# hmmscan :: search sequence(s) against a profile database
# HMMER 3.3.2 (Nov 2020); http://hmmer.org/
# Copyright (C) 2020 Howard Hughes Medical Institute.
# Freely distributed under the BSD open source license.
# - - - - - - - - - - - - - - - - - - - - - - - - - - - - - - - - - - - -
# query sequence file:             -
# target HMM database:             /n/eddy_lab/data/pfam-35.0/Pfam-A.hmm
# output directed to file:         ./all_windows_new/hmmscan/out/IMGVR_UViG_3300045988_124161_3300045988_Ga0495776_166541_hmmscan_output.out
# per-seq hits tabular output:     ./all_windows_new/hmmscan/tblout/IMGVR_UViG_3300045988_124161_3300045988_Ga0495776_166541_hmmscan_output.tblout
# - - - - - - - - - - - - - - - - - - - - - - - - - - - - - - - - - - - -

Query:       orf1  [L=496]
Description: source=IMGVR_UViG_3300045988_124161_3300045988_Ga0495776_166541/185457-183858 coords=1..1488 length=496 frame=1 desc=
Scores for complete sequence (score includes all domains):
   --- full sequence ---   --- best 1 domain ---    -#dom-
    E-value  score  bias    E-value  score  bias    exp  N  Model           Description
    ------- ------ -----    ------- ------ -----   ---- --  --------        -----------
    2.8e-10   40.4   3.4    2.8e-10   40.4   3.4    2.4  3  Intron_maturas2  Type II intron maturase
     0.0031   17.6   1.7      0.014   15.6   1.7    2.2  1  GIIM             Group II intron, maturase-specific domain


Domain annotation for each model (and alignments):
>> Intron_maturas2  Type II intron maturase
   #    score  bias  c-Evalue  i-Evalue hmmfrom  hmm to    alifrom  ali to    envfrom  env to     acc
 ---   ------ ----- --------- --------- ------- -------    ------- -------    ------- -------    ----
   1 ?   -0.4   0.1      0.12   1.2e+03      48      69 ..      74      95 ..      50      99 .. 0.84
   2 ?   -2.4   0.1      0.46   4.5e+03      79      95 ..     177     193 ..     143     253 .. 0.50
   3 !   40.4   3.4   2.8e-14   2.8e-10      21     117 ..     283     376 ..     268     398 .. 0.74

  Alignments for each domain:
  == domain 1  score: -0.4 bits;  conditional E-value: 0.12
  QQuery:       orf2  [L=107]
Description: source=IMGVR_UViG_3300045988_124161_3300045988_Ga0495776_166541/31692-30100 coords=634..314 length=107 frame=6 desc=
Scores for complete sequence (score includes all domains):
   --- full sequence ---   --- best 1 domain ---    -#dom-
    E-value  score  bias    E-value  score  bias    exp  N  Model    Description
    ------- ------ -----    ------- ------ -----   ---- --  -------- -----------

   [No hits detected that satisfy reporting thresholds]


Domain annotation for each model (and alignments):

   [No targets detected that satisfy reporting thresholds]


Internal pipeline statistics summary:
-------------------------------------
Query sequence(s):                         1  (107 residues searched)
Target model(s):                       19632  (3329936 nodes)
Passed MSV filter:                       226  (0.0115118); expected 392.6 (0.02)
Passed bias filter:                      189  (0.00962714); expected 392.6 (0.02)
Passed Vit filter:                        10  (0.000509372); expected 19.6 (0.001)
Passed Fwd filter:                         0  (0); expected 0.2 (1e-05)
Initial search space (Z):              19632  [actual number of targets]
Domain search space  (domZ):               0  [number of targets reported over thresQuery:       orf2  [L=188]
Description: source=IMGVR_UViG_3300045988_124161_3300045988_Ga0495776_166541/93502-91804 coords=1300..737 length=188 frame=4 desc=
Scores for complete sequence (score includes all domains):
   --- full sequence ---   --- best 1 domain ---    -#dom-
    E-value  score  bias    E-value  score  bias    exp  N  Model           Description
    ------- ------ -----    ------- ------ -----   ---- --  --------        -----------
  ------ inclusion threshold ------
        2.6    6.9  12.0        4.1    6.3  12.0    1.3  1  ABC2_membrane_7  ABC-2 type transporter


Domain annotation for each model (and alignments):
>> ABC2_membrane_7  ABC-2 type transporter
   #    score  bias  c-Evalue  i-Evalue hmmfrom  hmm to    alifrom  ali to    envfrom  env to     acc
 ---   ------ ----- --------- --------- ------- -------    ------- -------    ------- -------    ----
   1 ?    6.3  12.0   0.00021       4.1     281     392 ..      29     144 ..       4     162 .. 0.72

  Alignments for each domain:
  == domain 1  score: 6.3 bits;  conditional E-value: 0.00021
  ABC2_membrane_7 281 fadnyivllclvyCvtGiayvlaillep.gpaqllsvllpvvltliatqkkdskilkvlaklc.ypkwaleafvianaerysGvWlitrCgall 372
                      fa+  +   c v C t i y+ ai++     + l+s     + t+i+tQuery:       orf2  [L=94]
Description: source=IMGVR_UViG_3300045988_124161_3300045988_Ga0495776_166541/185457-183858 coords=761..480 length=94 frame=6 desc=
Scores for complete sequence (score includes all domains):
   --- full sequence ---   --- best 1 domain ---    -#dom-
    E-value  score  bias    E-value  score  bias    exp  N  Model    Description
    ------- ------ -----    ------- ------ -----   ---- --  -------- -----------

   [No hits detected that satisfy reporting thresholds]


Domain annotation for each model (and alignments):

   [No targets detected that satisfy reporting thresholds]


Internal pipeline statistics summary:
-------------------------------------
Query sequence(s):                         1  (94 residues searched)
Target model(s):                       19632  (3329936 nodes)
Passed MSV filter:                       395  (0.0201202); expected 392.6 (0.02)
Passed bias filter:                      227  (0.0115628); expected 392.6 (0.02)
Passed Vit filter:                        10  (0.000509372); expected 19.6 (0.001)
Passed Fwd filter:                         0  (0); expected 0.2 (1e-05)
Initial search space (Z):              19632  [actual number of targets]
Domain search space  (domZ):               0  [numbeQuery:       orf3  [L=111]
Description: source=IMGVR_UViG_3300045988_124161_3300045988_Ga0495776_166541/93502-91804 coords=453..121 length=111 frame=5 desc=
Scores for complete sequence (score includes all domains):
   --- full sequence ---   --- best 1 domain ---    -#dom-
    E-value  score  bias    E-value  score  bias    exp  N  Model    Description
    ------- ------ -----    ------- ------ -----   ---- --  -------- -----------
  ------ inclusion threshold ------
       0.43    9.7   1.7       0.81    8.8   1.7    1.6  1  ORC3_N    Origin recognition complex (ORC) subunit 3 N-termin


Domain annotation for each model (and alignments):
>> ORC3_N  Origin recognition complex (ORC) subunit 3 N-terminus
   #    score  bias  c-Evalue  i-Evalue hmmfrom  hmm to    alifrom  ali to    envfrom  env to     acc
 ---   ------ ----- --------- --------- ------- -------    ------- -------    ------- -------    ----
   1 ?    8.8   1.7   4.1e-05      0.81     223     255 ..      16      48 ..      13     110 .. 0.84

  Alignments for each domain:
  == domain 1  score: 8.8 bits;  conditional E-value: 4.1e-05
             HHHHHHTTTTS-EEEEEEESS-CHHHHHHS-HH CS
  ORC3_N 223 ililseyvselPlvlllGvATSvsalhrmlPaa 255
             ++ +s+    lP+ l+lG  TS ++++  l  +
    orf3  16 VHLSSSSNMVLPICLILGAITSNDTVYSSLSSK 48 
             6778888999*****************998654 PP



Internal pipeline statistics summary:
-------------------------------------
Query sequence(s):                         1  (111 residues searched)
Target model(s):                       19632  (3329936 nodes)
Passed MSV filter:                       451  (0.0229727); expected 392.6 (0.02)
Passed bias filter:                      234  (0.0119193); expected 392.6 (0.02)
Passed Vit filter:                        16  (0.000814996); expected 19.6 (0.001)
Passed Fwd filter:                         1  (5.09372e-05); expected 0.2 (1e-05)
Initial search space (Z):              19632  [actual number of targets]
Domain search space  (domZ):               1  [number of targets reported over threshold]
# CPU time: 0.30u 0.16s 00:00:00.46 Elapsed: 00:00:00.29
# Mc/sec: 1238.70
//
[ok]
              347  (0.0176752); expected 392.6 (0.02)
Passed Vit filter:                        26  (0.00132437); expected 19.6 (0.001)
Passed Fwd filter:                         5  (0.000254686); expected 0.2 (1e-05)
Initial search space (Z):              19632  [actual number of targets]
Domain search space  (domZ):               5  [number of targets reported over threshold]
# CPU time: 0.47u 0.18s 00:00:00.64 Elapsed: 00:00:00.38
# Mc/sec: 4217.26
//
[ok]
