# hmmscan :: search sequence(s) against a profile database
# HMMER 3.3.2 (Nov 2020); http://hmmer.org/
# Copyright (C) 2020 Howard Hughes Medical Institute.
# Freely distributed under the BSD open source license.
# - - - - - - - - - - - - - - - - - - - - - - - - - - - - - - - - - - - -
# query sequence file:             -
# target HMM database:             /n/eddy_lab/data/pfam-35.0/Pfam-A.hmm
# output directed to file:         ./all_windows_new/hmmscan/out/IMGVR_UViG_3300010280_000399_3300010280_Ga0129308_1002318_hmmscan_output.out
# per-seq hits tabular output:     ./all_windows_new/hmmscan/tblout/IMGVR_UViG_3300010280_000399_3300010280_Ga0129308_1002318_hmmscan_output.tblout
# - - - - - - - - - - - - - - - - - - - - - - - - - - - - - - - - - - - -

Query:       orf1  [L=482]
Description: source=IMGVR_UViG_3300010280_000399_3300010280_Ga0129308_1002318/10681-9097 coords=2..1447 length=482 frame=2 desc=
Scores for complete sequence (score includes all domains):
   --- full sequence ---   --- best 1 domain ---    -#dom-
    E-value  score  bias    E-value  score  bias    exp  N  Model    Description
    ------- ------ -----    ------- ------ -----   ---- --  -------- -----------
    1.2e-32  113.4   0.2    1.2e-32  113.4   0.2    1.9  3  RVT_1     Reverse transcriptase (RNA-dependent DNA polymerase
     0.0028   17.9   4.0      0.013   15.8   3.4    2.3  2  HNH       HNH endonuclease
  ------ inclusion threshold ------
       0.12   12.7   0.0       0.36   11.1   0.0    1.8  1  HNH_2     HNH endonuclease


Domain annotation for each model (and alignments):
>> RVT_1  Reverse transcriptase (RNA-dependent DNA polymerase)
   #    score  bias  c-Evalue  i-Evalue hmmfrom  hmm to    alifrom  ali to    envfrom  env to     acc
 ---   ------ ----- --------- --------- ------- -------    ------- -------    ------- -------    ----
   1 !  113.4   0.2   1.8e-36   1.2e-32      38     222 .]       1     212 [.       1     212 [. 0.92
   2 ?   -2.7   0.2      0.58   3.8e+03      16      51 ..     226     259 ..     216     286 .. 0.59
   3 ?   -3.3   0.1       0.9   5.9e+03     189     206 ..     451     468 ..     434     472 .. 0.54

  Alignments for each domain:
  == domain 1  score: 113.4 bits;  conditional E-value: 1.8e-36
            -------HHHH.............HCCHTS--EEEEEEBCCGCCCSBB-GGGGGGG-EEET...........................TEEEEESB--ST-TTH CS
  RVT_1  38 lsenqpgfrpgrstldavedllkalkkkkkaklllklDlkkaFdsvpleellrkltafkvp.tklinliksflstrsfsvrv.ngeeskgryekkglpqGsvlS 139
            ++e++ gfrp+rs + a+ ++ k   + ++ + ++++D+k++Fd+v++++l+r++++++++ +kli +ik++l+ +     + +g   ++ + +kg+pqG++lS
   orf1   1 FHERSNGFRPNRSAENALAQCYKM-IQIQNLHFVVNVDIKGFFDNVDHSKLIRQMWNMGIRdKKLICIIKAMLKAPV---VLpDG---RTECPQKGTPQGGILS 97 
            689999**********99555555.2456779****************************72578999*****5544...55477...678999********** PP

            HHHHHHHHHHHHTT-T.......................................TEEECTTEEEEEESSHHHHHHHHHHHHHHHHH.TT--BEGGG-EEE... CS
  RVT_1 140 Pllfnlfmnellrelrkra.................................kgvtllrYaDDililskskeelqelleaveewlke.sglkinpeKtklvlft 209
            Pll+n+++nel+  +++++                                 k+ +++rYaDD+ i+++++++++++  av++wlk+  +l i+ eK+++v   
   orf1  98 PLLANIVLNELDWWIASQWeimpthnkyktginangsenkgnifkvlkttnlKEMYIVRYADDFKIFCRKRSDADKVFIAVKQWLKNrLKLDISTEKSSVV--- 198
            **************************************************************************************999************... PP

            ...ESSEEETTEEE CS
  RVT_1 210 v.kseevkyLGvtl 222
            + k++ +++LG++l
   orf1 199 NlKKRYCEFLGFKL 212
            77*********986 PP

  == domain 2  score: -2.7 bits;  conditional E-value: 0.58
            ..-THHHHCTB--.........-------HHHH... CS
  RVT_1  16 svdykalnkliakrLkdvlekllsenqpgfrpgrst 51 
            ++ +ka+ + ++k L++   k++ ++ +++++ r++
   orf1 226 NMTDKAVKRETQK-LTEQ-TKKIRYSKSRYDKFRNI 259
            5666666666666.4433.56677777777777666 PP

  == domain 3  score: -3.3 bits;  conditional E-value: 0.9
            HHHHHTT--BEGGG-EEE CS
  RVT_1 189 ewlkesglkinpeKtklv 206
            ++++ +  ki+p+Kt l+
   orf1 451 DTINTYLNKIKPNKTMLM 468
            344445556666666655 PP

>> HNH  HNH endonuclease
   #    score  bias  c-Evalue  i-Evalue hmmfrom  hmm to    alifrom  ali to    envfrom  env to     acc
 ---   ------ ----- --------- --------- ------- -------    ------- -------    ------- -------    ----
   1 !   15.8   3.4     2e-06     0.013      12      36 ..     413     437 ..     402     447 .. 0.85
   2 ?   -0.7   0.5      0.29   1.9e+03      14      26 ..     439     451 ..     436     458 .. 0.76

  Alignments for each domain:
  == domain 1  score: 15.8 bits;  conditional E-value: 2e-06
           E--EEEESS-TTTT--BSGGGEEEE CS
   HNH  12 dalevdHiipisqggaddieNlqll 36 
           ++ +++Hi++++ gg+dd+ Nl+ l
  orf1 413 EEIHCHHIKSKKMGGTDDYKNLVIL 437
           789*******************987 PP

  == domain 2  score: -0.7 bits;  conditional E-value: 0.29
           -EEEESS-TTTT- CS
   HNH  14 levdHiipisqgg 26 
           + ++H i+  +++
  orf1 439 SDIHHLIHAVEND 451
           579****988654 PP

>> HNH_2  HNH endonuclease
   #    score  bias  c-Evalue  i-Evalue hmmfrom  hmm to    alifrom  ali to    envfrom  env to     acc
 ---   ------ ----- --------- --------- ------- -------    ------- -------    ------- -------    ----
   1 ?   11.1   0.0   5.6e-05      0.36      37      64 ..     417     444 ..     381     448 .. 0.77

  Alignments for each domain:
  == domain 1  score: 11.1 bits;  conditional E-value: 5.6e-05
  HNH_2  37 igrillekgstidspsNgllLspdiHkl 64 
            +  i ++k +++d+ +N+  Ls+diH+l
   orf1 417 CHHIKSKKMGGTDDYKNLVILSSDIHHL 444
            4456677889****************98 PP



Internal pipeline statistics summary:
-------------------------------------
Query sequence(s):                         1  (482 residues searched)
Target model(s):                       19632  (3329936 nodes)
Passed MSV filter:                      1108  (0.0564385); expected 392.6 (0.02)
Passed bias filter:                      434  (0.0221068); expected 392.6 (0.02)
Passed Vit filter:                        32  (0.00162999); expected 19.6 (0.001)
Passed Fwd filter:                         3  (0.000152812); expected 0.2 (1e-05)
Initial search space (Z):              19632  [actual number of targets]
Domain search space  (domZ):               3  [number of targets reported over threshold]
# CPU time: 0.36u 0.16s 00:00:00.52 Elapsed: 00:00:00.33
# Mc/sec: 4818.88
//
Query:       orf2  [L=96]
Description: source=IMGVR_UViG_3300010280_000399_3300010280_Ga0129308_1002318/10681-9097 coords=1304..1017 length=96 frame=6 desc=
Scores for complete sequence (score includes all domains):
   --- full sequence ---   --- best 1 domain ---    -#dom-
    E-value  score  bias    E-value  score  bias    exp  N  Model    Description
    ------- ------ -----    ------- ------ -----   ---- --  -------- -----------

   [No hits detected that satisfy reporting thresholds]


Domain annotation for each model (and alignments):

   [No targets detected that satisfy reporting thresholds]


Internal pipeline statistics summary:
-------------------------------------
Query sequence(s):                         1  (96 residues searched)
Target model(s):                       19632  (3329936 nodes)
Passed MSV filter:                       662  (0.0337205); expected 392.6 (0.02)
Passed bias filter:                      248  (0.0126324); expected 392.6 (0.02)
Passed Vit filter:                        15  (0.000764059); expected 19.6 (0.001)
Passed Fwd filter:                         0  (0); expected 0.2 (1e-05)
Initial search space (Z):              19632  [actual number of targets]
Domain search space  (domZ):               0  [number of targets reported over threshold]
# CPU time: 0.28u 0.14s 00:00:00.42 Elapsed: 00:00:00.29
# Mc/sec: 1101.86
//
Query:       orf3  [L=151]
Description: source=IMGVR_UViG_3300010280_000399_3300010280_Ga0129308_1002318/10681-9097 coords=1129..677 length=151 frame=4 desc=
Scores for complete sequence (score includes all domains):
   --- full sequence ---   --- best 1 domain ---    -#dom-
    E-value  score  bias    E-value  score  bias    exp  N  Model    Description
    ------- ------ -----    ------- ------ -----   ---- --  -------- -----------

   [No hits detected that satisfy reporting thresholds]


Domain annotation for each model (and alignments):

   [No targets detected that satisfy reporting thresholds]


Internal pipeline statistics summary:
-------------------------------------
Query sequence(s):                         1  (151 residues searched)
Target model(s):                       19632  (3329936 nodes)
Passed MSV filter:                       799  (0.0406989); expected 392.6 (0.02)
Passed bias filter:                      249  (0.0126834); expected 392.6 (0.02)
Passed Vit filter:                        17  (0.000865933); expected 19.6 (0.001)
Passed Fwd filter:                         0  (0); expected 0.2 (1e-05)
Initial search space (Z):              19632  [actual number of targets]
Domain search space  (domZ):               0  [number of targets reported over threshold]
# CPU time: 0.28u 0.16s 00:00:00.44 Elapsed: 00:00:00.30
# Mc/sec: 1673.20
//
Query:       orf4  [L=98]
Description: source=IMGVR_UViG_3300010280_000399_3300010280_Ga0129308_1002318/10681-9097 coords=583..290 length=98 frame=4 desc=
Scores for complete sequence (score includes all domains):
   --- full sequence ---   --- best 1 domain ---    -#dom-
    E-value  score  bias    E-value  score  bias    exp  N  Model    Description
    ------- ------ -----    ------- ------ -----   ---- --  -------- -----------
  ------ inclusion threshold ------
      0.039   14.7   2.8      0.047   14.5   2.8    1.2  1  DUF4029   Protein of unknown function (DUF4029)


Domain annotation for each model (and alignments):
>> DUF4029  Protein of unknown function (DUF4029)
   #    score  bias  c-Evalue  i-Evalue hmmfrom  hmm to    alifrom  ali to    envfrom  env to     acc
 ---   ------ ----- --------- --------- ------- -------    ------- -------    ------- -------    ----
   1 ?   14.5   2.8   2.4e-06     0.047      31      81 ..      23      72 ..       4      77 .. 0.90

  Alignments for each domain:
  == domain 1  score: 14.5 bits;  conditional E-value: 2.4e-06
  DUF4029 31 iclfsisielfsivsivllnelflrihsfelmkfgnvvlqvicayivfvvl 81
             ic+ s   e f i+ i   n  f ++  f+ +    +v++++c y  f+ +
     orf4 23 ICVTSFPTENFEIICIS-YNIHFFQVCGFQHLENVTLVFRAVCIYTCFIFV 72
             9************9875.68889999*******************999864 PP



Internal pipeline statistics summary:
-------------------------------------
Query sequence(s):                         1  (98 residues searched)
Target model(s):                       19632  (3329936 nodes)
Passed MSV filter:                       499  (0.0254177); expected 392.6 (0.02)
Passed bias filter:                      283  (0.0144152); expected 392.6 (0.02)
Passed Vit filter:                        18  (0.00091687); expected 19.6 (0.001)
Passed Fwd filter:                         1  (5.09372e-05); expected 0.2 (1e-05)
Initial search space (Z):              19632  [actual number of targets]
Domain search space  (domZ):               1  [number of targets reported over threshold]
# CPU time: 0.26u 0.16s 00:00:00.42 Elapsed: 00:00:00.29
# Mc/sec: 1099.32
//
Query:       orf5  [L=174]
Description: source=IMGVR_UViG_3300010280_000399_3300010280_Ga0129308_1002318/10681-9097 coords=783..262 length=174 frame=5 desc=
Scores for complete sequence (score includes all domains):
   --- full sequence ---   --- best 1 domain ---    -#dom-
    E-value  score  bias    E-value  score  bias    exp  N  Model    Description
    ------- ------ -----    ------- ------ -----   ---- --  -------- -----------

   [No hits detected that satisfy reporting thresholds]


Domain annotation for each model (and alignments):

   [No targets detected that satisfy reporting thresholds]


Internal pipeline statistics summary:
-------------------------------------
Query sequence(s):                         1  (174 residues searched)
Target model(s):                       19632  (3329936 nodes)
Passed MSV filter:                       559  (0.0284739); expected 392.6 (0.02)
Passed bias filter:                      204  (0.0103912); expected 392.6 (0.02)
Passed Vit filter:                        13  (0.000662184); expected 19.6 (0.001)
Passed Fwd filter:                         0  (0); expected 0.2 (1e-05)
Initial search space (Z):              19632  [actual number of targets]
Domain search space  (domZ):               0  [number of targets reported over threshold]
# CPU time: 0.29u 0.13s 00:00:00.42 Elapsed: 00:00:00.28
# Mc/sec: 2026.21
//
[ok]
