# hmmscan :: search sequence(s) against a profile database
# HMMER 3.3.2 (Nov 2020); http://hmmer.org/
# Copyright (C) 2020 Howard Hughes Medical Institute.
# Freely distributed under the BSD open source license.
# - - - - - - - - - - - - - - - - - - - - - - - - - - - - - - - - - - - -
# query sequence file:             -
# target HMM database:             /n/eddy_lab/data/pfam-35.0/Pfam-A.hmm
# output directed to file:         ./all_windows_new/hmmscan/out/IMGVR_UViG_3300029675_000228_3300029675_Ga0245254_101732_hmmscan_output.out
# per-seq hits tabular output:     ./all_windows_new/hmmscan/tblout/IMGVR_UViG_3300029675_000228_3300029675_Ga0245254_101732_hmmscan_output.tblout
# - - - - - - - - - - - - - - - - - - - - - - - - - - - - - - - - - - - -

Query:       orf1  [L=320]
Description: source=IMGVR_UViG_3300029675_000228_3300029675_Ga0245254_101732/1-1235 coords=1..960 length=320 frame=1 desc=
Scores for complete sequence (score includes all domains):
   --- full sequence ---   --- best 1 domain ---    -#dom-
    E-value  score  bias    E-value  score  bias    exp  N  Model    Description
    ------- ------ -----    ------- ------ -----   ---- --  -------- -----------

   [No hits detected that satisfy reporting thresholds]


Domain annotation for each model (and alignments):

   [No targets detected that satisfy reporting thresholds]


Internal pipeline statistics summary:
-------------------------------------
Query sequence(s):                         1  (320 residues searched)
Target model(s):                       19632  (3329936 nodes)
Passed MSV filter:                       992  (0.0505297); expected 392.6 (0.02)
Passed bias filter:                      565  (0.0287795); expected 392.6 (0.02)
Passed Vit filter:                        24  (0.00122249); expected 19.6 (0.001)
Passed Fwd filter:                         0  (0); expected 0.2 (1e-05)
Initial search space (Z):              19632  [actual number of targets]
Domain search space  (domZ):               0  [number of targets reported over threshold]
# CPU time: 0.35u 0.20s 00:00:00.55 Elapsed: 00:00:00.35
# Mc/sec: 2969.31
//
Query:       orf2  [L=117]
Description: source=IMGVR_UViG_3300029675_000228_3300029675_Ga0245254_101732/1-1235 coords=1144..794 length=117 frame=5 desc=
Scores for complete sequence (score includes all domains):
   --- full sequence ---   --- best 1 domain ---    -#dom-
    E-value  score  bias    E-value  score  bias    exp  N  Model    Description
    ------- ------ -----    ------- ------ -----   ---- --  -------- -----------

   [No hits detected that satisfy reporting thresholds]


Domain annotation for each model (and alignments):

   [No targets detected that satisfy reporting thresholds]


Internal pipeline statistics summary:
-------------------------------------
Query sequence(s):                         1  (117 residues searched)
Target model(s):                       19632  (3329936 nodes)
Passed MSV filter:                       231  (0.0117665); expected 392.6 (0.02)
Passed bias filter:                      185  (0.00942339); expected 392.6 (0.02)
Passed Vit filter:                        14  (0.000713121); expected 19.6 (0.001)
Passed Fwd filter:                         0  (0); expected 0.2 (1e-05)
Initial search space (Z):              19632  [actual number of targets]
Domain search space  (domZ):               0  [number of targets reported over threshold]
# CPU time: 0.31u 0.20s 00:00:00.51 Elapsed: 00:00:00.34
# Mc/sec: 1122.02
//
Query:       orf3  [L=119]
Description: source=IMGVR_UViG_3300029675_000228_3300029675_Ga0245254_101732/1-1235 coords=983..627 length=119 frame=4 desc=
Scores for complete sequence (score includes all domains):
   --- full sequence ---   --- best 1 domain ---    -#dom-
    E-value  score  bias    E-value  score  bias    exp  N  Model    Description
    ------- ------ -----    ------- ------ -----   ---- --  -------- -----------

   [No hits detected that satisfy reporting thresholds]


Domain annotation for each model (and alignments):

   [No targets detected that satisfy reporting thresholds]


Internal pipeline statistics summary:
-------------------------------------
Query sequence(s):                         1  (119 residues searched)
Target model(s):                       19632  (3329936 nodes)
Passed MSV filter:                       357  (0.0181846); expected 392.6 (0.02)
Passed bias filter:                      193  (0.00983089); expected 392.6 (0.02)
Passed Vit filter:                         8  (0.000407498); expected 19.6 (0.001)
Passed Fwd filter:                         0  (0); expected 0.2 (1e-05)
Initial search space (Z):              19632  [actual number of targets]
Domain search space  (domZ):               0  [number of targets reported over threshold]
# CPU time: 0.29u 0.17s 00:00:00.46 Elapsed: 00:00:00.32
# Mc/sec: 1202.84
//
Query:       orf4  [L=96]
Description: source=IMGVR_UViG_3300029675_000228_3300029675_Ga0245254_101732/1-1235 coords=712..425 length=96 frame=5 desc=
Scores for complete sequence (score includes all domains):
   --- full sequence ---   --- best 1 domain ---    -#dom-
    E-value  score  bias    E-value  score  bias    exp  N  Model    Description
    ------- ------ -----    ------- ------ -----   ---- --  -------- -----------

   [No hits detected that satisfy reporting thresholds]


Domain annotation for each model (and alignments):

   [No targets detected that satisfy reporting thresholds]


Internal pipeline statistics summary:
-------------------------------------
Query sequence(s):                         1  (96 residues searched)
Target model(s):                       19632  (3329936 nodes)
Passed MSV filter:                       545  (0.0277608); expected 392.6 (0.02)
Passed bias filter:                      156  (0.00794621); expected 392.6 (0.02)
Passed Vit filter:                         9  (0.000458435); expected 19.6 (0.001)
Passed Fwd filter:                         0  (0); expected 0.2 (1e-05)
Initial search space (Z):              19632  [actual number of targets]
Domain search space  (domZ):               0  [number of targets reported over threshold]
# CPU time: 0.32u 0.15s 00:00:00.47 Elapsed: 00:00:00.33
# Mc/sec: 959.38
//
Query:       orf5  [L=324]
Description: source=IMGVR_UViG_3300029675_000228_3300029675_Ga0245254_101732/1-1235 coords=972..1 length=324 frame=6 desc=
Scores for complete sequence (score includes all domains):
   --- full sequence ---   --- best 1 domain ---    -#dom-
    E-value  score  bias    E-value  score  bias    exp  N  Model    Description
    ------- ------ -----    ------- ------ -----   ---- --  -------- -----------

   [No hits detected that satisfy reporting thresholds]


Domain annotation for each model (and alignments):

   [No targets detected that satisfy reporting thresholds]


Internal pipeline statistics summary:
-------------------------------------
Query sequence(s):                         1  (324 residues searched)
Target model(s):                       19632  (3329936 nodes)
Passed MSV filter:                       329  (0.0167584); expected 392.6 (0.02)
Passed bias filter:                      303  (0.015434); expected 392.6 (0.02)
Passed Vit filter:                        20  (0.00101874); expected 19.6 (0.001)
Passed Fwd filter:                         0  (0); expected 0.2 (1e-05)
Initial search space (Z):              19632  [actual number of targets]
Domain search space  (domZ):               0  [number of targets reported over threshold]
# CPU time: 0.34u 0.19s 00:00:00.53 Elapsed: 00:00:00.35
# Mc/sec: 3038.75
//
[ok]
):                       19632  (3329936 nodes)
Passed MSV filter:                       378  (0.0192543); expected 392.6 (0.02)
Passed bias filter:                      308  (0.0156887); expected 392.6 (0.02)
Passed Vit filter:                        16  (0.000814996); expected 19.6 (0.001)
Passed Fwd filter:                         0  (0); expected 0.2 (1e-05)
Initial search space (Z):              19632  [actual number of targets]
Domain search space  (domZ):               0  [number of targets reported over threshold]
# CPU time: 0.30u 0.16s 00:00:00.46 Elapsed: 00:00:00.31
# Mc/sec: 1208.30
//
Query:       orf4  [L=137]
Description: source=IMGVR_UViG_3300029675_000228_3300029675_Ga0245254_101732/2378-4081 coords=1365..955 length=137 frame=4 desc=
Scores for complete sequence (score includes all domains):
   --- full sequence ---   --- best 1 domain ---    -#dom-
    E-value  score  bias    E-value  score  bias    exp  N  Model    Description
    ------- ------ -----    ------- ------ -----   ---- --  -------- -----------

   [No hits detected that satisfy reporting thresholds]


Domain annotation for each model (and alignments):

   [No targets detected that satisfy reporting thresholds]


Internal pipeline statistics summary:
-------------------------------------
Query sequence(s):                         1  (137 residues searched)
Target model(s):                       19632  (3329936 nodes)
Passed MSV filter:                       285  (0.0145171); expected 392.6 (0.02)
Passed bias filter:                      182  (0.00927058); expected 392.6 (0.02)
Passed Vit filter:                        15  (0.000764059); expected 19.6 (0.001)
Passed Fwd filter:                         0  (0); expected 0.2 (1e-05)
Initial search space (Z):              19632  [actual number of targets]
Domain search space  (domZ):               0  [number of targets reported over threshold]
# CPU time: 0.30u 0.16s 00:00:00.46 Elapsed: 00:00:00.32
# Mc/sec: 1386.47
//
Query:       orf5  [L=163]
Description: source=IMGVR_UViG_3300029675_000228_3300029675_Ga0245254_101732/2378-4081 coords=678..190 length=163 frame=4 desc=
Scores for complete sequence (score includes all domains):
   --- full sequence ---   --- best 1 domain ---    -#dom-
    E-value  score  bias    E-value  score  bias    exp  N  Model    Description
    ------- ------ -----    ------- ------ -----   ---- --  -------- -----------

   [No hits detected that satisfy reporting thresholds]


Domain annotation for each model (and alignments):

   [No targets detected that satisfy reporting thresholds]


Internal pipeline statistics summary:
-------------------------------------
Query sequence(s):                         1  (163 residues searched)
Target model(s):                       19632  (3329936 nodes)
Passed MSV filter:                       682  (0.0347392); expected 392.6 (0.02)
Passed bias filter:                      318  (0.016198); expected 392.6 (0.02)
Passed Vit filter:                        18  (0.00091687); expected 19.6 (0.001)
Passed Fwd filter:                         0  (0); expected 0.2 (1e-05)
Initial search space (Z):              19632  [actual number of targets]
Domain search space  (domZ):               0  [number of targets reported over threshold]
# CPU time: 0.28u 0.18s 00:00:00.46 Elapsed: 00:00:00.31
# Mc/sec: 1717.80
//
Query:       orf6  [L=347]
Description: source=IMGVR_UViG_3300029675_000228_3300029675_Ga0245254_101732/2378-4081 coords=1042..2 length=347 frame=6 desc=
Scores for complete sequence (score includes all domains):
   --- full sequence ---   --- best 1 domain ---    -#dom-
    E-value  score  bias    E-value  score  bias    exp  N  Model    Description
    ------- ------ -----    ------- ------ -----   ---- --  -------- -----------

   [No hits detected that satisfy reporting thresholds]


Domain annotation for each model (and alignments):

   [No targets detected that satisfy reporting thresholds]


Internal pipeline statistics summary:
-------------------------------------
Query sequence(s):                         1  (347 residues searched)
Target model(s):                       19632  (3329936 nodes)
Passed MSV filter:                       270  (0.0137531); expected 392.6 (0.02)
Passed bias filter:                      241  (0.0122759); expected 392.6 (0.02)
Passed Vit filter:                        19  (0.000967808); expected 19.6 (0.001)
Passed Fwd filter:                         0  (0); expected 0.2 (1e-05)
Initial search space (Z):              19632  [actual number of targets]
Domain search space  (domZ):               0  [number of targets reported over threshold]
# CPU time: 0.30u 0.16s 00:00:00.46 Elapsed: 00:00:00.31
# Mc/sec: 3652.64
//
[ok]
     398  (0.020273); expected 392.6 (0.02)
Passed bias filter:    Query:       orf6  [L=104]
Description: source=IMGVR_UViG_3300029675_000228_3300029675_Ga0245254_101732/659-2271 coords=314..3 length=104 frame=4 desc=
Scores for complete sequence (score includes all domains):
   --- full sequence ---   --- best 1 domain ---    -#dom-
    E-value  score  bias    E-value  score  bias    exp  N  Model    Description
    ------- ------ -----    ------- ------ -----   ---- --  -------- -----------

   [No hits detected Query:       orf4  [L=98]
Description: source=IMGVR_UViG_3300029675_000228_3300029675_Ga0245254_101732/4931-6518 coords=296..3 length=98 frame=6 desc=
Scores for complete sequence (score includes all domains):
   --- full sequence ---   --- best 1 domain ---    -#dom-
    E-value  score  bias    E-value  score  bias    exp  N  Model       Description
    ------- ------ -----    ------- ------ -----   ---- --  --------    -----------
  ------ inclusion threshold ------
       0.11   13.0   0.0       0.14   12.7   0.0    1.1  1  Preseq_ALAS  5-aminolevulinate synthase presequence


Domain annotation for each model (and alignments):
>> Preseq_ALAS  5-aminolevulinate synthase presequence
   #    score  bias  c-Evalue  i-Evalue hmmfrom  hmm to    alifrom  ali to    envfrom  env to     acc
 ---   ------ ----- --------- --------- ------- -------    ------- -------    ------- -------    ----
   1 ?   12.7   0.0Query:       orf7  [L=108]
Description: source=IMGVR_UViG_3300029675_000228_3300029675_Ga0245254_101732/659-2271 coords=325..2 length=108 frame=5 desc=
Scores for complete sequence (score includes all domains):
   --- full sequence ---   --- best 1 domain ---    -#dom-
    E-value  score  bias    E-value  score  bias    exp  N  Model    Description
    ------- ------ -----    ------- ------ -----   ---- --  -------- -----------

   [No hits detected that satisfy reporting thresholds]


Domain annotation for each model (and alignments):

   [No targets detected that satisfy reporting thresholds]


Internal pipeline statistics summary:
-------------------------------------
Query sequence(s):                         1  (108 residues searched)
Target model(s):                       19632  (3329936 nodes)
Passed MSV filter:                       294  (0.0149756); expected 392.6 (0.02)
Passed bias filter:                      157  (0.00799715); expected 392.6 (0.02)
Passed Vit filter:                         6  (0.000305623); expected 19.6 (0.001)
Passed Fwd filter:                         0  (0); expected 0.2 (1e-05)
Initial search space (Z):              19632  [actual number of targets]
Domain search space  (domZ):               0  [number of targets reported over threshold]
# CPU time: 0.28u 0.16s 00:00:00.44 Elapsed: 00:00:00.29
# Mc/sec: 1207.86
//
[ok]
