# hmmscan :: search sequence(s) against a profile database
# HMMER 3.3.2 (Nov 2020); http://hmmer.org/
# Copyright (C) 2020 Howard Hughes Medical Institute.
# Freely distributed under the BSD open source license.
# - - - - - - - - - - - - - - - - - - - - - - - - - - - - - - - - - - - -
# query sequence file:             -
# target HMM database:             /n/eddy_lab/data/pfam-35.0/Pfam-A.hmm
# output directed to file:         ./all_windows_new/hmmscan/out/IMGVR_UViG_3300031649_000035_3300031649_Ga0307514_10000659_hmmscan_output.out
# per-seq hits tabular output:     ./all_windows_new/hmmscan/tblout/IMGVR_UViG_3300031649_000035_3300031649_Ga0307514_10000659_hmmscan_output.tblout
# - - - - - - - - - - - - - - - - - - - - - - - - - - - - - - - - - - - -

Query:       orf1  [L=176]
Description: source=IMGVR_UViG_3300031649_000035_3300031649_Ga0307514_10000659/45748-47324 coords=701..1228 length=176 frame=2 desc=
Scores for complete sequence (score includes all domains):
   --- full sequence ---   --- best 1 domain ---    -#dom-
    E-value  score  bias    E-value  score  bias    exp  N  Model    Description
    ------- ------ -----    ------- ------ -----   ---- --  -------- -----------
    5.8e-08   32.9   0.1    1.3e-07   31.7   0.1    1.7  1  NUMOD1    NUMOD1 domain
  ------ inclusion threshold ------
      0.039   13.8   1.3       0.79    9.6   0.0    2.9  3  HTH_50    Helix-turn-helix domain
      0.096   12.8   7.9         15    5.8   0.1    4.6  5  NUMOD3    NUMOD3 motif


Domain annotation for each model (and alignments):
>> NUMOD1  NUMOD1 domain
   #    score  bias  c-Evalue  i-Evalue hmmfrom  hmm to    alifrom  ali to    envfrom  env to     acc
 ---   ------ ----- --------- --------- ------- -------    ------- -------    ------- -------    ----
   1 !   31.7   0.1   2.1e-11   1.3e-07       3      37 .]     125     159 ..     123     159 .. 0.94

  Alignments for each domain:
  == domain 1  score: 31.7 bits;  conditional E-value: 2.1e-11
  NUMOD1   3 VyvYDlntktigkFsSireAakyLgishntInkyl 37 
             +  ++++t++++++ SireAa++L+ sh t  kyl
    orf1 125 IILTNVETNETREYVSIREAARDLKESHVTMAKYL 159
             7899**************************99997 PP

>> HTH_50  Helix-turn-helix domain
   #    score  bias  c-Evalue  i-Evalue hmmfrom  hmm to    alifrom  ali to    envfrom  env to     acc
 ---   ------ ----- --------- --------- ------- -------    ------- -------    ------- -------    ----
   1 ?    1.6   0.3     0.037   2.4e+02       6      18 ..      14      26 ..      12      55 .. 0.61
   2 ?   -2.5   0.0       0.7   4.5e+03       4      19 ..      76      91 ..      74      94 .. 0.74
   3 ?    9.6   0.0   0.00012      0.79      21      45 ..     136     160 ..     132     164 .. 0.87

  Alignments for each domain:
  == domain 1  score: 1.6 bits;  conditional E-value: 0.037
  HTH_50  6 EyveeiERelila 18
            E++e+ +Re++l+
    orf1 14 EILEYCDREALLE 26
            6677777776654 PP

  == domain 2  score: -2.5 bits;  conditional E-value: 0.7
  HTH_50  4 LkEyveeiERelilaa 19
            L+E +++i  + i++ 
    orf1 76 LREHLANIHAKNIGRT 91
            8999998887777765 PP

  == domain 3  score: 9.6 bits;  conditional E-value: 0.00012
  HTH_50  21 ekYkSaRkvAkaLGlShttivnklk 45 
             ++Y S+R +A+ L  Sh t ++ lk
    orf1 136 REYVSIREAARDLKESHVTMAKYLK 160
             78*****************998776 PP

>> NUMOD3  NUMOD3 motif
   #    score  bias  c-Evalue  i-Evalue hmmfrom  hmm to    alifrom  ali to    envfrom  env to     acc
 ---   ------ ----- --------- --------- ------- -------    ------- -------    ------- -------    ----
   1 ?    5.1   0.0    0.0037        24      26      37 .]      51      62 ..      48      62 .. 0.76
   2 ?    1.0   0.0     0.069   4.5e+02       5      12 ..      69      76 ..      67      80 .. 0.84
   3 ?    5.8   0.1    0.0023        15       4      13 ..      94     103 ..      92     110 .. 0.79
   4 ?    2.2   0.1      0.03     2e+02       5      16 ..     110     121 ..     107     122 .. 0.87
   5 ?   -3.6   0.1         2   1.3e+04       5       9 ..     132     136 ..     130     137 .. 0.58

  Alignments for each domain:
  == domain 1  score: 5.1 bits;  conditional E-value: 0.0037
  NUMOD3 26 KkhseeTkkkis 37
              hsee+++ki+
    orf1 51 SRHSEEALAKIR 62
            568888888885 PP

  == domain 2  score: 1.0 bits;  conditional E-value: 0.069
  NUMOD3  5 seEtKaKi 12
            +eE++aK+
    orf1 69 TEEHIAKL 76
            9******8 PP

  == domain 3  score: 5.8 bits;  conditional E-value: 0.0023
  NUMOD3   4 hseEtKaKis 13 
             hs+E+K Ki 
    orf1  94 HSDESKGKIA 103
             9999999986 PP

  == domain 4  score: 2.2 bits;  conditional E-value: 0.03
  NUMOD3   5 seEtKaKiskAl 16 
             +e ++aKi++A+
    orf1 110 TEGHIAKIKEAN 121
             8999******97 PP

  == domain 5  score: -3.6 bits;  conditional E-value: 2
  NUMOD3   5 seEtK 9  
             ++Et+
    orf1 132 TNETR 136
             55665 PP



Internal pipeline statistics summary:
-------------------------------------
Query sequence(s):                         1  (176 residues searched)
Target model(s):                       19632  (3329936 nodes)
Passed MSV filter:                       814  (0.0414629); expected 392.6 (0.02)
Passed bias filter:                      472  (0.0240424); expected 392.6 (0.02)
Passed Vit filter:                        38  (0.00193562); expected 19.6 (0.001)
Passed Fwd filter:                         3  (0.000152812); expected 0.2 (1e-05)
Initial search space (Z):              19632  [actual number of targets]
Domain search space  (domZ):               3  [number of targets reported over threshold]
# CPU time: 0.32u 0.19s 00:00:00.51 Elapsed: 00:00:00.35
# Mc/sec: 1653.75
//
[ok]
