# hmmscan :: search sequence(s) against a profile database
# HMMER 3.3.2 (Nov 2020); http://hmmer.org/
# Copyright (C) 2020 Howard Hughes Medical Institute.
# Freely distributed under the BSD open source license.
# - - - - - - - - - - - - - - - - - - - - - - - - - - - - - - - - - - - -
# query sequence file:             -
# target HMM database:             /n/eddy_lab/data/pfam-35.0/Pfam-A.hmm
# output directed to file:         ./all_windows_new/hmmscan/out/IMGVR_UViG_3300026181_000009_3300026181_Ga0265449_1003198_hmmscan_output.out
# per-seq hits tabular output:     ./all_windows_new/hmmscan/tblout/IMGVR_UViG_3300026181_000009_3300026181_Ga0265449_1003198_hmmscan_output.tblout
# - - - - - - - - - - - - - - - - - - - - - - - - - - - - - - - - - - - -

Query:       orf1  [L=481]
Description: source=IMGVR_UViG_3300026181_000009_3300026181_Ga0265449_1003198/4491-6076 coords=1..1443 length=481 frame=1 desc=
Scores for complete sequence (score includes all domains):
   --- full sequence ---   --- best 1 domain ---    -#dom-
    E-value  score  bias    E-value  score  bias    exp  N  Model    Description
    ------- ------ -----    ------- ------ -----   ---- --  -------- -----------
    3.4e-43  147.9   1.1      6e-43  147.1   1.1    1.4  1  RVT_1     Reverse transcriptase (RNA-dependent DNA polymerase
    1.3e-09   38.2   0.5    3.9e-09   36.7   0.1    2.1  2  HNH       HNH endonuclease
     0.0037   17.3   0.1     0.0096   15.9   0.1    1.8  1  HNH_5     HNH endonuclease


Domain annotation for each model (and alignments):
>> RVT_1  Reverse transcriptase (RNA-dependent DNA polymerase)
   #    score  bias  c-Evalue  i-Evalue hmmfrom  hmm to    alifrom  ali to    envfrom  env to     acc
 ---   ------ ----- --------- --------- ------- -------    ------- -------    ------- -------    ----
   1 !  147.1   1.1   9.2e-47     6e-43       1     222 []      25     268 ..      25     268 .. 0.96

  Alignments for each domain:
  == domain 1  score: 147.1 bits;  conditional E-value: 9.2e-47
            EE-TT.S-EEE......-THHHHCTB--.........-------HHHH..............HCCHTS--EEEEEEBCCGCCCSBB-GGGGGGG-EEET..... CS
 Query:       orf2  [L=96]
Description: source=IMGVR_UViG_3300026181_000009_3300026181_Ga0265449_1003198/2219-3918 coords=1047..1334 length=96 frame=3 desc=
Scores for complete sequence (score includes all domains):
   --- full sequence ---   --- best 1 domain ---    -#dom-
    E-value  score  bias    E-value  score  bias    exp  N  Model    Description
    ------- ------ -----    ------- ------ -----   ---- --  -------- -----------

   [No hits detected that satisfy reporting thresholds]


Domain annotation for each model (and alignments):

   [No targets detected that satisfy reporting thresholds]


Internal pipeline statistics summary:
-------------------------------------
Query sequence(s):                         1  (96 residues searched)
Target model(s):                       19632  (3329936 nodes)
Passed MSV filter:                      1081  (0.0550632); expected 392.6 (0.02)
Passed bias filter:                      283  (0.0144152); expected 392.6 (0.02)
Passed Vit filter:                        19  (0.000967808); expected 19.6 (0.001)
Passed Fwd filter:                         0  (0); expected 0.2 (1e-05)
Initial search space (Z):              19632  [actual number of targets]
Domain search space  (domZ):               0  [number of targets reported over threshold]
# CPU time: 0.30u 0.17s 00:00:00.47 Elapsed: 00:00:00.33
# Mc/sec: 955.65
//
Query:       orf3  [L=320]
Description: source=IMGVR_UViG_3300026181_000009_3300026181_Ga0265449_1003198/2219-3918 coords=530..1489 length=320 frame=2 desc=
Scores for complete sequence (score includes all domains):
   --- full sequence ---   --- best 1 domain ---    -#dom-
    E-value  score  bias    E-value  score  bias    exp  N  Model    Description
    ------- ------ -----    ------- ------ -----   ---- --  -------- -----------

   [No hits detected that satisfy reporting thresholds]


Domain annotation for each model (and alignments):

   [No targets detected that satisfy reporting thresholds]


Internal pipeline statistics summary:
-------------------------------------
Query sequence(s):                         1  (320 residues searched)
Target model(s):                       19632  (3329936 nodes)
Passed MSV filter:                       496  (0.0252649); expected 392.6 (0.02)
Passed bias filter:                      440  (0.0224124); expected 392.6 (0.02)
Passed Vit filter:                        31  (0.00157905); expected 19.6 (0.001)
Passed Fwd filter:                         0  (0); expected 0.2 (1e-05)
Initial search space (Z):              19632  [actual number of targets]
Domain search space  (domZ):               0  [number of targets reported over threshold]
# CPU time: 0.35u 0.20s 00:00:00.55 Elapsed: 00:00:00.37
# Mc/sec: 2838.64
//
[ok]
] 0.83

  Alignments for each domain:
  == domain 1  score: 15.9 bits;  conditional E-value: 1.5e-06
  HNH_5   8 ipeeelseeHIipeslGGklkisnlqtlCkkCNsklgqk 46 
             + +e++  HI+p   GG + ++nl+t+C++ + k++++
   orf1 440 VELDEFQVHHIVPLKDGGLNELENLTTICEEAHRKYTKE 478
            55678999**********************999888766 PP



Internal pipeline statistics summary:
-------------------------------------
Query sequence(s):                         1  (481 residues searched)
Target model(s):                       19632  (3329936 nodes)
Passed MSV filter:                      1098  (0.0559291); expected 392.6 (0.02)
Passed bias filter:                      466  (0.0237368); expected 392.6 (0.02)
Passed Vit filter:                        35  (0.0017828); expected 19.6 (0.001)
Passed Fwd filter:                         3  (0.000152812); expected 0.2 (1e-05)
Initial search space (Z):              19632  [actual number of targets]
Domain search space  (domZ):               3  [number of targets reported over threshold]
# CPU time: 0.39u 0.22s 00:00:00.61 Elapsed: 00:00:00.37
# Mc/sec: 4223.97
//
[ok]
