# hmmscan :: search sequence(s) against a profile database
# HMMER 3.3.2 (Nov 2020); http://hmmer.org/
# Copyright (C) 2020 Howard Hughes Medical Institute.
# Freely distributed under the BSD open source license.
# - - - - - - - - - - - - - - - - - - - - - - - - - - - - - - - - - - - -
# query sequence file:             -
# target HMM database:             /n/eddy_lab/data/pfam-35.0/Pfam-A.hmm
# output directed to file:         ./all_windows_new/hmmscan/out/IMGVR_UViG_3300029876_000245_3300029876_Ga0245325_100835_hmmscan_output.out
# per-seq hits tabular output:     ./all_windows_new/hmmscan/tblout/IMGVR_UViG_3300029876_000245_3300029876_Ga0245325_100835_hmmscan_output.tblout
# - - - - - - - - - - - - - - - - - - - - - - - - - - - - - - - - - - - -

Query:       orf1  [L=478]
Description: source=IMGVR_UViG_3300029876_000245_3300029876_Ga0245325_100835/16204-17788 coords=3..1436 length=478 frame=3 desc=
Scores for complete sequence (score includes all domains):
   --- full sequence ---   --- best 1 domain ---    -#dom-
    E-value  score  bias    E-value  score  bias    exp  N  Model    Description
    ------- ------ -----    ------- ------ -----   ---- --  -------- -----------
    5.2e-32  111.3   0.3    1.1e-31  110.3   0.0    1.6  2  RVT_1     Reverse transcriptase (RNA-dependent DNA polymerase
    9.7e-07   29.0   1.6    2.1e-06   27.9   1.6    1.6  1  HNH       HNH endonuclease


Domain annotation for each model (and alignments):
>> RVT_1  Reverse transcriptase (RNA-dependent DNA polymerase)
   #    score  bias  c-Evalue  i-Evalue hmmfrom  hmm to    alifrom  ali to    envfrom  env to     acc
 ---   ------ ----- --------- --------- ------- -------    ------- -------    ------- -------    ----
   1 !  110.3   0.0   1.1e-35   1.1e-31      42     222 .]       2     209 ..       1     209 [. 0.90
   2 ?   -2.6   0.0      0.36   3.5e+03       2      39 ..     212     245 ..     211     253 .. 0.67

  Alignments for each domain:
  == domain 1  score: 110.3 bits;  conditional E-value: 1.1e-35
            ---HHHH.............HCCHTS--EEEEEEBCCGCCCSBB-GGGGGGG-EEET...........................TEEEEESB--ST-QuQuery:       orf2  [L=428]
Description: source=IMGVR_UViG_3300029876_000245_3300029876_Ga0245325_100835/13587-15301 coords=3..1286 length=428 frame=3 desc=
Scores for complete sequence (score includes all domains):
   --- full sequence ---   --- best 1 domain ---    -#dom-
    E-value  score  bias    E-value  score  bias    exp  N  Model           Description
    ------- ------ -----    ------- ------ -----   ---- --  --------        -----------
    1.2e-43  149.7   0.0    1.6e-43  149.4   0.0    1.0  1  T4SS-DNA_transf  Type IV secretory system Conjugative DNA tra
    3.1e-33  114.5   0.0    5.2e-33  113.8   0.0    1.4  1  TraG-D_C         TraM recognition site of TraD and TraG
    2.6e-18   66.3   0.0    5.1e-16   58.8   0.1    2.3  2  TrwB_AAD_bind    Type IV secretion-system coupling protein DN


Domain annotation for each model (and alignments):
>> T4SS-DNA_transf  Type IV secretory system Conjugative DNA transfer
   #    score  bias  c-Evalue  i-Evalue hmmfrom  hmm to    alifrom  ali to    envfrom  env to     acc
 ---   ------ ----- --------- --------- ------- -------    ------- -------    ------- -------    ----
   1 !  149.4   0.0   2.4e-47   1.6e-43      93     443 ..       4     353 ..       2     379 .. 0.87

  Alignments for each domain:
  == domain 1  score: 149.4 bits;  conditional E-value: 2.4e-47
                      XXXXXXXXXXXXXXXX.--Query:       orf3  [L=482]
Description: source=IMGVR_UViG_3300029876_000245_3300029876_Ga0245325_100835/32691-34393 coords=3..1448 length=482 frame=3 desc=
Scores for complete sequence (score includes all domains):
   --- full sequence ---   --- best 1 domain ---    -#dom-
    E-value  score  bias    E-value  score  bias    exp  N  Model    Description
    ------- ------ -----    ------- ------ -----   ---- --  -------- -----------
  ------ inclusion threshold ------
      0.051   13.8   0.0      0.096   12.9   0.0    1.4  1  Big_11    Bacterial Ig-like domain


Domain annotation for each model (and alignments):
>> Big_11  Bacterial Ig-like domain
   #    score  bias  c-Evalue  i-Evalue hmmfrom  hmm to    alifrom  ali to    envfrom  env to     acc
 ---   ------ ----- --------- --------- ------- -------    ------- -------    ------- -------    ----
   1 ?   12.9   0.0   4.9e-06     0.096       7      44 ..     168     203 ..     162     214 .. 0.85

  Alignments for each domain:
  == domain 1  score: 12.9 bits;  conditional E-value: 4.9e-06
  Big_11   7 dytVtefevdgetYkaGtTVeleGvegsvvinedGtyk 44 
             d    +  ++  +Y  G+TV l+G  +++vi +  +++
    orf3 168 DAAENPASSETAAYAVGDTVYLDG--TPFVIEAKSAFS 203
             55557889999*************..9****9988776 PP



Internal pipeline statistics summary:
-------------------------------------
Query sequence(s):                         1  (482 residues searched)
Target model(s):                       19632  (3329936 nodes)
Passed MSV filter:                       634  (0.0322942); expected 392.6 (0.02)
Passed bias filter:                      461  (0.0234821); expected 392.6 (0.02)
Passed Vit filter:                        41  (0.00208843); expected 19.6 (0.001)
Passed Fwd filter:                         1  (5.09372e-05); expected 0.2 (1e-05)
Initial search space (Z):              19632  [actual number of targets]
Domain search space  (domZ):               1  [number of targets reported over threshold]
# CPU time: 0.39u 0.19s 00:00:00.58 Elapsed: 00:00:00.36
# Mc/sec: 4438.02
//
Query:       orf4  [L=107]
Description: source=IMGVR_UViG_3300029876_000245_3300029876_Ga0245325_100835/32691-34393 coords=1620..1300 length=107 frame=6 desc=
Scores for complete sequence (score includes all domains):
   --- full sequence ---   --- best 1 domain ---    -#dom-
    E-value  score  bias    E-value  score  bias    exp  N  Model    Description
    ------- ------ -----    ------- ------ -----   ---- --  -------- -----------

   [No hits detected that satisfy reporting thresholds]


Domain annotation for each model (and alignments):

   [No targets detected that satisfy reporting thresholds]


Internal pipeline statistics summary:
-------------------------------------
Query sequence(s):                         1  (107 residues searched)
Target model(s):                       19632  (3329936 nodes)
Passed MSV filter:                       243  (0.0123778); expected 392.6 (0.02)
Passed bias filter:                      159  (0.00809902); expected 392.6 (0.02)
Passed Vit filter:                        11  (0.00056031); expected 19.6 (0.001)
Passed Fwd filter:                         0  (0); expected 0.2 (1e-05)
Initial search space (Z):              19632  [actual number of targets]
Domain search space  (domZ):               0  [number of targets reported over threshold]
# CPU time: 0.29u 0.17s 00:00:00.46 Elapsed: 00:00:00.32
# Mc/sec: 1098.96
//
Query:       orf5  [L=177]
Description: source=IMGVR_UViG_3300029876_000245_3300029876_Ga0245325_100835/32691-34393 coords=1460..930 length=177 frame=4 desc=
Scores for complete sequence (score includes all domains):
   --- full sequence ---   --- best 1 domain ---    -#dom-
    E-value  score  bias    E-value  score  bias    exp  N  Model    Description
    ------- ------ -----    ------- ------ -----   ---- --  -------- -----------

   [No hits detected that satisfy reporting thresholds]


Domain annotation for each model (and alignments):

   [No targets detected that satisfy reporting thresholds]


Internal pipeline statistics summary:
-------------------------------------
Query sequence(s):                         1  (177 residues searched)
Target model(s):                       19632  (3329936 nodes)
Passed MSV filter:                       272  (0.0138549); expected 392.6 (0.02)
Passed bias filter:                      242  (0.0123268); expected 392.6 (0.02)
Passed Vit filter:                        14  (0.000713121); expected 19.6 (0.001)
Passed Fwd filter:                         0  (0); expected 0.2 (1e-05)
Initial search space (Z):              19632  [actual number of targets]
Domain search space  (domZ):               0  [number of targets reported over threshold]
# CPU time: 0.31u 0.15s 00:00:00.46 Elapsed: 00:00:00.32
# Mc/sec: 1815.38
//
Query:       orf6  [L=105]
Description: source=IMGVR_UViG_3300029876_000245_3300029876_Ga0245325_100835/32691-34393 coords=955..641 length=105 frame=5 desc=
Scores for complete sequence (score includes all domains):
   --- full sequence ---   --- best 1 domain ---    -#dom-
    E-value  score  bias    E-value  score  bias    exp  N  Model    Description
    ------- ------ -----    ------- ------ -----   ---- --  -------- -----------

   [No hits detected that satisfy reporting thresholds]


Domain annotation for each model (and alignments):

   [No targets detected that satisfy reporting thresholds]


Internal pipeline statistics summary:
-------------------------------------
Query sequence(s):                         1  (105 residues searched)
Target model(s):                       19632  (3329936 nodes)
Passed MSV filter:                       378  (0.0192543); expected 392.6 (0.02)
Passed bias filter:                      194  (0.00988183); expected 392.6 (0.02)
Passed Vit filter:                         8  (0.000407498); expected 19.6 (0.001)
Passed Fwd filter:                         0  (0); expected 0.2 (1e-05)
Initial search space (Z):              19632  [actual number of targets]
Domain search space  (domZ):               0  [number of targets reported over threshold]
# CPU time: 0.27u 0.18s 00:00:00.45 Elapsed: 00:00:00.32
# Mc/sec: 1083.61
//
Query:       orf7  [L=98]
Description: source=IMGVR_UViG_3300029876_000245_3300029876_Ga0245325_100835/32691-34393 coords=926..633 length=98 frame=4 desc=
Scores for complete sequence (score includes all domains):
   --- full sequence ---   --- best 1 domain ---    -#dom-
    E-value  score  bias    E-value  score  bias    exp  N  Model    Description
    ------- ------ -----    ------- ------ -----   ---- --  -------- -----------

   [No hits detected that satisfy reporting thresholds]


Domain annotation for each model (and alignments):

   [No targets detected that satisfy reporting thresholds]


Internal pipeline statistics summary:
-------------------------------------
Query sequence(s):                         1  (98 residues searched)
Target model(s):                       19632  (3329936 nodes)
Passed MSV filter:                       387  (0.0197127); expected 392.6 (0.02)
Passed bias filter:                      246  (0.0125306); expected 392.6 (0.02)
Passed Vit filter:                         9  (0.000458435); expected 19.6 (0.001)
Passed Fwd filter:                         0  (0); expected 0.2 (1e-05)
Initial search space (Z):              19632  [actual number of targets]
Domain search space  (domZ):               0  [number of targets reported over threshold]
# CPU time: 0.26u 0.17s 00:00:00.43 Elapsed: 00:00:00.30
# Mc/sec: 1064.81
//
Query:       orf8  [L=106]
Description: source=IMGVR_UViG_3300029876_000245_3300029876_Ga0245325_100835/32691-34393 coords=606..289 length=106 frame=6 desc=
Scores for complete sequence (score includes all domains):
   --- full sequence ---   --- best 1 domain ---    -#dom-
    E-value  score  bias    E-value  score  bias    exp  N  Model    Description
    ------- ------ -----    ------- ------ -----   ---- --  -------- -----------

   [No hits detected that satisfy reporting thresholds]


Domain annotation for each model (and alignments):

   [No targets detected that satisfy reporting thresholds]


Internal pipeline statistics summary:
-------------------------------------
Query sequence(s):                         1  (106 residues searched)
Target model(s):                       19632  (3329936 nodes)
Passed MSV filter:                       323  (0.0164527); expected 392.6 (0.02)
Passed bias filter:                      222  (0.0113081); expected 392.6 (0.02)
Passed Vit filter:                        17  (0.000865933); expected 19.6 (0.001)
Passed Fwd filter:                         0  (0); expected 0.2 (1e-05)
Initial search space (Z):              19632  [actual number of targets]
Domain search space  (domZ):               0  [number of targets reported over threshold]
# CPU time: 0.28u 0.17s 00:00:00.45 Elapsed: 00:00:00.31
# Mc/sec: 1130.11
//
Query:       orf9  [L=141]
Description: source=IMGVR_UViG_3300029876_000245_3300029876_Ga0245325_100835/32691-34393 coords=541..119 length=141 frame=5 desc=
Scores for complete sequence (score includes all domains):
   --- full sequence ---   --- best 1 domain ---    -#dom-
    E-value  score  bias    E-value  score  bias    exp  N  Model    Description
    ------- ------ -----    ------- ------ -----   ---- --  -------- -----------

   [No hits detected that satisfy reporting thresholds]


Domain annotation for each model (and alignments):

   [No targets detected that satisfy reporting thresholds]


Internal pipeline statistics summary:
-------------------------------------
Query sequence(s):                         1  (141 residues searched)
Target model(s):                       19632  (3329936 nodes)
Passed MSV filter:                       383  (0.019509); expected 392.6 (0.02)
Passed bias filter:                      210  (0.0106968); expected 392.6 (0.02)
Passed Vit filter:                        17  (0.000865933); expected 19.6 (0.001)
Passed Fwd filter:                         0  (0); expected 0.2 (1e-05)
Initial search space (Z):              19632  [actual number of targets]
Domain search space  (domZ):               0  [number of targets reported over threshold]
# CPU time: 0.28u 0.15s 00:00:00.43 Elapsed: 00:00:00.30
# Mc/sec: 1558.22
//
Query:       orf10  [L=174]
Description: source=IMGVR_UViG_3300029876_000245_3300029876_Ga0245325_100835/32691-34393 coords=524..3 length=174 frame=4 desc=
Scores for complete sequence (score includes all domains):
   --- full sequence ---   --- best 1 domain ---    -#dom-
    E-value  score  bias    E-value  score  bias    exp  N  Model    Description
    ------- ------ -----    ------- ------ -----   ---- --  -------- -----------

   [No hits detected that satisfy reporting thresholds]


Domain annotation for each model (and alignments):

   [No targets detected that satisfy reporting thresholds]


Internal pipeline statistics summary:
-------------------------------------
Query sequence(s):                         1  (174 residues searched)
Target model(s):                       19632  (3329936 nodes)
Passed MSV filter:                       269  (0.0137021); expected 392.6 (0.02)
Passed bias filter:                      228  (0.0116137); expected 392.6 (0.02)
Passed Vit filter:                        13  (0.000662184); expected 19.6 (0.001)
Passed Fwd filter:                         0  (0); expected 0.2 (1e-05)
Initial search space (Z):              19632  [actual number of targets]
Domain search space  (domZ):               0  [number of targets reported over threshold]
# CPU time: 0.25u 0.19s 00:00:00.44 Elapsed: 00:00:00.30
# Mc/sec: 1877.05
//
[ok]
