# hmmscan :: search sequence(s) against a profile database
# HMMER 3.3.2 (Nov 2020); http://hmmer.org/
# Copyright (C) 2020 Howard Hughes Medical Institute.
# Freely distributed under the BSD open source license.
# - - - - - - - - - - - - - - - - - - - - - - - - - - - - - - - - - - - -
# query sequence file:             -
# target HMM database:             /n/eddy_lab/data/pfam-35.0/Pfam-A.hmm
# output directed to file:         ./all_windows_new/hmmscan/out/IMGVR_UViG_3300037453_001005_3300037453_Ga0394155_0018923_hmmscan_output.out
# per-seq hits tabular output:     ./all_windows_new/hmmscan/tblout/IMGVR_UViG_3300037453_001005_3300037453_Ga0394155_0018923_hmmscan_output.tblout
# - - - - - - - - - - - - - - - - - - - - - - - - - - - - - - - - - - - -

Query:       orf1  [L=93]
Description: source=IMGVR_UViG_3300037453_001005_3300037453_Ga0394155_0018923/2381-802 coords=344..622 length=93 frame=2 desc=
Scores for complete sequence (score includes all domains):
   --- full sequence ---   --- best 1 domain ---    -#dom-
    E-value  score  bias    E-value  score  bias    exp  N  Model    Description
    ------- ------ -----    ------- ------ -----   ---- --  -------- -----------

   [No hits detected that satisfy reporting thresholds]


Domain annotation for each model (and alignments):

   [No targets detected that satisfy reporting thresholds]


Internal pipeline statistics summary:
-------------------------------------
Query sequence(s):                         1  (93 residues searched)
Target model(s):                       19632  (3329936 nodes)
Passed MSV filter:                      1063  (0.0541463); expected 392.6 (0.02)
Passed bias filter:                      252  (0.0128362); expected 392.6 (0.02)
Passed Vit filter:                        23  (0.00117156); expected 19.6 (0.001)
Passed Fwd filter:                         0  (0); expected 0.2 (1e-05)
Initial search space (Z):              19632  [actual number of targets]
Domain search space  (domZ):               0  [number of targets reported over threshold]
# CPU time: 0.30u 0.21s 00:00:00.51 Elapsed: 00:00:00.38
# Mc/sec: 808.46
//
Query:       orf2  [L=201]
Description: source=IMGVR_UViG_3300037453_001005_3300037453_Ga0394155_0018923/2381-802 coords=79..681 length=201 frame=1 desc=
Scores for complete sequence (score includes all domains):
   --- full sequence ---   --- best 1 domain ---    -#dom-
    E-value  score  bias    E-value  score  bias    exp  N  Model     Description
    ------- ------ -----    ------- ------ -----   ---- --  --------  -----------
  ------ inclusion threshold ------
      0.065   13.4   0.0       0.13   12.5   0.0    1.4  1  MTES_1575  REase_MTES_1575


Domain annotation for each model (and alignments):
>> MTES_1575  REase_MTES_1575
   #    score  bias  c-Evalue  i-Evalue hmmfrom  hmm to    alifrom  ali to    envfrom  env to     acc
 ---   ------ ----- --------- --------- ------- -------    ------- -------    ------- -------    ----
   1 ?   12.5   0.0   6.4e-06      0.13       8      46 ..     104     143 ..     102     151 .. 0.89

  Alignments for each domain:
  == domain 1  score: 12.5 bits;  conditional E-value: 6.4e-06
  MTES_1575   8 alrergykvkpqvgvggyriDlvvedp.pgryllaIecDg 46 
                +++++++ ++   + +g +iDl +e + +g +  a+ecDg
       orf2 104 HITSADFAIVGVTRSDGKEIDLHIEPEdSGAFSFAVECDG 143
                5788889999999999***********77**********9 PP



Internal pipeline statistics summary:
-------------------------------------
Query sequence(s):                         1  (201 residues searched)
Target model(s):                       19632  (3329936 nodes)
Passed MSV filter:                       402  (0.0204768); expected 392.6 (0.02)
Passed bias filter:                      343  (0.0174715); expected 392.6 (0.02)
Passed Vit filter:                        16  (0.000814996); expected 19.6 (0.001)
Passed Fwd filter:                         1  (5.09372e-05); expected 0.2 (1e-05)
Initial search space (Z):              19632  [actual number of targets]
Domain search space  (domZ):               1  [number of targets reported over threshold]
# CPU time: 0.29u 0.22s 00:00:00.51 Elapsed: 00:00:00.36
# Mc/sec: 1840.94
//
[ok]
f1  78 FRTKNYKFIRRYKKVIYSPKK 98 
            9****************9976 PP

  == domain 3  score: -2.4 bits;  conditional E-value: 0.47
            ----------S--- CS
  N-SET  83 eGvkkIpdseKskY 96 
            e+++k  ++ K kY
   orf1 148 EDTQKLINAIKTKY 161
            44444444555554 PP



Internal pipeline statistics summary:
-------------------------------------
Query sequence(s):                         1  (215 residues searched)
Target model(s):                       19632  (3329936 nodes)
Passed MSV filter:                       821  (0.0418195); expected 392.6 (0.02)
Passed bias filter:                      428  (0.0218011); expected 392.6 (0.02)
Passed Vit filter:                        33  (0.00168093); expected 19.6 (0.001)
Passed Fwd filter:                         2  (0.000101874); expected 0.2 (1e-05)
Initial search space (Z):              19632  [actual number of targets]
Domain search space  (domZ):               2  [number of targets reported over threshold]
# CPU time: 0.36u 0.20s 00:00:00.56 Elapsed: 00:00:00.39
# Mc/sec: 1810.27
//
Query:       orf2  [L=93]
Description: source=IMGVR_UViG_3300037453_001005_3300037453_Ga0394155_0018923/3168-1472 coords=1131..1409 length=93 frame=3 desc=
Scores for complete sequence (score includes all domains):
   --- full sequence ---   --- best 1 domain ---    -#dom-
    E-value  score  bias    E-value  score  bias    exp  N  Model    Description
    ------- ------ -----    ------- ------ -----   ---- --  -------- -----------

   [No hits detected that satisfy reporting thresholds]


Domain annotation for each model (and alignments):

   [No targets detected that satisfy reporting thresholds]


Internal pipeline statistics summary:
-------------------------------------
Query sequence(s):                         1  (93 residues searched)
Target model(s):                       19632  (3329936 nodes)
Passed MSV filter:                      1063  (0.0541463); expected 392.6 (0.02)
Passed bias filter:                      252  (0.0128362); expected 392.6 (0.02)
Passed Vit filter:                        23  (0.00117156); expected 19.6 (0.001)
Passed Fwd filter:                         0  (0); expected 0.2 (1e-05)
Initial search space (Z):              19632  [actual number of targets]
Domain search space  (domZ):               0  [number of targets reported over threshold]
# CPU time: 0.30u 0.17s 00:00:00.47 Elapsed: 00:00:00.34
# Mc/sec: 897.07
//
Query:       orf3  [L=201]
Description: source=IMGVR_UViG_3300037453_001005_3300037453_Ga0394155_0018923/3168-1472 coords=866..1468 length=201 frame=2 desc=
Scores for complete sequence (score includes all domains):
   --- full sequence ---   --- best 1 domain ---    -#dom-
    E-value  score  bias    E-value  score  bias    exp  N  Model     Description
    ------- ------ -----    ------- ------ -----   ---- --  --------  -----------
  ------ inclusion threshold ------
      0.065   13.4   0.0       0.13   12.5   0.0    1.4  1  MTES_1575  REase_MTES_1575


Domain annotation for each model (and alignments):
>> MTES_1575  REase_MTES_1575
   #    score  bias  c-Evalue  i-Evalue hmmfrom  hmm to    alifrom  ali to    envfrom  env to     acc
 ---   ------ ----- --------- --------- ------- -------    ------- -------    ------- -------    ----
   1 ?   12.5   0.0   6.4e-06      0.13       8      46 ..     104     143 ..     102     151 .. 0.89

  Alignments for each domain:
  == domain 1  score: 12.5 bits;  conditional E-value: 6.4e-06
  MTES_1575   8 alrergykvkpqvgvggyriDlvvedp.pgryllaIecDg 46 
                +++++++ ++   + +g +iDl +e + +g +  a+ecDg
       orf3 104 HITSADFAIVGVTRSDGKEIDLHIEPEdSGAFSFAVECDG 143
                5788889999999999***********77**********9 PP



Internal pipeline statistics summary:
-------------------------------------
Query sequence(s):                         1  (201 residues searched)
Target model(s):                       19632  (3329936 nodes)
Passed MSV filter:                       402  (0.0204768); expected 392.6 (0.02)
Passed bias filter:                      343  (0.0174715); expected 392.6 (0.02)
Passed Vit filter:                        16  (0.000814996); expected 19.6 (0.001)
Passed Fwd filter:                         1  (5.09372e-05); expected 0.2 (1e-05)
Initial search space (Z):              19632  [actual number of targets]
Domain search space  (domZ):               1  [number of targets reported over threshold]
# CPU time: 0.29u 0.20s 00:00:00.49 Elapsed: 00:00:00.36
# Mc/sec: 1839.40
//
[ok]
