# hmmscan :: search sequence(s) against a profile database
# HMMER 3.3.2 (Nov 2020); http://hmmer.org/
# Copyright (C) 2020 Howard Hughes Medical Institute.
# Freely distributed under the BSD open source license.
# - - - - - - - - - - - - - - - - - - - - - - - - - - - - - - - - - - - -
# query sequence file:             -
# target HMM database:             /n/eddy_lab/data/pfam-35.0/Pfam-A.hmm
# output directed to file:         ./all_windows_new/hmmscan/out/IMGVR_UViG_3300028833_004778_3300028833_Ga0247610_10010593_hmmscan_output.out
# per-seq hits tabular output:     ./all_windows_new/hmmscan/tblout/IMGVR_UViG_3300028833_004778_3300028833_Ga0247610_10010593_hmmscan_output.tblout
# - - - - - - - - - - - - - - - - - - - - - - - - - - - - - - - - - - - -

Query:       orf1  [L=102]
Description: source=IMGVR_UViG_3300028833_004778_3300028833_Ga0247610_10010593/7937-6353 coords=66..371 length=102 frame=3 desc=
Scores for complete sequence (score includes all domains):
   --- full sequence ---   --- best 1 domain ---    -#dom-
    E-value  score  bias    E-value  score  bias    exp  N  Model    Description
    ------- ------ -----    ------- ------ -----   ---- --  -------- -----------

   [No hits detected that satisfy reporting thresholds]


Domain annotation for each model (and alignments):

   [No targets detected that satisfy reporting thresholds]


Internal pipeline statistics summary:
-------------------------------------
Query sequence(s):                         1  (102 residues searched)
Target model(s):                       19632  (3329936 nodes)
Passed MSV filter:                       698  (0.0355542); expected 392.6 (0.02)
Passed bias filter:                      458  (0.0233293); expected 392.6 (0.02)
Passed Vit filter:                        37  (0.00188468); expected 19.6 (0.001)
Passed Fwd filter:                         0  (0); expected 0.2 (1e-05)
Initial search space (Z):              19632  [actual number of targets]
Domain search space  (domZ):               0  [number of targets reported over threshold]
# CPU time: 0.31u 0.21s 00:00:00.52 Elapsed: 00:00:00.37
# Mc/sec: 914.80
//
Query:       orf2  [L=119]
Description: source=IMGVR_UViG_3300028833_004778_3300028833_Ga0247610_10010593/7937-6353 coords=442..86 length=119 frame=4 desc=
Scores for complete sequence (score includes all domains):
   --- full sequence ---   --- best 1 domain ---    -#dom-
    E-value  score  bias    E-value  score  bias    exp  N  Model    Description
    ------- ------ -----    ------- ------ -----   ---- --  -------- -----------
  ------ inclusion threshold ------
      0.013   15.7   0.1      0.039   14.2   0.1    1.8  2  DUF6358   Family of unknown function (DUF6358)


Domain annotation for each model (and alignments):
>> DUF6358  Family of unknown function (DUF6358)
   #    score  bias  c-Evalue  i-Evalue hmmfrom  hmm to    alifrom  ali to    envfrom  env to     acc
 ---   ------ ----- --------- --------- ------- -------    ------- -------    ------- -------    ----
   1 ?   14.2   0.1     2e-06     0.039       7      40 ..      27      60 ..      24      64 .. 0.88
   2 ?   -2.2   0.0      0.27   5.2e+03      30      42 ..      80      92 ..      72      94 .. 0.73

  Alignments for each domain:
  == domain 1  score: 14.2 bits;  conditional E-value: 2e-06
  DUF6358  7 lNvllnlgiillvisaiwafksknylllalavai 40
             +N++  +++il+++ +i++fk+   l  ++++  
     orf2 27 FNITSRTCVILCIFEIISSFKASSCLASVVLIPD 60
             89********************999998888765 PP

  == domain 2  score: -2.2 bits;  conditional E-value: 0.27
  DUF6358 30 nylllalavailv 42
             +y ll l +++++
     orf2 80 RYTLLTLNLFTGI 92
             6777777777765 PP



Internal pipeline statistics summary:
-------------------------------------
Query sequence(s):                         1  (119 residues searched)
Target model(s):                       19632  (3329936 nodes)
Passed MSV filter:                       411  (0.0209352); expected 392.6 (0.02)
Passed bias filter:                      243  (0.0123778); expected 392.6 (0.02)
Passed Vit filter:                        14  (0.000713121); expected 19.6 (0.001)
Passed Fwd filter:                         1  (5.09372e-05); expected 0.2 (1e-05)
Initial search space (Z):              19632  [actual number of targets]
Domain search space  (domZ):               1  [number of targets reported over threshold]
# CPU time: 0.30u 0.19s 00:00:00.49 Elapsed: 00:00:00.35
# Mc/sec: 1109.97
//
[ok]
 (3329936 nodes)
Passed MSV filter:                       698  (0.0355542); expected 392.6 (0.02)
Passed bias filter:                      458  (0.0233293); expected 392.6 (0.02)
Passed Vit filter:                        37  (0.00188468); expected 19.6 (0.001)
Passed Fwd filter:                         0  (0); expected 0.2 (1e-05)
Initial search space (Z):              19632  [actual number of targets]
Domain search space  (domZ):               0  [number of targets reported over threshold]
# CPU time: 0.32u 0.14s 00:00:00.46 Elapsed: 00:00:00.32
# Mc/sec: 1052.92
//
Query:       orf3  [L=119]
Description: source=IMGVR_UViG_3300028833_004778_3300028833_Ga0247610_10010593/8539-6954 coords=1044..688 length=119 frame=6 desc=
Scores for complete sequence (score includes all domains):
   --- full sequence ---   --- best 1 domain ---    -#dom-
    E-value  score  bias    E-value  score  bias    exp  N  Model    Description
    ------- ------ -----    ------- ------ -----   ---- --  -------- -----------
  ------ inclusion threshold ------
      0.013   15.7   0.1      0.039   14.2   0.1    1.8  2  DUF6358   Family of unknown function (DUF6358)


Domain annotation for each model (and alignments):
>> DUF6358  Family of unknown function (DUF6358)
   #    score  bias  c-Evalue  i-Evalue hmmfrom  hmm to    alifrom  ali to    envfrom  env to     acc
 ---   ------ ----- --------- --------- ------- -------    ------- -------    ------- -------    ----
   1 ?   14.2   0.1     2e-06     0.039       7      40 ..      27      60 ..      24      64 .. 0.88
   2 ?   -2.2   0.0      0.27   5.2e+03      30      42 ..      80      92 ..      72      94 .. 0.73

  Alignments for each domain:
  == domain 1  score: 14.2 bits;  conditional E-value: 2e-06
  DUF6358  7 lNvllnlgiillvisaiwafksknylllalavai 40
             +N++  +++il+++ +i++fk+   l  ++++  
     orf3 27 FNITSRTCVILCIFEIISSFKASSCLASVVLIPD 60
             89********************999998888765 PP

  == domain 2  score: -2.2 bits;  conditional E-value: 0.27
  DUF6358 30 nylllalavailv 42
             +y ll l +++++
     orf3 80 RYTLLTLNLFTGI 92
             6777777777765 PP



Internal pipeline statistics summary:
-------------------------------------
Query sequence(s):                         1  (119 residues searched)
Target model(s):                       19632  (3329936 nodes)
Passed MSV filter:                       411  (0.0209352); expected 392.6 (0.02)
Passed bias filter:                      243  (0.0123778); expected 392.6 (0.02)
Passed Vit filter:                        14  (0.000713121); expected 19.6 (0.001)
Passed Fwd filter:                         1  (5.09372e-05); expected 0.2 (1e-05)
Initial search space (Z):              19632  [actual number of targets]
Domain search space  (domZ):               1  [number of targets reported over threshold]
# CPU time: 0.29u 0.17s 00:00:00.46 Elapsed: 00:00:00.30
# Mc/sec: 1279.62
//
[ok]
--------------
Query sequence(s):                         1  (93 residues searched)
Target model(s):                       19632  (3329936 nodes)
Passed MSV filter:                       421  (0.0214446); expected 392.6 (0.02)
Passed bias filter:                      376  (0.0191524); expected 392.6 (0.02)
Passed Vit filter:                        19  (0.000967808); expected 19.6 (0.001)
Passed Fwd filter:                         2  (0.000101874); expected 0.2 (1e-05)
Initial search space (Z):              19632  [actual number of targets]
Domain search space  (domZ):               2  [number of targets reported over threshold]
# CPU time: 0.30u 0.16s 00:00:00.46 Elapsed: 00:00:00.32
# Mc/sec: 965.10
//
Query:       orf3  [L=102]
Description: source=IMGVR_UViG_3300028833_004778_3300028833_Ga0247610_10010593/9045-7395 coords=1174..1479 length=102 frame=1 desc=
Scores for complete sequence (score includes all domains):
   --- full sequence ---   --- best 1 domain ---    -#dom-
    E-value  score  bias    E-value  score  bias    exp  N  Model    Description
    ------- ------ -----    ------- ------ -----   ---- --  -------- -----------

   [No hits detected that satisfy reporting thresholds]


Domain annotation for each model (and alignments):

   [No targets detected that satisfy reporting thresholds]


Internal pipeline statistics summary:
-------------------------------------
Query sequence(s):                         1  (102 residues searched)
Target model(s):                       19632  (3329936 nodes)
Passed MSV filter:                       698  (0.0355542); expected 392.6 (0.02)
Passed bias filter:                      458  (0.0233293); expected 392.6 (0.02)
Passed Vit filter:                        37  (0.00188468); expected 19.6 (0.001)
Passed Fwd filter:                         0  (0); expected 0.2 (1e-05)
Initial search space (Z):              19632  [actual number of targets]
Domain search space  (domZ):               0  [number of targets reported over threshold]
# CPU time: 0.29u 0.15s 00:00:00.43 Elapsed: 00:00:00.30
# Mc/sec: 1096.47
//
Query:       orf4  [L=119]
Description: source=IMGVR_UViG_3300028833_004778_3300028833_Ga0247610_10010593/9045-7395 coords=1550..1194 length=119 frame=6 desc=
Scores for complete sequence (score includes all domains):
   --- full sequence ---   --- best 1 domain ---    -#dom-
    E-value  score  bias    E-value  score  bias    exp  N  Model    Description
    ------- ------ -----    ------- ------ -----   ---- --  -------- -----------
  ------ inclusion threshold ------
      0.013   15.7   0.1      0.039   14.2   0.1    1.8  2  DUF6358   Family of unknown function (DUF6358)


Domain annotation for each model (and alignments):
>> DUF6358  Family of unknown function (DUF6358)
   #    score  bias  c-Evalue  i-Evalue hmmfrom  hmm to    alifrom  ali to    envfrom  env to     acc
 ---   ------ ----- --------- --------- ------- -------    ------- -------    ------- -------    ----
   1 ?   14.2   0.1     2e-06     0.039       7      40 ..      27      60 ..      24      64 .. 0.88
   2 ?   -2.2   0.0      0.27   5.2e+03      30      42 ..      80      92 ..      72      94 .. 0.73

  Alignments for each domain:
  == domain 1  score: 14.2 bits;  conditional E-value: 2e-06
  DUF6358  7 lNvllnlgiillvisaiwafksknylllalavai 40
             +N++  +++il+++ +i++fk+   l  ++++  
     orf4 27 FNITSRTCVILCIFEIISSFKASSCLASVVLIPD 60
             89********************999998888765 PP

  == domain 2  score: -2.2 bits;  conditional E-value: 0.27
  DUF6358 30 nylllalavailv 42
             +y ll l +++++
     orf4 80 RYTLLTLNLFTGI 92
             6777777777765 PP



Internal pipeline statistics summary:
-------------------------------------
Query sequence(s):                         1  (119 residues searched)
Target model(s):                       19632  (3329936 nodes)
Passed MSV filter:                       411  (0.0209352); expected 392.6 (0.02)
Passed bias filter:                      243  (0.0123778); expected 392.6 (0.02)
Passed Vit filter:                        14  (0.000713121); expected 19.6 (0.001)
Passed Fwd filter:                         1  (5.09372e-05); expected 0.2 (1e-05)
Initial search space (Z):              19632  [actual number of targets]
Domain search space  (domZ):               1  [number of targets reported over threshold]
# CPU time: 0.28u 0.15s 00:00:00.43 Elapsed: 00:00:00.29
# Mc/sec: 1327.12
//
[ok]
