# hmmscan :: search sequence(s) against a profile database
# HMMER 3.3.2 (Nov 2020); http://hmmer.org/
# Copyright (C) 2020 Howard Hughes Medical Institute.
# Freely distributed under the BSD open source license.
# - - - - - - - - - - - - - - - - - - - - - - - - - - - - - - - - - - - -
# query sequence file:             -
# target HMM database:             /n/eddy_lab/data/pfam-35.0/Pfam-A.hmm
# output directed to file:         ./all_windows_new/hmmscan/out/IMGVR_UViG_3300007109_000244_3300007109_Ga0102633_100811_hmmscan_output.out
# per-seq hits tabular output:     ./all_windows_new/hmmscan/tblout/IMGVR_UViG_3300007109_000244_3300007109_Ga0102633_100811_hmmscan_output.tblout
# - - - - - - - - - - - - - - - - - - - - - - - - - - - - - - - - - - - -

Query:       orf1  [L=109]
Description: source=IMGVR_UViG_3300007109_000244_3300007109_Ga0102633_100811/24858-23273 coords=892..1218 length=109 frame=1 desc=
Scores for complete sequence (score includes all domains):
   --- full sequence ---   --- best 1 domain ---    -#dom-
    E-value  score  bias    E-value  score  bias    exp  N  Model    Description
    ------- ------ -----    ------- ------ -----   ---- --  -------- -----------

   [No hits detected that satisfy reporting thresholds]


Domain annotation for each model (and alignments):

   [No targets detected that satisfy reporting thresholds]


Internal pipeline statistics summary:
-------------------------------------
Query sequence(s):                         1  (109 residues searched)
Target model(s):                       19632  (3329936 nodes)
Passed MSV filter:                       380  (0.0193562); expected 392.6 (0.02)
Passed bias filter:                      209  (0.0106459); expected 392.6 (0.02)
Passed Vit filter:                        13  (0.000662184); expected 19.6 (0.001)
Passed Fwd filter:                         0  (0); expected 0.2 (1e-05)
Initial search space (Z):              19632  [actual number of targets]
Domain search space  (domZ):               0  [number of targets reported over threshold]
# CPU time: 0.28u 0.18s 00:00:00.46 Elapsed: 00:00:00.32
# Mc/sec: 1125.97
//
Query:       orf2  [L=479]
Description: source=IMGVR_UViG_3300007109_000244_3300007109_Ga0102633_100811/24858-23273 coords=3..1439 length=479 frame=3 desc=
Scores for complete sequence (score includes all domains):
   --- full sequence ---   --- best 1 domain ---    -#dom-
    E-value  score  bias    E-value  score  bias    exp  N  Model           Description
    ------- ------ -----    ------- ------ -----   ---- --  --------        -----------
    1.2e-30  106.9   0.0      2e-30  106.1   0.0    1.4  1  RVT_1            Reverse transcriptase (RNA-dependent DNA pol
    9.5e-05   22.5   1.0    0.00033   20.8   0.2    2.4  2  GIIM             Group II intron, maturase-specific domain
    0.00016   21.9   0.4    0.00044   20.5   0.4    1.8  1  HNH              HNH endonuclease
  ------ inclusion threshold ------
      0.065   12.8   0.4        2.2    7.8   0.4    2.4  2  H2O2_YaaD        Peroxide stress protein YaaA
      0.091   12.9   0.1       0.21   11.6   0.1    1.6  1  Intron_maturas2  Type II intron maturase


Domain annotation for each model (and alignments):
>> RVT_1  Reverse transcriptase (RNA-dependent DNA polymerase)
   #    score  bias  c-Evalue  i-Evalue hmmfrom  hmm to    alifrom  ali to    envfrom  env to     acc
 ---   ------ ----- --------- --------- ------- -------    ------- -------    ------- -------    ----
   1 !  106.1   0.0     5e-34     2e-30      43     222 .]       1     207 [.       1     207 [. 0.93

  Alignments for each domain:
  == domain 1  score: 106.1 bits;  conditional E-value: 5e-34
            --HHHH..............HCCHTS--EEEEEEBCCGCCCSBB-GGGGGGG-EEET...........................TEEEEESB--ST-TTHHHHH CS
  RVT_1  43 pgfrpgrstldav.edllkalkkkkkaklllklDlkkaFdsvpleellrkltafkvp.tklinliksflstrsfsvrv.ngeeskgryekkglpqGsvlSPllf 143
            +gfrp rs + a+  +++ +  ++ k + ++++D+k++Fd v++++l+r+++a++++ +kli +i+++l   ++ +r+ +g   + +  +kg+pqG++lSPll+
   orf2   1 YGFRPLRSAENAIaAEMRLI--NQSKLHFVVEVDIKSFFDEVNHAKLMRQIWAMGIRdKKLISVIRAIL---TAPIRMpDG---SLIHPQKGTPQGGILSPLLA 96 
            79*********998555555..56899*****************************725789999***9...666788777...789999************** PP

            HHHHHHHHTT-T.......................................TEEECTTEEEEEESSHHHHHHHHHHHHHHHHH.TT--BEGGG-EEE......E CS
  RVT_1 144 nlfmnellrelrkra.................................kgvtllrYaDDililskskeelqelleaveewlke.sglkinpeKtklvlftv.ks 212
            n+++nel++ ++ ++                                 k+  ++rYaDD+ il++++++++++ eav+ wl+e   l++++eKt++v   + k+
   orf2  97 NIVLNELDHWIDGQWlenpvtesysshvsksggpnkgnayramkktnlKEMRIIRYADDVRILCRTRNQANRAAEAVKLWLNErLCLQVSEEKTRVV---NvKK 197
            **********************************************************************************9899***********...669* PP

            SSEEETTEEE CS
  RVT_1 213 eevkyLGvtl 222
            +  ++LG++l
   orf2 198 HYTEFLGFKL 207
            *******986 PP

>> GIIM  Group II intron, maturase-specific domain
   #    score  bias  c-Evalue  i-Evalue hmmfrom  hmm to    alifrom  ali to    envfrom  env to     acc
 ---   ------ ----- --------- --------- ------- -------    ------- -------    ------- -------    ----
   1 ?   -2.0   0.0         1   4.1e+03      47      56 ..      99     108 ..      96     111 .. 0.83
   2 !   20.8   0.2   8.4e-08   0.00033       5      59 ..     235     289 ..     231     314 .. 0.68

  Alignments for each domain:
  == domain 1  score: -2.0 bits;  conditional E-value: 1
  GIIM  47 vfskldhyir 56 
           v+++ldh+i+
  orf2  99 VLNELDHWID 108
           6899****97 PP

  == domain 2  score: 20.8 bits;  conditional E-value: 8.4e-08
  GIIM   5 krkireltkrsskgvsleelirklnpiirGWanYyrlv.vakrvfskldhyirrrL 59 
           k++++++  r  ++  + + i k+n+++rGW nYy ++ +++  f ++ + + r +
  orf2 235 KEQVKRIQ-RPVNSGEQVKEICKYNAMVRGWHNYYEIAtQVSCDFAEITWQVSRAV 289
           67888887.55566777777889*************98666655555555554443 PP

>> HNH  HNH endonuclease
   #    score  bias  c-Evalue  i-Evalue hmmfrom  hmm to    alifrom  ali to    envfrom  env to     acc
 ---   ------ ----- --------- --------- ------- -------    ------- -------    ------- -------    ----
   1 !   20.5   0.4   1.1e-07   0.00044       5      36 ..     402     433 ..     398     443 .. 0.89

  Alignments for each domain:
  == domain 1  score: 20.5 bits;  conditional E-value: 1.1e-07
           S-B-SSEE--EEEESS-TTTT--BSGGGEEEE CS
   HNH   5 grkfhksdalevdHiipisqggaddieNlqll 36 
           gr+f  +d+ +++Hi+p++ gg d ++Nl+l+
  orf2 402 GRPFLSTDEVHCHHIKPVHAGGGDKYQNLTLV 433
           8999999**********************986 PP

>> H2O2_YaaD  Peroxide stress protein YaaA
   #    score  bias  c-Evalue  i-Evalue hmmfrom  hmm to    alifrom  ali to    envfrom  env to     acc
 ---   ------ ----- --------- --------- ------- -------    ------- -------    ------- -------    ----
   1 ?    2.2   0.0     0.029   1.1e+02      81     109 ..     132     160 ..     122     162 .. 0.94
   2 ?    7.8   0.4   0.00055       2.2     160     216 ..     185     241 ..     167     253 .. 0.81

  Alignments for each domain:
  == domain 1  score: 2.2 bits;  conditional E-value: 0.029
  H2O2_YaaD  81 nGvvYkaLdaeslseedleyaqehlrIlS 109
                +G +Y+a++ ++l+e  +    + +rIl+
       orf2 132 KGNAYRAMKKTNLKEMRIIRYADDVRILC 160
                69*************************96 PP

  == domain 2  score: 7.8 bits;  conditional E-value: 0.00055
  H2O2_YaaD 160 aSkeyskavkkkklkakvitvvFke.ekngklkvvsvyaKkaRGlmvryiaenriesv 216
                 S+e  ++v+ kk  ++++ ++ ++ +k+gkl v s+   ka+G+++  +a+++++++
       orf2 185 VSEEKTRVVNVKKHYTEFLGFKLRTeRKKGKLVVQSHICDKAKGKIAT-MAKEQVKRI 241
                58888899999877788999999884569****************986.566666655 PP

>> Intron_maturas2  Type II intron maturase
   #    score  bias  c-Evalue  i-Evalue hmmfrom  hmm to    alifrom  ali to    envfrom  env to     acc
 ---   ------ ----- --------- --------- ------- -------    ------- -------    ------- -------    ----
   1 ?   11.6   0.1   5.5e-05      0.21      45      81 ..     252     288 ..     218     323 .. 0.69

  Alignments for each domain:
  == domain 1  score: 11.6 bits;  conditional E-value: 5.5e-05
  Intron_maturas2  45 dIllrykaiirgllnYYsfadnkkrlrerikyilrks 81 
                      + + +y+a++rg  nYY +a++       i++ +  +
             orf2 252 KEICKYNAMVRGWHNYYEIATQVSCDFAEITWQVSRA 288
                      44689***************98764333677755554 PP



Internal pipeline statistics summary:
-------------------------------------
Query sequence(s):                         1  (479 residues searched)
Target model(s):                       19632  (3329936 nodes)
Passed MSV filter:                       796  (0.040546); expected 392.6 (0.02)
Passed bias filter:                      528  (0.0268949); expected 392.6 (0.02)
Passed Vit filter:                        41  (0.00208843); expected 19.6 (0.001)
Passed Fwd filter:                         5  (0.000254686); expected 0.2 (1e-05)
Initial search space (Z):              19632  [actual number of targets]
Domain search space  (domZ):               5  [number of targets reported over threshold]
# CPU time: 0.37u 0.15s 00:00:00.52 Elapsed: 00:00:00.31
# Mc/sec: 5000.06
//
Query:       orf3  [L=124]
Description: source=IMGVR_UViG_3300007109_000244_3300007109_Ga0102633_100811/24858-23273 coords=557..186 length=124 frame=4 desc=
Scores for complete sequence (score includes all domains):
   --- full sequence ---   --- best 1 domain ---    -#dom-
    E-value  score  bias    E-value  score  bias    exp  N  Model    Description
    ------- ------ -----    ------- ------ -----   ---- --  -------- -----------
  ------ inclusion threshold ------
       0.13   12.5   0.2       0.23   11.6   0.2    1.4  1  DUF4229   Protein of unknown function (DUF4229)


Domain annotation for each model (and alignments):
>> DUF4229  Protein of unknown function (DUF4229)
   #    score  bias  c-Evalue  i-Evalue hmmfrom  hmm to    alifrom  ali to    envfrom  env to     acc
 ---   ------ ----- --------- --------- ------- -------    ------- -------    ------- -------    ----
   1 ?   11.6   0.2   1.2e-05      0.23      27      53 ..      50      76 ..      38      80 .. 0.84

  Alignments for each domain:
  == domain 1  score: 11.6 bits;  conditional E-value: 1.2e-05
  DUF4229 27 vpvpllvaallAlvvalplSmvllkkl 53
             v vp+++  ++A   a++lS+ ++++l
     orf3 50 VGVPFVWPPTFADMAAVALSYRVFQPL 76
             349*********************987 PP



Internal pipeline statistics summary:
-------------------------------------
Query sequence(s):                         1  (124 residues searched)
Target model(s):                       19632  (3329936 nodes)
Passed MSV filter:                       263  (0.0133965); expected 392.6 (0.02)
Passed bias filter:                      242  (0.0123268); expected 392.6 (0.02)
Passed Vit filter:                        20  (0.00101874); expected 19.6 (0.001)
Passed Fwd filter:                         1  (5.09372e-05); expected 0.2 (1e-05)
Initial search space (Z):              19632  [actual number of targets]
Domain search space  (domZ):               1  [number of targets reported over threshold]
# CPU time: 0.32u 0.11s 00:00:00.43 Elapsed: 00:00:00.28
# Mc/sec: 1430.72
//
[ok]
