# hmmscan :: search sequence(s) against a profile database
# HMMER 3.3.2 (Nov 2020); http://hmmer.org/
# Copyright (C) 2020 Howard Hughes Medical Institute.
# Freely distributed under the BSD open source license.
# - - - - - - - - - - - - - - - - - - - - - - - - - - - - - - - - - - - -
# query sequence file:             -
# target HMM database:             /n/eddy_lab/data/pfam-35.0/Pfam-A.hmm
# output directed to file:         ./all_windows_new/hmmscan/out/IMGVR_UViG_3300028888_003641_3300028888_Ga0247609_10015898_hmmscan_output.out
# per-seq hits tabular output:     ./all_windows_new/hmmscan/tblout/IMGVR_UViG_3300028888_003641_3300028888_Ga0247609_10015898_hmmscan_output.tblout
# - - - - - - - - - - - - - - - - - - - - - - - - - - - - - - - - - - - -

Query:       orf1  [L=306]
Description: source=IMGVR_UViG_3300028888_003641_3300028888_Ga0247609_10015898/4094-5678 coords=2..919 length=306 frame=2 desc=
Scores for complete sequence (score includes all domains):
   --- full sequence ---   --- best 1 domain ---    -#dom-
    E-value  score  bias    E-value  score  bias    exp  N  Model     Description
    ------- ------ -----    ------- ------ -----   ---- --  --------  -----------
    8.5e-05   22.5   0.7    8.5e-05   22.5   0.7    2.8  2  NUMOD3     NUMOD3 motif
  ------ inclusion threshold ------
       0.13   12.5   0.0       0.38   11.0   0.0    1.8  2  MTES_1575  REase_MTES_1575


Domain annotation for each model (and alignments):
>> NUMOD3  NUMOD3 motif
   #    score  bias  c-Evalue  i-Evalue hmmfrom  hmm to    alifrom  ali to    envfrom  env to     acc
 ---   ------ ----- --------- --------- ------- -------    ------- -------    ------- -------    ----
   1 !   22.5   0.7   8.7e-09   8.5e-05      12      37 .]      18      43 ..      12      43 .. 0.80
   2 ?    0.7   0.8     0.057   5.6e+02       6      17 ..      48      59 ..      47      62 .. 0.81

  Alignments for each domain:
  == domain 1  score: 22.5 bits;  conditional E-value: 8.7e-09
  NUMOD3 12 iskAlkGennpnyGKkhseeTkkkis 37
            i k + Ge n +yG +hseeT++k++
    orf1 18 IGKTKIGELNSFYGHTHSEETLQKLR 43
            3445569*****************85 PP

  == domain 2  score: 0.7 bits;  conditional E-value: 0.057
  NUMOD3  6 eEtKaKiskAlk 17
            eE K+Kis+ +k
    orf1 48 EERKKKISNTIK 59
            68899**99777 PP

>> MTES_1575  REase_MTES_1575
   #    score  bias  c-Evalue  i-Evalue hmmfrom  hmm to    alifrom  ali to    envfrom  env to     acc
 ---   ------ ----- --------- --------- ------- -------    ------- -------    ------- -------    ----
   1 ?   -3.5   0.0       1.3   1.3e+04      61      72 ..     135     146 ..     130     147 .. 0.77
   2 ?   11.0   0.0   3.9e-05      0.38      22      74 ..     193     242 ..     170     253 .. 0.74

  Alignments for each domain:
  == domain 1  score: -3.5 bits;  conditional E-value: 1.3
  MTES_1575  61 lrqkvLerlgWk 72 
                 +q++Le+ g++
       orf1 135 CKQTMLEKYGYE 146
                578999999985 PP

  == domain 2  score: 11.0 bits;  conditional E-value: 3.9e-05
  MTES_1575  22 vggyriDlvvedppgryllaIecDgakyhsskeardrdrlrqkvLe..rlgWkil 74 
                v ++++Dl  ed     +la+e +g+ +hs   ++ +d++ qk Query:       orf2  [L=356]
Description: source=IMGVR_UViG_3300028888_003641_3300028888_Ga0247609_10015898/3616-5242 coords=330..1397 length=356 frame=3 desc=
Scores for complete sequence (score includes all domains):
   --- full sequence ---   --- best 1 domain ---    -#dom-
    E-value  score  bias    E-value  score  bias    exp  N  Model    Description
    ------- ------ -----    ------- ------ -----   ---- --  -------- -----------
     0.0001   22.3   0.7     0.0001   22.3   0.7    2.8  2  NUMOD3    NUMOD3 motif


Domain annotation for each model (and alignments):
>> NUMOD3  NUMOD3 motif
   #    score  bias  c-Evalue  i-Evalue hmmfrom  hmm to    alifrom  ali to    envfrom  env to     acc
 ---   ------ ----- --------- --------- ------- -------    ------- -------    ------- -------    ----
   1 !   22.3   0.7   5.3e-09    0.0001      12      37 .]      68      93 ..      62      93 .. 0.80
   2 ?    0.5   0.8     0.034   6.6e+02       6      17 ..      98     109 ..      97     112 .. 0.81

  Alignments for each domain:
  == domain 1  score: 22.3 bits;  conditional E-value: 5.3e-09
  NUMOD3 12 iskAlkGennpnyGKkhseeTkkkis 37
            i k + Ge n +yG +hseeT++k++
    orf2 68 IGKTKIGELNSFYGHTHSEETLQKLR 93
            3445569*****************85 PP

  == domain 2  score: 0.5 bits;  conditional E-value: 0.034
  NUMOD3   6 eEtKaKiskAlk 17 
             eE K+Kis+ +k
    orf2  98 EERKKKISNTIK 109
             68899**99776 PP



Internal pipeline statistics summary:
-------------------------------------
Query sequence(s):                         1  (356 residues searched)
Target model(s):                       19632  (3329936 nodes)
Passed MSV filter:                      1120  (0.0570497); expected 392.6 (0.02)
Passed bias filter:                      415  (0.021139); expected 392.6 (0.02)
Passed Vit filter:                        27  (0.00137531); expected 19.6 (0.001)
Passed Fwd filter:                         1  (5.09372e-05); expected 0.2 (1e-05)
Initial search space (Z):              19632  [actual number of targets]
Domain search space  (domZ):               1  [number of targets reported over threshold]
# CPU time: 0.36u 0.16s 00:00:00.52 Elapsed: 00:00:00.32
# Mc/sec: 3678.09
//
[ok]
