# hmmscan :: search sequence(s) against a profile database
# HMMER 3.3.2 (Nov 2020); http://hmmer.org/
# Copyright (C) 2020 Howard Hughes Medical Institute.
# Freely distributed under the BSD open source license.
# - - - - - - - - - - - - - - - - - - - - - - - - - - - - - - - - - - - -
# query sequence file:             -
# target HMM database:             /n/eddy_lab/data/pfam-35.0/Pfam-A.hmm
# output directed to file:         ./all_windows_new/hmmscan/out/IMGVR_UViG_3300007805_000058_3300007805_Ga0105637_102019_hmmscan_output.out
# per-seq hits tabular output:     ./all_windows_new/hmmscan/tblout/IMGVR_UViG_3300007805_000058_3300007805_Ga0105637_102019_hmmscan_output.tblout
# - - - - - - - - - - - - - - - - - - - - - - - - - - - - - - - - - - - -

Query:       orf1  [L=98]
Description: source=IMGVR_UViG_3300007805_000058_3300007805_Ga0105637_102019/1826-3410 coords=985..1278 length=98 frame=1 desc=
Scores for complete sequence (score includes all domains):
   --- full sequence ---   --- best 1 domain ---    -#dom-
    E-value  score  bias    E-value  score  bias    exp  N  Model    Description
    ------- ------ -----    ------- ------ -----   ---- --  -------- -----------

   [No hits detected that satisfy reporting thresholds]


Domain annotation for each model (and alignments):

   [No targets detected that satisfy reporting thresholds]


Internal pipeline statistics summary:
-------------------------------------
Query sequence(s):                         1  (98 residues searched)
Target model(s):                       19632  (3329936 nodes)
Passed MSV filter:                       503  (0.0256214); expected 392.6 (0.02)
Passed bias filter:                      271  (0.013804); expected 392.6 (0.02)
Passed Vit filter:                        15  (0.000764059); expected 19.6 (0.001)
Passed Fwd filter:                         0  (0); expected 0.2 (1e-05)
Initial search space (Z):              19632  [actual number of targets]
Domain search space  (domZ):               0  [number of targets reported over threshold]
# CPU time: 0.32u 0.17s 00:00:00.49 Elapsed: 00:00:00.34
# Mc/sec: 957.50
//
Query:       orf2  [L=475]
Description: source=IMGVR_UViG_3300007805_000058_3300007805_Ga0105637_102019/1826-3410 coords=3..1427 length=475 frame=3 desc=
Scores for complete sequence (score includes all domains):
   --- full sequence ---   --- best 1 domain ---    -#dom-
    E-value  score  bias    E-value  score  bias    exp  N  Model      Description
    ------- ------ -----    ------- ------ -----   ---- --  --------   -----------
    1.6e-28   99.9   0.0    3.3e-28   98.9   0.0    1.5  1  RVT_1       Reverse transcriptase (RNA-dependent DNA polymera
    8.3e-05   22.8   0.9    0.00028   21.1   0.9    1.9  1  HNH         HNH endonuclease
  ------ inclusion threshold ------
      0.042   14.0   0.1       0.91    9.7   0.0    2.5  2  Polo_box_2  Polo box domain


Domain annotation for each model (and alignments):
>> RVT_1  Reverse transcriptase (RNA-dependent DNA polymerase)
   #    score  bias  c-Evalue  i-Evalue hmmfrom  hmm to    alifrom  ali to    envfrom  env to     acc
 ---   ------ ----- --------- --------- ------- -------    ------- -------    ------- -------    ----
   1 !   98.9   0.0     5e-32   3.3e-28      65     222 .]      14     199 ..       2     199 .. 0.90

  Alignments for each domain:
  == domain 1  score: 98.9 bits;  conditional E-value: 5e-32
            HTS--EEEEEEBCCGCCCSBB-GGGGGGG-EEET..........................TEEEEESB--ST-TTHHHHHHHHHHHHHTT-T............ CS
  RVT_1  65 kkkaklllklDlkkaFdsvpleellrkltafkvptk.linliksflstrsfsvrvngeeskgryekkglpqGsvlSPllfnlfmnellrelrkra......... 158
            + + ++++++D+k++Fd+v++++l+++++a+++++k li +++++l   ++ +++   + k ++ +kg+pqG+++SPll+n+++nel++ +++++         
   orf2  14 RSNLHYVVEFDIKGFFDNVNHSKLIKQIWAMGIHDKqLIFVLRRIL---TAPIKL--PNDKMIVPTKGTPQGGIISPLLANIVLNELDHWVESQWennpvteky 112
            344599***************************8652788999999...433455..44599****************************************** PP

            ...........................TEEECTTEEEEEESSHHHHHHHHHHHHHHHHH.TT--BEGGG-EEE......ESSEEETTEEE CS
  RVT_1 159 ........................kgvtllrYaDDililskskeelqelleaveewlke.sglkinpeKtklvlftv.kseevkyLGvtl 222
                                    k+ +l+rYaDD+ i++++k+++++   av +wl e  +l+i++eKt++v   + +++  ++LG+++
   orf2 113 higrnksggerksngyramrstnlKEMFLVRYADDFRIFCRTKTAAERTKIAVTQWLYErLKLEISEEKTRVV---NvRRQYSDFLGFKI 199
            *********************************************************9889************...55888889999976 PP

>> HNH  HNH endonuclease
   #    score  bias  c-Evalue  i-Evalue hmmfrom  hmm to    alifrom  ali to    envfrom  env to     acc
 ---   ------ ----- --------- --------- ------- -------    ------- -------    ------- -------    ----
   1 !   21.1   0.9   4.4e-08   0.00028      12      36 ..     405     429 ..     393     438 .. 0.86

  Alignments for each domain:
  == domain 1  score: 21.1 bits;  conditional E-value: 4.4e-08
           E--EEEESS-TTTT--BSGGGEEEE CS
   HNH  12 dalevdHiipisqggaddieNlqll 36 
            + +++H+ip+++gg dd++Nl+l+
  orf2 405 AEIHCHHKIPRKNGGGDDYNNLILV 429
           789********************96 PP

>> Polo_box_2  Polo box domain
   #    score  bias  c-Evalue  i-Evalue hmmfrom  hmm to    alifrom  ali to    envfrom  env to     acc
 ---   ------ ----- --------- --------- ------- -------    ------- -------    ------- -------    ----
   1 ?    9.7   0.0   0.00014      0.91      21      82 ..      18      75 ..       6      81 .. 0.74
   2 ?    1.4   0.1     0.053   3.5e+02      74     111 ..     242     280 ..     199     281 .. 0.71

  Alignments for each domain:
  == domain 1  score: 9.7 bits;  conditional E-value: 0.00014
                EEEEEETTEEEEEEE-TTSBEEEEEEEEEET..TEEEEEEEE..--TTSSB---TTS------S CS
  Polo_box_2 21 ryiveldtrlrfevaakgnlvkrilvveiderllvqvvyvkk..lsdrvkrarneedelivlte 82
                 y+ve d +  f+ ++++ l+k+i  + i      q ++v +  l+  +k +    d++iv+t+
        orf2 18 HYVVEFDIKGFFDNVNHSKLIKQIWAMGIHD---KQLIFVLRriLTAPIKLPN---DKMIVPTK 75
                6************************999988...4556653311444444444...66777665 PP

  == domain 2  score: 1.4 bits;  conditional E-value: 0.053
                 TS------SS-.EEESSGGGS-HHHHHHHHHHHHHHHTC CS
  Polo_box_2  74 edelivlteds.isytsysqlpkevrndyarlekaveat 111
                 e+  i+l ++  +    y q+  +v +d+ +l++av +t
        orf2 242 EQGEIKLFNSMvVGMQIYYQIATNVSEDFHKLQRAVMTT 280
                 44445555543044677999**************99876 PP



Internal pipeline statistics summary:
-------------------------------------
Query sequence(s):                         1  (475 residues searched)
Target model(s):                       19632  (3329936 nodes)
Passed MSV filter:                       796  (0.040546); expected 392.6 (0.02)
Passed bias filter:                      502  (0.0255705); expected 392.6 (0.02)
Passed Vit filter:                        41  (0.00208843); expected 19.6 (0.001)
Passed Fwd filter:                         3  (0.000152812); expected 0.2 (1e-05)
Initial search space (Z):              19632  [actual number of targets]
Domain search space  (domZ):               3  [number of targets reported over threshold]
# CPU time: 0.34u 0.20s 00:00:00.54 Elapsed: 00:00:00.33
# Mc/sec: 4691.35
//
[ok]
