# hmmscan :: search sequence(s) against a profile database
# HMMER 3.3.2 (Nov 2020); http://hmmer.org/
# Copyright (C) 2020 Howard Hughes Medical Institute.
# Freely distributed under the BSD open source license.
# - - - - - - - - - - - - - - - - - - - - - - - - - - - - - - - - - - - -
# query sequence file:             -
# target HMM database:             /n/eddy_lab/data/pfam-35.0/Pfam-A.hmm
# output directed to file:         ./all_windows_new/hmmscan/out/IMGVR_UViG_3300007961_000227_3300007961_Ga0079305_1003593_hmmscan_output.out
# per-seq hits tabular output:     ./all_windows_new/hmmscan/tblout/IMGVR_UViG_3300007961_000227_3300007961_Ga0079305_1003593_hmmscan_output.tblout
# - - - - - - - - - - - - - - - - - - - - - - - - - - - - - - - - - - - -

Query:       orf1  [L=102]
Description: source=IMGVR_UViG_3300007961_000227_3300007961_Ga0079305_1003593/5929-7630 coords=833..1138 length=102 frame=2 desc=
Scores for complete sequence (score includes all domains):
   --- full sequence ---   --- best 1 domain ---    -#dom-
    E-value  score  bias    E-value  score  bias    exp  N  Model    Description
    ------- ------ -----    ------- ------ -----   ---- --  -------- -----------

   [No hits detected that satisfy reporting thresholds]


Domain annotation for each model (and alignments):

   [No targets detected that satisfy reporting thresholds]


Internal pipeline statistics summary:
-------------------------------------
Query sequence(s):                         1  (102 residues searched)
Target model(s):                       19632  (3329936 nodes)
Passed MSV filter:                       501  (0.0255196); expected 392.6 (0.02)
Passed bias filter:                      276  (0.0140587); expected 392.6 (0.02)
Passed Vit filter:                        10  (0.000509372); expected 19.6 (0.001)
Passed Fwd filter:                         0  (0); expected 0.2 (1e-05)
Initial search space (Z):              19632  [actual number of targets]
Domain search space  (domZ):               0  [number of targets reported over threshold]
# CPU time: 0.27u 0.16s 00:00:00.43 Elapsed: 00:00:00.30
# Mc/sec: 1112.91
//
Query:       orf2  [L=477]
Description: source=IMGVR_UViG_3300007961_000227_3300007961_Ga0079305_1003593/5929-7630 coords=1..1431 length=477 frame=1 desc=
Scores for complete sequence (score includes all domains):
   --- full sequence ---   --- best 1 domain ---    -#dom-
    E-value  score  bias    E-value  score  bias    exp  N  Model    Description
    ------- ------ -----    ------- ------ -----   ---- --  -------- -----------
  ------ inclusion threshold ------
      0.044   13.8   0.0       0.13   12.4   0.0    1.8  1  DoxA      TQO small subunit DoxA


Domain annotation for each model (and alignments):
>> DoxA  TQO small subunit DoxA
   #    score  bias  c-Evalue  i-Evalue hmmfrom  hmm to    alifrom  ali to    envfrom  env to     acc
 ---   ------ ----- --------- --------- ------- -------    ------- -------    ------- -------    ----
   1 ?   12.4   0.0   6.4e-06      0.13      48     108 ..     144     200 ..     136     211 .. 0.84

  Alignments for each domain:
  == domain 1  score: 12.4 bits;  conditional E-value: 6.4e-06
  DoxA  48 iliellnstgtvvleldqkeLaslpssnIkn.kyvakvkqgkhslvvpLGakAtitlqlpas 108
            ++e+l+++g+ v     ++  +++++ Ik  ++v++v +++ +l v L +kA++ ++  + 
  orf2 144 SSLEVLDDEGNFV-----RKADMFTKRTIKQrTVVTHVDTATEALTVSLAEKAKVDMPYMME 200
           5678999999999.....455679*******9***********************9987654 PP



Internal pipeline statistics summary:
-------------------------------------
Query sequence(s):                         1  (477 residues searched)
Target model(s):                       19632  (3329936 nodes)
Passed MSV filter:                       685  (0.034892); expected 392.6 (0.02)
Passed bias filter:                      485  (0.0247046); expected 392.6 (0.02)
Passed Vit filter:                        42  (0.00213936); expected 19.6 (0.001)
Passed Fwd filter:                         1  (5.09372e-05); expected 0.2 (1e-05)
Initial search space (Z):              19632  [actual number of targets]
Domain search space  (domZ):               1  [number of targets reported over threshold]
# CPU time: 0.33u 0.17s 00:00:00.50 Elapsed: 00:00:00.31
# Mc/sec: 5089.58
//
Query:       orf3  [L=362]
Description: source=IMGVR_UViG_3300007961_000227_3300007961_Ga0079305_1003593/5929-7630 coords=1443..358 length=362 frame=5 desc=
Scores for complete sequence (score includes all domains):
   --- full sequence ---   --- best 1 domain ---    -#dom-
    E-value  score  bias    E-value  score  bias    exp  N  Model    Description
    ------- ------ -----    ------- ------ -----   ---- --  -------- -----------

   [No hits detected that satisfy reporting thresholds]


Domain annotation for each model (and alignments):

   [No targets detected that satisfy reporting thresholds]


Internal pipeline statistics summary:
-------------------------------------
Query sequence(s):                         1  (362 residues searched)
Target model(s):                       19632  (3329936 nodes)
Passed MSV filter:                       287  (0.014619); expected 392.6 (0.02)
Passed bias filter:                      262  (0.0133456); expected 392.6 (0.02)
Passed Vit filter:                        21  (0.00106968); expected 19.6 (0.001)
Passed Fwd filter:                         0  (0); expected 0.2 (1e-05)
Initial search space (Z):              19632  [actual number of targets]
Domain search space  (domZ):               0  [number of targets reported over threshold]
# CPU time: 0.30u 0.17s 00:00:00.47 Elapsed: 00:00:00.29
# Mc/sec: 4049.27
//
Query:       orf4  [L=94]
Description: source=IMGVR_UViG_3300007961_000227_3300007961_Ga0079305_1003593/5929-7630 coords=626..345 length=94 frame=6 desc=
Scores for complete sequence (score includes all domains):
   --- full sequence ---   --- best 1 domain ---    -#dom-
    E-value  score  bias    E-value  score  bias    exp  N  Model     Description
    ------- ------ -----    ------- ------ -----   ---- --  --------  -----------
     0.0014   18.9   1.3     0.0015   18.8   1.3    1.0  1  Adeno_PIX  Adenovirus hexon-associated protein (IX)


Domain annotation for each model (and alignments):
>> Adeno_PIX  Adenovirus hexon-associated protein (IX)
   #    score  bias  c-Evalue  i-Evalue hmmfrom  hmm to    alifrom  ali to    envfrom  env to     acc
 ---   ------ ----- --------- --------- ------- -------    ------- -------    ------- -------    ----
   1 !   18.8   1.3   7.6e-08    0.0015      33     108 ..       5      84 ..       1      86 [. 0.77

  Alignments for each domain:
  == domain 1  score: 18.8 bits;  conditional E-value: 7.6e-08
  Adeno_PIX  33 vlpansttltyetvsgtplet.aasaaasaaaatargivtdfaflsplassaasr.ssarddkltalla..qldsltrel 108
                 lp  s      t++ +  et +as a s+  +t r ++  f  +s l +   s  s++r+d+    l+  + d l+rel
       orf4   5 TLPVSSIIYGISTLAFSARETvSASVAVSTWVTTVRCLIVRFVNISALRTKLPSSsSTSREDRRKKALSilKTDLLAREL 84 
                5888899999999999999983589999********************88765540456777665544411568899997 PP



Internal pipeline statistics summary:
-------------------------------------
Query sequence(s):                         1  (94 residues searched)
Target model(s):                       19632  (3329936 nodes)
Passed MSV filter:                       556  (0.0283211); expected 392.6 (0.02)
Passed bias filter:                      340  (0.0173187); expected 392.6 (0.02)
Passed Vit filter:                        20  (0.00101874); expected 19.6 (0.001)
Passed Fwd filter:                         1  (5.09372e-05); expected 0.2 (1e-05)
Initial search space (Z):              19632  [actual number of targets]
Domain search space  (domZ):               1  [number of targets reported over threshold]
# CPU time: 0.29u 0.12s 00:00:00.41 Elapsed: 00:00:00.28
# Mc/sec: 1089.03
//
Query:       orf5  [L=118]
Description: source=IMGVR_UViG_3300007961_000227_3300007961_Ga0079305_1003593/5929-7630 coords=354..1 length=118 frame=5 desc=
Scores for complete sequence (score includes all domains):
   --- full sequence ---   --- best 1 domain ---    -#dom-
    E-value  score  bias    E-value  score  bias    exp  N  Model    Description
    ------- ------ -----    ------- ------ -----   ---- --  -------- -----------

   [No hits detected that satisfy reporting thresholds]


Domain annotation for each model (and alignments):

   [No targets detected that satisfy reporting thresholds]


Internal pipeline statistics summary:
-------------------------------------
Query sequence(s):                         1  (118 residues searched)
Target model(s):                       19632  (3329936 nodes)
Passed MSV filter:                       252  (0.0128362); expected 392.6 (0.02)
Passed bias filter:                      222  (0.0113081); expected 392.6 (0.02)
Passed Vit filter:                        17  (0.000865933); expected 19.6 (0.001)
Passed Fwd filter:                         0  (0); expected 0.2 (1e-05)
Initial search space (Z):              19632  [actual number of targets]
Domain search space  (domZ):               0  [number of targets reported over threshold]
# CPU time: 0.31u 0.15s 00:00:00.46 Elapsed: 00:00:00.31
# Mc/sec: 1258.77
//
[ok]
