# hmmscan :: search sequence(s) against a profile database
# HMMER 3.3.2 (Nov 2020); http://hmmer.org/
# Copyright (C) 2020 Howard Hughes Medical Institute.
# Freely distributed under the BSD open source license.
# - - - - - - - - - - - - - - - - - - - - - - - - - - - - - - - - - - - -
# query sequence file:             -
# target HMM database:             /n/eddy_lab/data/pfam-35.0/Pfam-A.hmm
# output directed to file:         ./all_windows_new/hmmscan/out/IMGVR_UViG_3300014543_000097_3300014543_Ga0169722_102404_hmmscan_output.out
# per-seq hits tabular output:     ./all_windows_new/hmmscan/tblout/IMGVR_UViG_3300014543_000097_3300014543_Ga0169722_102404_hmmscan_output.tblout
# - - - - - - - - - - - - - - - - - - - - - - - - - - - - - - - - - - - -

Query:       orf1  [L=138]
Description: source=IMGVR_UViG_3300014543_000097_3300014543_Ga0169722_102404/4726-3142 coords=2..415 length=138 frame=2 desc=
Scores for complete sequence (score includes all domains):
   --- full sequence ---   --- best 1 domain ---    -#dom-
    E-value  score  bias    E-value  score  bias    exp  N  Model    Description
    ------- ------ -----    ------- ------ -----   ---- --  -------- -----------
    2.3e-12   47.0   0.0    2.8e-12   46.8   0.0    1.0  1  RVT_1     Reverse transcriptase (RNA-dependent DNA polymerase


Domain annotation for each model (and alignments):
>> RVT_1  Reverse transcriptase (RNA-dependent DNA polymerase)
   #    score  bias  c-Evalue  i-Evalue hmmfrom  hmm to    alifrom  ali to    envfrom  env to     acc
 ---   ------ ----- --------- --------- ------- -------    ------- -------    ------- -------    ----
   1 !   46.8   0.0   1.4e-16   2.8e-12      43     136 ..       1      89 [.       1      91 [. 0.84

  Alignments for each domain:
  == domain 1  score: 46.8 bits;  conditional E-value: 1.4e-16
            --HHHH..............HCCHTS--EEEEEEBCCGCCCSBB-GGGGGGG-EEET...........................TEEEEESB--ST- CS
  RVT_1  43 pgfrpgrstldav.edllkalkkkkkaklllklDlkkaFdsvpleellrkltafkvpt.klinliksflstrsfsvrv.ngeeskgryekkglpqGs 136
            +gfrp+rs+++av ++++    ++ + ++++++D+k++Fd+v++++l+r+++a+++++ +li +ik++l   ++ +r+ +g   +++   kg+pqG 
   orf1   1 YGFRPNRSVEHAVqKTYTML--QRMNLHYVIEFDIKGFFDNVNHSKLMRQIWAMGIHDkQLIFIIKRIL---KAPIRMpDG---TTLIPDKGTPQGX 89 
            79**********96444444..45566*****************************86157999*****...555688777...7899********6 PP



Internal pipeline statistics summary:
-------------------------------------
Query sequence(s):                         1  (138 residues searched)
Target model(s):                       19632  (3329936 nodes)
Passed MSV filter:                       278  (0.0141606); expected 392.6 (0.02)
Passed bias filter:                      241  (0.0122759); expected 392.6 (0.02)
Passed Vit filter:                        19  (0.000967808); expected 19.6 (0.001)
Passed Fwd filter:                         1  (5.09372e-05); expected 0.2 (1e-05)
Initial search space (Z):              19632  [actual number of targets]
Domain search space  (domZ):               1  [number of targets reported over threshold]
# CPU time: 0.28u 0.18s 00:00:00.46 Elapsed: 00:00:00.33
# Mc/sec: 1390.27
//
Query:       orf2  [L=93]
Description: source=IMGVR_UViG_3300014543_000097_3300014543_Ga0169722_102404/4726-3142 coords=578..856 length=93 frame=2 desc=
Scores for complete sequence (score includes all domains):
   --- full sequence ---   --- best 1 domain ---    -#dom-
    E-value  score  bias    E-value  score  bias    exp  N  Model    Description
    ------- ------ -----    ------- ------ -----   ---- --  -------- -----------

   [No hits detected that satisfy reporting thresholds]


Domain annotation for each model (and alignments):

   [No targets detected that satisfy reporting thresholds]


Internal pipeline statistics summary:
-------------------------------------
Query sequence(s):                         1  (93 residues searched)
Target model(s):                       19632  (3329936 nodes)
Passed MSV filter:                       374  (0.0190505); expected 392.6 (0.02)
Passed bias filter:                      217  (0.0110534); expected 392.6 (0.02)
Passed Vit filter:                        13  (0.000662184); expected 19.6 (0.001)
Passed Fwd filter:                         0  (0); expected 0.2 (1e-05)
Initial search space (Z):              19632  [actual number of targets]
Domain search space  (domZ):               0  [number of targets reported over threshold]
# CPU time: 0.28u 0.17s 00:00:00.45 Elapsed: 00:00:00.31
# Mc/sec: 992.37
//
Query:       orf3  [L=111]
Description: source=IMGVR_UViG_3300014543_000097_3300014543_Ga0169722_102404/4726-3142 coords=831..1163 length=111 frame=3 desc=
Scores for complete sequence (score includes all domains):
   --- full sequence ---   --- best 1 domain ---    -#dom-
    E-value  score  bias    E-value  score  bias    exp  N  Model    Description
    ------- ------ -----    ------- ------ -----   ---- --  -------- -----------

   [No hits detected that satisfy reporting thresholds]


Domain annotation for each model (and alignments):

   [No targets detected that satisfy reporting thresholds]


Internal pipeline statistics summary:
-------------------------------------
Query sequence(s):                         1  (111 residues searched)
Target model(s):                       19632  (3329936 nodes)
Passed MSV filter:                       330  (0.0168093); expected 392.6 (0.02)
Passed bias filter:                      230  (0.0117156); expected 392.6 (0.02)
Passed Vit filter:                        12  (0.000611247); expected 19.6 (0.001)
Passed Fwd filter:                         0  (0); expected 0.2 (1e-05)
Initial search space (Z):              19632  [actual number of targets]
Domain search space  (domZ):               0  [number of targets reported over threshold]
# CPU time: 0.27u 0.19s 00:00:00.46 Elapsed: 00:00:00.32
# Mc/sec: 1135.97
//
Query:       orf4  [L=412]
Description: source=IMGVR_UViG_3300014543_000097_3300014543_Ga0169722_102404/4726-3142 coords=217..1452 length=412 frame=1 desc=
Scores for complete sequence (score includes all domains):
   --- full sequence ---   --- best 1 domain ---    -#dom-
    E-value  score  bias    E-value  score  bias    exp  N  Model    Description
    ------- ------ -----    ------- ------ -----   ---- --  -------- -----------
    5.1e-10   39.4   0.1    1.4e-09   37.9   0.0    1.7  2  RVT_1     Reverse transcriptase (RNA-dependent DNA polymerase


Domain annotation for each model (and alignments):
>> RVT_1  Reverse transcriptase (RNA-dependent DNA polymerase)
   #    score  bias  c-Evalue  i-Evalue hmmfrom  hmm to    alifrom  ali to    envfrom  env to     acc
 ---   ------ ----- --------- --------- ------- -------    ------- -------    ------- -------    ----
   1 !   37.9   0.0   7.3e-14   1.4e-09     156     222 .]      70     135 ..      55     135 .. 0.87
   2 ?   -2.1   0.0      0.12   2.4e+03      13      33 ..     200     220 ..     174     228 .. 0.76

  Alignments for each domain:
  == domain 1  score: 37.9 bits;  conditional E-value: 7.3e-14
            ......TEEECTTEEEEEESSHHHHHHHHHHHHHHHHH.TT--BEGGG-EEE......ESSEEETTEEE CS
  RVT_1 156 krakgvtllrYaDDililskskeelqelleaveewlke.sglkinpeKtklvlftv.kseevkyLGvtl 222
            +  k+ +++rYaDD+ i++++ke++ +  eav +w+ e  +l+++peKt++v   + +++  ++LG+++
   orf4  70 TGLKEMYIVRYADDFRIFCRNKEDALRTKEAVTAWITErLRLEVSPEKTRIV---NvRKRYSEFLGFKI 135
            333899******************************9989************...66999999***986 PP

  == domain 2  score: -2.1 bits;  conditional E-value: 0.12
            .....-THHHHCTB--..... CS
  RVT_1  13 sllsvdykalnkliakrLkdv 33 
             ++s+d++++ + +   L++ 
   orf4 200 TCISIDCRKIHRQVMTVLTNR 220
            567778888887777766654 PP



Internal pipeline statistics summary:
-------------------------------------
Query sequence(s):                         1  (412 residues searched)
Target model(s):                       19632  (3329936 nodes)
Passed MSV filter:                       633  (0.0322433); expected 392.6 (0.02)
Passed bias filter:                      499  (0.0254177); expected 392.6 (0.02)
Passed Vit filter:                        38  (0.00193562); expected 19.6 (0.001)
Passed Fwd filter:                         1  (5.09372e-05); expected 0.2 (1e-05)
Initial search space (Z):              19632  [actual number of targets]
Domain search space  (domZ):               1  [number of targets reported over threshold]
# CPU time: 0.32u 0.18s 00:00:00.50 Elapsed: 00:00:00.32
# Mc/sec: 4226.46
//
Query:       orf5  [L=118]
Description: source=IMGVR_UViG_3300014543_000097_3300014543_Ga0169722_102404/4726-3142 coords=593..240 length=118 frame=6 desc=
Scores for complete sequence (score includes all domains):
   --- full sequence ---   --- best 1 domain ---    -#dom-
    E-value  score  bias    E-value  score  bias    exp  N  Model    Description
    ------- ------ -----    ------- ------ -----   ---- --  -------- -----------

   [No hits detected that satisfy reporting thresholds]


Domain annotation for each model (and alignments):

   [No targets detected that satisfy reporting thresholds]


Internal pipeline statistics summary:
-------------------------------------
Query sequence(s):                         1  (118 residues searched)
Target model(s):                       19632  (3329936 nodes)
Passed MSV filter:                       287  (0.014619); expected 392.6 (0.02)
Passed bias filter:                      161  (0.0082009); expected 392.6 (0.02)
Passed Vit filter:                        13  (0.000662184); expected 19.6 (0.001)
Passed Fwd filter:                         0  (0); expected 0.2 (1e-05)
Initial search space (Z):              19632  [actual number of targets]
Domain search space  (domZ):               0  [number of targets reported over threshold]
# CPU time: 0.26u 0.15s 00:00:00.41 Elapsed: 00:00:00.28
# Mc/sec: 1393.35
//
Query:       orf6  [L=157]
Description: source=IMGVR_UViG_3300014543_000097_3300014543_Ga0169722_102404/4726-3142 coords=597..127 length=157 frame=5 desc=
Scores for complete sequence (score includes all domains):
   --- full sequence ---   --- best 1 domain ---    -#dom-
    E-value  score  bias    E-value  score  bias    exp  N  Model    Description
    ------- ------ -----    ------- ------ -----   ---- --  -------- -----------

   [No hits detected that satisfy reporting thresholds]


Domain annotation for each model (and alignments):

   [No targets detected that satisfy reporting thresholds]


Internal pipeline statistics summary:
-------------------------------------
Query sequence(s):                         1  (157 residues searched)
Target model(s):                       19632  (3329936 nodes)
Passed MSV filter:                       211  (0.0107478); expected 392.6 (0.02)
Passed bias filter:                      157  (0.00799715); expected 392.6 (0.02)
Passed Vit filter:                        14  (0.000713121); expected 19.6 (0.001)
Passed Fwd filter:                         0  (0); expected 0.2 (1e-05)
Initial search space (Z):              19632  [actual number of targets]
Domain search space  (domZ):               0  [number of targets reported over threshold]
# CPU time: 0.27u 0.16s 00:00:00.43 Elapsed: 00:00:00.30
# Mc/sec: 1708.21
//
[ok]
