# hmmscan :: search sequence(s) against a profile database
# HMMER 3.3.2 (Nov 2020); http://hmmer.org/
# Copyright (C) 2020 Howard Hughes Medical Institute.
# Freely distributed under the BSD open source license.
# - - - - - - - - - - - - - - - - - - - - - - - - - - - - - - - - - - - -
# query sequence file:             -
# target HMM database:             /n/eddy_lab/data/pfam-35.0/Pfam-A.hmm
# output directed to file:         ./all_windows_new/hmmscan/out/IMGVR_UViG_3300032074_000400_3300032074_Ga0308173_10004489_hmmscan_output.out
# per-seq hits tabular output:     ./all_windows_new/hmmscan/tblout/IMGVR_UViG_3300032074_000400_3300032074_Ga0308173_10004489_hmmscan_output.tblout
# - - - - - - - - - - - - - - - - - - - - - - - - - - - - - - - - - - - -

Query:       orf1  [L=114]
Description: source=IMGVR_UViG_3300032074_000400_3300032074_Ga0308173_10004489/3305-4876 coords=1..342 length=114 frame=1 desc=
Scores for complete sequence (score includes all domains):
   --- full sequence ---   --- best 1 domain ---    -#dom-
    E-value  score  bias    E-value  score  bias    exp  N  Model          Description
    ------- ------ -----    ------- ------ -----   ---- --  --------       -----------
    1.3e-22   80.1   0.0    1.6e-22   79.8   0.0    1.1  1  RNA_pol_Rpb2_7  RNA polymerase Rpb2, domain 7
    0.00029   20.2   0.2    0.00043   19.6   0.2    1.3  1  RNA_pol_Rpb2_6  RNA polymerase Rpb2, domain 6


Domain annotation for each model (and alignments):
>> RNA_pol_Rpb2_7  RNA polymerase Rpb2, domain 7
   #    score  bias  c-Evalue  i-Evalue hmmfrom  hmm to    alifrom  ali to    envfrom  env to     acc
 ---   ------ ----- --------- --------- ------- -------    ------- -------    ------- -------    ----
   1 !   79.8   0.0   1.6e-26   1.6e-22       1      85 [.      25     100 ..      25     102 .. 0.94

  Alignments for each domain:
  == domain 1  score: 79.8 bits;  conditional E-value: 1.6e-26
                     BBEEECHHHHHHHHHHTBHHHHHHHHTTTTTEEEEEEETTTCSCHBCCBBTTTTCSSSEEEEEEEHHHHHHHHHHHHTTEEEEEE CS
  RNA_pol_Rpb2_7   1 GGlrfGEMErdaliayGaaalLkerltikSDavevdvcgrckllaaaneCkivkseekiekvevpeafklLlqeLqslaialkll 85 
                     GG+r+GEME++al+++G a++L+e+lt+kSD    +++ r+++l +     ++ + + +++ + pe+f+lL++eL+sla++l+ +
            orf1  25 GGQRVGEMEVWALEGFGVAHILQEMLTYKSD----HIKARQEVLGT-----TIIGGTITNPEDAPESFRLLVRELRSLALELNHF 100
                     9******************************....***********.....7777788889999****************99875 PP

>> RNA_pol_Rpb2_6  RNA polymerase Rpb2, domain 6
   #    score  bias  c-Evalue  i-Evalue hmmfrom  hmm to    alifrom  ali to    envfrom  env to     acc
 ---   ------ ----- --------- --------- ------- -------    ------- -------    ------- -------    ----
   1 !   19.6   0.2   4.3e-08   0.00043     367     389 .]       1      23 [.       1      23 [. 0.97

  Alignments for each domain:
  == domain 1  score: 19.6 bits;  conditional E-value: 4.3e-08
                     S----SS--B-TTT--B-SCGGG CS
  RNA_pol_Rpb2_6 367 KihaRstGpyslltqQPlgGkaq 389
                     Kih Rs G y l+tqQPl+G+a+
            orf1   1 KIHGRSSGHYALVTQQPLRGRAK 23 
                     9********************96 PP



Internal pipeline statistics summary:
-------------------------------------
Query sequence(s):                         1  (114 residues searched)
Target model(s):                       19632  (3329936 nodes)
Passed MSV filter:                       327  (0.0166565); expected 392.6 (0.02)
Passed bias filter:                      282  (0.0143643); expected 392.6 (0.02)
Passed Vit filter:                        18  (0.00091687); expected 19.6 (0.001)
Passed Fwd filter:                         2  (0.000101874); expected 0.2 (1e-05)
Initial search space (Z):              19632  [actual number of targets]
Domain search space  (domZ):               2  [number of targets reported over threshold]
# CPU time: 0.30u 0.19s 00:00:00.49 Elapsed: 00:00:00.34
# Mc/sec: 1091.62
//
Query:       orf2  [L=149]
Description: source=IMGVR_UViG_3300032074_000400_3300032074_Ga0308173_10004489/3305-4876 coords=360..806 length=149 frame=3 desc=
Scores for complete sequence (score includes all domains):
   --- full sequence ---   --- best 1 domain ---    -#dom-
    E-value  score  bias    E-value  score  bias    exp  N  Model          Description
    ------- ------ -----    ------- ------ -----   ---- --  --------       -----------
    1.3e-17   64.3   0.1    1.5e-17   64.0   0.1    1.1  1  RNA_pol_Rpb1_1  RNA polymerase Rpb1, domain 1


Domain annotation for each model (and alignments):
>> RNA_pol_Rpb1_1  RNA polymerase Rpb1, domain 1
   #    score  bias  c-Evalue  i-Evalue hmmfrom  hmm to    alifrom  ali to    envfrom  env to     acc
 ---   ------ ----- --------- --------- ------- -------    ------- -------    ------- -------    ----
   1 !   64.0   0.1   7.9e-22   1.5e-17       6      90 ..      13     131 ..       8     147 .. 0.83

  Alignments for each domain:
  == domain 1  score: 64.0 bits;  conditional E-value: 7.9e-22
                     EEEEEE--HHHHHHH-.........SEE--CSTSCCTTSSSSCTSSSSSSSSS-SSSSSTSTTSSSSTT............TS--.......... CS
                     xxxxxxxxxxxxxxxx.........xxxxxxxxxxxxxxxxxxxxxxxxxxxxxxxxxxxxxxxxxxxx............xxxx.......... RF
  RNA_pol_Rpb1_1   6 eiqfgiaspeeirkwS.........vvevtkaetieekslkPeegGllDerlgtidkdleCetCgkkkk............eCeg.......... 69 
                     ++++g +sp++i +w+         v+evtk+ t+++k++kPe+ Gl++er++++ k+  C +Cg+++             +C +          
            orf2  13 QLRIGSVSPQQISAWAtkilpngeiVGEVTKPYTFHYKTNKPEKDGLFCERIFGPIKSGIC-ACGNYRVigdekedpkfceQCGVefvdsrirry 106
                     667777788888888744444444468**********************************.****9999********8888888********** PP

                     --EEEEEEEEEE-CCCHHH....HH CS
                     xxxxxxxxxxxxxxxxxxx....xx RF
  RNA_pol_Rpb1_1  70 hfGhieLakPvfhigffkl....il 90 
                     ++G+i+La Pv h++++k     i 
            orf2 107 QMGYIKLACPVTHVWYLKRlpsyIA 131
                     *****************98555533 PP



Internal pipeline statistics summary:
-------------------------------------
Query sequence(s):                         1  (149 residues searched)
Target model(s):                       19632  (3329936 nodes)
Passed MSV filter:                       491  (0.0250102); expected 392.6 (0.02)
Passed bias filter:                      411  (0.0209352); expected 392.6 (0.02)
Passed Vit filter:                        46  (0.00234311); expected 19.6 (0.001)
Passed Fwd filter:                         1  (5.09372e-05); expected 0.2 (1e-05)
Initial search space (Z):              19632  [actual number of targets]
Domain search space  (domZ):               1  [number of targets reported over threshold]
# CPU time: 0.30u 0.17s 00:00:00.47 Elapsed: 00:00:00.31
# Mc/sec: 1557.46
//
[ok]
