# hmmscan :: search sequence(s) against a profile database
# HMMER 3.3.2 (Nov 2020); http://hmmer.org/
# Copyright (C) 2020 Howard Hughes Medical Institute.
# Freely distributed under the BSD open source license.
# - - - - - - - - - - - - - - - - - - - - - - - - - - - - - - - - - - - -
# query sequence file:             -
# target HMM database:             /n/eddy_lab/data/pfam-35.0/Pfam-A.hmm
# output directed to file:         ./all_windows_new/hmmscan/out/IMGVR_UViG_3300007351_000404_3300007351_Ga0104751_1019467_hmmscan_output.out
# per-seq hits tabular output:     ./all_windows_new/hmmscan/tblout/IMGVR_UViG_3300007351_000404_3300007351_Ga0104751_1019467_hmmscan_output.tblout
# - - - - - - - - - - - - - - - - - - - - - - - - - - - - - - - - - - - -

Query:       orf1  [L=118]
Description: source=IMGVR_UViG_3300007351_000404_3300007351_Ga0104751_1019467/1-467 coords=1..354 length=118 frame=1 desc=
Scores for complete sequence (score includes all domains):
   --- full sequence ---   --- best 1 domain ---    -#dom-
    E-value  score  bias    E-value  score  bias    exp  N  Model    Description
    ------- ------ -----    ------- ------ -----   ---- --  -------- -----------
  ------ inclusion threshold ------
      0.016   15.2   1.1       0.43   10.7   0.1    2.4  2  YhfH      YhfH-like protein
       0.02   15.1   6.4       0.27   11.6   0.2    2.4  2  HNH       HNH endonuclease


Domain annotation for each model (and alignments):
>> YhfH  YhfH-like protein
   #    score  bias  c-Evalue  i-Evalue hmmfrom  hmm to    alifrom  ali to    envfrom  env to     acc
 ---   ------ ----- --------- --------- ------- -------    ------- -------    ------- -------    ----
   1 ?   10.7   0.1   4.3e-05      0.43       5      22 ..      51      68 ..      48      75 .. 0.82
   2 ?    2.9   0.1     0.012   1.2e+02      15      26 ..     104     115 ..     102     116 .. 0.88

  Alignments for each domain:
  == domain 1  score: 10.7 bits;  conditional E-value: 4.3e-05
  YhfH  5 veFfrnLPkKkCteCGke 22
          + F  +L +K+C  CG  
  orf1 51 TTFEARLAAKCCELCGTA 68
          678899**********76 PP

  == domain 2  score: 2.9 bits;  conditional E-value: 0.012
  YhfH  15 kCteCGkeieEq 26 
           +Ct+C  +i+ q
  orf1 104 VCTDCHHKIHNQ 115
           5****9999988 PP

>> HNH  HNH endonuclease
   #    score  bias  c-Evalue  i-Evalue hmmfrom  hmm to    alifrom  ali to    envfrom  env to     acc
 ---   ------ ----- --------- --------- ------- -------    ------- -------    ------- -------    ----
   1 ?   11.6   0.2   2.7e-05      0.27       1      31 [.      62      91 ..      62      98 .. 0.87
   2 ?    5.7   1.7    0.0019        19      36      47 .]     104     115 ..     101     115 .. 0.90

  Alignments for each domain:
  == domain 1  score: 11.6 bits;  conditional E-value: 2.7e-05
          -SSSS-B-SSEE--EEEESS-TTT.T--BSGG CS
   HNH  1 CeyCgrkfhksdalevdHiipisq.ggaddie 31
          Ce Cg     +   e++H++ +++ +g+  +e
  orf1 62 CELCGTAEAER--YEIHHVHKVKDlKGKEPWE 91
          9*****99888..9*********998877666 PP

  == domain 2  score: 5.7 bits;  conditional E-value: 0.0019
           E-HHHHHHHHHB CS
   HNH  36 lCksCHnkkhdr 47 
           +C +CH k h++
  orf1 104 VCTDCHHKIHNQ 115
           7*********96 PP



Internal pipeline statistics summary:
-------------------------------------
Query sequence(s):                         1  (118 residues searched)
Target model(s):                       19632  (3329936 nodes)
Passed MSV filter:                       862  (0.0439079); expected 392.6 (0.02)
Passed bias filter:                      399  (0.020324); expected 392.6 (0.02)
Passed Vit filter:                        30  (0.00152812); expected 19.6 (0.001)
Passed Fwd filter:                         2  (0.000101874); expected 0.2 (1e-05)
Initial search space (Z):              19632  [actual number of targets]
Domain search space  (domZ):               2  [number of targets reported over threshold]
# CPU time: 0.27u 0.17s 00:00:00.44 Elapsed: 00:00:00.31
# Mc/sec: 1254.48
//
[ok]
