# hmmscan :: search sequence(s) against a profile database
# HMMER 3.3.2 (Nov 2020); http://hmmer.org/
# Copyright (C) 2020 Howard Hughes Medical Institute.
# Freely distributed under the BSD open source license.
# - - - - - - - - - - - - - - - - - - - - - - - - - - - - - - - - - - - -
# query sequence file:             -
# target HMM database:             /n/eddy_lab/data/pfam-35.0/Pfam-A.hmm
# output directed to file:         ./all_windows_new/hmmscan/out/IMGVR_UViG_7000000696_000107_7000000696_SRS024637_LANL_scaffold_14706_hmmscan_output.out
# per-seq hits tabular output:     ./all_windows_new/hmmscan/tblout/IMGVR_UViG_7000000696_000107_7000000696_SRS024637_LANL_scaffold_14706_hmmscan_output.tblout
# - - - - - - - - - - - - - - - - - - - - - - - - - - - - - - - - - - - -

Query:       orf1  [L=192]
Description: source=IMGVR_UViG_7000000696_000107_7000000696_SRS024637_LANL_scaffold_14706/8387-10099 coords=906..1481 length=192 frame=3 desc=
Scores for complete sequence (score includes all domains):
   --- full sequence ---   --- best 1 domain ---    -#dom-
    E-value  score  bias    E-value  score  bias    exp  N  Model    Description
    ------- ------ -----    ------- ------ -----   ---- --  -------- -----------

   [No hits detected that satisfy reporting thresholds]


Domain annotation for each model (and alignments):

   [No targets detected that satisfy reporting thresholds]


Internal pipeline statistics summary:
-------------------------------------
Query sequence(s):                         1  (192 residues searched)
Target model(s):                       19632  (3329936 nodes)
Passed MSV filter:                       423  (0.0215465); expected 392.6 (0.02)
Passed bias filter:                      379  (0.0193052); expected 392.6 (0.02)
Passed Vit filter:                        16  (0.000814996); expected 19.6 (0.001)
Passed Fwd filter:                         0  (0); expected 0.2 (1e-05)
Initial search space (Z):              19632  [actual number of targets]
Domain search space  (domZ):               0  [number of targets reported over threshold]
# CPU time: 0.31u 0.18s 00:00:00.49 Elapsed: 00:00:00.33
# Mc/sec: 1915.70
//
Query:       orf2  [L=113]
Description: source=IMGVR_UViG_7000000696_000107_7000000696_SRS024637_LANL_scaffold_14706/8387-10099 coords=544..206 length=113 frame=6 desc=
Scores for complete sequence (score includes all domains):
   --- full sequence ---   --- best 1 domain ---    -#dom-
    E-value  score  bias    E-value  score  bias    exp  N  Model    Description
    ------- ------ -----    ------- ------ -----   ---- --  -------- -----------

   [No hits detected that satisfy reporting thresholds]


Domain annotation for each model (and alignments):

   [No targets detected that satisfy reporting thresholds]


Internal pipeline statistics summary:
-------------------------------------
Query sequence(s):                         1  (113 residues searched)
Target model(s):                       19632  (3329936 nodes)
Passed MSV filter:                       303  (0.015434); expected 392.6 (0.02)
Passed bias filter:                      243  (0.0123778); expected 392.6 (0.02)
Passed Vit filter:                        18  (0.00091687); expected 19.6 (0.001)
Passed Fwd filter:                         0  (0); expected 0.2 (1e-05)
Initial search space (Z):              19632  [actual number of targets]
Domain search space  (domZ):               0  [number of targets reported over threshold]
# CPU time: 0.26u 0.21s 00:00:00.47 Elapsed: 00:00:00.32
# Mc/sec: 1162.63
//
[ok]
 bias    E-value  score  bias    exp  N  Model    Description
    ------- ------ -----    ------- ------ -----   ---- --  -------- -----------

   [No hits detected that satisfy reporting thresholds]


Domain annotation for each model (and alignments):

   [No targets detected Query:       orf2  [L=105]
Description: source=IMGVR_UViG_7000000696_000107_7000000696_SRS024637_LANL_scaffold_14706/6993-8690 coords=851..537 length=105 frame=5 desc=
Scores for complete sequence (score includes all domains):
   --- full sequence ---   --- best 1 domain ---    -#dom-
    E-value  score  bias    E-value  score  bias    exp  N  Model    Description
    ------- ------ -----    ------- ------ -----   ---- --  -------- -----------

   [No hits detected that satisfy reporting thresholds]


Domain annotation for each model (and alignments):

   [No targets detected that satisfy reporting thresholds]


Internal pipeline statistics summary:
-------------------------------------
Query sequence(s):                         1  (105 residues searched)
Target model(s):                   [ok]
9632  (3329936 nodes)
Passed MSV filter:                       250  (0.0127343); expected 392.6 (0.02)
Passed bias filter:                      167  (0.00850652); expected 392.6 (0.02)
Passed Vit filter:                         9  (0.000458435); expected 19.6 (0.001)
Passed Fwd filter:                         0  (0); expected 0.2 (1e-05)
Initial search space (Z):              19632  [actual number of targets]
Domain search space  (domZ):               0  [number of targets reported over threshold]
# CPU time: 0.29u 0.14s 00:00:00.43 Elapsed: 00:00:00.28
# Mc/sec: 1213.17
//
[ok]
