# hmmscan :: search sequence(s) against a profile database
# HMMER 3.3.2 (Nov 2020); http://hmmer.org/
# Copyright (C) 2020 Howard Hughes Medical Institute.
# Freely distributed under the BSD open source license.
# - - - - - - - - - - - - - - - - - - - - - - - - - - - - - - - - - - - -
# query sequence file:             -
# target HMM database:             /n/eddy_lab/data/pfam-35.0/Pfam-A.hmm
# output directed to file:         ./all_windows_new/hmmscan/out/IMGVR_UViG_3300001593_000184_3300001593_JGI12635J15846_10000694_hmmscan_output.out
# per-seq hits tabular output:     ./all_windows_new/hmmscan/tblout/IMGVR_UViG_3300001593_000184_3300001593_JGI12635J15846_10000694_hmmscan_output.tblout
# - - - - - - - - - - - - - - - - - - - - - - - - - - - - - - - - - - - -

Query:       orf1  [L=90]
Description: source=IMGVR_UViG_3300001593_000184_3300001593_JGI12635J15846_10000694/8863-7277 coords=772..1041 length=90 frame=1 desc=
Scores for complete sequence (score includes all domains):
   --- full sequence ---   --- best 1 domain ---    -#dom-
    E-value  score  bias    E-value  score  bias    exp  N  Model       Description
    ------- ------ -----    ------- ------ -----   ---- --  --------    -----------
    7.2e-11   42.4   0.4    1.6e-10   41.3   0.4    1.6  1  LAGLIDADG_2  LAGLIDADG DNA endonuclease family
  ------ inclusion threshold ------
      0.049   13.8   0.1      0.076   13.2   0.1    1.2  1  Cue1_U7BR    Ubc7p-binding region of Cue1


Domain annotation for each model (and alignments):
>> LAGLIDADG_2  LAGLIDADG DNA endonuclease family
   #    score  bias  c-Evalue  i-Evalue hmmfrom  hmm to    alifrom  ali to    envfrom  env to     acc
 ---   ------ ----- --------- --------- ------- -------    ------- -------    ------- -------    ----
   1 !   41.3   0.4   1.7e-14   1.6e-10     108     168 ..       1      72 [.       1      73 [. 0.90

  Alignments for each domain:
  == domain 1  score: 41.3 bits;  conditional E-value: 1.7e-14
                  HHHHESTT-S--EEE--TTS-HHHHHHHHHHHHHHH---EEEEEETTE.............EEEEE-GGGHHH CS
  LAGLIDADG_2 108 imddGskvkkggleLntnsfseeevellvkiLkdkfnlkcrlkkkgkkk............yviyiksesmkk 168
                  im+dGsk +k gl+++++sf+ +ev+ll++iLk+kf++++ ++++ +              ++iyi++++m+k
         orf1   1 IMGDGSKRRK-GLIICIDSFTIKEVVLLMNILKIKFDIDSIINYNISISpydllelkkrkvPCIYINEKNMEK 72 
                  8********9.*******************************9998877777777777888888888888877 PP

>> Cue1_U7BR  Ubc7p-binding region of Cue1
   #    score  bias  c-Evalue  i-Evalue hmmfrom  hmm to    alifrom  ali to    envfrom  env to     acc
 ---   ------ ----- --------- --------- ------- -------    ------- -------    ------- -------    ----
   1 ?   13.2   0.1   7.8e-06     0.076       4      40 ..      34      72 ..      31      76 .. 0.90

  Alignments for each domain:
  == domain 1  score: 13.2 bits;  conditional E-value: 7.8e-06
  Cue1_U7BR  4 KFnVd..lnedlsdedfkeLdieeRKkylvwkARknmek 40
               KF++d   n+++s   +  L+++ RK   ++   knmek
       orf1 34 KFDIDsiINYNISISPYDLLELKKRKVPCIYINEKNMEK 72
               9999944488****************************9 PP



Internal pipeline statistics summary:
-------------------------------------
Query sequence(s):                         1  (90 residues searched)
Target model(s):                       19632  (3329936 nodes)
Passed MSV filter:                       522  (0.0265892); expected 392.6 (0.02)
Passed bias filter:                      313  (0.0159434); expected 392.6 (0.02)
Passed Vit filter:                        22  (0.00112062); expected 19.6 (0.001)
Passed Fwd filter:                         2  (0.000101874); expected 0.2 (1e-05)
Initial search space (Z):              19632  [actual number of targets]
Domain search space  (domZ):               2  [number of targets reported over threshold]
# CPU time: 0.28u 0.19s 00:00:00.47 Elapsed: 00:00:00.33
# Mc/sec: 882.64
//
[ok]
