# hmmscan :: search sequence(s) against a profile database
# HMMER 3.3.2 (Nov 2020); http://hmmer.org/
# Copyright (C) 2020 Howard Hughes Medical Institute.
# Freely distributed under the BSD open source license.
# - - - - - - - - - - - - - - - - - - - - - - - - - - - - - - - - - - - -
# query sequence file:             -
# target HMM database:             /n/eddy_lab/data/pfam-35.0/Pfam-A.hmm
# output directed to file:         ./all_windows_new/hmmscan/out/IMGVR_UViG_3300035512_000893_3300035512_Ga0376467_0007121_hmmscan_output.out
# per-seq hits tabular output:     ./all_windows_new/hmmscan/tblout/IMGVR_UViG_3300035512_000893_3300035512_Ga0376467_0007121_hmmscan_output.tblout
# - - - - - - - - - - - - - - - - - - - - - - - - - - - - - - - - - - - -

Query:       orf1  [L=112]
Description: source=IMGVR_UViG_3300035512_000893_3300035512_Ga0376467_0007121/4999-6675 coords=2..337 length=112 frame=2 desc=
Scores for complete sequence (score includes all domains):
   --- full sequence ---   --- best 1 domain ---    -#dom-
    E-value  score  bias    E-value  score  bias    exp  N  Model    Description
    ------- ------ -----    ------- ------ -----   ---- --  -------- -----------

   [No hits detected that satisfy reporting thresholds]


Domain annotation for each model (and alignments):

   [No targets detected that satisfy reporting thresholds]


Internal pipeline statistics summary:
-------------------------------------
Query sequence(s):                         1  (112 residues searched)
Target model(s):                       19632  (3329936 nodes)
Passed MSV filter:                       496  (0.0252649); expected 392.6 (0.02)
Passed bias filter:                      321  (0.0163509); expected 392.6 (0.02)
Passed Vit filter:                        13  (0.000662184); expected 19.6 (0.001)
Passed Fwd filter:                         0  (0); expected 0.2 (1e-05)
Initial search space (Z):              19632  [actual number of targets]
Domain search space  (domZ):               0  [number of targets reported over threshold]
# CPU time: 0.26u 0.19s 00:00:00.45 Elapsed: 00:00:00.32
# Mc/sec: 1153.24
//
Query:       orf2  [L=202]
Description: source=IMGVR_UViG_3300035512_000893_3300035512_Ga0376467_0007121/4999-6675 coords=337..942 length=202 frame=1 desc=
Scores for complete sequence (score includes all domains):
   --- full sequence ---   --- best 1 domain ---    -#dom-
    E-value  score  bias    E-value  score  bias    exp  N  Model     Description
    ------- ------ -----    ------- ------ -----   ---- --  --------  -----------
    4.5e-06   27.0   2.6      6e-06   26.6   2.6    1.3  1  DUF3801    Protein of unknown function (DUF3801)
    0.00066   19.6   2.8    0.00083   19.3   2.8    1.2  1  DUF2228    Uncharacterised conserved protein (DUF2228)
  ------ inclusion threshold ------
      0.012   15.3   0.6      0.019   14.6   0.6    1.6  1  RYDR_ITPR  RIH domain


Domain annotation for each model (and alignments):
>> DUF3801  Protein of unknown function (DUF3801)
   #    score  bias  c-Evalue  i-Evalue hmmfrom  hmm to    alifrom  ali to    envfrom  env to     acc
 ---   ------ ----- --------- --------- ------- -------    ------- -------    ------- -------    ----
   1 !   26.6   2.6   9.2e-10     6e-06      10     113 ..      77     185 ..      51     198 .. 0.76

  Alignments for each domain:
  == domain 1  score: 26.6 bits;  conditional E-value: 9.2e-10
  DUF3801  10 allkavdk.....kknkGktslkkLlkkggdlk.vlqldns.dlkkfkkeakkyGvdYavkkdknddkgqyeiifkaedad....ainrafermklvdkadi 100
               ++k v++       ++Gk s+k L+kkg+dl+ + +++ + +lk+++  +kk+G+ +av+k+ n     y ++++ +d      ai++++ +  +      
     orf2  77 NIGKGVEQkianhISETGKKSVKSLVKKGRDLElSEEIKSKdNLKSICVACKKQGLAFAVQKTDN----GYRLLYQRKDSVlaatAIQKVLGKQLA--PKRS 172
              33333322344445679**************994456777779********************55....899999999987777788888877777..6666 PP

  DUF3801 101 svdtekekedrqs 113
              +vd+ k+ +++++
     orf2 173 VVDVMKSMQKIKQ 185
              6677766666655 PP

>> DUF2228  Uncharacterised conserved protein (DUF2228)
   #    score  bias  c-Evalue  i-Evalue hmmfrom  hmm to    alifrom  ali to    envfrom  env to     acc
 ---   ------ ----- --------- --------- ------- -------    ------- -------    ------- -------    ----
   1 !   19.3   2.8   1.3e-07   0.00083      84     171 ..      67     153 ..      45     191 .. 0.71

  Alignments for each domain:
  == domain 1  score: 19.3 bits;  conditional E-value: 1.3e-07
  DUF2228  84 vfaavkkflekklkkkdkkkkkkelkklkkkleklakekkisleksekikkrk.kkvvaktfhgaGivvpvdkktdvGYReLsesdanl 171
              + + + +++++  k  + +k ++++++  kk  k   +k+ +le se+ik+++  k ++   ++ G+   v+k td GYR L + ++++
     orf2  67 LLKFLGYHIKNIGKGVE-QKIANHISETGKKSVKSLVKKGRDLELSEEIKSKDnLKSICVACKKQGLAFAVQK-TDNGYRLLYQRKDSV 153
              44445555666555555.57777777777777777777799***88888887736999999***********8.********9877633 PP

>> RYDR_ITPR  RIH domain
   #    score  bias  c-Evalue  i-Evalue hmmfrom  hmm to    alifrom  ali to    envfrom  env to     acc
 ---   ------ ----- --------- --------- ------- -------    ------- -------    ------- -------    ----
   1 ?   14.6   0.6   2.9e-06     0.019     136     176 ..      85     130 ..      21     157 .. 0.89

  Alignments for each domain:
  == domain 1  score: 14.6 bits;  conditional E-value: 2.9e-06
  RYDR_ITPR 136 eLllkyikekeiesfisLlrkkg.....eeeryLdvLssLCv.cnge 176
                + ++++i+e++ +s+ sL++k++     ee +  d L+s+Cv c+++
       orf2  85 K-IANHISETGKKSVKSLVKKGRdlelsEEIKSKDNLKSICVaCKKQ 130
                4.89************************99************99986 PP



Internal pipeline statistics summary:
-------------------------------------
Query sequence(s):                         1  (202 residues searched)
Target model(s):                       19632  (3329936 nodes)
Passed MSV filter:                      1042  (0.0530766); expected 392.6 (0.02)
Passed bias filter:                      670  (0.034128); expected 392.6 (0.02)
Passed Vit filter:                        57  (0.00290342); expected 19.6 (0.001)
Passed Fwd filter:                         3  (0.000152812); expected 0.2 (1e-05)
Initial search space (Z):              19632  [actual number of targets]
Domain search space  (domZ):               3  [number of targets reported over threshold]
# CPU time: 0.27u 0.18s 00:00:00.45 Elapsed: 00:00:00.31
# Mc/sec: 2167.81
//
Query:       orf3  [L=162]
Description: source=IMGVR_UViG_3300035512_000893_3300035512_Ga0376467_0007121/4999-6675 coords=861..1346 length=162 frame=3 desc=
Scores for complete sequence (score includes all domains):
   --- full sequence ---   --- best 1 domain ---    -#dom-
    E-value  score  bias    E-value  score  bias    exp  N  Model         Description
    ------- ------ -----    ------- ------ -----   ---- --  --------      -----------
  ------ inclusion threshold ------
       0.26   11.2   1.8       0.41   10.6   0.3    2.0  2  Synaptobrevin  Synaptobrevin


Domain annotation for each model (and alignments):
>> Synaptobrevin  Synaptobrevin
   #    score  bias  c-Evalue  i-Evalue hmmfrom  hmm to    alifrom  ali to    envfrom  env to     acc
 ---   ------ ----- --------- --------- ------- -------    ------- -------    ------- -------    ----
   1 ?   10.6   0.3   2.1e-05      0.41      45      83 ..       8      46 ..       5      48 .. 0.93
   2 ?   -1.9   0.1      0.17   3.4e+03      65      87 ..      85     107 ..      81     109 .. 0.61

  Alignments for each domain:
  == domain 1  score: 10.6 bits;  conditional E-value: 2.1e-05
                   HHHHHHHHHHHHHHHHHHCTTXXXXXXXXXXXXXXXXXX CS
  Synaptobrevin 45 ssaqqFkkqarklkrkmwwknmkliiililvvlililii 83
                   +++ +++++ +   ++ w+   k  +++i++v++l+++i
           orf3  8 NQTATYHTKCTYTTQRGWCAMKKSNLVFIIIVALLVFYI 46
                   7889999*****************************998 PP

  == domain 2  score: -1.9 bits;  conditional E-value: 0.17
                    TXXXXXXXXXXXXXXXXXXXXXX CS
  Synaptobrevin  65 nmkliiililvvlililiiiivi 87 
                    +mk  ++ +l v+++ l +++vi
           orf3  85 DMKSLACGGLSVFFFGLGVLLVI 107
                    56777777777766655554444 PP



Internal pipeline statistics summary:
-------------------------------------
Query sequence(s):                         1  (162 residues searched)
Target model(s):                       19632  (3329936 nodes)
Passed MSV filter:                      1036  (0.052771); expected 392.6 (0.02)
Passed bias filter:                      626  (0.0318867); expected 392.6 (0.02)
Passed Vit filter:                        38  (0.00193562); expected 19.6 (0.001)
Passed Fwd filter:                         1  (5.09372e-05); expected 0.2 (1e-05)
Initial search space (Z):              19632  [actual number of targets]
Domain search space  (domZ):               1  [number of targets reported over threshold]
# CPU time: 0.26u 0.16s 00:00:00.42 Elapsed: 00:00:00.27
# Mc/sec: 1948.34
//
Query:       orf4  [L=102]
Description: source=IMGVR_UViG_3300035512_000893_3300035512_Ga0376467_0007121/4999-6675 coords=415..110 length=102 frame=6 desc=
Scores for complete sequence (score includes all domains):
   --- full sequence ---   --- best 1 domain ---    -#dom-
    E-value  score  bias    E-value  score  bias    exp  N  Model    Description
    ------- ------ -----    ------- ------ -----   ---- --  -------- -----------

   [No hits detected that satisfy reporting thresholds]


Domain annotation for each model (and alignments):

   [No targets detected that satisfy reporting thresholds]


Internal pipeline statistics summary:
-------------------------------------
Query sequence(s):                         1  (102 residues searched)
Target model(s):                       19632  (3329936 nodes)
Passed MSV filter:                       652  (0.0332111); expected 392.6 (0.02)
Passed bias filter:                      276  (0.0140587); expected 392.6 (0.02)
Passed Vit filter:                        20  (0.00101874); expected 19.6 (0.001)
Passed Fwd filter:                         0  (0); expected 0.2 (1e-05)
Initial search space (Z):              19632  [actual number of targets]
Domain search space  (domZ):               0  [number of targets reported over threshold]
# CPU time: 0.26u 0.15s 00:00:00.41 Elapsed: 00:00:00.28
# Mc/sec: 1177.06
//
[ok]
