# hmmscan :: search sequence(s) against a profile database
# HMMER 3.3.2 (Nov 2020); http://hmmer.org/
# Copyright (C) 2020 Howard Hughes Medical Institute.
# Freely distributed under the BSD open source license.
# - - - - - - - - - - - - - - - - - - - - - - - - - - - - - - - - - - - -
# query sequence file:             -
# target HMM database:             /n/eddy_lab/data/pfam-35.0/Pfam-A.hmm
# output directed to file:         ./all_windows_new/hmmscan/out/IMGVR_UViG_2700989525_000002_2700989525_2701089748_344791-401921_hmmscan_output.out
# per-seq hits tabular output:     ./all_windows_new/hmmscan/tblout/IMGVR_UViG_2700989525_000002_2700989525_2701089748_344791-401921_hmmscan_output.tblout
# - - - - - - - - - - - - - - - - - - - - - - - - - - - - - - - - - - - -

Query:       orf1  [L=107]
Description: source=IMGVR_UViG_2700989525_000002_2700989525_2701089748_344791-401921/12356-10770 coords=277..597 length=107 frame=1 desc=
Scores for complete sequence (score includes all domains):
   --- full sequence ---   --- best 1 domain ---    -#dom-
    E-value  score  bias    E-value  score  bias    exp  N  Model       Description
    ------- ------ -----    ------- ------ -----   ---- --  --------    -----------
    3.2e-13   49.6   7.6    4.6e-13   49.1   7.6    1.2  1  Zn_Tnp_IS91  Transposase zinc-binding domain


Domain annotation for each model (and alignments):
>> Zn_Tnp_IS91  Transposase zinc-binding domain
   #    score  bias  c-Evalue  i-Evalue hmmfrom  hmm to    alifrom  ali to    envfrom  env to     acc
 ---   ------ ----- --------- --------- ------- -------    ------- -------    ------- -------    ----
   1 !   49.1   7.6   2.3e-17   4.6e-13       4      62 ..      46     107 .]      43     107 .] 0.95

  Alignments for each domain:
  == domain 1  score: 49.1 bits;  conditional E-value: 2.3e-17
  Zn_Tnp_IS91   4 ehleeflek.keklspsqkkavekilkCrtaalGfaryeCee..CghekivpfsCksrhCps 62 
                  e +e++l++ +++++++q + +ek+l+C+t+++G ++yeCe+  C+h+k++++sCks+ C+s
         orf1  46 EAWEKYLTHcGDNITTNQIECIEKMLACGTSKVGSKHYECENpaCEHRKVIYNSCKSKACSS 107
                  689*******99*****************************888****************85 PP



Internal pipeline statistics summary:
-------------------------------------
Query sequence(s):                         1  (107 residues searched)
Target model(s):                       19632  (3329936 nodes)
Passed MSV filter:                       550  (0.0280155); expected 392.6 (0.02)
Passed bias filter:                      254  (0.0129381); expected 392.6 (0.02)
Passed Vit filter:                        20  (0.00101874); expected 19.6 (0.001)
Passed Fwd filter:                         1  (5.09372e-05); expected 0.2 (1e-05)
Initial search space (Z):              19632  [actual number of targets]
Domain search space  (domZ):               1  [number of targets reported over threshold]
# CPU time: 0.37u 0.18s 00:00:00.55 Elapsed: 00:00:00.37
# Mc/sec: 947.36
//
Query:       orf2  [L=298]
Description: source=IMGVR_UViG_2700989525_000002_2700989525_2701089748_344791-401921/12356-10770 coords=601..1494 length=298 frame=1 desc=
Scores for complete sequence (score includes all domains):
   --- full sequence ---   --- best 1 domain ---    -#dom-
    E-value  score  bias    E-value  score  bias    exp  N  Model           Description
    ------- ------ -----    ------- ------ -----   ---- --  --------        -----------
    1.6e-15   57.3   0.2    8.5e-15   55.0   0.0    2.0  2  RVT_1            Reverse transcriptase (RNA-dependent DNA pol
    1.5e-07   31.5   8.8    1.5e-07   31.5   8.8    2.6  2  GIIM             Group II intron, maturase-specific domain
  ------ inclusion threshold ------
      0.059   14.0   1.9        6.6    7.4   0.2    2.9  3  Phage_int_SAM_4  Phage integrase, N-terminal SAM-like domain
       0.13   11.4   0.0       0.18   10.9   0.0    1.1  1  Campylo_MOMP     Campylobacter major outer membrane protein
       0.26   11.7   3.4       0.26   11.7   2.0    1.8  2  PSP1             PSP1 C-terminal conserved region


Domain annotation for each model (and alignments):
>> RVT_1  Reverse transcriptase (RNA-dependent DNA polymerase)
   #    score  bias  c-Evalue  i-Evalue hmmfrom  hmm to    alifrom  ali to    envfrom  env to     acc
 ---   ------ ----- --------- --------- ------- -------    ------- -------    ------- -------    ----
   1 !   55.0   0.0   2.2e-18   8.5e-15     134     222 .]      10     128 ..       9     128 .. 0.97
   2 ?   -0.3   0.1      0.18   7.1e+02       1      28 [.     129     158 ..     129     179 .. 0.77

  Alignments for each domain:
  == domain 1  score: 55.0 bits;  conditional E-value: 2.2e-18
            ST-TTHHHHHHHHHHHHHTT-T.....................................TEEECTTEEEEEESS.HHHHHHHHHHHHHHHHH.TT--BEGGG-E CS
  RVT_1 134 qGsvlSPllfnlfmnellrelrkra...............................kgvtllrYaDDililsks.keelqelleaveewlke.sglkinpeKtk 204
            qG+v+SPll+n+++ne+++ l++r+                               + v ++rYaDD+++++k+ k++++++ ++++++l+   +l++n++Kt+
   orf2  10 QGGVISPLLSNIMLNEFDQYLNQRYlskktrkdrwywnhsikigrkpalennrqwrPAVAYCRYADDFVVIVKGsKQDAEHIRDECRSFLEGkLKLTLNMDKTH 113
            9*************************************************************************7777************976*********** PP

            EE.....ESSEEETTEEE CS
  RVT_1 205 lvlftvkseevkyLGvtl 222
            +++    ++ + +LG+++
   orf2 114 ITH---VNDGFVFLGHRI 128
            **9...999999999975 PP

  == domain 2  score: -0.3 bits;  conditional E-value: 0.18
            EE-TT..S-EEE.......-THHHHCTB-- CS
  RVT_1   1 ipKkg.pgsyRp.isllsvdykalnkliak 28 
            i+K+g +g++R+  s+++ + ka+   ++k
   orf2 129 IRKRGpKGNMRVvSSIPKDKAKAFIHSLIK 158
            78999999****777888888876555555 PP

>> GIIM  Group II intron, maturase-specific domain
   #    score  bias  c-Evalue  i-Evalue hmmfrom  hmm to    alifrom  ali to    envfrom  env to     acc
 ---   ------ ----- --------- --------- ------- -------    ------- -------    ------- -------    ----
   1 ?   -2.4   0.2       1.4   5.7e+03      52      69 ..      27      41 ..      21      54 .. 0.53
   2 !   31.5   8.8   3.9e-11   1.5e-07      18      69 ..     165     217 ..     147     240 .. 0.79

  Alignments for each domain:
  == domain 1  score: -2.4 bits;  conditional E-value: 1.4
  GIIM 52 dhyirrrLrrwllrkhkk 69
          d+y+++r    l +k +k
  orf2 27 DQYLNQRY---LSKKTRK 41
          55555542...3333333 PP

  == domain 2  score: 31.5 bits;  conditional E-value: 3.9e-11
  GIIM  18 gvsleelirklnpiirGWanYyrlv.vakrvfskldhyirrrLrrwllrkhkk 69 
           + s  ++++k+n+ + GW ++yr++  ++ +++++d+ ++++L+rwl rk++ 
  orf2 165 SCSKIDKVEKINQKLNGWSQFYRHTdFTAMTYRRIDRVVFWKLARWLARKYRC 217
           35556899*****************889999********************86 PP

>> Phage_int_SAM_4  Phage integrase, N-terminal SAM-like domain
   #    score  bias  c-Evalue  i-Evalue hmmfrom  hmm to    alifrom  ali to    envfrom  env to     acc
 ---   ------ ----- --------- --------- ------- -------    ------- -------    ------- -------    ----
   1 ?    7.4   0.2    0.0017       6.6       2      25 ..      23      46 ..      22      50 .. 0.92
   2 ?   -1.2   0.0      0.82   3.2e+03      21      50 ..      69      99 ..      67     132 .. 0.75
   3 ?    4.9   0.1     0.011        41      38      77 ..     141     188 ..      89     190 .. 0.83

  Alignments for each domain:
  == domain 1  score: 7.4 bits;  conditional E-value: 0.0017
  Phage_int_SAM_4  2 lerfrealevaglaerTiksYlsa 25
                     l++f+++l+++ l+++T+k  +++
             orf2 23 LNEFDQYLNQRYLSKKTRKDRWYW 46
                     799****************98887 PP

  == domain 2  score: -1.2 bits;  conditional E-value: 0.82
  Phage_int_SAM_4 21 sYlsaikrflrflk.kkapeeltkedieaYl 50
                     +Y+++  +f++ +k +k+ +e  +++ +++l
             orf2 69 AYCRYADDFVVIVKgSKQDAEHIRDECRSFL 99
                     7999999999888744444555555555555 PP

  == domain 3  score: 4.9 bits;  conditional E-value: 0.011
  Phage_int_SAM_4  38 peeltkedieaYlnyLanerk........lsastvknalnalsffykk 77 
                      ++++ k+ ++a++++L++e           ++  ++++ln  s+fy++
             orf2 141 VSSIPKDKAKAFIHSLIKELSgdfscskiDKVEKINQKLNGWSQFYRH 188
                      67777888888888888655577776666678899***********98 PP

>> Campylo_MOMP  Campylobacter major outer membrane protein
   #    score  bias  c-Evalue  i-Evalue hmmfrom  hmm to    alifrom  ali to    envfrom  env to     acc
 ---   ------ ----- --------- --------- ------- -------    ------- -------    ------- -------    ----
   1 ?   10.9   0.0   4.7e-05      0.18     227     280 ..      71     123 ..      61     133 .. 0.91

  Alignments for each domain:
  == domain 1  score: 10.9 bits;  conditional E-value: 4.7e-05
  Campylo_MOMP 227 laylddvvsllavelaysfalnddvdvilkGlygyasldreladkseandanlv 280
                     y dd v + +   + +  + d+  + l+G+    +l+ ++  ++++nd++++
          orf2  71 CRYADDFVVIVKGSKQDAEHIRDECRSFLEGKLK-LTLNMDKTHITHVNDGFVF 123
                   5699***************************965.68***************98 PP

>> PSP1  PSP1 C-terminal conserved region
   #    score  bias  c-Evalue  i-Evalue hmmfrom  hmm to    alifrom  ali to    envfrom  env to     acc
 ---   ------ ----- --------- --------- ------- -------    ------- -------    ------- -------    ----
   1 ?   -3.3   0.0       3.3   1.3e+04      19      34 ..      85     100 ..      80     120 .. 0.57
   2 ?   11.7   2.0   6.7e-05      0.26      55      83 ..     193     221 ..     146     223 .. 0.89

  Alignments for each domain:
  == domain 1  score: -3.3 bits;  conditional E-value: 3.3
  PSP1  19 kqdeekalhiaqeklk 34 
           kqd+e++ + +++ l+
  orf2  85 KQDAEHIRDECRSFLE 100
           5566666666665544 PP

  == domain 2  score: 11.7 bits;  conditional E-value: 6.7e-05
  PSP1  55 tfyYvaeervdFreLvkeLfkfyktRIwL 83 
            + Y+  +rv F +L + L++ y++RI+L
  orf2 193 AMTYRRIDRVVFWKLARWLARKYRCRIKL 221
           5689999********************98 PP



Internal pipeline statistics summary:
-------------------------------------
Query sequence(s):                         1  (298 residues searched)
Target model(s):                       19632  (3329936 nodes)
Passed MSV filter:                       628  (0.0319886); expected 392.6 (0.02)
Passed bias filter:                      481  (0.0245008); expected 392.6 (0.02)
Passed Vit filter:                        35  (0.0017828); expected 19.6 (0.001)
Passed Fwd filter:                         5  (0.000254686); expected 0.2 (1e-05)
Initial search space (Z):              19632  [actual number of targets]
Domain search space  (domZ):               5  [number of targets reported over threshold]
# CPU time: 0.40u 0.17s 00:00:00.57 Elapsed: 00:00:00.33
# Mc/sec: 2979.83
//
[ok]
