# hmmscan :: search sequence(s) against a profile database
# HMMER 3.3.2 (Nov 2020); http://hmmer.org/
# Copyright (C) 2020 Howard Hughes Medical Institute.
# Freely distributed under the BSD open source license.
# - - - - - - - - - - - - - - - - - - - - - - - - - - - - - - - - - - - -
# query sequence file:             -
# target HMM database:             /n/eddy_lab/data/pfam-35.0/Pfam-A.hmm
# output directed to file:         ./all_windows_new/hmmscan/out/IMGVR_UViG_3300037400_001146_3300037400_Ga0392372_0001296_hmmscan_output.out
# per-seq hits tabular output:     ./all_windows_new/hmmscan/tblout/IMGVR_UViG_3300037400_001146_3300037400_Ga0392372_0001296_hmmscan_output.tblout
# - - - - - - - - - - - - - - - - - - - - - - - - - - - - - - - - - - - -

Query:       orf1  [L=126]
Description: source=IMGVR_UViG_3300037400_001146_3300037400_Ga0392372_0001296/11987-13624 coords=1..378 length=126 frame=1 desc=
Scores for complete sequence (score includes all domains):
   --- full sequence ---   --- best 1 domain ---    -#dom-
    E-value  score  bias    E-value  score  bias    exp  N  Model    Description
    ------- ------ -----    ------- ------ -----   ---- --  -------- -----------
  ------ inclusion threshold ------
       0.04   13.5   0.1      0.053   13.1   0.1    1.2  1  KdpD      Osmosensitive K+ channel His kinase sensor domain
       0.12   11.5   0.1       0.14   11.3   0.1    1.0  1  YhfT      Protein of unknown function


Domain annotation for each model (and alignments):
>> KdpD  Osmosensitive K+ channel His kinase sensor domain
   #    score  bias  c-Evalue  i-Evalue hmmfrom  hmm to    alifrom  ali to    envfrom  env to     acc
 ---   ------ ----- --------- --------- ------- -------    ------- -------    ------- -------    ----
   1 ?   13.1   0.1   5.4e-06     0.053     109     144 ..      38      73 ..      19      82 .. 0.86

  Alignments for each domain:
  == domain 1  score: 13.1 bits;  conditional E-value: 5.4e-06
  KdpD 109 eelleagidVittvnvqhleslndvvekitgvrvre 144
            ++l ag+dV t+  v h+++l+  + + t  +v++
  orf1  38 AQMLGAGVDVATAYRVVHIDELSSQLVQKTAQEVKT 73 
           5799******************99888888877765 PP

>> YhfT  Protein of unknown function
   #    score  bias  c-Evalue  i-Evalue hmmfrom  hmm to    alifrom  ali to    envfrom  env to     acc
 ---   ------ ----- --------- --------- ------- -------    ------- -------    ------- -------    ----
   1 ?   11.3   0.1   1.5e-05      0.14     211     267 ..      13      70 ..       3      85 .. 0.78

  Alignments for each domain:
  == domain 1  score: 11.3 bits;  conditional E-value: 1.5e-05
  YhfT 211 etsneslasvFeervkRikknlllla.lvGalvavaaslsllagdeislallaegeaa 267
           ++++e+ +++F     R + + +++a ++Ga v va++ +++  de+s++l+++++++
  orf1  13 TQQAEQAKAIFPGLDLRTEVQNPVFAqMLGAGVDVATAYRVVHIDELSSQLVQKTAQE 70 
           45678889999999999998888887367***********************997654 PP



Internal pipeline statistics summary:
-------------------------------------
Query sequence(s):                         1  (126 residues searched)
Target model(s):                       19632  (3329936 nodes)
Passed MSV filter:                      1121  (0.0571007); expected 392.6 (0.02)
Passed bias filter:                      695  (0.0354014); expected 392.6 (0.02)
Passed Vit filter:                        46  (0.00234311); expected 19.6 (0.001)
Passed Fwd filter:                         2  (0.000101874); expected 0.2 (1e-05)
Initial search space (Z):              19632  [actual number of targets]
Domain search space  (domZ):               2  [number of targets reported over threshold]
# CPU time: 0.31u 0.22s 00:00:00.53 Elapsed: 00:00:00.37
# Mc/sec: 1112.62
//
Query:       orf2  [L=116]
Description: source=IMGVR_UViG_3300037400_001146_3300037400_Ga0392372_0001296/11987-13624 coords=876..1223 length=116 frame=3 desc=
Scores for complete sequence (score includes all domains):
   --- full sequence ---   --- best 1 domain ---    -#dom-
    E-value  score  bias    E-value  score  bias    exp  N  Model    Description
    ------- ------ -----    ------- ------ -----   ---- --  -------- -----------

   [No hits detected that satisfy reporting thresholds]


Domain annotation for each model (and alignments):

   [No targets detected that satisfy reporting thresholds]


Internal pipeline statistics summary:
-------------------------------------
Query sequence(s):                         1  (116 residues searched)
Target model(s):                       19632  (3329936 nodes)
Passed MSV filter:                       328  (0.0167074); expected 392.6 (0.02)
Passed bias filter:                      166  (0.00845558); expected 392.6 (0.02)
Passed Vit filter:                        10  (0.000509372); expected 19.6 (0.001)
Passed Fwd filter:                         0  (0); expected 0.2 (1e-05)
Initial search space (Z):              19632  [actual number of targets]
Domain search space  (domZ):               0  [number of targets reported over threshold]
# CPU time: 0.31u 0.18s 00:00:00.49 Elapsed: 00:00:00.34
# Mc/sec: 1119.18
//
Query:       orf3  [L=348]
Description: source=IMGVR_UViG_3300037400_001146_3300037400_Ga0392372_0001296/11987-13624 coords=445..1488 length=348 frame=1 desc=
Scores for complete sequence (score includes all domains):
   --- full sequence ---   --- best 1 domain ---    -#dom-
    E-value  score  bias    E-value  score  bias    exp  N  Model    Description
    ------- ------ -----    ------- ------ -----   ---- --  -------- -----------
    3.2e-08   32.9   0.0    4.9e-08   32.3   0.0    1.2  1  DUF4043   Protein of unknown function (DUF4043)


Domain annotation for each model (and alignments):
>> DUF4043  Protein of unknown function (DUF4043)
   #    score  bias  c-Evalue  i-Evalue hmmfrom  hmm to    alifrom  ali to    envfrom  env to     acc
 ---   ------ ----- --------- --------- ------- -------    ------- -------    ------- -------    ----
   1 !   32.3   0.0   2.5e-12   4.9e-08     160     322 ..     170     312 ..     142     321 .. 0.80

  Alignments for each domain:
  == domain 1  score: 32.3 bits;  conditional E-value: 2.5e-12
  DUF4043 160 aivvnevkAptsnrhlvaggaasts...gslastDlltldlvdklrkladtmakplrpvklegdevaqgselyVlllhpeqvsdlrtdtdagawrdlqkaAi 258
              ++ v++v  ++sn+ ++++ aa       +  + D++++ ++d l + a+          l+g+ +   +  yV  +hp+++ dl+++   +aw+dlq+   
     orf3 170 DTLVRDVVSAGSNVLYAPNYAAGAYtenTARGTMDGTAMLTIDLLFQAAAI---------LQGQDAPPIDGEYVAIVHPYVACDLKKS---TAWQDLQR--- 256
              68899999999***9988765544433424446666666677776666665.........333444445688****************...********... PP

  DUF4043 259 arakvdknPlFkgelglyngvllrkaprvirfvngdsvkvaadtlsgasvaveralllGaQAla 322
                 +v+++ ++kge+g   +++++++ r++    ++++        +++++v   + lGa A a
     orf3 257 ---YVHPEKIYKGEIGSVGNIRVIENTRAKIIAGAGAT-----ISGSDKYSVYCTMVLGADAYA 312
              ...9**********************999887777663.....444889999999*****9985 PP



Internal pipeline statistics summary:
-------------------------------------
Query sequence(s):                         1  (348 residues searched)
Target model(s):                       19632  (3329936 nodes)
Passed MSV filter:                       282  (0.0143643); expected 392.6 (0.02)
Passed bias filter:                      264  (0.0134474); expected 392.6 (0.02)
Passed Vit filter:                        28  (0.00142624); expected 19.6 (0.001)
Passed Fwd filter:                         1  (5.09372e-05); expected 0.2 (1e-05)
Initial search space (Z):              19632  [actual number of targets]
Domain search space  (domZ):               1  [number of targets reported over threshold]
# CPU time: 0.34u 0.18s 00:00:00.52 Elapsed: 00:00:00.34
# Mc/sec: 3401.19
//
Query:       orf4  [L=96]
Description: source=IMGVR_UViG_3300037400_001146_3300037400_Ga0392372_0001296/11987-13624 coords=1227..1514 length=96 frame=3 desc=
Scores for complete sequence (score includes all domains):
   --- full sequence ---   --- best 1 domain ---    -#dom-
    E-value  score  bias    E-value  score  bias    exp  N  Model    Description
    ------- ------ -----    ------- ------ -----   ---- --  -------- -----------

   [No hits detected that satisfy reporting thresholds]


Domain annotation for each model (and alignments):

   [No targets detected that satisfy reporting thresholds]


Internal pipeline statistics summary:
-------------------------------------
Query sequence(s):                         1  (96 residues searched)
Target model(s):                       19632  (3329936 nodes)
Passed MSV filter:                       493  (0.0251121); expected 392.6 (0.02)
Passed bias filter:                      251  (0.0127852); expected 392.6 (0.02)
Passed Vit filter:                        17  (0.000865933); expected 19.6 (0.001)
Passed Fwd filter:                         2  (0.000101874); expected 0.2 (1e-05)
Initial search space (Z):              19632  [actual number of targets]
Domain search space  (domZ):               0  [number of targets reported over threshold]
# CPU time: 0.30u 0.19s 00:00:00.49 Elapsed: 00:00:00.34
# Mc/sec: 936.28
//
Query:       orf5  [L=126]
Description: source=IMGVR_UViG_3300037400_001146_3300037400_Ga0392372_0001296/11987-13624 coords=1294..917 length=126 frame=6 desc=
Scores for complete sequence (score includes all domains):
   --- full sequence ---   --- best 1 domain ---    -#dom-
    E-value  score  bias    E-value  score  bias    exp  N  Model    Description
    ------- ------ -----    ------- ------ -----   ---- --  -------- -----------

   [No hits detected that satisfy reporting thresholds]


Domain annotation for each model (and alignments):

   [No targets detected that satisfy reporting thresholds]


Internal pipeline statistics summary:
-------------------------------------
Query sequence(s):                         1  (126 residues searched)
Target model(s):                       19632  (3329936 nodes)
Passed MSV filter:                       684  (0.0348411); expected 392.6 (0.02)
Passed bias filter:                      181  (0.00921964); expected 392.6 (0.02)
Passed Vit filter:                        18  (0.00091687); expected 19.6 (0.001)
Passed Fwd filter:                         0  (0); expected 0.2 (1e-05)
Initial search space (Z):              19632  [actual number of targets]
Domain search space  (domZ):               0  [number of targets reported over threshold]
# CPU time: 0.30u 0.14s 00:00:00.44 Elapsed: 00:00:00.30
# Mc/sec: 1372.42
//
Query:       orf6  [L=397]
Description: source=IMGVR_UViG_3300037400_001146_3300037400_Ga0392372_0001296/11987-13624 coords=1638..448 length=397 frame=4 desc=
Scores for complete sequence (score includes all domains):
   --- full sequence ---   --- best 1 domain ---    -#dom-
    E-value  score  bias    E-value  score  bias    exp  N  Model    Description
    ------- ------ -----    ------- ------ -----   ---- --  -------- -----------

   [No hits detected that satisfy reporting thresholds]


Domain annotation for each model (and alignments):

   [No targets detected that satisfy reporting thresholds]


Internal pipeline statistics summary:
-------------------------------------
Query sequence(s):                         1  (397 residues searched)
Target model(s):                       19632  (3329936 nodes)
Passed MSV filter:                       393  (0.0200183); expected 392.6 (0.02)
Passed bias filter:                      272  (0.0138549); expected 392.6 (0.02)
Passed Vit filter:                        13  (0.000662184); expected 19.6 (0.001)
Passed Fwd filter:                         0  (0); expected 0.2 (1e-05)
Initial search space (Z):              19632  [actual number of targets]
Domain search space  (domZ):               0  [number of targets reported over threshold]
# CPU time: 0.33u 0.18s 00:00:00.51 Elapsed: 00:00:00.33
# Mc/sec: 3966.51
//
Query:       orf7  [L=107]
Description: source=IMGVR_UViG_3300037400_001146_3300037400_Ga0392372_0001296/11987-13624 coords=437..117 length=107 frame=5 desc=
Scores for complete sequence (score includes all domains):
   --- full sequence ---   --- best 1 domain ---    -#dom-
    E-value  score  bias    E-value  score  bias    exp  N  Model    Description
    ------- ------ -----    ------- ------ -----   ---- --  -------- -----------

   [No hits detected that satisfy reporting thresholds]


Domain annotation for each model (and alignments):

   [No targets detected that satisfy reporting thresholds]


Internal pipeline statistics summary:
-------------------------------------
Query sequence(s):                         1  (107 residues searched)
Target model(s):                       19632  (3329936 nodes)
Passed MSV filter:                       393  (0.0200183); expected 392.6 (0.02)
Passed bias filter:                      179  (0.00911777); expected 392.6 (0.02)
Passed Vit filter:                        15  (0.000764059); expected 19.6 (0.001)
Passed Fwd filter:                         0  (0); expected 0.2 (1e-05)
Initial search space (Z):              19632  [actual number of targets]
Domain search space  (domZ):               0  [number of targets reported over threshold]
# CPU time: 0.28u 0.16s 00:00:00.44 Elapsed: 00:00:00.31
# Mc/sec: 1134.19
//
Query:       orf8  [L=141]
Description: source=IMGVR_UViG_3300037400_001146_3300037400_Ga0392372_0001296/11987-13624 coords=423..1 length=141 frame=4 desc=
Scores for complete sequence (score includes all domains):
   --- full sequence ---   --- best 1 domain ---    -#dom-
    E-value  score  bias    E-value  score  bias    exp  N  Model    Description
    ------- ------ -----    ------- ------ -----   ---- --  -------- -----------
  ------ inclusion threshold ------
      0.039   14.2   0.0      0.061   13.5   0.0    1.2  1  DGC       DGC domain


Domain annotation for each model (and alignments):
>> DGC  DGC domain
   #    score  bias  c-Evalue  i-Evalue hmmfrom  hmm to    alifrom  ali to    envfrom  env to     acc
 ---   ------ ----- --------- --------- ------- -------    ------- -------    ------- -------    ----
   1 ?   13.5   0.0   3.1e-06     0.061      42      68 ..      28      54 ..      22      57 .. 0.84

  Alignments for each domain:
  == domain 1  score: 13.5 bits;  conditional E-value: 3.1e-06
   DGC 42 klvelaksaekiiaiDGCplnCakkil 68
          ++++++ s+   +a+DGC l+Ca+ il
  orf8 28 NFIKILGSQFAGVALDGCGLRCARPIL 54
          677888888889***********9876 PP



Internal pipeline statistics summary:
-------------------------------------
Query sequence(s):                         1  (141 residues searched)
Target model(s):                       19632  (3329936 nodes)
Passed MSV filter:                       264  (0.0134474); expected 392.6 (0.02)
Passed bias filter:                      238  (0.0121231); expected 392.6 (0.02)
Passed Vit filter:                        12  (0.000611247); expected 19.6 (0.001)
Passed Fwd filter:                         1  (5.09372e-05); expected 0.2 (1e-05)
Initial search space (Z):              19632  [actual number of targets]
Domain search space  (domZ):               1  [number of targets reported over threshold]
# CPU time: 0.28u 0.18s 00:00:00.46 Elapsed: 00:00:00.33
# Mc/sec: 1403.47
//
[ok]
