# hmmscan :: search sequence(s) against a profile database
# HMMER 3.3.2 (Nov 2020); http://hmmer.org/
# Copyright (C) 2020 Howard Hughes Medical Institute.
# Freely distributed under the BSD open source license.
# - - - - - - - - - - - - - - - - - - - - - - - - - - - - - - - - - - - -
# query sequence file:             -
# target HMM database:             /n/eddy_lab/data/pfam-35.0/Pfam-A.hmm
# output directed to file:         ./all_windows_new/hmmscan/out/IMGVR_UViG_3300028048_000151_3300028048_Ga0256405_10001577_hmmscan_output.out
# per-seq hits tabular output:     ./all_windows_new/hmmscan/tblout/IMGVR_UViG_3300028048_000151_3300028048_Ga0256405_10001577_hmmscan_output.tblout
# - - - - - - - - - - - - - - - - - - - - - - - - - - - - - - - - - - - -

Query:       orf1  [L=345]
Description: source=IMGVR_UViG_3300028048_000151_3300028048_Ga0256405_10001577/11260-9676 coords=1..1035 length=345 frame=1 desc=
Scores for complete sequence (score includes all domains):
   --- full sequence ---   --- best 1 domain ---    -#dom-
    E-value  score  bias    E-value  score  bias    exp  N  Model          Description
    ------- ------ -----    ------- ------ -----   ---- --  --------       -----------
    1.8e-08   34.9   0.0     0.0017   18.8   0.0    2.5  2  RNA_pol_Rpb1_2  RNA polymerase Rpb1, domain 2


Domain annotation for each model (and alignments):
>> RNA_pol_Rpb1_2  RNA polymerase Rpb1, domain 2
   #    score  bias  c-Evalue  i-Evalue hmmfrom  hmm to    alifrom  ali to    envfrom  env to     acc
 ---   ------ ----- --------- --------- ------- -------    ------- -------    ------- -------    ----
   1 !   18.8   0.0   8.5e-08    0.0017       3      29 ..     210     236 ..     208     264 .. 0.68
   2 !   13.8   0.0   2.9e-06     0.057      97     143 ..     286     333 ..     243     340 .. 0.77

  Alignments for each domain:
  == domain 1  score: 18.8 bits;  conditional E-value: 8.5e-08
                     EESSEEEEEEEEETTS-TTEEEEEHHH CS
  RNA_pol_Rpb1_2   3 rvdysaRsvispdpnlkldevgvPisv 29 
                     r  ++ Rsvi+pdp l++dev++P+  
            orf1 210 RTSFTERSVIVPDPYLRMDEVSLPYFG 236
           Query:       orf2  [L=489]
Description: source=IMGVR_UViG_3300028048_000151_3300028048_Ga0256405_10001577/11714-10086 coords=23..1489 length=489 frame=2 desc=
Scores for complete sequence (score includes all domains):
   --- full sequence ---   --- best 1 domain ---    -#dom-
    E-value  score  bias    E-value  score  bias    exp  N  Model          Description
    ------- ------ -----    ------- ------ -----   ---- --  --------       -----------
    4.8e-08   33.5   0.0    1.2e-05   25.7   0.0    2.5  1  RNA_pol_Rpb1_2  RNA polymerase Rpb1, domain 2
  ------ inclusion threshold ------
       0.04   14.0   0.1      0.082   13.0   0.1    1.5  1  YjdM_Zn_Ribbon  PhnA Zinc-Ribbon
       0.18   11.7   0.4       0.41   10.5   0.4    1.5  1  TackOD1         Thaumarchaeal output domain 1
       0.39   10.9   2.9       0.21   11.7   0.6    1.7  2  Rubredoxin      Rubredoxin


Domain annotation for each model (and alignments):
>> RNA_pol_Rpb1_2  RNA polymerase Rpb1, domain 2
   #    score  bias  c-Evalue  i-Evalue hmmfrom  hmm to    alifrom  ali to    envfrom  env to     acc
 ---   ------ ----- --------- --------- ------- -------    ------- -------    ------- -------    ----
   1 !   25.7   0.0   2.5e-09   1.2e-05       3     143 ..     354     477 ..     353     484 .. 0.77

  Alignments for each domain:
  == domain 1  score: 25.7 bits;  conditional E-value: 2.5e-09
                     EESSEEEEEEEEETTS-TTEEEEEHHHHTTSEEEEE-STTTHHHHHHHHHHTTTSSSSEEEEETTTSSEEETTTS-CHHHHTTTTTSEEEEE-ST CS
  RNA_pol_Rpb1_2   3 rvdysaRsvispdpnlkldevgvPisvakkltvpeivtelnikklrklvengpevyPgasyvkredgsekklkakkrklakelekgdiverhvkd 97 
                     r  ++ Rsvi+pdp l++dev++P+ +   l +++ + +++ ++ + + +n  +++  a+   r+d+++ ++  +       l k d        
            orf2 354 RTSFTERSVIVPDPYLRMDEVSLPY-FGLCLLLEQLIINIIQSSYNITYANAYKMWYYAT--LRKDKRVYDIIDN-------LCKLD-------- 430
                     7789********************7.6777888888888888888877777777774444..3344444444433.......44333........ PP

                     TCEEEEEESSTTSGGGEEEEE.EEEESSSSEEEEGGGHHHHT--SSS CS
  RNA_pol_Rpb1_2  98 gdvvllNRqPsLhklsimahr.vkvlekktlrlnlsvttayNaDFDG 143
                     +  v++NR+Ps+   si   r vk+ e+ ++ ++  +     aDFDG
            orf2 431 KVHVIINRNPSIFYQSIVWKRvVKINEEYVMGVDPYILDGLCADFDG 477
                     345999***********98873589999******************9 PP

>> YjdM_Zn_Ribbon  PhnA Zinc-Ribbon
   #    score  bias  c-Evalue  i-Evalue hmmfrom  hmm to    alifrom  ali to    envfrom  env to     acc
 ---   ------ ----- --------- --------- ------- -------    ------- -------    ------- -------    ----
   1 ?   13.0   0.1   1.7e-05     0.082      15      28 ..     127     140 ..     115     142 .. 0.86

  Alignments for each domain:
  == domain 1  score: 13.0 bits;  conditional E-value: 1.7e-05
  YjdM_Zn_Ribbon  15 edndvliCpeCahE 28 
                      d+++++Cp+C+ E
            orf2 127 PDDANWVCPTCGTE 140
                     79*********987 PP

>> TackOD1  Thaumarchaeal output domain 1
   #    score  bias  c-Evalue  i-Evalue hmmfrom  hmm to    alifrom  ali to    envfrom  env to     acc
 ---   ------ ----- --------- --------- ------- -------    ------- -------    ------- -------    ----
   1 ?   10.5   0.4   8.3e-05      0.41     106     141 ..     110     148 ..     102     152 .. 0.85

  Alignments for each domain:
  == domain 1  score: 10.5 bits;  conditional E-value: 8.3e-05
  TackOD1 106 hhftCghvgpeeef...lkegkleCpkCktkLrhiGvDY 141
              h f+C +   +  f    ++ + +Cp+C t+++++G+D+
     orf2 110 HRFSCKYGCTQGAFysvPDDANWVCPTCGTEVKKVGDDF 148
              89999998888888554568899***************8 PP

>> Rubredoxin  Rubredoxin
   #    score  bias  c-Evalue  i-Evalue hmmfrom  hmm to    alifrom  ali to    envfrom  env to     acc
 ---   ------ ----- --------- --------- ------- -------    ------- -------    ------- -------    ----
   1 ?   11.7   0.6   4.3e-05      0.21      27      43 ..     122     140 ..     118     144 .. 0.77
   2 ?   -3.8   0.1       3.2   1.6e+04      15      29 ..     344     358 ..     343     359 .. 0.82

  Alignments for each domain:
  == domain 1  score: 11.7 bits;  conditional E-value: 4.3e-05
                 -GGGS-TT..-BBTTTB-B CS
  Rubredoxin  27 kFedlPdd..WvCPdCgae 43 
                 +F  +Pdd  WvCP+Cg e
        orf2 122 AFYSVPDDanWVCPTCGTE 140
                 5888998555******987 PP

  == domain 2  score: -3.8 bits;  conditional E-value: 3.2
                 TBBGGGTB-TT--GG CS
  Rubredoxin  15 kGdpdegiapgTkFe 29 
                 kG  ++ i+  T+F+
        orf2 344 KGTFRTTISGRTSFT 358
                 688889999999997 PP



Internal pipeline statistics summary:
-------------------------------------
Query sequence(s):                         1  (489 residues searched)
Target model(s):                       19632  (3329936 nodes)
Passed MSV filter:                       949  (0.0483394); expected 392.6 (0.02)
Passed bias filter:                      580  (0.0295436); expected 392.6 (0.02)
Passed Vit filter:                        68  (0.00346373); expected 19.6 (0.001)
Passed Fwd filter:                         4  (0.000203749); expected 0.2 (1e-05)
Initial search space (Z):              19632  [actual number of targets]
Domain search space  (domZ):               4  [number of targets reported over threshold]
# CPU time: 0.38u 0.17s 00:00:00.55 Elapsed: 00:00:00.34
# Mc/sec: 4685.85
//
[ok]
