# hmmscan :: search sequence(s) against a profile database
# HMMER 3.3.2 (Nov 2020); http://hmmer.org/
# Copyright (C) 2020 Howard Hughes Medical Institute.
# Freely distributed under the BSD open source license.
# - - - - - - - - - - - - - - - - - - - - - - - - - - - - - - - - - - - -
# query sequence file:             -
# target HMM database:             /n/eddy_lab/data/pfam-35.0/Pfam-A.hmm
# output directed to file:         ./all_windows_new/hmmscan/out/IMGVR_UViG_3300007361_000236_3300007361_Ga0104787_105335_hmmscan_output.out
# per-seq hits tabular output:     ./all_windows_new/hmmscan/tblout/IMGVR_UViG_3300007361_000236_3300007361_Ga0104787_105335_hmmscan_output.tblout
# - - - - - - - - - - - - - - - - - - - - - - - - - - - - - - - - - - - -

Query:       orf1  [L=475]
Description: source=IMGVR_UViG_3300007361_000236_3300007361_Ga0104787_105335/3491-5076 coords=2..1426 length=475 frame=2 desc=
Scores for complete sequence (score includes all domains):
   --- full sequence ---   --- best 1 domain ---    -#dom-
    E-value  score  bias    E-value  score  bias    exp  N  Model    Description
    ------- ------ -----    ------- ------ -----   ---- --  -------- -----------
      5e-25   88.5   0.3    7.6e-25   87.8   0.3    1.3  1  RVT_1     Reverse transcriptase (RNA-dependent DNA polymerase
    5.8e-05   23.3   0.3    0.00014   22.1   0.3    1.6  1  HNH       HNH endonuclease
  ------ inclusion threshold ------
      0.048   14.0   0.2       0.11   12.8   0.2    1.5  1  DUF3350   Domain of unknown function (DUF3350)
       0.08   13.0   0.1       0.19   11.8   0.1    1.5  1  HNH_5     HNH endonuclease


Domain annotation for each model (and alignments):
>> RVT_1  Reverse transcriptase (RNA-dependent DNA polymerase)
   #    score  bias  c-Evalue  i-Evalue hmmfrom  hmm to    alifrom  ali to    envfrom  env to     acc
 ---   ------ ----- --------- --------- ------- -------    ------- -------    ------- -------    ----
   1 !   87.8   0.3   1.6e-28   7.6e-25      36     221 ..       3     205 ..       1     206 [. 0.88

  Alignments for each domain:
  == domain 1  score: 87.8 bits;  conditional E-value: 1.6e-28
            ..-------HHHH..............HCCHTS--EEEEEEBCCGCCCSBB-GGGGGGG-EEET..........................TEEEEESB--ST-T CS
  RVT_1  36 kllsenqpgfrpgrstldav.edllkalkkkkkaklllklDlkkaFdsvpleellrkltafkvptkli.nliksflstrsfsvrvngeeskgryekkglpqGsv 137
             ++ e+++gfr++ st+ a+ ++  ++    ++  ++l++D+k++F +++ +  +r+l+++++++++i n+i +f+++         e s +    kg pqGs+
   orf1   3 TKFVESSFGFRKQVSTHNALaKVKSQC----QTMPYVLSVDMKDFFGTIDPDIAYRELWHIGIKDQIIlNYIYRFIKKGY------YEDSCKVENPKGSPQGSI 96 
            567899**********99885555555....777*****************************97643377777775555......4456899999******** PP

            THHHHHHHHHHHHHTT-T................................TEEECTTEEEEEESSHHHHHHHHHHHHHHHHH.TT--BEGGG-EEE......ES CS
  RVT_1 138 lSPllfnlfmnellrelrkra..........................kgvtllrYaDDililskskeelqelleaveewlke.sglkinpeKtklvlftv.kse 213
            l+Pl++n+++++++  lr +                           k   ++rYaDDil+l+k+ e++ +   +v ++l + ++l+in++Ktk++     ++e
   orf1  97 LGPLISNVYLHRFDVWLRDQGdcwhdrsvakfhnyankrrnlaltnlKVGIHVRYADDILVLCKDYEDAVKFKYSVTNYLTRnMKLEINEDKTKIY---DlTRE 197
            *******************9899*********************99888899*************999999988888888665*************...669** PP

            SEEETTEE CS
  RVT_1 214 evkyLGvt 221
            ++kyLG+ 
   orf1 198 KMKYLGYD 205
            ******96 PP

>> HNH  HNH endonuclease
   #    score  bias  c-Evalue  i-Evalue hmmfrom  hmm to    alifrom  ali to    envfrom  env to     acc
 ---   ------ ----- --------- --------- ------- -------    ------- -------    ------- -------    ----
   1 !   22.1   0.3   2.8e-08   0.00014      12      34 ..     414     436 ..     407     448 .. 0.85

  Alignments for each domain:
  == domain 1  score: 22.1 bits;  conditional E-value: 2.8e-08
           E--EEEESS-TTTT--BSGGGEE CS
   HNH  12 dalevdHiipisqggaddieNlq 34 
           d+ +++Hi+p+s+gg++d+eNl 
  orf1 414 DEYHCHHIKPLSKGGTNDFENLC 436
           6789*****************96 PP

>> DUF3350  Domain of unknown function (DUF3350)
   #    score  bias  c-Evalue  i-Evalue hmmfrom  hmm to    alifrom  ali to    envfrom  env to     acc
 ---   ------ ----- --------- --------- ------- -------    ------- -------    ------- -------    ----
   1 ?   12.8   0.2   2.3e-05      0.11      38      53 ..      53      68 ..      50      70 .. 0.93

  Alignments for each domain:
  == domain 1  score: 12.8 bits;  conditional E-value: 2.3e-05
  DUF3350 38 lreLWrkAIhQqILLl 53
             +reLW  +I+ qI+L+
     orf1 53 YRELWHIGIKDQIILN 68
             9*************96 PP

>> HNH_5  HNH endonuclease
   #    score  bias  c-Evalue  i-Evalue hmmfrom  hmm to    alifrom  ali to    envfrom  env to     acc
 ---   ------ ----- --------- --------- ------- -------    ------- -------    ------- -------    ----
   1 ?   11.8   0.1   3.8e-05      0.19      13      36 ..     416     436 ..     410     438 .. 0.86

  Alignments for each domain:
  == domain 1  score: 11.8 bits;  conditional E-value: 3.8e-05
  HNH_5  13 lseeHIipeslGGklkisnlqtlC 36 
             +  HI p s+GG+++++nl   C
   orf1 416 YHCHHIKPLSKGGTNDFENL---C 436
            5667***************9...6 PP



Internal pipeline statistics summary:
-------------------------------------
Query sequence(s):                         1  (475 residues searched)
Target model(s):                       19632  (3329936 nodes)
Passed MSV filter:                       686  (0.034943); expected 392.6 (0.02)
Passed bias filter:                      406  (0.0206805); expected 392.6 (0.02)
Passed Vit filter:                        30  (0.00152812); expected 19.6 (0.001)
Passed Fwd filter:                         4  (0.000203749); expected 0.2 (1e-05)
Initial search space (Z):              19632  [actual number of targets]
Domain search space  (domZ):               4  [number of targets reported over threshold]
# CPU time: 0.31u 0.17s 00:00:00.48 Elapsed: 00:00:00.31
# Mc/sec: 5043.26
//
Query:       orf2  [L=100]
Description: source=IMGVR_UViG_3300007361_000236_3300007361_Ga0104787_105335/3491-5076 coords=730..431 length=100 frame=5 desc=
Scores for complete sequence (score includes all domains):
   --- full sequence ---   --- best 1 domain ---    -#dom-
    E-value  score  bias    E-value  score  bias    exp  N  Model    Description
    ------- ------ -----    ------- ------ -----   ---- --  -------- -----------

   [No hits detected that satisfy reporting thresholds]


Domain annotation for each model (and alignments):

   [No targets detected that satisfy reporting thresholds]


Internal pipeline statistics summary:
-------------------------------------
Query sequence(s):                         1  (100 residues searched)
Target model(s):                       19632  (3329936 nodes)
Passed MSV filter:                       510  (0.025978); expected 392.6 (0.02)
Passed bias filter:                      270  (0.0137531); expected 392.6 (0.02)
Passed Vit filter:                        15  (0.000764059); expected 19.6 (0.001)
Passed Fwd filter:                         0  (0); expected 0.2 (1e-05)
Initial search space (Z):              19632  [actual number of targets]
Domain search space  (domZ):               0  [number of targets reported over threshold]
# CPU time: 0.26u 0.14s 00:00:00.40 Elapsed: 00:00:00.28
# Mc/sec: 1187.09
//
Query:       orf3  [L=90]
Description: source=IMGVR_UViG_3300007361_000236_3300007361_Ga0104787_105335/3491-5076 coords=298..29 length=90 frame=5 desc=
Scores for complete sequence (score includes all domains):
   --- full sequence ---   --- best 1 domain ---    -#dom-
    E-value  score  bias    E-value  score  bias    exp  N  Model    Description
    ------- ------ -----    ------- ------ -----   ---- --  -------- -----------

   [No hits detected that satisfy reporting thresholds]


Domain annotation for each model (and alignments):

   [No targets detected that satisfy reporting thresholds]


Internal pipeline statistics summary:
-------------------------------------
Query sequence(s):                         1  (90 residues searched)
Target model(s):                       19632  (3329936 nodes)
Passed MSV filter:                       293  (0.0149246); expected 392.6 (0.02)
Passed bias filter:                      258  (0.0131418); expected 392.6 (0.02)
Passed Vit filter:                        13  (0.000662184); expected 19.6 (0.001)
Passed Fwd filter:                         0  (0); expected 0.2 (1e-05)
Initial search space (Z):              19632  [actual number of targets]
Domain search space  (domZ):               0  [number of targets reported over threshold]
# CPU time: 0.26u 0.14s 00:00:00.40 Elapsed: 00:00:00.29
# Mc/sec: 1027.68
//
[ok]
