# hmmscan :: search sequence(s) against a profile database
# HMMER 3.3.2 (Nov 2020); http://hmmer.org/
# Copyright (C) 2020 Howard Hughes Medical Institute.
# Freely distributed under the BSD open source license.
# - - - - - - - - - - - - - - - - - - - - - - - - - - - - - - - - - - - -
# query sequence file:             -
# target HMM database:             /n/eddy_lab/data/pfam-35.0/Pfam-A.hmm
# output directed to file:         ./all_windows_new/hmmscan/out/IMGVR_UViG_3300007062_000049_3300007062_Ga0102017_100499_hmmscan_output.out
# per-seq hits tabular output:     ./all_windows_new/hmmscan/tblout/IMGVR_UViG_3300007062_000049_3300007062_Ga0102017_100499_hmmscan_output.tblout
# - - - - - - - - - - - - - - - - - - - - - - - - - - - - - - - - - - - -

Query:       orf1  [L=497]
Description: source=IMGVR_UViG_3300007062_000049_3300007062_Ga0102017_100499/14088-15672 coords=1..1491 length=497 frame=1 desc=
Scores for complete sequence (score includes all domains):
   --- full sequence ---   --- best 1 domain ---    -#dom-
    E-value  score  bias    E-value  score  bias    exp  N  Model    Description
    ------- ------ -----    ------- ------ -----   ---- --  -------- -----------
    1.4e-27   96.8   0.0    2.9e-27   95.8   0.0    1.5  1  RVT_1     Reverse transcriptase (RNA-dependent DNA polymerase
     0.0076   16.5   0.1       0.02   15.2   0.1    1.7  1  HNH       HNH endonuclease


Domain annotation for each model (and alignments):
>> RVT_1  Reverse transcriptase (RNA-dependent DNA polymerase)
   #    score  bias  c-Evalue  i-Evalue hmmfrom  hmm to    alifrom  ali to    envfrom  env to     acc
 ---   ------ ----- --------- --------- ------- -------    ------- -------    ------- -------    ----
   1 !   95.8   0.0   2.9e-31   2.9e-27      62     222 .]      11     199 ..       1     199 [. 0.89

  Alignments for each domain:
  == domain 1  score: 95.8 bits;  conditional E-value: 2.9e-31
            HCCHTS--EEEEEEBCCGCCCSBB-GGGGGGG-EEET...........................TEEEEESB--ST-TTHHHHHHHHHHHHHTT-T........ CS
  RVT_1  62 lkkkkkaklllklDlkkaFdsvpleellrkltafkvptk.linliksflstrsfsvrv.ngeeskgryekkglpqGsvlSPllfnlfmnellrelrkra..... 158
            l +k + ++++++D+k++Fd+v++++l+++l+++++++k l+ +i+++l+ +   + + +g   ++   +kg+pqG+++SPll+n+++nel++ l++++     
   orf1  11 LMQKSGLHYVVEFDIKGFFDNVDHSKLIKQLWSLNIRDKeLLYVIRRILKAP---ILMpDG---HTEHPTKGTPQGGIISPLLANVVLNELDHWLESQWqcnpv 108
            45677889****************************8652667788888333...455566...5567789********************************* PP

            ...............................TEEECTTEEEEEESSHHHHHHHHHHHHHHHHH.TT--BEGGG-EEE......ESSEEETTEEE CS
  RVT_1 159 ............................kgvtllrYaDDililskskeelqelleaveewlke.sglkinpeKtklvlftv.kseevkyLGvtl 222
                                        k+ +++rYaDD+ il++++e++++ l av +wlke  +l ++peKt++v     +++  ++LG+++
   orf1 109 tenyayrenaagcpiqshayramrntrlKEMYIVRYADDFRILCRTREQADRTLIAVTQWLKErLRLDVSPEKTRVV---DvRRSYSEFLGFKI 199
            ***************************************************************99************...44788888999875 PP

>> HNH  HNH endonuclease
   #    score  bias  c-Evalue  i-Evalue hmmfrom  hmm to    alifrom  ali to    envfrom  env to     acc
 ---   ------ ----- --------- --------- ------- -------    ------- -------    ------- -------    ----
   1 !   15.2   0.1     2e-06      0.02       5      36 ..     398     429 ..     393     431 .. 0.85

  Alignments for each domain:
  == domain 1  score: 15.2 bits;  conditional E-value: 2e-06
           S-B-SSEE--EEEESS-TTTT--BSGGGEEEE CS
   HNH   5 grkfhksdalevdHiipisqggaddieNlqll 36 
           g+kf   ++ +++H++p+  gg+d +eNl+l+
  orf1 398 GKKFQCISEIHCHHKKPKGIGGSDKYENLVLV 429
           556666689********************985 PP



Internal pipeline statistics summary:
-------------------------------------
Query sequence(s):                         1  (497 residues searched)
Target model(s):                       19632  (3329936 nodes)
Passed MSV filter:                       666  (0.0339242); expected 392.6 (0.02)
Passed bias filter:                      464  (0.0236349); expected 392.6 (0.02)
Passed Vit filter:                        38  (0.00193562); expected 19.6 (0.001)
Passed Fwd filter:                         2  (0.000101874); expected 0.2 (1e-05)
Initial search space (Z):              19632  [actual number of targets]
Domain search space  (domZ):               2  [number of targets reported over threshold]
# CPU time: 0.37u 0.16s 00:00:00.53 Elapsed: 00:00:00.33
# Mc/sec: 4986.28
//
[ok]
hgq LeK+ ++ilk
           orf1 82 MYEKHGQPLEKIVGNILK 99
                   69**************97 PP



Internal pipeline statistics summary:
-------------------------------------
Query sequence(s):                         1  (165 residues searched)
Target model(s):                       19632  (3329936 nodes)
Passed MSV filter:                       880  (0.0448248); expected 392.6 (0.02)
Passed bias filter:                      693  (0.0352995); expected 392.6 (0.02)
Passed Vit filter:                        70  (0.00356561); expected 19.6 (0.001)
Passed Fwd filter:                         4  (0.000203749); expected 0.2 (1e-05)
Initial search space (Z):              19632  [actual number of targets]
Domain search space  (domZ):               4  [number of targets reported over threshold]
# CPU time: 0.32u 0.17s 00:00:00.49 Elapsed: 00:00:00.33
# Mc/sec: 1635.31
//
Query:       orf2  [L=96]
Description: source=IMGVR_UViG_3300007062_000049_3300007062_Ga0102017_100499/11451-13159 coords=473..760 length=96 frame=2 desc=
Scores for complete sequence (score includes all domains):
   --- full sequence ---   --- best 1 domain ---    -#dom-
    E-value  score  bias    E-value  score  bias    exp  N  Model    Description
    ------- ------ -----    ------- ------ -----   ---- --  -------- -----------
  ------ inclusion threshold ------
      0.014   15.5   1.3       0.03   14.5   1.3    1.6  1  DUF1199   Protein of unknown function (DUF1199)


Domain annotation for each model (and alignments):
>> DUF1199  Protein of unknown function (DUF1199)
   #    score  bias  c-Evalue  i-Evalue hmmfrom  hmm to    alifrom  ali to    envfrom  env to     acc
 ---   ------ ----- --------- --------- ------- -------    ------- -------    ------- -------    ----
   1 ?   14.5   1.3   1.5e-06      0.03      24      42 ..      54      72 ..      44      77 .. 0.86

  Alignments for each domain:
  == domain 1  score: 14.5 bits;  conditional E-value: 1.5e-06
  DUF1199 24 qgSgSmETSTisSPsrRiR 42
             q+  S  TSTisSP+ +iR
     orf2 54 QRPFSFRTSTISSPKMKIR 72
             6667999***********9 PP



Internal pipeline statistics summary:
-------------------------------------
Query sequence(s):                         1  (96 residues searched)
Target model(s):                       19632  (3329936 nodes)
Passed MSV filter:                       386  (0.0196618); expected 392.6 (0.02)
Passed bias filter:                      234  (0.0119193); expected 392.6 (0.02)
Passed Vit filter:                        12  (0.000611247); expected 19.6 (0.001)
Passed Fwd filter:                         1  (5.09372e-05); expected 0.2 (1e-05)
Initial search space (Z):              19632  [actual number of targets]
Domain search space  (domZ):               1  [number of targets reported over threshold]
# CPU time: 0.27u 0.15s 00:00:00.42 Elapsed: 00:00:00.29
# Mc/sec: 1101.51
//
Query:       orf3  [L=356]
Description: source=IMGVR_UViG_3300007062_000049_3300007062_Ga0102017_100499/11451-13159 coords=364..1431 length=356 frame=1 desc=
Scores for complete sequence (score includes all domains):
   --- full sequence ---   --- best 1 domain ---    -#dom-
    E-value  score  bias    E-value  score  bias    exp  N  Model        Description
    ------- ------ -----    ------- ------ -----   ---- --  --------     -----------
     0.0096   15.9   1.4     0.0096   15.9   1.4    1.8  2  aRib          Atypical Rib domain
  ------ inclusion threshold ------
       0.11   12.5   0.3       0.39   10.8   0.1    2.1  2  Tap-RNA_bind  Tap, RNA-binding


Domain annotation for each model (and alignments):
>> aRib  Atypical Rib domain
   #    score  bias  c-Evalue  i-Evalue hmmfrom  hmm to    alifrom  ali to    envfrom  env to     acc
 ---   ------ ----- --------- --------- ------- -------    ------- -------    ------- -------    ----
   1 !   15.9   1.4   9.8e-07    0.0096      10      37 ..      35      62 ..      26      71 .. 0.83
   2 ?   -3.3   0.1      0.92     9e+03      65      70 ..     321     326 ..     311     339 .. 0.59

  Alignments for each domain:
  == domain 1  score: 15.9 bits;  conditional E-value: 9.8e-07
          EES-TTS--HHHHHHHHHHHHHH-TTS- CS
  aRib 10 eVkdpnkLtqeEKekVkeavkkaNkdlp 37
          +Vk ++kL+ ++K+++++a+  aN ++ 
  orf3 35 PVKTKKKLSRADKKQIEAAIARANRTDK 62
          7***********************9764 PP

  == domain 2  score: -3.3 bits;  conditional E-value: 0.92
           GGTEEE CS
  aRib  65 kdlvke 70 
            ++vk+
  orf3 321 IKTVKR 326
           444443 PP

>> Tap-RNA_bind  Tap, RNA-binding
   #    score  bias  c-Evalue  i-Evalue hmmfrom  hmm to    alifrom  ali to    envfrom  env to     acc
 ---   ------ ----- --------- --------- ------- -------    ------- -------    ------- -------    ----
   1 ?   -2.5   0.0      0.56   5.5e+03      26      40 ..      92     106 ..      87     111 .. 0.75
   2 ?   10.8   0.1     4e-05      0.39      41      69 ..     308     336 ..     272     342 .. 0.85

  Alignments for each domain:
  == domain 1  score: -2.5 bits;  conditional E-value: 0.56
  Tap-RNA_bind  26 svpftpvefhyeknk 40 
                   +++f+ +++++++n+
          orf3  92 TIQFQDINYQLSQNE 106
                   478888888888775 PP

  == domain 2  score: 10.8 bits;  conditional E-value: 4e-05
  Tap-RNA_bind  41 aqFfVedastAsaLkkvsrkItdedgeki 69 
                   ++ ++++ ++ +a+k+v+rkItd d +ki
          orf3 308 VSMHIQSVDQVKAIKTVKRKITDLDRSKI 336
                   567899********************998 PP



Internal pipeline statistics summary:
-------------------------------------
Query sequence(s):                         1  (356 residues searched)
Target model(s):                       19632  (3329936 nodes)
Passed MSV filter:                       798  (0.0406479); expected 392.6 (0.02)
Passed bias filter:                      496  (0.0252649); expected 392.6 (0.02)
Passed Vit filter:                        33  (0.00168093); expected 19.6 (0.001)
Passed Fwd filter:                         3  (0.000152812); expected 0.2 (1e-05)
Initial search space (Z):              19632  [actual number of targets]
Domain search space  (domZ):               2  [number of targets reported over threshold]
# CPU time: 0.32u 0.15s 00:00:00.47 Elapsed: 00:00:00.29
# Mc/sec: 3991.19
//
Query:       orf4  [L=110]
Description: source=IMGVR_UViG_3300007062_000049_3300007062_Ga0102017_100499/11451-13159 coords=1554..1225 length=110 frame=6 desc=
Scores for complete sequence (score includes all domains):
   --- full sequence ---   --- best 1 domain ---    -#dom-
    E-value  score  bias    E-value  score  bias    exp  N  Model    Description
    ------- ------ -----    ------- ------ -----   ---- --  -------- -----------

   [No hits detected that satisfy reporting thresholds]


Domain annotation for each model (and alignments):

   [No targets detected that satisfy reporting thresholds]


Internal pipeline statistics summary:
-------------------------------------
Query sequence(s):                         1  (110 residues searched)
Target model(s):                       19632  (3329936 nodes)
Passed MSV filter:                       304  (0.0154849); expected 392.6 (0.02)
Passed bias filter:                      235  (0.0119703); expected 392.6 (0.02)
Passed Vit filter:                        16  (0.000814996); expected 19.6 (0.001)
Passed Fwd filter:                         0  (0); expected 0.2 (1e-05)
Initial search space (Z):              19632  [actual number of targets]
Domain search space  (domZ):               0  [number of targets reported over threshold]
# CPU time: 0.26u 0.15s 00:00:00.41 Elapsed: 00:00:00.28
# Mc/sec: 1277.78
//
Query:       orf5  [L=307]
Description: source=IMGVR_UViG_3300007062_000049_3300007062_Ga0102017_100499/11451-13159 coords=1221..301 length=307 frame=6 desc=
Scores for complete sequence (score includes all domains):
   --- full sequence ---   --- best 1 domain ---    -#dom-
    E-value  score  bias    E-value  score  bias    exp  N  Model    Description
    ------- ------ -----    ------- ------ -----   ---- --  -------- -----------

   [No hits detected that satisfy reporting thresholds]


Domain annotation for each model (and alignments):

   [No targets detected that satisfy reporting thresholds]


Internal pipeline statistics summary:
-------------------------------------
Query sequence(s):                         1  (307 residues searched)
Target model(s):                       19632  (3329936 nodes)
Passed MSV filter:                       298  (0.0151793); expected 392.6 (0.02)
Passed bias filter:                      278  (0.0141606); expected 392.6 (0.02)
Passed Vit filter:                        23  (0.00117156); expected 19.6 (0.001)
Passed Fwd filter:                         0  (0); expected 0.2 (1e-05)
Initial search space (Z):              19632  [actual number of targets]
Domain search space  (domZ):               0  [number of targets reported over threshold]
# CPU time: 0.29u 0.15s 00:00:00.43 Elapsed: 00:00:00.29
# Mc/sec: 3489.18
//
Query:       orf6  [L=94]
Description: source=IMGVR_UViG_3300007062_000049_3300007062_Ga0102017_100499/11451-13159 coords=359..78 length=94 frame=4 desc=
Scores for complete sequence (score includes all domains):
   --- full sequence ---   --- best 1 domain ---    -#dom-
    E-value  score  bias    E-value  score  bias    exp  N  Model    Description
    ------- ------ -----    ------- ------ -----   ---- --  -------- -----------

   [No hits detected that satisfy reporting thresholds]


Domain annotation for each model (and alignments):

   [No targets detected that satisfy reporting thresholds]


Internal pipeline statistics summary:
-------------------------------------
Query sequence(s):                         1  (94 residues searched)
Target model(s):                       19632  (3329936 nodes)
Passed MSV filter:                       436  (0.0222086); expected 392.6 (0.02)
Passed bias filter:                      325  (0.0165546); expected 392.6 (0.02)
Passed Vit filter:                        24  (0.00122249); expected 19.6 (0.001)
Passed Fwd filter:                         0  (0); expected 0.2 (1e-05)
Initial search space (Z):              19632  [actual number of targets]
Domain search space  (domZ):               0  [number of targets reported over threshold]
# CPU time: 0.28u 0.12s 00:00:00.40 Elapsed: 00:00:00.28
# Mc/sec: 1116.00
//
Query:       orf7  [L=92]
Description: source=IMGVR_UViG_3300007062_000049_3300007062_Ga0102017_100499/11451-13159 coords=331..56 length=92 frame=5 desc=
Scores for complete sequence (score includes all domains):
   --- full sequence ---   --- best 1 domain ---    -#dom-
    E-value  score  bias    E-value  score  bias    exp  N  Model    Description
    ------- ------ -----    ------- ------ -----   ---- --  -------- -----------

   [No hits detected that satisfy reporting thresholds]


Domain annotation for each model (and alignments):

   [No targets detected that satisfy reporting thresholds]


Internal pipeline statistics summary:
-------------------------------------
Query sequence(s):                         1  (92 residues searched)
Target model(s):                       19632  (3329936 nodes)
Passed MSV filter:                       300  (0.0152812); expected 392.6 (0.02)
Passed bias filter:                      218  (0.0111043); expected 392.6 (0.02)
Passed Vit filter:                        16  (0.000814996); expected 19.6 (0.001)
Passed Fwd filter:                         0  (0); expected 0.2 (1e-05)
Initial search space (Z):              19632  [actual number of targets]
Domain search space  (domZ):               0  [number of targets reported over threshold]
# CPU time: 0.26u 0.14s 00:00:00.40 Elapsed: 00:00:00.28
# Mc/sec: 1073.45
//
[ok]
