# hmmscan :: search sequence(s) against a profile database
# HMMER 3.3.2 (Nov 2020); http://hmmer.org/
# Copyright (C) 2020 Howard Hughes Medical Institute.
# Freely distributed under the BSD open source license.
# - - - - - - - - - - - - - - - - - - - - - - - - - - - - - - - - - - - -
# query sequence file:             -
# target HMM database:             /n/eddy_lab/data/pfam-35.0/Pfam-A.hmm
# output directed to file:         ./all_windows_new/hmmscan/out/IMGVR_UViG_3300050165_000002_3300050165_Ga0501188_000026_hmmscan_output.out
# per-seq hits tabular output:     ./all_windows_new/hmmscan/tblout/IMGVR_UViG_3300050165_000002_3300050165_Ga0501188_000026_hmmscan_output.tblout
# - - - - - - - - - - - - - - - - - - - - - - - - - - - - - - - - - - - -

Query:       orf1  [L=158]
Description: source=IMGVR_UViG_3300050165_000002_3300050165_Ga0501188_000026/3490-1881 coords=253..726 length=158 frame=1 desc=
Scores for complete sequence (score includes all domains):
   --- full sequence ---   --- best 1 domain ---    -#dom-
    E-value  score  bias    E-value  score  bias    exp  N  Model          Description
    ------- ------ -----    ------- ------ -----   ---- --  --------       -----------
    5.7e-18   65.4   0.1    7.7e-18   65.0   0.1    1.1  1  RNA_pol_Rpb1_1  RNA polymerase Rpb1, domain 1


Domain annotation for each model (and alignments):
>> RNA_pol_Rpb1_1  RNA polymerase Rpb1, domain 1
   #    score  bias  c-Evalue  i-Evalue hmmfrom  hmm to    alifrom  ali to    envfrom  env to     acc
 ---   ------ ----- --------- --------- ------- -------    ------- -------    ------- -------    ----
   1 !   65.0   0.1   3.9e-22   7.7e-18       5      94 ..      21     144 ..      18     156 .. 0.85

  Alignments for each domain:
  == domain 1  score: 65.0 bits;  conditional E-value: 3.9e-22
                     EEEEEEE--HHHHHHH-.........SEE--CSTSCCTTSSSSCTSSSSSSSSS-SSSSSTSTTSSSSTT............TS--......... CS
                     xxxxxxxxxxxxxxxxx.........xxxxxxxxxxxxxxxxxxxxxxxxxxxxxxxxxxxxxxxxxxxx............xxxx......... RF
  RNA_pol_Rpb1_1   5 keiqfgiaspeeirkwS.........vvevtkaetieekslkPeegGllDerlgtidkdleCetCgkkkk............eCeg......... 69 
                     +++q+g +sp++i +w+         v+evtk+ t+++k++kPe+ Gl++er++++ k+  C +Cg+++             +C +         
            orf1  21 QQLQIGSVSPQQISAWAnkilpngeiVGEVTKPYTFHYKTNKPEKDGLFCERIFGPIKSGIC-ACGNYRVigdekedpkfceQCGVefvdsrirr 114
                     5788899999999999855555555569**********************************.****9999********8888888********* PP

                     .--EEEEEEEEEE-CCCHHH....HHHHHC CS
                     .xxxxxxxxxxxxxxxxxxx....xxxxxx RF
  RNA_pol_Rpb1_1  70 .hfGhieLakPvfhigffkl....ilkile 94 
                      ++G+i+La Pv h++++k     i ++l+
            orf1 115 yQMGYIKLACPVTHVWYLKRlpsyIANLLD 144
                     *******************96666444444 PP



Internal pipeline statistics summary:
-------------------------------------
Query sequence(s):                         1  (158 residues searched)
Target model(s):                       19632  (3329936 nodes)
Passed MSV filter:                       581  (0.0295945); expected 392.6 (0.02)
Passed bias filter:                      507  (0.0258252); expected 392.6 (0.02)
Passed Vit filter:                        50  (0.00254686); expected 19.6 (0.001)
Passed Fwd filter:                         1  (5.09372e-05); expected 0.2 (1e-05)
Initial search space (Z):              19632  [actual number of targets]
Domain search space  (domZ):               1  [number of targets reported over threshold]
# CPU time: 0.34u 0.19s 00:00:00.53 Elapsed: 00:00:00.37
# Mc/sec: 1401.36
//
[ok]
