# hmmscan :: search sequence(s) against a profile database
# HMMER 3.3.2 (Nov 2020); http://hmmer.org/
# Copyright (C) 2020 Howard Hughes Medical Institute.
# Freely distributed under the BSD open source license.
# - - - - - - - - - - - - - - - - - - - - - - - - - - - - - - - - - - - -
# query sequence file:             -
# target HMM database:             /n/eddy_lab/data/pfam-35.0/Pfam-A.hmm
# output directed to file:         ./all_windows_new/hmmscan/out/IMGVR_UViG_3300021387_000759_3300021387_Ga0223845_11090687_hmmscan_output.out
# per-seq hits tabular output:     ./all_windows_new/hmmscan/tblout/IMGVR_UViG_3300021387_000759_3300021387_Ga0223845_11090687_hmmscan_output.tblout
# - - - - - - - - - - - - - - - - - - - - - - - - - - - - - - - - - - - -

Query:       orf1  [L=299]
Description: source=IMGVR_UViG_3300021387_000759_3300021387_Ga0223845_11090687/23841-22257 coords=1..897 length=299 frame=1 desc=
Scores for complete sequence (score includes all domains):
   --- full sequence ---   --- best 1 domain ---    -#dom-
    E-value  score  bias    E-value  score  bias    exp  N  Model    Description
    ------- ------ -----    ------- ------ -----   ---- --  -------- -----------
    6.7e-07   29.3   7.1    0.00039   20.4   0.4    2.5  3  NUMOD3    NUMOD3 motif


Domain annotation for each model (and alignments):
>> NUMOD3  NUMOD3 motif
   #    score  bias  c-Evalue  i-Evalue hmmfrom  hmm to    alifrom  ali to    envfrom  env to     acc
 ---   ------ ----- --------- --------- ------- -------    ------- -------    ------- -------    ----
   1 !   19.5   1.5   3.9e-08   0.00077      12      37 .]      19      44 ..       9      44 .. 0.86
   2 !   20.4   0.4     2e-08   0.00039       1      20 [.      32      51 ..      32      52 .. 0.93
   3 ?   -1.4   0.0      0.14   2.7e+03       6      13 ..      52      59 ..      50      63 .. 0.68

  Alignments for each domain:
  == domain 1  score: 19.5 bits;  conditional E-value: 3.9e-08
  NUMOD3 12 iskAlkGennpnyGKkhseeTkkkis 37
            i k + Ge n +yG +hs eT++k+s
    orf1 19 IGKTKVGELNNFYGHTHSKETRQKLS 44
            5566789*999*************98 PP

  == domain 2  score: 20.4 bits;  conditional E-value: 2e-08
  NUMOD3  1 GrkhseEtKaKiskAlkGen 20
            G++hs+Et++K+skA +G +
    orf1 32 GHTHSKETRQKLSKAWTGDT 51
            99***************965 PP

  == domain 3  score: -1.4 bits;  conditional E-value: 0.14
  NUMOD3  6 eEtKaKis 13
             E ++Kis
    orf1 52 SERRRKIS 59
            56677877 PP



Internal pipeline statistics summary:
-------------------------------------
Query sequence(s):                         1  (299 residues searched)
Target model(s):                       19632  (3329936 nodes)
Passed MSV filter:                      1290  (0.065709); expected 392.6 (0.02)
Passed bias filter:                      573  (0.029187); expected 392.6 (0.02)
Passed Vit filter:                        46  (0.00234311); expected 19.6 (0.001)
Passed Fwd filter:                         1  (5.09372e-05); expected 0.2 (1e-05)
Initial search space (Z):              19632  [actual number of targets]
Domain search space  (domZ):               1  [number of targets reported over threshold]
# CPU time: 0.29u 0.17s 00:00:00.46 Elapsed: 00:00:00.30
# Mc/sec: 3213.54
//
[ok]
