# hmmscan :: search sequence(s) against a profile database
# HMMER 3.3.2 (Nov 2020); http://hmmer.org/
# Copyright (C) 2020 Howard Hughes Medical Institute.
# Freely distributed under the BSD open source license.
# - - - - - - - - - - - - - - - - - - - - - - - - - - - - - - - - - - - -
# query sequence file:             -
# target HMM database:             /n/eddy_lab/data/pfam-35.0/Pfam-A.hmm
# output directed to file:         ./all_windows_new/hmmscan/out/IMGVR_UViG_3300036150_000439_3300036150_Ga0393206_000339_hmmscan_output.out
# per-seq hits tabular output:     ./all_windows_new/hmmscan/tblout/IMGVR_UViG_3300036150_000439_3300036150_Ga0393206_000339_hmmscan_output.tblout
# - - - - - - - - - - - - - - - - - - - - - - - - - - - - - - - - - - - -

Query:       orf1  [L=109]
Description: source=IMGVR_UViG_3300036150_000439_3300036150_Ga0393206_000339/1537-1 coords=1..327 length=109 frame=1 desc=
Scores for complete sequence (score includes all domains):
   --- full sequence ---   --- best 1 domain ---    -#dom-
    E-value  score  bias    E-value  score  bias    exp  N  Model    Description
    ------- ------ -----    ------- ------ -----   ---- --  -------- -----------

   [No hits detected that satisfy reporting thresholds]


Domain annotation for each model (and alignments):

   [No targets detected that satisfy reporting thresholds]


Internal pipeline statistics summary:
-------------------------------------
Query sequence(s):                         1  (109 residues searched)
Target model(s):                       19632  (3329936 nodes)
Passed MSV filter:                       214  (0.0109006); expected 392.6 (0.02)
Passed bias filter:                      205  (0.0104421); expected 392.6 (0.02)
Passed Vit filter:                        12  (0.000611247); expected 19.6 (0.001)
Passed Fwd filter:                         0  (0); expected 0.2 (1e-05)
Initial search space (Z):              19632  [actual number of targets]
Domain search space  (domZ):               0  [number of targets reported over threshold]
# CPU time: 0.26u 0.15s 00:00:00.41 Elapsed: 00:00:00.30
# Mc/sec: 1194.85
//
Query:       orf2  [L=99]
Description: source=IMGVR_UViG_3300036150_000439_3300036150_Ga0393206_000339/1537-1 coords=1132..1428 length=99 frame=1 desc=
Scores for complete sequence (score includes all domains):
   --- full sequence ---   --- best 1 domain ---    -#dom-
    E-value  score  bias    E-value  score  bias    exp  N  Model    Description
    ------- ------ -----    ------- ------ -----   ---- --  -------- -----------

   [No hits detected that satisfy reporting thresholds]


Domain annotation for each model (and alignments):

   [No targets detected that satisfy reporting thresholds]


Internal pipeline statistics summary:
-------------------------------------
Query sequence(s):                         1  (99 residues searched)
Target model(s):                       19632  (3329936 nodes)
Passed MSV filter:                       513  (0.0261308); expected 392.6 (0.02)
Passed bias filter:                      460  (0.0234311); expected 392.6 (0.02)
Passed Vit filter:                        34  (0.00173187); expected 19.6 (0.001)
Passed Fwd filter:                         0  (0); expected 0.2 (1e-05)
Initial search space (Z):              19632  [actual number of targets]
Domain search space  (domZ):               0  [number of targets reported over threshold]
# CPU time: 0.25u 0.18s 00:00:00.43 Elapsed: 00:00:00.30
# Mc/sec: 1079.05
//
Query:       orf3  [L=138]
Description: source=IMGVR_UViG_3300036150_000439_3300036150_Ga0393206_000339/1537-1 coords=1388..975 length=138 frame=6 desc=
Scores for complete sequence (score includes all domains):
   --- full sequence ---   --- best 1 domain ---    -#dom-
    E-value  score  bias    E-value  score  bias    exp  N  Model    Description
    ------- ------ -----    ------- ------ -----   ---- --  -------- -----------
  ------ inclusion threshold ------
      0.096   12.8   0.1       0.12   12.5   0.1    1.1  1  DUF3275   Protein of unknown function (DUF3275)


Domain annotation for each model (and alignments):
>> DUF3275  Protein of unknown function (DUF3275)
   #    score  bias  c-Evalue  i-Evalue hmmfrom  hmm to    alifrom  ali to    envfrom  env to     acc
 ---   ------ ----- --------- --------- ------- -------    ------- -------    ------- -------    ----
   1 ?   12.5   0.1   5.9e-06      0.12      61     127 ..      42     109 ..      27     122 .. 0.81

  Alignments for each domain:
  == domain 1  score: 12.5 bits;  conditional E-value: 5.9e-06
  DUF3275  61 vtsgkmvveiRakldgltlsgidklsrd.earslalqevDPldeeaaqpaaaapaaaakakaspakaa 127
               +   +v e+R   + l l  i + +++  + ++++   DP +e+++ p++a+++ aa++ka+pa+ +
     orf3  42 SAASSLVSEVRSPKTSLNLLKIWRHATAtIPPQTKTARRDPNNESHQDPSSATATRAATHKAVPAQGD 109
              4467789999999999999998776655157999999**************************99765 PP



Internal pipeline statistics summary:
-------------------------------------
Query sequence(s):                         1  (138 residues searched)
Target model(s):                       19632  (3329936 nodes)
Passed MSV filter:                       413  (0.0210371); expected 392.6 (0.02)
Passed bias filter:                      256  (0.0130399); expected 392.6 (0.02)
Passed Vit filter:                        16  (0.000814996); expected 19.6 (0.001)
Passed Fwd filter:                         1  (5.09372e-05); expected 0.2 (1e-05)
Initial search space (Z):              19632  [actual number of targets]
Domain search space  (domZ):               1  [number of targets reported over threshold]
# CPU time: 0.28u 0.17s 00:00:00.45 Elapsed: 00:00:00.32
# Mc/sec: 1425.39
//
Query:       orf4  [L=101]
Description: source=IMGVR_UViG_3300036150_000439_3300036150_Ga0393206_000339/1537-1 coords=722..420 length=101 frame=6 desc=
Scores for complete sequence (score includes all domains):
   --- full sequence ---   --- best 1 domain ---    -#dom-
    E-value  score  bias    E-value  score  bias    exp  N  Model    Description
    ------- ------ -----    ------- ------ -----   ---- --  -------- -----------

   [No hits detected that satisfy reporting thresholds]


Domain annotation for each model (and alignments):

   [No targets detected that satisfy reporting thresholds]


Internal pipeline statistics summary:
-------------------------------------
Query sequence(s):                         1  (101 residues searched)
Target model(s):                       19632  (3329936 nodes)
Passed MSV filter:                       263  (0.0133965); expected 392.6 (0.02)
Passed bias filter:                      232  (0.0118174); expected 392.6 (0.02)
Passed Vit filter:                        10  (0.000509372); expected 19.6 (0.001)
Passed Fwd filter:                         0  (0); expected 0.2 (1e-05)
Initial search space (Z):              19632  [actual number of targets]
Domain search space  (domZ):               0  [number of targets reported over threshold]
# CPU time: 0.26u 0.17s 00:00:00.43 Elapsed: 00:00:00.30
# Mc/sec: 1094.17
//
Query:       orf5  [L=120]
Description: source=IMGVR_UViG_3300036150_000439_3300036150_Ga0393206_000339/1537-1 coords=630..271 length=120 frame=5 desc=
Scores for complete sequence (score includes all domains):
   --- full sequence ---   --- best 1 domain ---    -#dom-
    E-value  score  bias    E-value  score  bias    exp  N  Model    Description
    ------- ------ -----    ------- ------ -----   ---- --  -------- -----------

   [No hits detected that satisfy reporting thresholds]


Domain annotation for each model (and alignments):

   [No targets detected that satisfy reporting thresholds]


Internal pipeline statistics summary:
-------------------------------------
Query sequence(s):                         1  (120 residues searched)
Target model(s):                       19632  (3329936 nodes)
Passed MSV filter:                       498  (0.0253667); expected 392.6 (0.02)
Passed bias filter:                      359  (0.0182865); expected 392.6 (0.02)
Passed Vit filter:                        19  (0.000967808); expected 19.6 (0.001)
Passed Fwd filter:                         0  (0); expected 0.2 (1e-05)
Initial search space (Z):              19632  [actual number of targets]
Domain search space  (domZ):               0  [number of targets reported over threshold]
# CPU time: 0.26u 0.16s 00:00:00.42 Elapsed: 00:00:00.30
# Mc/sec: 1325.73
//
[ok]
