# hmmscan :: search sequence(s) against a profile database
# HMMER 3.3.2 (Nov 2020); http://hmmer.org/
# Copyright (C) 2020 Howard Hughes Medical Institute.
# Freely distributed under the BSD open source license.
# - - - - - - - - - - - - - - - - - - - - - - - - - - - - - - - - - - - -
# query sequence file:             -
# target HMM database:             /n/eddy_lab/data/pfam-35.0/Pfam-A.hmm
# output directed to file:         ./all_windows_new/hmmscan/out/IMGVR_UViG_3300031760_000540_3300031760_Ga0326513_10000904_hmmscan_output.out
# per-seq hits tabular output:     ./all_windows_new/hmmscan/tblout/IMGVR_UViG_3300031760_000540_3300031760_Ga0326513_10000904_hmmscan_output.tblout
# - - - - - - - - - - - - - - - - - - - - - - - - - - - - - - - - - - - -

Query:       orf1  [L=205]
Description: source=IMGVR_UViG_3300031760_000540_3300031760_Ga0326513_10000904/15784-14100 coords=79..693 length=205 frame=1 desc=
Scores for complete sequence (score includes all domains):
   --- full sequence ---   --- best 1 domain ---    -#dom-
    E-value  score  bias    E-value  score  bias    exp  N  Model    Description
    ------- ------ -----    ------- ------ -----   ---- --  -------- -----------

   [No hits detected that satisfy reporting thresholds]


Domain annotation for each model (and alignments):

   [No targets detected that satisfy reporting thresholds]


Internal pipeline statistics summary:
-------------------------------------
Query sequence(s):                         1  (205 residues searched)
Target model(s):                       19632  (3329936 nodes)
Passed MSV filter:                       548  (0.0279136); expected 392.6 (0.02)
Passed bias filter:                      495  (0.0252139); expected 392.6 (0.02)
Passed Vit filter:                        49  (0.00249593); expected 19.6 (0.001)
Passed Fwd filter:                         0  (0); expected 0.2 (1e-05)
Initial search space (Z):              19632  [actual number of targets]
Domain search space  (domZ):               0  [number of targets reported over threshold]
# CPU time: 0.34u 0.19s 00:00:00.53 Elapsed: 00:00:00.36
# Mc/sec: 1876.98
//
Query:       orf2  [L=159]
Description: source=IMGVR_UViG_3300031760_000540_3300031760_Ga0326513_10000904/15784-14100 coords=635..1111 length=159 frame=2 desc=
Scores for complete sequence (score includes all domains):
   --- full sequence ---   --- best 1 domain ---    -#dom-
    E-value  score  bias    E-value  score  bias    exp  N  Model         Description
    ------- ------ -----    ------- ------ -----   ---- --  --------      -----------
  ------ inclusion threshold ------
       0.09   12.9   0.0       0.11   12.6   0.0    1.1  1  Phycobilisome  Phycobilisome protein


Domain annotation for each model (and alignments):
>> Phycobilisome  Phycobilisome protein
   #    score  bias  c-Evalue  i-Evalue hmmfrom  hmm to    alifrom  ali to    envfrom  env to     acc
 ---   ------ ----- --------- --------- ------- -------    ------- -------    ------- -------    ----
   1 ?   12.6   0.0   5.6e-06      0.11       2      70 ..      8Query:       orf2  [L=118]
Description: source=IMGVR_UViG_3300031760_000540_3300031760_Ga0326513_10000904/15194-13607 coords=528..881 length=118 frame=3 desc=
Scores for complete sequence (score includes all domains):
   --- full sequence ---   --- best 1 domain ---    -#dom-
    E-value  score  bias    E-value  score  bias    exp  N  Model    Description
    ------- ------ -----    ------- ------ -----   ---- --  -------- -----------

   [No hits detected that satisfy reporting thresholds]


Domain annotation for each model (and alignments):

   [No targets detected that satisfy reporting thresholds]


Internal pipeline statistics summary:
-------------------------------------
Query sequence(s):                         1  (118 residues searched)
Target model(s):                       19632  (3329936 nodes)
Passed MSV filter:                       520  (0.0264874); expected 392.6 (0.02)
Passed bias filter:                      306  (0.0155868); expected 392.6 (0.02)
Passed Vit filter:                        25  (0.00127343); expected 19.6 (0.001)
Passed Fwd filter:                         0  (0); expected 0.2 (1e-05)
Initial search space (Z):              19632  [actual number of targets]
Domain search space  (domZ):               0  [number of targets reported over threshold]
# CPU time: 0.30u 0.18s 00:00:00.48 Elapsed: 00:00:00.33
# Mc/sec: 1164.02
//
Query:       orf3  [L=364]
Description: source=IMGVR_UViG_3300031760_000540_3300031760_Ga0326513_10000904/15194-13607 coords=1184..93 length=364 frame=6 desc=
Scores for complete sequence (score includes all domains):
   --- full sequence ---   --- best 1 domain ---    -#dom-
    E-value  score  bias    E-value  score  bias    exp  N  Model    Description
    ------- ------ -----    ------- ------ -----   ---- --  -------- -----------

   [No hits detected that satisfy reporting thresholds]


Domain annotation for each model (and alignments):

   [No targets detected that satisfy reporting thresholds]


Internal pipeline statistics summary:
-------------------------------------
Query sequence(s):                         1  (364 residues searched)
Target model(s):                       19632  (3329936 nodes)
Passed MSV filter:                       312  (0.0158924); expected 392.6 (0.02)
Passed bias filter:                      264  (0.0134474); expected 392.6 (0.02)
Passed Vit filter:                        13  (0.000662184); expected 19.6 (0.001)
Passed Fwd filter:                         0  (0); expected 0.2 (1e-05)
Initial search space (Z):              19632  [actual number of targets]
Domain search space  (domZ):               0  [number of targets reported over threshold]
# CPU time: 0.32u 0.18s 00:00:00.50 Elapsed: 00:00:00.33
# Mc/sec: 3639.29
//
[oQuery:       orf4  [L=334]
Description: source=IMGVR_UViG_3300031760_000540_3300031760_Ga0326513_10000904/15784-14100 coords=1684..683 length=334 frame=5 desc=
Scores for complete sequence (score includes all domains):
   --- full sequence ---   --- best 1 domain ---    -#dom-
    E-value  score  bias    E-value  score  bias    exp  N  Model    Description
    ------- ------ -----    ------- ------ -----   ---- --  -------- -----------

   [No hits detected that satisfy reporting thresholds]


Domain annotation for each model (and alignments):

   [No targets detected that satisfy reporting thresholds]


Internal pipeline statistics summary:
-------------------------------------
Query sequence(s):                         1  (334 residues searched)
Target model(s):                       19632  (3329936 nodes)
Passed MSV filter:                       436  (0.0222086); expected 392.6 (0.02)
Passed bias filter:                      364  (0.0185412); expected 392.6 (0.02)
Passed Vit filter:                        16  (0.000814996); expected 19.6 (0.001)
Passed Fwd filter:                         0  (0); expected 0.2 (1e-05)
Initial search space (Z):              19632  [actual number of targets]
Domain search space  (domZ):               0  [number of targets reported over threshold]
# CPU time: 0.31u 0.16s 00:00:00.47 Elapsed: 00:00:00.32
# Mc/sec: 3453.10
//
Query:       orf5  [L=103]
Description: source=IMGVR_UViG_3300031760_000540_3300031760_Ga0326513_10000904/15784-14100 coords=413..105 length=103 frame=4 desc=
Scores for complete sequence (score includes all domains):
   --- full sequence ---   --- best 1 domain ---    -#dom-
    E-value  score  bias    E-value  score  bias    exp  N  Model    Description
    ------- ------ -----    ------- ------ -----   ---- --  -------- -----------

   [No hits detected that satisfy reporting thresholds]


Domain annotation for each model (and alignments):

   [No targets detected that satisfy reporting thresholds]


Internal pipeline statistics summary:
-------------------------------------
Query sequence(s):                         1  (103 residues searched)
Target model(s):                       19632  (3329936 nodes)
Passed MSV filter:                       416  (0.0211899); expected 392.6 (0.02)
Passed bias filter:                      263  (0.0133965); expected 392.6 (0.02)
Passed Vit filter:                        11  (0.00056031); expected 19.6 (0.001)
Passed Fwd filter:                         0  (0); expected 0.2 (1e-05)
Initial search space (Z):              19632  [actual number of targets]
Domain search space  (domZ):               0  [number of targets reported over threshold]
# CPU time: 0.27u 0.16s 00:00:00.43 Elapsed: 00:00:00.29
# Mc/sec: 1153.94
//
[ok]
