# hmmscan :: search sequence(s) against a profile database
# HMMER 3.3.2 (Nov 2020); http://hmmer.org/
# Copyright (C) 2020 Howard Hughes Medical Institute.
# Freely distributed under the BSD open source license.
# - - - - - - - - - - - - - - - - - - - - - - - - - - - - - - - - - - - -
# query sequence file:             -
# target HMM database:             /n/eddy_lab/data/pfam-35.0/Pfam-A.hmm
# output directed to file:         ./all_windows_new/hmmscan/out/IMGVR_UViG_2627853734_000001_2627853734_2627883767_hmmscan_output.out
# per-seq hits tabular output:     ./all_windows_new/hmmscan/tblout/IMGVR_UViG_2627853734_000001_2627853734_2627883767_hmmscan_output.tblout
# - - - - - - - - - - - - - - - - - - - - - - - - - - - - - - - - - - - -

Query:       orf1  [L=488]
Description: source=IMGVR_UViG_2627853734_000001_2627853734_2627883767/10459-12043 coords=2..1465 length=488 frame=2 desc=
Scores for complete sequence (score includes all domains):
   --- full sequence ---   --- best 1 domain ---    -#dom-
    E-value  score  bias    E-value  score  bias    exp  N  Model           Description
    ------- ------ -----    ------- ------ -----   ---- --  --------        -----------
    1.1e-26   93.8   0.7    4.3e-26   91.9   0.2    2.3  2  RVT_1            Reverse transcriptase (RNA-dependent DNA pol
    0.00054   20.1   7.3     0.0019   18.3   1.8    2.7  2  Intron_maturas2  Type II intron maturase
  ------ inclusion threshold ------
      0.032   14.5   2.8      0.033   14.5   0.5    2.2  2  HNH              HNH endonuclease


Domain annotation for each model (and alignments):
>> RVT_1  Reverse transcriptase (RNA-dependent DNA polymerase)
   #    score  bias  c-Evalue  i-Evalue hmmfrom  hmm to    alifrom  ali to    envfrom  env to     acc
 ---   ------ ----- --------- --------- ------- -------    ------- -------    ------- -------    ----
   1 !   91.9   0.2   6.6e-30   4.3e-26      46     221 ..       1     202 [.       1     203 [. 0.90
   2 ?   -1.9   0.0      0.34   2.2e+03     117     145 ..     307     336 ..     267     345 .. 0.64

  Alignments for each domain:
  == domain 1  score: 91.9 bits;  conditional E-value: 6.6e-30
            HHH................HCCHTS--EEEEEEBCCGCCCSBB-GGGGGGG-EEET..........................TEEEEESB--ST-TTHHHHHHH CS
  RVT_1  46 rpgrstldav...edllkalkkkkkaklllklDlkkaFdsvpleellrkltafkvptk.linliksflstrsfsvrvngeeskgryekkglpqGsvlSPllfnl 145
            rp+rst++a+    +l     + +k  +++++D+k++Fd+v++ +ll++l+a++v++k l+++i+ +l+ +           +    +kg+pqG++lSPll+n+
   orf1   1 RPNRSTHHAIarsVYLI----NITKLYHCVDVDIKGFFDNVNHGKLLKQLWALGVKDKkLLKIISVMLKAPI---------EGIGIPTKGVPQGGILSPLLSNI 91 
            7899****998444444....4588899***************************86516677777774444.........3677889**************** PP

            HHHHHHTT-T..........................................TEEECTTEEEEEESSHHHHHHHHHHHHHHHHH.TT--BEGGG-EEE...... CS
  RVT_1 146 fmnellrelrkra....................................kgvtllrYaDDililskskeelqelleaveewlke.sglkinpeKtklvlftv.k 211
            ++nel+  +++++                                    k+++++rYaDD+ i+++++++++++  av ++lk+  gl+ ++eK+k++   + k
   orf1  92 VLNELDWWVSNQWetfktdkdytkyrtsktgkivvdhsirnkmlkksklKEIYIVRYADDFKIFCRTRSQAKAIDIAVGDMLKNrLGLECSAEKSKVL---NlK 192
            ***********************************************************************************999************...779 PP

            ESSEEETTEE CS
  RVT_1 212 seevkyLGvt 221
            ++  ++LG++
   orf1 193 KSYSEFLGFK 202
            9999999997 PP

  == domain 2  score: -1.9 bits;  conditional E-value: 0.34
            ........TEEEEESB--ST-TTHHHHHHH CS
  RVT_1 117 rvnge.eskgryekkglpqGsvlSPllfnl 145
            +++++ + kg+  k  +  G v+SP+ ++ 
   orf1 307 SMHQRkRYKGYNPKYFMISGVVMSPIYAQK 336
            443333445555566666788888877775 PP

>> Intron_maturas2  Type II intron maturase
   #    score  bias  c-Evalue  i-Evalue hmmfrom  hmm to    alifrom  ali to    envfrom  env to     acc
 ---   ------ ----- --------- --------- ------- -------    ------- -------    ------- -------    ----
   1 !   Query:       orf2  [L=207]
Description: source=IMGVR_UViG_2627853734_000001_2627853734_2627883767/7825-9521 coords=836..1456 length=207 frame=2 desc=
Scores for complete sequence (score includes all domains):
   --- full sequence ---   --- best 1 domain ---    -#dom-
    E-value  score  bias    E-value  score  bias    exp  N  Model          Description
    ------- ------ -----    ------- ------ -----   ---- --  --------       -----------
  ------ inclusion threshold ------
      0.013   15.6   0.1      0.029   14.5   0.1    1.6  1  KorB            KorB domain
      0.095   13.4   0.1       0.23   12.2   0.1    1.6  1  CopG_antitoxin  CopG antitoxin of type II toxin-antitoxin sys


Domain annotation for each model (and alignments):
>> KorB  KorB domain
   #    score  bias  c-Evalue  i-Evalue hmmfrom  hmm to    alifrom  ali to    envfrom  env to     acc
 ---   ------ ----- --------- --------- ------- -------    ------- -------    ------- -------    ----
   1 ?   14.5   0.1     3e-06     0.029      30      70 ..      97     136 ..      81     141 .. 0.87

  Alignments for each domain:
  == domain 1  score: 14.5 bits;  conditional E-value: 3e-06
  KorB  30 ndalrelidrgiiadvrtLyeLkraadkhpaevrafvaeag 70 
            d++ e id +i +dv  L eL+r  +++p+e+ +++++ +
  orf2  97 RDDVDEYID-DIAKDVVKLIELERYEREIPDEIVEVIKQTK 136
           678888999.9*************************97655 PP

>> CopG_antitoxin  CopG antitoxin of type II toxin-antitoxin system
   #    score  bias  c-Evalue  i-Evalue hmmfrom  hmm to    alifrom  ali to    envfrom  env to     acc
 ---   ------ ----- --------- --------- ------- -------    ------- -------    ------- -------    ----
   1 ?   12.2   0.1   2.4e-05      0.23      13      60 ..      92     135 ..      87     142 .. 0.92

  Alignments for each domain:
  == domain 1  score: 12.2 bits;  conditional E-value: 2.4e-05
  CopG_antitoxin  13 eeFweqhDlteyldlskakkvkfpeLkkkektislrlpedllealkek 60 
                     ++F+ + D+ ey+d      vk+ eL++ e++i    p +++e +k++
            orf2  92 NTFVYRDDVDEYIDDIAKDVVKLIELERYEREI----PDEIVEVIKQT 135
                     68999**********99***************9....********986 PP



Internal pipeline statistics summary:
-------------------------------------
Query sequence(s):                         1  (207 residues searched)
Target model(s):                       19632  (3329936 nodes)
Passed MSV filter:                      1293  (0.0658619); expected 392.6 (0.02)
Passed bias filter:                      700  (0.0356561); expected 392.6 (0.02)
Passed Vit filter:                        58  (0.00295436); expected 19.6 (0.001)
Passed Fwd filter:                         2  (0.000101874); expected 0.2 (1e-05)
Initial search space (Z):              19632  [actual number of targets]
Domain search space  (domZ):               2  [number of targets reported over threshold]
# CPU time: 0.40u 0.16s 00:00:00.56 Elapsed: 00:00:00.34
# Mc/sec: 2026.66
//
[ok]
