# hmmscan :: search sequence(s) against a profile database
# HMMER 3.3.2 (Nov 2020); http://hmmer.org/
# Copyright (C) 2020 Howard Hughes Medical Institute.
# Freely distributed under the BSD open source license.
# - - - - - - - - - - - - - - - - - - - - - - - - - - - - - - - - - - - -
# query sequence file:             -
# target HMM database:             /n/eddy_lab/data/pfam-35.0/Pfam-A.hmm
# output directed to file:         ./all_windows_new/hmmscan/out/IMGVR_UViG_3300035516_000910_3300035516_Ga0376471_0000085_11875-41538_hmmscan_output.out
# per-seq hits tabular output:     ./all_windows_new/hmmscan/tblout/IMGVR_UViG_3300035516_000910_3300035516_Ga0376471_0000085_11875-41538_hmmscan_output.tblout
# - - - - - - - - - - - - - - - - - - - - - - - - - - - - - - - - - - - -

Query:       orf1  [L=170]
Description: source=IMGVR_UViG_3300035516_000910_3300035516_Ga0376471_0000085_11875-41538/27111-28695 coords=150..659 length=170 frame=3 desc=
Scores for complete sequence (score includes all domains):
   --- full sequence ---   --- best 1 domain ---    -#dom-
    E-value  score  bias    E-value  score  bias    exp  N  Model    Description
    ------- ------ -----    ------- ------ -----   ---- --  -------- -----------
  ------ inclusion threshold ------
      0.071   13.7   0.0       0.13   12.9   0.0    1.4  1  EAD1      Effector-associated domain 1
      0.071   13.0   0.5       0.13   12.1   0.1    1.7  2  SAP       SAP domain


Domain annotation for each model (and alignments):
>> EAD1  Effector-associated domain 1
   #    score  bias  c-Evalue  i-Evalue hmmfrom  hmm to    alifrom  ali to    envfrom  env to     acc
 ---   ------ ----- --------- --------- ------- -------    ------- -------    ------- -------    ----
   1 ?   12.9   0.0   1.3e-05      0.13      10      57 ..      70     114 ..      66     133 .. 0.81

  Alignments for each domain:
  == domain 1  score: 12.9 bits;  conditional E-value: 1.3e-05
  EAD1  10 eLreaLadafpdkasleqlleragldrarlpaigggsleevwfeviee 57 
            + e+ ++++p+ ++l++ l+r g+d ++++  ++   +e+++e+++e
  orf1  70 SFAEVGIELYPRYTDLQKELRRRGIDTKNID--KNR-HSEIVWEIVHE 114
           5788899********************9999..554.67777777654 PP

>> SAP  SAP domain
   #    score  bias  c-Evalue  i-Evalue hmmfrom  hmm to    alifrom  ali to    envfrom  env to     acc
 ---   ------ ----- --------- --------- ------- -------    ------- -------    ------- -------    ----
   1 ?   12.1   0.1   1.4e-05      0.13       7      21 ..      83      97 ..      81      97 .. 0.90
   2 ?   -3.2   0.0      0.89   8.7e+03       7      11 ..     150     154 ..     148     155 .. 0.68

  Alignments for each domain:
  == domain 1  score: 12.1 bits;  conditional E-value: 1.4e-05
          HHHHHHHHHTT--TT CS
   SAP  7 aeLKeeLkkrGLpts 21
          ++L++eL++rG++t+
  orf1 83 TDLQKELRRRGIDTK 97
          89***********95 PP

  == domain 2  score: -3.2 bits;  conditional E-value: 0.89
           HHHHH CS
   SAP   7 aeLKe 11 
            eLKe
  orf1 150 RELKE 154
           68887 PP



Internal pipeline statistics summary:
-------------------------------------
Query sequence(s):                         1  (170 residues searched)
Target model(s):                       19632  (3329936 nodes)
Passed MSV filter:                       613  (0.0312245); expected 392.6 (0.02)
Passed bias filter:                      427  (0.0217502); expected 392.6 (0.02)
Passed Vit filter:                        43  (0.0021903); expected 19.6 (0.001)
Passed Fwd filter:                         2  (0.000101874); expected 0.2 (1e-05)
Initial search space (Z):              19632  [actual number of targets]
Domain search space  (domZ):               2  [number of targets reported over threshold]
# CPU time: 0.32u 0.18s 00:00:00.50 Elapsed: 00:00:00.35
# Mc/sec: 1597.53
//
[ok]
INHPVDRdpVAACGYVGIIN----DTCPRCG 148
                  8999********************88888899**********99878899**********96555899887665....5555555 PP



Internal pipeline statistics summary:
-------------------------------------
Query sequence(s):                         1  (193 residues searched)
Target model(s):                       19632  (3329936 nodes)
Passed MSV filter:                       543  (0.0276589); expected 392.6 (0.02)
Passed bias filter:                      524  (0.0266911); expected 392.6 (0.02)
Passed Vit filter:                        50  (0.00254686); expected 19.6 (0.001)
Passed Fwd filter:                         2  (0.000101874); expected 0.2 (1e-05)
Initial search space (Z):              19632  [actual number of targets]
Domain search space  (domZ):               2  [number of targets reported over threshold]
# CPU time: 0.33u 0.18s 00:00:00.51 Elapsed: 00:00:00.35
# Mc/sec: 1816.90
//
Query:       orf2  [L=170]
Description: source=IMGVR_UViG_3300035516_000910_3300035516_Ga0376471_0000085_11875-41538/26618-28254 coords=643..1152 length=170 frame=1 desc=
Scores for complete sequence (score includes all domains):
   --- full sequence ---   --- best 1 domain ---    -#dom-
    E-value  score  bias    E-value  score  bias    exp  N  Model    Description
    ------- ------ -----    ------- ------ -----   ---- --  -------- -----------
  ------ inclusion threshold ------
      0.071   13.7   0.0       0.13   12.9   0.0    1.4  1  EAD1      Effector-associated domain 1
      0.071   13.0   0.5       0.13   12.1   0.1    1.7  2  SAP       SAP domain


Domain annotation for each model (and alignments):
>> EAD1  Effector-associated domain 1
   #    score  bias  c-Evalue  i-Evalue hmmfrom  hmm to    alifrom  ali to    envfrom  env to     acc
 ---   ------ ----- --------- --------- ------- -------    ------- -------    ------- -------    ----
   1 ?   12.9   0.0   1.3e-05      0.13      10      57 ..      70     114 ..      66     133 .. 0.81

  Alignments for each domain:
  == domain 1  score: 12.9 bits;  conditional E-value: 1.3e-05
  EAD1  10 eLreaLadafpdkasleqlleragldrarlpaigggsleevwfeviee 57 
            + e+ ++++p+ ++l++ l+r g+d ++++  ++   +e+++e+++e
  orf2  70 SFAEVGIELYPRYTDLQKELRRRGIDTKNID--KNR-HSEIVWEIVHE 114
           5788899********************9999..554.67777777654 PP

>> SAP  SAP domain
   #    score  bias  c-Evalue  i-Evalue hmmfrom  hmm to    alifrom  ali to    envfrom  env to     acc
 ---   ------ ----- --------- --------- ------- -------    ------- -------    ------- -------    ----
   1 ?   12.1   0.1   1.4e-05      0.13       7      21 ..      83      97 ..      81      97 .. 0.90
   2 ?   -3.2   0.0      0.89   8.7e+03       7      11 ..     150     154 ..     148     155 .. 0.68

  Alignments for each domain:
  == domain 1  score: 12.1 bits;  conditional E-value: 1.4e-05
          HHHHHHHHHTT--TT CS
   SAP  7 aeLKeeLkkrGLpts 21
          ++L++eL++rG++t+
  orf2 83 TDLQKELRRRGIDTK 97
          89***********95 PP

  == domain 2  score: -3.2 bits;  conditional E-value: 0.89
           HHHHH CS
   SAP   7 aeLKe 11 
            eLKe
  orf2 150 RELKE 154
           68887 PP



Internal pipeline statistics summary:
-------------------------------------
Query sequence(s):                         1  (170 residues searched)
Target model(s):                       19632  (3329936 nodes)
Passed MSV filter:                       613  (0.0312245); expected 392.6 (0.02)
Passed bias filter:                      427  (0.0217502); expected 392.6 (0.02)
Passed Vit filter:                        43  (0.0021903); expected 19.6 (0.001)
Passed Fwd filter:                         2  (0.000101874); expected 0.2 (1e-05)
Initial search space (Z):              19632  [actual number of targets]
Domain search space  (domZ):               2  [number of targets reported over threshold]
# CPU time: 0.32u 0.16s 00:00:00.48 Elapsed: 00:00:00.30
# Mc/sec: 1833.85
//
Query:       orf3  [L=99]
Description: source=IMGVR_UViG_3300035516_000910_3300035516_Ga0376471_0000085_11875-41538/26618-28254 coords=495..199 length=99 frame=6 desc=
Scores for complete sequence (score includes all domains):
   --- full sequence ---   --- best 1 domain ---    -#dom-
    E-value  score  bias    E-value  score  bias    exp  N  Model    Description
    ------- ------ -----    ------- ------ -----   ---- --  -------- -----------

   [No hits detected that satisfy reporting thresholds]


Domain annotation for each model (and alignments):

   [No targets detected that satisfy reporting thresholds]


Internal pipeline statistics summary:
-------------------------------------
Query sequence(s):                         1  (99 residues searched)
Target model(s):                       19632  (3329936 nodes)
Passed MSV filter:                       390  (0.0198655); expected 392.6 (0.02)
Passed bias filter:                      310  (0.0157905); expected 392.6 (0.02)
Passed Vit filter:                        13  (0.000662184); expected 19.6 (0.001)
Passed Fwd filter:                         0  (0); expected 0.2 (1e-05)
Initial search space (Z):              19632  [actual number of targets]
Domain search space  (domZ):               0  [number of targets reported over threshold]
# CPU time: 0.28u 0.14s 00:00:00.42 Elapsed: 00:00:00.29
# Mc/sec: 1102.42
//
Query:       orf4  [L=141]
Description: source=IMGVR_UViG_3300035516_000910_3300035516_Ga0376471_0000085_11875-41538/26618-28254 coords=562..140 length=141 frame=5 desc=
Scores for complete sequence (score includes all domains):
   --- full sequence ---   --- best 1 domain ---    -#dom-
    E-value  score  bias    E-value  score  bias    exp  N  Model    Description
    ------- ------ -----    ------- ------ -----   ---- --  -------- -----------

   [No hits detected that satisfy reporting thresholds]


Domain annotation for each model (and alignments):

   [No targets detected that satisfy reporting thresholds]


Internal pipeline statistics summary:
-------------------------------------
Query sequence(s):                         1  (141 residues searched)
Target model(s):                       19632  (3329936 nodes)
Passed MSV filter:                       694  (0.0353504); expected 392.6 (0.02)
Passed bias filter:                      218  (0.0111043); expected 392.6 (0.02)
Passed Vit filter:                        22  (0.00112062); expected 19.6 (0.001)
Passed Fwd filter:                         0  (0); expected 0.2 (1e-05)
Initial search space (Z):              19632  [actual number of targets]
Domain search space  (domZ):               0  [number of targets reported over threshold]
# CPU time: 0.32u 0.14s 00:00:00.46 Elapsed: 00:00:00.31
# Mc/sec: 1489.96
//
[ok]
