# hmmscan :: search sequence(s) against a profile database
# HMMER 3.3.2 (Nov 2020); http://hmmer.org/
# Copyright (C) 2020 Howard Hughes Medical Institute.
# Freely distributed under the BSD open source license.
# - - - - - - - - - - - - - - - - - - - - - - - - - - - - - - - - - - - -
# query sequence file:             -
# target HMM database:             /n/eddy_lab/data/pfam-35.0/Pfam-A.hmm
# output directed to file:         ./all_windows_new/hmmscan/out/IMGVR_UViG_3300029690_000239_3300029690_Ga0245210_102479_hmmscan_output.out
# per-seq hits tabular output:     ./all_windows_new/hmmscan/tblout/IMGVR_UViG_3300029690_000239_3300029690_Ga0245210_102479_hmmscan_output.tblout
# - - - - - - - - - - - - - - - - - - - - - - - - - - - - - - - - - - - -

Query:       orf1  [L=115]
Description: source=IMGVR_UViG_3300029690_000239_3300029690_Ga0245210_102479/1210-2794 coords=200..544 length=115 frame=2 desc=
Scores for complete sequence (score includes all domains):
   --- full sequence ---   --- best 1 domain ---    -#dom-
    E-value  score  bias    E-value  score  bias    exp  N  Model    Description
    ------- ------ -----    ------- ------ -----   ---- --  -------- -----------

   [No hits detected that satisfy reporting thresholds]


Domain annotation for each model (and alignments):

   [No targets detected that satisfy reporting thresholds]


Internal pipeline statistics summary:
-------------------------------------
Query sequence(s):                         1  (115 residues searched)
Target model(s):                       19632  (3329936 nodes)
Passed MSV filter:                       443  (0.0225652); expected 392.6 (0.02)
Passed bias filter:                      241  (0.0122759); expected 392.6 (0.02)
Passed Vit filter:                        13  (0.000662184); expected 19.6 (0.001)
Passed Fwd filter:                         0  (0); expected 0.2 (1e-05)
Initial search space (Z):              19632  [actual number of targets]
Domain search space  (domZ):               0  [number of targets reported over threshold]
# CPU time: 0.26u 0.15s 00:00:00.41 Elapsed: 00:00:00.30
# Mc/sec: 1252.23
//
Query:       orf2  [L=110]
Description: source=IMGVR_UViG_3300029690_000239_3300029690_Ga0245210_102479/1210-2794 coords=929..1258 length=110 frame=2 desc=
Scores for complete sequence (score includes all domains):
   --- full sequence ---   --- best 1 domain ---    -#dom-
    E-value  score  bias    E-value  score  bias    exp  N  Model    Description
    ------- ------ -----    ------- ------ -----   ---- --  -------- -----------

   [No hits detected that satisfy reporting thresholds]


Domain annotation for each model (and alignments):

   [No targets detected that satisfy reporting thresholds]


Internal pipeline statistics summary:
-------------------------------------
Query sequence(s):                         1  (110 residues searched)
Target model(s):                       19632  (3329936 nodes)
Passed MSV filter:                       349  (0.0177771); expected 392.6 (0.02)
Passed bias filter:                      171  (0.00871027); expected 392.6 (0.02)
Passed Vit filter:                        14  (0.000713121); expected 19.6 (0.001)
Passed Fwd filter:                         0  (0); expected 0.2 (1e-05)
Initial search space (Z):              19632  [actual number of targets]
Domain search space  (domZ):               0  [number of targets reported over threshold]
# CPU time: 0.26u 0.16s 00:00:00.42 Elapsed: 00:00:00.30
# Mc/sec: 1209.09
//
Query:       orf3  [L=483]
Description: source=IMGVR_UViG_3300029690_000239_3300029690_Ga0245210_102479/1210-2794 coords=1..1449 length=483 frame=1 desc=
Scores for complete sequence (score includes all domains):
   --- full sequence ---   --- best 1 domain ---    -#dom-
    E-value  score  bias    E-value  score  bias    exp  N  Model    Description
    ------- ------ -----    ------- ------ -----   ---- --  -------- -----------
    4.7e-34  118.0   0.3    6.2e-33  114.3   0.0    2.2  2  RVT_1     Reverse transcriptase (RNA-dependent DNA polymerase
  ------ inclusion threshold ------
        0.1   12.9   0.0       0.29   11.4   0.0    1.8  1  HNH       HNH endonuclease


Domain annotation for each model (and alignments):
>> RVT_1  Reverse transcriptase (RNA-dependent DNA polymerase)
   #    score  bias  c-Evalue  i-Evalue hmmfrom  hmm to    alifrom  ali to    envfrom  env to     acc
 ---   ------ ----- --------- --------- ------- -------    ------- -------    ------- -------    ----
   1 !  114.3   0.0   6.4e-37   6.2e-33      44     222 .]       1     208 [.       1     208 [. 0.92
   2 ?    1.4   0.1     0.021     2e+02       8      34 ..     268     294 ..     263     303 .. 0.85

  Alignments for each domain:
  == domain 1  score: 114.3 bits;  conditional E-value: 6.4e-37
            -HHHH..............HCCHTS--EEEEEEBCCGCCCSBB-GGGGGGG-EEET...........................TEEEEESB--ST-TTHHHHHH CS
  RVT_1  44 gfrpgrstldav.edllkalkkkkkaklllklDlkkaFdsvpleellrkltafkvptk.linliksflstrsfsvrv.ngeeskgryekkglpqGsvlSPllfn 144
            gfrp+rs+++a+ +++     +++  +++l++D+k++Fd+v++++l+++l+++++++k l+ +i+++l   ++ +r+ +g   ++ y +kg+pqG+++SPll+n
   orf3   1 GFRPNRSVEHAIsRTYSLL--QRAHLHYVLEFDIKGFFDNVNHSKLIKQLWTLGIQDKqLLFVIRRIL---KAPIRMpDG---STVYPTKGTPQGGIISPLLAN 96 
            8*********998555555..67888*****************************8761578899999...455688777...89******************* PP

            HHHHHHHTT-T.........................................TEEECTTEEEEEESSHHHHHHHHHHHHHHHHH.TT--BEGGG-EEE...... CS
  RVT_1 145 lfmnellrelrkra...................................kgvtllrYaDDililskskeelqelleaveewlke.sglkinpeKtklvlftv.k 211
            +++nel++ +++++                                   k+ +++rYaDD+ i+++++e++++ +eav +w+ e  +l+++peKt++v   + +
   orf3  97 VVLNELDHWIDSQWtehpvanrygtwrtirtsevfdkskgyqkmrnsnlKEMFIVRYADDFRIFCRNREDAEKTMEAVTRWITErLKLEVSPEKTRIV---NvR 197
            **********************************************************************************9989************...669 PP

            ESSEEETTEEE CS
  RVT_1 212 seevkyLGvtl 222
            ++  ++LG+++
   orf3 198 KRYSEFLGFKI 208
            99999**9986 PP

  == domain 2  score: 1.4 bits;  conditional E-value: 0.021
            -EEE......-THHHHCTB--...... CS
  RVT_1   8 syRpisllsvdykalnkliakrLkdvl 34 
             yR+  ++s d++++ +++   L++ l
   orf3 268 YYRIATCISLDCRKIHRRVMTVLTNRL 294
            59**99*************99887765 PP

>> HNH  HNH endonuclease
   #    score  bias  c-Evalue  i-Evalue hmmfrom  hmm to    alifrom  ali to    envfrom  env to     acc
 ---   ------ ----- --------- --------- ------- -------    ------- -------    ------- -------    ----
   1 ?   11.4   0.0     3e-05      0.29      14      38 ..     416     440 ..     402     441 .. 0.83

  Alignments for each domain:
  == domain 1  score: 11.4 bits;  conditional E-value: 3e-05
           -EEEESS-TTTT--BSGGGEEEE-H CS
   HNH  14 levdHiipisqggaddieNlqllCk 38 
             ++ ++p+ qgg+  ++Nl+ll++
  orf3 416 VVCHMKVPKEQGGQERYSNLVLLHR 440
           5678899****************98 PP



Internal pipeline statistics summary:
-------------------------------------
Query sequence(s):                         1  (483 residues searched)
Target model(s):                       19632  (3329936 nodes)
Passed MSV filter:                       657  (0.0334658); expected 392.6 (0.02)
Passed bias filter:                      486  (0.0247555); expected 392.6 (0.02)
Passed Vit filter:                        33  (0.00168093); expected 19.6 (0.001)
Passed Fwd filter:                         2  (0.000101874); expected 0.2 (1e-05)
Initial search space (Z):              19632  [actual number of targets]
Domain search space  (domZ):               2  [number of targets reported over threshold]
# CPU time: 0.34u 0.17s 00:00:00.51 Elapsed: 00:00:00.32
# Mc/sec: 4905.91
//
Query:       orf4  [L=227]
Description: source=IMGVR_UViG_3300029690_000239_3300029690_Ga0245210_102479/1210-2794 coords=1563..883 length=227 frame=5 desc=
Scores for complete sequence (score includes all domains):
   --- full sequence ---   --- best 1 domain ---    -#dom-
    E-value  score  bias    E-value  score  bias    exp  N  Model    Description
    ------- ------ -----    ------- ------ -----   ---- --  -------- -----------
  ------ inclusion threshold ------
      0.084   13.2   0.0       0.15   12.3   0.0    1.4  1  DUF6107   Family of unknown function (DUF6107)


Domain annotation for each model (and alignments):
>> DUF6107  Family of unknown function (DUF6107)
   #    score  bias  c-Evalue  i-Evalue hmmfrom  hmm to    alifrom  ali to    envfrom  env to     acc
 ---   ------ ----- --------- --------- ------- -------    ------- -------    ------- -------    ----
   1 ?   12.3   0.0   7.9e-06      0.15      26      77 ..     158     209 ..     147     224 .. 0.87

  Alignments for each domain:
  == domain 1  score: 12.3 bits;  conditional E-value: 7.9e-06
  DUF6107  26 lvyllpkskreaatrfltgvacglifggpvgv.wlaeklelaaalsaaeilla 77 
              +vyl+p  +reaa    +   cg+i+    gv w ++  ++  +l ++e+ll 
     orf4 158 VVYLFPSRRREAADGG-ADSDCGFILDERNGVdWPVDTGHIPHHLRSTETLLF 209
              69**********9875.5679**********99***************99984 PP



Internal pipeline statistics summary:
-------------------------------------
Query sequence(s):                         1  (227 residues searched)
Target model(s):                       19632  (3329936 nodes)
Passed MSV filter:                       336  (0.0171149); expected 392.6 (0.02)
Passed bias filter:                      294  (0.0149756); expected 392.6 (0.02)
Passed Vit filter:                        15  (0.000764059); expected 19.6 (0.001)
Passed Fwd filter:                         1  (5.09372e-05); expected 0.2 (1e-05)
Initial search space (Z):              19632  [actual number of targets]
Domain search space  (domZ):               1  [number of targets reported over threshold]
# CPU time: 0.29u 0.17s 00:00:00.46 Elapsed: 00:00:00.31
# Mc/sec: 2412.01
//
Query:       orf5  [L=114]
Description: source=IMGVR_UViG_3300029690_000239_3300029690_Ga0245210_102479/1210-2794 coords=800..459 length=114 frame=6 desc=
Scores for complete sequence (score includes all domains):
   --- full sequence ---   --- best 1 domain ---    -#dom-
    E-value  score  bias    E-value  score  bias    exp  N  Model    Description
    ------- ------ -----    ------- ------ -----   ---- --  -------- -----------

   [No hits detected that satisfy reporting thresholds]


Domain annotation for each model (and alignments):

   [No targets detected that satisfy reporting thresholds]


Internal pipeline statistics summary:
-------------------------------------
Query sequence(s):                         1  (114 residues searched)
Target model(s):                       19632  (3329936 nodes)
Passed MSV filter:                       344  (0.0175224); expected 392.6 (0.02)
Passed bias filter:                      235  (0.0119703); expected 392.6 (0.02)
Passed Vit filter:                         9  (0.000458435); expected 19.6 (0.001)
Passed Fwd filter:                         0  (0); expected 0.2 (1e-05)
Initial search space (Z):              19632  [actual number of targets]
Domain search space  (domZ):               0  [number of targets reported over threshold]
# CPU time: 0.24u 0.16s 00:00:00.40 Elapsed: 00:00:00.28
# Mc/sec: 1354.24
//
Query:       orf6  [L=220]
Description: source=IMGVR_UViG_3300029690_000239_3300029690_Ga0245210_102479/1210-2794 coords=681..22 length=220 frame=5 desc=
Scores for complete sequence (score includes all domains):
   --- full sequence ---   --- best 1 domain ---    -#dom-
    E-value  score  bias    E-value  score  bias    exp  N  Model    Description
    ------- ------ -----    ------- ------ -----   ---- --  -------- -----------

   [No hits detected that satisfy reporting thresholds]


Domain annotation for each model (and alignments):

   [No targets detected that satisfy reporting thresholds]


Internal pipeline statistics summary:
-------------------------------------
Query sequence(s):                         1  (220 residues searched)
Target model(s):                       19632  (3329936 nodes)
Passed MSV filter:                       248  (0.0126324); expected 392.6 (0.02)
Passed bias filter:                      240  (0.0122249); expected 392.6 (0.02)
Passed Vit filter:                        17  (0.000865933); expected 19.6 (0.001)
Passed Fwd filter:                         0  (0); expected 0.2 (1e-05)
Initial search space (Z):              19632  [actual number of targets]
Domain search space  (domZ):               0  [number of targets reported over threshold]
# CPU time: 0.25u 0.18s 00:00:00.43 Elapsed: 00:00:00.29
# Mc/sec: 2446.40
//
[ok]
