# hmmscan :: search sequence(s) against a profile database
# HMMER 3.3.2 (Nov 2020); http://hmmer.org/
# Copyright (C) 2020 Howard Hughes Medical Institute.
# Freely distributed under the BSD open source license.
# - - - - - - - - - - - - - - - - - - - - - - - - - - - - - - - - - - - -
# query sequence file:             -
# target HMM database:             /n/eddy_lab/data/pfam-35.0/Pfam-A.hmm
# output directed to file:         ./all_windows_new/hmmscan/out/IMGVR_UViG_7000000604_000213_7000000604_SRS019894_WUGC_scaffold_48144_hmmscan_output.out
# per-seq hits tabular output:     ./all_windows_new/hmmscan/tblout/IMGVR_UViG_7000000604_000213_7000000604_SRS019894_WUGC_scaffold_48144_hmmscan_output.tblout
# - - - - - - - - - - - - - - - - - - - - - - - - - - - - - - - - - - - -

Query:       orf1  [L=314]
Description: source=IMGVR_UViG_7000000604_000213_7000000604_SRS019894_WUGC_scaffold_48144/2051-402 coords=1..942 length=314 frame=1 desc=
Scores for complete sequence (score includes all domains):
   --- full sequence ---   --- best 1 domain ---    -#dom-
    E-value  score  bias    E-value  score  bias    exp  N  Model    Description
    ------- ------ -----    ------- ------ -----   ---- --  -------- -----------
    4.8e-08   32.9   0.4    1.4e-07   31.5   0.4    1.9  1  DUF723    Protein of unknown function (DUF723)
  ------ inclusion threshold ------
      0.073   13.3   1.2         22    5.3   0.0    4.1  4  YqzH      YqzH-like protein


Domain annotation for each model (and alignments):
>> DUF723  Protein of unknown function (DUF723)
   #    score  bias  c-Evalue  i-Evalue hmmfrom  hmm to    alifrom  ali to    envfrom  env to     acc
 ---   ------ ----- --------- --------- ------- -------    ------- -------    ------- -------    ----
   1 !   31.5   0.4   1.4e-11   1.4e-07      22      60 .]       8      45 ..       1      45 [. 0.87

  Alignments for each domain:
  == domain 1  score: 31.5 bits;  conditional E-value: 1.4e-11
  DUF723 22 veFegvakPvvinCPlHGnvtystykalikSkyGCPeCa 60
            v++   + Pv+i CP+HG+ ++ + ++ +  kyGCP+C+
    orf1  8 VDYVNSYTPVTILCPTHGEFQV-RPNSFLHYKYGCPKCG 45
            6777899************997.56999**********7 PP

>> YqzH  YqzH-like protein
   #    score  bias  c-Evalue  i-Evalue hmmfrom  hmm to    alifrom  ali to    envfrom  env to     acc
 ---   ------ ----- --------- --------- ------- -------    ------- -------    ------- -------    ----
   1 ?    0.8   0.0      0.06   5.9e+02       8      20 ..      68      80 ..      66      93 .. 0.84
   2 ?    2.6   0.0     0.017   1.6e+02       7      34 ..     103     130 ..      98     131 .. 0.78
   3 ?    5.3   0.0    0.0023        22       7      30 ..     126     149 ..     125     153 .. 0.79
   4 ?    0.9   0.0     0.054   5.3e+02      11      54 ..     153     197 ..     147     201 .. 0.53

  Alignments for each domain:
  == domain 1  score: 0.8 bits;  conditional E-value: 0.06
  YqzH  8 KmirkclrqYgrd 20
          K+ + cl++Yg  
  orf1 68 KKRQTCLEKYGAK 80
          77889*****986 PP

  == domain 2  score: 2.6 bits;  conditional E-value: 0.017
  YqzH   7 eKmirkclrqYgrdtelmplseeeqkeL 34 
           +K+ + cl++Yg   ++    ++e+  L
  orf1 103 DKLEKTCLEKYGVRRASQTDAAKEKMRL 130
           577899******9888777777776655 PP

  == domain 3  score: 5.3 bits;  conditional E-value: 0.0023
  YqzH   7 eKmirkclrqYgrdtelmplseee 30 
           eKm   cl++Yg d  +  +s ++
  orf1 126 EKMRLTCLQKYGVDSVSKVPSLRD 149
           699999********7666666655 PP

  == domain 4  score: 0.9 bits;  conditional E-value: 0.054
  YqzH  11 rkclrqYgrdtelmplseeeqkeLveriqek.kkeqedeDlyeiv 54 
           + cl +Yg    l+  s  ++ ++ ++      +++++e ly++ 
  orf1 153 ETCLSKYGVRCPLSSKSIIDKVIMAKAKNHTfNTSKPEEELYALL 197
           679999988744444444444444333322213455666666665 PP



Internal pipeline statistics summary:
-------------------------------------
Query sequence(s):                         1  (314 residues searched)
Target model(s):                       19632  (3329936 nodes)
Passed MSV filter:                       903  (0.0459963); expected 392.6 (0.02)
Passed bias filter:                      486  (0.0247555); expected 392.6 (0.02)
Passed Vit filter:                        51  (0.0025978); expected 19.6 (0.001)
Passed Fwd filter:                         2  (0.000101874); expected 0.2 (1e-05)
Initial search space (Z):              19632  [actual number of targets]
Domain search space  (domZ):               2  [number of targets reported over threshold]
# CPU time: 0.36u 0.20s 00:00:00.56 Elapsed: 00:00:00.38
# Mc/sec: 2739.36
//
Query:       orf2  [L=122]
Description: source=IMGVR_UViG_7000000604_000213_7000000604_SRS019894_WUGC_scaffold_48144/2051-402 coords=1222..857 length=122 frame=6 desc=
Scores for complete sequence (score includes all domains):
   --- full sequence ---   --- best 1 domain ---    -#dom-
    E-value  score  bias    E-value  score  bias    exp  N  Model    Description
    ------- ------ -----    ------- ------ -----   ---- --  -------- -----------

   [No hits detected that satisfy reporting thresholds]


Domain annotation for each model (and alignments):

   [No targets detected that satisfy reporting thresholds]


Internal pipeline statistics summary:
-------------------------------------
Query sequence(s):                         1  (122 residues searched)
Target model(s):                       19632  (3329936 nodes)
Passed MSV filter:                       595  (0.0303077); expected 392.6 (0.02)
Passed bias filter:                      438  (0.0223105); expected 392.6 (0.02)
Passed Vit filter:                        26  (0.00132437); expected 19.6 (0.001)
Passed Fwd filter:                         0  (0); expected 0.2 (1e-05)
Initial search space (Z):              19632  [actual number of targets]
Domain search space  (domZ):               0  [number of targets reported over threshold]
# CPU time: 0.31u 0.16s 00:00:00.47 Elapsed: 00:00:00.32
# Mc/sec: 1267.58
//
Query:       orf3  [L=104]
Description: source=IMGVR_UViG_7000000604_000213_7000000604_SRS019894_WUGC_scaffold_48144/2051-402 coords=439..128 length=104 frame=6 desc=
Scores for complete sequence (score includes all domains):
   --- full sequence ---   --- best 1 domain ---    -#dom-
    E-value  score  bias    E-value  score  bias    exp  N  Model    Description
    ------- ------ -----    ------- ------ -----   ---- --  -------- -----------

   [No hits detected that satisfy reporting thresholds]


Domain annotation for each model (and alignments):

   [No targets detected that satisfy reporting thresholds]


Internal pipeline statistics summary:
-------------------------------------
Query sequence(s):                         1  (104 residues searched)
Target model(s):                       19632  (3329936 nodes)
Passed MSV filter:                       616  (0.0313773); expected 392.6 (0.02)
Passed bias filter:                      373  (0.0189996); expected 392.6 (0.02)
Passed Vit filter:                        22  (0.00112062); expected 19.6 (0.001)
Passed Fwd filter:                         0  (0); expected 0.2 (1e-05)
Initial search space (Z):              19632  [actual number of targets]
Domain search space  (domZ):               0  [number of targets reported over threshold]
# CPU time: 0.29u 0.17s 00:00:00.46 Elapsed: 00:00:00.32
# Mc/sec: 1066.05
//
[ok]
