# hmmscan :: search sequence(s) against a profile database
# HMMER 3.3.2 (Nov 2020); http://hmmer.org/
# Copyright (C) 2020 Howard Hughes Medical Institute.
# Freely distributed under the BSD open source license.
# - - - - - - - - - - - - - - - - - - - - - - - - - - - - - - - - - - - -
# query sequence file:             -
# target HMM database:             /n/eddy_lab/data/pfam-35.0/Pfam-A.hmm
# output directed to file:         ./all_windows_new/hmmscan/out/IMGVR_UViG_3300024272_004898_3300024272_Ga0257077_10040234_hmmscan_output.out
# per-seq hits tabular output:     ./all_windows_new/hmmscan/tblout/IMGVR_UViG_3300024272_004898_3300024272_Ga0257077_10040234_hmmscan_output.tblout
# - - - - - - - - - - - - - - - - - - - - - - - - - - - - - - - - - - - -

Query:       orf1  [L=149]
Description: source=IMGVR_UViG_3300024272_004898_3300024272_Ga0257077_10040234/1569-1 coords=259..705 length=149 frame=1 desc=
Scores for complete sequence (score includes all domains):
   --- full sequence ---   --- best 1 domain ---    -#dom-
    E-value  score  bias    E-value  score  bias    exp  N  Model    Description
    ------- ------ -----    ------- ------ -----   ---- --  -------- -----------

   [No hits detected that satisfy reporting thresholds]


Domain annotation for each model (and alignments):

   [No targets detected that satisfy reporting thresholds]


Internal pipeline statistics summary:
-------------------------------------
Query sequence(s):                         1  (149 residues searched)
Target model(s):                       19632  (3329936 nodes)
Passed MSV filter:                       313  (0.0159434); expected 392.6 (0.02)
Passed bias filter:                      228  (0.0116137); expected 392.6 (0.02)
Passed Vit filter:                        13  (0.000662184); expected 19.6 (0.001)
Passed Fwd filter:                         0  (0); expected 0.2 (1e-05)
Initial search space (Z):              19632  [actual number of targets]
Domain search space  (domZ):               0  [number of targets reported over threshold]
# CPU time: 0.27u 0.16s 00:00:00.43 Elapsed: 00:00:00.30
# Mc/sec: 1621.40
//
Query:       orf2  [L=493]
Description: source=IMGVR_UViG_3300024272_004898_3300024272_Ga0257077_10040234/1569-1 coords=3..1481 length=493 frame=3 desc=
Scores for complete sequence (score includes all domains):
   --- full sequence ---   --- best 1 domain ---    -#dom-
    E-value  score  bias    E-value  score  bias    exp  N  Model    Description
    ------- ------ -----    ------- ------ -----   ---- --  -------- -----------
    2.9e-10   40.3   0.0    4.1e-05   23.5   0.0    2.3  2  CobT_C    Cobalamin biosynthesis protein CobT VWA domain
    2.2e-05   24.9   0.0    6.6e-05   23.4   0.0    1.8  1  VWA       von Willebrand factor type A domain
     0.0016   19.2   0.0     0.0086   16.8   0.0    2.2  1  VWA_2     von Willebrand factor type A domain
  ------ inclusion threshold ------
       0.07   13.0   0.0       0.11   12.3   0.0    1.3  1  DUF4832   Domain of unknown function (DUF4832)
        5.8    5.1   9.1        1.3    7.3   2.3    2.1  2  Nop14     Nop14-like family


Domain annotation for each model (and alignments):
>> CobT_C  Cobalamin biosynthesis protein CobT VWA domain
   #    score  bias  c-Evalue  i-Evalue hmmfrom  hmm to    alifrom  ali to    envfrom  env to     acc
 ---   ------ ----- --------- --------- ------- -------    ------- -------    ------- -------    ----
   1 !   14.6   0.0   5.4e-06     0.021      13      66 ..     334     387 ..     322     409 .. 0.86
   2 !   23.5   0.0     1e-08   4.1e-05     115     191 ..     413     485 ..     404     492 .. 0.85

  Alignments for each domain:
  == domain 1  score: 14.6 bits;  conditional E-value: 5.4e-06
  CobT_C  13 avvtllldlsGsmr.GrkitlalasadiladalerinvkveilGfttrawkGsqd 66 
               v llld sGsm  G + t a a+a il d  + +n++ ++ G +t  w  + d
    orf2 334 ISVGLLLDESGSMScGDRSTYARAAAIILYDFCQSLNIPIMVYGHSTG-WGSGVD 387
             56899********758999***************************98.766655 PP

  == domain 2  score: 23.5 bits;  conditional E-value: 1e-08
  CobT_C 115 envdGealdqlaklllGrmedkkillvisdGaPvddstlsvaaGdylerhlrtvikeietlsdveliaiGvltd.vtr 191
              n dG al ++a++l  r e+ +il+++sdG P      s  +G   e+ lr + +e + +  + ++a  ++ d vtr
    orf2 413 SNRDGAALRFVAEQLSKRTEEVRILILVSDGQPA----ASGYSGTAAEEDLRGIKQEYK-RKGILFVAAAIGDDsVTR 485
             689*******************************....6677888999******99986.567888898998883455 PP

>> VWA  von Willebrand factor type A domain
   #    score  bias  c-Evalue  i-Evalue hmmfrom  hmm to    alifrom  ali to    envfrom  env to     acc
 ---   ------ ----- --------- --------- ------- -------    ------- -------    ------- -------    ----
   1 !   23.4   0.0   1.7e-08   6.6e-05       4     143 ..     338     482 ..     336     491 .. 0.79

  Alignments for each domain:
  == domain 1  score: 23.4 bits;  conditional E-value: 1.7e-08
           EEEETSTTSCHHHHHHHHHHHHHHHHHHTBCTTTEEEEEEEESSS..EEEEECCCCHH.....HHHHHHHHHCTHCGGGGSSB-HHHHHHHHHHHCHCGGGTSCT CS
   VWA   4 fvlDgSgsmgeenfekvkeflkklveklevgpestrvglvqfsse..vktefslndys.....skeellsalnnlkysgggttntgkalkyalqklfkssagaRe 101
           ++lD Sgsm+ ++  +  +++  ++ ++    +s ++ ++ ++++  +   ++l +y      +k++ +  l   ++s  g++  g+al +++++l k++++   
  orf2 338 LLLDESGSMSCGDRSTYARAAAIILYDFC---QSLNIPIMVYGHStgWGSGVDLYSYAefdgiDKDD-KYRLM--DISARGSNRDGAALRFVAEQLSKRTEE--- 433
           79999999999999988888888888888...89999999999887755555555555442333333.33344..4455555556*****************... PP

           TSEEEEEEEESS--SS.S........HHHHHHHHHHHTTEEEEEEEESSSC CS
   VWA 102 nakkviilltdGksnd.g........dpkeaaaeakeagikvfavGvgnad 143
             ++++il++dG++   g        d++   +e k++gi ++a ++g++ 
  orf2 434 --VRILILVSDGQPAAsGysgtaaeeDLRGIKQEYKRKGILFVAAAIGDDS 482
           ..************7756999999999999999999***********8875 PP

>> VWA_2  von Willebrand factor type A domain
   #    score  bias  c-Evalue  i-Evalue hmmfrom  hmm to    alifrom  ali to    envfrom  env to     acc
 ---   ------ ----- --------- --------- ------- -------    ------- -------    ------- -------    ----
   1 !   16.8   0.0   2.2e-06    0.0086       3     108 .]     338     444 ..     336     444 .. 0.71

  Alignments for each domain:
  == domain 1  score: 16.8 bits;  conditional E-value: 2.2e-06
  VWA_2   3 fviDtSgsmrngdygptrleaakdaveallkslpgdrvglvtfss..gpevlipltkdkaki.......lnalrrleaksggtnlaaaLelarkalkkrrrkne 97 
            +++D Sgsm+ gd + t+  aa+ ++ ++++sl   ++ ++++++  g+   ++l  ++a++       + +l  + a +g  + +aaL+++++ l+kr+  +e
   orf2 338 LLLDESGSMSCGD-RSTYARAAAIILYDFCQSL---NIPIMVYGHstGWGSGVDL-YSYAEFdgidkddKYRLMDISA-RGSNRDGAALRFVAEQLSKRT--EE 433
            79********997.7778888888888888876...4666666662244444444.3344443334422445666666.599999***********9887..** PP

  VWA_2  98 kkvivlitDge 108
             ++++l++Dg+
   orf2 434 VRILILVSDGQ 444
            *********96 PP

>> DUF4832  Domain of unknown function (DUF4832)
   #    score  bias  c-Evalue  i-Evalue hmmfrom  hmm to    alifrom  ali to    envfrom  env to     acc
 ---   ------ ----- --------- --------- ------- -------    ------- -------    ------- -------    ----
   1 ?   12.3   0.0   2.9e-05      0.11      26      60 ..     175     221 ..     151     254 .. 0.74

  Alignments for each domain:
  == domain 1  score: 12.3 bits;  conditional E-value: 2.9e-05
  DUF4832  26 eelayleaetkyvvvgGEvvltckyndadsesl............le 60 
                + + ++e+  v+vgGEv ++++y+++++++              +
     orf2 175 GRIPFHQTESVSVPVGGEVEYDADYEREHNDAAasdiermlermaEK 221
              56789999******************988877788845554444333 PP

>> Nop14  Nop14-like family
   #    score  bias  c-Evalue  i-Evalue hmmfrom  hmm to    alifrom  ali to    envfrom  env to     acc
 ---   ------ ----- --------- --------- ------- -------    ------- -------    ------- -------    ----
   1 ?    7.3   2.3   0.00033       1.3     348     420 ..      96     166 ..      39     195 .. 0.53
   2 ?    2.0   0.6     0.013        52      70     131 ..     204     264 ..     201     301 .. 0.68

  Alignments for each domain:
  == domain 1  score: 7.3 bits;  conditional E-value: 0.00033
  Nop14 348 eeededdfeedddeveseseleeeeeeedeeeeedeeeeeeeeededdlsdleseeeeeedeleeeeleeekk 420
            +  + + ++++dde+ s+     ++e+ d+e e+++ ++ ee+ +e d++d++s  ++   + +e+  + ++k
   orf2  96 GRSKTRHDANQDDENGSGTAGGVSDESGDSE-ENENGSGGEENPSETDSDDSSS-ASDGVSDGIEGPGTGSSK 166
            3344444444444444444444422222222.2222222222222222222222.222222222333222222 PP

  == domain 2  score: 2.0 bits;  conditional E-value: 0.013
  Nop14  70 nDptmspeekmleRFarEk.qrklkkkslFnLeddeee...eLtHyGqsLselddfddedledddd 131
            nD+  s  e+mleR a+    ++l+++ l +L++  ++   +  H G  + ++++  ++    dd+
   orf2 204 NDAAASDIERMLERMAEKAaCKQLENERLQELNEAAQSisyGDIHSGVDI-KVHRISEV----DDE 264
            889999999*****887776677899999999988886667777777666.44444443....222 PP



Internal pipeline statistics summary:
-------------------------------------
Query sequence(s):                         1  (493 residues searched)
Target model(s):                       19632  (3329936 nodes)
Passed MSV filter:                      1020  (0.051956); expected 392.6 (0.02)
Passed bias filter:                      679  (0.0345864); expected 392.6 (0.02)
Passed Vit filter:                        64  (0.00325998); expected 19.6 (0.001)
Passed Fwd filter:                         5  (0.000254686); expected 0.2 (1e-05)
Initial search space (Z):              19632  [actual number of targets]
Domain search space  (domZ):               5  [number of targets reported over threshold]
# CPU time: 0.38u 0.17s 00:00:00.55 Elapsed: 00:00:00.32
# Mc/sec: 5125.84
//
Query:       orf3  [L=107]
Description: source=IMGVR_UViG_3300024272_004898_3300024272_Ga0257077_10040234/1569-1 coords=1163..843 length=107 frame=5 desc=
Scores for complete sequence (score includes all domains):
   --- full sequence ---   --- best 1 domain ---    -#dom-
    E-value  score  bias    E-value  score  bias    exp  N  Model    Description
    ------- ------ -----    ------- ------ -----   ---- --  -------- -----------

   [No hits detected that satisfy reporting thresholds]


Domain annotation for each model (and alignments):

   [No targets detected that satisfy reporting thresholds]


Internal pipeline statistics summary:
-------------------------------------
Query sequence(s):                         1  (107 residues searched)
Target model(s):                       19632  (3329936 nodes)
Passed MSV filter:                       271  (0.013804); expected 392.6 (0.02)
Passed bias filter:                      221  (0.0112571); expected 392.6 (0.02)
Passed Vit filter:                        12  (0.000611247); expected 19.6 (0.001)
Passed Fwd filter:                         0  (0); expected 0.2 (1e-05)
Initial search space (Z):              19632  [actual number of targets]
Domain search space  (domZ):               0  [number of targets reported over threshold]
# CPU time: 0.25u 0.14s 00:00:00.39 Elapsed: 00:00:00.26
# Mc/sec: 1330.79
//
Query:       orf4  [L=160]
Description: source=IMGVR_UViG_3300024272_004898_3300024272_Ga0257077_10040234/1569-1 coords=839..360 length=160 frame=5 desc=
Scores for complete sequence (score includes all domains):
   --- full sequence ---   --- best 1 domain ---    -#dom-
    E-value  score  bias    E-value  score  bias    exp  N  Model      Description
    ------- ------ -----    ------- ------ -----   ---- --  --------   -----------
  ------ inclusion threshold ------
      0.058   13.3   1.7      0.058   13.3   1.7    2.9  3  TisB_toxin  Toxin TisB, type I toxin-antitoxin system


Domain annotation for each model (and alignments):
>> TisB_toxin  Toxin TisB, type I toxin-antitoxin system
   #    score  bias  c-Evalue  i-Evalue hmmfrom  hmm to    alifrom  ali to    envfrom  env to     acc
 ---   ------ ----- --------- --------- ------- -------    ------- -------    ------- -------    ----
   1 ?   13.3   1.7   2.9e-06     0.058       3      15 ..       6      18 ..       5      20 .. 0.89
   2 ?   -1.8   0.9      0.15     3e+03      17      20 ..      51      54 ..      43      56 .. 0.50
   3 ?   -2.4   1.7      0.25   4.9e+03       8      16 ..      75      83 ..      74      86 .. 0.73

  Alignments for each domain:
  == domain 1  score: 13.3 bits;  conditional E-value: 2.9e-06
  TisB_toxin  3 lvDIIILILKLiV 15
                  D +ILILKLiV
        orf4  6 ACDLVILILKLIV 18
                579*********9 PP

  == domain 2  score: -1.8 bits;  conditional E-value: 0.15
  TisB_toxin 17 VlQL 20
                V QL
        orf4 51 VFQL 54
                5555 PP

  == domain 3  score: -2.4 bits;  conditional E-value: 0.25
  TisB_toxin  8 ILILKLiVA 16
                I +L LiV 
        orf4 75 IIVLPLIVG 83
                667888885 PP



Internal pipeline statistics summary:
-------------------------------------
Query sequence(s):                         1  (160 residues searched)
Target model(s):                       19632  (3329936 nodes)
Passed MSV filter:                       366  (0.018643); expected 392.6 (0.02)
Passed bias filter:                      308  (0.0156887); expected 392.6 (0.02)
Passed Vit filter:                        22  (0.00112062); expected 19.6 (0.001)
Passed Fwd filter:                         1  (5.09372e-05); expected 0.2 (1e-05)
Initial search space (Z):              19632  [actual number of targets]
Domain search space  (domZ):               1  [number of targets reported over threshold]
# CPU time: 0.28u 0.14s 00:00:00.42 Elapsed: 00:00:00.27
# Mc/sec: 1908.97
//
Query:       orf5  [L=92]
Description: source=IMGVR_UViG_3300024272_004898_3300024272_Ga0257077_10040234/1569-1 coords=595..320 length=92 frame=6 desc=
Scores for complete sequence (score includes all domains):
   --- full sequence ---   --- best 1 domain ---    -#dom-
    E-value  score  bias    E-value  score  bias    exp  N  Model    Description
    ------- ------ -----    ------- ------ -----   ---- --  -------- -----------

   [No hits detected that satisfy reporting thresholds]


Domain annotation for each model (and alignments):

   [No targets detected that satisfy reporting thresholds]


Internal pipeline statistics summary:
-------------------------------------
Query sequence(s):                         1  (92 residues searched)
Target model(s):                       19632  (3329936 nodes)
Passed MSV filter:                       241  (0.0122759); expected 392.6 (0.02)
Passed bias filter:                      129  (0.0065709); expected 392.6 (0.02)
Passed Vit filter:                         9  (0.000458435); expected 19.6 (0.001)
Passed Fwd filter:                         0  (0); expected 0.2 (1e-05)
Initial search space (Z):              19632  [actual number of targets]
Domain search space  (domZ):               0  [number of targets reported over threshold]
# CPU time: 0.25u 0.14s 00:00:00.39 Elapsed: 00:00:00.26
# Mc/sec: 1145.33
//
Query:       orf6  [L=118]
Description: source=IMGVR_UViG_3300024272_004898_3300024272_Ga0257077_10040234/1569-1 coords=356..3 length=118 frame=5 desc=
Scores for complete sequence (score includes all domains):
   --- full sequence ---   --- best 1 domain ---    -#dom-
    E-value  score  bias    E-value  score  bias    exp  N  Model    Description
    ------- ------ -----    ------- ------ -----   ---- --  -------- -----------

   [No hits detected that satisfy reporting thresholds]


Domain annotation for each model (and alignments):

   [No targets detected that satisfy reporting thresholds]


Internal pipeline statistics summary:
-------------------------------------
Query sequence(s):                         1  (118 residues searched)
Target model(s):                       19632  (3329936 nodes)
Passed MSV filter:                       292  (0.0148737); expected 392.6 (0.02)
Passed bias filter:                      190  (0.00967808); expected 392.6 (0.02)
Passed Vit filter:                        12  (0.000611247); expected 19.6 (0.001)
Passed Fwd filter:                         0  (0); expected 0.2 (1e-05)
Initial search space (Z):              19632  [actual number of targets]
Domain search space  (domZ):               0  [number of targets reported over threshold]
# CPU time: 0.28u 0.11s 00:00:00.39 Elapsed: 00:00:00.26
# Mc/sec: 1471.48
//
[ok]
