# hmmscan :: search sequence(s) against a profile database
# HMMER 3.3.2 (Nov 2020); http://hmmer.org/
# Copyright (C) 2020 Howard Hughes Medical Institute.
# Freely distributed under the BSD open source license.
# - - - - - - - - - - - - - - - - - - - - - - - - - - - - - - - - - - - -
# query sequence file:             -
# target HMM database:             /n/eddy_lab/data/pfam-35.0/Pfam-A.hmm
# output directed to file:         ./all_windows_new/hmmscan/out/IMGVR_UViG_3300025888_000013_3300025888_Ga0209540_10000081_hmmscan_output.out
# per-seq hits tabular output:     ./all_windows_new/hmmscan/tblout/IMGVR_UViG_3300025888_000013_3300025888_Ga0209540_10000081_hmmscan_output.tblout
# - - - - - - - - - - - - - - - - - - - - - - - - - - - - - - - - - - - -

Query:       orf1  [L=103]
Description: source=IMGVR_UViG_3300025888_000013_3300025888_Ga0209540_10000081/124154-122445 coords=582..890 length=103 frame=3 desc=
Scores for complete sequence (score includes all domains):
   --- full sequence ---   --- best 1 domain ---    -#dom-
    E-value  score  bias    E-value  score  bias    exp  N  Model    Description
    ------- ------ -----    ------- ------ -----   ---- --  -------- -----------
  ------ inclusion threshold ------
      0.093   12.8   0.4       0.24   11.5   0.4    1.8  1  DUF4227   Protein of unknown function (DUF4227)


Domain annotation for each model (and alignments):
>> DUF4227  Protein of unknown function (DUF4227)
   #    score  bias  c-Evalue  i-Evalue hmmfrom  hmm to    alifrom  ali to    envfrom  env to     acc
 ---   ------ ----- --------- --------- ------- -------    ------- -------    ------- -------    ----
   1 ?   11.5   0.4   1.2e-05      0.24      19      56 ..       3      45 ..       1      55 [. 0.62

  Alignments for each domain:
  == domain 1  score: 11.5 bits;  conditional E-value: 1.2e-05
  DUF4227 19 lfyyallwlneeyepyhr...Y...dePeGsAVkvfqkeegeas 56
             l yy+ l+ln ey+  h+   Y   ++P+G+ Vk +q+++ +  
     orf1  3 LYYYIDLFLNLEYNYTHEiktYkiiNQPKGNKVKMIQNNKLK-R 45
             566666666666665554222322279*********977655.3 PP



Internal pipeline statistics summary:
-------------------------------------
Query sequence(s):                         1  (103 residues searched)
Target model(s):                       19632  (3329936 nodes)
Passed MSV filter:                      1034  (0.0526691); expected 392.6 (0.02)
Passed bias filter:                      404  (0.0205786); expected 392.6 (0.02)
Passed Vit filter:                        27  (0.00137531); expected 19.6 (0.001)
Passed Fwd filter:                         1  (5.09372e-05); expected 0.2 (1e-05)
Initial search space (Z):              19632  [actual number of targets]
Domain search space  (domZ):               1  [number of targets reported over threshold]
# CPU time: 0.30u 0.17s 00:00:00.47 Elapsed: 00:00:00.33
# Mc/sec: 1032.10
//
Query:       orf2  [L=134]
Description: source=IMGVR_UViG_3300025888_000013_3300025888_Ga0209540_10000081/124154-122445 coords=886..1287 length=134 frame=1 desc=
Scores for complete sequence (score includes all domains):
   --- full sequence ---   --- best 1 domain ---    -#dom-
    E-value  score  bias    E-value  score  bias    exp  N  Model    Description
    ------- ------ -----    ------- ------ -----   ---- --  -------- -----------

   [No hits detected that satisfy reporting thresholds]


Domain annotation for each model (and alignments):

   [No targets detected that satisfy reporting thresholds]


Internal pipeline statistics summary:
-------------------------------------
Query sequence(s):                         1  (134 residues searched)
Target model(s):                       19632  (3329936 nodes)
Passed MSV filter:                       524  (0.0266911); expected 392.6 (0.02)
Passed bias filter:                      313  (0.0159434); expected 392.6 (0.02)
Passed Vit filter:                        17  (0.000865933); expected 19.6 (0.001)
Passed Fwd filter:                         0  (0); expected 0.2 (1e-05)
Initial search space (Z):              19632  [actual number of targets]
Domain search space  (domZ):               0  [number of targets reported over threshold]
# CPU time: 0.27u 0.17s 00:00:00.44 Elapsed: 00:00:00.30
# Mc/sec: 1458.20
//
[ok]
in 3  score: -2.5 bits;  conditional E-value: 0.68
            GGGGG-EEET.........................TEEEEESB--ST-TTHHHHHHHHHHHHHTT-T......TEEECTTEEEEEESSHHHHHHHHHHHHHHHH CS
  RVT_1  89 lrkltafkvptklinliksflstrsfsvrvngeeskgryekkglpqGsvlSPllfnlfmnellrelrkrakgvtllrYaDDililskskeelqelleaveewlk 192
            ++ +t                                                                                   ke +++ +++++++++
   orf1 450 IHAIT-----------------------------------------------------------------------------------KETIEKYINKISKFFN 470
            33333...................................................................................3333333333333333 PP

            H CS
  RVT_1 193 e 193
            +
   orf1 471 K 471
            3 PP

>> YabP  YabP family
   #    score  bias  c-Evalue  i-Evalue hmmfrom  hmm to    alifrom  ali to    envfrom  env to     acc
 ---   ------ ----- --------- --------- ------- -------    ------- -------    ------- -------    ----
   1 !   14.8   0.0   3.9e-06     0.019      21      50 ..     392     422 ..     389     429 .. 0.87

  Alignments for each domain:
  == domain 1  score: 14.8 bits;  conditional E-value: 3.9e-06
  YabP  21 efdeeeivletk.kgeltikGenLhikklsk 50 
           e+++++i l ++ kg+ +i+Ge+L+i+++++
  orf1 392 EYNDNRISLYVGqKGKCSITGESLQISNMDS 422
           9********986258*************984 PP

>> HNH  HNH endonuclease
   #    score  bias  c-Evalue  i-Evalue hmmfrom  hmm to    alifrom  ali to    envfrom  env to     acc
 ---   ------ ----- --------- --------- ------- -------    ------- -------    ------- -------    ----
   1 ?   -0.4   0.3       0.3   1.5e+03       3      23 ..      20      45 ..      19      61 .. 0.82
   2 ?   13.3   0.4   1.5e-05     0.076      12      35 ..     418     441 ..     406     452 .. 0.80

  Alignments for each domain:
  == domain 1  score: -0.4 bits;  conditional E-value: 0.3
          SSS-B-SSE.....E--EEEESS-TT CS
   HNH  3 yCgrkfhks.....dalevdHiipis 23
          +C  kfh +     +    +H i++ 
  orf1 20 ICEAKFHNHnygfrPNRSTHHAISRM 45
          69999999988888888999998875 PP

  == domain 2  score: 13.3 bits;  conditional E-value: 1.5e-05
           E--EEEESS-TTTT--BSGGGEEE CS
   HNH  12 dalevdHiipisqggaddieNlql 35 
           +    +H+ip++ gg+d+++Nl+ 
  orf1 418 SNMDSHHKIPRNIGGKDEYSNLTF 441
           46778*****************86 PP

>> GIIM  Group II intron, maturase-specific domain
   #    score  bias  c-Evalue  i-Evalue hmmfrom  hmm to    alifrom  ali to    envfrom  env to     acc
 ---   ------ ----- --------- --------- ------- -------    ------- -------    ------- -------    ----
   1 ?   -1.0   0.1      0.41     2e+03      47      67 ..     124     143 ..     121     156 .. 0.66
   2 ?   -2.0   0.0      0.86   4.2e+03      44      60 ..     181     197 ..     178     198 .. 0.85
   3 ?   12.8   0.5     2e-05     0.099       1      64 [.     246     305 ..     242     322 .. 0.74

  Alignments for each domain:
  == domain 1  score: -1.0 bits;  conditional E-value: 0.41
  GIIM  47 vfskldhyirrrLrrwllrkh 67 
           v+++ld++i ++ ++    kh
  orf1 124 VLNELDWWISSQ-WETFETKH 143
           678999999765.44444444 PP

  == domain 2  score: -2.0 bits;  conditional E-value: 0.86
  GIIM  44 akrvfskldhyirrrLr 60 
           a++ f + ++++++rL+
  orf1 181 AQKAFIATKNWLKQRLY 197
           78899999999999996 PP

  == domain 3  score: 12.8 bits;  conditional E-value: 2e-05
  GIIM   1 vkrfkrkireltkrsskgvsleelirklnpiirGWanYyrlv.vakrvfskldhyirrrLrrwll 64 
           +k+++++i+e+  +    +++  +++++n+ i G  nYyr++ ++   fsk+   + + L     
  orf1 246 IKSILERIKEIK-K----SPTVSTVNRYNASILGLHNYYRYAtYVNLDFSKIAFLVSKNLFNSTI 305
           467777777776.3....4667799*****************88888899988888887766555 PP



Internal pipeline statistics summary:
-------------------------------------
Query sequence(s):                         1  (492 residues searched)
Target model(s):                       19632  (3329936 nodes)
Passed MSV filter:                      1510  (0.0769152); expected 392.6 (0.02)
Passed bias filter:                      507  (0.0258252); expected 392.6 (0.02)
Passed Vit filter:                        46  (0.00234311); expected 19.6 (0.001)
Passed Fwd filter:                         4  (0.000203749); expected 0.2 (1e-05)
Initial search space (Z):              19632  [actual number of targets]
Domain search space  (domZ):               4  [number of targets reported over threshold]
# CPU time: 0.40u 0.19s 00:00:00.59 Elapsed: 00:00:00.37
# Mc/sec: 4405.91
//
[ok]
