# hmmscan :: search sequence(s) against a profile database
# HMMER 3.3.2 (Nov 2020); http://hmmer.org/
# Copyright (C) 2020 Howard Hughes Medical Institute.
# Freely distributed under the BSD open source license.
# - - - - - - - - - - - - - - - - - - - - - - - - - - - - - - - - - - - -
# query sequence file:             -
# target HMM database:             /n/eddy_lab/data/pfam-35.0/Pfam-A.hmm
# output directed to file:         ./all_windows_new/hmmscan/out/IMGVR_UViG_3300027542_000752_3300027542_Ga0209064_1005509_hmmscan_output.out
# per-seq hits tabular output:     ./all_windows_new/hmmscan/tblout/IMGVR_UViG_3300027542_000752_3300027542_Ga0209064_1005509_hmmscan_output.tblout
# - - - - - - - - - - - - - - - - - - - - - - - - - - - - - - - - - - - -

Query:       orf1  [L=477]
Description: source=IMGVR_UViG_3300027542_000752_3300027542_Ga0209064_1005509/5003-3419 coords=1..1431 length=477 frame=1 desc=
Scores for complete sequence (score includes all domains):
   --- full sequence ---   --- best 1 domain ---    -#dom-
    E-value  score  bias    E-value  score  bias    exp  N  Model           Description
    ------- ------ -----    ------- ------ -----   ---- --  --------        -----------
    5.7e-31  107.9   0.1    1.8e-30  106.3   0.0    1.8  2  RVT_1            Reverse transcriptase (RNA-dependent DNA pol
      5e-05   23.5   1.9    0.00012   22.2   1.9    1.6  1  HNH              HNH endonuclease
     0.0042   16.8   0.9      0.007   16.1   0.9    1.3  1  DUF1280          Protein of unknown function (DUF1280)
  ------ inclusion threshold ------
      0.098   12.0   0.0       0.15   11.4   0.0    1.2  1  Bac_rhamnosid6H  Bacterial alpha-L-rhamnosidase 6 hairpin gly


Domain annotation for each model (and alignments):
>> RVT_1  Reverse transcriptase (RNA-dependent DNA polymerase)
   #    score  bias  c-Evalue  i-Evalue hmmfrom  hmm to    alifrom  ali to    envfrom  env to     acc
 ---   ------ ----- --------- --------- ------- -------    ------- -------    ------- -------    ----
   1 !  106.3   0.0   3.7e-34   1.8e-30      44     221 ..       1     202 [.       1     203 [. 0.91
   2 ?   -2.2   0.0      0.52   2.6e+03      19      50 ..     357     388 ..     354     400 .. 0.78

  Alignments for each domain:
  == domain 1  score: 106.3 bits;  conditional E-value: 3.7e-34
            -HHHH..............HCCHTS--EEEEEEBCCGCCCSBB-GGGGGGG-EEET..........................TEEEEESB--ST-TTHHHHHHH CS
  RVT_1  44 gfrpgrstldav.edllkalkkkkkaklllklDlkkaFdsvpleellrkltafkvptk.linliksflstrsfsvrvngeeskgryekkglpqGsvlSPllfnl 145
            gfrp+rs + av   ++   +++++ +++++lD++++Fd+v++ +ll++++++++++k +i +i+++l+          e ++  + +kg+ qG+++SPll+n+
   orf1   1 GFRPNRSQENAVaVAYTL--AQRQNLHYVVDLDIQQFFDNVSHGKLLKQMWTMGIRDKqVISIISAMLKA---------EVAGIGFPEKGTVQGGAISPLLSNI 93 
            8*******8888533333..466777*****************************865157888888844.........447999******************* PP

            HHHHHHTT-T........................................TEEECTTEEEEEESSHHHHHHHHHHHHHHHHH.TT--BEGGG-EEE......ES CS
  RVT_1 146 fmnellrelrkra..................................kgvtllrYaDDililskskeelqelleaveewlke.sglkinpeKtklvlftv.kse 213
            ++nel+  +++++                                  k+++ lrYaDD+ i++++++e+++l  a+++wlke  gl+i+peK+k+v   + k++
   orf1  94 VLNELDWWIASQWenmpmrrnyghvrkdngiidkgyvyhvlreqsnlKECYGLRYADDFRIFCRTRQEAEKLFAATQKWLKErLGLEISPEKSKIV---NlKKQ 194
            **********************************************************************************99************...77999 PP

            SEEETTEE CS
  RVT_1 214 evkyLGvt 221
              ++LG++
   orf1 195 YSEFLGFK 202
            99999997 PP

  == domain 2  score: -2.2 bits;  conditional E-value: 0.52
            THHHHCTB--.........-------HHHH.. CS
  RVT_1  19 ykalnkliakrLkdvlekllsenqpgfrpgrs 50 
             kal+k+ +  L  ++e+ + +++  f ++r 
   orf1 357 HKALEKVNVGILHYLMENPVRSKSIEFNDNRL 388
            58899999998999999999999999888865 PP

>> HNH  HNH endonuclease
   #    score  bias  c-Evalue  i-Evalue hmmfrom  hmm to    alifrom  ali to    envfrom  env to     acc
 ---   ------ ----- --------- --------- ------- -------    ------- -------    ------- -------    ----
   1 !   22.2   1.9   2.5e-08   0.00012       5      42 ..     402     438 ..     391     442 .. 0.81

  Alignments for each domain:
  == domain 1  score: 22.2 bits;  conditional E-value: 2.5e-08
           S-B-SSEE--EEEESS-TTTT--BSGGGEEEE-HHHHH CS
   HNH   5 grkfhksdalevdHiipisqggaddieNlqllCksCHn 42 
           g++ ++  + +++H+i +++gg d + Nl+l+Ck+ H 
  orf1 402 GKPLEI-GEMHCHHKIRKAEGGDDRYANLILICKDAHI 438
           445555.489***********************98775 PP

>> DUF1280  Protein of unknown function (DUF1280)
   #    score  bias  c-Evalue  i-Evalue hmmfrom  hmm to    alifrom  ali to    envfrom  env to     acc
 ---   ------ ----- --------- --------- ------- -------    ------- -------    ------- -------    ----
   1 !   16.1   0.9   1.4e-06     0.007      64     148 ..     163     244 ..     129     256 .. 0.74

  Alignments for each domain:
  == domain 1  score: 16.1 bits;  conditional E-value: 1.4e-06
  DUF1280  64 dsqlkelKkflkeklgfdvfpsrkkikelekkvsskelYeisvekvekktksgrevkkkvvvvqlkdv.ekllsrRleeLaasgkL 148
              ++ +   +k+lke+lg ++ p ++ki +l+k+ s    ++++v+ + +k  +g    k +vv ++ d  ++ +++R +eL  + k 
  Query:       orf2  [L=419]
Description: source=IMGVR_UViG_3300027542_000752_3300027542_Ga0209064_1005509/7603-5899 coords=213..1469 length=419 frame=3 desc=
Scores for complete sequence (score includes all domains):
   --- full sequence ---   --- best 1 domain ---    -#dom-
    E-value  score  bias    E-value  score  bias    exp  N  Model           Description
    ------- ------ -----    ------- ------ -----   ---- --  --------        -----------
    5.6e-20   71.7   0.0    7.7e-20   71.3   0.0    1.1  1  T4SS-DNA_transf  Type IV secretory system Conjugative DNA tra
    9.8e-05   21.6   0.1      0.066   12.3   0.0    2.3  2  TrwB_AAD_bind    Type IV secretion-system coupling protein DN
  ------ inclusion threshold ------
      0.027   13.2   0.0      0.044   12.5   0.0    1.3  1  HerA_C           Helicase HerA-like C-terminal


Domain annotation for each model (and alignments):
>> T4SS-DNA_transf  Type IV secretory system Conjugative DNA transfer
   #    score  bias  c-Evalue  i-Evalue hmmfrom  hmm to    alifrom  ali to    envfrom  env to     acc
 ---   ------ ----- --------- --------- ------- -------    ------- -------    ------- -------    ----
   1 !   71.3   0.0   1.2e-23   7.7e-20      13     312 ..      99     412 ..      92     414 .. 0.80

  Alignments for each domain:
  == domain 1  score: 71.3 bits;  conditional E-value: 1.2e-23
                      XXXXXXXXXXXXXXXXXXXXXXXXXXXXXXXXXXXXXXXXXXXXXXXXXXXXXX...XXXXXXXXXXXXXXXXXXXXXXX.XXXXXXXXXXXXX CS
  T4SS-DNA_transf  13 llkrektikgevltkdkkalyaggllntdGdfehvlvvAptrsgKgvgvviPnl...lkwkqsiVvlDpkgElaeltski.RkkqgrkVfvleP 102
                      l +++++++g + +k++        l+  Gd  h l+++ ++ gK++ +  P l   +  + s+ ++D kg+++   + i ++k g++V v + 
             orf2  99 LPEKQGLVVGSIPRKKCT-----TALVDTGDV-HCLMIGASGVGKTAYFLYPSLeyaFASGVSLLATDTKGDVMRNYGTIaKEKYGYQVAVIDL 186
                      566777777777777762.....245566777.*******************9754466666************9999873666667******* PP

                      XXXXXX.---GGGGS--SS-.---HHHHHH----------..-.............S-HHHHHHHHHHHHHH..HHHHHHHTB---SS--HHHH CS
  T4SS-DNA_transf 103 anlktsdrfNpldyidlkse.vetedilsvaslilkkkgk..g.............kddffsntarqLlval..iaevllkketetegqtlkvv 178
                       n+ +sd fN l  i++  + ++++ +   a++ ++k  k  +             ++++f+++a  Ll a   ++ +  + e + +  + Query:       orf2  [L=102]
Description: source=IMGVR_UViG_3300027542_000752_3300027542_Ga0209064_1005509/5003-3419 coords=1419..1114 length=102 frame=5 desc=
Scores for complete sequence (score includes all domains):
   --- full sequence ---   --- best 1 domain ---    -#dom-
    E-value  score  bias    E-value  score  bias    exp  N  Model    Description
    ------- ------ -----    ------- ------ -----   ---- --  -------- -----------

   [No hits detected that satisfy reporting thresholds]


Domain annotation for each model (and alignments):

   [No targets detected that satisfy reporting thresholds]


Internal pipeline statistics summary:
-------------------------------------
Query sequence(s):                         1  (102 residues searched)
Target model(s):                       19632  (3329936 nodes)
Passed MSV filter:                       480  (0.0244499); expected 392.6 (0.02)
Passed bias filter:                      341  (0.0173696); expected 392.6 (0.02)
Passed Vit filter:                        18  (0.00091687); expected 19.6 (0.001)
Passed Fwd filter:                         0  (0); expected 0.2 (1e-05)
Initial search space (Z):              19632  [actual number of targets]
Domain search space  (domZ):               0  [number of targets reported over threshold]
# CPU time: 0.31u 0.18s 00:00:00.49 Elapsed: 00:00:00.33
# Mc/sec: 1019.32
//
[ok]
 ----- --------- --------- ------- -------    ------- -------    ------- -------    ----
   1 !   12.3   0.0     1e-05     0.066      15      61 ..     124     171 ..     115     177 .. 0.88
   2 !    7.1   0.0   0.00038       2.5     204     254 ..     360     413 ..     219     415 .. 0.78

  Alignments for each domain:
  == domain 1  score: 12.3 bits;  conditional E-value: 1e-05
  TrwB_AAD_bind  15 trhilivGttGsGKtqa.leelldqirargdraiilDltGafverfya 61 
                    + h l++G+ G+GKt   l   l+ + a g   +  D++G++++++  
           orf2 124 DVHCLMIGASGVGKTAYfLYPSLEYAFASGVSLLATDTKGDVMRNYGT 171
                    67*************9725689**********************9975 PP

  == domain 2  score: 7.1 bits;  conditional E-value: 0.00038
  TrwB_AAD_bind 204 asgwlfitakeeqrellrallsawldlaikallslpesre....rrlWfflDElp 254
                    ++  lfit  ee+ ++   l+s++++   ++l+++ +++e    rr+ f  DEl 
           orf2 360 RKTALFITMPEEDPTA-YFLVSLIIQQLYRELMTVADEHEgklpRRCVFYCDELG 413
                    3568****98888766.58***************88865534448999*****96 PP

>> HerA_C  Helicase HerA-like C-terminal
   #    score  bias  c-Evalue  i-Evalue hmmfrom  hmm to    alifrom  ali to    envfrom  env to     acc
 ---   ------ ----- --------- --------- ------- -------    ------- -------    ------- -------    ----
   1 ?   12.5   0.0   6.7e-06     0.044      14      61 ..     117     165 ..     106     192 .. 0.79

  Alignments for each domain:
  == domain 1  score: 12.5 bits;  conditional E-value: 6.7e-06
  HerA_C  14 vlalklanrhGliaGatGtGktvtLqv.laeslsdaGvpvfladvkGdL 61 
             +  +++++ h l+ Ga G Gkt  +     e   + Gv+ +++d kGd+
    orf2 117 TALVDTGDVHCLMIGASGVGKTAYFLYpSLEYAFASGVSLLATDTKGDV 165
             566789999*************97544134444578************7 PP



Internal pipeline statistics summary:
-------------------------------------
Query sequence(s):                         1  (419 residues searched)
Target model(s):                       19632  (3329936 nodes)
Passed MSV filter:                       729  (0.0371333); expected 392.6 (0.02)
Passed bias filter:                      662  (0.0337205); expected 392.6 (0.02)
Passed Vit filter:                        63  (0.00320905); expected 19.6 (0.001)
Passed Fwd filter:                         3  (0.000152812); expected 0.2 (1e-05)
Initial search space (Z):              19632  [actual number of targets]
Domain search space  (domZ):               3  [number of targets reported over threshold]
# CPU time: 0.39u 0.18s 00:00:00.57 Elapsed: 00:00:00.34
# Mc/sec: 4095.33
//
Query:       orf3  [L=93]
Description: source=IMGVR_UViG_3300027542_000752_3300027542_Ga0209064_1005509/7603-5899 coords=1343..1065 length=93 frame=6 desc=
Scores for complete sequence (score includes all domains):
   --- full sequence ---   --- best 1 domain ---    -#dom-
    E-value  score  bias    E-value  score  bias    exp  N  Model    Description
    ------- ------ -----    ------- ------ -----   ---- --  -------- -----------

   [No hits detected that satisfy reporting thresholds]


Domain annotation for each model (and alignments):

   [No targets detected that satisfy reporting thresholds]


Internal pipeline statistics summary:
-------------------------------------
Query sequence(s):                         1  (93 residues searched)
Target model(s):                       19632  (3329936 nodes)
Passed MSV filter:                       412  (0.0209861); expected 392.6 (0.02)
Passed bias filter:                      218  (0.0111043); expected 392.6 (0.02)
Passed Vit filter:                         8  (0.000407498); expected 19.6 (0.001)
Passed Fwd filter:                         0  (0); expected 0.2 (1e-05)
Initial search space (Z):              19632  [actual number of targets]
Domain search space  (domZ):               0  [number of targets reported over threshold]
# CPU time: 0.29u 0.16s 00:00:00.44 Elapsed: 00:00:00.30
# Mc/sec: 1001.28
//
Query:       orf4  [L=103]
Description: source=IMGVR_UViG_3300027542_000752_3300027542_Ga0209064_1005509/7603-5899 coords=1336..1028 length=103 frame=4 desc=
Scores for complete sequence (score includes all domains):
   --- full sequence ---   --- best 1 domain ---    -#dom-
    E-value  score  bias    E-value  score  bias    exp  N  Model    Description
    ------- ------ -----    ------- ------ -----   ---- --  -------- -----------

   [No hits detected that satisfy reporting thresholds]


Domain annotation for each model (and alignments):

   [No targets detected that satisfy reporting thresholds]


Internal pipeline statistics summary:
-------------------------------------
Query sequence(s):                         1  (103 residues searched)
Target model(s):                       19632  (3329936 nodes)
Passed MSV filter:                       644  (0.0328036); expected 392.6 (0.02)
Passed bias filter:                      408  (0.0207824); expected 392.6 (0.02)
Passed Vit filter:                        23  (0.00117156); expected 19.6 (0.001)
Passed Fwd filter:                         0  (0); expected 0.2 (1e-05)
Initial search space (Z):              19632  [actual number of targets]
Domain search space  (domZ):               0  [number of targets reported over threshold]
# CPU time: 0.31u 0.14s 00:00:00.45 Elapsed: 00:00:00.30
# Mc/sec: 1111.36
//
Query:       orf5  [L=109]
Description: source=IMGVR_UViG_3300027542_000752_3300027542_Ga0209064_1005509/7603-5899 coords=1010..684 length=109 frame=6 desc=
Scores for complete sequence (score includes all domains):
   --- full sequence ---   --- best 1 domain ---    -#dom-
    E-value  score  bias    E-value  score  bias    exp  N  Model    Description
    ------- ------ -----    ------- ------ -----   ---- --  -------- -----------

   [No hits detected that satisfy reporting thresholds]


Domain annotation for each model (and alignments):

   [No targets detected that satisfy reporting thresholds]


Internal pipeline statistics summary:
-------------------------------------
Query sequence(s):                         1  (109 residues searched)
Target model(s):                       19632  (3329936 nodes)
Passed MSV filter:                       202  (0.0102893); expected 392.6 (0.02)
Passed bias filter:                      190  (0.00967808); expected 392.6 (0.02)
Passed Vit filter:                        12  (0.000611247); expected 19.6 (0.001)
Passed Fwd filter:                         0  (0); expected 0.2 (1e-05)
Initial search space (Z):              19632  [actual number of targets]
Domain search space  (domZ):               0  [number of targets reported over threshold]
# CPU time: 0.28u 0.17s 00:00:00.45 Elapsed: 00:00:00.31
# Mc/sec: 1166.97
//
[ok]
