# hmmscan :: search sequence(s) against a profile database
# HMMER 3.3.2 (Nov 2020); http://hmmer.org/
# Copyright (C) 2020 Howard Hughes Medical Institute.
# Freely distributed under the BSD open source license.
# - - - - - - - - - - - - - - - - - - - - - - - - - - - - - - - - - - - -
# query sequence file:             -
# target HMM database:             /n/eddy_lab/data/pfam-35.0/Pfam-A.hmm
# output directed to file:         ./all_windows_new/hmmscan/out/IMGVR_UViG_3300011994_000106_3300011994_Ga0120157_1000535_hmmscan_output.out
# per-seq hits tabular output:     ./all_windows_new/hmmscan/tblout/IMGVR_UViG_3300011994_000106_3300011994_Ga0120157_1000535_hmmscan_output.tblout
# - - - - - - - - - - - - - - - - - - - - - - - - - - - - - - - - - - - -

Query:       orf1  [L=110]
Description: source=IMGVR_UViG_3300011994_000106_3300011994_Ga0120157_1000535/4977-6551 coords=232..561 length=110 frame=1 desc=
Scores for complete sequence (score includes all domains):
   --- full sequence ---   --- best 1 domain ---    -#dom-
    E-value  score  bias    E-value  score  bias    exp  N  Model    Description
    ------- ------ -----    ------- ------ -----   ---- --  -------- -----------

   [No hits detected that satisfy reporting thresholds]


Domain annotation for each model (and alignments):

   [No targets detected that satisfy reporting thresholds]


Internal pipeline statistics summary:
-------------------------------------
Query sequence(s):                         1  (110 residues searched)
Target model(s):                       19632  (3329936 nodes)
Passed MSV filter:                       242  (0.0123268); expected 392.6 (0.02)
Passed bias filter:                      181  (0.00921964); expected 392.6 (0.02)
Passed Vit filter:                        17  (0.000865933); expected 19.6 (0.001)
Passed Fwd filter:                         0  (0); expected 0.2 (1e-05)
Initial search space (Z):              19632  [actual number of targets]
Domain search space  (domZ):               0  [number of targets reported over threshold]
# CPU time: 0.27u 0.17s 00:00:00.44 Elapsed: 00:00:00.32
# Mc/sec: 1139.78
//
Query:       orf2  [L=105]
Description: source=IMGVR_UViG_3300011994_000106_3300011994_Ga0120157_1000535/4977-6551 coords=565..879 length=105 frame=1 desc=
Scores for complete sequence (score includes all domains):
   --- full sequence ---   --- best 1 domain ---    -#dom-
    E-value  score  bias    E-value  score  bias    exp  N  Model    Description
    ------- ------ -----    ------- ------ -----   ---- --  -------- -----------

   [No hits detected that satisfy reporting thresholds]


Domain annotation for each model (and alignments):

   [No targets detected that satisfy reporting thresholds]


Internal pipeline statistics summary:
-------------------------------------
Query sequence(s):                         1  (105 residues searched)
Target model(s):                       19632  (3329936 nodes)
Passed MSV filter:                       364  (0.0185412); expected 392.6 (0.02)
Passed bias filter:                      237  (0.0120721); expected 392.6 (0.02)
Passed Vit filter:                         9  (0.000458435); expected 19.6 (0.001)
Passed Fwd filter:                         0  (0); expected 0.2 (1e-05)
Initial search space (Z):              19632  [actual number of targets]
Domain search space  (domZ):               0  [number of targets reported over threshold]
# CPU time: 0.26u 0.16s 00:00:00.42 Elapsed: 00:00:00.30
# Mc/sec: 1143.36
//
[ok]
