# hmmscan :: search sequence(s) against a profile database
# HMMER 3.3.2 (Nov 2020); http://hmmer.org/
# Copyright (C) 2020 Howard Hughes Medical Institute.
# Freely distributed under the BSD open source license.
# - - - - - - - - - - - - - - - - - - - - - - - - - - - - - - - - - - - -
# query sequence file:             -
# target HMM database:             /n/eddy_lab/data/pfam-35.0/Pfam-A.hmm
# output directed to file:         ./all_windows_new/hmmscan/out/IMGVR_UViG_3300028048_002949_3300028048_Ga0256405_10015138_hmmscan_output.out
# per-seq hits tabular output:     ./all_windows_new/hmmscan/tblout/IMGVR_UViG_3300028048_002949_3300028048_Ga0256405_10015138_hmmscan_output.tblout
# - - - - - - - - - - - - - - - - - - - - - - - - - - - - - - - - - - - -

Query:       orf1  [L=482]
Description: source=IMGVR_UViG_3300028048_002949_3300028048_Ga0256405_10015138/1163-2747 coords=3..1448 length=482 frame=3 desc=
Scores for complete sequence (score includes all domains):
   --- full sequence ---   --- best 1 domain ---    -#dom-
    E-value  score  bias    E-value  score  bias    exp  N  Model    Description
    ------- ------ -----    ------- ------ -----   ---- --  -------- -----------
      1e-31  110.3   0.1    2.1e-31  109.3   0.0    1.6  2  RVT_1     Reverse transcriptase (RNA-dependent DNA polymerase
  ------ inclusion threshold ------
       0.08   13.1   0.7       0.34   11.1   0.1    2.4  3  GIIM      Group II intron, maturase-specific domain


Domain annotation for each model (and alignments):
>> RVT_1  Reverse transcriptase (RNA-dependent DNA polymerase)
   #    score  bias  c-Evalue  i-Evalue hmmfrom  hmm to    alifrom  ali to    envfrom  env to     acc
 ---   ------ ----- --------- --------- ------- -------    ------- -------    ------- -------    ----
   1 !  109.3   0.0   2.2e-35   2.1e-31      45     222 .]       1     207 [.       1     207 [. 0.93
   2 ?   -3.7   0.0      0.78   7.6e+03      13      32 ..     272     291 ..     267     296 .. 0.69

  Alignments for each domain:
  == domain 1  score: 109.3 bits;  conditional E-value: 2.2e-35
            HHHH..............HCCHTS--EEEEEEBCCGCCCSBB-GGGGGGG-EEET...........................TEEEEESB--ST-TTHHHHHHH CS
  RVT_1  45 frpgrstldav.edllkalkkkkkaklllklDlkkaFdsvpleellrkltafkvpt.klinliksflstrsfsvrv.ngeeskgryekkglpqGsvlSPllfnl 145
            frp+rs+++a+ ++++    ++   ++++++D+k++Fd+v++++l+r+++a+++++ +li +i+++l   ++ +r+ +g   +++   kg+pqG+++SPll+n+
   orf1   1 FRPNRSVEQAMaRVYALL--QNVHLHYVIEFDIKGFFDNVNHSKLIRQIWALGIQDkQLIFIIRRIL---TAPIRMpDG---STINPDKGTPQGGIISPLLANI 96 
            89*****88886555544..78899*****************************8615799******...666788777...89******************** PP

            HHHHHHTT-T.........................................TEEECTTEEEEEESSHHHHHHHHHHHHHHHHH.TT--BEGGG-EEE......E CS
  RVT_1 146 fmnellrelrkra...................................kgvtllrYaDDililskskeelqelleaveewlke.sglkinpeKtklvlftv.ks 212
            ++nel++ +++++                                   k+ +++rYaDD+ i++++ke++ +  eav +w++e  +l+++peKt++v   + ++
   orf1  97 VLNELDKWVESQWqnnpiavskgrhrmvgrnevfdkshgykvmkgtdlKEMYIVRYADDFRIFCRTKEDAVSTKEAVTQWVEErLRLEVSPEKTRIV---NtRK 197
            **********************************************************************************999************...7688 PP

            SSEEETTEEE CS
  RVT_1 213 eevkyLGvtl 222
            +  ++LG+++
   orf1 198 RYSEFLGFKI 207
            8899999986 PP

  == domain 2  score: -3.7 bits;  conditional E-value: 0.78
            .....-THHHHCTB--.... CS
  RVT_1  13 sllsvdykalnkliakrLkd 32 
             ++s+d++ + + +   L++
   orf1 272 TCISIDCRTIHRQVMAVLTN 291
            67788888888887776654 PP

>> GIIM  Group II intron, maturase-specific domain
   #    score  bias  c-Evalue  i-Evalue hmmfrom  hmm to    alifrom  ali to    envfrom  env to     acc
 ---   ------ ----- --------- --------- ------- -------    ------- -------    ------- -------    ----
   1 ?   -1.9   0.0      0.39   3.9e+03      57      70 ..      99     112 ..      92     125 .. 0.64
   2 ?   -2.9   0.0      0.81     8e+03      46      60 ..     168     182 ..     165     183 .. 0.78
   3 ?   11.1   0.1   3.5e-05      0.34       3      47 ..     233     276 ..     231     302 .. 0.76

  Alignments for each domain:
  == domain 1  score: -1.9 bits;  conditional E-value: 0.39
  GIIM  57 rrLrrwllrkhkkk 70 
           + L +w+  +++++
  orf1  99 NELDKWVESQWQNN 112
           55667888888774 PP

  == domain 2  score: -2.9 bits;  conditional E-value: 0.81
  GIIM  46 rvfskldhyirrrLr 60 
           ++ +++ +++++rLr
  orf1 168 STKEAVTQWVEERLR 182
           566788899999997 PP

  == domain 3  score: 11.1 bits;  conditional E-value: 3.5e-05
  GIIM   3 rfkrkireltkrsskgvsleelirklnpiirGWanYyrlvvakrv 47 
           ++ ++ r++ +  skg++ ++ ir +n+++ G  nYy+l+ + ++
  orf1 233 KLVEQARRIAQP-SKGKDAAAEIRLYNSMVIGIQNYYKLATCISI 276
           566777888855.59***********************9976655 PP



Internal pipeline statistics summary:
-------------------------------------
Query sequence(s):                         1  (482 residues searched)
Target model(s):                       19632  (3329936 nodes)
Passed MSV filter:                       676  (0.0344336); expected 392.6 (0.02)
Passed bias filter:                      547  (0.0278627); expected 392.6 (0.02)
Passed Vit filter:                        46  (0.00234311); expected 19.6 (0.001)
Passed Fwd filter:                         2  (0.000101874); expected 0.2 (1e-05)
Initial search space (Z):              19632  [actual number of targets]
Domain search space  (domZ):               2  [number of targets reported over threshold]
# CPU time: 0.40u 0.18s 00:00:00.58 Elapsed: 00:00:00.36
# Mc/sec: 4352.71
//
Query:       orf2  [L=120]
Description: source=IMGVR_UViG_3300028048_002949_3300028048_Ga0256405_10015138/1163-2747 coords=769..410 length=120 frame=4 desc=
Scores for complete sequence (score includes all domains):
   --- full sequence ---   --- best 1 domain ---    -#dom-
    E-value  score  bias    E-value  score  bias    exp  N  Model    Description
    ------- ------ -----    ------- ------ -----   ---- --  -------- -----------

   [No hits detected that satisfy reporting thresholds]


Domain annotation for each model (and alignments):

   [No targets detected that satisfy reporting thresholds]


Internal pipeline statistics summary:
-------------------------------------
Query sequence(s):                         1  (120 residues searched)
Target model(s):                       19632  (3329936 nodes)
Passed MSV filter:                       483  (0.0246027); expected 392.6 (0.02)
Passed bias filter:                      318  (0.016198); expected 392.6 (0.02)
Passed Vit filter:                        19  (0.000967808); expected 19.6 (0.001)
Passed Fwd filter:                         0  (0); expected 0.2 (1e-05)
Initial search space (Z):              19632  [actual number of targets]
Domain search space  (domZ):               0  [number of targets reported over threshold]
# CPU time: 0.33u 0.17s 00:00:00.50 Elapsed: 00:00:00.33
# Mc/sec: 1209.04
//
Query:       orf3  [L=91]
Description: source=IMGVR_UViG_3300028048_002949_3300028048_Ga0256405_10015138/1163-2747 coords=275..3 length=91 frame=6 desc=
Scores for complete sequence (score includes all domains):
   --- full sequence ---   --- best 1 domain ---    -#dom-
    E-value  score  bias    E-value  score  bias    exp  N  Model    Description
    ------- ------ -----    ------- ------ -----   ---- --  -------- -----------

   [No hits detected that satisfy reporting thresholds]


Domain annotation for each model (and alignments):

   [No targets detected that satisfy reporting thresholds]


Internal pipeline statistics summary:
-------------------------------------
Query sequence(s):                         1  (91 residues searched)
Target model(s):                       19632  (3329936 nodes)
Passed MSV filter:                       529  (0.0269458); expected 392.6 (0.02)
Passed bias filter:                      332  (0.0169112); expected 392.6 (0.02)
Passed Vit filter:                        28  (0.00142624); expected 19.6 (0.001)
Passed Fwd filter:                         0  (0); expected 0.2 (1e-05)
Initial search space (Z):              19632  [actual number of targets]
Domain search space  (domZ):               0  [number of targets reported over threshold]
# CPU time: 0.29u 0.16s 00:00:00.44 Elapsed: 00:00:00.31
# Mc/sec: 970.10
//
[ok]
